Version identifier: 22.1.0.0 | 2022-03-09 | 1a383f8ce
CPXPARAM_Threads                                 1
CPXPARAM_MIP_Strategy_VariableSelect             3
CPXPARAM_TimeLimit                               598.55606681500001
Tried aggregator 1 time.
MIP Presolve eliminated 19 rows and 1392 columns.
MIP Presolve modified 3 coefficients.
Reduced MIP has 2429 rows, 2784 columns, and 24914 nonzeros.
Reduced MIP has 2784 binaries, 0 generals, 0 SOSs, and 0 indicators.
Presolve time = 0.02 sec. (15.30 ticks)
Probing time = 0.00 sec. (2.71 ticks)
Tried aggregator 1 time.
Detecting symmetries...
Reduced MIP has 2429 rows, 2784 columns, and 24914 nonzeros.
Reduced MIP has 2784 binaries, 0 generals, 0 SOSs, and 0 indicators.
Presolve time = 0.02 sec. (14.61 ticks)
Probing time = 0.00 sec. (2.71 ticks)
Clique table members: 1729.
MIP emphasis: balance optimality and feasibility.
MIP search method: dynamic search.
Parallel mode: none, using 1 thread.
Root relaxation solution time = 0.04 sec. (36.96 ticks)

        Nodes                                         Cuts/
   Node  Left     Objective  IInf  Best Integer    Best Bound    ItCnt     Gap

      0     0    infeasible                                        939         

Root node processing (before b&c):
  Real time             =    0.15 sec. (124.09 ticks)
Sequential b&c:
  Real time             =    0.00 sec. (0.00 ticks)
                          ------------
Total (root+branch&cut) =    0.15 sec. (124.09 ticks)
Version identifier: 22.1.0.0 | 2022-03-09 | 1a383f8ce
CPXPARAM_Threads                                 1
CPXPARAM_MIP_Strategy_VariableSelect             3
CPXPARAM_TimeLimit                               598.37720673299998
Tried aggregator 1 time.
MIP Presolve eliminated 19 rows and 1388 columns.
MIP Presolve modified 3 coefficients.
Reduced MIP has 2422 rows, 2776 columns, and 24842 nonzeros.
Reduced MIP has 2776 binaries, 0 generals, 0 SOSs, and 0 indicators.
Presolve time = 0.02 sec. (15.25 ticks)
Probing time = 0.00 sec. (2.71 ticks)
Tried aggregator 1 time.
Detecting symmetries...
Reduced MIP has 2422 rows, 2776 columns, and 24842 nonzeros.
Reduced MIP has 2776 binaries, 0 generals, 0 SOSs, and 0 indicators.
Presolve time = 0.02 sec. (14.57 ticks)
Probing time = 0.00 sec. (2.71 ticks)
Clique table members: 1724.
MIP emphasis: balance optimality and feasibility.
MIP search method: dynamic search.
Parallel mode: none, using 1 thread.
Root relaxation solution time = 0.05 sec. (39.43 ticks)

        Nodes                                         Cuts/
   Node  Left     Objective  IInf  Best Integer    Best Bound    ItCnt     Gap

      0     0    infeasible                                       1007         

Root node processing (before b&c):
  Real time             =    0.16 sec. (126.99 ticks)
Sequential b&c:
  Real time             =    0.00 sec. (0.00 ticks)
                          ------------
Total (root+branch&cut) =    0.16 sec. (126.99 ticks)
Version identifier: 22.1.0.0 | 2022-03-09 | 1a383f8ce
CPXPARAM_Threads                                 1
CPXPARAM_MIP_Strategy_VariableSelect             3
CPXPARAM_TimeLimit                               598.198206691
Tried aggregator 1 time.
MIP Presolve eliminated 19 rows and 1384 columns.
MIP Presolve modified 3 coefficients.
Reduced MIP has 2415 rows, 2768 columns, and 24770 nonzeros.
Reduced MIP has 2768 binaries, 0 generals, 0 SOSs, and 0 indicators.
Presolve time = 0.02 sec. (15.21 ticks)
Probing time = 0.00 sec. (2.71 ticks)
Tried aggregator 1 time.
Detecting symmetries...
Reduced MIP has 2415 rows, 2768 columns, and 24770 nonzeros.
Reduced MIP has 2768 binaries, 0 generals, 0 SOSs, and 0 indicators.
Presolve time = 0.02 sec. (14.53 ticks)
Probing time = 0.00 sec. (2.71 ticks)
Clique table members: 1719.
MIP emphasis: balance optimality and feasibility.
MIP search method: dynamic search.
Parallel mode: none, using 1 thread.
Root relaxation solution time = 0.04 sec. (37.85 ticks)

        Nodes                                         Cuts/
   Node  Left     Objective  IInf  Best Integer    Best Bound    ItCnt     Gap

      0     0    infeasible                                        973         

Root node processing (before b&c):
  Real time             =    0.15 sec. (124.49 ticks)
Sequential b&c:
  Real time             =    0.00 sec. (0.00 ticks)
                          ------------
Total (root+branch&cut) =    0.15 sec. (124.49 ticks)
Version identifier: 22.1.0.0 | 2022-03-09 | 1a383f8ce
CPXPARAM_Threads                                 1
CPXPARAM_MIP_Strategy_VariableSelect             3
CPXPARAM_TimeLimit                               598.02209242399999
Tried aggregator 1 time.
MIP Presolve eliminated 19 rows and 1380 columns.
MIP Presolve modified 3 coefficients.
Reduced MIP has 2408 rows, 2760 columns, and 24698 nonzeros.
Reduced MIP has 2760 binaries, 0 generals, 0 SOSs, and 0 indicators.
Presolve time = 0.02 sec. (15.16 ticks)
Probing time = 0.00 sec. (2.71 ticks)
Tried aggregator 1 time.
Detecting symmetries...
Reduced MIP has 2408 rows, 2760 columns, and 24698 nonzeros.
Reduced MIP has 2760 binaries, 0 generals, 0 SOSs, and 0 indicators.
Presolve time = 0.02 sec. (14.49 ticks)
Probing time = 0.00 sec. (2.71 ticks)
Clique table members: 1714.
MIP emphasis: balance optimality and feasibility.
MIP search method: dynamic search.
Parallel mode: none, using 1 thread.
Root relaxation solution time = 0.05 sec. (38.87 ticks)

        Nodes                                         Cuts/
   Node  Left     Objective  IInf  Best Integer    Best Bound    ItCnt     Gap

      0     0    infeasible                                        995         

Root node processing (before b&c):
  Real time             =    0.15 sec. (125.72 ticks)
Sequential b&c:
  Real time             =    0.00 sec. (0.00 ticks)
                          ------------
Total (root+branch&cut) =    0.15 sec. (125.72 ticks)
Version identifier: 22.1.0.0 | 2022-03-09 | 1a383f8ce
CPXPARAM_Threads                                 1
CPXPARAM_MIP_Strategy_VariableSelect             3
CPXPARAM_TimeLimit                               597.84491656499995
Tried aggregator 1 time.
MIP Presolve eliminated 19 rows and 1376 columns.
MIP Presolve modified 3 coefficients.
Reduced MIP has 2401 rows, 2752 columns, and 24626 nonzeros.
Reduced MIP has 2752 binaries, 0 generals, 0 SOSs, and 0 indicators.
Presolve time = 0.02 sec. (15.13 ticks)
Probing time = 0.00 sec. (2.71 ticks)
Tried aggregator 1 time.
Detecting symmetries...
Reduced MIP has 2401 rows, 2752 columns, and 24626 nonzeros.
Reduced MIP has 2752 binaries, 0 generals, 0 SOSs, and 0 indicators.
Presolve time = 0.02 sec. (14.45 ticks)
Probing time = 0.00 sec. (2.71 ticks)
Clique table members: 1709.
MIP emphasis: balance optimality and feasibility.
MIP search method: dynamic search.
Parallel mode: none, using 1 thread.
Root relaxation solution time = 0.05 sec. (37.74 ticks)

        Nodes                                         Cuts/
   Node  Left     Objective  IInf  Best Integer    Best Bound    ItCnt     Gap

      0     0    infeasible                                       1019         

Root node processing (before b&c):
  Real time             =    0.15 sec. (124.19 ticks)
Sequential b&c:
  Real time             =    0.00 sec. (0.00 ticks)
                          ------------
Total (root+branch&cut) =    0.15 sec. (124.19 ticks)
Version identifier: 22.1.0.0 | 2022-03-09 | 1a383f8ce
CPXPARAM_Threads                                 1
CPXPARAM_MIP_Strategy_VariableSelect             3
CPXPARAM_TimeLimit                               597.66894801599994
Tried aggregator 1 time.
MIP Presolve eliminated 19 rows and 1372 columns.
MIP Presolve modified 3 coefficients.
Reduced MIP has 2394 rows, 2744 columns, and 24554 nonzeros.
Reduced MIP has 2744 binaries, 0 generals, 0 SOSs, and 0 indicators.
Presolve time = 0.02 sec. (15.08 ticks)
Probing time = 0.00 sec. (2.70 ticks)
Tried aggregator 1 time.
Detecting symmetries...
Reduced MIP has 2394 rows, 2744 columns, and 24554 nonzeros.
Reduced MIP has 2744 binaries, 0 generals, 0 SOSs, and 0 indicators.
Presolve time = 0.02 sec. (14.40 ticks)
Probing time = 0.00 sec. (2.70 ticks)
Clique table members: 1704.
MIP emphasis: balance optimality and feasibility.
MIP search method: dynamic search.
Parallel mode: none, using 1 thread.
Root relaxation solution time = 0.07 sec. (53.51 ticks)

        Nodes                                         Cuts/
   Node  Left     Objective  IInf  Best Integer    Best Bound    ItCnt     Gap

      0     0    infeasible                                       1178         

Root node processing (before b&c):
  Real time             =    0.18 sec. (141.99 ticks)
Sequential b&c:
  Real time             =    0.00 sec. (0.00 ticks)
                          ------------
Total (root+branch&cut) =    0.18 sec. (141.99 ticks)
Version identifier: 22.1.0.0 | 2022-03-09 | 1a383f8ce
CPXPARAM_Threads                                 1
CPXPARAM_MIP_Strategy_VariableSelect             3
CPXPARAM_TimeLimit                               597.46910351400004
Tried aggregator 1 time.
MIP Presolve eliminated 19 rows and 1368 columns.
MIP Presolve modified 3 coefficients.
Reduced MIP has 2387 rows, 2736 columns, and 24482 nonzeros.
Reduced MIP has 2736 binaries, 0 generals, 0 SOSs, and 0 indicators.
Presolve time = 0.02 sec. (15.04 ticks)
Probing time = 0.00 sec. (2.70 ticks)
Tried aggregator 1 time.
Detecting symmetries...
Reduced MIP has 2387 rows, 2736 columns, and 24482 nonzeros.
Reduced MIP has 2736 binaries, 0 generals, 0 SOSs, and 0 indicators.
Presolve time = 0.02 sec. (14.37 ticks)
Probing time = 0.00 sec. (2.70 ticks)
Clique table members: 1699.
MIP emphasis: balance optimality and feasibility.
MIP search method: dynamic search.
Parallel mode: none, using 1 thread.
Root relaxation solution time = 0.05 sec. (41.98 ticks)

        Nodes                                         Cuts/
   Node  Left     Objective  IInf  Best Integer    Best Bound    ItCnt     Gap

      0     0    infeasible                                        991         

Root node processing (before b&c):
  Real time             =    0.16 sec. (126.82 ticks)
Sequential b&c:
  Real time             =    0.00 sec. (0.00 ticks)
                          ------------
Total (root+branch&cut) =    0.16 sec. (126.82 ticks)
Version identifier: 22.1.0.0 | 2022-03-09 | 1a383f8ce
CPXPARAM_Threads                                 1
CPXPARAM_MIP_Strategy_VariableSelect             3
CPXPARAM_TimeLimit                               597.28828328400004
Tried aggregator 1 time.
MIP Presolve eliminated 19 rows and 1364 columns.
MIP Presolve modified 3 coefficients.
Reduced MIP has 2380 rows, 2728 columns, and 24410 nonzeros.
Reduced MIP has 2728 binaries, 0 generals, 0 SOSs, and 0 indicators.
Presolve time = 0.02 sec. (14.99 ticks)
Probing time = 0.00 sec. (2.70 ticks)
Tried aggregator 1 time.
Detecting symmetries...
Reduced MIP has 2380 rows, 2728 columns, and 24410 nonzeros.
Reduced MIP has 2728 binaries, 0 generals, 0 SOSs, and 0 indicators.
Presolve time = 0.02 sec. (14.32 ticks)
Probing time = 0.00 sec. (2.70 ticks)
Clique table members: 1694.
MIP emphasis: balance optimality and feasibility.
MIP search method: dynamic search.
Parallel mode: none, using 1 thread.
Root relaxation solution time = 0.05 sec. (39.90 ticks)

        Nodes                                         Cuts/
   Node  Left     Objective  IInf  Best Integer    Best Bound    ItCnt     Gap

      0     0    infeasible                                        999         

Root node processing (before b&c):
  Real time             =    0.15 sec. (124.87 ticks)
Sequential b&c:
  Real time             =    0.00 sec. (0.00 ticks)
                          ------------
Total (root+branch&cut) =    0.15 sec. (124.87 ticks)
Version identifier: 22.1.0.0 | 2022-03-09 | 1a383f8ce
CPXPARAM_Threads                                 1
CPXPARAM_MIP_Strategy_VariableSelect             3
CPXPARAM_TimeLimit                               597.11224611700004
Tried aggregator 1 time.
MIP Presolve eliminated 19 rows and 1360 columns.
MIP Presolve modified 3 coefficients.
Reduced MIP has 2373 rows, 2720 columns, and 24338 nonzeros.
Reduced MIP has 2720 binaries, 0 generals, 0 SOSs, and 0 indicators.
Presolve time = 0.02 sec. (14.95 ticks)
Probing time = 0.00 sec. (2.70 ticks)
Tried aggregator 1 time.
Detecting symmetries...
Reduced MIP has 2373 rows, 2720 columns, and 24338 nonzeros.
Reduced MIP has 2720 binaries, 0 generals, 0 SOSs, and 0 indicators.
Presolve time = 0.02 sec. (14.28 ticks)
Probing time = 0.00 sec. (2.70 ticks)
Clique table members: 1689.
MIP emphasis: balance optimality and feasibility.
MIP search method: dynamic search.
Parallel mode: none, using 1 thread.
Root relaxation solution time = 0.05 sec. (44.86 ticks)

        Nodes                                         Cuts/
   Node  Left     Objective  IInf  Best Integer    Best Bound    ItCnt     Gap

      0     0    infeasible                                       1070         

Root node processing (before b&c):
  Real time             =    0.16 sec. (129.77 ticks)
Sequential b&c:
  Real time             =    0.00 sec. (0.00 ticks)
                          ------------
Total (root+branch&cut) =    0.16 sec. (129.77 ticks)
Version identifier: 22.1.0.0 | 2022-03-09 | 1a383f8ce
CPXPARAM_Threads                                 1
CPXPARAM_MIP_Strategy_VariableSelect             3
CPXPARAM_TimeLimit                               596.929772383
Tried aggregator 1 time.
MIP Presolve eliminated 19 rows and 1356 columns.
MIP Presolve modified 3 coefficients.
Reduced MIP has 2366 rows, 2712 columns, and 24266 nonzeros.
Reduced MIP has 2712 binaries, 0 generals, 0 SOSs, and 0 indicators.
Presolve time = 0.02 sec. (14.91 ticks)
Probing time = 0.00 sec. (2.69 ticks)
Tried aggregator 1 time.
Detecting symmetries...
Reduced MIP has 2366 rows, 2712 columns, and 24266 nonzeros.
Reduced MIP has 2712 binaries, 0 generals, 0 SOSs, and 0 indicators.
Presolve time = 0.02 sec. (14.24 ticks)
Probing time = 0.00 sec. (2.69 ticks)
Clique table members: 1684.
MIP emphasis: balance optimality and feasibility.
MIP search method: dynamic search.
Parallel mode: none, using 1 thread.
Root relaxation solution time = 0.05 sec. (42.06 ticks)

        Nodes                                         Cuts/
   Node  Left     Objective  IInf  Best Integer    Best Bound    ItCnt     Gap

      0     0    infeasible                                       1032         

Root node processing (before b&c):
  Real time             =    0.16 sec. (127.23 ticks)
Sequential b&c:
  Real time             =    0.00 sec. (0.00 ticks)
                          ------------
Total (root+branch&cut) =    0.16 sec. (127.23 ticks)
Version identifier: 22.1.0.0 | 2022-03-09 | 1a383f8ce
CPXPARAM_Threads                                 1
CPXPARAM_MIP_Strategy_VariableSelect             3
CPXPARAM_TimeLimit                               596.75126322400001
Tried aggregator 1 time.
MIP Presolve eliminated 19 rows and 1352 columns.
MIP Presolve modified 3 coefficients.
Reduced MIP has 2359 rows, 2704 columns, and 24194 nonzeros.
Reduced MIP has 2704 binaries, 0 generals, 0 SOSs, and 0 indicators.
Presolve time = 0.02 sec. (14.87 ticks)
Probing time = 0.00 sec. (2.69 ticks)
Tried aggregator 1 time.
Detecting symmetries...
Reduced MIP has 2359 rows, 2704 columns, and 24194 nonzeros.
Reduced MIP has 2704 binaries, 0 generals, 0 SOSs, and 0 indicators.
Presolve time = 0.02 sec. (14.21 ticks)
Probing time = 0.00 sec. (2.69 ticks)
Clique table members: 1679.
MIP emphasis: balance optimality and feasibility.
MIP search method: dynamic search.
Parallel mode: none, using 1 thread.
Root relaxation solution time = 0.06 sec. (46.82 ticks)

        Nodes                                         Cuts/
   Node  Left     Objective  IInf  Best Integer    Best Bound    ItCnt     Gap

      0     0    infeasible                                       1119         

Root node processing (before b&c):
  Real time             =    0.16 sec. (132.32 ticks)
Sequential b&c:
  Real time             =    0.00 sec. (0.00 ticks)
                          ------------
Total (root+branch&cut) =    0.16 sec. (132.32 ticks)
Version identifier: 22.1.0.0 | 2022-03-09 | 1a383f8ce
CPXPARAM_Threads                                 1
CPXPARAM_MIP_Strategy_VariableSelect             3
CPXPARAM_TimeLimit                               596.565757727
Tried aggregator 1 time.
MIP Presolve eliminated 19 rows and 1348 columns.
MIP Presolve modified 3 coefficients.
Reduced MIP has 2352 rows, 2696 columns, and 24122 nonzeros.
Reduced MIP has 2696 binaries, 0 generals, 0 SOSs, and 0 indicators.
Presolve time = 0.02 sec. (14.82 ticks)
Probing time = 0.00 sec. (2.69 ticks)
Tried aggregator 1 time.
Detecting symmetries...
Reduced MIP has 2352 rows, 2696 columns, and 24122 nonzeros.
Reduced MIP has 2696 binaries, 0 generals, 0 SOSs, and 0 indicators.
Presolve time = 0.02 sec. (14.15 ticks)
Probing time = 0.00 sec. (2.69 ticks)
Clique table members: 1674.
MIP emphasis: balance optimality and feasibility.
MIP search method: dynamic search.
Parallel mode: none, using 1 thread.
Root relaxation solution time = 0.06 sec. (47.69 ticks)

        Nodes                                         Cuts/
   Node  Left     Objective  IInf  Best Integer    Best Bound    ItCnt     Gap

      0     0    infeasible                                       1072         

Root node processing (before b&c):
  Real time             =    0.16 sec. (131.89 ticks)
Sequential b&c:
  Real time             =    0.00 sec. (0.00 ticks)
                          ------------
Total (root+branch&cut) =    0.16 sec. (131.89 ticks)
Version identifier: 22.1.0.0 | 2022-03-09 | 1a383f8ce
CPXPARAM_Threads                                 1
CPXPARAM_MIP_Strategy_VariableSelect             3
CPXPARAM_TimeLimit                               596.38262031399995
Tried aggregator 1 time.
MIP Presolve eliminated 19 rows and 1344 columns.
MIP Presolve modified 3 coefficients.
Reduced MIP has 2345 rows, 2688 columns, and 24050 nonzeros.
Reduced MIP has 2688 binaries, 0 generals, 0 SOSs, and 0 indicators.
Presolve time = 0.02 sec. (14.78 ticks)
Probing time = 0.00 sec. (2.69 ticks)
Tried aggregator 1 time.
Detecting symmetries...
Reduced MIP has 2345 rows, 2688 columns, and 24050 nonzeros.
Reduced MIP has 2688 binaries, 0 generals, 0 SOSs, and 0 indicators.
Presolve time = 0.02 sec. (14.12 ticks)
Probing time = 0.00 sec. (2.69 ticks)
Clique table members: 1669.
MIP emphasis: balance optimality and feasibility.
MIP search method: dynamic search.
Parallel mode: none, using 1 thread.
Root relaxation solution time = 0.06 sec. (48.20 ticks)

        Nodes                                         Cuts/
   Node  Left     Objective  IInf  Best Integer    Best Bound    ItCnt     Gap

      0     0    infeasible                                       1107         

Root node processing (before b&c):
  Real time             =    0.16 sec. (132.71 ticks)
Sequential b&c:
  Real time             =    0.00 sec. (0.00 ticks)
                          ------------
Total (root+branch&cut) =    0.16 sec. (132.71 ticks)
Version identifier: 22.1.0.0 | 2022-03-09 | 1a383f8ce
CPXPARAM_Threads                                 1
CPXPARAM_MIP_Strategy_VariableSelect             3
CPXPARAM_TimeLimit                               596.19913391499995
Tried aggregator 1 time.
MIP Presolve eliminated 19 rows and 1340 columns.
MIP Presolve modified 3 coefficients.
Reduced MIP has 2338 rows, 2680 columns, and 23978 nonzeros.
Reduced MIP has 2680 binaries, 0 generals, 0 SOSs, and 0 indicators.
Presolve time = 0.02 sec. (14.73 ticks)
Probing time = 0.00 sec. (2.69 ticks)
Tried aggregator 1 time.
Detecting symmetries...
Reduced MIP has 2338 rows, 2680 columns, and 23978 nonzeros.
Reduced MIP has 2680 binaries, 0 generals, 0 SOSs, and 0 indicators.
Presolve time = 0.02 sec. (14.07 ticks)
Probing time = 0.00 sec. (2.69 ticks)
Clique table members: 1664.
MIP emphasis: balance optimality and feasibility.
MIP search method: dynamic search.
Parallel mode: none, using 1 thread.
Root relaxation solution time = 0.07 sec. (59.79 ticks)

        Nodes                                         Cuts/
   Node  Left     Objective  IInf  Best Integer    Best Bound    ItCnt     Gap

      0     0    infeasible                                       1250         

Root node processing (before b&c):
  Real time             =    0.17 sec. (143.91 ticks)
Sequential b&c:
  Real time             =    0.00 sec. (0.00 ticks)
                          ------------
Total (root+branch&cut) =    0.17 sec. (143.91 ticks)
Version identifier: 22.1.0.0 | 2022-03-09 | 1a383f8ce
CPXPARAM_Threads                                 1
CPXPARAM_MIP_Strategy_VariableSelect             3
CPXPARAM_TimeLimit                               596.00236171999995
Tried aggregator 1 time.
MIP Presolve eliminated 19 rows and 1336 columns.
MIP Presolve modified 3 coefficients.
Reduced MIP has 2331 rows, 2672 columns, and 23906 nonzeros.
Reduced MIP has 2672 binaries, 0 generals, 0 SOSs, and 0 indicators.
Presolve time = 0.02 sec. (14.70 ticks)
Probing time = 0.00 sec. (2.68 ticks)
Tried aggregator 1 time.
Detecting symmetries...
Reduced MIP has 2331 rows, 2672 columns, and 23906 nonzeros.
Reduced MIP has 2672 binaries, 0 generals, 0 SOSs, and 0 indicators.
Presolve time = 0.02 sec. (14.04 ticks)
Probing time = 0.00 sec. (2.68 ticks)
Clique table members: 1659.
MIP emphasis: balance optimality and feasibility.
MIP search method: dynamic search.
Parallel mode: none, using 1 thread.
Root relaxation solution time = 0.06 sec. (47.90 ticks)

        Nodes                                         Cuts/
   Node  Left     Objective  IInf  Best Integer    Best Bound    ItCnt     Gap

      0     0    infeasible                                       1084         

Root node processing (before b&c):
  Real time             =    0.16 sec. (132.47 ticks)
Sequential b&c:
  Real time             =    0.00 sec. (0.00 ticks)
                          ------------
Total (root+branch&cut) =    0.16 sec. (132.47 ticks)
Version identifier: 22.1.0.0 | 2022-03-09 | 1a383f8ce
CPXPARAM_Threads                                 1
CPXPARAM_MIP_Strategy_VariableSelect             3
CPXPARAM_TimeLimit                               595.81936937700004
Tried aggregator 1 time.
MIP Presolve eliminated 19 rows and 1332 columns.
MIP Presolve modified 3 coefficients.
Reduced MIP has 2324 rows, 2664 columns, and 23834 nonzeros.
Reduced MIP has 2664 binaries, 0 generals, 0 SOSs, and 0 indicators.
Presolve time = 0.02 sec. (14.65 ticks)
Probing time = 0.00 sec. (2.68 ticks)
Tried aggregator 1 time.
Detecting symmetries...
Reduced MIP has 2324 rows, 2664 columns, and 23834 nonzeros.
Reduced MIP has 2664 binaries, 0 generals, 0 SOSs, and 0 indicators.
Presolve time = 0.02 sec. (13.99 ticks)
Probing time = 0.00 sec. (2.68 ticks)
Clique table members: 1654.
MIP emphasis: balance optimality and feasibility.
MIP search method: dynamic search.
Parallel mode: none, using 1 thread.
Root relaxation solution time = 0.07 sec. (59.98 ticks)

        Nodes                                         Cuts/
   Node  Left     Objective  IInf  Best Integer    Best Bound    ItCnt     Gap

      0     0    infeasible                                       1213         

Root node processing (before b&c):
  Real time             =    0.18 sec. (144.29 ticks)
Sequential b&c:
  Real time             =    0.00 sec. (0.00 ticks)
                          ------------
Total (root+branch&cut) =    0.18 sec. (144.29 ticks)
Version identifier: 22.1.0.0 | 2022-03-09 | 1a383f8ce
CPXPARAM_Threads                                 1
CPXPARAM_MIP_Strategy_VariableSelect             3
CPXPARAM_TimeLimit                               595.62104314299995
Tried aggregator 1 time.
MIP Presolve eliminated 19 rows and 1328 columns.
MIP Presolve modified 3 coefficients.
Reduced MIP has 2317 rows, 2656 columns, and 23762 nonzeros.
Reduced MIP has 2656 binaries, 0 generals, 0 SOSs, and 0 indicators.
Presolve time = 0.02 sec. (14.61 ticks)
Probing time = 0.00 sec. (2.68 ticks)
Tried aggregator 1 time.
Detecting symmetries...
Reduced MIP has 2317 rows, 2656 columns, and 23762 nonzeros.
Reduced MIP has 2656 binaries, 0 generals, 0 SOSs, and 0 indicators.
Presolve time = 0.02 sec. (13.96 ticks)
Probing time = 0.00 sec. (2.68 ticks)
Clique table members: 1649.
MIP emphasis: balance optimality and feasibility.
MIP search method: dynamic search.
Parallel mode: none, using 1 thread.
Root relaxation solution time = 0.06 sec. (47.46 ticks)

        Nodes                                         Cuts/
   Node  Left     Objective  IInf  Best Integer    Best Bound    ItCnt     Gap

      0     0    infeasible                                       1112         

Root node processing (before b&c):
  Real time             =    0.16 sec. (131.37 ticks)
Sequential b&c:
  Real time             =    0.00 sec. (0.00 ticks)
                          ------------
Total (root+branch&cut) =    0.16 sec. (131.37 ticks)
Primal:	331
Dual:	331
Status:	Optimal
Time:	3.11902
Sequence:
	0
