Version identifier: 22.1.1.0 | 2022-11-28 | 9160aff4d
CPXPARAM_Threads                                 1
CPXPARAM_MIP_Strategy_VariableSelect             3
CPXPARAM_TimeLimit                               599.99998620400004
1 of 1 MIP starts provided solutions.
MIP start 'm1' defined initial solution with objective 142.0000.
Tried aggregator 1 time.
MIP Presolve eliminated 464 rows and 1575 columns.
MIP Presolve modified 21 coefficients.
Reduced MIP has 899 rows, 1350 columns, and 32577 nonzeros.
Reduced MIP has 1350 binaries, 0 generals, 0 SOSs, and 0 indicators.
Presolve time = 0.02 sec. (58.13 ticks)
Probing time = 0.00 sec. (7.76 ticks)
Tried aggregator 1 time.
Detecting symmetries...
MIP Presolve modified 5 coefficients.
Reduced MIP has 899 rows, 1350 columns, and 32697 nonzeros.
Reduced MIP has 1350 binaries, 0 generals, 0 SOSs, and 0 indicators.
Presolve time = 0.02 sec. (50.29 ticks)
Probing time = 0.00 sec. (7.77 ticks)
Clique table members: 449.
MIP emphasis: balance optimality and feasibility.
MIP search method: dynamic search.
Parallel mode: none, using 1 thread.
Root relaxation solution time = 0.00 sec. (8.90 ticks)

        Nodes                                         Cuts/
   Node  Left     Objective  IInf  Best Integer    Best Bound    ItCnt     Gap

*     0+    0                          142.0000    25425.0000              --- 
*     0     0      integral     0      225.0000      225.0000      257    0.00%
Elapsed time = 0.07 sec. (152.82 ticks, tree = 0.00 MB, solutions = 2)

Root node processing (before b&c):
  Real time             =    0.07 sec. (152.93 ticks)
Sequential b&c:
  Real time             =    0.00 sec. (0.00 ticks)
                          ------------
Total (root+branch&cut) =    0.07 sec. (152.93 ticks)
Primal:	225
Dual:	225
Status:	Optimal
Time:	0.07
Sequence:
	0
	9
	5
	5
	0
	4
	4
	0
	9
	9
	9
	9
	9
	0
	9
	4
	9
	4
	9
	4
	4
	0
	4
	4
	9
	4
	4
	0
	4
	9
	0
	9
	9
	9
	9
	9
	9
	9
	9
	9
	4
	9
	4
	4
	9
	4
	4
	9
	4
	4
	9
	4
	9
	4
	4
	9
	4
	5
	0
	4
	1
	4
	0
	4
	1
	5
	0
	4
	9
	4
	0
	4
	1
	5
	0
	4
	5
	0
	4
	1
	0
	4
	4
	0
	1
	4
	0
	4
	4
	0
	4
	1
	0
	9
	4
	9
	4
	4
	1
	4
	4
	0
	4
	4
	0
	1
	4
	0
	1
	4
	0
	4
	4
	0
	4
	9
	4
	4
	9
	4
	4
	9
	5
	4
	9
	4
	4
	9
	5
	4
	9
	4
	9
	9
	4
	4
	9
	0
	9
	4
	4
	9
	0
	9
	9
	0
	9
	1
	5
	0
	9
	9
	0
	5
	9
	0
	9
	9
	0
	9
	9
	0
	9
	9
	0
	9
	9
	0
	9
	9
	0
	9
	4
	4
	9
	4
	0
	9
	9
	0
	9
	9
	9
	9
	0
	9
	9
	0
	9
	9
	9
	9
	0
	9
	1
	1
	9
	1
	1
	9
	1
	0
	1
	9
	1
	4
	0
	1
	9
	9
	9
	0
	9
	9
	0
	9
	9
	0
	9
	4
	9
	9
	9
	4
	0
