Version identifier: 22.1.1.0 | 2022-11-28 | 9160aff4d
CPXPARAM_Threads                                 1
CPXPARAM_MIP_Strategy_VariableSelect             3
CPXPARAM_TimeLimit                               599.999971512
1 of 1 MIP starts provided solutions.
MIP start 'm1' defined initial solution with objective 100.0000.
Tried aggregator 1 time.
MIP Presolve eliminated 18 rows and 657 columns.
MIP Presolve modified 48 coefficients.
Reduced MIP has 1309 rows, 2190 columns, and 40279 nonzeros.
Reduced MIP has 2190 binaries, 0 generals, 0 SOSs, and 0 indicators.
Presolve time = 0.07 sec. (69.08 ticks)
Probing time = 0.01 sec. (9.78 ticks)
Tried aggregator 1 time.
Detecting symmetries...
MIP Presolve modified 10 coefficients.
Reduced MIP has 1309 rows, 2190 columns, and 40454 nonzeros.
Reduced MIP has 2190 binaries, 0 generals, 0 SOSs, and 0 indicators.
Presolve time = 0.05 sec. (59.91 ticks)
Probing time = 0.01 sec. (9.79 ticks)
Clique table members: 867.
MIP emphasis: balance optimality and feasibility.
MIP search method: dynamic search.
Parallel mode: none, using 1 thread.
Root relaxation solution time = 0.02 sec. (15.95 ticks)

        Nodes                                         Cuts/
   Node  Left     Objective  IInf  Best Integer    Best Bound    ItCnt     Gap

*     0+    0                          100.0000    24090.0000              --- 
*     0     0      integral     0      219.0000      219.0000      356    0.00%
Elapsed time = 0.20 sec. (186.45 ticks, tree = 0.00 MB, solutions = 2)

Root node processing (before b&c):
  Real time             =    0.20 sec. (186.56 ticks)
Sequential b&c:
  Real time             =    0.00 sec. (0.00 ticks)
                          ------------
Total (root+branch&cut) =    0.20 sec. (186.56 ticks)
Primal:	219
Dual:	219
Status:	Optimal
Time:	0.2
Sequence:
	1
	1
	4
	11
	4
	9
	9
	5
	9
	0
	6
	9
	9
	9
	9
	11
	9
	0
	1
	6
	9
	9
	9
	0
	6
	9
	0
	1
	9
	0
	4
	9
	4
	9
	4
	4
	0
	11
	4
	4
	1
	4
	4
	9
	11
	4
	4
	9
	4
	4
	9
	5
	1
	9
	9
	0
	1
	4
	0
	4
	1
	11
	4
	0
	4
	4
	0
	4
	1
	0
	1
	4
	0
	1
	4
	1
	0
	11
	9
	5
	2
	1
	4
	0
	4
	4
	3
	4
	5
	9
	4
	4
	11
	9
	2
	4
	4
	2
	4
	4
	0
	4
	4
	0
	6
	9
	4
	4
	0
	6
	9
	0
	9
	9
	9
	6
	9
	9
	1
	9
	9
	2
	9
	9
	2
	9
	9
	2
	9
	9
	2
	9
	5
	2
	9
	5
	2
	3
	5
	2
	9
	5
	9
	0
	9
	1
	0
	9
	9
	6
	3
	0
	9
	6
	0
	4
	4
	0
	4
	9
	4
	2
	4
	4
	2
	4
	4
	2
	4
	4
	2
	4
	4
	9
	4
	4
	9
	5
	9
	9
	9
	0
	3
	9
	9
	9
	0
	9
	9
	3
	9
	0
	9
	9
	1
	1
	6
	9
	9
	5
	11
	5
	9
	5
	5
	9
	9
	0
	5
	5
	2
	5
	5
	9
	9
	9
	9
	4
	0
