Version identifier: 22.1.1.0 | 2022-11-28 | 9160aff4d
CPXPARAM_Threads                                 1
CPXPARAM_MIP_Strategy_VariableSelect             3
CPXPARAM_TimeLimit                               599.99999378099994
1 of 1 MIP starts provided solutions.
MIP start 'm1' defined initial solution with objective 67.0000.
Tried aggregator 1 time.
MIP Presolve eliminated 172 rows and 936 columns.
MIP Presolve modified 46 coefficients.
Reduced MIP has 777 rows, 1092 columns, and 19532 nonzeros.
Reduced MIP has 1092 binaries, 0 generals, 0 SOSs, and 0 indicators.
Presolve time = 0.02 sec. (35.09 ticks)
Probing time = 0.00 sec. (6.75 ticks)
Tried aggregator 1 time.
Detecting symmetries...
MIP Presolve modified 7 coefficients.
Reduced MIP has 777 rows, 1092 columns, and 19702 nonzeros.
Reduced MIP has 1092 binaries, 0 generals, 0 SOSs, and 0 indicators.
Presolve time = 0.01 sec. (26.47 ticks)
Probing time = 0.00 sec. (6.77 ticks)
Clique table members: 464.
MIP emphasis: balance optimality and feasibility.
MIP search method: dynamic search.
Parallel mode: none, using 1 thread.
Root relaxation solution time = 0.00 sec. (8.59 ticks)

        Nodes                                         Cuts/
   Node  Left     Objective  IInf  Best Integer    Best Bound    ItCnt     Gap

*     0+    0                           67.0000    12246.0000              --- 
*     0     0      integral     0      156.0000      156.0000      316    0.00%
Elapsed time = 0.05 sec. (94.39 ticks, tree = 0.00 MB, solutions = 2)

Root node processing (before b&c):
  Real time             =    0.05 sec. (94.47 ticks)
Sequential b&c:
  Real time             =    0.00 sec. (0.00 ticks)
                          ------------
Total (root+branch&cut) =    0.05 sec. (94.47 ticks)
Primal:	156
Dual:	156
Status:	Optimal
Time:	0.04
Sequence:
	4
	6
	0
	9
	9
	6
	9
	9
	9
	9
	6
	9
	9
	9
	6
	9
	9
	9
	6
	1
	9
	9
	6
	9
	0
	9
	6
	0
	5
	9
	6
	9
	9
	9
	6
	9
	9
	0
	6
	9
	5
	9
	0
	4
	6
	0
	5
	9
	4
	0
	6
	1
	4
	9
	6
	1
	5
	9
	0
	9
	5
	9
	6
	9
	9
	9
	6
	0
	9
	9
	9
	0
	9
	9
	6
	0
	9
	9
	6
	0
	9
	9
	9
	9
	9
	6
	9
	9
	9
	6
	9
	0
	5
	6
	9
	4
	9
	4
	9
	0
	6
	9
	9
	9
	0
	4
	6
	0
	5
	9
	6
	0
	4
	9
	4
	0
	9
	9
	6
	1
	4
	0
	1
	4
	0
	6
	9
	5
	4
	1
	5
	4
	1
	1
	6
	9
	5
	1
	9
	1
	9
	1
	6
	4
	1
	1
	9
	1
	9
	9
	9
	1
	6
	5
	9
	1
