Version identifier: 22.1.1.0 | 2022-11-28 | 9160aff4d
CPXPARAM_Threads                                 1
CPXPARAM_MIP_Strategy_VariableSelect             3
CPXPARAM_TimeLimit                               599.99999288799995
1 of 1 MIP starts provided solutions.
MIP start 'm1' defined initial solution with objective 142.0000.
Tried aggregator 1 time.
MIP Presolve eliminated 19 rows and 1576 columns.
MIP Presolve modified 32 coefficients.
Reduced MIP has 2358 rows, 3546 columns, and 101893 nonzeros.
Reduced MIP has 3546 binaries, 0 generals, 0 SOSs, and 0 indicators.
Presolve time = 0.07 sec. (161.15 ticks)
Probing time = 0.01 sec. (14.21 ticks)
Tried aggregator 1 time.
Detecting symmetries...
MIP Presolve modified 9 coefficients.
Reduced MIP has 2358 rows, 3546 columns, and 102004 nonzeros.
Reduced MIP has 3546 binaries, 0 generals, 0 SOSs, and 0 indicators.
Presolve time = 0.05 sec. (150.52 ticks)
Probing time = 0.01 sec. (14.22 ticks)
Clique table members: 1567.
MIP emphasis: balance optimality and feasibility.
MIP search method: dynamic search.
Parallel mode: none, using 1 thread.
Root relaxation solution time = 0.02 sec. (38.16 ticks)

        Nodes                                         Cuts/
   Node  Left     Objective  IInf  Best Integer    Best Bound    ItCnt     Gap

*     0+    0                          142.0000    77815.0000              --- 
      0     0      394.0000    61      142.0000      394.0000      559  177.46%
*     0+    0                          394.0000      394.0000             0.00%
      0     0        cutoff            394.0000      394.0000      559    0.00%
Elapsed time = 0.23 sec. (515.75 ticks, tree = 0.01 MB, solutions = 2)

Root node processing (before b&c):
  Real time             =    0.23 sec. (515.95 ticks)
Sequential b&c:
  Real time             =    0.00 sec. (0.00 ticks)
                          ------------
Total (root+branch&cut) =    0.23 sec. (515.95 ticks)
Primal:	394
Dual:	394
Status:	Optimal
Time:	0.26
Sequence:
	6
	0
	5
	9
	6
	9
	9
	9
	6
	0
	9
	9
	2
	6
	9
	9
	9
	6
	9
	9
	9
	6
	9
	0
	9
	6
	0
	5
	9
	0
	9
	9
	6
	9
	1
	1
	6
	9
	2
	9
	6
	9
	4
	9
	9
	6
	9
	9
	9
	9
	9
	9
	9
	9
	6
	9
	0
	5
	4
	9
	6
	9
	1
	5
	9
	4
	9
	9
	6
	9
	9
	4
	4
	9
	4
	4
	9
	4
	4
	9
	4
	4
	9
	4
	4
	2
	4
	4
	9
	4
	4
	1
	4
	4
	9
	5
	9
	5
	6
	9
	4
	0
	4
	6
	0
	4
	4
	1
	4
	0
	5
	4
	0
	6
	4
	0
	4
	6
	0
	4
	4
	0
	5
	4
	1
	6
	9
	5
	0
	4
	1
	5
	4
	0
	6
	4
	0
	4
	1
	0
	4
	1
	1
	1
	4
	1
	6
	4
	1
	0
	3
	9
	4
	5
	0
	5
	4
	9
	1
	5
	5
	9
	6
	5
	0
	9
	5
	5
	1
	9
	6
	4
	0
	1
	5
	9
	5
	0
	5
	4
	0
	4
	4
	0
	4
	6
	0
	5
	9
	0
	6
	9
	9
	0
	9
	9
	0
	9
	5
	5
	0
	9
	9
	5
	5
	3
	9
	9
	9
	0
	4
	9
	9
	6
	9
	9
	9
	5
	1
	6
	9
	0
	9
	9
	9
	9
	9
	9
	1
	6
	9
	9
	9
	9
	9
	0
	4
	6
	0
	9
	9
	0
	9
	6
	0
	1
	4
	9
	0
	4
	1
	0
	6
	9
	0
	9
	9
	0
	9
	5
	0
	6
	9
	0
	5
	9
	5
	5
	0
	9
	6
	1
	0
	4
	1
	6
	0
	4
	5
	0
	9
	6
	0
	4
	9
	0
	4
	9
	6
	9
	0
	9
	6
	3
	9
	0
	9
	5
	0
	9
	9
	0
	9
	6
	0
	9
	1
	9
	9
	9
	0
	9
	6
	0
	9
	9
	9
	5
	1
	9
	6
	9
	9
	9
	0
	1
	5
	9
	9
	9
	0
	9
	9
	4
	1
	9
	9
	5
	6
	9
	9
	9
	6
	9
	0
	4
	5
	0
	4
	9
	0
	9
	6
	1
	9
	1
	1
	9
	5
	5
	9
	9
	0
	6
	4
	9
	5
	9
	5
	5
	0
	4
	4
	0
	1
	9
	0
	1
	9
	0
	1
	6
	9
	0
	5
	1
	9
	6
	0
	5
	9
	6
	0
	5
