Version identifier: 22.1.1.0 | 2022-11-28 | 9160aff4d
CPXPARAM_Threads                                 1
CPXPARAM_MIP_Strategy_VariableSelect             3
CPXPARAM_TimeLimit                               599.99999232799996
1 of 1 MIP starts provided solutions.
MIP start 'm1' defined initial solution with objective 36.0000.
Tried aggregator 1 time.
MIP Presolve eliminated 111 rows and 384 columns.
MIP Presolve modified 49 coefficients.
Reduced MIP has 190 rows, 240 columns, and 3231 nonzeros.
Reduced MIP has 240 binaries, 0 generals, 0 SOSs, and 0 indicators.
Presolve time = 0.00 sec. (6.45 ticks)
Probing time = 0.00 sec. (1.56 ticks)
Tried aggregator 1 time.
Detecting symmetries...
Reduced MIP has 190 rows, 240 columns, and 3231 nonzeros.
Reduced MIP has 240 binaries, 0 generals, 0 SOSs, and 0 indicators.
Presolve time = 0.00 sec. (2.96 ticks)
Probing time = 0.00 sec. (1.55 ticks)
Clique table members: 99.
MIP emphasis: balance optimality and feasibility.
MIP search method: dynamic search.
Parallel mode: none, using 1 thread.
Root relaxation solution time = 0.00 sec. (1.58 ticks)

        Nodes                                         Cuts/
   Node  Left     Objective  IInf  Best Integer    Best Bound    ItCnt     Gap

*     0+    0                           36.0000     1176.0000              --- 
*     0     0      integral     0       48.0000       48.0000       88    0.00%
Elapsed time = 0.01 sec. (15.88 ticks, tree = 0.00 MB, solutions = 2)

Root node processing (before b&c):
  Real time             =    0.01 sec. (15.91 ticks)
Sequential b&c:
  Real time             =    0.00 sec. (0.00 ticks)
                          ------------
Total (root+branch&cut) =    0.01 sec. (15.91 ticks)
Primal:	48
Dual:	48
Status:	Optimal
Time:	0.01
Sequence:
	0
	9
	9
	9
	4
	9
	4
	9
	9
	9
	9
	9
	9
	1
	0
	4
	1
	0
	4
	4
	1
	4
	4
	0
	4
	9
	0
	9
	9
	0
	9
	4
	0
	9
	4
	4
	0
	9
	4
	4
	9
	9
	9
	9
	9
	9
	9
	0
