Version identifier: 22.1.1.0 | 2022-11-28 | 9160aff4d
CPXPARAM_Threads                                 1
CPXPARAM_MIP_Strategy_VariableSelect             3
CPXPARAM_TimeLimit                               599.99997854499998
1 of 1 MIP starts provided solutions.
MIP start 'm1' defined initial solution with objective 142.0000.
Tried aggregator 1 time.
MIP Presolve eliminated 366 rows and 1059 columns.
MIP Presolve modified 27 coefficients.
Reduced MIP has 1765 rows, 3530 columns, and 84788 nonzeros.
Reduced MIP has 3530 binaries, 0 generals, 0 SOSs, and 0 indicators.
Presolve time = 0.05 sec. (134.83 ticks)
Probing time = 0.01 sec. (13.28 ticks)
Tried aggregator 1 time.
Detecting symmetries...
MIP Presolve modified 8 coefficients.
Reduced MIP has 1765 rows, 3530 columns, and 84912 nonzeros.
Reduced MIP has 3530 binaries, 0 generals, 0 SOSs, and 0 indicators.
Presolve time = 0.05 sec. (127.63 ticks)
Probing time = 0.01 sec. (13.28 ticks)
Clique table members: 1057.
MIP emphasis: balance optimality and feasibility.
MIP search method: dynamic search.
Parallel mode: none, using 1 thread.
Root relaxation solution time = 0.01 sec. (30.83 ticks)

        Nodes                                         Cuts/
   Node  Left     Objective  IInf  Best Integer    Best Bound    ItCnt     Gap

*     0+    0                          142.0000    62481.0000              --- 
      0     0      353.0000    36      142.0000      353.0000      540  148.59%
*     0+    0                          353.0000      353.0000             0.00%
      0     0        cutoff            353.0000      353.0000      540    0.00%
Elapsed time = 0.19 sec. (437.10 ticks, tree = 0.01 MB, solutions = 2)

Root node processing (before b&c):
  Real time             =    0.19 sec. (437.28 ticks)
Sequential b&c:
  Real time             =    0.00 sec. (0.00 ticks)
                          ------------
Total (root+branch&cut) =    0.19 sec. (437.28 ticks)
Primal:	353
Dual:	353
Status:	Optimal
Time:	0.21
Sequence:
	0
	10
	10
	9
	10
	1
	0
	9
	1
	0
	10
	9
	10
	10
	10
	9
	10
	10
	4
	10
	10
	10
	4
	0
	4
	9
	0
	9
	9
	0
	9
	9
	9
	9
	4
	4
	0
	4
	4
	0
	4
	9
	4
	9
	9
	4
	9
	1
	9
	9
	9
	4
	9
	9
	9
	9
	0
	9
	9
	9
	0
	10
	9
	0
	4
	1
	9
	9
	9
	9
	9
	0
	9
	9
	0
	10
	9
	9
	9
	9
	1
	4
	4
	9
	4
	4
	9
	10
	4
	1
	4
	0
	4
	6
	0
	4
	1
	4
	4
	0
	4
	6
	0
	4
	10
	5
	4
	9
	0
	5
	1
	4
	4
	9
	5
	5
	0
	4
	9
	4
	4
	10
	10
	0
	4
	6
	1
	0
	4
	4
	1
	4
	0
	4
	4
	0
	4
	5
	1
	1
	4
	4
	0
	4
	1
	1
	1
	9
	1
	1
	1
	4
	4
	0
	1
	4
	0
	4
	5
	0
	5
	4
	0
	5
	1
	4
	0
	5
	4
	2
	4
	4
	0
	5
	5
	9
	4
	6
	0
	5
	9
	5
	1
	4
	5
	9
	9
	1
	0
	9
	9
	9
	0
	9
	4
	9
	1
	4
	4
	9
	4
	4
	10
	8
	5
	1
	4
	4
	0
	4
	4
	0
	4
	10
	4
	9
	9
	9
	0
	9
	9
	9
	0
	9
	5
	6
	0
	4
	4
	10
	10
	4
	9
	0
	9
	10
	0
	10
	9
	0
	10
	9
	0
	4
	9
	0
	10
	10
	9
	10
	1
	9
	0
	9
	10
	0
	9
	4
	0
	4
	1
	9
	9
	0
	1
	9
	0
	6
	4
	0
	1
	6
	9
	9
	9
	9
	9
	1
	4
	9
	5
	4
	0
	4
	4
	0
	9
	4
	4
	0
	4
	1
	0
	9
	9
	0
	9
	9
	9
	10
	9
	10
	9
	1
	6
	9
	10
	9
	6
	0
	9
	4
	6
	9
	10
	0
	6
	4
	9
	9
	6
	0
	4
	9
	6
	9
	0
	1
	10
	9
	4
	9
	9
	9
	10
	9
	4
	9
	9
	9
	0
	10
	9
	0
	6
	1
	9
	1
	1
	1
	9
	10
	0
