Version identifier: 22.1.1.0 | 2022-11-28 | 9160aff4d
CPXPARAM_Threads                                 1
CPXPARAM_MIP_Strategy_VariableSelect             3
CPXPARAM_TimeLimit                               599.99997562299995
1 of 1 MIP starts provided solutions.
MIP start 'm1' defined initial solution with objective 92.0000.
Tried aggregator 1 time.
MIP Presolve eliminated 19 rows and 856 columns.
MIP Presolve modified 48 coefficients.
Reduced MIP has 1278 rows, 1926 columns, and 36303 nonzeros.
Reduced MIP has 1926 binaries, 0 generals, 0 SOSs, and 0 indicators.
Presolve time = 0.06 sec. (64.40 ticks)
Probing time = 0.01 sec. (8.87 ticks)
Tried aggregator 1 time.
Detecting symmetries...
MIP Presolve modified 9 coefficients.
Reduced MIP has 1278 rows, 1926 columns, and 36459 nonzeros.
Reduced MIP has 1926 binaries, 0 generals, 0 SOSs, and 0 indicators.
Presolve time = 0.05 sec. (54.48 ticks)
Probing time = 0.01 sec. (8.88 ticks)
Clique table members: 847.
MIP emphasis: balance optimality and feasibility.
MIP search method: dynamic search.
Parallel mode: none, using 1 thread.
Root relaxation solution time = 0.02 sec. (20.40 ticks)

        Nodes                                         Cuts/
   Node  Left     Objective  IInf  Best Integer    Best Bound    ItCnt     Gap

*     0+    0                           92.0000    23005.0000              --- 
      0     0      214.0000    60       92.0000      214.0000      482  132.61%
*     0+    0                          214.0000      214.0000             0.00%
      0     0        cutoff            214.0000      214.0000      482    0.00%
Elapsed time = 0.26 sec. (216.12 ticks, tree = 0.01 MB, solutions = 2)

Root node processing (before b&c):
  Real time             =    0.26 sec. (216.22 ticks)
Sequential b&c:
  Real time             =    0.00 sec. (0.00 ticks)
                          ------------
Total (root+branch&cut) =    0.26 sec. (216.22 ticks)
Primal:	214
Dual:	214
Status:	Optimal
Time:	0.28
Sequence:
	5
	2
	9
	5
	2
	1
	1
	5
	9
	2
	9
	9
	2
	5
	11
	2
	5
	5
	0
	9
	9
	5
	2
	5
	11
	5
	2
	4
	4
	2
	4
	4
	11
	4
	0
	5
	9
	0
	4
	4
	2
	4
	5
	9
	5
	11
	9
	9
	2
	5
	5
	2
	11
	5
	4
	2
	4
	4
	11
	2
	4
	4
	0
	4
	4
	2
	5
	4
	1
	2
	1
	4
	6
	2
	4
	4
	0
	4
	9
	0
	4
	4
	2
	6
	4
	2
	4
	9
	5
	5
	2
	9
	9
	9
	4
	2
	4
	4
	2
	4
	9
	0
	9
	5
	2
	4
	4
	2
	9
	5
	5
	0
	9
	9
	9
	0
	9
	9
	9
	2
	9
	9
	9
	9
	0
	9
	9
	0
	9
	9
	0
	5
	9
	9
	0
	9
	4
	2
	1
	1
	11
	2
	5
	4
	0
	9
	11
	0
	4
	5
	0
	1
	4
	2
	5
	5
	9
	2
	9
	9
	2
	5
	5
	0
	9
	9
	2
	5
	5
	2
	5
	9
	0
	9
	9
	0
	9
	9
	9
	9
	9
	2
	4
	9
	0
	9
	9
	2
	4
	5
	0
	5
	9
	1
	0
	4
	9
	1
	9
	2
	4
	4
	9
	4
	2
	4
	4
	9
	0
	4
	4
	2
	1
	5
