Version identifier: 22.1.1.0 | 2022-11-28 | 9160aff4d
CPXPARAM_Threads                                 1
CPXPARAM_MIP_Strategy_VariableSelect             3
CPXPARAM_TimeLimit                               599.999992668
1 of 1 MIP starts provided solutions.
MIP start 'm1' defined initial solution with objective 172.0000.
Tried aggregator 1 time.
MIP Presolve eliminated 18 rows and 1164 columns.
MIP Presolve modified 33 coefficients.
Reduced MIP has 2323 rows, 3880 columns, and 104185 nonzeros.
Reduced MIP has 3880 binaries, 0 generals, 0 SOSs, and 0 indicators.
Presolve time = 0.06 sec. (164.90 ticks)
Probing time = 0.01 sec. (14.80 ticks)
Tried aggregator 1 time.
Detecting symmetries...
MIP Presolve modified 9 coefficients.
Reduced MIP has 2323 rows, 3880 columns, and 104299 nonzeros.
Reduced MIP has 3880 binaries, 0 generals, 0 SOSs, and 0 indicators.
Presolve time = 0.06 sec. (154.96 ticks)
Probing time = 0.01 sec. (14.81 ticks)
Clique table members: 1545.
MIP emphasis: balance optimality and feasibility.
MIP search method: dynamic search.
Parallel mode: none, using 1 thread.
Root relaxation solution time = 0.01 sec. (30.83 ticks)

        Nodes                                         Cuts/
   Node  Left     Objective  IInf  Best Integer    Best Bound    ItCnt     Gap

*     0+    0                          172.0000    75466.0000              --- 
      0     0      388.0000    30      172.0000      388.0000      386  125.58%
*     0+    0                          388.0000      388.0000             0.00%
      0     0        cutoff            388.0000      388.0000      386    0.00%
Elapsed time = 0.22 sec. (505.52 ticks, tree = 0.01 MB, solutions = 2)

Root node processing (before b&c):
  Real time             =    0.22 sec. (505.71 ticks)
Sequential b&c:
  Real time             =    0.00 sec. (0.00 ticks)
                          ------------
Total (root+branch&cut) =    0.22 sec. (505.71 ticks)
Primal:	388
Dual:	388
Status:	Optimal
Time:	0.22
Sequence:
	9
	5
	4
	10
	9
	9
	9
	4
	5
	0
	9
	9
	9
	9
	9
	9
	9
	0
	5
	9
	9
	9
	9
	0
	9
	9
	0
	9
	9
	0
	9
	4
	9
	9
	5
	9
	5
	9
	5
	5
	9
	5
	5
	9
	5
	5
	9
	5
	5
	9
	5
	5
	9
	5
	9
	5
	0
	5
	9
	5
	5
	9
	9
	0
	5
	9
	9
	9
	5
	9
	9
	5
	9
	5
	5
	9
	5
	10
	5
	9
	5
	5
	9
	9
	5
	9
	9
	1
	9
	9
	9
	9
	9
	9
	5
	5
	9
	4
	10
	5
	0
	4
	5
	10
	0
	4
	10
	10
	9
	6
	0
	4
	4
	9
	0
	5
	5
	9
	0
	4
	1
	0
	9
	3
	4
	0
	4
	4
	1
	0
	4
	9
	4
	0
	9
	5
	4
	0
	4
	10
	0
	4
	4
	10
	5
	0
	9
	10
	0
	9
	5
	6
	10
	9
	9
	6
	5
	9
	5
	5
	9
	5
	5
	9
	5
	5
	9
	0
	4
	9
	9
	0
	9
	5
	9
	5
	0
	5
	4
	9
	9
	4
	0
	4
	9
	5
	9
	0
	9
	9
	9
	0
	9
	9
	9
	9
	0
	9
	9
	4
	9
	0
	4
	9
	4
	9
	4
	9
	9
	9
	5
	0
	9
	9
	9
	4
	4
	0
	4
	9
	9
	0
	9
	9
	4
	5
	9
	9
	5
	5
	9
	5
	5
	10
	9
	9
	5
	9
	9
	9
	9
	9
	0
	9
	9
	1
	5
	9
	0
	5
	10
	4
	9
	9
	1
	11
	4
	10
	10
	0
	9
	5
	9
	9
	9
	5
	0
	9
	9
	10
	10
	0
	4
	9
	9
	9
	9
	9
	9
	9
	5
	5
	9
	0
	9
	9
	0
	9
	5
	9
	0
	9
	5
	0
	9
	5
	5
	0
	9
	9
	9
	9
	9
	9
	9
	9
	4
	0
	9
	9
	0
	9
	4
	4
	9
	4
	4
	9
	5
	1
	4
	4
	0
	4
	4
	9
	4
	4
	9
	4
	9
	4
	4
	9
	4
	4
	9
	9
	9
	9
	9
	5
	9
	5
	0
	9
	9
	1
	1
	1
	9
	4
	9
	1
	0
	9
	5
	5
	1
	9
	1
	1
	9
	5
	5
	9
	0
	5
	5
	9
	5
	5
	9
	5
	5
	9
	9
	9
	9
	5
	9
	9
	5
	9
	9
	5
	1
	0
