Version identifier: 22.1.1.0 | 2022-11-28 | 9160aff4d
CPXPARAM_Threads                                 1
CPXPARAM_MIP_Strategy_VariableSelect             3
CPXPARAM_TimeLimit                               599.99999340600004
1 of 1 MIP starts provided solutions.
MIP start 'm1' defined initial solution with objective 97.0000.
Tried aggregator 1 time.
MIP Presolve eliminated 19 rows and 852 columns.
MIP Presolve modified 48 coefficients.
Reduced MIP has 1272 rows, 1917 columns, and 36028 nonzeros.
Reduced MIP has 1917 binaries, 0 generals, 0 SOSs, and 0 indicators.
Presolve time = 0.03 sec. (63.73 ticks)
Probing time = 0.01 sec. (8.81 ticks)
Tried aggregator 1 time.
Detecting symmetries...
MIP Presolve modified 9 coefficients.
Reduced MIP has 1272 rows, 1917 columns, and 36184 nonzeros.
Reduced MIP has 1917 binaries, 0 generals, 0 SOSs, and 0 indicators.
Presolve time = 0.02 sec. (53.90 ticks)
Probing time = 0.00 sec. (8.82 ticks)
Clique table members: 843.
MIP emphasis: balance optimality and feasibility.
MIP search method: dynamic search.
Parallel mode: none, using 1 thread.
Root relaxation solution time = 0.01 sec. (13.55 ticks)

        Nodes                                         Cuts/
   Node  Left     Objective  IInf  Best Integer    Best Bound    ItCnt     Gap

*     0+    0                           97.0000    22791.0000              --- 
*     0     0      integral     0      213.0000      213.0000      354    0.00%
Elapsed time = 0.08 sec. (168.87 ticks, tree = 0.00 MB, solutions = 2)

Root node processing (before b&c):
  Real time             =    0.08 sec. (168.98 ticks)
Sequential b&c:
  Real time             =    0.00 sec. (0.00 ticks)
                          ------------
Total (root+branch&cut) =    0.08 sec. (168.98 ticks)
Primal:	213
Dual:	213
Status:	Optimal
Time:	0.08
Sequence:
	4
	1
	4
	0
	6
	9
	9
	4
	6
	9
	0
	9
	5
	9
	9
	3
	9
	9
	0
	9
	9
	9
	9
	9
	0
	6
	4
	0
	9
	6
	9
	9
	9
	9
	9
	6
	9
	9
	9
	9
	9
	9
	9
	6
	9
	9
	9
	6
	9
	5
	9
	6
	9
	9
	9
	6
	0
	5
	4
	0
	9
	6
	0
	4
	5
	0
	5
	4
	0
	6
	4
	1
	0
	6
	4
	0
	4
	4
	1
	9
	0
	6
	9
	9
	9
	9
	9
	6
	9
	9
	9
	9
	9
	9
	9
	9
	9
	6
	0
	4
	9
	9
	0
	9
	4
	9
	4
	9
	9
	9
	9
	9
	9
	9
	9
	6
	9
	9
	0
	4
	4
	9
	4
	9
	2
	4
	4
	9
	6
	9
	4
	4
	9
	6
	0
	4
	1
	4
	4
	3
	0
	6
	4
	2
	5
	6
	3
	4
	5
	0
	9
	9
	0
	6
	4
	0
	9
	3
	9
	9
	9
	9
	9
	9
	9
	0
	6
	9
	9
	9
	9
	6
	3
	9
	0
	9
	9
	0
	9
	9
	9
	6
	0
	9
	3
	9
	9
	6
	1
	9
	1
	5
	4
	1
	5
	4
	1
	4
	1
	4
	5
	1
	4
	0
	1
	4
	2
	1
	1
	6
	2
	1
	1
