Version identifier: 22.1.1.0 | 2022-11-28 | 9160aff4d
CPXPARAM_Threads                                 1
CPXPARAM_MIP_Strategy_VariableSelect             3
CPXPARAM_TimeLimit                               599.99997984599997
1 of 1 MIP starts provided solutions.
MIP start 'm1' defined initial solution with objective 190.0000.
Tried aggregator 1 time.
MIP Presolve eliminated 361 rows and 1388 columns.
MIP Presolve modified 27 coefficients.
Reduced MIP has 1734 rows, 3123 columns, and 79543 nonzeros.
Reduced MIP has 3123 binaries, 0 generals, 0 SOSs, and 0 indicators.
Presolve time = 0.05 sec. (127.46 ticks)
Probing time = 0.01 sec. (12.50 ticks)
Tried aggregator 1 time.
Detecting symmetries...
MIP Presolve modified 8 coefficients.
Reduced MIP has 1734 rows, 3123 columns, and 79667 nonzeros.
Reduced MIP has 3123 binaries, 0 generals, 0 SOSs, and 0 indicators.
Presolve time = 0.04 sec. (120.17 ticks)
Probing time = 0.01 sec. (12.51 ticks)
Clique table members: 1037.
MIP emphasis: balance optimality and feasibility.
MIP search method: dynamic search.
Parallel mode: none, using 1 thread.
Root relaxation solution time = 0.01 sec. (25.83 ticks)

        Nodes                                         Cuts/
   Node  Left     Objective  IInf  Best Integer    Best Bound    ItCnt     Gap

*     0+    0                          190.0000    60378.0000              --- 
      0     0      347.0000    12      190.0000      347.0000      412   82.63%
*     0+    0                          347.0000      347.0000             0.00%
      0     0        cutoff            347.0000      347.0000      412    0.00%
Elapsed time = 0.16 sec. (362.52 ticks, tree = 0.01 MB, solutions = 2)

Root node processing (before b&c):
  Real time             =    0.16 sec. (362.69 ticks)
Sequential b&c:
  Real time             =    0.00 sec. (0.00 ticks)
                          ------------
Total (root+branch&cut) =    0.16 sec. (362.69 ticks)
Primal:	347
Dual:	347
Status:	Optimal
Time:	0.17
Sequence:
	1
	5
	9
	5
	1
	10
	9
	10
	10
	10
	9
	10
	10
	10
	9
	10
	10
	10
	9
	10
	10
	10
	9
	10
	4
	4
	10
	9
	10
	10
	0
	4
	4
	10
	10
	4
	0
	9
	1
	4
	4
	1
	4
	4
	9
	5
	9
	9
	9
	4
	1
	4
	10
	4
	9
	4
	0
	9
	1
	1
	4
	5
	9
	9
	1
	9
	4
	4
	9
	9
	9
	4
	9
	4
	0
	9
	4
	5
	9
	9
	10
	9
	4
	9
	1
	1
	1
	9
	0
	1
	1
	4
	4
	1
	0
	4
	4
	0
	4
	4
	1
	4
	1
	5
	0
	4
	9
	10
	10
	4
	2
	1
	10
	10
	4
	0
	1
	1
	4
	0
	9
	1
	4
	4
	0
	1
	4
	6
	1
	0
	4
	4
	0
	4
	4
	9
	4
	9
	4
	9
	4
	9
	4
	4
	9
	4
	4
	9
	4
	4
	9
	4
	4
	1
	1
	1
	4
	4
	9
	1
	1
	1
	4
	1
	1
	4
	1
	4
	1
	4
	4
	1
	4
	1
	9
	9
	9
	9
	9
	0
	4
	10
	1
	9
	0
	9
	9
	9
	4
	9
	9
	1
	9
	9
	0
	1
	9
	10
	10
	9
	1
	9
	4
	9
	1
	9
	10
	10
	10
	9
	4
	4
	10
	2
	9
	9
	10
	9
	9
	10
	9
	10
	9
	10
	9
	0
	6
	4
	1
	2
	4
	1
	2
	5
	9
	5
	5
	2
	4
	1
	1
	2
	1
	1
	4
	0
	4
	1
	4
	1
	4
	4
	1
	0
	1
	4
	1
	1
	9
	5
	5
	9
	2
	4
	4
	2
	9
	4
	4
	9
	9
	0
	9
	9
	0
	9
	1
	0
	9
	4
	10
	9
	9
	4
	9
	9
	9
	9
	0
	4
	1
	0
	9
	9
	1
	9
	9
	4
	9
	4
	9
	1
	1
	0
	9
	9
	9
	4
	0
	4
	9
	4
	4
	9
	4
	4
	9
	4
	10
	4
	4
	9
	4
	4
	9
	4
	4
	9
	4
	4
	1
	4
	4
	1
	1
	4
	4
	1
	4
	0
	1
	4
	1
	4
	1
	9
	0
