Version identifier: 22.1.1.0 | 2022-11-28 | 9160aff4d
CPXPARAM_Threads                                 1
CPXPARAM_MIP_Strategy_VariableSelect             3
CPXPARAM_TimeLimit                               599.99999010199997
1 of 1 MIP starts provided solutions.
MIP start 'm1' defined initial solution with objective 100.0000.
Tried aggregator 1 time.
MIP Presolve eliminated 447 rows and 1302 columns.
MIP Presolve modified 23 coefficients.
Reduced MIP has 868 rows, 1519 columns, and 31869 nonzeros.
Reduced MIP has 1519 binaries, 0 generals, 0 SOSs, and 0 indicators.
Presolve time = 0.02 sec. (57.84 ticks)
Probing time = 0.00 sec. (8.21 ticks)
Tried aggregator 1 time.
Detecting symmetries...
MIP Presolve modified 5 coefficients.
Reduced MIP has 868 rows, 1519 columns, and 31994 nonzeros.
Reduced MIP has 1519 binaries, 0 generals, 0 SOSs, and 0 indicators.
Presolve time = 0.02 sec. (50.17 ticks)
Probing time = 0.00 sec. (8.22 ticks)
Clique table members: 434.
MIP emphasis: balance optimality and feasibility.
MIP search method: dynamic search.
Parallel mode: none, using 1 thread.
Root relaxation solution time = 0.00 sec. (9.30 ticks)

        Nodes                                         Cuts/
   Node  Left     Objective  IInf  Best Integer    Best Bound    ItCnt     Gap

*     0+    0                          100.0000    23653.0000              --- 
      0     0      217.0000    12      100.0000      217.0000      272  117.00%
*     0+    0                          217.0000      217.0000             0.00%
      0     0        cutoff            217.0000      217.0000      272    0.00%
Elapsed time = 0.07 sec. (157.13 ticks, tree = 0.01 MB, solutions = 2)

Root node processing (before b&c):
  Real time             =    0.07 sec. (157.23 ticks)
Sequential b&c:
  Real time             =    0.00 sec. (0.00 ticks)
                          ------------
Total (root+branch&cut) =    0.07 sec. (157.23 ticks)
Primal:	217
Dual:	217
Status:	Optimal
Time:	0.08
Sequence:
	4
	4
	0
	9
	9
	9
	9
	9
	9
	9
	0
	9
	9
	4
	9
	4
	4
	9
	9
	9
	9
	9
	9
	9
	0
	5
	9
	5
	9
	5
	5
	9
	5
	5
	9
	0
	10
	9
	5
	5
	9
	5
	5
	10
	4
	9
	5
	5
	9
	5
	0
	9
	4
	4
	10
	10
	0
	4
	4
	0
	5
	9
	4
	5
	9
	0
	4
	5
	9
	0
	10
	4
	0
	4
	4
	9
	0
	4
	10
	4
	4
	0
	4
	9
	4
	10
	4
	4
	9
	4
	4
	9
	9
	5
	4
	9
	5
	0
	4
	1
	0
	10
	4
	9
	4
	9
	4
	4
	0
	5
	9
	4
	9
	9
	9
	9
	9
	9
	4
	5
	9
	9
	9
	9
	9
	9
	9
	9
	0
	9
	5
	0
	9
	9
	0
	5
	5
	9
	0
	9
	10
	0
	10
	4
	4
	0
	10
	4
	0
	10
	4
	5
	9
	5
	9
	4
	4
	0
	9
	4
	4
	9
	4
	0
	9
	9
	0
	9
	9
	0
	9
	9
	9
	5
	5
	0
	9
	9
	5
	5
	0
	9
	9
	0
	9
	5
	9
	5
	5
	9
	5
	9
	9
	5
	9
	9
	9
	4
	9
	9
	9
	9
	0
	4
	4
	9
	5
	9
	9
	5
	4
	0
	9
	4
	9
	4
	0
