Version identifier: 22.1.0.0 | 2022-03-09 | 1a383f8ce
CPXPARAM_Threads                                 1
CPXPARAM_MIP_Strategy_VariableSelect             3
CPXPARAM_TimeLimit                               599.99998681700004
1 of 1 MIP starts provided solutions.
MIP start 'm1' defined initial solution with objective 62.0000.
Tried aggregator 2 times.
MIP Presolve eliminated 247 rows and 417 columns.
MIP Presolve added 32 rows and 8 columns.
MIP Presolve modified 53 coefficients.
Aggregator did 8 substitutions.
Reduced MIP has 1246 rows, 2288 columns, and 41289 nonzeros.
Reduced MIP has 2288 binaries, 0 generals, 0 SOSs, and 0 indicators.
Presolve time = 0.06 sec. (81.26 ticks)
Probing time = 0.01 sec. (9.53 ticks)
Tried aggregator 1 time.
Detecting symmetries...
MIP Presolve modified 10 coefficients.
Reduced MIP has 1246 rows, 2288 columns, and 41474 nonzeros.
Reduced MIP has 2288 binaries, 0 generals, 0 SOSs, and 0 indicators.
Presolve time = 0.04 sec. (57.02 ticks)
Probing time = 0.01 sec. (9.55 ticks)
Clique table members: 827.
MIP emphasis: balance optimality and feasibility.
MIP search method: dynamic search.
Parallel mode: none, using 1 thread.
Root relaxation solution time = 0.04 sec. (37.13 ticks)

        Nodes                                         Cuts/
   Node  Left     Objective  IInf  Best Integer    Best Bound    ItCnt     Gap

*     0+    0                           62.0000    21736.0000              --- 
      0     0      208.0000   224       62.0000      208.0000      779  235.48%
*     0+    0                          208.0000      208.0000             0.00%
      0     0        cutoff            208.0000      208.0000      779    0.00%
Elapsed time = 0.35 sec. (337.96 ticks, tree = 0.01 MB, solutions = 2)

Root node processing (before b&c):
  Real time             =    0.35 sec. (338.06 ticks)
Sequential b&c:
  Real time             =    0.00 sec. (0.00 ticks)
                          ------------
Total (root+branch&cut) =    0.35 sec. (338.06 ticks)
Primal:	208
Dual:	208
Status:	Optimal
Time:	0.36
Sequence:
	7
	0
	4
	5
	0
	9
	5
	2
	9
	5
	0
	7
	4
	2
	4
	10
	9
	7
	0
	10
	9
	2
	4
	5
	0
	10
	9
	0
	7
	9
	5
	4
	2
	9
	7
	9
	5
	0
	5
	9
	7
	9
	5
	0
	5
	9
	2
	7
	9
	5
	2
	10
	9
	7
	2
	5
	9
	5
	4
	0
	4
	9
	0
	4
	7
	2
	1
	4
	0
	4
	7
	2
	10
	9
	2
	9
	11
	2
	10
	9
	0
	9
	11
	2
	5
	9
	0
	9
	7
	9
	10
	0
	5
	9
	7
	4
	2
	5
	9
	0
	7
	4
	0
	10
	4
	4
	0
	7
	9
	2
	5
	4
	2
	7
	4
	0
	5
	9
	2
	7
	9
	0
	5
	9
	9
	7
	0
	5
	9
	5
	0
	10
	4
	7
	2
	5
	9
	5
	0
	5
	9
	7
	9
	5
	2
	4
	4
	3
	0
	10
	4
	2
	4
	7
	2
	5
	4
	0
	5
	4
	9
	7
	0
	10
	9
	5
	0
	7
	9
	4
	5
	0
	9
	7
	4
	10
	0
	4
	5
	0
	7
	4
	2
	5
	9
	5
	4
	2
	7
	9
	2
	5
	4
	0
	7
	4
	9
	10
	2
	9
	7
	0
	4
	5
	2
	4
	7
	2
