Version identifier: 22.1.1.0 | 2022-11-28 | 9160aff4d
CPXPARAM_Threads                                 1
CPXPARAM_MIP_Strategy_VariableSelect             3
CPXPARAM_TimeLimit                               599.99998524
1 of 1 MIP starts provided solutions.
MIP start 'm1' defined initial solution with objective 52.0000.
Tried aggregator 1 time.
MIP Presolve eliminated 17 rows and 422 columns.
MIP Presolve modified 50 coefficients.
Reduced MIP has 1262 rows, 2321 columns, and 39884 nonzeros.
Reduced MIP has 2321 binaries, 0 generals, 0 SOSs, and 0 indicators.
Presolve time = 0.06 sec. (66.34 ticks)
Probing time = 0.01 sec. (10.02 ticks)
Tried aggregator 1 time.
Detecting symmetries...
MIP Presolve modified 10 coefficients.
Reduced MIP has 1262 rows, 2321 columns, and 40066 nonzeros.
Reduced MIP has 2321 binaries, 0 generals, 0 SOSs, and 0 indicators.
Presolve time = 0.05 sec. (56.82 ticks)
Probing time = 0.01 sec. (10.04 ticks)
Clique table members: 836.
MIP emphasis: balance optimality and feasibility.
MIP search method: dynamic search.
Parallel mode: none, using 1 thread.
Root relaxation solution time = 0.02 sec. (18.03 ticks)

        Nodes                                         Cuts/
   Node  Left     Objective  IInf  Best Integer    Best Bound    ItCnt     Gap

*     0+    0                           52.0000    22366.0000              --- 
      0     0      211.0000    60       52.0000      211.0000      431  305.77%
*     0+    0                          211.0000      211.0000             0.00%
      0     0        cutoff            211.0000      211.0000      431    0.00%
Elapsed time = 0.28 sec. (226.28 ticks, tree = 0.01 MB, solutions = 2)

Root node processing (before b&c):
  Real time             =    0.28 sec. (226.39 ticks)
Sequential b&c:
  Real time             =    0.00 sec. (0.00 ticks)
                          ------------
Total (root+branch&cut) =    0.28 sec. (226.39 ticks)
Primal:	211
Dual:	211
Status:	Optimal
Time:	0.29
Sequence:
	0
	5
	9
	6
	0
	9
	9
	10
	10
	0
	4
	10
	6
	9
	4
	9
	4
	4
	9
	4
	9
	6
	10
	0
	4
	6
	0
	1
	9
	0
	9
	5
	4
	9
	4
	1
	6
	4
	11
	4
	6
	9
	4
	4
	9
	6
	10
	1
	4
	10
	6
	10
	4
	10
	6
	4
	0
	1
	4
	0
	4
	9
	4
	11
	4
	0
	4
	4
	0
	4
	1
	4
	4
	1
	1
	1
	4
	4
	9
	6
	0
	9
	9
	4
	9
	4
	9
	4
	9
	4
	1
	4
	9
	4
	4
	9
	5
	0
	4
	9
	4
	4
	0
	4
	9
	4
	6
	0
	9
	4
	4
	9
	4
	2
	6
	9
	0
	4
	6
	9
	9
	0
	6
	9
	4
	9
	6
	11
	4
	9
	6
	4
	1
	4
	0
	6
	4
	11
	4
	6
	2
	5
	1
	4
	4
	0
	1
	9
	7
	0
	6
	4
	10
	5
	0
	4
	6
	0
	4
	9
	4
	0
	1
	1
	9
	1
	1
	1
	9
	9
	6
	0
	9
	9
	9
	6
	0
	10
	9
	6
	0
	9
	5
	9
	2
	5
	4
	9
	6
	9
	0
	5
	6
	9
	9
	5
	6
	9
	5
	5
	9
	5
	6
	1
	4
	0
	6
	9
	4
	4
	1
