Version identifier: 22.1.1.0 | 2022-11-28 | 9160aff4d
CPXPARAM_Threads                                 1
CPXPARAM_MIP_Strategy_VariableSelect             3
CPXPARAM_TimeLimit                               599.99999293600001
1 of 1 MIP starts provided solutions.
MIP start 'm1' defined initial solution with objective 33.0000.
Tried aggregator 1 time.
MIP Presolve eliminated 118 rows and 309 columns.
MIP Presolve modified 62 coefficients.
Reduced MIP has 513 rows, 1030 columns, and 13231 nonzeros.
Reduced MIP has 1030 binaries, 0 generals, 0 SOSs, and 0 indicators.
Presolve time = 0.01 sec. (23.95 ticks)
Probing time = 0.00 sec. (5.78 ticks)
Tried aggregator 1 time.
Detecting symmetries...
MIP Presolve modified 8 coefficients.
Reduced MIP has 513 rows, 1030 columns, and 13491 nonzeros.
Reduced MIP has 1030 binaries, 0 generals, 0 SOSs, and 0 indicators.
Presolve time = 0.01 sec. (15.81 ticks)
Probing time = 0.00 sec. (5.81 ticks)
Clique table members: 303.
MIP emphasis: balance optimality and feasibility.
MIP search method: dynamic search.
Parallel mode: none, using 1 thread.
Root relaxation solution time = 0.00 sec. (8.18 ticks)

        Nodes                                         Cuts/
   Node  Left     Objective  IInf  Best Integer    Best Bound    ItCnt     Gap

*     0+    0                           33.0000     5356.0000              --- 
*     0     0      integral     0      103.0000      103.0000      315    0.00%
Elapsed time = 0.04 sec. (66.19 ticks, tree = 0.00 MB, solutions = 2)

Root node processing (before b&c):
  Real time             =    0.04 sec. (66.25 ticks)
Sequential b&c:
  Real time             =    0.00 sec. (0.00 ticks)
                          ------------
Total (root+branch&cut) =    0.04 sec. (66.25 ticks)
Primal:	103
Dual:	103
Status:	Optimal
Time:	0.04
Sequence:
	7
	10
	0
	9
	9
	0
	5
	9
	5
	5
	2
	4
	7
	1
	2
	5
	9
	9
	9
	5
	9
	7
	9
	4
	9
	4
	4
	2
	7
	4
	1
	5
	4
	2
	4
	1
	4
	3
	5
	5
	9
	0
	5
	7
	9
	4
	2
	4
	5
	2
	4
	4
	2
	9
	7
	5
	2
	9
	4
	1
	7
	2
	4
	5
	0
	10
	4
	4
	2
	10
	4
	4
	2
	4
	4
	1
	4
	2
	1
	1
	7
	4
	9
	9
	2
	9
	9
	2
	4
	4
	2
	4
	9
	2
	7
	9
	2
	9
	9
	2
	9
	3
	2
