Version identifier: 22.1.1.0 | 2022-11-28 | 9160aff4d
CPXPARAM_Threads                                 1
CPXPARAM_MIP_Strategy_VariableSelect             3
CPXPARAM_TimeLimit                               599.99999266700001
1 of 1 MIP starts provided solutions.
MIP start 'm1' defined initial solution with objective 113.0000.
Tried aggregator 1 time.
MIP Presolve eliminated 16 rows and 381 columns.
MIP Presolve modified 35 coefficients.
Reduced MIP has 2283 rows, 4572 columns, and 108549 nonzeros.
Reduced MIP has 4572 binaries, 0 generals, 0 SOSs, and 0 indicators.
Presolve time = 0.06 sec. (170.26 ticks)
Probing time = 0.01 sec. (15.88 ticks)
Tried aggregator 1 time.
Detecting symmetries...
MIP Presolve modified 10 coefficients.
Reduced MIP has 2283 rows, 4572 columns, and 108681 nonzeros.
Reduced MIP has 4572 binaries, 0 generals, 0 SOSs, and 0 indicators.
Presolve time = 0.06 sec. (162.92 ticks)
Probing time = 0.01 sec. (15.89 ticks)
Clique table members: 1515.
MIP emphasis: balance optimality and feasibility.
MIP search method: dynamic search.
Parallel mode: none, using 1 thread.
Root relaxation solution time = 0.03 sec. (76.68 ticks)

        Nodes                                         Cuts/
   Node  Left     Objective  IInf  Best Integer    Best Bound    ItCnt     Gap

*     0+    0                          113.0000    72771.0000              --- 
      0     0      381.0000    59      113.0000      381.0000      872  237.17%
*     0+    0                          381.0000      381.0000             0.00%
      0     0        cutoff            381.0000      381.0000      872    0.00%
Elapsed time = 0.27 sec. (624.23 ticks, tree = 0.01 MB, solutions = 2)

Root node processing (before b&c):
  Real time             =    0.27 sec. (624.42 ticks)
Sequential b&c:
  Real time             =    0.00 sec. (0.00 ticks)
                          ------------
Total (root+branch&cut) =    0.27 sec. (624.42 ticks)
Primal:	381
Dual:	381
Status:	Optimal
Time:	0.29
Sequence:
	4
	5
	9
	7
	5
	9
	9
	9
	9
	7
	9
	9
	5
	9
	0
	9
	5
	9
	9
	5
	3
	9
	2
	9
	4
	9
	5
	9
	9
	7
	2
	9
	5
	9
	2
	9
	1
	7
	1
	9
	1
	1
	1
	9
	7
	1
	1
	9
	1
	1
	7
	9
	1
	1
	1
	4
	1
	1
	7
	9
	1
	1
	1
	9
	1
	1
	1
	9
	1
	1
	9
	7
	4
	1
	1
	1
	4
	7
	9
	1
	1
	9
	1
	4
	7
	9
	2
	9
	5
	9
	5
	7
	9
	1
	9
	9
	4
	4
	3
	4
	9
	4
	4
	0
	4
	4
	3
	0
	4
	4
	9
	4
	1
	7
	0
	4
	10
	6
	4
	10
	4
	7
	9
	0
	4
	4
	9
	7
	0
	4
	9
	10
	5
	0
	4
	7
	0
	5
	4
	0
	4
	7
	0
	4
	4
	9
	4
	4
	1
	4
	4
	0
	4
	4
	2
	4
	4
	0
	10
	7
	4
	0
	4
	4
	0
	4
	4
	3
	4
	0
	4
	9
	4
	3
	4
	4
	2
	4
	9
	7
	4
	9
	4
	4
	0
	4
	4
	1
	4
	4
	9
	7
	4
	1
	5
	5
	9
	7
	9
	9
	5
	9
	9
	7
	9
	5
	5
	9
	5
	5
	2
	5
	5
	2
	7
	9
	5
	1
	5
	9
	5
	5
	9
	7
	0
	4
	9
	5
	5
	3
	2
	9
	9
	4
	1
	11
	9
	5
	4
	0
	5
	7
	9
	4
	1
	5
	5
	9
	9
	5
	9
	11
	5
	4
	0
	4
	4
	2
	4
	7
	0
	5
	4
	0
	10
	6
	4
	10
	4
	4
	9
	7
	4
	10
	4
	0
	4
	7
	0
	4
	4
	9
	4
	7
	9
	4
	9
	4
	4
	11
	4
	4
	0
	4
	10
	4
	7
	2
	4
	9
	4
	9
	1
	9
	7
	4
	9
	9
	9
	0
	7
	1
	9
	5
	9
	10
	7
	9
	5
	9
	4
	1
	3
	0
	9
	9
	0
	9
	9
	7
	4
	10
	1
	9
	9
	4
	7
	2
	9
	9
	6
	9
	7
	4
	1
	4
	5
	9
	4
	0
	4
	9
	7
	5
	9
	9
	9
	9
	4
	7
	9
	4
	1
	4
	9
	9
	7
	5
	9
	9
	5
	9
	9
	7
	2
	5
	1
	4
	2
	5
	7
