Version identifier: 22.1.1.0 | 2022-11-28 | 9160aff4d
CPXPARAM_Threads                                 1
CPXPARAM_MIP_Strategy_VariableSelect             3
CPXPARAM_TimeLimit                               599.99998425499996
1 of 1 MIP starts provided solutions.
MIP start 'm1' defined initial solution with objective 128.0000.
Tried aggregator 1 time.
MIP Presolve eliminated 17 rows and 812 columns.
MIP Presolve modified 33 coefficients.
Reduced MIP has 2432 rows, 4466 columns, and 115908 nonzeros.
Reduced MIP has 4466 binaries, 0 generals, 0 SOSs, and 0 indicators.
Presolve time = 0.16 sec. (181.86 ticks)
Probing time = 0.02 sec. (16.72 ticks)
Tried aggregator 1 time.
Detecting symmetries...
MIP Presolve modified 10 coefficients.
Reduced MIP has 2432 rows, 4466 columns, and 116036 nonzeros.
Reduced MIP has 4466 binaries, 0 generals, 0 SOSs, and 0 indicators.
Presolve time = 0.15 sec. (173.80 ticks)
Probing time = 0.02 sec. (16.73 ticks)
Clique table members: 1615.
MIP emphasis: balance optimality and feasibility.
MIP search method: dynamic search.
Parallel mode: none, using 1 thread.
Root relaxation solution time = 0.40 sec. (379.68 ticks)

        Nodes                                         Cuts/
   Node  Left     Objective  IInf  Best Integer    Best Bound    ItCnt     Gap

*     0+    0                          128.0000    82621.0000              --- 
      0     0      406.0000   419      128.0000      406.0000     2025  217.19%
*     0+    0                          406.0000      406.0000             0.00%
      0     0        cutoff            406.0000      406.0000     2025    0.00%
Elapsed time = 1.26 sec. (1120.87 ticks, tree = 0.01 MB, solutions = 2)

Root node processing (before b&c):
  Real time             =    1.26 sec. (1121.07 ticks)
Sequential b&c:
  Real time             =    0.00 sec. (0.00 ticks)
                          ------------
Total (root+branch&cut) =    1.26 sec. (1121.07 ticks)
Primal:	406
Dual:	406
Status:	Optimal
Time:	1.29
Sequence:
	7
	0
	5
	9
	0
	6
	7
	9
	9
	9
	0
	9
	7
	5
	9
	9
	9
	4
	11
	9
	9
	9
	0
	9
	7
	9
	9
	0
	4
	1
	7
	4
	9
	4
	6
	9
	7
	9
	9
	9
	9
	9
	7
	5
	9
	9
	9
	5
	7
	9
	0
	1
	1
	9
	11
	9
	0
	5
	5
	9
	11
	9
	9
	9
	9
	9
	7
	6
	9
	9
	5
	9
	7
	9
	5
	9
	4
	9
	7
	9
	5
	5
	9
	9
	7
	9
	9
	9
	9
	9
	11
	9
	6
	9
	9
	5
	11
	9
	6
	0
	9
	4
	7
	9
	4
	6
	1
	4
	7
	1
	1
	4
	1
	5
	7
	9
	4
	0
	9
	5
	11
	5
	9
	4
	5
	1
	11
	4
	5
	1
	5
	9
	7
	2
	4
	4
	2
	4
	7
	1
	4
	6
	1
	4
	1
	7
	4
	1
	4
	4
	1
	7
	0
	9
	5
	0
	4
	11
	4
	5
	0
	9
	1
	7
	5
	9
	5
	9
	0
	7
	1
	9
	1
	9
	1
	7
	1
	4
	5
	1
	9
	7
	1
	1
	9
	9
	1
	7
	4
	1
	1
	10
	4
	7
	1
	1
	9
	1
	1
	7
	9
	1
	0
	1
	4
	7
	1
	9
	5
	5
	2
	7
	5
	9
	5
	5
	9
	7
	5
	0
	9
	5
	9
	11
	5
	9
	5
	0
	9
	7
	9
	6
	9
	9
	5
	7
	0
	9
	1
	1
	4
	7
	9
	9
	0
	5
	10
	4
	7
	0
	5
	4
	9
	5
	11
	6
	9
	5
	4
	0
	7
	10
	4
	6
	0
	4
	7
	0
	4
	4
	0
	9
	7
	0
	4
	9
	0
	5
	7
	9
	6
	5
	9
	5
	7
	9
	5
	5
	9
	0
	11
	4
	0
	9
	10
	0
	7
	9
	1
	0
	5
	9
	11
	9
	4
	5
	9
	9
	11
	9
	4
	6
	0
	9
	7
	0
	4
	9
	9
	5
	7
	9
	5
	9
	9
	5
	11
	4
	9
	5
	9
	0
	7
	6
	9
	5
	5
	9
	11
	5
	5
	9
	5
	9
	7
	5
	1
	4
	5
	1
	7
	9
	5
	5
	9
	5
	7
	9
	5
	0
	5
	9
	7
	6
	9
	9
	9
	5
	7
	9
	5
	5
	9
	5
	9
	7
	5
	9
	5
	5
	9
	7
	5
	9
	5
	5
	2
	7
	5
	0
	9
	6
	1
	7
	4
	9
	4
	5
	9
	7
	0
	4
	4
	0
	5
	7
