Version identifier: 22.1.1.0 | 2022-11-28 | 9160aff4d
CPXPARAM_Threads                                 1
CPXPARAM_MIP_Strategy_VariableSelect             3
CPXPARAM_TimeLimit                               599.99998239800004
1 of 1 MIP starts provided solutions.
MIP start 'm1' defined initial solution with objective 215.0000.
Tried aggregator 1 time.
MIP Presolve eliminated 506 rows and 1235 columns.
MIP Presolve modified 22 coefficients.
Reduced MIP has 989 rows, 1976 columns, and 41140 nonzeros.
Reduced MIP has 1976 binaries, 0 generals, 0 SOSs, and 0 indicators.
Presolve time = 0.03 sec. (73.20 ticks)
Probing time = 0.01 sec. (9.35 ticks)
Tried aggregator 1 time.
Detecting symmetries...
MIP Presolve modified 5 coefficients.
Reduced MIP has 989 rows, 1976 columns, and 41255 nonzeros.
Reduced MIP has 1976 binaries, 0 generals, 0 SOSs, and 0 indicators.
Presolve time = 0.02 sec. (62.61 ticks)
Probing time = 0.01 sec. (9.36 ticks)
Clique table members: 495.
MIP emphasis: balance optimality and feasibility.
MIP search method: dynamic search.
Parallel mode: none, using 1 thread.
Root relaxation solution time = 0.01 sec. (19.51 ticks)

        Nodes                                         Cuts/
   Node  Left     Objective  IInf  Best Integer    Best Bound    ItCnt     Gap

*     0+    0                          215.0000    30628.0000              --- 
*     0     0      integral     0      247.0000      247.0000      296    0.00%
Elapsed time = 0.09 sec. (199.23 ticks, tree = 0.00 MB, solutions = 2)

Root node processing (before b&c):
  Real time             =    0.09 sec. (199.35 ticks)
Sequential b&c:
  Real time             =    0.00 sec. (0.00 ticks)
                          ------------
Total (root+branch&cut) =    0.09 sec. (199.35 ticks)
Primal:	247
Dual:	247
Status:	Optimal
Time:	0.09
Sequence:
	4
	4
	2
	4
	4
	9
	4
	4
	9
	4
	4
	9
	4
	4
	2
	4
	4
	2
	4
	4
	9
	4
	4
	0
	1
	4
	4
	9
	4
	4
	2
	4
	4
	2
	4
	4
	2
	4
	4
	2
	4
	1
	4
	4
	9
	4
	2
	4
	4
	9
	4
	9
	4
	9
	4
	9
	4
	9
	4
	4
	9
	4
	4
	9
	4
	4
	2
	4
	4
	2
	4
	4
	2
	4
	4
	2
	4
	4
	1
	4
	0
	4
	1
	4
	2
	4
	4
	2
	4
	4
	1
	4
	1
	4
	9
	4
	4
	2
	4
	9
	4
	9
	4
	9
	4
	2
	4
	9
	4
	2
	4
	4
	2
	4
	4
	2
	4
	4
	2
	4
	9
	4
	4
	2
	4
	9
	4
	9
	4
	4
	9
	9
	9
	9
	2
	9
	9
	9
	9
	2
	9
	9
	9
	9
	2
	9
	9
	2
	5
	4
	0
	9
	9
	2
	9
	4
	2
	4
	9
	9
	9
	2
	9
	3
	2
	4
	4
	1
	4
	4
	2
	4
	4
	2
	4
	4
	2
	4
	4
	2
	4
	4
	2
	1
	9
	2
	9
	4
	2
	9
	4
	9
	4
	2
	4
	9
	4
	4
	9
	4
	4
	9
	4
	4
	9
	4
	2
	9
	9
	9
	9
	2
	1
	4
	9
	2
	4
	4
	2
	4
	4
	2
	4
	9
	2
	9
	9
	2
	9
	9
	9
	9
	2
	4
	4
	9
	4
	2
	9
	4
	0
	4
	4
	2
	4
	4
	2
