Version identifier: 22.1.1.0 | 2022-11-28 | 9160aff4d
CPXPARAM_Threads                                 1
CPXPARAM_MIP_Strategy_VariableSelect             3
CPXPARAM_TimeLimit                               599.999958429
1 of 1 MIP starts provided solutions.
MIP start 'm1' defined initial solution with objective 256.0000.
Tried aggregator 1 time.
MIP Presolve eliminated 333 rows and 1268 columns.
MIP Presolve modified 30 coefficients.
Reduced MIP has 1582 rows, 2853 columns, and 71361 nonzeros.
Reduced MIP has 2853 binaries, 0 generals, 0 SOSs, and 0 indicators.
Presolve time = 0.10 sec. (115.57 ticks)
Probing time = 0.02 sec. (11.96 ticks)
Tried aggregator 1 time.
Detecting symmetries...
MIP Presolve modified 8 coefficients.
Reduced MIP has 1582 rows, 2853 columns, and 71493 nonzeros.
Reduced MIP has 2853 binaries, 0 generals, 0 SOSs, and 0 indicators.
Presolve time = 0.09 sec. (107.47 ticks)
Probing time = 0.02 sec. (11.97 ticks)
Clique table members: 946.
MIP emphasis: balance optimality and feasibility.
MIP search method: dynamic search.
Parallel mode: none, using 1 thread.
Root relaxation solution time = 0.02 sec. (23.38 ticks)

        Nodes                                         Cuts/
   Node  Left     Objective  IInf  Best Integer    Best Bound    ItCnt     Gap

*     0+    0                          256.0000    50403.0000              --- 
*     0     0      integral     0      317.0000      317.0000      405    0.00%
Elapsed time = 0.30 sec. (315.82 ticks, tree = 0.00 MB, solutions = 2)

Root node processing (before b&c):
  Real time             =    0.31 sec. (315.97 ticks)
Sequential b&c:
  Real time             =    0.00 sec. (0.00 ticks)
                          ------------
Total (root+branch&cut) =    0.31 sec. (315.97 ticks)
Primal:	317
Dual:	317
Status:	Optimal
Time:	0.33
Sequence:
	4
	1
	9
	4
	4
	9
	4
	4
	9
	4
	4
	2
	4
	4
	9
	4
	4
	9
	4
	4
	9
	4
	4
	2
	4
	4
	9
	4
	4
	9
	4
	4
	9
	4
	4
	9
	4
	9
	4
	4
	9
	9
	9
	9
	9
	4
	4
	9
	9
	9
	9
	1
	9
	9
	9
	9
	9
	0
	9
	9
	2
	4
	9
	2
	4
	9
	4
	9
	4
	2
	4
	9
	4
	4
	0
	4
	4
	9
	0
	4
	4
	1
	4
	0
	4
	4
	11
	4
	4
	1
	2
	4
	4
	0
	4
	4
	2
	4
	4
	0
	4
	4
	11
	4
	2
	1
	9
	4
	4
	0
	11
	1
	4
	2
	4
	9
	2
	1
	1
	4
	2
	4
	4
	2
	4
	4
	2
	1
	4
	4
	0
	4
	4
	9
	4
	4
	9
	4
	4
	9
	4
	4
	1
	4
	4
	1
	2
	4
	1
	2
	11
	1
	2
	4
	4
	2
	4
	1
	2
	9
	1
	4
	0
	4
	9
	9
	0
	9
	9
	4
	0
	7
	9
	2
	9
	9
	9
	4
	4
	9
	0
	4
	9
	2
	9
	4
	9
	9
	4
	1
	9
	9
	9
	9
	9
	4
	4
	9
	9
	4
	2
	4
	9
	9
	9
	2
	9
	4
	9
	9
	9
	4
	3
	4
	0
	9
	4
	0
	4
	9
	9
	9
	0
	9
	4
	4
	9
	9
	9
	0
	9
	4
	9
	4
	9
	4
	9
	9
	9
	9
	4
	9
	9
	4
	9
	4
	0
	9
	4
	1
	1
	4
	1
	1
	9
	0
	1
	4
	1
	1
	1
	4
	9
	4
	4
	0
	4
	1
	1
	1
	4
	1
	1
	4
	9
	4
	9
	9
	9
	9
	0
	9
	4
	4
	9
	3
	4
	0
	9
	9
	9
	9
	2
	4
	9
	2
	4
	9
	9
	9
	9
	9
	2
	9
	9
	4
	2
	9
	4
	3
	9
	9
	2
	4
	9
	3
	4
