Version identifier: 22.1.1.0 | 2022-11-28 | 9160aff4d
CPXPARAM_Threads                                 1
CPXPARAM_MIP_Strategy_VariableSelect             3
CPXPARAM_TimeLimit                               599.99998727499997
1 of 1 MIP starts provided solutions.
MIP start 'm1' defined initial solution with objective 235.0000.
Tried aggregator 1 time.
MIP Presolve eliminated 365 rows and 1056 columns.
MIP Presolve modified 27 coefficients.
Reduced MIP has 1760 rows, 3520 columns, and 84372 nonzeros.
Reduced MIP has 3520 binaries, 0 generals, 0 SOSs, and 0 indicators.
Presolve time = 0.05 sec. (134.21 ticks)
Probing time = 0.01 sec. (13.39 ticks)
Tried aggregator 1 time.
Detecting symmetries...
MIP Presolve modified 8 coefficients.
Reduced MIP has 1760 rows, 3520 columns, and 84496 nonzeros.
Reduced MIP has 3520 binaries, 0 generals, 0 SOSs, and 0 indicators.
Presolve time = 0.05 sec. (127.11 ticks)
Probing time = 0.01 sec. (13.39 ticks)
Clique table members: 1052.
MIP emphasis: balance optimality and feasibility.
MIP search method: dynamic search.
Parallel mode: none, using 1 thread.
Root relaxation solution time = 0.01 sec. (29.12 ticks)

        Nodes                                         Cuts/
   Node  Left     Objective  IInf  Best Integer    Best Bound    ItCnt     Gap

*     0+    0                          235.0000    62128.0000              --- 
      0     0      352.0000    14      235.0000      352.0000      351   49.79%
*     0+    0                          352.0000      352.0000             0.00%
      0     0        cutoff            352.0000      352.0000      351    0.00%
Elapsed time = 0.18 sec. (405.66 ticks, tree = 0.01 MB, solutions = 2)

Root node processing (before b&c):
  Real time             =    0.18 sec. (405.84 ticks)
Sequential b&c:
  Real time             =    0.00 sec. (0.00 ticks)
                          ------------
Total (root+branch&cut) =    0.18 sec. (405.84 ticks)
Primal:	352
Dual:	352
Status:	Optimal
Time:	0.2
Sequence:
	2
	6
	9
	2
	9
	10
	10
	10
	2
	10
	9
	9
	0
	10
	10
	9
	10
	9
	5
	6
	10
	2
	5
	5
	10
	8
	10
	5
	9
	9
	9
	0
	9
	9
	9
	5
	9
	5
	2
	5
	9
	9
	9
	4
	9
	1
	9
	9
	9
	10
	9
	9
	9
	2
	9
	9
	9
	9
	9
	9
	2
	9
	9
	2
	9
	9
	2
	4
	9
	9
	9
	9
	9
	9
	9
	9
	9
	9
	9
	2
	9
	9
	2
	9
	5
	5
	9
	9
	9
	2
	10
	4
	2
	4
	4
	10
	10
	2
	10
	10
	2
	9
	4
	0
	9
	9
	2
	4
	4
	2
	4
	1
	4
	2
	4
	6
	10
	8
	9
	4
	0
	5
	4
	10
	4
	4
	0
	4
	4
	1
	0
	1
	9
	9
	0
	9
	9
	9
	9
	2
	9
	9
	9
	9
	2
	9
	9
	9
	9
	9
	9
	4
	9
	9
	10
	9
	9
	9
	9
	4
	9
	9
	9
	2
	9
	9
	9
	0
	9
	9
	9
	9
	9
	9
	2
	9
	9
	9
	9
	9
	9
	0
	9
	9
	9
	9
	9
	2
	9
	9
	9
	9
	9
	9
	9
	10
	9
	9
	9
	9
	2
	9
	9
	2
	9
	9
	9
	9
	9
	9
	9
	9
	9
	9
	9
	9
	9
	9
	9
	9
	1
	1
	9
	6
	1
	0
	9
	4
	9
	9
	0
	5
	5
	9
	5
	4
	0
	10
	5
	2
	10
	10
	2
	9
	9
	2
	10
	9
	2
	1
	1
	1
	2
	1
	1
	1
	9
	1
	1
	1
	4
	9
	5
	5
	9
	5
	1
	6
	2
	9
	9
	0
	9
	9
	9
	9
	9
	9
	10
	4
	4
	9
	4
	2
	4
	10
	4
	9
	4
	4
	2
	4
	4
	2
	9
	9
	9
	9
	9
	9
	9
	9
	9
	9
	9
	5
	9
	9
	9
	2
	9
	9
	9
	10
	9
	9
	9
	9
	8
	9
	10
	2
	9
	9
	9
	9
	9
	9
	9
	9
	9
	9
	9
	9
	9
	2
	9
	9
	9
	4
	4
	9
	4
	4
	9
	5
	4
	2
	5
	4
	2
	10
