Version identifier: 22.1.1.0 | 2022-11-28 | 9160aff4d
CPXPARAM_Threads                                 1
CPXPARAM_MIP_Strategy_VariableSelect             3
CPXPARAM_TimeLimit                               599.99997602099995
1 of 1 MIP starts provided solutions.
MIP start 'm1' defined initial solution with objective 266.0000.
Tried aggregator 1 time.
MIP Presolve eliminated 18 rows and 1056 columns.
MIP Presolve modified 36 coefficients.
Reduced MIP has 2107 rows, 3520 columns, and 87860 nonzeros.
Reduced MIP has 3520 binaries, 0 generals, 0 SOSs, and 0 indicators.
Presolve time = 0.05 sec. (142.36 ticks)
Probing time = 0.01 sec. (13.46 ticks)
Tried aggregator 1 time.
Detecting symmetries...
MIP Presolve modified 10 coefficients.
Reduced MIP has 2107 rows, 3520 columns, and 87995 nonzeros.
Reduced MIP has 3520 binaries, 0 generals, 0 SOSs, and 0 indicators.
Presolve time = 0.05 sec. (133.37 ticks)
Probing time = 0.01 sec. (13.47 ticks)
Clique table members: 1399.
MIP emphasis: balance optimality and feasibility.
MIP search method: dynamic search.
Parallel mode: none, using 1 thread.
Root relaxation solution time = 0.01 sec. (28.01 ticks)

        Nodes                                         Cuts/
   Node  Left     Objective  IInf  Best Integer    Best Bound    ItCnt     Gap

*     0+    0                          266.0000    62128.0000              --- 
*     0     0      integral     0      352.0000      352.0000      412    0.00%
Elapsed time = 0.17 sec. (389.00 ticks, tree = 0.00 MB, solutions = 2)

Root node processing (before b&c):
  Real time             =    0.17 sec. (389.17 ticks)
Sequential b&c:
  Real time             =    0.00 sec. (0.00 ticks)
                          ------------
Total (root+branch&cut) =    0.17 sec. (389.17 ticks)
Primal:	352
Dual:	352
Status:	Optimal
Time:	0.18
Sequence:
	0
	4
	11
	2
	4
	4
	2
	9
	4
	0
	4
	4
	9
	9
	4
	9
	5
	0
	4
	4
	9
	5
	9
	0
	5
	4
	0
	4
	9
	4
	4
	9
	4
	4
	9
	4
	0
	4
	4
	9
	4
	4
	9
	4
	4
	9
	9
	9
	9
	4
	9
	9
	9
	9
	4
	4
	0
	9
	9
	2
	9
	9
	4
	4
	9
	9
	9
	2
	9
	4
	9
	4
	2
	4
	9
	2
	9
	9
	2
	9
	9
	2
	1
	1
	1
	9
	2
	9
	9
	4
	4
	9
	4
	0
	4
	4
	0
	4
	9
	4
	4
	2
	4
	4
	2
	4
	4
	2
	4
	9
	4
	6
	2
	4
	4
	2
	4
	4
	0
	4
	1
	4
	4
	0
	4
	6
	0
	4
	9
	0
	4
	4
	0
	4
	3
	4
	4
	2
	4
	4
	2
	4
	4
	1
	4
	4
	2
	3
	4
	9
	4
	2
	4
	9
	4
	11
	4
	1
	4
	1
	4
	1
	1
	4
	9
	0
	6
	4
	0
	4
	4
	0
	4
	4
	0
	4
	9
	0
	1
	9
	9
	4
	9
	1
	4
	0
	9
	1
	0
	9
	9
	0
	9
	9
	0
	9
	9
	4
	9
	9
	9
	9
	9
	0
	5
	9
	9
	9
	9
	4
	3
	4
	2
	9
	1
	9
	9
	9
	9
	1
	9
	2
	1
	9
	2
	9
	9
	4
	2
	1
	4
	2
	9
	4
	2
	4
	4
	2
	4
	4
	2
	4
	9
	4
	4
	9
	2
	4
	9
	4
	2
	9
	9
	9
	2
	4
	9
	4
	2
	9
	9
	2
	9
	9
	2
	9
	9
	4
	2
	4
	4
	9
	4
	4
	9
	9
	5
	2
	9
	9
	2
	1
	9
	9
	9
	0
	9
	9
	9
	9
	9
	3
	9
	9
	9
	9
	4
	4
	0
	4
	4
	9
	4
	4
	9
	1
	9
	1
	9
	9
	9
	0
	9
	4
	4
	9
	0
	9
	4
	4
	9
	9
	4
	4
	9
	4
	4
	9
	4
	2
	4
	9
	4
	0
	9
	9
	4
	4
	9
	9
	9
	5
	1
	0
	9
	9
	5
	5
	9
	6
	2
	5
