Version identifier: 22.1.0.0 | 2022-03-09 | 1a383f8ce
CPXPARAM_Threads                                 1
CPXPARAM_MIP_Strategy_VariableSelect             3
CPXPARAM_TimeLimit                               599.99996984799998
1 of 1 MIP starts provided solutions.
MIP start 'm1' defined initial solution with objective 117.0000.
Tried aggregator 2 times.
MIP Presolve eliminated 191 rows and 746 columns.
MIP Presolve added 32 rows and 8 columns.
MIP Presolve modified 63 coefficients.
Aggregator did 8 substitutions.
Reduced MIP has 889 rows, 1192 columns, and 19723 nonzeros.
Reduced MIP has 1192 binaries, 0 generals, 0 SOSs, and 0 indicators.
Presolve time = 0.03 sec. (43.79 ticks)
Probing time = 0.01 sec. (6.46 ticks)
Tried aggregator 1 time.
Detecting symmetries...
MIP Presolve modified 8 coefficients.
Reduced MIP has 889 rows, 1192 columns, and 19895 nonzeros.
Reduced MIP has 1192 binaries, 0 generals, 0 SOSs, and 0 indicators.
Presolve time = 0.02 sec. (25.55 ticks)
Probing time = 0.01 sec. (6.47 ticks)
Clique table members: 590.
MIP emphasis: balance optimality and feasibility.
MIP search method: dynamic search.
Parallel mode: none, using 1 thread.
Root relaxation solution time = 0.01 sec. (10.03 ticks)

        Nodes                                         Cuts/
   Node  Left     Objective  IInf  Best Integer    Best Bound    ItCnt     Gap

*     0+    0                          117.0000    11175.0000              --- 
      0     0      149.0000    18      117.0000      149.0000      329   27.35%
*     0+    0                          149.0000      149.0000             0.00%
      0     0        cutoff            149.0000      149.0000      329    0.00%
Elapsed time = 0.10 sec. (115.66 ticks, tree = 0.01 MB, solutions = 2)

Root node processing (before b&c):
  Real time             =    0.10 sec. (115.74 ticks)
Sequential b&c:
  Real time             =    0.00 sec. (0.00 ticks)
                          ------------
Total (root+branch&cut) =    0.10 sec. (115.74 ticks)
Primal:	149
Dual:	149
Status:	Optimal
Time:	0.1
Sequence:
	0
	1
	9
	11
	9
	0
	5
	9
	0
	11
	9
	5
	9
	0
	9
	9
	9
	5
	9
	5
	9
	9
	0
	5
	9
	9
	9
	4
	0
	9
	9
	0
	9
	9
	0
	9
	4
	1
	4
	0
	4
	4
	0
	5
	4
	0
	4
	9
	4
	4
	0
	11
	4
	1
	9
	0
	1
	9
	4
	5
	0
	4
	1
	9
	1
	0
	4
	4
	1
	4
	0
	1
	4
	1
	0
	5
	9
	0
	5
	9
	9
	5
	9
	0
	9
	4
	4
	0
	9
	4
	0
	9
	9
	0
	4
	4
	0
	9
	9
	5
	9
	0
	9
	1
	0
	1
	9
	1
	9
	0
	9
	9
	5
	0
	9
	1
	0
	4
	4
	0
	9
	9
	0
	9
	9
	0
	9
	9
	0
	9
	9
	9
	9
	2
	9
	1
	0
	9
	9
	5
	9
	0
	9
	5
	4
	0
	4
	1
	0
