Version identifier: 22.1.0.0 | 2022-03-09 | 1a383f8ce
CPXPARAM_Threads                                 1
CPXPARAM_MIP_Strategy_VariableSelect             3
CPXPARAM_TimeLimit                               599.99993976400003
1 of 1 MIP starts provided solutions.
MIP start 'm1' defined initial solution with objective 111.0000.
Tried aggregator 2 times.
MIP Presolve eliminated 43 rows and 574 columns.
MIP Presolve added 32 rows and 8 columns.
MIP Presolve modified 66 coefficients.
Aggregator did 8 substitutions.
Reduced MIP has 1331 rows, 1910 columns, and 33401 nonzeros.
Reduced MIP has 1910 binaries, 0 generals, 0 SOSs, and 0 indicators.
Presolve time = 0.07 sec. (69.80 ticks)
Probing time = 0.01 sec. (8.76 ticks)
Tried aggregator 1 time.
Detecting symmetries...
MIP Presolve modified 11 coefficients.
Reduced MIP has 1331 rows, 1910 columns, and 33592 nonzeros.
Reduced MIP has 1910 binaries, 0 generals, 0 SOSs, and 0 indicators.
Presolve time = 0.04 sec. (45.89 ticks)
Probing time = 0.01 sec. (8.77 ticks)
Clique table members: 945.
MIP emphasis: balance optimality and feasibility.
MIP search method: dynamic search.
Parallel mode: none, using 1 thread.
Root relaxation solution time = 0.03 sec. (21.86 ticks)

        Nodes                                         Cuts/
   Node  Left     Objective  IInf  Best Integer    Best Bound    ItCnt     Gap

*     0+    0                          111.0000    18336.0000              --- 
      0     0      191.0000   159      111.0000      191.0000      597   72.07%
*     0+    0                          191.0000      191.0000             0.00%
      0     0        cutoff            191.0000      191.0000      597    0.00%
Elapsed time = 0.26 sec. (230.94 ticks, tree = 0.01 MB, solutions = 2)

Root node processing (before b&c):
  Real time             =    0.26 sec. (231.03 ticks)
Sequential b&c:
  Real time             =    0.00 sec. (0.00 ticks)
                          ------------
Total (root+branch&cut) =    0.26 sec. (231.03 ticks)
Primal:	191
Dual:	191
Status:	Optimal
Time:	0.27
Sequence:
	0
	6
	4
	9
	1
	9
	6
	4
	1
	9
	5
	4
	9
	5
	9
	6
	9
	10
	9
	6
	2
	5
	9
	6
	0
	11
	4
	6
	0
	9
	5
	2
	9
	6
	4
	9
	5
	2
	6
	9
	5
	9
	9
	6
	9
	10
	9
	6
	9
	4
	9
	5
	0
	4
	6
	0
	4
	4
	0
	6
	9
	5
	2
	6
	4
	0
	4
	1
	4
	5
	0
	6
	9
	1
	4
	9
	6
	9
	5
	9
	6
	9
	5
	9
	4
	6
	9
	1
	0
	4
	6
	0
	1
	9
	0
	6
	4
	1
	9
	6
	0
	1
	9
	5
	0
	6
	9
	1
	0
	11
	9
	6
	9
	1
	9
	6
	4
	0
	5
	9
	5
	4
	0
	6
	9
	5
	2
	6
	9
	2
	5
	4
	1
	0
	9
	5
	2
	6
	9
	10
	9
	6
	2
	5
	9
	6
	9
	9
	4
	6
	2
	1
	9
	6
	9
	1
	9
	6
	9
	5
	9
	6
	9
	5
	0
	6
	4
	9
	10
	4
	6
	0
	5
	4
	1
	4
	0
	6
	9
	5
	0
	5
	4
	9
	6
	4
	9
	4
	4
	9
	6
