Version identifier: 22.1.0.0 | 2022-03-09 | 1a383f8ce
CPXPARAM_Threads                                 1
CPXPARAM_MIP_Strategy_VariableSelect             3
CPXPARAM_TimeLimit                               599.99468991599997
Tried aggregator 1 time.
MIP Presolve eliminated 19 rows and 860 columns.
MIP Presolve modified 4 coefficients.
Reduced MIP has 1498 rows, 1720 columns, and 14701 nonzeros.
Reduced MIP has 1720 binaries, 0 generals, 0 SOSs, and 0 indicators.
Presolve time = 0.02 sec. (9.36 ticks)
Probing time = 0.00 sec. (2.43 ticks)
Tried aggregator 1 time.
Detecting symmetries...
Reduced MIP has 1498 rows, 1720 columns, and 14701 nonzeros.
Reduced MIP has 1720 binaries, 0 generals, 0 SOSs, and 0 indicators.
Presolve time = 0.01 sec. (8.85 ticks)
Probing time = 0.00 sec. (2.43 ticks)
Clique table members: 1064.
MIP emphasis: balance optimality and feasibility.
MIP search method: dynamic search.
Parallel mode: none, using 1 thread.
Root relaxation solution time = 0.02 sec. (12.74 ticks)

        Nodes                                         Cuts/
   Node  Left     Objective  IInf  Best Integer    Best Bound    ItCnt     Gap

      0     0    infeasible                                        396         

Root node processing (before b&c):
  Real time             =    0.12 sec. (75.75 ticks)
Sequential b&c:
  Real time             =    0.00 sec. (0.00 ticks)
                          ------------
Total (root+branch&cut) =    0.12 sec. (75.75 ticks)
Primal:	214
Dual:	214
Status:	Optimal
Time:	0.151661
Sequence:
	0
