Version identifier: 22.1.0.0 | 2022-03-09 | 1a383f8ce
CPXPARAM_Threads                                 1
CPXPARAM_MIP_Strategy_VariableSelect             3
CPXPARAM_TimeLimit                               599.99059967200003
Tried aggregator 1 time.
MIP Presolve eliminated 423 rows and 2035 columns.
Reduced MIP has 2438 rows, 2849 columns, and 22289 nonzeros.
Reduced MIP has 2849 binaries, 0 generals, 0 SOSs, and 0 indicators.
Presolve time = 0.03 sec. (13.52 ticks)
Probing time = 0.00 sec. (2.67 ticks)
Tried aggregator 1 time.
Detecting symmetries...
Reduced MIP has 2438 rows, 2849 columns, and 22289 nonzeros.
Reduced MIP has 2849 binaries, 0 generals, 0 SOSs, and 0 indicators.
Presolve time = 0.02 sec. (13.92 ticks)
Probing time = 0.00 sec. (2.67 ticks)
Clique table members: 1622.
MIP emphasis: balance optimality and feasibility.
MIP search method: dynamic search.
Parallel mode: none, using 1 thread.
Root relaxation solution time = 0.02 sec. (19.54 ticks)

        Nodes                                         Cuts/
   Node  Left     Objective  IInf  Best Integer    Best Bound    ItCnt     Gap

      0     0    infeasible                                        450         

Root node processing (before b&c):
  Real time             =    0.16 sec. (103.74 ticks)
Sequential b&c:
  Real time             =    0.00 sec. (0.00 ticks)
                          ------------
Total (root+branch&cut) =    0.16 sec. (103.74 ticks)
Primal:	406
Dual:	406
Status:	Optimal
Time:	0.206772
Sequence:
	0
