Version identifier: 22.1.0.0 | 2022-03-09 | 1a383f8ce
CPXPARAM_Threads                                 1
CPXPARAM_MIP_Strategy_VariableSelect             3
CPXPARAM_TimeLimit                               599.99649209899997
Tried aggregator 1 time.
MIP Presolve eliminated 19 rows and 435 columns.
MIP Presolve modified 1 coefficients.
Reduced MIP has 1008 rows, 1305 columns, and 11013 nonzeros.
Reduced MIP has 1305 binaries, 0 generals, 0 SOSs, and 0 indicators.
Presolve time = 0.01 sec. (6.41 ticks)
Probing time = 0.00 sec. (2.37 ticks)
Tried aggregator 1 time.
Detecting symmetries...
Reduced MIP has 1008 rows, 1305 columns, and 11013 nonzeros.
Reduced MIP has 1305 binaries, 0 generals, 0 SOSs, and 0 indicators.
Presolve time = 0.01 sec. (7.13 ticks)
Probing time = 0.00 sec. (2.37 ticks)
Clique table members: 714.
MIP emphasis: balance optimality and feasibility.
MIP search method: dynamic search.
Parallel mode: none, using 1 thread.
Root relaxation solution time = 0.01 sec. (8.73 ticks)

        Nodes                                         Cuts/
   Node  Left     Objective  IInf  Best Integer    Best Bound    ItCnt     Gap

      0     0    infeasible                                        312         

Root node processing (before b&c):
  Real time             =    0.10 sec. (61.50 ticks)
Sequential b&c:
  Real time             =    0.00 sec. (0.00 ticks)
                          ------------
Total (root+branch&cut) =    0.10 sec. (61.50 ticks)
Primal:	144
Dual:	144
Status:	Optimal
Time:	0.120303
Sequence:
	0
