Version identifier: 22.1.0.0 | 2022-03-09 | 1a383f8ce
CPXPARAM_Threads                                 1
CPXPARAM_MIP_Strategy_VariableSelect             3
CPXPARAM_TimeLimit                               599.98863243200003
Tried aggregator 1 time.
MIP Presolve eliminated 323 rows and 468 columns.
MIP Presolve modified 1 coefficients.
Reduced MIP has 781 rows, 1404 columns, and 10342 nonzeros.
Reduced MIP has 1404 binaries, 0 generals, 0 SOSs, and 0 indicators.
Presolve time = 0.02 sec. (7.26 ticks)
Probing time = 0.00 sec. (3.58 ticks)
Tried aggregator 1 time.
Detecting symmetries...
Reduced MIP has 781 rows, 1404 columns, and 10342 nonzeros.
Reduced MIP has 1404 binaries, 0 generals, 0 SOSs, and 0 indicators.
Presolve time = 0.01 sec. (6.23 ticks)
Probing time = 0.00 sec. (3.58 ticks)
Clique table members: 468.
MIP emphasis: balance optimality and feasibility.
MIP search method: dynamic search.
Parallel mode: none, using 1 thread.
Root relaxation solution time = 0.02 sec. (11.98 ticks)

        Nodes                                         Cuts/
   Node  Left     Objective  IInf  Best Integer    Best Bound    ItCnt     Gap

      0     0    infeasible                                        435         

Root node processing (before b&c):
  Real time             =    0.11 sec. (66.90 ticks)
Sequential b&c:
  Real time             =    0.00 sec. (0.00 ticks)
                          ------------
Total (root+branch&cut) =    0.11 sec. (66.90 ticks)
Primal:	155
Dual:	155
Status:	Optimal
Time:	0.130879
Sequence:
	0
