Version identifier: 22.1.0.0 | 2022-03-09 | 1a383f8ce
CPXPARAM_Threads                                 1
CPXPARAM_MIP_Strategy_VariableSelect             3
CPXPARAM_TimeLimit                               599.99090953799998
Tried aggregator 1 time.
MIP Presolve eliminated 18 rows and 752 columns.
Reduced MIP has 2626 rows, 3760 columns, and 35140 nonzeros.
Reduced MIP has 3760 binaries, 0 generals, 0 SOSs, and 0 indicators.
Presolve time = 0.04 sec. (18.93 ticks)
Probing time = 0.00 sec. (2.95 ticks)
Tried aggregator 1 time.
Detecting symmetries...
Reduced MIP has 2626 rows, 3760 columns, and 35140 nonzeros.
Reduced MIP has 3760 binaries, 0 generals, 0 SOSs, and 0 indicators.
Presolve time = 0.03 sec. (22.01 ticks)
Probing time = 0.00 sec. (2.95 ticks)
Clique table members: 1869.
MIP emphasis: balance optimality and feasibility.
MIP search method: dynamic search.
Parallel mode: none, using 1 thread.
Root relaxation solution time = 0.04 sec. (34.56 ticks)

        Nodes                                         Cuts/
   Node  Left     Objective  IInf  Best Integer    Best Bound    ItCnt     Gap

      0     0    infeasible                                        713         

Root node processing (before b&c):
  Real time             =    0.22 sec. (144.25 ticks)
Sequential b&c:
  Real time             =    0.00 sec. (0.00 ticks)
                          ------------
Total (root+branch&cut) =    0.22 sec. (144.25 ticks)
Primal:	375
Dual:	375
Status:	Optimal
Time:	0.266829
Sequence:
	0
