Version identifier: 22.1.0.0 | 2022-03-09 | 1a383f8ce
CPXPARAM_Threads                                 1
CPXPARAM_MIP_Strategy_VariableSelect             3
CPXPARAM_TimeLimit                               599.992006285
Tried aggregator 1 time.
MIP Presolve eliminated 335 rows and 1272 columns.
Reduced MIP has 1903 rows, 2544 columns, and 23350 nonzeros.
Reduced MIP has 2544 binaries, 0 generals, 0 SOSs, and 0 indicators.
Presolve time = 0.03 sec. (13.69 ticks)
Probing time = 0.00 sec. (5.18 ticks)
Tried aggregator 1 time.
Detecting symmetries...
Reduced MIP has 1903 rows, 2544 columns, and 23350 nonzeros.
Reduced MIP has 2544 binaries, 0 generals, 0 SOSs, and 0 indicators.
Presolve time = 0.02 sec. (15.32 ticks)
Probing time = 0.00 sec. (5.18 ticks)
Clique table members: 1265.
MIP emphasis: balance optimality and feasibility.
MIP search method: dynamic search.
Parallel mode: none, using 1 thread.
Root relaxation solution time = 0.02 sec. (14.65 ticks)

        Nodes                                         Cuts/
   Node  Left     Objective  IInf  Best Integer    Best Bound    ItCnt     Gap

      0     0    infeasible                                        363         

Root node processing (before b&c):
  Real time             =    0.15 sec. (105.64 ticks)
Sequential b&c:
  Real time             =    0.00 sec. (0.00 ticks)
                          ------------
Total (root+branch&cut) =    0.15 sec. (105.64 ticks)
Primal:	317
Dual:	317
Status:	Optimal
Time:	0.194414
Sequence:
	0
