Version identifier: 22.1.0.0 | 2022-03-09 | 1a383f8ce
CPXPARAM_Threads                                 1
CPXPARAM_MIP_Strategy_VariableSelect             3
CPXPARAM_TimeLimit                               600
Retaining values of one MIP start for possible repair.
Tried aggregator 2 times.
MIP Presolve eliminated 46 rows and 1108 columns.
MIP Presolve added 36 rows and 9 columns.
MIP Presolve modified 44 coefficients.
Aggregator did 9 substitutions.
Reduced MIP has 2577 rows, 3690 columns, and 100027 nonzeros.
Reduced MIP has 3690 binaries, 0 generals, 0 SOSs, and 0 indicators.
Presolve time = 0.13 sec. (197.07 ticks)
Found incumbent of value 1.000000 after 0.17 sec. (215.62 ticks)
Probing time = 0.02 sec. (14.87 ticks)
Tried aggregator 1 time.
Detecting symmetries...
MIP Presolve modified 11 coefficients.
Reduced MIP has 2577 rows, 3690 columns, and 100158 nonzeros.
Reduced MIP has 3690 binaries, 0 generals, 0 SOSs, and 0 indicators.
Presolve time = 0.09 sec. (149.72 ticks)
Probing time = 0.02 sec. (14.88 ticks)
Clique table members: 1835.
MIP emphasis: balance optimality and feasibility.
MIP search method: dynamic search.
Parallel mode: none, using 1 thread.
Root relaxation solution time = 0.03 sec. (31.07 ticks)

        Nodes                                         Cuts/
   Node  Left     Objective  IInf  Best Integer    Best Bound    ItCnt     Gap

*     0+    0                            1.0000    68265.0000              --- 
      0     0      369.0000    90        1.0000      369.0000      496     --- 
*     0+    0                          369.0000      369.0000             0.00%
      0     0        cutoff            369.0000      369.0000      496    0.00%
Elapsed time = 0.47 sec. (580.24 ticks, tree = 0.01 MB, solutions = 2)

Root node processing (before b&c):
  Real time             =    0.48 sec. (580.42 ticks)
Sequential b&c:
  Real time             =    0.00 sec. (0.00 ticks)
                          ------------
Total (root+branch&cut) =    0.48 sec. (580.42 ticks)
Primal:	369
Dual:	369
Status:	Optimal
Time:	0.5
Sequence:
	0
	4
	6
	9
	4
	9
	3
	9
	9
	5
	0
	6
	9
	11
	9
	6
	9
	9
	9
	9
	9
	6
	9
	9
	0
	9
	9
	0
	10
	9
	9
	9
	10
	4
	9
	9
	9
	9
	9
	9
	9
	9
	5
	9
	9
	9
	5
	9
	9
	9
	9
	9
	9
	9
	9
	9
	9
	0
	9
	9
	9
	9
	9
	1
	9
	9
	9
	9
	9
	5
	9
	4
	5
	9
	4
	9
	4
	9
	5
	9
	9
	9
	4
	9
	5
	4
	9
	9
	9
	9
	4
	9
	9
	4
	9
	4
	4
	0
	4
	6
	0
	4
	4
	0
	5
	4
	0
	4
	6
	0
	4
	9
	4
	0
	6
	4
	0
	1
	4
	1
	0
	4
	9
	4
	6
	0
	5
	4
	11
	4
	0
	5
	4
	0
	3
	4
	6
	0
	4
	4
	9
	0
	9
	9
	9
	5
	9
	1
	9
	6
	0
	1
	9
	1
	0
	5
	9
	9
	9
	6
	4
	9
	1
	4
	9
	4
	0
	4
	4
	9
	4
	4
	0
	4
	9
	0
	5
	4
	9
	0
	4
	4
	9
	4
	4
	9
	4
	4
	9
	4
	4
	9
	4
	9
	4
	9
	4
	4
	0
	9
	9
	4
	9
	9
	9
	9
	9
	9
	0
	9
	9
	9
	9
	5
	9
	5
	4
	9
	9
	9
	5
	9
	5
	9
	5
	0
	5
	9
	5
	0
	5
	9
	1
	0
	4
	6
	9
	5
	0
	6
	9
	5
	4
	0
	5
	9
	6
	9
	1
	0
	10
	9
	6
	0
	5
	9
	0
	5
	4
	0
	4
	6
	0
	9
	9
	5
	9
	5
	0
	9
	5
	0
	5
	9
	5
	9
	5
	0
	9
	5
	9
	9
	0
	9
	9
	9
	9
	9
	9
	1
	9
	9
	9
	5
	4
	0
	9
	5
	4
	9
	9
	1
	0
	9
	9
	0
	9
	9
	0
	9
	9
	9
	9
	4
	9
	9
	9
	9
	9
	9
	9
	9
	0
	9
	9
	9
	9
	9
	9
	9
	5
	9
	9
	9
	9
	9
	9
	9
	5
	0
	4
	9
	9
	4
	9
	4
	9
	9
	5
	9
	9
	9
	9
	5
	9
	5
	0
	5
	9
	6
	9
	5
	4
	1
	9
	10
	9
	6
	0
