Version identifier: 22.1.0.0 | 2022-03-09 | 1a383f8ce
CPXPARAM_Threads                                 1
CPXPARAM_MIP_Strategy_VariableSelect             3
CPXPARAM_TimeLimit                               599.92476634000002
1 of 1 MIP starts provided solutions.
MIP start 'm1' defined initial solution with objective 99.0000.
Tried aggregator 1 time.
MIP Presolve eliminated 217 rows and 510 columns.
MIP Presolve modified 4 coefficients.
Reduced MIP has 610 rows, 714 columns, and 5932 nonzeros.
Reduced MIP has 714 binaries, 0 generals, 0 SOSs, and 0 indicators.
Presolve time = 0.01 sec. (4.47 ticks)
Probing time = 0.00 sec. (2.42 ticks)
Tried aggregator 1 time.
Detecting symmetries...
Reduced MIP has 610 rows, 714 columns, and 5932 nonzeros.
Reduced MIP has 714 binaries, 0 generals, 0 SOSs, and 0 indicators.
Presolve time = 0.01 sec. (3.53 ticks)
Probing time = 0.00 sec. (2.42 ticks)
Clique table members: 304.
MIP emphasis: balance optimality and feasibility.
MIP search method: dynamic search.
Parallel mode: none, using 1 thread.
Root relaxation solution time = 0.02 sec. (10.77 ticks)

        Nodes                                         Cuts/
   Node  Left     Objective  IInf  Best Integer    Best Bound    ItCnt     Gap

*     0+    0                           99.0000      714.0000           621.21%
      0     0      100.0000   192       99.0000      100.0000      478    1.01%
      0     2      100.0000     4       99.0000      100.0000      478    1.01%
Elapsed time = 0.22 sec. (139.07 ticks, tree = 0.01 MB, solutions = 1)
     17     7      100.0000     6       99.0000      100.0000     2321    1.01%
*    32     1      integral     0      100.0000      100.0000     3662    0.00%

Root node processing (before b&c):
  Real time             =    0.22 sec. (139.07 ticks)
Sequential b&c:
  Real time             =    0.49 sec. (443.56 ticks)
                          ------------
Total (root+branch&cut) =    0.71 sec. (582.63 ticks)
Primal:	100
Dual:	100
Status:	Optimal
Time:	0.71
Sequence:
	0
	9
	10
	0
	10
	9
	0
	10
	9
	0
	4
	4
	2
	1
	4
	0
	1
	9
	0
	9
	1
	0
	4
	1
	2
	9
	4
	0
	4
	4
	0
	9
	4
	2
	4
	4
	0
	4
	4
	0
	4
	11
	0
	1
	4
	0
	4
	9
	0
	9
	9
	0
	9
	10
	0
	9
	4
	0
	4
	10
	2
	10
	9
	0
	9
	4
	0
	10
	4
	2
	4
	4
	0
	4
	4
	0
	1
	9
	0
	4
	10
	0
	9
	1
	2
	4
	4
	2
	9
	4
	0
	4
	4
	0
	9
	9
	0
	1
	4
	2
