Version identifier: 22.1.0.0 | 2022-03-09 | 1a383f8ce
CPXPARAM_Threads                                 1
CPXPARAM_MIP_Strategy_VariableSelect             3
CPXPARAM_TimeLimit                               599.99999238299995
1 of 1 MIP starts provided solutions.
MIP start 'm1' defined initial solution with objective 220.0000.
Tried aggregator 1 time.
MIP Presolve eliminated 235 rows and 660 columns.
MIP Presolve modified 4 coefficients.
Reduced MIP has 1536 rows, 1980 columns, and 21160 nonzeros.
Reduced MIP has 1980 binaries, 0 generals, 0 SOSs, and 0 indicators.
Presolve time = 0.03 sec. (12.83 ticks)
Probing time = 0.00 sec. (2.63 ticks)
Tried aggregator 1 time.
Detecting symmetries...
MIP Presolve eliminated 1 rows and 0 columns.
Reduced MIP has 1535 rows, 1980 columns, and 21152 nonzeros.
Reduced MIP has 1980 binaries, 0 generals, 0 SOSs, and 0 indicators.
Presolve time = 0.02 sec. (12.69 ticks)
Probing time = 0.00 sec. (2.63 ticks)
Clique table members: 872.
MIP emphasis: balance optimality and feasibility.
MIP search method: dynamic search.
Parallel mode: none, using 1 thread.
Root relaxation solution time = 0.00 sec. (3.34 ticks)

        Nodes                                         Cuts/
   Node  Left     Objective  IInf  Best Integer    Best Bound    ItCnt     Gap

*     0+    0                          220.0000     1980.0000           800.00%
      0     0        cutoff            220.0000                      9     --- 

Root node processing (before b&c):
  Real time             =    0.07 sec. (41.90 ticks)
Sequential b&c:
  Real time             =    0.00 sec. (0.00 ticks)
                          ------------
Total (root+branch&cut) =    0.07 sec. (41.90 ticks)
Primal:	220
Dual:	220
Status:	Optimal
Time:	0.09
Sequence:
	1
	4
	5
	2
	3
	9
	0
	1
	4
	4
	1
	2
	5
	4
	0
	5
	9
	7
	9
	4
	9
	2
	9
	9
	0
	7
	9
	5
	8
	1
	9
	9
	7
	8
	9
	5
	9
	1
	9
	4
	0
	3
	4
	0
	1
	9
	5
	4
	0
	9
	5
	8
	1
	4
	8
	9
	9
	1
	9
	4
	4
	3
	8
	1
	4
	4
	0
	9
	7
	4
	1
	4
	0
	4
	3
	9
	0
	5
	4
	9
	3
	4
	0
	1
	4
	0
	7
	9
	4
	4
	1
	9
	7
	0
	1
	4
	1
	9
	9
	5
	9
	5
	9
	7
	4
	1
	4
	1
	4
	4
	9
	9
	9
	7
	4
	1
	4
	5
	9
	7
	4
	9
	1
	4
	9
	7
	4
	9
	9
	1
	4
	4
	9
	7
	9
	9
	1
	9
	1
	4
	5
	9
	9
	4
	7
	9
	4
	4
	1
	4
	9
	7
	9
	5
	4
	9
	9
	1
	4
	7
	9
	5
	9
	4
	1
	4
	4
	1
	9
	9
	7
	4
	1
	9
	9
	1
	9
	5
	9
	5
	9
	9
	5
	9
	7
	9
	5
	9
	5
	9
	9
	1
	9
	9
	1
	9
	1
	9
	1
	9
	1
	9
	5
	9
	5
	9
	9
	9
	9
	5
	9
	9
	5
	9
	9
	5
	9
	9
	9
	9
