Version identifier: 22.1.0.0 | 2022-03-09 | 1a383f8ce
CPXPARAM_Threads                                 1
CPXPARAM_MIP_Strategy_VariableSelect             3
CPXPARAM_TimeLimit                               598.56004209299999
1 of 1 MIP starts provided solutions.
MIP start 'm1' defined initial solution with objective 331.0000.
Tried aggregator 1 time.
MIP Presolve eliminated 19 rows and 1460 columns.
MIP Presolve modified 4 coefficients.
Reduced MIP has 2912 rows, 2920 columns, and 31962 nonzeros.
Reduced MIP has 2920 binaries, 0 generals, 0 SOSs, and 0 indicators.
Presolve time = 0.03 sec. (19.44 ticks)
Probing time = 0.00 sec. (2.77 ticks)
Tried aggregator 1 time.
Detecting symmetries...
Reduced MIP has 2912 rows, 2920 columns, and 31962 nonzeros.
Reduced MIP has 2920 binaries, 0 generals, 0 SOSs, and 0 indicators.
Presolve time = 0.03 sec. (18.57 ticks)
Probing time = 0.00 sec. (2.77 ticks)
Clique table members: 1814.
MIP emphasis: balance optimality and feasibility.
MIP search method: dynamic search.
Parallel mode: none, using 1 thread.
Root relaxation solution time = 0.29 sec. (212.22 ticks)

        Nodes                                         Cuts/
   Node  Left     Objective  IInf  Best Integer    Best Bound    ItCnt     Gap

*     0+    0                          331.0000     2920.0000           782.18%
      0     0      347.9533   656      331.0000      347.9533     2979    5.12%
      0     0      347.0000   509      331.0000     Cuts: 102     3212    4.83%
      0     0      346.8952   524      331.0000      Cuts: 39     3956    4.80%
      0     0      346.8403   546      331.0000      Cuts: 57     4329    4.79%
      0     0      346.8397   657      331.0000      Cuts: 43     4550    4.79%
      0     0      346.8392   636      331.0000      Cuts: 34     4718    4.79%
Detecting symmetries...
      0     0      346.8366   699      331.0000      Cuts: 52     4922    4.78%
Detecting symmetries...
      0     2      346.8366   492      331.0000      346.8366     4922    4.78%
Elapsed time = 3.16 sec. (2549.97 ticks, tree = 0.01 MB, solutions = 1)
      2     2        cutoff            331.0000      346.8366     5983    4.78%
      5     3      346.8366   512      331.0000      346.8314     6190    4.78%
      8     3      346.8314   509      331.0000      346.8314     6351    4.78%
     10     3      346.8314   514      331.0000      346.8314     6389    4.78%
     13     3        cutoff            331.0000      346.8314     7534    4.78%
     15     4      346.8309   526      331.0000      346.8309     7546    4.78%
     18     5      346.8309   556      331.0000      346.8309     7747    4.78%
     20     7      346.8309   533      331.0000      346.8309     7890    4.78%
     22     7        cutoff            331.0000      346.7255     8751    4.75%
     31     8      346.4352   654      331.0000      346.4352     9866    4.66%
Elapsed time = 6.73 sec. (6574.04 ticks, tree = 0.02 MB, solutions = 1)
     37    12      346.4352   604      331.0000      346.4352    10202    4.66%
     45    12      346.3465   593      331.0000      346.3465    10651    4.64%
     54    12      345.4352   629      331.0000      345.4352    11206    4.36%
     69    13      334.9860   447      331.0000      343.4149    12901    3.75%
     83    19      333.0000    23      331.0000      343.4149    15550    3.75%
     93    23      333.0000    10      331.0000      343.4149    18524    3.75%
    105    27      333.0000    10      331.0000      343.4149    21005    3.75%
    114    32      333.0000    10      331.0000      343.4149    22875    3.75%
    130    40      333.0000    16      331.0000      343.4149    26224    3.75%
    149    39      342.2500    55      331.0000      342.2500    31569    3.40%
Elapsed time = 16.54 sec. (16960.57 ticks, tree = 0.06 MB, solutions = 1)
    178    40      332.0000    23      331.0000      339.0000    33027    2.42%
    192    44        cutoff            331.0000      339.0000    37226    2.42%
    211    39      334.9860   454      331.0000      334.9860    39695    1.20%
    220    45      334.9860   467      331.0000      334.9860    40277    1.20%
    228    53      334.9860   469      331.0000      334.9860    40878    1.20%
    241    58      333.9091    93      331.0000      334.9860    42510    1.20%
    254    70      333.7143    63      331.0000      334.9860    42549    1.20%
    267    76      332.7692   117      331.0000      334.9860    43105    1.20%
    281    77      334.0000    47      331.0000      334.9777    44000    1.20%
    290    82      334.0000    16      331.0000      334.9777    46956    1.20%
Elapsed time = 25.95 sec. (26912.51 ticks, tree = 0.13 MB, solutions = 1)
    301    85      333.0000    20      331.0000      334.9777    50594    1.20%
    310    94      333.0000    20      331.0000      334.9777    51956    1.20%
    322   100        cutoff            331.0000      334.9777    56176    1.20%
    337   105      334.9777   301      331.0000      334.9777    61704    1.20%
    356   109      333.0000   121      331.0000      334.9777    63191    1.20%
    367   116      333.0000    10      331.0000      334.9777    65842    1.20%
    384   119      333.0000    10      331.0000      334.9777    71592    1.20%
    394   123      334.9777   305      331.0000      334.9777    74966    1.20%
    404   128      334.9584   350      331.0000      334.9714    75281    1.20%
    415   132      332.0000   162      331.0000      334.9714    76836    1.20%
Elapsed time = 36.21 sec. (37121.37 ticks, tree = 0.22 MB, solutions = 1)
    424   137      332.0000    37      331.0000      334.9714    79832    1.20%
    441   144      332.0000    14      331.0000      334.9714    81945    1.20%
    451   148      334.5652   150      331.0000      334.9714    82934    1.20%
    472   149      334.9714   241      331.0000      334.9714    84008    1.20%
    482   154      334.9113   267      331.0000      334.9655    84546    1.20%
    493   163      334.8929   244      331.0000      334.9655    84596    1.20%
    506   170      334.8188   243      331.0000      334.9655    84636    1.20%
    522   175      333.8500   113      331.0000      334.9655    86044    1.20%
    535   180      334.9412   115      331.0000      334.9623    87215    1.20%
    546   190      334.9412   120      331.0000      334.9623    87593    1.20%
Elapsed time = 45.51 sec. (47075.05 ticks, tree = 0.31 MB, solutions = 1)
    561   203      334.7538   117      331.0000      334.9623    87834    1.20%
    574   215      334.6364    47      331.0000      334.9623    87904    1.20%
    584   220      333.0000    12      331.0000      334.9623    89960    1.20%
    600   225      334.0000    60      331.0000      334.9623    91363    1.20%
    613   228      332.5714    36      331.0000      334.9623    94077    1.20%
    624   233      334.9623   175      331.0000      334.9623    94214    1.20%
    634   241      334.9238   169      331.0000      334.9623    94774    1.20%
    644   247      333.9417   165      331.0000      334.9623    95231    1.20%
    655   257      333.9417   162      331.0000      334.9623    95494    1.20%
    666   267      333.9167   118      331.0000      334.9623    95694    1.20%
Elapsed time = 54.78 sec. (57180.88 ticks, tree = 0.44 MB, solutions = 1)
    681   275      334.9623   176      331.0000      334.9623    96446    1.20%
    700   286      333.0000    28      331.0000      334.9623    98945    1.20%
    719   291        cutoff            331.0000      334.9623   103880    1.20%
    737   294      334.9623   176      331.0000      334.9623   107655    1.20%
    758   295      332.1429    44      331.0000      334.9623   108468    1.20%
    775   298      333.0000    14      331.0000      334.9623   110008    1.20%
    791   302        cutoff            331.0000      334.9623   113789    1.20%
    801   310      334.9238   175      331.0000      334.9623   114608    1.20%
    811   319      334.9238   181      331.0000      334.9623   115055    1.20%
    824   330      333.9417   171      331.0000      334.9623   115350    1.20%
Elapsed time = 64.00 sec. (67141.04 ticks, tree = 0.54 MB, solutions = 1)
    840   334      334.7297    71      331.0000      334.9623   115924    1.20%
    859   338      334.9623   176      331.0000      334.9623   116690    1.20%
    868   346      334.9623   177      331.0000      334.9623   117134    1.20%
    880   353      333.9712   167      331.0000      334.9615   118038    1.20%
    897   357      333.0000    16      331.0000      334.9615   123355    1.20%
    913   361        cutoff            331.0000      334.9615   129174    1.20%
    925   364      334.6296    77      331.0000      334.9615   130589    1.20%
    938   365      333.6875    84      331.0000      334.9612   133297    1.20%
    949   372      332.0000    61      331.0000      334.9612   134044    1.20%
    965   377      334.7143    30      331.0000      334.9612   135318    1.20%
Elapsed time = 73.11 sec. (76945.57 ticks, tree = 0.62 MB, solutions = 1)
    981   379        cutoff            331.0000      334.9612   139298    1.20%
    993   388      333.9423    90      331.0000      334.9612   140329    1.20%
   1010   397      333.0000    12      331.0000      334.9612   142464    1.20%
   1020   401      333.0000    10      331.0000      334.9612   145680    1.20%
   1032   403      332.3333    13      331.0000      334.9612   149815    1.20%
   1045   404      333.0000    47      331.0000      334.9612   151242    1.20%
   1056   406      333.8077    78      331.0000      334.9608   152684    1.20%
   1067   410        cutoff            331.0000      334.9608   154807    1.20%
   1081   414      333.0000    10      331.0000      334.9608   160241    1.20%
   1095   421      332.0000     6      331.0000      334.9608   163515    1.20%
Elapsed time = 82.80 sec. (87063.23 ticks, tree = 0.69 MB, solutions = 1)
   1110   423      332.0000    72      331.0000      334.9608   165510    1.20%
   1121   432      332.0000    20      331.0000      334.9608   167702    1.20%
   1137   436      332.0000    18      331.0000      334.9608   170531    1.20%
   1150   442      332.0000    12      331.0000      334.9608   172358    1.20%
   1166   452      332.0000    10      331.0000      334.9608   174319    1.20%
   1183   456      334.9608   175      331.0000      334.9608   176743    1.20%
   1195   464      333.0000    51      331.0000      334.9608   178244    1.20%
   1211   472      332.0000    38      331.0000      334.9608   180637    1.20%
   1222   478      334.5000    19      331.0000      334.9604   181459    1.20%
   1275   493      333.8571   150      331.0000      334.9563   186245    1.20%
Elapsed time = 94.91 sec. (99941.33 ticks, tree = 0.81 MB, solutions = 1)
   1323   509        cutoff            331.0000      334.9529   196740    1.19%
   1370   538      332.0000    10      331.0000      334.9529   209556    1.19%
   1419   561      332.9545    91      331.0000      334.9515   218988    1.19%

Performing restart 1

Repeating presolve.
Tried aggregator 1 time.
MIP Presolve eliminated 20 rows and 15 columns.
MIP Presolve modified 14 coefficients.
Reduced MIP has 2892 rows, 2905 columns, and 31655 nonzeros.
Reduced MIP has 2905 binaries, 0 generals, 0 SOSs, and 0 indicators.
Presolve time = 0.02 sec. (24.18 ticks)
Tried aggregator 1 time.
MIP Presolve eliminated 2 rows and 0 columns.
Reduced MIP has 2890 rows, 2905 columns, and 31614 nonzeros.
Reduced MIP has 2905 binaries, 0 generals, 0 SOSs, and 0 indicators.
Presolve time = 0.02 sec. (19.12 ticks)
Represolve time = 0.13 sec. (144.18 ticks)
   1458     0      333.9894   492      331.0000       Cuts: 4   226632    0.90%
   1458     0      333.5000   503      331.0000      Fract: 1   226844    0.76%
   1458     0      333.0000   241      331.0000       Cuts: 5   226907    0.60%
   1458     0      333.0000   196      331.0000      Cuts: 15   226949    0.60%
   1458     0      333.0000    45      331.0000       Cuts: 4   227058    0.60%
   1458     0      333.0000    50      331.0000      Cuts: 20   227405    0.60%
   1458     0      333.0000   152      331.0000   ZeroHalf: 2   227772    0.60%
   1458     0      333.0000   197      331.0000      Cuts: 10   227848    0.60%
   1458     0      333.0000   101      331.0000       Cuts: 4   228036    0.60%
   1458     0      333.0000   108      331.0000      Cuts: 10   228177    0.60%
   1458     2      333.0000    51      331.0000      333.0000   228177    0.60%
   1487    19      333.0000    61      331.0000      333.0000   238038    0.60%
   1520    31      332.5000    38      331.0000      333.0000   252504    0.60%
   1556    49      333.0000    65      331.0000      333.0000   264994    0.60%
   1591    65      333.0000    67      331.0000      333.0000   274514    0.60%
   1626    74      333.0000    79      331.0000      333.0000   290472    0.60%
   1670    82        cutoff            331.0000      333.0000   302346    0.60%
Elapsed time = 135.40 sec. (142036.53 ticks, tree = 1.32 MB, solutions = 1)
   1707    91      333.0000    59      331.0000      333.0000   315516    0.60%
   1754    98        cutoff            331.0000      333.0000   323745    0.60%
   1803   102      333.0000    66      331.0000      333.0000   334080    0.60%
   1864    81      332.1000    70      331.0000      333.0000   349040    0.60%
   1921    86      332.5455    80      331.0000      333.0000   358442    0.60%
   1962    97      333.0000    71      331.0000      333.0000   366757    0.60%
   2009   108      333.0000    81      331.0000      333.0000   375575    0.60%
   2054   107        cutoff            331.0000      333.0000   385645    0.60%
   2097   115      333.0000    82      331.0000      333.0000   394337    0.60%
   2146   118      333.0000    63      331.0000      333.0000   403996    0.60%
Elapsed time = 172.14 sec. (180431.76 ticks, tree = 2.23 MB, solutions = 1)
   2212   105      332.5455    83      331.0000      333.0000   418870    0.60%
   2257   118      333.0000    85      331.0000      333.0000   426700    0.60%
   2308   125      333.0000    76      331.0000      333.0000   436114    0.60%
   2347   132      333.0000    72      331.0000      333.0000   445135    0.60%
   2401   140        cutoff            331.0000      333.0000   454489    0.60%
   2440   151      333.0000    82      331.0000      333.0000   462511    0.60%
   2483   157      333.0000    59      331.0000      333.0000   470154    0.60%
   2533   157      333.0000    83      331.0000      333.0000   478994    0.60%
   2579   164      333.0000    71      331.0000      333.0000   487286    0.60%
   2629   169      333.0000    57      331.0000      333.0000   496243    0.60%
Elapsed time = 209.58 sec. (218988.19 ticks, tree = 3.23 MB, solutions = 1)
   2671   173      332.8750    55      331.0000      333.0000   504607    0.60%
   2714   182        cutoff            331.0000      333.0000   512186    0.60%
   2763   187      333.0000    64      331.0000      333.0000   522080    0.60%
   2817   188      333.0000    91      331.0000      333.0000   530300    0.60%
   2866   191      333.0000    73      331.0000      333.0000   537705    0.60%
   2910   200      333.0000    74      331.0000      333.0000   546045    0.60%
   2953   203      333.0000    69      331.0000      333.0000   554496    0.60%
   3002   208      333.0000    64      331.0000      333.0000   562677    0.60%
   3050   208        cutoff            331.0000      333.0000   571115    0.60%
   3097   215      333.0000    67      331.0000      333.0000   579542    0.60%
Elapsed time = 246.93 sec. (257561.25 ticks, tree = 4.16 MB, solutions = 1)
   3138   228      333.0000    58      331.0000      333.0000   587111    0.60%
   3186   231      333.0000    60      331.0000      333.0000   596334    0.60%
   3252   215      333.0000    61      331.0000      333.0000   609331    0.60%
   3294   224        cutoff            331.0000      333.0000   616273    0.60%
   3361   215      333.0000    75      331.0000      333.0000   628672    0.60%
   3405   220      333.0000    78      331.0000      333.0000   639257    0.60%
   3453   227      333.0000    63      331.0000      333.0000   648350    0.60%
   3497   228      332.5000    43      331.0000      333.0000   658915    0.60%
   3532   236      333.0000    70      331.0000      333.0000   667479    0.60%
   3573   244      333.0000    85      331.0000      333.0000   675886    0.60%
Elapsed time = 284.46 sec. (296205.89 ticks, tree = 4.90 MB, solutions = 1)
   3613   259      333.0000    72      331.0000      333.0000   683997    0.60%
   3654   279      332.9615    68      331.0000      333.0000   690484    0.60%
   3697   290        cutoff            331.0000      333.0000   701187    0.60%
   3747   287      333.0000    81      331.0000      333.0000   712611    0.60%
   3782   300      333.0000   129      331.0000      333.0000   720059    0.60%
   3840   281      333.0000    85      331.0000      333.0000   733243    0.60%
   3888   286      333.0000    65      331.0000      333.0000   740725    0.60%
   3939   294      333.0000    70      331.0000      333.0000   750611    0.60%
   3983   306      333.0000    51      331.0000      333.0000   759289    0.60%
   4032   310      332.1000    62      331.0000      333.0000   768822    0.60%
Elapsed time = 321.89 sec. (334968.35 ticks, tree = 6.52 MB, solutions = 1)
   4075   321      332.9615    69      331.0000      333.0000   776694    0.60%
   4118   333      333.0000    77      331.0000      333.0000   784256    0.60%
   4171   337      333.0000    77      331.0000      333.0000   795747    0.60%
   4214   341      333.0000    77      331.0000      333.0000   808991    0.60%
   4257   351      333.0000    80      331.0000      333.0000   820274    0.60%
   4316   339      333.0000    90      331.0000      333.0000   833472    0.60%
   4357   352      333.0000    76      331.0000      333.0000   841732    0.60%
   4401   357      333.0000    69      331.0000      333.0000   852423    0.60%
   4445   362      333.0000    70      331.0000      333.0000   861114    0.60%
   4489   367        cutoff            331.0000      333.0000   872381    0.60%
Elapsed time = 359.33 sec. (373589.17 ticks, tree = 7.78 MB, solutions = 1)
   4530   373      333.0000    87      331.0000      333.0000   881928    0.60%
   4573   376        cutoff            331.0000      333.0000   893201    0.60%
   4615   381        cutoff            331.0000      333.0000   904534    0.60%
   4666   373        cutoff            331.0000      333.0000   919043    0.60%
   4709   386      332.5000    54      331.0000      333.0000   924495    0.60%
   4744   401      333.0000    71      331.0000      333.0000   933930    0.60%
   4788   412      333.0000    71      331.0000      333.0000   942306    0.60%
   4833   419      333.0000    83      331.0000      333.0000   951078    0.60%
   4877   424      332.2500    57      331.0000      333.0000   959320    0.60%
   4919   436      333.0000    90      331.0000      333.0000   966629    0.60%
Elapsed time = 396.81 sec. (412187.93 ticks, tree = 9.42 MB, solutions = 1)
   4975   443      333.0000    64      331.0000      333.0000   977285    0.60%
   5018   448      333.0000    78      331.0000      333.0000   985772    0.60%
   5066   450      332.0714    43      331.0000      333.0000   994145    0.60%
   5124   452      333.0000    95      331.0000      333.0000  1002655    0.60%
   5167   464      333.0000    75      331.0000      333.0000  1010016    0.60%
   5206   479      333.0000    82      331.0000      333.0000  1016920    0.60%
   5248   490      333.0000    82      331.0000      333.0000  1023304    0.60%
   5301   489      333.0000    78      331.0000      333.0000  1031079    0.60%
   5355   477        cutoff            331.0000      333.0000  1042529    0.60%
   5403   483      332.5000    53      331.0000      333.0000  1049592    0.60%
Elapsed time = 434.29 sec. (450827.37 ticks, tree = 10.58 MB, solutions = 1)
   5453   486      333.0000    79      331.0000      333.0000  1059027    0.60%
   5511   487      333.0000    91      331.0000      333.0000  1068292    0.60%
   5562   487      332.2500    75      331.0000      333.0000  1077355    0.60%
   5615   487      333.0000    82      331.0000      333.0000  1085150    0.60%
   5657   491        cutoff            331.0000      333.0000  1093082    0.60%
   5698   499      333.0000    86      331.0000      333.0000  1101829    0.60%
   5748   508      333.0000    74      331.0000      333.0000  1108710    0.60%
   5784   525      333.0000    63      331.0000      333.0000  1116456    0.60%
   5850   518      333.0000    94      331.0000      333.0000  1125619    0.60%
   5899   527      332.7143    60      331.0000      333.0000  1134714    0.60%
Elapsed time = 471.95 sec. (489520.01 ticks, tree = 11.63 MB, solutions = 1)
   5950   528      333.0000    80      331.0000      333.0000  1147409    0.60%
   6001   535      333.0000    70      331.0000      333.0000  1160303    0.60%
   6041   544      332.5789    43      331.0000      333.0000  1171858    0.60%
   6087   552        cutoff            331.0000      333.0000  1180401    0.60%
   6127   560      333.0000    81      331.0000      333.0000  1188662    0.60%
   6176   561      332.6500    58      331.0000      333.0000  1200714    0.60%
   6220   571      333.0000    79      331.0000      333.0000  1208752    0.60%
   6274   559      332.4444    62      331.0000      333.0000  1224330    0.60%
   6317   569      333.0000    84      331.0000      333.0000  1232964    0.60%
   6364   575      332.6172    98      331.0000      333.0000  1244256    0.60%
Elapsed time = 509.18 sec. (528025.44 ticks, tree = 12.84 MB, solutions = 1)
   6417   581      333.0000    99      331.0000      333.0000  1253677    0.60%
   6470   584      332.0000    45      331.0000      333.0000  1265867    0.60%
   6514   594      333.0000   113      331.0000      333.0000  1276431    0.60%
   6570   599        cutoff            331.0000      333.0000  1291461    0.60%
   6608   607        cutoff            331.0000      333.0000  1302709    0.60%
   6655   614      332.0000    86      331.0000      333.0000  1311659    0.60%
   6695   620        cutoff            331.0000      333.0000  1322455    0.60%
   6743   622      333.0000    91      331.0000      333.0000  1333732    0.60%
Starting limited solution polishing.
   6788   620      333.0000    98      331.0000      333.0000  1346483    0.60%
   6829   627        cutoff            331.0000      333.0000  1354540    0.60%
Elapsed time = 546.50 sec. (566507.13 ticks, tree = 14.11 MB, solutions = 1)
   6880   623      333.0000    78      331.0000      333.0000  1367470    0.60%
   6922   631        cutoff            331.0000      333.0000  1377565    0.60%
   6973   634      333.0000    85      331.0000      333.0000  1388461    0.60%
   7028   642      333.0000    78      331.0000      333.0000  1398600    0.60%
   7065   653      333.0000    64      331.0000      333.0000  1408027    0.60%
   7119   655      332.5862    87      331.0000      333.0000  1418669    0.60%
   7155   673      333.0000    86      331.0000      333.0000  1425988    0.60%
   7200   676      333.0000    72      331.0000      333.0000  1436465    0.60%
   7249   678      333.0000    86      331.0000      333.0000  1445827    0.60%
   7286   690      333.0000    78      331.0000      333.0000  1455039    0.60%
Elapsed time = 583.84 sec. (605140.89 ticks, tree = 15.63 MB, solutions = 1)
   7335   690      332.4000    77      331.0000      333.0000  1467448    0.60%
   7385   699      333.0000    78      331.0000      333.0000  1477399    0.60%
   7436   694      333.0000    80      331.0000      333.0000  1490520    0.60%

Clique cuts applied:  1
Implied bound cuts applied:  12
Mixed integer rounding cuts applied:  4
Zero-half cuts applied:  35
Gomory fractional cuts applied:  4

Root node processing (before b&c):
  Real time             =    3.15 sec. (2543.44 ticks)
Sequential b&c:
  Real time             =  595.41 sec. (617817.83 ticks)
                          ------------
Total (root+branch&cut) =  598.56 sec. (620361.26 ticks)
Primal:	331
Dual:	333
Status:	Feasible
Time:	598.52
Sequence:
	6
	4
	10
	4
	5
	9
	10
	9
	5
	4
	1
	4
	10
	4
	10
	0
	1
	4
	1
	0
	1
	4
	1
	0
	1
	4
	1
	0
	1
	4
	1
	0
	5
	9
	5
	0
	5
	4
	1
	0
	6
	4
	10
	0
	1
	9
	6
	4
	10
	9
	1
	0
	6
	4
	10
	0
	5
	9
	6
	9
	5
	0
	5
	9
	6
	0
	5
	4
	10
	9
	5
	9
	6
	9
	1
	0
	5
	9
	6
	0
	5
	9
	5
	9
	6
	9
	1
	0
	6
	9
	5
	0
	5
	9
	5
	9
	5
	9
	5
	0
	6
	9
	1
	9
	6
	9
	10
	9
	5
	9
	5
	9
	1
	9
	5
	4
	10
	4
	6
	0
	5
	9
	6
	0
	11
	4
	6
	0
	10
	4
	10
	4
	5
	9
	1
	9
	10
	0
	10
	9
	6
	0
	10
	4
	5
	0
	6
	9
	10
	9
	5
	9
	6
	9
	1
	4
	6
	0
	10
	9
	5
	9
	6
	9
	11
	9
	6
	0
	1
	9
	10
	9
	6
	9
	10
	9
	1
	0
	1
	9
	6
	0
	10
	9
	1
	0
	5
	4
	1
	0
	1
	4
	1
	9
	6
	0
	1
	4
	6
	0
	1
	9
	6
	0
	5
	4
	1
	0
	1
	4
	5
	0
	10
	4
	5
	0
	5
	9
	6
	9
	5
	4
	10
	4
	6
	0
	5
	9
	10
	4
	6
	9
	5
	0
	6
	9
	5
	9
	6
	9
	5
	9
	5
	9
	5
	0
	10
	4
	6
	9
	5
	9
	6
	4
	10
	0
	5
	4
	1
	4
	6
	9
	5
	0
	5
	9
	11
	0
	10
	4
	5
	9
	5
	4
	10
	0
	5
	9
	5
	9
	5
	9
	6
	4
	10
	4
	5
	9
	5
	9
	6
	9
	5
	4
	10
	9
	1
	9
	1
	9
	1
	0
	6
	9
	5
	9
	5
	9
	5
	9
	6
	9
	10
	4
	10
	0
	6
	4
	1
	9
	6
	4
	10
	4
	6
	9
	10
	0
	10
	4
	6
