Version identifier: 22.1.0.0 | 2022-03-09 | 1a383f8ce
CPXPARAM_Threads                                 1
CPXPARAM_MIP_Strategy_VariableSelect             3
CPXPARAM_TimeLimit                               599.64032479699995
1 of 1 MIP starts provided solutions.
MIP start 'm1' defined initial solution with objective 135.0000.
Tried aggregator 1 time.
MIP Presolve eliminated 190 rows and 525 columns.
MIP Presolve modified 4 coefficients.
Reduced MIP has 1221 rows, 1575 columns, and 16791 nonzeros.
Reduced MIP has 1575 binaries, 0 generals, 0 SOSs, and 0 indicators.
Presolve time = 0.02 sec. (10.19 ticks)
Probing time = 0.00 sec. (2.51 ticks)
Tried aggregator 1 time.
Detecting symmetries...
Reduced MIP has 1221 rows, 1575 columns, and 16791 nonzeros.
Reduced MIP has 1575 binaries, 0 generals, 0 SOSs, and 0 indicators.
Presolve time = 0.02 sec. (9.83 ticks)
Probing time = 0.00 sec. (2.51 ticks)
Clique table members: 692.
MIP emphasis: balance optimality and feasibility.
MIP search method: dynamic search.
Parallel mode: none, using 1 thread.
Root relaxation solution time = 0.09 sec. (61.08 ticks)

        Nodes                                         Cuts/
   Node  Left     Objective  IInf  Best Integer    Best Bound    ItCnt     Gap

*     0+    0                          135.0000     1575.0000              --- 
      0     0      154.8851   306      135.0000      154.8851     1421   14.73%
      0     0      151.0274   380      135.0000     Cuts: 103     2513   11.87%
      0     0      140.1852   312      135.0000     Cuts: 182     2849    3.84%
      0     0      140.1333   307      135.0000      Cuts: 68     2978    3.80%
      0     0      140.0971   267      135.0000      Cuts: 13     3015    3.78%
      0     0      140.0784   290      135.0000      Cuts: 12     3057    3.76%
Detecting symmetries...
      0     0      140.0594   295      135.0000      Cuts: 10     3099    3.75%
      0     0      140.0400   279      135.0000       Cuts: 9     3121    3.73%
      0     0      140.0202   278      135.0000       Cuts: 4     3128    3.72%
      0     0      139.8172   276      135.0000       Cuts: 7     3141    3.57%
      0     0      139.7935   274      135.0000       Cuts: 4     3145    3.55%
      0     0      139.7727   273      135.0000       Cuts: 4     3163    3.54%
      0     0      139.7471   235      135.0000       Cuts: 5     3189    3.52%
      0     0      139.7209   264      135.0000       Cuts: 8     3206    3.50%
      0     0      139.6941   259      135.0000       Cuts: 2     3209    3.48%
      0     0      139.6667   263      135.0000   Impl Bds: 2     3216    3.46%
      0     0      139.6667   261      135.0000       Cuts: 4     3263    3.46%
      0     0      139.2346   234      135.0000  ZeroHalf: 19     3337    3.14%
      0     0      139.0406   254      135.0000      Cuts: 16     3381    2.99%
      0     0      139.0378   255      135.0000       Cuts: 9     3397    2.99%
Detecting symmetries...
      0     2      139.0378   221      135.0000      139.0378     3397    2.99%
Elapsed time = 1.32 sec. (896.16 ticks, tree = 0.01 MB, solutions = 1)
      8     3      139.0378   229      135.0000      139.0266     3474    2.98%
     16     2      138.7139   228      135.0000      138.7139     3659    2.75%
     23     3      138.2145   195      135.0000      138.5394     3749    2.62%
     30     4      138.2145   191      135.0000      138.5394     3894    2.62%
     48     4      137.6923   128      135.0000      138.2145     4245    2.38%
     68     4      136.0833    73      135.0000      138.2145     4928    2.38%
     77     3      138.0688   179      135.0000      138.0688     5227    2.27%
     84     4      137.9192   182      135.0000      137.9192     5408    2.16%

Clique cuts applied:  2
Implied bound cuts applied:  30
Zero-half cuts applied:  97
Gomory fractional cuts applied:  1

Root node processing (before b&c):
  Real time             =    1.31 sec. (891.78 ticks)
Sequential b&c:
  Real time             =    1.93 sec. (2220.47 ticks)
                          ------------
Total (root+branch&cut) =    3.25 sec. (3112.25 ticks)
Primal:	135
Dual:	135
Status:	Optimal
Time:	3.25
Sequence:
	1
	9
	1
	9
	1
	9
	1
	9
	1
	9
	5
	2
	5
	9
	5
	9
	10
	4
	10
	9
	5
	9
	1
	4
	10
	9
	11
	4
	5
	0
	10
	4
	10
	2
	5
	9
	11
	4
	10
	0
	5
	9
	5
	9
	10
	4
	7
	9
	5
	9
	5
	9
	5
	9
	7
	0
	1
	4
	5
	9
	5
	2
	1
	9
	5
	9
	1
	9
	10
	4
	11
	4
	5
	9
	1
	9
	5
	9
	1
	9
	5
	9
	10
	2
	7
	9
	1
	9
	1
	4
	5
	9
	5
	9
	5
	9
	5
	9
	5
	0
	5
	9
	7
	9
	10
	9
	10
	9
	10
	9
	1
	2
	1
	9
	1
	2
	1
	9
	1
	0
	1
	9
	5
	2
	1
	9
	5
	9
	5
	9
	7
	4
	1
	2
	5
