Version identifier: 22.1.0.0 | 2022-03-09 | 1a383f8ce
CPXPARAM_Threads                                 1
CPXPARAM_MIP_Strategy_VariableSelect             3
CPXPARAM_TimeLimit                               600
Retaining values of one MIP start for possible repair.
Tried aggregator 2 times.
MIP Presolve eliminated 47 rows and 1461 columns.
MIP Presolve added 36 rows and 9 columns.
MIP Presolve modified 41 coefficients.
Aggregator did 9 substitutions.
Reduced MIP has 2548 rows, 3285 columns, and 93147 nonzeros.
Reduced MIP has 3285 binaries, 0 generals, 0 SOSs, and 0 indicators.
Presolve time = 0.13 sec. (185.50 ticks)
Found incumbent of value 1.000000 after 0.16 sec. (203.31 ticks)
Probing time = 0.01 sec. (13.93 ticks)
Tried aggregator 1 time.
Detecting symmetries...
MIP Presolve modified 10 coefficients.
Reduced MIP has 2548 rows, 3285 columns, and 93265 nonzeros.
Reduced MIP has 3285 binaries, 0 generals, 0 SOSs, and 0 indicators.
Presolve time = 0.08 sec. (137.80 ticks)
Probing time = 0.01 sec. (13.94 ticks)
Clique table members: 1815.
MIP emphasis: balance optimality and feasibility.
MIP search method: dynamic search.
Parallel mode: none, using 1 thread.
Root relaxation solution time = 0.17 sec. (188.66 ticks)

        Nodes                                         Cuts/
   Node  Left     Objective  IInf  Best Integer    Best Bound    ItCnt     Gap

*     0+    0                            1.0000    66795.0000              --- 
      0     0      347.9516   642        1.0000      347.9516     1915     --- 
      0     0      334.0091   654        1.0000      Cuts: 86     2230     --- 
      0     0      332.0000   623        1.0000   Impl Bds: 3     2249     --- 
      0     0      331.0000   607        1.0000      Cuts: 12     2345     --- 
*     0+    0                           16.0000      331.0000              --- 
      0     0        cutoff             16.0000      331.0000     2345     --- 
*     0+    0                          331.0000      331.0000             0.00%
      0     0        cutoff            331.0000      331.0000     2475    0.00%
Elapsed time = 1.86 sec. (2119.17 ticks, tree = 0.01 MB, solutions = 3)

Clique cuts applied:  1
Implied bound cuts applied:  20
Zero-half cuts applied:  6
Gomory fractional cuts applied:  1

Root node processing (before b&c):
  Real time             =    1.86 sec. (2119.69 ticks)
Sequential b&c:
  Real time             =    0.00 sec. (0.00 ticks)
                          ------------
Total (root+branch&cut) =    1.86 sec. (2119.69 ticks)
Primal:	331
Dual:	331
Status:	Optimal
Time:	1.89
Sequence:
	10
	4
	10
	0
	6
	9
	5
	9
	6
	0
	1
	4
	5
	9
	6
	4
	10
	4
	10
	9
	5
	9
	6
	0
	10
	9
	6
	4
	10
	0
	10
	4
	6
	0
	5
	9
	1
	9
	6
	0
	1
	4
	6
	9
	5
	9
	5
	4
	10
	4
	1
	9
	6
	0
	5
	9
	6
	9
	5
	4
	10
	4
	5
	0
	6
	4
	1
	4
	6
	9
	1
	0
	10
	9
	5
	9
	6
	9
	5
	4
	10
	9
	5
	0
	5
	9
	5
	9
	6
	4
	1
	0
	5
	4
	10
	9
	5
	0
	5
	9
	10
	4
	6
	0
	5
	4
	1
	4
	5
	0
	5
	4
	1
	4
	10
	4
	6
	0
	5
	4
	10
	4
	10
	9
	10
	0
	10
	4
	10
	0
	5
	9
	11
	4
	10
	4
	10
	9
	10
	9
	6
	4
	1
	0
	6
	9
	5
	9
	5
	0
	5
	9
	5
	9
	6
	9
	5
	9
	6
	9
	10
	9
	1
	9
	6
	9
	5
	9
	6
	4
	1
	0
	5
	9
	5
	0
	6
	4
	10
	9
	1
	9
	6
	9
	10
	4
	6
	0
	11
	9
	6
	0
	10
	9
	6
	0
	10
	9
	5
	0
	1
	4
	6
	9
	10
	4
	1
	9
	1
	0
	6
	9
	5
	9
	1
	9
	6
	0
	5
	9
	5
	9
	5
	9
	10
	0
	1
	9
	6
	0
	1
	9
	6
	0
	5
	4
	1
	0
	10
	9
	1
	4
	6
	0
	5
	4
	1
	9
	5
	0
	5
	4
	1
	9
	1
	0
	5
	9
	1
	4
	5
	0
	5
	9
	1
	0
	10
	4
	5
	9
	10
	9
	6
	0
	1
	9
	1
	4
	10
	0
	6
	4
	1
	9
	6
	9
	5
	0
	10
	9
	6
	0
	10
	4
	1
	9
	6
	4
	10
	0
	5
	9
	1
	9
	10
	9
	6
	4
	11
	0
	5
	9
	1
	9
	6
	9
	10
	9
	6
	0
	5
	9
	10
	0
	5
	9
	6
	0
	1
	9
	1
