Version identifier: 22.1.0.0 | 2022-03-09 | 1a383f8ce
CPXPARAM_Threads                                 1
CPXPARAM_MIP_Strategy_VariableSelect             3
CPXPARAM_TimeLimit                               599.99999631399999
1 of 1 MIP starts provided solutions.
MIP start 'm1' defined initial solution with objective 384.0000.
Tried aggregator 2 times.
MIP Presolve eliminated 428 rows and 1537 columns.
MIP Presolve added 36 rows and 9 columns.
MIP Presolve modified 33 coefficients.
Aggregator did 9 substitutions.
Reduced MIP has 2300 rows, 3456 columns, and 100067 nonzeros.
Reduced MIP has 3456 binaries, 0 generals, 0 SOSs, and 0 indicators.
Presolve time = 0.13 sec. (195.15 ticks)
Probing time = 0.01 sec. (13.36 ticks)
Tried aggregator 1 time.
Detecting symmetries...
MIP Presolve modified 9 coefficients.
Reduced MIP has 2300 rows, 3456 columns, and 100181 nonzeros.
Reduced MIP has 3456 binaries, 0 generals, 0 SOSs, and 0 indicators.
Presolve time = 0.09 sec. (147.15 ticks)
Probing time = 0.01 sec. (13.37 ticks)
Clique table members: 1529.
MIP emphasis: balance optimality and feasibility.
MIP search method: dynamic search.
Parallel mode: none, using 1 thread.
Root relaxation solution time = 0.01 sec. (12.61 ticks)

        Nodes                                         Cuts/
   Node  Left     Objective  IInf  Best Integer    Best Bound    ItCnt     Gap

*     0+    0                          384.0000    73920.0000              --- 
      0     0        cutoff            384.0000                      9     --- 

Root node processing (before b&c):
  Real time             =    0.35 sec. (461.05 ticks)
Sequential b&c:
  Real time             =    0.00 sec. (0.00 ticks)
                          ------------
Total (root+branch&cut) =    0.35 sec. (461.05 ticks)
Primal:	384
Dual:	384
Status:	Optimal
Time:	0.39
Sequence:
	5
	0
	9
	11
	4
	4
	2
	9
	9
	11
	0
	5
	9
	2
	5
	9
	3
	9
	1
	4
	5
	2
	4
	11
	4
	2
	1
	4
	0
	9
	9
	4
	9
	9
	9
	9
	5
	0
	4
	4
	1
	9
	5
	2
	1
	4
	4
	9
	9
	4
	2
	4
	9
	5
	0
	4
	9
	1
	0
	3
	4
	4
	9
	2
	9
	4
	2
	9
	5
	9
	9
	1
	9
	1
	4
	0
	4
	9
	4
	0
	9
	1
	9
	1
	9
	2
	4
	4
	0
	4
	9
	2
	5
	4
	2
	4
	1
	4
	9
	2
	5
	4
	9
	9
	4
	0
	4
	5
	9
	2
	5
	4
	2
	4
	9
	5
	2
	1
	9
	4
	0
	9
	1
	0
	4
	9
	0
	4
	4
	9
	9
	0
	5
	9
	5
	4
	0
	5
	9
	1
	0
	9
	5
	4
	0
	4
	4
	1
	4
	1
	9
	1
	4
	1
	0
	4
	9
	0
	5
	9
	1
	0
	1
	4
	5
	9
	0
	5
	9
	0
	1
	9
	1
	4
	9
	1
	0
	9
	1
	9
	4
	9
	0
	9
	1
	9
	5
	0
	5
	9
	0
	5
	9
	9
	5
	4
	0
	5
	4
	9
	9
	0
	4
	5
	0
	9
	1
	4
	4
	1
	0
	9
	1
	9
	5
	4
	9
	4
	9
	1
	9
	9
	1
	0
	9
	1
	4
	5
	0
	4
	9
	0
	4
	1
	9
	0
	1
	4
	1
	4
	5
	9
	9
	5
	0
	1
	4
	4
	1
	4
	9
	4
	9
	4
	1
	0
	5
	9
	5
	4
	9
	5
	0
	9
	4
	4
	1
	9
	0
	5
	4
	9
	0
	5
	9
	0
	5
	9
	5
	4
	1
	9
	9
	4
	5
	0
	9
	4
	9
	4
	9
	4
	1
	4
	1
	0
	9
	5
	9
	1
	0
	9
	9
	1
	9
	5
	9
	9
	5
	9
	4
	9
	5
	9
	9
	4
	4
	9
	5
	4
	9
	1
	4
	1
	9
	4
	5
	9
	9
	5
	9
	9
	4
	5
	9
	4
	9
	5
	9
	9
	9
	4
	5
	9
	9
	4
	4
	9
	5
	4
	9
	9
	5
	9
	5
	9
	4
	5
	9
	9
	4
	9
	4
	9
	9
	9
	9
	9
	9
	9
	9
	9
	9
	9
	9
	9
	9
	9
	9
	9
	9
	9
	9
	9
