Version identifier: 22.1.0.0 | 2022-03-09 | 1a383f8ce
CPXPARAM_Threads                                 1
CPXPARAM_MIP_Strategy_VariableSelect             3
CPXPARAM_TimeLimit                               599.999548312
1 of 1 MIP starts provided solutions.
MIP start 'm1' defined initial solution with objective 229.0000.
Tried aggregator 2 times.
MIP Presolve eliminated 42 rows and 459 columns.
MIP Presolve added 32 rows and 8 columns.
MIP Presolve modified 60 coefficients.
Aggregator did 8 substitutions.
Reduced MIP has 1598 rows, 2519 columns, and 47396 nonzeros.
Reduced MIP has 2519 binaries, 0 generals, 0 SOSs, and 0 indicators.
Presolve time = 0.07 sec. (97.81 ticks)
Probing time = 0.01 sec. (10.56 ticks)
Tried aggregator 1 time.
Detecting symmetries...
MIP Presolve modified 12 coefficients.
Reduced MIP has 1598 rows, 2519 columns, and 47588 nonzeros.
Reduced MIP has 2519 binaries, 0 generals, 0 SOSs, and 0 indicators.
Presolve time = 0.04 sec. (69.79 ticks)
Probing time = 0.01 sec. (10.58 ticks)
Clique table members: 1135.
MIP emphasis: balance optimality and feasibility.
MIP search method: dynamic search.
Parallel mode: none, using 1 thread.
Root relaxation solution time = 0.01 sec. (6.83 ticks)

        Nodes                                         Cuts/
   Node  Left     Objective  IInf  Best Integer    Best Bound    ItCnt     Gap

*     0+    0                          229.0000    26335.0000              --- 
      0     0        cutoff            229.0000                     11     --- 

Root node processing (before b&c):
  Real time             =    0.17 sec. (225.08 ticks)
Sequential b&c:
  Real time             =    0.00 sec. (0.00 ticks)
                          ------------
Total (root+branch&cut) =    0.17 sec. (225.08 ticks)
Primal:	229
Dual:	229
Status:	Optimal
Time:	0.19
Sequence:
	10
	9
	6
	9
	9
	9
	9
	9
	6
	9
	11
	9
	6
	9
	5
	2
	6
	9
	4
	9
	6
	9
	10
	4
	10
	9
	6
	9
	0
	4
	9
	9
	9
	6
	4
	2
	4
	4
	1
	9
	0
	4
	6
	2
	11
	4
	6
	0
	5
	9
	9
	5
	9
	5
	4
	0
	4
	5
	9
	5
	9
	5
	4
	1
	9
	9
	6
	0
	9
	1
	9
	6
	4
	11
	4
	5
	0
	6
	9
	4
	11
	4
	5
	9
	6
	9
	5
	9
	6
	9
	1
	4
	6
	9
	4
	4
	9
	5
	9
	5
	9
	5
	9
	9
	9
	4
	11
	4
	4
	9
	6
	9
	9
	9
	9
	11
	0
	6
	4
	9
	9
	6
	9
	9
	9
	6
	4
	9
	9
	6
	9
	9
	9
	6
	9
	11
	9
	6
	9
	9
	9
	6
	9
	3
	9
	6
	9
	9
	9
	6
	9
	11
	9
	6
	4
	9
	0
	6
	9
	9
	9
	6
	9
	11
	9
	0
	6
	4
	1
	9
	6
	4
	0
	5
	4
	1
	0
	6
	4
	1
	9
	6
	0
	9
	5
	4
	1
	0
	6
	4
	9
	9
	6
	0
	9
	9
	6
	9
	0
	9
	6
	9
	9
	9
	6
	9
	11
	9
	9
	6
	0
	9
	9
	6
	9
	3
	9
	9
	9
	6
	9
	9
	9
	6
	9
	9
	9
	9
	6
