Version identifier: 22.1.0.0 | 2022-03-09 | 1a383f8ce
CPXPARAM_Threads                                 1
CPXPARAM_MIP_Strategy_VariableSelect             3
CPXPARAM_TimeLimit                               600
Retaining values of one MIP start for possible repair.
Found incumbent of value 0.000000 after 0.00 sec. (0.40 ticks)
Tried aggregator 2 times.
MIP Presolve eliminated 77 rows and 216 columns.
MIP Presolve added 24 rows and 6 columns.
MIP Presolve modified 111 coefficients.
Aggregator did 6 substitutions.
Reduced MIP has 255 rows, 344 columns, and 5000 nonzeros.
Reduced MIP has 344 binaries, 0 generals, 0 SOSs, and 0 indicators.
Presolve time = 0.01 sec. (13.31 ticks)
Probing time = 0.00 sec. (2.13 ticks)
Tried aggregator 1 time.
Detecting symmetries...
MIP Presolve modified 6 coefficients.
Reduced MIP has 255 rows, 344 columns, and 5213 nonzeros.
Reduced MIP has 344 binaries, 0 generals, 0 SOSs, and 0 indicators.
Presolve time = 0.01 sec. (6.41 ticks)
Probing time = 0.00 sec. (2.12 ticks)
Clique table members: 173.
MIP emphasis: balance optimality and feasibility.
MIP search method: dynamic search.
Parallel mode: none, using 1 thread.
Root relaxation solution time = 0.00 sec. (1.83 ticks)

        Nodes                                         Cuts/
   Node  Left     Objective  IInf  Best Integer    Best Bound    ItCnt     Gap

*     0+    0                            0.0000      946.0000              --- 
*     0     0      integral     0       43.0000       43.0000      112    0.00%
Elapsed time = 0.03 sec. (28.17 ticks, tree = 0.00 MB, solutions = 1)

Root node processing (before b&c):
  Real time             =    0.03 sec. (28.19 ticks)
Sequential b&c:
  Real time             =    0.00 sec. (0.00 ticks)
                          ------------
Total (root+branch&cut) =    0.03 sec. (28.19 ticks)
Primal:	43
Dual:	43
Status:	Optimal
Time:	0.02
Sequence:
	9
	1
	0
	5
	9
	9
	1
	9
	1
	9
	5
	9
	5
	9
	9
	1
	0
	5
	9
	6
	9
	5
	4
	1
	0
	1
	4
	9
	6
	0
	5
	9
	5
	9
	5
	9
	9
	5
	9
	5
	2
	5
	9
