Version identifier: 22.1.0.0 | 2022-03-09 | 1a383f8ce
CPXPARAM_Threads                                 1
CPXPARAM_MIP_Strategy_VariableSelect             3
CPXPARAM_TimeLimit                               599.99971425399997
1 of 1 MIP starts provided solutions.
MIP start 'm1' defined initial solution with objective 348.0000.
Tried aggregator 1 time.
MIP Presolve eliminated 19 rows and 1044 columns.
MIP Presolve modified 45 coefficients.
Reduced MIP has 2430 rows, 3480 columns, and 89657 nonzeros.
Reduced MIP has 3480 binaries, 0 generals, 0 SOSs, and 0 indicators.
Presolve time = 0.09 sec. (146.38 ticks)
Probing time = 0.01 sec. (13.17 ticks)
Tried aggregator 1 time.
Detecting symmetries...
MIP Presolve modified 11 coefficients.
Reduced MIP has 2430 rows, 3480 columns, and 89790 nonzeros.
Reduced MIP has 3480 binaries, 0 generals, 0 SOSs, and 0 indicators.
Presolve time = 0.08 sec. (134.34 ticks)
Probing time = 0.01 sec. (13.18 ticks)
Clique table members: 1731.
MIP emphasis: balance optimality and feasibility.
MIP search method: dynamic search.
Parallel mode: none, using 1 thread.
Root relaxation solution time = 0.01 sec. (11.82 ticks)

        Nodes                                         Cuts/
   Node  Left     Objective  IInf  Best Integer    Best Bound    ItCnt     Gap

*     0+    0                          348.0000    60726.0000              --- 
      0     0        cutoff            348.0000                     10     --- 

Root node processing (before b&c):
  Real time             =    0.27 sec. (376.43 ticks)
Sequential b&c:
  Real time             =    0.00 sec. (0.00 ticks)
                          ------------
Total (root+branch&cut) =    0.27 sec. (376.43 ticks)
Primal:	348
Dual:	348
Status:	Optimal
Time:	0.3
Sequence:
	1
	0
	3
	9
	0
	1
	4
	9
	6
	9
	5
	0
	9
	6
	0
	4
	9
	0
	3
	9
	0
	4
	1
	4
	2
	11
	4
	0
	9
	6
	0
	9
	9
	1
	0
	6
	9
	5
	0
	11
	4
	0
	4
	5
	0
	9
	4
	0
	4
	11
	0
	4
	9
	0
	5
	9
	4
	1
	9
	6
	9
	5
	0
	11
	9
	5
	0
	1
	9
	1
	0
	6
	9
	3
	9
	6
	0
	9
	5
	9
	1
	9
	9
	6
	0
	3
	9
	5
	9
	6
	9
	0
	5
	9
	5
	0
	6
	9
	0
	11
	9
	9
	5
	0
	6
	9
	9
	9
	3
	0
	6
	9
	9
	1
	9
	9
	0
	9
	11
	0
	6
	9
	5
	9
	0
	9
	11
	0
	9
	6
	9
	9
	0
	6
	9
	5
	9
	5
	9
	6
	9
	1
	0
	11
	9
	0
	5
	9
	6
	0
	1
	9
	11
	9
	9
	0
	5
	9
	6
	0
	9
	3
	9
	1
	9
	1
	9
	6
	0
	5
	9
	1
	0
	5
	9
	5
	9
	0
	11
	9
	6
	9
	1
	0
	11
	9
	9
	9
	0
	9
	6
	0
	9
	11
	0
	9
	9
	0
	9
	3
	9
	6
	9
	5
	9
	9
	0
	9
	3
	9
	5
	0
	5
	9
	9
	3
	0
	6
	9
	5
	9
	5
	0
	11
	9
	5
	0
	9
	9
	5
	0
	9
	11
	9
	9
	0
	6
	9
	5
	9
	9
	0
	9
	5
	0
	9
	5
	0
	5
	9
	0
	9
	5
	9
	0
	5
	9
	0
	9
	9
	9
	5
	9
	9
	5
	9
	9
	9
	9
	5
	0
	5
	9
	9
	9
	0
	5
	9
	5
	0
	5
	9
	5
	0
	9
	9
	5
	9
	9
	5
	9
	9
	0
	5
	9
	9
	0
	9
	9
	0
	9
	5
	9
	5
	9
	0
	9
	5
	9
	5
	0
	9
	9
	9
	9
	0
	9
	9
	0
	9
	9
	5
	0
	9
	9
	0
	9
	9
	0
	5
	9
	9
	9
	5
	9
	0
	5
	9
	9
	5
	9
	9
	0
	5
	9
	5
	0
	5
