Version identifier: 22.1.0.0 | 2022-03-09 | 1a383f8ce
CPXPARAM_Threads                                 1
CPXPARAM_MIP_Strategy_VariableSelect             3
CPXPARAM_TimeLimit                               599.99981101000003
1 of 1 MIP starts provided solutions.
MIP start 'm1' defined initial solution with objective 203.0000.
Tried aggregator 2 times.
MIP Presolve eliminated 42 rows and 407 columns.
MIP Presolve added 32 rows and 8 columns.
MIP Presolve modified 65 coefficients.
Aggregator did 8 substitutions.
Reduced MIP has 1416 rows, 2233 columns, and 39477 nonzeros.
Reduced MIP has 2233 binaries, 0 generals, 0 SOSs, and 0 indicators.
Presolve time = 0.06 sec. (80.19 ticks)
Probing time = 0.01 sec. (9.67 ticks)
Tried aggregator 1 time.
Detecting symmetries...
MIP Presolve modified 12 coefficients.
Reduced MIP has 1416 rows, 2233 columns, and 39684 nonzeros.
Reduced MIP has 2233 binaries, 0 generals, 0 SOSs, and 0 indicators.
Presolve time = 0.04 sec. (54.83 ticks)
Probing time = 0.01 sec. (9.69 ticks)
Clique table members: 1006.
MIP emphasis: balance optimality and feasibility.
MIP search method: dynamic search.
Parallel mode: none, using 1 thread.
Root relaxation solution time = 0.01 sec. (5.79 ticks)

        Nodes                                         Cuts/
   Node  Left     Objective  IInf  Best Integer    Best Bound    ItCnt     Gap

*     0+    0                          203.0000    20706.0000              --- 
      0     0        cutoff            203.0000                     11     --- 

Root node processing (before b&c):
  Real time             =    0.15 sec. (184.10 ticks)
Sequential b&c:
  Real time             =    0.00 sec. (0.00 ticks)
                          ------------
Total (root+branch&cut) =    0.15 sec. (184.10 ticks)
Primal:	203
Dual:	203
Status:	Optimal
Time:	0.16
Sequence:
	0
	10
	9
	10
	2
	11
	4
	6
	9
	1
	0
	11
	4
	2
	1
	4
	4
	9
	11
	0
	5
	9
	2
	6
	4
	0
	11
	9
	5
	9
	5
	4
	11
	0
	6
	4
	1
	9
	5
	0
	5
	9
	9
	6
	2
	5
	9
	0
	6
	9
	3
	2
	5
	4
	2
	4
	9
	6
	2
	4
	4
	2
	6
	4
	0
	1
	9
	5
	4
	0
	1
	4
	0
	4
	11
	2
	9
	9
	6
	4
	9
	5
	4
	0
	6
	4
	9
	0
	5
	4
	1
	0
	5
	4
	11
	0
	4
	6
	0
	9
	4
	0
	5
	9
	6
	9
	9
	11
	0
	9
	6
	9
	9
	0
	11
	9
	4
	9
	5
	9
	1
	9
	4
	0
	9
	4
	0
	11
	4
	1
	4
	1
	9
	1
	0
	5
	4
	9
	4
	1
	9
	4
	9
	9
	1
	4
	5
	9
	0
	4
	9
	4
	9
	1
	4
	0
	9
	5
	0
	1
	4
	1
	0
	9
	4
	0
	9
	9
	4
	9
	4
	4
	1
	9
	9
	1
	0
	1
	4
	9
	1
	0
	1
	4
	0
	9
	4
	9
	4
	1
	0
	1
	9
	0
	9
	9
	0
	9
	9
	0
	9
	9
	0
