Version identifier: 22.1.0.0 | 2022-03-09 | 1a383f8ce
CPXPARAM_Threads                                 1
CPXPARAM_MIP_Strategy_VariableSelect             3
CPXPARAM_TimeLimit                               599.99997186300004
1 of 1 MIP starts provided solutions.
MIP start 'm1' defined initial solution with objective 48.0000.
Tried aggregator 1 time.
MIP Presolve eliminated 112 rows and 384 columns.
MIP Presolve modified 81 coefficients.
Reduced MIP has 237 rows, 240 columns, and 3890 nonzeros.
Reduced MIP has 240 binaries, 0 generals, 0 SOSs, and 0 indicators.
Presolve time = 0.01 sec. (10.18 ticks)
Probing time = 0.00 sec. (1.66 ticks)
Tried aggregator 1 time.
Detecting symmetries...
MIP Presolve modified 3 coefficients.
Reduced MIP has 237 rows, 240 columns, and 4012 nonzeros.
Reduced MIP has 240 binaries, 0 generals, 0 SOSs, and 0 indicators.
Presolve time = 0.00 sec. (5.00 ticks)
Probing time = 0.00 sec. (1.68 ticks)
Clique table members: 146.
MIP emphasis: balance optimality and feasibility.
MIP search method: dynamic search.
Parallel mode: none, using 1 thread.
Root relaxation solution time = 0.00 sec. (0.60 ticks)

        Nodes                                         Cuts/
   Node  Left     Objective  IInf  Best Integer    Best Bound    ItCnt     Gap

*     0+    0                           48.0000     1176.0000              --- 
      0     0        cutoff             48.0000                      5     --- 

Root node processing (before b&c):
  Real time             =    0.02 sec. (21.15 ticks)
Sequential b&c:
  Real time             =    0.00 sec. (0.00 ticks)
                          ------------
Total (root+branch&cut) =    0.02 sec. (21.15 ticks)
Primal:	48
Dual:	48
Status:	Optimal
Time:	0.02
Sequence:
	0
	4
	9
	0
	9
	9
	9
	1
	0
	1
	9
	1
	9
	4
	4
	9
	4
	4
	0
	9
	4
	4
	9
	4
	4
	9
	4
	0
	4
	9
	4
	9
	9
	0
	4
	9
	9
	9
	9
	0
	9
	9
	9
	0
	9
	9
	9
	0
