Version identifier: 22.1.0.0 | 2022-03-09 | 1a383f8ce
CPXPARAM_Threads                                 1
CPXPARAM_MIP_Strategy_VariableSelect             3
CPXPARAM_TimeLimit                               599.99990665099995
1 of 1 MIP starts provided solutions.
MIP start 'm1' defined initial solution with objective 226.0000.
Tried aggregator 1 time.
MIP Presolve eliminated 243 rows and 904 columns.
MIP Presolve modified 49 coefficients.
Reduced MIP has 1352 rows, 2034 columns, and 40575 nonzeros.
Reduced MIP has 2034 binaries, 0 generals, 0 SOSs, and 0 indicators.
Presolve time = 0.05 sec. (72.63 ticks)
Probing time = 0.01 sec. (9.44 ticks)
Tried aggregator 1 time.
Detecting symmetries...
MIP Presolve modified 9 coefficients.
Reduced MIP has 1352 rows, 2034 columns, and 40728 nonzeros.
Reduced MIP has 2034 binaries, 0 generals, 0 SOSs, and 0 indicators.
Presolve time = 0.04 sec. (61.99 ticks)
Probing time = 0.01 sec. (9.45 ticks)
Clique table members: 898.
MIP emphasis: balance optimality and feasibility.
MIP search method: dynamic search.
Parallel mode: none, using 1 thread.
Root relaxation solution time = 0.01 sec. (5.59 ticks)

        Nodes                                         Cuts/
   Node  Left     Objective  IInf  Best Integer    Best Bound    ItCnt     Gap

*     0+    0                          226.0000    25651.0000              --- 
      0     0        cutoff            226.0000                      9     --- 

Root node processing (before b&c):
  Real time             =    0.14 sec. (181.69 ticks)
Sequential b&c:
  Real time             =    0.00 sec. (0.00 ticks)
                          ------------
Total (root+branch&cut) =    0.14 sec. (181.69 ticks)
Primal:	226
Dual:	226
Status:	Optimal
Time:	0.14
Sequence:
	2
	4
	9
	2
	4
	7
	2
	1
	4
	0
	4
	1
	0
	9
	5
	0
	7
	9
	8
	1
	4
	0
	9
	5
	0
	9
	9
	2
	1
	9
	1
	0
	1
	9
	0
	9
	4
	2
	9
	1
	0
	5
	9
	0
	1
	4
	0
	9
	4
	5
	0
	1
	4
	0
	1
	4
	1
	0
	5
	9
	0
	7
	9
	0
	1
	9
	0
	5
	9
	0
	5
	4
	2
	1
	9
	0
	1
	9
	9
	0
	9
	4
	2
	1
	9
	2
	4
	9
	0
	1
	4
	0
	5
	9
	0
	1
	9
	0
	5
	9
	0
	1
	4
	0
	9
	1
	4
	5
	0
	1
	4
	0
	5
	4
	0
	5
	4
	1
	0
	9
	5
	0
	4
	1
	0
	5
	9
	9
	0
	1
	4
	0
	1
	4
	5
	9
	4
	0
	4
	9
	1
	4
	0
	5
	9
	1
	0
	5
	4
	9
	9
	9
	5
	0
	5
	9
	5
	4
	0
	4
	4
	0
	5
	4
	0
	4
	9
	0
	9
	4
	9
	0
	9
	5
	9
	9
	4
	0
	4
	9
	9
	9
	9
	9
	0
	9
	9
	0
	9
	9
	9
	4
	0
	9
	9
	0
	9
	9
	0
	9
	9
	0
	9
	9
	0
	9
	9
	9
	0
	9
	9
	0
	9
	9
	0
	9
	9
	9
	0
	9
	9
	0
	9
	9
	0
	9
