Version identifier: 22.1.0.0 | 2022-03-09 | 1a383f8ce
CPXPARAM_Threads                                 1
CPXPARAM_MIP_Strategy_VariableSelect             3
CPXPARAM_TimeLimit                               599.999640344
1 of 1 MIP starts provided solutions.
MIP start 'm1' defined initial solution with objective 380.0000.
Tried aggregator 2 times.
MIP Presolve eliminated 47 rows and 1521 columns.
MIP Presolve added 36 rows and 9 columns.
MIP Presolve modified 39 coefficients.
Aggregator did 9 substitutions.
Reduced MIP has 2653 rows, 3420 columns, and 98670 nonzeros.
Reduced MIP has 3420 binaries, 0 generals, 0 SOSs, and 0 indicators.
Presolve time = 0.13 sec. (194.74 ticks)
Probing time = 0.01 sec. (13.45 ticks)
Tried aggregator 1 time.
Detecting symmetries...
MIP Presolve modified 11 coefficients.
Reduced MIP has 2653 rows, 3420 columns, and 98795 nonzeros.
Reduced MIP has 3420 binaries, 0 generals, 0 SOSs, and 0 indicators.
Presolve time = 0.09 sec. (146.58 ticks)
Probing time = 0.01 sec. (13.45 ticks)
Clique table members: 1890.
MIP emphasis: balance optimality and feasibility.
MIP search method: dynamic search.
Parallel mode: none, using 1 thread.
Root relaxation solution time = 0.02 sec. (12.54 ticks)

        Nodes                                         Cuts/
   Node  Left     Objective  IInf  Best Integer    Best Bound    ItCnt     Gap

*     0+    0                          380.0000    72390.0000              --- 
      0     0        cutoff            380.0000                      9     --- 

Root node processing (before b&c):
  Real time             =    0.35 sec. (458.56 ticks)
Sequential b&c:
  Real time             =    0.00 sec. (0.00 ticks)
                          ------------
Total (root+branch&cut) =    0.35 sec. (458.56 ticks)
Primal:	380
Dual:	380
Status:	Optimal
Time:	0.38
Sequence:
	6
	0
	5
	9
	5
	2
	4
	5
	0
	5
	9
	5
	2
	1
	9
	6
	0
	9
	9
	6
	2
	11
	4
	0
	5
	4
	0
	1
	4
	4
	9
	9
	11
	2
	9
	5
	0
	6
	4
	2
	9
	11
	0
	9
	6
	2
	9
	4
	6
	2
	4
	5
	9
	4
	6
	9
	11
	4
	5
	2
	1
	9
	6
	2
	5
	9
	2
	5
	4
	9
	5
	4
	0
	1
	4
	0
	4
	11
	2
	9
	9
	6
	4
	9
	5
	4
	0
	6
	4
	9
	0
	5
	4
	1
	0
	5
	4
	11
	0
	4
	6
	9
	4
	5
	9
	6
	9
	9
	11
	0
	9
	6
	9
	9
	0
	11
	9
	6
	4
	9
	1
	4
	9
	4
	0
	6
	9
	5
	4
	0
	4
	5
	9
	4
	1
	0
	6
	4
	9
	4
	6
	0
	4
	5
	0
	4
	4
	1
	4
	9
	9
	1
	0
	9
	4
	6
	9
	4
	4
	0
	9
	9
	1
	0
	9
	1
	0
	9
	1
	0
	6
	4
	9
	0
	6
	9
	5
	0
	4
	6
	9
	0
	5
	9
	6
	0
	9
	9
	9
	4
	6
	0
	1
	9
	6
	4
	1
	4
	9
	6
	4
	0
	1
	9
	9
	4
	6
	0
	4
	1
	4
	6
	0
	1
	9
	0
	6
	4
	0
	9
	6
	0
	9
	9
	6
	0
	4
	5
	0
	6
	9
	0
	4
	5
	0
	4
	5
	0
	6
	9
	0
	4
	6
	0
	9
	5
	0
	6
	4
	9
	5
	4
	9
	5
	0
	6
	9
	1
	0
	6
	9
	9
	4
	6
	9
	5
	0
	6
	4
	0
	1
	4
	4
	1
	9
	0
	6
	9
	1
	9
	4
	4
	1
	9
	6
	9
	0
	5
	9
	5
	4
	1
	0
	5
	4
	0
	1
	9
	5
	9
	4
	6
	0
	1
	4
	4
	9
	6
	9
	4
	5
	0
	6
	9
	0
	9
	6
	9
	4
	1
	0
	6
	9
	9
	9
	6
	4
	0
	9
	6
	9
	9
	5
	4
	1
	4
	4
	1
	0
	5
	9
	1
	9
	6
	9
	5
	0
	6
	9
	5
	0
	6
	9
	0
	5
	9
	0
	9
	6
	9
	9
	0
	6
	9
	9
	0
	9
	6
	9
	0
	9
	6
	0
	9
	9
	6
	9
	9
	0
	6
