Version identifier: 22.1.0.0 | 2022-03-09 | 1a383f8ce
CPXPARAM_Threads                                 1
CPXPARAM_MIP_Strategy_VariableSelect             3
CPXPARAM_TimeLimit                               599.99999260000004
1 of 1 MIP starts provided solutions.
MIP start 'm1' defined initial solution with objective 352.0000.
Tried aggregator 1 time.
MIP Presolve eliminated 17 rows and 352 columns.
MIP Presolve modified 46 coefficients.
Reduced MIP has 2460 rows, 4224 columns, and 97008 nonzeros.
Reduced MIP has 4224 binaries, 0 generals, 0 SOSs, and 0 indicators.
Presolve time = 0.11 sec. (158.40 ticks)
Probing time = 0.02 sec. (14.58 ticks)
Tried aggregator 1 time.
Detecting symmetries...
MIP Presolve modified 12 coefficients.
Reduced MIP has 2460 rows, 4224 columns, and 97158 nonzeros.
Reduced MIP has 4224 binaries, 0 generals, 0 SOSs, and 0 indicators.
Presolve time = 0.10 sec. (148.94 ticks)
Probing time = 0.02 sec. (14.59 ticks)
Clique table members: 1752.
MIP emphasis: balance optimality and feasibility.
MIP search method: dynamic search.
Parallel mode: none, using 1 thread.
Root relaxation solution time = 0.02 sec. (13.11 ticks)

        Nodes                                         Cuts/
   Node  Left     Objective  IInf  Best Integer    Best Bound    ItCnt     Gap

*     0+    0                          352.0000    62128.0000              --- 
      0     0        cutoff            352.0000                     12     --- 

Root node processing (before b&c):
  Real time             =    0.34 sec. (410.18 ticks)
Sequential b&c:
  Real time             =    0.00 sec. (0.00 ticks)
                          ------------
Total (root+branch&cut) =    0.34 sec. (410.18 ticks)
Primal:	352
Dual:	352
Status:	Optimal
Time:	0.37
Sequence:
	9
	1
	9
	9
	1
	2
	11
	4
	2
	4
	1
	0
	1
	9
	4
	3
	8
	6
	9
	4
	8
	10
	9
	0
	1
	9
	10
	4
	2
	6
	9
	0
	10
	4
	8
	9
	9
	9
	9
	5
	2
	4
	9
	1
	2
	1
	9
	5
	4
	2
	6
	9
	5
	2
	4
	5
	9
	4
	1
	2
	9
	6
	4
	2
	4
	5
	2
	5
	9
	5
	2
	1
	9
	9
	2
	4
	1
	9
	2
	4
	4
	9
	6
	9
	9
	1
	4
	2
	9
	4
	5
	2
	4
	1
	2
	1
	4
	4
	9
	2
	1
	9
	4
	1
	9
	4
	6
	2
	4
	4
	9
	4
	4
	9
	6
	4
	1
	2
	1
	9
	4
	5
	9
	6
	4
	1
	9
	1
	4
	9
	9
	5
	9
	1
	4
	1
	9
	5
	9
	6
	4
	9
	1
	9
	1
	9
	1
	9
	9
	1
	4
	4
	1
	9
	4
	1
	4
	5
	9
	6
	9
	1
	9
	9
	1
	9
	9
	1
	9
	1
	9
	6
	9
	9
	1
	9
	1
	9
	6
	9
	1
	9
	5
	9
	6
	9
	9
	5
	9
	1
	9
	9
	5
	9
	6
	9
	5
	9
	9
	9
	5
	9
	9
	9
	5
	9
	9
	9
	1
	9
	5
	9
	5
	9
	1
	9
	9
	9
	5
	9
	5
	9
	5
	9
	1
	9
	5
	9
	9
	9
	5
	9
	9
	5
	9
	5
	9
	5
	9
	5
	9
	5
	9
	9
	5
	9
	9
	9
	5
	9
	9
	5
	9
	5
	9
	9
	5
	9
	9
	9
	5
	9
	5
	9
	9
	5
	9
	5
	9
	9
	5
	9
	9
	9
	5
	9
	5
	9
	9
	9
	5
	9
	9
	9
	9
	9
	5
	9
	5
	9
	5
	9
	5
	9
	9
	9
	5
	9
	9
	9
	9
	9
	9
	5
	9
	9
	5
	9
	9
	9
	5
	9
	9
	9
	5
	9
	9
	5
	9
	9
	9
	9
	9
	9
	9
	5
	9
	5
	9
	5
	9
	9
	9
	9
	9
	9
	9
	9
	9
	9
	9
	9
	9
	9
	9
	9
	9
	9
	9
	9
	9
	9
