Version identifier: 22.1.0.0 | 2022-03-09 | 1a383f8ce
CPXPARAM_Threads                                 1
CPXPARAM_MIP_Strategy_VariableSelect             3
CPXPARAM_TimeLimit                               599.99987353100005
1 of 1 MIP starts provided solutions.
MIP start 'm1' defined initial solution with objective 318.0000.
Tried aggregator 1 time.
MIP Presolve eliminated 334 rows and 954 columns.
MIP Presolve modified 40 coefficients.
Reduced MIP has 1905 rows, 3180 columns, and 74957 nonzeros.
Reduced MIP has 3180 binaries, 0 generals, 0 SOSs, and 0 indicators.
Presolve time = 0.08 sec. (123.58 ticks)
Probing time = 0.01 sec. (12.80 ticks)
Tried aggregator 1 time.
Detecting symmetries...
MIP Presolve modified 10 coefficients.
Reduced MIP has 1905 rows, 3180 columns, and 75099 nonzeros.
Reduced MIP has 3180 binaries, 0 generals, 0 SOSs, and 0 indicators.
Presolve time = 0.07 sec. (113.97 ticks)
Probing time = 0.01 sec. (12.81 ticks)
Clique table members: 1265.
MIP emphasis: balance optimality and feasibility.
MIP search method: dynamic search.
Parallel mode: none, using 1 thread.
Root relaxation solution time = 0.01 sec. (9.92 ticks)

        Nodes                                         Cuts/
   Node  Left     Objective  IInf  Best Integer    Best Bound    ItCnt     Gap

*     0+    0                          318.0000    50721.0000              --- 
      0     0        cutoff            318.0000                     10     --- 

Root node processing (before b&c):
  Real time             =    0.26 sec. (319.75 ticks)
Sequential b&c:
  Real time             =    0.00 sec. (0.00 ticks)
                          ------------
Total (root+branch&cut) =    0.26 sec. (319.75 ticks)
Primal:	318
Dual:	318
Status:	Optimal
Time:	0.29
Sequence:
	9
	5
	9
	3
	9
	1
	9
	0
	1
	9
	5
	4
	0
	11
	4
	10
	9
	10
	2
	4
	10
	4
	9
	11
	4
	1
	9
	4
	2
	5
	4
	3
	4
	0
	1
	9
	4
	0
	9
	5
	2
	3
	9
	5
	2
	4
	1
	0
	9
	4
	9
	2
	1
	9
	4
	0
	9
	5
	9
	9
	0
	5
	9
	2
	1
	4
	2
	9
	1
	2
	4
	4
	9
	2
	4
	1
	9
	5
	0
	9
	9
	5
	9
	9
	9
	0
	4
	1
	0
	4
	9
	0
	9
	9
	4
	1
	9
	4
	5
	9
	2
	9
	1
	2
	5
	4
	1
	9
	9
	5
	0
	9
	4
	9
	0
	9
	4
	4
	0
	4
	4
	1
	4
	0
	5
	9
	1
	0
	1
	9
	5
	4
	9
	9
	9
	9
	0
	1
	4
	9
	5
	4
	1
	9
	1
	9
	9
	4
	1
	9
	9
	1
	0
	9
	9
	1
	9
	0
	9
	5
	9
	9
	9
	9
	9
	5
	4
	0
	9
	4
	9
	9
	5
	9
	9
	9
	0
	5
	4
	0
	9
	1
	9
	0
	9
	1
	4
	5
	9
	5
	0
	9
	9
	4
	4
	9
	0
	5
	4
	0
	4
	5
	9
	0
	4
	5
	9
	0
	5
	9
	4
	5
	9
	5
	0
	4
	9
	4
	4
	9
	9
	4
	0
	5
	4
	0
	9
	5
	0
	5
	4
	0
	9
	4
	9
	0
	5
	9
	4
	4
	9
	0
	5
	4
	0
	4
	9
	4
	9
	0
	5
	4
	9
	4
	4
	0
	5
	4
	9
	9
	9
	5
	4
	0
	9
	9
	5
	0
	9
	9
	9
	9
	0
	9
	9
	4
	4
	9
	4
	9
	4
	0
	4
	9
	0
	4
	9
	0
	4
	9
	0
	9
	9
	0
	9
	9
	9
	9
	4
	9
	9
	4
	4
	9
	0
	4
	4
	0
	4
	4
	0
	4
	4
	0
	4
	4
	0
	4
