Version identifier: 22.1.0.0 | 2022-03-09 | 1a383f8ce
CPXPARAM_Threads                                 1
CPXPARAM_MIP_Strategy_VariableSelect             3
CPXPARAM_TimeLimit                               599.99885825000001
Found incumbent of value 0.000000 after 0.00 sec. (0.10 ticks)

Root node processing (before b&c):
  Real time             =    0.00 sec. (0.11 ticks)
Sequential b&c:
  Real time             =    0.00 sec. (0.00 ticks)
                          ------------
Total (root+branch&cut) =    0.00 sec. (0.11 ticks)
Version identifier: 22.1.0.0 | 2022-03-09 | 1a383f8ce
CPXPARAM_Threads                                 1
CPXPARAM_MIP_Strategy_VariableSelect             3
CPXPARAM_TimeLimit                               599.99222891500006
Found incumbent of value 0.000000 after 0.00 sec. (0.10 ticks)

Root node processing (before b&c):
  Real time             =    0.00 sec. (0.11 ticks)
Sequential b&c:
  Real time             =    0.00 sec. (0.00 ticks)
                          ------------
Total (root+branch&cut) =    0.00 sec. (0.11 ticks)
Version identifier: 22.1.0.0 | 2022-03-09 | 1a383f8ce
CPXPARAM_Threads                                 1
CPXPARAM_MIP_Strategy_VariableSelect             3
CPXPARAM_TimeLimit                               599.98666799900002
Found incumbent of value 0.000000 after 0.00 sec. (0.10 ticks)

Root node processing (before b&c):
  Real time             =    0.00 sec. (0.12 ticks)
Sequential b&c:
  Real time             =    0.00 sec. (0.00 ticks)
                          ------------
Total (root+branch&cut) =    0.00 sec. (0.12 ticks)
Version identifier: 22.1.0.0 | 2022-03-09 | 1a383f8ce
CPXPARAM_Threads                                 1
CPXPARAM_MIP_Strategy_VariableSelect             3
CPXPARAM_TimeLimit                               599.98110437000003
Found incumbent of value 0.000000 after 0.00 sec. (0.10 ticks)

Root node processing (before b&c):
  Real time             =    0.00 sec. (0.12 ticks)
Sequential b&c:
  Real time             =    0.00 sec. (0.00 ticks)
                          ------------
Total (root+branch&cut) =    0.00 sec. (0.12 ticks)
Version identifier: 22.1.0.0 | 2022-03-09 | 1a383f8ce
CPXPARAM_Threads                                 1
CPXPARAM_MIP_Strategy_VariableSelect             3
CPXPARAM_TimeLimit                               599.975492798
Found incumbent of value 0.000000 after 0.00 sec. (0.10 ticks)

Root node processing (before b&c):
  Real time             =    0.00 sec. (0.12 ticks)
Sequential b&c:
  Real time             =    0.00 sec. (0.00 ticks)
                          ------------
Total (root+branch&cut) =    0.00 sec. (0.12 ticks)
Version identifier: 22.1.0.0 | 2022-03-09 | 1a383f8ce
CPXPARAM_Threads                                 1
CPXPARAM_MIP_Strategy_VariableSelect             3
CPXPARAM_TimeLimit                               599.969857069
Found incumbent of value 0.000000 after 0.00 sec. (0.10 ticks)

Root node processing (before b&c):
  Real time             =    0.00 sec. (0.12 ticks)
Sequential b&c:
  Real time             =    0.00 sec. (0.00 ticks)
                          ------------
Total (root+branch&cut) =    0.00 sec. (0.12 ticks)
Version identifier: 22.1.0.0 | 2022-03-09 | 1a383f8ce
CPXPARAM_Threads                                 1
CPXPARAM_MIP_Strategy_VariableSelect             3
CPXPARAM_TimeLimit                               599.96415844499995
Found incumbent of value 0.000000 after 0.00 sec. (0.11 ticks)

Root node processing (before b&c):
  Real time             =    0.00 sec. (0.12 ticks)
Sequential b&c:
  Real time             =    0.00 sec. (0.00 ticks)
                          ------------
Total (root+branch&cut) =    0.00 sec. (0.12 ticks)
Version identifier: 22.1.0.0 | 2022-03-09 | 1a383f8ce
CPXPARAM_Threads                                 1
CPXPARAM_MIP_Strategy_VariableSelect             3
CPXPARAM_TimeLimit                               599.95842153800004
Found incumbent of value 0.000000 after 0.00 sec. (0.11 ticks)

Root node processing (before b&c):
  Real time             =    0.00 sec. (0.12 ticks)
Sequential b&c:
  Real time             =    0.00 sec. (0.00 ticks)
                          ------------
Total (root+branch&cut) =    0.00 sec. (0.12 ticks)
Version identifier: 22.1.0.0 | 2022-03-09 | 1a383f8ce
CPXPARAM_Threads                                 1
CPXPARAM_MIP_Strategy_VariableSelect             3
CPXPARAM_TimeLimit                               599.95258447799995
Found incumbent of value 0.000000 after 0.00 sec. (0.11 ticks)

Root node processing (before b&c):
  Real time             =    0.00 sec. (0.13 ticks)
Sequential b&c:
  Real time             =    0.00 sec. (0.00 ticks)
                          ------------
Total (root+branch&cut) =    0.00 sec. (0.13 ticks)
Version identifier: 22.1.0.0 | 2022-03-09 | 1a383f8ce
CPXPARAM_Threads                                 1
CPXPARAM_MIP_Strategy_VariableSelect             3
CPXPARAM_TimeLimit                               599.94675251800004
Found incumbent of value 0.000000 after 0.00 sec. (0.11 ticks)

Root node processing (before b&c):
  Real time             =    0.00 sec. (0.13 ticks)
Sequential b&c:
  Real time             =    0.00 sec. (0.00 ticks)
                          ------------
Total (root+branch&cut) =    0.00 sec. (0.13 ticks)
Version identifier: 22.1.0.0 | 2022-03-09 | 1a383f8ce
CPXPARAM_Threads                                 1
CPXPARAM_MIP_Strategy_VariableSelect             3
CPXPARAM_TimeLimit                               599.94077128599997
Found incumbent of value 0.000000 after 0.00 sec. (0.11 ticks)

Root node processing (before b&c):
  Real time             =    0.00 sec. (0.13 ticks)
Sequential b&c:
  Real time             =    0.00 sec. (0.00 ticks)
                          ------------
Total (root+branch&cut) =    0.00 sec. (0.13 ticks)
Version identifier: 22.1.0.0 | 2022-03-09 | 1a383f8ce
CPXPARAM_Threads                                 1
CPXPARAM_MIP_Strategy_VariableSelect             3
CPXPARAM_TimeLimit                               599.93483339500006
Found incumbent of value 0.000000 after 0.00 sec. (0.11 ticks)

Root node processing (before b&c):
  Real time             =    0.00 sec. (0.13 ticks)
Sequential b&c:
  Real time             =    0.00 sec. (0.00 ticks)
                          ------------
Total (root+branch&cut) =    0.00 sec. (0.13 ticks)
Version identifier: 22.1.0.0 | 2022-03-09 | 1a383f8ce
CPXPARAM_Threads                                 1
CPXPARAM_MIP_Strategy_VariableSelect             3
CPXPARAM_TimeLimit                               599.92885324400004
Found incumbent of value 0.000000 after 0.00 sec. (0.11 ticks)

Root node processing (before b&c):
  Real time             =    0.00 sec. (0.13 ticks)
Sequential b&c:
  Real time             =    0.00 sec. (0.00 ticks)
                          ------------
Total (root+branch&cut) =    0.00 sec. (0.13 ticks)
Version identifier: 22.1.0.0 | 2022-03-09 | 1a383f8ce
CPXPARAM_Threads                                 1
CPXPARAM_MIP_Strategy_VariableSelect             3
CPXPARAM_TimeLimit                               599.92269885999997
Found incumbent of value 0.000000 after 0.00 sec. (0.11 ticks)

Root node processing (before b&c):
  Real time             =    0.00 sec. (0.13 ticks)
Sequential b&c:
  Real time             =    0.00 sec. (0.00 ticks)
                          ------------
Total (root+branch&cut) =    0.00 sec. (0.13 ticks)
Version identifier: 22.1.0.0 | 2022-03-09 | 1a383f8ce
CPXPARAM_Threads                                 1
CPXPARAM_MIP_Strategy_VariableSelect             3
CPXPARAM_TimeLimit                               599.91632923600002
Found incumbent of value 0.000000 after 0.00 sec. (0.12 ticks)

Root node processing (before b&c):
  Real time             =    0.00 sec. (0.13 ticks)
Sequential b&c:
  Real time             =    0.00 sec. (0.00 ticks)
                          ------------
Total (root+branch&cut) =    0.00 sec. (0.13 ticks)
Version identifier: 22.1.0.0 | 2022-03-09 | 1a383f8ce
CPXPARAM_Threads                                 1
CPXPARAM_MIP_Strategy_VariableSelect             3
CPXPARAM_TimeLimit                               599.90995430099997
Found incumbent of value 0.000000 after 0.00 sec. (0.12 ticks)

Root node processing (before b&c):
  Real time             =    0.00 sec. (0.14 ticks)
Sequential b&c:
  Real time             =    0.00 sec. (0.00 ticks)
                          ------------
Total (root+branch&cut) =    0.00 sec. (0.14 ticks)
Version identifier: 22.1.0.0 | 2022-03-09 | 1a383f8ce
CPXPARAM_Threads                                 1
CPXPARAM_MIP_Strategy_VariableSelect             3
CPXPARAM_TimeLimit                               599.90338653499998
Found incumbent of value 0.000000 after 0.00 sec. (0.12 ticks)

Root node processing (before b&c):
  Real time             =    0.00 sec. (0.14 ticks)
Sequential b&c:
  Real time             =    0.00 sec. (0.00 ticks)
                          ------------
Total (root+branch&cut) =    0.00 sec. (0.14 ticks)
Version identifier: 22.1.0.0 | 2022-03-09 | 1a383f8ce
CPXPARAM_Threads                                 1
CPXPARAM_MIP_Strategy_VariableSelect             3
CPXPARAM_TimeLimit                               599.89688308799998
Found incumbent of value 0.000000 after 0.00 sec. (0.12 ticks)

Root node processing (before b&c):
  Real time             =    0.00 sec. (0.14 ticks)
Sequential b&c:
  Real time             =    0.00 sec. (0.00 ticks)
                          ------------
Total (root+branch&cut) =    0.00 sec. (0.14 ticks)
Version identifier: 22.1.0.0 | 2022-03-09 | 1a383f8ce
CPXPARAM_Threads                                 1
CPXPARAM_MIP_Strategy_VariableSelect             3
CPXPARAM_TimeLimit                               599.89045005599996
Found incumbent of value 0.000000 after 0.00 sec. (0.12 ticks)

Root node processing (before b&c):
  Real time             =    0.00 sec. (0.14 ticks)
Sequential b&c:
  Real time             =    0.00 sec. (0.00 ticks)
                          ------------
Total (root+branch&cut) =    0.00 sec. (0.14 ticks)
Version identifier: 22.1.0.0 | 2022-03-09 | 1a383f8ce
CPXPARAM_Threads                                 1
CPXPARAM_MIP_Strategy_VariableSelect             3
CPXPARAM_TimeLimit                               599.88402974200005
Found incumbent of value 0.000000 after 0.00 sec. (0.12 ticks)

Root node processing (before b&c):
  Real time             =    0.00 sec. (0.14 ticks)
Sequential b&c:
  Real time             =    0.00 sec. (0.00 ticks)
                          ------------
Total (root+branch&cut) =    0.00 sec. (0.14 ticks)
Version identifier: 22.1.0.0 | 2022-03-09 | 1a383f8ce
CPXPARAM_Threads                                 1
CPXPARAM_MIP_Strategy_VariableSelect             3
CPXPARAM_TimeLimit                               599.87758503600003
Found incumbent of value 0.000000 after 0.00 sec. (0.16 ticks)

Root node processing (before b&c):
  Real time             =    0.00 sec. (0.18 ticks)
Sequential b&c:
  Real time             =    0.00 sec. (0.00 ticks)
                          ------------
Total (root+branch&cut) =    0.00 sec. (0.18 ticks)
Version identifier: 22.1.0.0 | 2022-03-09 | 1a383f8ce
CPXPARAM_Threads                                 1
CPXPARAM_MIP_Strategy_VariableSelect             3
CPXPARAM_TimeLimit                               599.87093328799995
Found incumbent of value 0.000000 after 0.00 sec. (0.16 ticks)

Root node processing (before b&c):
  Real time             =    0.00 sec. (0.18 ticks)
Sequential b&c:
  Real time             =    0.00 sec. (0.00 ticks)
                          ------------
Total (root+branch&cut) =    0.00 sec. (0.18 ticks)
Version identifier: 22.1.0.0 | 2022-03-09 | 1a383f8ce
CPXPARAM_Threads                                 1
CPXPARAM_MIP_Strategy_VariableSelect             3
CPXPARAM_TimeLimit                               599.86405507200004
Found incumbent of value 0.000000 after 0.00 sec. (0.16 ticks)

Root node processing (before b&c):
  Real time             =    0.00 sec. (0.18 ticks)
Sequential b&c:
  Real time             =    0.00 sec. (0.00 ticks)
                          ------------
Total (root+branch&cut) =    0.00 sec. (0.18 ticks)
Version identifier: 22.1.0.0 | 2022-03-09 | 1a383f8ce
CPXPARAM_Threads                                 1
CPXPARAM_MIP_Strategy_VariableSelect             3
CPXPARAM_TimeLimit                               599.85678807199997
Found incumbent of value 0.000000 after 0.00 sec. (0.17 ticks)

Root node processing (before b&c):
  Real time             =    0.00 sec. (0.19 ticks)
Sequential b&c:
  Real time             =    0.00 sec. (0.00 ticks)
                          ------------
Total (root+branch&cut) =    0.00 sec. (0.19 ticks)
Version identifier: 22.1.0.0 | 2022-03-09 | 1a383f8ce
CPXPARAM_Threads                                 1
CPXPARAM_MIP_Strategy_VariableSelect             3
CPXPARAM_TimeLimit                               599.84946537999997
Found incumbent of value 0.000000 after 0.00 sec. (0.17 ticks)

Root node processing (before b&c):
  Real time             =    0.00 sec. (0.19 ticks)
Sequential b&c:
  Real time             =    0.00 sec. (0.00 ticks)
                          ------------
Total (root+branch&cut) =    0.00 sec. (0.19 ticks)
Version identifier: 22.1.0.0 | 2022-03-09 | 1a383f8ce
CPXPARAM_Threads                                 1
CPXPARAM_MIP_Strategy_VariableSelect             3
CPXPARAM_TimeLimit                               599.84201383899995
Found incumbent of value 0.000000 after 0.00 sec. (0.17 ticks)

Root node processing (before b&c):
  Real time             =    0.00 sec. (0.19 ticks)
Sequential b&c:
  Real time             =    0.00 sec. (0.00 ticks)
                          ------------
Total (root+branch&cut) =    0.00 sec. (0.19 ticks)
Version identifier: 22.1.0.0 | 2022-03-09 | 1a383f8ce
CPXPARAM_Threads                                 1
CPXPARAM_MIP_Strategy_VariableSelect             3
CPXPARAM_TimeLimit                               599.83460715199999
Found incumbent of value 0.000000 after 0.00 sec. (0.17 ticks)

Root node processing (before b&c):
  Real time             =    0.00 sec. (0.19 ticks)
Sequential b&c:
  Real time             =    0.00 sec. (0.00 ticks)
                          ------------
Total (root+branch&cut) =    0.00 sec. (0.19 ticks)
Version identifier: 22.1.0.0 | 2022-03-09 | 1a383f8ce
CPXPARAM_Threads                                 1
CPXPARAM_MIP_Strategy_VariableSelect             3
CPXPARAM_TimeLimit                               599.82717015000003
Found incumbent of value 0.000000 after 0.00 sec. (0.17 ticks)

Root node processing (before b&c):
  Real time             =    0.00 sec. (0.19 ticks)
Sequential b&c:
  Real time             =    0.00 sec. (0.00 ticks)
                          ------------
Total (root+branch&cut) =    0.00 sec. (0.19 ticks)
Version identifier: 22.1.0.0 | 2022-03-09 | 1a383f8ce
CPXPARAM_Threads                                 1
CPXPARAM_MIP_Strategy_VariableSelect             3
CPXPARAM_TimeLimit                               599.81961131599996
Found incumbent of value 0.000000 after 0.00 sec. (0.17 ticks)

Root node processing (before b&c):
  Real time             =    0.00 sec. (0.20 ticks)
Sequential b&c:
  Real time             =    0.00 sec. (0.00 ticks)
                          ------------
Total (root+branch&cut) =    0.00 sec. (0.20 ticks)
Version identifier: 22.1.0.0 | 2022-03-09 | 1a383f8ce
CPXPARAM_Threads                                 1
CPXPARAM_MIP_Strategy_VariableSelect             3
CPXPARAM_TimeLimit                               599.81186471700005
Found incumbent of value 0.000000 after 0.00 sec. (0.18 ticks)

Root node processing (before b&c):
  Real time             =    0.00 sec. (0.20 ticks)
Sequential b&c:
  Real time             =    0.00 sec. (0.00 ticks)
                          ------------
Total (root+branch&cut) =    0.00 sec. (0.20 ticks)
Version identifier: 22.1.0.0 | 2022-03-09 | 1a383f8ce
CPXPARAM_Threads                                 1
CPXPARAM_MIP_Strategy_VariableSelect             3
CPXPARAM_TimeLimit                               599.80410257999995
Found incumbent of value 0.000000 after 0.00 sec. (0.18 ticks)

Root node processing (before b&c):
  Real time             =    0.00 sec. (0.20 ticks)
Sequential b&c:
  Real time             =    0.00 sec. (0.00 ticks)
                          ------------
Total (root+branch&cut) =    0.00 sec. (0.20 ticks)
Version identifier: 22.1.0.0 | 2022-03-09 | 1a383f8ce
CPXPARAM_Threads                                 1
CPXPARAM_MIP_Strategy_VariableSelect             3
CPXPARAM_TimeLimit                               599.79609621999998
Found incumbent of value 0.000000 after 0.00 sec. (0.18 ticks)

Root node processing (before b&c):
  Real time             =    0.00 sec. (0.20 ticks)
Sequential b&c:
  Real time             =    0.00 sec. (0.00 ticks)
                          ------------
Total (root+branch&cut) =    0.00 sec. (0.20 ticks)
Version identifier: 22.1.0.0 | 2022-03-09 | 1a383f8ce
CPXPARAM_Threads                                 1
CPXPARAM_MIP_Strategy_VariableSelect             3
CPXPARAM_TimeLimit                               599.78829571100005
Found incumbent of value 0.000000 after 0.00 sec. (0.18 ticks)

Root node processing (before b&c):
  Real time             =    0.00 sec. (0.20 ticks)
Sequential b&c:
  Real time             =    0.00 sec. (0.00 ticks)
                          ------------
Total (root+branch&cut) =    0.00 sec. (0.20 ticks)
Version identifier: 22.1.0.0 | 2022-03-09 | 1a383f8ce
CPXPARAM_Threads                                 1
CPXPARAM_MIP_Strategy_VariableSelect             3
CPXPARAM_TimeLimit                               599.78025513199998
Found incumbent of value 0.000000 after 0.00 sec. (0.18 ticks)

Root node processing (before b&c):
  Real time             =    0.00 sec. (0.21 ticks)
Sequential b&c:
  Real time             =    0.00 sec. (0.00 ticks)
                          ------------
Total (root+branch&cut) =    0.00 sec. (0.21 ticks)
Version identifier: 22.1.0.0 | 2022-03-09 | 1a383f8ce
CPXPARAM_Threads                                 1
CPXPARAM_MIP_Strategy_VariableSelect             3
CPXPARAM_TimeLimit                               599.77231447199995
Found incumbent of value 0.000000 after 0.00 sec. (0.18 ticks)

Root node processing (before b&c):
  Real time             =    0.00 sec. (0.21 ticks)
Sequential b&c:
  Real time             =    0.00 sec. (0.00 ticks)
                          ------------
Total (root+branch&cut) =    0.00 sec. (0.21 ticks)
Version identifier: 22.1.0.0 | 2022-03-09 | 1a383f8ce
CPXPARAM_Threads                                 1
CPXPARAM_MIP_Strategy_VariableSelect             3
CPXPARAM_TimeLimit                               599.76430317999996
Found incumbent of value 0.000000 after 0.00 sec. (0.19 ticks)

Root node processing (before b&c):
  Real time             =    0.00 sec. (0.21 ticks)
Sequential b&c:
  Real time             =    0.00 sec. (0.00 ticks)
                          ------------
Total (root+branch&cut) =    0.00 sec. (0.21 ticks)
Version identifier: 22.1.0.0 | 2022-03-09 | 1a383f8ce
CPXPARAM_Threads                                 1
CPXPARAM_MIP_Strategy_VariableSelect             3
CPXPARAM_TimeLimit                               599.75633286599998
Found incumbent of value 0.000000 after 0.00 sec. (0.19 ticks)

Root node processing (before b&c):
  Real time             =    0.00 sec. (0.21 ticks)
Sequential b&c:
  Real time             =    0.00 sec. (0.00 ticks)
                          ------------
Total (root+branch&cut) =    0.00 sec. (0.21 ticks)
Version identifier: 22.1.0.0 | 2022-03-09 | 1a383f8ce
CPXPARAM_Threads                                 1
CPXPARAM_MIP_Strategy_VariableSelect             3
CPXPARAM_TimeLimit                               599.74833101199999
Found incumbent of value 0.000000 after 0.00 sec. (0.19 ticks)

Root node processing (before b&c):
  Real time             =    0.00 sec. (0.21 ticks)
Sequential b&c:
  Real time             =    0.00 sec. (0.00 ticks)
                          ------------
Total (root+branch&cut) =    0.00 sec. (0.21 ticks)
Version identifier: 22.1.0.0 | 2022-03-09 | 1a383f8ce
CPXPARAM_Threads                                 1
CPXPARAM_MIP_Strategy_VariableSelect             3
CPXPARAM_TimeLimit                               599.74024824399999
Found incumbent of value 0.000000 after 0.00 sec. (0.19 ticks)

Root node processing (before b&c):
  Real time             =    0.00 sec. (0.21 ticks)
Sequential b&c:
  Real time             =    0.00 sec. (0.00 ticks)
                          ------------
Total (root+branch&cut) =    0.00 sec. (0.21 ticks)
Version identifier: 22.1.0.0 | 2022-03-09 | 1a383f8ce
CPXPARAM_Threads                                 1
CPXPARAM_MIP_Strategy_VariableSelect             3
CPXPARAM_TimeLimit                               599.73206092700002
Found incumbent of value 0.000000 after 0.00 sec. (0.19 ticks)

Root node processing (before b&c):
  Real time             =    0.00 sec. (0.22 ticks)
Sequential b&c:
  Real time             =    0.00 sec. (0.00 ticks)
                          ------------
Total (root+branch&cut) =    0.00 sec. (0.22 ticks)
Version identifier: 22.1.0.0 | 2022-03-09 | 1a383f8ce
CPXPARAM_Threads                                 1
CPXPARAM_MIP_Strategy_VariableSelect             3
CPXPARAM_TimeLimit                               599.72384588800003
Found incumbent of value 0.000000 after 0.00 sec. (0.19 ticks)

Root node processing (before b&c):
  Real time             =    0.00 sec. (0.22 ticks)
Sequential b&c:
  Real time             =    0.00 sec. (0.00 ticks)
                          ------------
Total (root+branch&cut) =    0.00 sec. (0.22 ticks)
Version identifier: 22.1.0.0 | 2022-03-09 | 1a383f8ce
CPXPARAM_Threads                                 1
CPXPARAM_MIP_Strategy_VariableSelect             3
CPXPARAM_TimeLimit                               599.71553904899997
Found incumbent of value 0.000000 after 0.00 sec. (0.20 ticks)

Root node processing (before b&c):
  Real time             =    0.00 sec. (0.22 ticks)
Sequential b&c:
  Real time             =    0.00 sec. (0.00 ticks)
                          ------------
Total (root+branch&cut) =    0.00 sec. (0.22 ticks)
Version identifier: 22.1.0.0 | 2022-03-09 | 1a383f8ce
CPXPARAM_Threads                                 1
CPXPARAM_MIP_Strategy_VariableSelect             3
CPXPARAM_TimeLimit                               599.70712980899998
Found incumbent of value 0.000000 after 0.00 sec. (0.20 ticks)

Root node processing (before b&c):
  Real time             =    0.00 sec. (0.22 ticks)
Sequential b&c:
  Real time             =    0.00 sec. (0.00 ticks)
                          ------------
Total (root+branch&cut) =    0.00 sec. (0.22 ticks)
Version identifier: 22.1.0.0 | 2022-03-09 | 1a383f8ce
CPXPARAM_Threads                                 1
CPXPARAM_MIP_Strategy_VariableSelect             3
CPXPARAM_TimeLimit                               599.69860189200006
Found incumbent of value 0.000000 after 0.00 sec. (0.20 ticks)

Root node processing (before b&c):
  Real time             =    0.00 sec. (0.22 ticks)
Sequential b&c:
  Real time             =    0.00 sec. (0.00 ticks)
                          ------------
Total (root+branch&cut) =    0.00 sec. (0.22 ticks)
Version identifier: 22.1.0.0 | 2022-03-09 | 1a383f8ce
CPXPARAM_Threads                                 1
CPXPARAM_MIP_Strategy_VariableSelect             3
CPXPARAM_TimeLimit                               599.69003124100004
Found incumbent of value 0.000000 after 0.00 sec. (0.20 ticks)

Root node processing (before b&c):
  Real time             =    0.00 sec. (0.23 ticks)
Sequential b&c:
  Real time             =    0.00 sec. (0.00 ticks)
                          ------------
Total (root+branch&cut) =    0.00 sec. (0.23 ticks)
Version identifier: 22.1.0.0 | 2022-03-09 | 1a383f8ce
CPXPARAM_Threads                                 1
CPXPARAM_MIP_Strategy_VariableSelect             3
CPXPARAM_TimeLimit                               599.681292719
Found incumbent of value 0.000000 after 0.00 sec. (0.20 ticks)

Root node processing (before b&c):
  Real time             =    0.00 sec. (0.23 ticks)
Sequential b&c:
  Real time             =    0.00 sec. (0.00 ticks)
                          ------------
Total (root+branch&cut) =    0.00 sec. (0.23 ticks)
Version identifier: 22.1.0.0 | 2022-03-09 | 1a383f8ce
CPXPARAM_Threads                                 1
CPXPARAM_MIP_Strategy_VariableSelect             3
CPXPARAM_TimeLimit                               599.67248525900004
Found incumbent of value 0.000000 after 0.00 sec. (0.20 ticks)

Root node processing (before b&c):
  Real time             =    0.00 sec. (0.23 ticks)
Sequential b&c:
  Real time             =    0.00 sec. (0.00 ticks)
                          ------------
Total (root+branch&cut) =    0.00 sec. (0.23 ticks)
Version identifier: 22.1.0.0 | 2022-03-09 | 1a383f8ce
CPXPARAM_Threads                                 1
CPXPARAM_MIP_Strategy_VariableSelect             3
CPXPARAM_TimeLimit                               599.66356172600001
Found incumbent of value 0.000000 after 0.00 sec. (0.21 ticks)

Root node processing (before b&c):
  Real time             =    0.00 sec. (0.23 ticks)
Sequential b&c:
  Real time             =    0.00 sec. (0.00 ticks)
                          ------------
Total (root+branch&cut) =    0.00 sec. (0.23 ticks)
Version identifier: 22.1.0.0 | 2022-03-09 | 1a383f8ce
CPXPARAM_Threads                                 1
CPXPARAM_MIP_Strategy_VariableSelect             3
CPXPARAM_TimeLimit                               599.65457767700002
Found incumbent of value 0.000000 after 0.00 sec. (0.21 ticks)

Root node processing (before b&c):
  Real time             =    0.00 sec. (0.23 ticks)
Sequential b&c:
  Real time             =    0.00 sec. (0.00 ticks)
                          ------------
Total (root+branch&cut) =    0.00 sec. (0.23 ticks)
Version identifier: 22.1.0.0 | 2022-03-09 | 1a383f8ce
CPXPARAM_Threads                                 1
CPXPARAM_MIP_Strategy_VariableSelect             3
CPXPARAM_TimeLimit                               599.64539781899998
Found incumbent of value 0.000000 after 0.00 sec. (0.21 ticks)

Root node processing (before b&c):
  Real time             =    0.00 sec. (0.23 ticks)
Sequential b&c:
  Real time             =    0.00 sec. (0.00 ticks)
                          ------------
Total (root+branch&cut) =    0.00 sec. (0.23 ticks)
Version identifier: 22.1.0.0 | 2022-03-09 | 1a383f8ce
CPXPARAM_Threads                                 1
CPXPARAM_MIP_Strategy_VariableSelect             3
CPXPARAM_TimeLimit                               599.63627896499997
Found incumbent of value 0.000000 after 0.00 sec. (0.21 ticks)

Root node processing (before b&c):
  Real time             =    0.00 sec. (0.24 ticks)
Sequential b&c:
  Real time             =    0.00 sec. (0.00 ticks)
                          ------------
Total (root+branch&cut) =    0.00 sec. (0.24 ticks)
Version identifier: 22.1.0.0 | 2022-03-09 | 1a383f8ce
CPXPARAM_Threads                                 1
CPXPARAM_MIP_Strategy_VariableSelect             3
CPXPARAM_TimeLimit                               599.627124041
Found incumbent of value 0.000000 after 0.00 sec. (0.21 ticks)

Root node processing (before b&c):
  Real time             =    0.00 sec. (0.24 ticks)
Sequential b&c:
  Real time             =    0.00 sec. (0.00 ticks)
                          ------------
Total (root+branch&cut) =    0.00 sec. (0.24 ticks)
Version identifier: 22.1.0.0 | 2022-03-09 | 1a383f8ce
CPXPARAM_Threads                                 1
CPXPARAM_MIP_Strategy_VariableSelect             3
CPXPARAM_TimeLimit                               599.617951371
Found incumbent of value 0.000000 after 0.00 sec. (0.21 ticks)

Root node processing (before b&c):
  Real time             =    0.00 sec. (0.24 ticks)
Sequential b&c:
  Real time             =    0.00 sec. (0.00 ticks)
                          ------------
Total (root+branch&cut) =    0.00 sec. (0.24 ticks)
Version identifier: 22.1.0.0 | 2022-03-09 | 1a383f8ce
CPXPARAM_Threads                                 1
CPXPARAM_MIP_Strategy_VariableSelect             3
CPXPARAM_TimeLimit                               599.60883303699995
Found incumbent of value 0.000000 after 0.00 sec. (0.21 ticks)

Root node processing (before b&c):
  Real time             =    0.00 sec. (0.24 ticks)
Sequential b&c:
  Real time             =    0.00 sec. (0.00 ticks)
                          ------------
Total (root+branch&cut) =    0.00 sec. (0.24 ticks)
Version identifier: 22.1.0.0 | 2022-03-09 | 1a383f8ce
CPXPARAM_Threads                                 1
CPXPARAM_MIP_Strategy_VariableSelect             3
CPXPARAM_TimeLimit                               599.59953440699996
Found incumbent of value 0.000000 after 0.00 sec. (0.22 ticks)

Root node processing (before b&c):
  Real time             =    0.00 sec. (0.24 ticks)
Sequential b&c:
  Real time             =    0.00 sec. (0.00 ticks)
                          ------------
Total (root+branch&cut) =    0.00 sec. (0.24 ticks)
Version identifier: 22.1.0.0 | 2022-03-09 | 1a383f8ce
CPXPARAM_Threads                                 1
CPXPARAM_MIP_Strategy_VariableSelect             3
CPXPARAM_TimeLimit                               599.59031555700005
Found incumbent of value 0.000000 after 0.00 sec. (0.22 ticks)

Root node processing (before b&c):
  Real time             =    0.00 sec. (0.25 ticks)
Sequential b&c:
  Real time             =    0.00 sec. (0.00 ticks)
                          ------------
Total (root+branch&cut) =    0.00 sec. (0.25 ticks)
Version identifier: 22.1.0.0 | 2022-03-09 | 1a383f8ce
CPXPARAM_Threads                                 1
CPXPARAM_MIP_Strategy_VariableSelect             3
CPXPARAM_TimeLimit                               599.58096349100003
Found incumbent of value 0.000000 after 0.00 sec. (0.22 ticks)

Root node processing (before b&c):
  Real time             =    0.00 sec. (0.25 ticks)
Sequential b&c:
  Real time             =    0.00 sec. (0.00 ticks)
                          ------------
Total (root+branch&cut) =    0.00 sec. (0.25 ticks)
Version identifier: 22.1.0.0 | 2022-03-09 | 1a383f8ce
CPXPARAM_Threads                                 1
CPXPARAM_MIP_Strategy_VariableSelect             3
CPXPARAM_TimeLimit                               599.57157657300002
Found incumbent of value 0.000000 after 0.00 sec. (0.22 ticks)

Root node processing (before b&c):
  Real time             =    0.00 sec. (0.25 ticks)
Sequential b&c:
  Real time             =    0.00 sec. (0.00 ticks)
                          ------------
Total (root+branch&cut) =    0.00 sec. (0.25 ticks)
Version identifier: 22.1.0.0 | 2022-03-09 | 1a383f8ce
CPXPARAM_Threads                                 1
CPXPARAM_MIP_Strategy_VariableSelect             3
CPXPARAM_TimeLimit                               599.56210138699998
Found incumbent of value 0.000000 after 0.00 sec. (0.22 ticks)

Root node processing (before b&c):
  Real time             =    0.00 sec. (0.25 ticks)
Sequential b&c:
  Real time             =    0.00 sec. (0.00 ticks)
                          ------------
Total (root+branch&cut) =    0.00 sec. (0.25 ticks)
Version identifier: 22.1.0.0 | 2022-03-09 | 1a383f8ce
CPXPARAM_Threads                                 1
CPXPARAM_MIP_Strategy_VariableSelect             3
CPXPARAM_TimeLimit                               599.55265457300004
Found incumbent of value 0.000000 after 0.00 sec. (0.22 ticks)

Root node processing (before b&c):
  Real time             =    0.00 sec. (0.25 ticks)
Sequential b&c:
  Real time             =    0.00 sec. (0.00 ticks)
                          ------------
Total (root+branch&cut) =    0.00 sec. (0.25 ticks)
Version identifier: 22.1.0.0 | 2022-03-09 | 1a383f8ce
CPXPARAM_Threads                                 1
CPXPARAM_MIP_Strategy_VariableSelect             3
CPXPARAM_TimeLimit                               599.54317318799997
Found incumbent of value 0.000000 after 0.00 sec. (0.23 ticks)

Root node processing (before b&c):
  Real time             =    0.00 sec. (0.25 ticks)
Sequential b&c:
  Real time             =    0.00 sec. (0.00 ticks)
                          ------------
Total (root+branch&cut) =    0.00 sec. (0.25 ticks)
Version identifier: 22.1.0.0 | 2022-03-09 | 1a383f8ce
CPXPARAM_Threads                                 1
CPXPARAM_MIP_Strategy_VariableSelect             3
CPXPARAM_TimeLimit                               599.53342383500001
Found incumbent of value 0.000000 after 0.00 sec. (0.23 ticks)

Root node processing (before b&c):
  Real time             =    0.00 sec. (0.26 ticks)
Sequential b&c:
  Real time             =    0.00 sec. (0.00 ticks)
                          ------------
Total (root+branch&cut) =    0.00 sec. (0.26 ticks)
Version identifier: 22.1.0.0 | 2022-03-09 | 1a383f8ce
CPXPARAM_Threads                                 1
CPXPARAM_MIP_Strategy_VariableSelect             3
CPXPARAM_TimeLimit                               599.52362125599996
Found incumbent of value 0.000000 after 0.00 sec. (0.23 ticks)

Root node processing (before b&c):
  Real time             =    0.00 sec. (0.26 ticks)
Sequential b&c:
  Real time             =    0.00 sec. (0.00 ticks)
                          ------------
Total (root+branch&cut) =    0.00 sec. (0.26 ticks)
Version identifier: 22.1.0.0 | 2022-03-09 | 1a383f8ce
CPXPARAM_Threads                                 1
CPXPARAM_MIP_Strategy_VariableSelect             3
CPXPARAM_TimeLimit                               599.51352591700004
Found incumbent of value 0.000000 after 0.00 sec. (0.23 ticks)

Root node processing (before b&c):
  Real time             =    0.00 sec. (0.26 ticks)
Sequential b&c:
  Real time             =    0.00 sec. (0.00 ticks)
                          ------------
Total (root+branch&cut) =    0.00 sec. (0.26 ticks)
Version identifier: 22.1.0.0 | 2022-03-09 | 1a383f8ce
CPXPARAM_Threads                                 1
CPXPARAM_MIP_Strategy_VariableSelect             3
CPXPARAM_TimeLimit                               599.50315870500003
Found incumbent of value 0.000000 after 0.00 sec. (0.23 ticks)

Root node processing (before b&c):
  Real time             =    0.00 sec. (0.26 ticks)
Sequential b&c:
  Real time             =    0.00 sec. (0.00 ticks)
                          ------------
Total (root+branch&cut) =    0.00 sec. (0.26 ticks)
Version identifier: 22.1.0.0 | 2022-03-09 | 1a383f8ce
CPXPARAM_Threads                                 1
CPXPARAM_MIP_Strategy_VariableSelect             3
CPXPARAM_TimeLimit                               599.49282575400002
Found incumbent of value 0.000000 after 0.00 sec. (0.23 ticks)

Root node processing (before b&c):
  Real time             =    0.00 sec. (0.26 ticks)
Sequential b&c:
  Real time             =    0.00 sec. (0.00 ticks)
                          ------------
Total (root+branch&cut) =    0.00 sec. (0.26 ticks)
Version identifier: 22.1.0.0 | 2022-03-09 | 1a383f8ce
CPXPARAM_Threads                                 1
CPXPARAM_MIP_Strategy_VariableSelect             3
CPXPARAM_TimeLimit                               599.48247321400004
Found incumbent of value 0.000000 after 0.00 sec. (0.24 ticks)

Root node processing (before b&c):
  Real time             =    0.00 sec. (0.27 ticks)
Sequential b&c:
  Real time             =    0.00 sec. (0.00 ticks)
                          ------------
Total (root+branch&cut) =    0.00 sec. (0.27 ticks)
Version identifier: 22.1.0.0 | 2022-03-09 | 1a383f8ce
CPXPARAM_Threads                                 1
CPXPARAM_MIP_Strategy_VariableSelect             3
CPXPARAM_TimeLimit                               599.47199928800001
Found incumbent of value 0.000000 after 0.00 sec. (0.24 ticks)

Root node processing (before b&c):
  Real time             =    0.00 sec. (0.27 ticks)
Sequential b&c:
  Real time             =    0.00 sec. (0.00 ticks)
                          ------------
Total (root+branch&cut) =    0.00 sec. (0.27 ticks)
Version identifier: 22.1.0.0 | 2022-03-09 | 1a383f8ce
CPXPARAM_Threads                                 1
CPXPARAM_MIP_Strategy_VariableSelect             3
CPXPARAM_TimeLimit                               599.46151339100004
Found incumbent of value 0.000000 after 0.00 sec. (0.24 ticks)

Root node processing (before b&c):
  Real time             =    0.00 sec. (0.27 ticks)
Sequential b&c:
  Real time             =    0.00 sec. (0.00 ticks)
                          ------------
Total (root+branch&cut) =    0.00 sec. (0.27 ticks)
Version identifier: 22.1.0.0 | 2022-03-09 | 1a383f8ce
CPXPARAM_Threads                                 1
CPXPARAM_MIP_Strategy_VariableSelect             3
CPXPARAM_TimeLimit                               599.45099289400002
Found incumbent of value 0.000000 after 0.00 sec. (0.24 ticks)

Root node processing (before b&c):
  Real time             =    0.00 sec. (0.27 ticks)
Sequential b&c:
  Real time             =    0.00 sec. (0.00 ticks)
                          ------------
Total (root+branch&cut) =    0.00 sec. (0.27 ticks)
Version identifier: 22.1.0.0 | 2022-03-09 | 1a383f8ce
CPXPARAM_Threads                                 1
CPXPARAM_MIP_Strategy_VariableSelect             3
CPXPARAM_TimeLimit                               599.44024755700002
Found incumbent of value 0.000000 after 0.00 sec. (0.24 ticks)

Root node processing (before b&c):
  Real time             =    0.00 sec. (0.27 ticks)
Sequential b&c:
  Real time             =    0.00 sec. (0.00 ticks)
                          ------------
Total (root+branch&cut) =    0.00 sec. (0.27 ticks)
Version identifier: 22.1.0.0 | 2022-03-09 | 1a383f8ce
CPXPARAM_Threads                                 1
CPXPARAM_MIP_Strategy_VariableSelect             3
CPXPARAM_TimeLimit                               599.42945659199995
Found incumbent of value 0.000000 after 0.00 sec. (0.24 ticks)

Root node processing (before b&c):
  Real time             =    0.00 sec. (0.28 ticks)
Sequential b&c:
  Real time             =    0.00 sec. (0.00 ticks)
                          ------------
Total (root+branch&cut) =    0.00 sec. (0.28 ticks)
Version identifier: 22.1.0.0 | 2022-03-09 | 1a383f8ce
CPXPARAM_Threads                                 1
CPXPARAM_MIP_Strategy_VariableSelect             3
CPXPARAM_TimeLimit                               599.41861842200001
Found incumbent of value 0.000000 after 0.00 sec. (0.25 ticks)

Root node processing (before b&c):
  Real time             =    0.00 sec. (0.28 ticks)
Sequential b&c:
  Real time             =    0.00 sec. (0.00 ticks)
                          ------------
Total (root+branch&cut) =    0.00 sec. (0.28 ticks)
Version identifier: 22.1.0.0 | 2022-03-09 | 1a383f8ce
CPXPARAM_Threads                                 1
CPXPARAM_MIP_Strategy_VariableSelect             3
CPXPARAM_TimeLimit                               599.40763337500005
Found incumbent of value 0.000000 after 0.00 sec. (0.25 ticks)

Root node processing (before b&c):
  Real time             =    0.00 sec. (0.28 ticks)
Sequential b&c:
  Real time             =    0.00 sec. (0.00 ticks)
                          ------------
Total (root+branch&cut) =    0.00 sec. (0.28 ticks)
Version identifier: 22.1.0.0 | 2022-03-09 | 1a383f8ce
CPXPARAM_Threads                                 1
CPXPARAM_MIP_Strategy_VariableSelect             3
CPXPARAM_TimeLimit                               599.39661476599997
Found incumbent of value 0.000000 after 0.00 sec. (0.25 ticks)

Root node processing (before b&c):
  Real time             =    0.00 sec. (0.28 ticks)
Sequential b&c:
  Real time             =    0.00 sec. (0.00 ticks)
                          ------------
Total (root+branch&cut) =    0.00 sec. (0.28 ticks)
Version identifier: 22.1.0.0 | 2022-03-09 | 1a383f8ce
CPXPARAM_Threads                                 1
CPXPARAM_MIP_Strategy_VariableSelect             3
CPXPARAM_TimeLimit                               599.38561109199998
Found incumbent of value 0.000000 after 0.00 sec. (0.25 ticks)

Root node processing (before b&c):
  Real time             =    0.00 sec. (0.28 ticks)
Sequential b&c:
  Real time             =    0.00 sec. (0.00 ticks)
                          ------------
Total (root+branch&cut) =    0.00 sec. (0.28 ticks)
Version identifier: 22.1.0.0 | 2022-03-09 | 1a383f8ce
CPXPARAM_Threads                                 1
CPXPARAM_MIP_Strategy_VariableSelect             3
CPXPARAM_TimeLimit                               599.374502839
Found incumbent of value 0.000000 after 0.00 sec. (0.25 ticks)

Root node processing (before b&c):
  Real time             =    0.00 sec. (0.28 ticks)
Sequential b&c:
  Real time             =    0.00 sec. (0.00 ticks)
                          ------------
Total (root+branch&cut) =    0.00 sec. (0.28 ticks)
Version identifier: 22.1.0.0 | 2022-03-09 | 1a383f8ce
CPXPARAM_Threads                                 1
CPXPARAM_MIP_Strategy_VariableSelect             3
CPXPARAM_TimeLimit                               599.36342133200003
Found incumbent of value 0.000000 after 0.00 sec. (0.25 ticks)

Root node processing (before b&c):
  Real time             =    0.00 sec. (0.29 ticks)
Sequential b&c:
  Real time             =    0.00 sec. (0.00 ticks)
                          ------------
Total (root+branch&cut) =    0.00 sec. (0.29 ticks)
Version identifier: 22.1.0.0 | 2022-03-09 | 1a383f8ce
CPXPARAM_Threads                                 1
CPXPARAM_MIP_Strategy_VariableSelect             3
CPXPARAM_TimeLimit                               599.35226044299998
Found incumbent of value 0.000000 after 0.00 sec. (0.26 ticks)

Root node processing (before b&c):
  Real time             =    0.00 sec. (0.29 ticks)
Sequential b&c:
  Real time             =    0.00 sec. (0.00 ticks)
                          ------------
Total (root+branch&cut) =    0.00 sec. (0.29 ticks)
Version identifier: 22.1.0.0 | 2022-03-09 | 1a383f8ce
CPXPARAM_Threads                                 1
CPXPARAM_MIP_Strategy_VariableSelect             3
CPXPARAM_TimeLimit                               599.34103721300005
Found incumbent of value 0.000000 after 0.00 sec. (0.26 ticks)

Root node processing (before b&c):
  Real time             =    0.00 sec. (0.29 ticks)
Sequential b&c:
  Real time             =    0.00 sec. (0.00 ticks)
                          ------------
Total (root+branch&cut) =    0.00 sec. (0.29 ticks)
Version identifier: 22.1.0.0 | 2022-03-09 | 1a383f8ce
CPXPARAM_Threads                                 1
CPXPARAM_MIP_Strategy_VariableSelect             3
CPXPARAM_TimeLimit                               599.32976498999994
Found incumbent of value 0.000000 after 0.00 sec. (0.26 ticks)

Root node processing (before b&c):
  Real time             =    0.00 sec. (0.29 ticks)
Sequential b&c:
  Real time             =    0.00 sec. (0.00 ticks)
                          ------------
Total (root+branch&cut) =    0.00 sec. (0.29 ticks)
Version identifier: 22.1.0.0 | 2022-03-09 | 1a383f8ce
CPXPARAM_Threads                                 1
CPXPARAM_MIP_Strategy_VariableSelect             3
CPXPARAM_TimeLimit                               599.31833548300006
Found incumbent of value 0.000000 after 0.00 sec. (0.26 ticks)

Root node processing (before b&c):
  Real time             =    0.00 sec. (0.29 ticks)
Sequential b&c:
  Real time             =    0.00 sec. (0.00 ticks)
                          ------------
Total (root+branch&cut) =    0.00 sec. (0.29 ticks)
Version identifier: 22.1.0.0 | 2022-03-09 | 1a383f8ce
CPXPARAM_Threads                                 1
CPXPARAM_MIP_Strategy_VariableSelect             3
CPXPARAM_TimeLimit                               599.30680541000004
Found incumbent of value 0.000000 after 0.00 sec. (0.26 ticks)

Root node processing (before b&c):
  Real time             =    0.00 sec. (0.30 ticks)
Sequential b&c:
  Real time             =    0.00 sec. (0.00 ticks)
                          ------------
Total (root+branch&cut) =    0.00 sec. (0.30 ticks)
Version identifier: 22.1.0.0 | 2022-03-09 | 1a383f8ce
CPXPARAM_Threads                                 1
CPXPARAM_MIP_Strategy_VariableSelect             3
CPXPARAM_TimeLimit                               599.29527271400002
Found incumbent of value 0.000000 after 0.00 sec. (0.26 ticks)

Root node processing (before b&c):
  Real time             =    0.00 sec. (0.30 ticks)
Sequential b&c:
  Real time             =    0.00 sec. (0.00 ticks)
                          ------------
Total (root+branch&cut) =    0.00 sec. (0.30 ticks)
Version identifier: 22.1.0.0 | 2022-03-09 | 1a383f8ce
CPXPARAM_Threads                                 1
CPXPARAM_MIP_Strategy_VariableSelect             3
CPXPARAM_TimeLimit                               599.28389526399997
Found incumbent of value 0.000000 after 0.00 sec. (0.27 ticks)

Root node processing (before b&c):
  Real time             =    0.00 sec. (0.30 ticks)
Sequential b&c:
  Real time             =    0.00 sec. (0.00 ticks)
                          ------------
Total (root+branch&cut) =    0.00 sec. (0.30 ticks)
Version identifier: 22.1.0.0 | 2022-03-09 | 1a383f8ce
CPXPARAM_Threads                                 1
CPXPARAM_MIP_Strategy_VariableSelect             3
CPXPARAM_TimeLimit                               599.27238513999998
Found incumbent of value 0.000000 after 0.00 sec. (0.27 ticks)

Root node processing (before b&c):
  Real time             =    0.00 sec. (0.30 ticks)
Sequential b&c:
  Real time             =    0.00 sec. (0.00 ticks)
                          ------------
Total (root+branch&cut) =    0.00 sec. (0.30 ticks)
Version identifier: 22.1.0.0 | 2022-03-09 | 1a383f8ce
CPXPARAM_Threads                                 1
CPXPARAM_MIP_Strategy_VariableSelect             3
CPXPARAM_TimeLimit                               599.26083353000001
Found incumbent of value 0.000000 after 0.00 sec. (0.27 ticks)

Root node processing (before b&c):
  Real time             =    0.00 sec. (0.30 ticks)
Sequential b&c:
  Real time             =    0.00 sec. (0.00 ticks)
                          ------------
Total (root+branch&cut) =    0.00 sec. (0.30 ticks)
Version identifier: 22.1.0.0 | 2022-03-09 | 1a383f8ce
CPXPARAM_Threads                                 1
CPXPARAM_MIP_Strategy_VariableSelect             3
CPXPARAM_TimeLimit                               599.24885532799999
Found incumbent of value 0.000000 after 0.00 sec. (0.27 ticks)

Root node processing (before b&c):
  Real time             =    0.00 sec. (0.30 ticks)
Sequential b&c:
  Real time             =    0.00 sec. (0.00 ticks)
                          ------------
Total (root+branch&cut) =    0.00 sec. (0.30 ticks)
Version identifier: 22.1.0.0 | 2022-03-09 | 1a383f8ce
CPXPARAM_Threads                                 1
CPXPARAM_MIP_Strategy_VariableSelect             3
CPXPARAM_TimeLimit                               599.23681899099995
Found incumbent of value 0.000000 after 0.00 sec. (0.27 ticks)

Root node processing (before b&c):
  Real time             =    0.00 sec. (0.31 ticks)
Sequential b&c:
  Real time             =    0.00 sec. (0.00 ticks)
                          ------------
Total (root+branch&cut) =    0.00 sec. (0.31 ticks)
Version identifier: 22.1.0.0 | 2022-03-09 | 1a383f8ce
CPXPARAM_Threads                                 1
CPXPARAM_MIP_Strategy_VariableSelect             3
CPXPARAM_TimeLimit                               599.22463213900005
Found incumbent of value 0.000000 after 0.00 sec. (0.27 ticks)

Root node processing (before b&c):
  Real time             =    0.00 sec. (0.31 ticks)
Sequential b&c:
  Real time             =    0.00 sec. (0.00 ticks)
                          ------------
Total (root+branch&cut) =    0.00 sec. (0.31 ticks)
Version identifier: 22.1.0.0 | 2022-03-09 | 1a383f8ce
CPXPARAM_Threads                                 1
CPXPARAM_MIP_Strategy_VariableSelect             3
CPXPARAM_TimeLimit                               599.21157745999994
Found incumbent of value 0.000000 after 0.00 sec. (0.28 ticks)

Root node processing (before b&c):
  Real time             =    0.00 sec. (0.31 ticks)
Sequential b&c:
  Real time             =    0.00 sec. (0.00 ticks)
                          ------------
Total (root+branch&cut) =    0.00 sec. (0.31 ticks)
Version identifier: 22.1.0.0 | 2022-03-09 | 1a383f8ce
CPXPARAM_Threads                                 1
CPXPARAM_MIP_Strategy_VariableSelect             3
CPXPARAM_TimeLimit                               599.19964249400005
Found incumbent of value 0.000000 after 0.00 sec. (0.28 ticks)

Root node processing (before b&c):
  Real time             =    0.00 sec. (0.31 ticks)
Sequential b&c:
  Real time             =    0.00 sec. (0.00 ticks)
                          ------------
Total (root+branch&cut) =    0.00 sec. (0.31 ticks)
Version identifier: 22.1.0.0 | 2022-03-09 | 1a383f8ce
CPXPARAM_Threads                                 1
CPXPARAM_MIP_Strategy_VariableSelect             3
CPXPARAM_TimeLimit                               599.18745483400005
Found incumbent of value 0.000000 after 0.00 sec. (0.28 ticks)

Root node processing (before b&c):
  Real time             =    0.00 sec. (0.31 ticks)
Sequential b&c:
  Real time             =    0.00 sec. (0.00 ticks)
                          ------------
Total (root+branch&cut) =    0.00 sec. (0.31 ticks)
Version identifier: 22.1.0.0 | 2022-03-09 | 1a383f8ce
CPXPARAM_Threads                                 1
CPXPARAM_MIP_Strategy_VariableSelect             3
CPXPARAM_TimeLimit                               599.17520559499997
Found incumbent of value 0.000000 after 0.00 sec. (0.28 ticks)

Root node processing (before b&c):
  Real time             =    0.00 sec. (0.32 ticks)
Sequential b&c:
  Real time             =    0.00 sec. (0.00 ticks)
                          ------------
Total (root+branch&cut) =    0.00 sec. (0.32 ticks)
Version identifier: 22.1.0.0 | 2022-03-09 | 1a383f8ce
CPXPARAM_Threads                                 1
CPXPARAM_MIP_Strategy_VariableSelect             3
CPXPARAM_TimeLimit                               599.16309033499999
Found incumbent of value 0.000000 after 0.00 sec. (0.28 ticks)

Root node processing (before b&c):
  Real time             =    0.00 sec. (0.32 ticks)
Sequential b&c:
  Real time             =    0.00 sec. (0.00 ticks)
                          ------------
Total (root+branch&cut) =    0.00 sec. (0.32 ticks)
Version identifier: 22.1.0.0 | 2022-03-09 | 1a383f8ce
CPXPARAM_Threads                                 1
CPXPARAM_MIP_Strategy_VariableSelect             3
CPXPARAM_TimeLimit                               599.15105415200003
Found incumbent of value 0.000000 after 0.00 sec. (0.28 ticks)

Root node processing (before b&c):
  Real time             =    0.00 sec. (0.32 ticks)
Sequential b&c:
  Real time             =    0.00 sec. (0.00 ticks)
                          ------------
Total (root+branch&cut) =    0.00 sec. (0.32 ticks)
Version identifier: 22.1.0.0 | 2022-03-09 | 1a383f8ce
CPXPARAM_Threads                                 1
CPXPARAM_MIP_Strategy_VariableSelect             3
CPXPARAM_TimeLimit                               599.138772163
Found incumbent of value 0.000000 after 0.00 sec. (0.29 ticks)

Root node processing (before b&c):
  Real time             =    0.00 sec. (0.32 ticks)
Sequential b&c:
  Real time             =    0.00 sec. (0.00 ticks)
                          ------------
Total (root+branch&cut) =    0.00 sec. (0.32 ticks)
Version identifier: 22.1.0.0 | 2022-03-09 | 1a383f8ce
CPXPARAM_Threads                                 1
CPXPARAM_MIP_Strategy_VariableSelect             3
CPXPARAM_TimeLimit                               599.12641505199997
Found incumbent of value 0.000000 after 0.00 sec. (0.29 ticks)

Root node processing (before b&c):
  Real time             =    0.00 sec. (0.32 ticks)
Sequential b&c:
  Real time             =    0.00 sec. (0.00 ticks)
                          ------------
Total (root+branch&cut) =    0.00 sec. (0.32 ticks)
Version identifier: 22.1.0.0 | 2022-03-09 | 1a383f8ce
CPXPARAM_Threads                                 1
CPXPARAM_MIP_Strategy_VariableSelect             3
CPXPARAM_TimeLimit                               599.114135207
Found incumbent of value 0.000000 after 0.00 sec. (0.29 ticks)

Root node processing (before b&c):
  Real time             =    0.00 sec. (0.33 ticks)
Sequential b&c:
  Real time             =    0.00 sec. (0.00 ticks)
                          ------------
Total (root+branch&cut) =    0.00 sec. (0.33 ticks)
Version identifier: 22.1.0.0 | 2022-03-09 | 1a383f8ce
CPXPARAM_Threads                                 1
CPXPARAM_MIP_Strategy_VariableSelect             3
CPXPARAM_TimeLimit                               599.10176220200003
Found incumbent of value 0.000000 after 0.00 sec. (0.29 ticks)

Root node processing (before b&c):
  Real time             =    0.00 sec. (0.33 ticks)
Sequential b&c:
  Real time             =    0.00 sec. (0.00 ticks)
                          ------------
Total (root+branch&cut) =    0.00 sec. (0.33 ticks)
Version identifier: 22.1.0.0 | 2022-03-09 | 1a383f8ce
CPXPARAM_Threads                                 1
CPXPARAM_MIP_Strategy_VariableSelect             3
CPXPARAM_TimeLimit                               599.08947781400002
Found incumbent of value 0.000000 after 0.00 sec. (0.29 ticks)

Root node processing (before b&c):
  Real time             =    0.00 sec. (0.33 ticks)
Sequential b&c:
  Real time             =    0.00 sec. (0.00 ticks)
                          ------------
Total (root+branch&cut) =    0.00 sec. (0.33 ticks)
Version identifier: 22.1.0.0 | 2022-03-09 | 1a383f8ce
CPXPARAM_Threads                                 1
CPXPARAM_MIP_Strategy_VariableSelect             3
CPXPARAM_TimeLimit                               599.07696678100001
Found incumbent of value 0.000000 after 0.00 sec. (0.29 ticks)

Root node processing (before b&c):
  Real time             =    0.00 sec. (0.33 ticks)
Sequential b&c:
  Real time             =    0.00 sec. (0.00 ticks)
                          ------------
Total (root+branch&cut) =    0.00 sec. (0.33 ticks)
Version identifier: 22.1.0.0 | 2022-03-09 | 1a383f8ce
CPXPARAM_Threads                                 1
CPXPARAM_MIP_Strategy_VariableSelect             3
CPXPARAM_TimeLimit                               599.06426852699997
Found incumbent of value 0.000000 after 0.00 sec. (0.30 ticks)

Root node processing (before b&c):
  Real time             =    0.00 sec. (0.33 ticks)
Sequential b&c:
  Real time             =    0.00 sec. (0.00 ticks)
                          ------------
Total (root+branch&cut) =    0.00 sec. (0.33 ticks)
Version identifier: 22.1.0.0 | 2022-03-09 | 1a383f8ce
CPXPARAM_Threads                                 1
CPXPARAM_MIP_Strategy_VariableSelect             3
CPXPARAM_TimeLimit                               599.051311951
Found incumbent of value 0.000000 after 0.00 sec. (0.30 ticks)

Root node processing (before b&c):
  Real time             =    0.00 sec. (0.33 ticks)
Sequential b&c:
  Real time             =    0.00 sec. (0.00 ticks)
                          ------------
Total (root+branch&cut) =    0.00 sec. (0.33 ticks)
Version identifier: 22.1.0.0 | 2022-03-09 | 1a383f8ce
CPXPARAM_Threads                                 1
CPXPARAM_MIP_Strategy_VariableSelect             3
CPXPARAM_TimeLimit                               599.03828223799997
Found incumbent of value 0.000000 after 0.00 sec. (0.30 ticks)

Root node processing (before b&c):
  Real time             =    0.00 sec. (0.34 ticks)
Sequential b&c:
  Real time             =    0.00 sec. (0.00 ticks)
                          ------------
Total (root+branch&cut) =    0.00 sec. (0.34 ticks)
Version identifier: 22.1.0.0 | 2022-03-09 | 1a383f8ce
CPXPARAM_Threads                                 1
CPXPARAM_MIP_Strategy_VariableSelect             3
CPXPARAM_TimeLimit                               599.02515694299996
Found incumbent of value 0.000000 after 0.00 sec. (0.30 ticks)

Root node processing (before b&c):
  Real time             =    0.00 sec. (0.34 ticks)
Sequential b&c:
  Real time             =    0.00 sec. (0.00 ticks)
                          ------------
Total (root+branch&cut) =    0.00 sec. (0.34 ticks)
Version identifier: 22.1.0.0 | 2022-03-09 | 1a383f8ce
CPXPARAM_Threads                                 1
CPXPARAM_MIP_Strategy_VariableSelect             3
CPXPARAM_TimeLimit                               599.01195691999999
Found incumbent of value 0.000000 after 0.00 sec. (0.30 ticks)

Root node processing (before b&c):
  Real time             =    0.00 sec. (0.34 ticks)
Sequential b&c:
  Real time             =    0.00 sec. (0.00 ticks)
                          ------------
Total (root+branch&cut) =    0.00 sec. (0.34 ticks)
Version identifier: 22.1.0.0 | 2022-03-09 | 1a383f8ce
CPXPARAM_Threads                                 1
CPXPARAM_MIP_Strategy_VariableSelect             3
CPXPARAM_TimeLimit                               598.99878450300002
Found incumbent of value 0.000000 after 0.00 sec. (0.30 ticks)

Root node processing (before b&c):
  Real time             =    0.00 sec. (0.34 ticks)
Sequential b&c:
  Real time             =    0.00 sec. (0.00 ticks)
                          ------------
Total (root+branch&cut) =    0.00 sec. (0.34 ticks)
Version identifier: 22.1.0.0 | 2022-03-09 | 1a383f8ce
CPXPARAM_Threads                                 1
CPXPARAM_MIP_Strategy_VariableSelect             3
CPXPARAM_TimeLimit                               598.98535496800002
Found incumbent of value 0.000000 after 0.00 sec. (0.30 ticks)

Root node processing (before b&c):
  Real time             =    0.00 sec. (0.34 ticks)
Sequential b&c:
  Real time             =    0.00 sec. (0.00 ticks)
                          ------------
Total (root+branch&cut) =    0.00 sec. (0.34 ticks)
Version identifier: 22.1.0.0 | 2022-03-09 | 1a383f8ce
CPXPARAM_Threads                                 1
CPXPARAM_MIP_Strategy_VariableSelect             3
CPXPARAM_TimeLimit                               598.97200812899996
Found incumbent of value 0.000000 after 0.00 sec. (0.31 ticks)

Root node processing (before b&c):
  Real time             =    0.00 sec. (0.35 ticks)
Sequential b&c:
  Real time             =    0.00 sec. (0.00 ticks)
                          ------------
Total (root+branch&cut) =    0.00 sec. (0.35 ticks)
Version identifier: 22.1.0.0 | 2022-03-09 | 1a383f8ce
CPXPARAM_Threads                                 1
CPXPARAM_MIP_Strategy_VariableSelect             3
CPXPARAM_TimeLimit                               598.95855484799995
Found incumbent of value 0.000000 after 0.00 sec. (0.31 ticks)

Root node processing (before b&c):
  Real time             =    0.00 sec. (0.35 ticks)
Sequential b&c:
  Real time             =    0.00 sec. (0.00 ticks)
                          ------------
Total (root+branch&cut) =    0.00 sec. (0.35 ticks)
Version identifier: 22.1.0.0 | 2022-03-09 | 1a383f8ce
CPXPARAM_Threads                                 1
CPXPARAM_MIP_Strategy_VariableSelect             3
CPXPARAM_TimeLimit                               598.94495804799999
Found incumbent of value 0.000000 after 0.00 sec. (0.31 ticks)

Root node processing (before b&c):
  Real time             =    0.00 sec. (0.35 ticks)
Sequential b&c:
  Real time             =    0.00 sec. (0.00 ticks)
                          ------------
Total (root+branch&cut) =    0.00 sec. (0.35 ticks)
Version identifier: 22.1.0.0 | 2022-03-09 | 1a383f8ce
CPXPARAM_Threads                                 1
CPXPARAM_MIP_Strategy_VariableSelect             3
CPXPARAM_TimeLimit                               598.93128040299996
Found incumbent of value 0.000000 after 0.00 sec. (0.31 ticks)

Root node processing (before b&c):
  Real time             =    0.00 sec. (0.35 ticks)
Sequential b&c:
  Real time             =    0.00 sec. (0.00 ticks)
                          ------------
Total (root+branch&cut) =    0.00 sec. (0.35 ticks)
Version identifier: 22.1.0.0 | 2022-03-09 | 1a383f8ce
CPXPARAM_Threads                                 1
CPXPARAM_MIP_Strategy_VariableSelect             3
CPXPARAM_TimeLimit                               598.91765136399999
Found incumbent of value 0.000000 after 0.00 sec. (0.31 ticks)

Root node processing (before b&c):
  Real time             =    0.00 sec. (0.35 ticks)
Sequential b&c:
  Real time             =    0.00 sec. (0.00 ticks)
                          ------------
Total (root+branch&cut) =    0.00 sec. (0.35 ticks)
Version identifier: 22.1.0.0 | 2022-03-09 | 1a383f8ce
CPXPARAM_Threads                                 1
CPXPARAM_MIP_Strategy_VariableSelect             3
CPXPARAM_TimeLimit                               598.90370477399995
Found incumbent of value 0.000000 after 0.00 sec. (0.31 ticks)

Root node processing (before b&c):
  Real time             =    0.00 sec. (0.35 ticks)
Sequential b&c:
  Real time             =    0.00 sec. (0.00 ticks)
                          ------------
Total (root+branch&cut) =    0.00 sec. (0.35 ticks)
Version identifier: 22.1.0.0 | 2022-03-09 | 1a383f8ce
CPXPARAM_Threads                                 1
CPXPARAM_MIP_Strategy_VariableSelect             3
CPXPARAM_TimeLimit                               598.88963483600003
Found incumbent of value 0.000000 after 0.00 sec. (0.32 ticks)

Root node processing (before b&c):
  Real time             =    0.00 sec. (0.36 ticks)
Sequential b&c:
  Real time             =    0.00 sec. (0.00 ticks)
                          ------------
Total (root+branch&cut) =    0.00 sec. (0.36 ticks)
Version identifier: 22.1.0.0 | 2022-03-09 | 1a383f8ce
CPXPARAM_Threads                                 1
CPXPARAM_MIP_Strategy_VariableSelect             3
CPXPARAM_TimeLimit                               598.87557866899999
Found incumbent of value 0.000000 after 0.00 sec. (0.32 ticks)

Root node processing (before b&c):
  Real time             =    0.00 sec. (0.36 ticks)
Sequential b&c:
  Real time             =    0.00 sec. (0.00 ticks)
                          ------------
Total (root+branch&cut) =    0.00 sec. (0.36 ticks)
Version identifier: 22.1.0.0 | 2022-03-09 | 1a383f8ce
CPXPARAM_Threads                                 1
CPXPARAM_MIP_Strategy_VariableSelect             3
CPXPARAM_TimeLimit                               598.86168723100002
Found incumbent of value 0.000000 after 0.00 sec. (0.32 ticks)

Root node processing (before b&c):
  Real time             =    0.00 sec. (0.36 ticks)
Sequential b&c:
  Real time             =    0.00 sec. (0.00 ticks)
                          ------------
Total (root+branch&cut) =    0.00 sec. (0.36 ticks)
Version identifier: 22.1.0.0 | 2022-03-09 | 1a383f8ce
CPXPARAM_Threads                                 1
CPXPARAM_MIP_Strategy_VariableSelect             3
CPXPARAM_TimeLimit                               598.84786698799996
Found incumbent of value 0.000000 after 0.00 sec. (0.32 ticks)

Root node processing (before b&c):
  Real time             =    0.00 sec. (0.36 ticks)
Sequential b&c:
  Real time             =    0.00 sec. (0.00 ticks)
                          ------------
Total (root+branch&cut) =    0.00 sec. (0.36 ticks)
Version identifier: 22.1.0.0 | 2022-03-09 | 1a383f8ce
CPXPARAM_Threads                                 1
CPXPARAM_MIP_Strategy_VariableSelect             3
CPXPARAM_TimeLimit                               598.83381693299998
Found incumbent of value 0.000000 after 0.00 sec. (0.32 ticks)

Root node processing (before b&c):
  Real time             =    0.00 sec. (0.36 ticks)
Sequential b&c:
  Real time             =    0.00 sec. (0.00 ticks)
                          ------------
Total (root+branch&cut) =    0.00 sec. (0.36 ticks)
Version identifier: 22.1.0.0 | 2022-03-09 | 1a383f8ce
CPXPARAM_Threads                                 1
CPXPARAM_MIP_Strategy_VariableSelect             3
CPXPARAM_TimeLimit                               598.81961772099999
Found incumbent of value 0.000000 after 0.00 sec. (0.32 ticks)

Root node processing (before b&c):
  Real time             =    0.00 sec. (0.37 ticks)
Sequential b&c:
  Real time             =    0.00 sec. (0.00 ticks)
                          ------------
Total (root+branch&cut) =    0.00 sec. (0.37 ticks)
Version identifier: 22.1.0.0 | 2022-03-09 | 1a383f8ce
CPXPARAM_Threads                                 1
CPXPARAM_MIP_Strategy_VariableSelect             3
CPXPARAM_TimeLimit                               598.80531908900002
Found incumbent of value 0.000000 after 0.00 sec. (0.33 ticks)

Root node processing (before b&c):
  Real time             =    0.00 sec. (0.37 ticks)
Sequential b&c:
  Real time             =    0.00 sec. (0.00 ticks)
                          ------------
Total (root+branch&cut) =    0.00 sec. (0.37 ticks)
Version identifier: 22.1.0.0 | 2022-03-09 | 1a383f8ce
CPXPARAM_Threads                                 1
CPXPARAM_MIP_Strategy_VariableSelect             3
CPXPARAM_TimeLimit                               598.79086656000004
Found incumbent of value 0.000000 after 0.00 sec. (0.33 ticks)

Root node processing (before b&c):
  Real time             =    0.00 sec. (0.37 ticks)
Sequential b&c:
  Real time             =    0.00 sec. (0.00 ticks)
                          ------------
Total (root+branch&cut) =    0.00 sec. (0.37 ticks)
Version identifier: 22.1.0.0 | 2022-03-09 | 1a383f8ce
CPXPARAM_Threads                                 1
CPXPARAM_MIP_Strategy_VariableSelect             3
CPXPARAM_TimeLimit                               598.77646599100001
Found incumbent of value 0.000000 after 0.00 sec. (0.33 ticks)

Root node processing (before b&c):
  Real time             =    0.00 sec. (0.37 ticks)
Sequential b&c:
  Real time             =    0.00 sec. (0.00 ticks)
                          ------------
Total (root+branch&cut) =    0.00 sec. (0.37 ticks)
Version identifier: 22.1.0.0 | 2022-03-09 | 1a383f8ce
CPXPARAM_Threads                                 1
CPXPARAM_MIP_Strategy_VariableSelect             3
CPXPARAM_TimeLimit                               598.76201212900003
Found incumbent of value 0.000000 after 0.00 sec. (0.33 ticks)

Root node processing (before b&c):
  Real time             =    0.00 sec. (0.37 ticks)
Sequential b&c:
  Real time             =    0.00 sec. (0.00 ticks)
                          ------------
Total (root+branch&cut) =    0.00 sec. (0.37 ticks)
Version identifier: 22.1.0.0 | 2022-03-09 | 1a383f8ce
CPXPARAM_Threads                                 1
CPXPARAM_MIP_Strategy_VariableSelect             3
CPXPARAM_TimeLimit                               598.74760479500003
Found incumbent of value 0.000000 after 0.00 sec. (0.33 ticks)

Root node processing (before b&c):
  Real time             =    0.00 sec. (0.37 ticks)
Sequential b&c:
  Real time             =    0.00 sec. (0.00 ticks)
                          ------------
Total (root+branch&cut) =    0.00 sec. (0.37 ticks)
Version identifier: 22.1.0.0 | 2022-03-09 | 1a383f8ce
CPXPARAM_Threads                                 1
CPXPARAM_MIP_Strategy_VariableSelect             3
CPXPARAM_TimeLimit                               598.73282030200005
Found incumbent of value 0.000000 after 0.00 sec. (0.33 ticks)

Root node processing (before b&c):
  Real time             =    0.00 sec. (0.38 ticks)
Sequential b&c:
  Real time             =    0.00 sec. (0.00 ticks)
                          ------------
Total (root+branch&cut) =    0.00 sec. (0.38 ticks)
Version identifier: 22.1.0.0 | 2022-03-09 | 1a383f8ce
CPXPARAM_Threads                                 1
CPXPARAM_MIP_Strategy_VariableSelect             3
CPXPARAM_TimeLimit                               598.71789966200004
Found incumbent of value 0.000000 after 0.00 sec. (0.34 ticks)

Root node processing (before b&c):
  Real time             =    0.00 sec. (0.38 ticks)
Sequential b&c:
  Real time             =    0.00 sec. (0.00 ticks)
                          ------------
Total (root+branch&cut) =    0.00 sec. (0.38 ticks)
Version identifier: 22.1.0.0 | 2022-03-09 | 1a383f8ce
CPXPARAM_Threads                                 1
CPXPARAM_MIP_Strategy_VariableSelect             3
CPXPARAM_TimeLimit                               598.70322053500001
Found incumbent of value 0.000000 after 0.00 sec. (0.34 ticks)

Root node processing (before b&c):
  Real time             =    0.00 sec. (0.38 ticks)
Sequential b&c:
  Real time             =    0.00 sec. (0.00 ticks)
                          ------------
Total (root+branch&cut) =    0.00 sec. (0.38 ticks)
Version identifier: 22.1.0.0 | 2022-03-09 | 1a383f8ce
CPXPARAM_Threads                                 1
CPXPARAM_MIP_Strategy_VariableSelect             3
CPXPARAM_TimeLimit                               598.68834363200006
Found incumbent of value 0.000000 after 0.00 sec. (0.34 ticks)

Root node processing (before b&c):
  Real time             =    0.00 sec. (0.38 ticks)
Sequential b&c:
  Real time             =    0.00 sec. (0.00 ticks)
                          ------------
Total (root+branch&cut) =    0.00 sec. (0.38 ticks)
Version identifier: 22.1.0.0 | 2022-03-09 | 1a383f8ce
CPXPARAM_Threads                                 1
CPXPARAM_MIP_Strategy_VariableSelect             3
CPXPARAM_TimeLimit                               598.67341326799999
Found incumbent of value 0.000000 after 0.00 sec. (0.35 ticks)

Root node processing (before b&c):
  Real time             =    0.00 sec. (0.39 ticks)
Sequential b&c:
  Real time             =    0.00 sec. (0.00 ticks)
                          ------------
Total (root+branch&cut) =    0.00 sec. (0.39 ticks)
Version identifier: 22.1.0.0 | 2022-03-09 | 1a383f8ce
CPXPARAM_Threads                                 1
CPXPARAM_MIP_Strategy_VariableSelect             3
CPXPARAM_TimeLimit                               598.65844442800005
Tried aggregator 1 time.
MIP Presolve eliminated 20 rows and 1025 columns.
MIP Presolve modified 4 coefficients.
Reduced MIP has 1427 rows, 1435 columns, and 12992 nonzeros.
Reduced MIP has 1435 binaries, 0 generals, 0 SOSs, and 0 indicators.
Presolve time = 0.01 sec. (8.58 ticks)
Found incumbent of value 0.000000 after 0.03 sec. (21.84 ticks)

Root node processing (before b&c):
  Real time             =    0.03 sec. (21.93 ticks)
Sequential b&c:
  Real time             =    0.00 sec. (0.00 ticks)
                          ------------
Total (root+branch&cut) =    0.03 sec. (21.93 ticks)
Version identifier: 22.1.0.0 | 2022-03-09 | 1a383f8ce
CPXPARAM_Threads                                 1
CPXPARAM_MIP_Strategy_VariableSelect             3
CPXPARAM_TimeLimit                               598.61137051399999
Tried aggregator 1 time.
MIP Presolve eliminated 20 rows and 1030 columns.
MIP Presolve modified 4 coefficients.
Reduced MIP has 1434 rows, 1442 columns, and 13056 nonzeros.
Reduced MIP has 1442 binaries, 0 generals, 0 SOSs, and 0 indicators.
Presolve time = 0.01 sec. (8.62 ticks)
Found incumbent of value 0.000000 after 0.03 sec. (22.30 ticks)

Root node processing (before b&c):
  Real time             =    0.03 sec. (22.39 ticks)
Sequential b&c:
  Real time             =    0.00 sec. (0.00 ticks)
                          ------------
Total (root+branch&cut) =    0.03 sec. (22.39 ticks)
Version identifier: 22.1.0.0 | 2022-03-09 | 1a383f8ce
CPXPARAM_Threads                                 1
CPXPARAM_MIP_Strategy_VariableSelect             3
CPXPARAM_TimeLimit                               598.56401312399998
Tried aggregator 1 time.
MIP Presolve eliminated 20 rows and 1035 columns.
MIP Presolve modified 4 coefficients.
Reduced MIP has 1441 rows, 1449 columns, and 13120 nonzeros.
Reduced MIP has 1449 binaries, 0 generals, 0 SOSs, and 0 indicators.
Presolve time = 0.01 sec. (8.66 ticks)
Found incumbent of value 0.000000 after 0.03 sec. (19.41 ticks)

Root node processing (before b&c):
  Real time             =    0.03 sec. (19.50 ticks)
Sequential b&c:
  Real time             =    0.00 sec. (0.00 ticks)
                          ------------
Total (root+branch&cut) =    0.03 sec. (19.50 ticks)
Version identifier: 22.1.0.0 | 2022-03-09 | 1a383f8ce
CPXPARAM_Threads                                 1
CPXPARAM_MIP_Strategy_VariableSelect             3
CPXPARAM_TimeLimit                               598.522024268
Tried aggregator 1 time.
MIP Presolve eliminated 20 rows and 1040 columns.
MIP Presolve modified 4 coefficients.
Reduced MIP has 1448 rows, 1456 columns, and 13184 nonzeros.
Reduced MIP has 1456 binaries, 0 generals, 0 SOSs, and 0 indicators.
Presolve time = 0.01 sec. (8.70 ticks)
Found incumbent of value 0.000000 after 0.03 sec. (22.17 ticks)

Root node processing (before b&c):
  Real time             =    0.03 sec. (22.26 ticks)
Sequential b&c:
  Real time             =    0.00 sec. (0.00 ticks)
                          ------------
Total (root+branch&cut) =    0.03 sec. (22.26 ticks)
Version identifier: 22.1.0.0 | 2022-03-09 | 1a383f8ce
CPXPARAM_Threads                                 1
CPXPARAM_MIP_Strategy_VariableSelect             3
CPXPARAM_TimeLimit                               598.47422851199997
Tried aggregator 1 time.
MIP Presolve eliminated 20 rows and 1045 columns.
MIP Presolve modified 4 coefficients.
Reduced MIP has 1455 rows, 1463 columns, and 13248 nonzeros.
Reduced MIP has 1463 binaries, 0 generals, 0 SOSs, and 0 indicators.
Presolve time = 0.01 sec. (8.73 ticks)
Found incumbent of value 0.000000 after 0.03 sec. (22.45 ticks)

Root node processing (before b&c):
  Real time             =    0.03 sec. (22.54 ticks)
Sequential b&c:
  Real time             =    0.00 sec. (0.00 ticks)
                          ------------
Total (root+branch&cut) =    0.03 sec. (22.54 ticks)
Version identifier: 22.1.0.0 | 2022-03-09 | 1a383f8ce
CPXPARAM_Threads                                 1
CPXPARAM_MIP_Strategy_VariableSelect             3
CPXPARAM_TimeLimit                               598.42698145400004
Tried aggregator 1 time.
MIP Presolve eliminated 20 rows and 1050 columns.
MIP Presolve modified 4 coefficients.
Reduced MIP has 1462 rows, 1470 columns, and 13312 nonzeros.
Reduced MIP has 1470 binaries, 0 generals, 0 SOSs, and 0 indicators.
Presolve time = 0.01 sec. (8.78 ticks)
Found incumbent of value 0.000000 after 0.03 sec. (22.51 ticks)

Root node processing (before b&c):
  Real time             =    0.03 sec. (22.60 ticks)
Sequential b&c:
  Real time             =    0.00 sec. (0.00 ticks)
                          ------------
Total (root+branch&cut) =    0.03 sec. (22.60 ticks)
Version identifier: 22.1.0.0 | 2022-03-09 | 1a383f8ce
CPXPARAM_Threads                                 1
CPXPARAM_MIP_Strategy_VariableSelect             3
CPXPARAM_TimeLimit                               598.38022046799995
Tried aggregator 1 time.
MIP Presolve eliminated 20 rows and 1055 columns.
MIP Presolve modified 4 coefficients.
Reduced MIP has 1469 rows, 1477 columns, and 13376 nonzeros.
Reduced MIP has 1477 binaries, 0 generals, 0 SOSs, and 0 indicators.
Presolve time = 0.01 sec. (8.82 ticks)
Found incumbent of value 0.000000 after 0.03 sec. (22.21 ticks)

Root node processing (before b&c):
  Real time             =    0.03 sec. (22.30 ticks)
Sequential b&c:
  Real time             =    0.00 sec. (0.00 ticks)
                          ------------
Total (root+branch&cut) =    0.03 sec. (22.30 ticks)
Version identifier: 22.1.0.0 | 2022-03-09 | 1a383f8ce
CPXPARAM_Threads                                 1
CPXPARAM_MIP_Strategy_VariableSelect             3
CPXPARAM_TimeLimit                               598.33339965499999
Tried aggregator 1 time.
MIP Presolve eliminated 20 rows and 1060 columns.
MIP Presolve modified 4 coefficients.
Reduced MIP has 1476 rows, 1484 columns, and 13440 nonzeros.
Reduced MIP has 1484 binaries, 0 generals, 0 SOSs, and 0 indicators.
Presolve time = 0.01 sec. (8.86 ticks)
Found incumbent of value 0.000000 after 0.03 sec. (22.88 ticks)

Root node processing (before b&c):
  Real time             =    0.03 sec. (22.97 ticks)
Sequential b&c:
  Real time             =    0.00 sec. (0.00 ticks)
                          ------------
Total (root+branch&cut) =    0.03 sec. (22.97 ticks)
Version identifier: 22.1.0.0 | 2022-03-09 | 1a383f8ce
CPXPARAM_Threads                                 1
CPXPARAM_MIP_Strategy_VariableSelect             3
CPXPARAM_TimeLimit                               598.28475538199996
Tried aggregator 1 time.
MIP Presolve eliminated 20 rows and 1065 columns.
MIP Presolve modified 4 coefficients.
Reduced MIP has 1483 rows, 1491 columns, and 13504 nonzeros.
Reduced MIP has 1491 binaries, 0 generals, 0 SOSs, and 0 indicators.
Presolve time = 0.01 sec. (8.90 ticks)
Found incumbent of value 0.000000 after 0.03 sec. (22.71 ticks)

Root node processing (before b&c):
  Real time             =    0.03 sec. (22.80 ticks)
Sequential b&c:
  Real time             =    0.00 sec. (0.00 ticks)
                          ------------
Total (root+branch&cut) =    0.03 sec. (22.80 ticks)
Version identifier: 22.1.0.0 | 2022-03-09 | 1a383f8ce
CPXPARAM_Threads                                 1
CPXPARAM_MIP_Strategy_VariableSelect             3
CPXPARAM_TimeLimit                               598.23618746099999
Tried aggregator 1 time.
MIP Presolve eliminated 20 rows and 1070 columns.
MIP Presolve modified 4 coefficients.
Reduced MIP has 1490 rows, 1498 columns, and 13568 nonzeros.
Reduced MIP has 1498 binaries, 0 generals, 0 SOSs, and 0 indicators.
Presolve time = 0.01 sec. (8.94 ticks)
Found incumbent of value 0.000000 after 0.03 sec. (23.06 ticks)

Root node processing (before b&c):
  Real time             =    0.03 sec. (23.15 ticks)
Sequential b&c:
  Real time             =    0.00 sec. (0.00 ticks)
                          ------------
Total (root+branch&cut) =    0.03 sec. (23.15 ticks)
Version identifier: 22.1.0.0 | 2022-03-09 | 1a383f8ce
CPXPARAM_Threads                                 1
CPXPARAM_MIP_Strategy_VariableSelect             3
CPXPARAM_TimeLimit                               598.18775686799995
Tried aggregator 1 time.
MIP Presolve eliminated 20 rows and 1075 columns.
MIP Presolve modified 4 coefficients.
Reduced MIP has 1497 rows, 1505 columns, and 13632 nonzeros.
Reduced MIP has 1505 binaries, 0 generals, 0 SOSs, and 0 indicators.
Presolve time = 0.01 sec. (8.98 ticks)
Found incumbent of value 0.000000 after 0.03 sec. (20.81 ticks)

Root node processing (before b&c):
  Real time             =    0.03 sec. (20.91 ticks)
Sequential b&c:
  Real time             =    0.00 sec. (0.00 ticks)
                          ------------
Total (root+branch&cut) =    0.03 sec. (20.91 ticks)
Version identifier: 22.1.0.0 | 2022-03-09 | 1a383f8ce
CPXPARAM_Threads                                 1
CPXPARAM_MIP_Strategy_VariableSelect             3
CPXPARAM_TimeLimit                               598.14253661500004
Tried aggregator 1 time.
MIP Presolve eliminated 20 rows and 1080 columns.
MIP Presolve modified 4 coefficients.
Reduced MIP has 1504 rows, 1512 columns, and 13696 nonzeros.
Reduced MIP has 1512 binaries, 0 generals, 0 SOSs, and 0 indicators.
Presolve time = 0.01 sec. (9.02 ticks)
Found incumbent of value 0.000000 after 0.03 sec. (22.91 ticks)

Root node processing (before b&c):
  Real time             =    0.03 sec. (23.01 ticks)
Sequential b&c:
  Real time             =    0.00 sec. (0.00 ticks)
                          ------------
Total (root+branch&cut) =    0.03 sec. (23.01 ticks)
Version identifier: 22.1.0.0 | 2022-03-09 | 1a383f8ce
CPXPARAM_Threads                                 1
CPXPARAM_MIP_Strategy_VariableSelect             3
CPXPARAM_TimeLimit                               598.09381987400002
Tried aggregator 1 time.
MIP Presolve eliminated 20 rows and 1085 columns.
MIP Presolve modified 4 coefficients.
Reduced MIP has 1511 rows, 1519 columns, and 13760 nonzeros.
Reduced MIP has 1519 binaries, 0 generals, 0 SOSs, and 0 indicators.
Presolve time = 0.01 sec. (9.06 ticks)
Found incumbent of value 0.000000 after 0.03 sec. (23.93 ticks)

Root node processing (before b&c):
  Real time             =    0.03 sec. (24.03 ticks)
Sequential b&c:
  Real time             =    0.00 sec. (0.00 ticks)
                          ------------
Total (root+branch&cut) =    0.03 sec. (24.03 ticks)
Version identifier: 22.1.0.0 | 2022-03-09 | 1a383f8ce
CPXPARAM_Threads                                 1
CPXPARAM_MIP_Strategy_VariableSelect             3
CPXPARAM_TimeLimit                               598.04332483200005
Tried aggregator 1 time.
MIP Presolve eliminated 20 rows and 1090 columns.
MIP Presolve modified 4 coefficients.
Reduced MIP has 1518 rows, 1526 columns, and 13824 nonzeros.
Reduced MIP has 1526 binaries, 0 generals, 0 SOSs, and 0 indicators.
Presolve time = 0.01 sec. (9.11 ticks)
Found incumbent of value 0.000000 after 0.03 sec. (23.38 ticks)

Root node processing (before b&c):
  Real time             =    0.03 sec. (23.47 ticks)
Sequential b&c:
  Real time             =    0.00 sec. (0.00 ticks)
                          ------------
Total (root+branch&cut) =    0.03 sec. (23.47 ticks)
Version identifier: 22.1.0.0 | 2022-03-09 | 1a383f8ce
CPXPARAM_Threads                                 1
CPXPARAM_MIP_Strategy_VariableSelect             3
CPXPARAM_TimeLimit                               597.99415311600001
Tried aggregator 1 time.
MIP Presolve eliminated 20 rows and 1095 columns.
MIP Presolve modified 4 coefficients.
Reduced MIP has 1525 rows, 1533 columns, and 13888 nonzeros.
Reduced MIP has 1533 binaries, 0 generals, 0 SOSs, and 0 indicators.
Presolve time = 0.01 sec. (9.14 ticks)
Found incumbent of value 0.000000 after 0.03 sec. (23.22 ticks)

Root node processing (before b&c):
  Real time             =    0.03 sec. (23.32 ticks)
Sequential b&c:
  Real time             =    0.00 sec. (0.00 ticks)
                          ------------
Total (root+branch&cut) =    0.03 sec. (23.32 ticks)
Version identifier: 22.1.0.0 | 2022-03-09 | 1a383f8ce
CPXPARAM_Threads                                 1
CPXPARAM_MIP_Strategy_VariableSelect             3
CPXPARAM_TimeLimit                               597.94552504499995
Tried aggregator 1 time.
MIP Presolve eliminated 20 rows and 1100 columns.
MIP Presolve modified 4 coefficients.
Reduced MIP has 1532 rows, 1540 columns, and 13952 nonzeros.
Reduced MIP has 1540 binaries, 0 generals, 0 SOSs, and 0 indicators.
Presolve time = 0.01 sec. (9.19 ticks)
Found incumbent of value 0.000000 after 0.03 sec. (23.45 ticks)

Root node processing (before b&c):
  Real time             =    0.03 sec. (23.55 ticks)
Sequential b&c:
  Real time             =    0.00 sec. (0.00 ticks)
                          ------------
Total (root+branch&cut) =    0.03 sec. (23.55 ticks)
Version identifier: 22.1.0.0 | 2022-03-09 | 1a383f8ce
CPXPARAM_Threads                                 1
CPXPARAM_MIP_Strategy_VariableSelect             3
CPXPARAM_TimeLimit                               597.89605613000003
Tried aggregator 1 time.
MIP Presolve eliminated 20 rows and 1105 columns.
MIP Presolve modified 4 coefficients.
Reduced MIP has 1539 rows, 1547 columns, and 14016 nonzeros.
Reduced MIP has 1547 binaries, 0 generals, 0 SOSs, and 0 indicators.
Presolve time = 0.01 sec. (9.22 ticks)
Found incumbent of value 0.000000 after 0.03 sec. (23.30 ticks)

Root node processing (before b&c):
  Real time             =    0.03 sec. (23.40 ticks)
Sequential b&c:
  Real time             =    0.00 sec. (0.00 ticks)
                          ------------
Total (root+branch&cut) =    0.03 sec. (23.40 ticks)
Version identifier: 22.1.0.0 | 2022-03-09 | 1a383f8ce
CPXPARAM_Threads                                 1
CPXPARAM_MIP_Strategy_VariableSelect             3
CPXPARAM_TimeLimit                               597.84635799
Tried aggregator 1 time.
MIP Presolve eliminated 20 rows and 1110 columns.
MIP Presolve modified 4 coefficients.
Reduced MIP has 1546 rows, 1554 columns, and 14080 nonzeros.
Reduced MIP has 1554 binaries, 0 generals, 0 SOSs, and 0 indicators.
Presolve time = 0.01 sec. (9.27 ticks)
Found incumbent of value 0.000000 after 0.03 sec. (24.03 ticks)

Root node processing (before b&c):
  Real time             =    0.03 sec. (24.13 ticks)
Sequential b&c:
  Real time             =    0.00 sec. (0.00 ticks)
                          ------------
Total (root+branch&cut) =    0.03 sec. (24.13 ticks)
Version identifier: 22.1.0.0 | 2022-03-09 | 1a383f8ce
CPXPARAM_Threads                                 1
CPXPARAM_MIP_Strategy_VariableSelect             3
CPXPARAM_TimeLimit                               597.79596868500005
Tried aggregator 1 time.
MIP Presolve eliminated 20 rows and 1115 columns.
MIP Presolve modified 4 coefficients.
Reduced MIP has 1553 rows, 1561 columns, and 14144 nonzeros.
Reduced MIP has 1561 binaries, 0 generals, 0 SOSs, and 0 indicators.
Presolve time = 0.01 sec. (9.30 ticks)
Probing time = 0.00 sec. (2.39 ticks)
Tried aggregator 1 time.
Detecting symmetries...
Reduced MIP has 1553 rows, 1561 columns, and 14144 nonzeros.
Reduced MIP has 1561 binaries, 0 generals, 0 SOSs, and 0 indicators.
Presolve time = 0.01 sec. (8.47 ticks)
Probing time = 0.00 sec. (2.39 ticks)
Clique table members: 1104.
MIP emphasis: balance optimality and feasibility.
MIP search method: dynamic search.
Parallel mode: none, using 1 thread.
Root relaxation solution time = 0.01 sec. (10.37 ticks)

        Nodes                                         Cuts/
   Node  Left     Objective  IInf  Best Integer    Best Bound    ItCnt     Gap

      0     0        0.0000    26                      0.0000      309         
*     0+    0                            0.0000        0.0000             0.00%
      0     0        cutoff              0.0000        0.0000      309    0.00%
Elapsed time = 0.09 sec. (76.86 ticks, tree = 0.01 MB, solutions = 1)

Root node processing (before b&c):
  Real time             =    0.09 sec. (76.94 ticks)
Sequential b&c:
  Real time             =    0.00 sec. (0.00 ticks)
                          ------------
Total (root+branch&cut) =    0.09 sec. (76.94 ticks)
Version identifier: 22.1.0.0 | 2022-03-09 | 1a383f8ce
CPXPARAM_Threads                                 1
CPXPARAM_MIP_Strategy_VariableSelect             3
CPXPARAM_TimeLimit                               597.688181429
Tried aggregator 1 time.
MIP Presolve eliminated 20 rows and 1120 columns.
MIP Presolve modified 4 coefficients.
Reduced MIP has 1560 rows, 1568 columns, and 14208 nonzeros.
Reduced MIP has 1568 binaries, 0 generals, 0 SOSs, and 0 indicators.
Presolve time = 0.01 sec. (9.35 ticks)
Probing time = 0.00 sec. (2.39 ticks)
Tried aggregator 1 time.
Detecting symmetries...
Reduced MIP has 1560 rows, 1568 columns, and 14208 nonzeros.
Reduced MIP has 1568 binaries, 0 generals, 0 SOSs, and 0 indicators.
Presolve time = 0.01 sec. (8.52 ticks)
Probing time = 0.00 sec. (2.39 ticks)
Clique table members: 1109.
MIP emphasis: balance optimality and feasibility.
MIP search method: dynamic search.
Parallel mode: none, using 1 thread.
Root relaxation solution time = 0.01 sec. (11.00 ticks)

        Nodes                                         Cuts/
   Node  Left     Objective  IInf  Best Integer    Best Bound    ItCnt     Gap

      0     0    infeasible                                        330         

Root node processing (before b&c):
  Real time             =    0.09 sec. (72.06 ticks)
Sequential b&c:
  Real time             =    0.00 sec. (0.00 ticks)
                          ------------
Total (root+branch&cut) =    0.09 sec. (72.06 ticks)
Primal:	223
Dual:	223
Status:	Optimal
Time:	2.41058
Sequence:
	4
	9
	7
	9
	9
	9
	6
	4
	9
	9
	10
	9
	10
	9
	1
	9
	9
	9
	10
	9
	4
	6
	9
	9
	4
	9
	10
	9
	9
	9
	6
	9
	9
	9
	6
	9
	9
	7
	9
	9
	9
	9
	10
	9
	7
	9
	9
	6
	9
	9
	10
	9
	9
	1
	4
	9
	1
	9
	1
	9
	9
	6
	9
	4
	9
	4
	1
	9
	7
	9
	9
	4
	9
	6
	9
	1
	9
	4
	10
	9
	1
	9
	6
	9
	4
	9
	9
	9
	9
	9
	1
	9
	7
	9
	10
	9
	1
	4
	9
	4
	4
	0
	4
	10
	4
	7
	0
	4
	1
	4
	6
	0
	10
	4
	0
	6
	4
	10
	4
	10
	0
	4
	4
	0
	4
	6
	0
	4
	4
	0
	9
	7
	4
	10
	0
	1
	9
	0
	9
	1
	0
	7
	4
	0
	6
	4
	1
	4
	1
	0
	9
	10
	9
	7
	0
	6
	4
	9
	0
	1
	4
	0
	1
	4
	0
	1
	4
	6
	0
	1
	4
	0
	1
	4
	0
	10
	9
	10
	0
	7
	4
	0
	10
	4
	6
	9
	1
	0
	10
	4
	0
	7
	9
	4
	10
	0
	9
	1
	4
	6
	0
	4
	4
	1
	4
	6
	0
	7
	9
	10
	0
	9
	6
	0
	9
	4
	0
	1
	9
	7
	9
	4
	0
