Version identifier: 22.1.0.0 | 2022-03-09 | 1a383f8ce
CPXPARAM_Threads                                 1
CPXPARAM_MIP_Strategy_VariableSelect             3
CPXPARAM_TimeLimit                               599.99716611700001
Found incumbent of value 0.000000 after 0.00 sec. (0.20 ticks)

Root node processing (before b&c):
  Real time             =    0.00 sec. (0.23 ticks)
Sequential b&c:
  Real time             =    0.00 sec. (0.00 ticks)
                          ------------
Total (root+branch&cut) =    0.00 sec. (0.23 ticks)
Version identifier: 22.1.0.0 | 2022-03-09 | 1a383f8ce
CPXPARAM_Threads                                 1
CPXPARAM_MIP_Strategy_VariableSelect             3
CPXPARAM_TimeLimit                               599.98005268300005
Found incumbent of value 0.000000 after 0.00 sec. (0.20 ticks)

Root node processing (before b&c):
  Real time             =    0.00 sec. (0.23 ticks)
Sequential b&c:
  Real time             =    0.00 sec. (0.00 ticks)
                          ------------
Total (root+branch&cut) =    0.00 sec. (0.23 ticks)
Version identifier: 22.1.0.0 | 2022-03-09 | 1a383f8ce
CPXPARAM_Threads                                 1
CPXPARAM_MIP_Strategy_VariableSelect             3
CPXPARAM_TimeLimit                               599.96634322700004
Found incumbent of value 0.000000 after 0.00 sec. (0.20 ticks)

Root node processing (before b&c):
  Real time             =    0.00 sec. (0.23 ticks)
Sequential b&c:
  Real time             =    0.00 sec. (0.00 ticks)
                          ------------
Total (root+branch&cut) =    0.00 sec. (0.23 ticks)
Version identifier: 22.1.0.0 | 2022-03-09 | 1a383f8ce
CPXPARAM_Threads                                 1
CPXPARAM_MIP_Strategy_VariableSelect             3
CPXPARAM_TimeLimit                               599.95372408100002
Found incumbent of value 0.000000 after 0.00 sec. (0.20 ticks)

Root node processing (before b&c):
  Real time             =    0.00 sec. (0.23 ticks)
Sequential b&c:
  Real time             =    0.00 sec. (0.00 ticks)
                          ------------
Total (root+branch&cut) =    0.00 sec. (0.23 ticks)
Version identifier: 22.1.0.0 | 2022-03-09 | 1a383f8ce
CPXPARAM_Threads                                 1
CPXPARAM_MIP_Strategy_VariableSelect             3
CPXPARAM_TimeLimit                               599.94176865099996
Found incumbent of value 0.000000 after 0.00 sec. (0.21 ticks)

Root node processing (before b&c):
  Real time             =    0.00 sec. (0.23 ticks)
Sequential b&c:
  Real time             =    0.00 sec. (0.00 ticks)
                          ------------
Total (root+branch&cut) =    0.00 sec. (0.23 ticks)
Version identifier: 22.1.0.0 | 2022-03-09 | 1a383f8ce
CPXPARAM_Threads                                 1
CPXPARAM_MIP_Strategy_VariableSelect             3
CPXPARAM_TimeLimit                               599.93042041499996
Found incumbent of value 0.000000 after 0.00 sec. (0.21 ticks)

Root node processing (before b&c):
  Real time             =    0.00 sec. (0.23 ticks)
Sequential b&c:
  Real time             =    0.00 sec. (0.00 ticks)
                          ------------
Total (root+branch&cut) =    0.00 sec. (0.23 ticks)
Version identifier: 22.1.0.0 | 2022-03-09 | 1a383f8ce
CPXPARAM_Threads                                 1
CPXPARAM_MIP_Strategy_VariableSelect             3
CPXPARAM_TimeLimit                               599.91950633199997
Found incumbent of value 0.000000 after 0.00 sec. (0.21 ticks)

Root node processing (before b&c):
  Real time             =    0.00 sec. (0.24 ticks)
Sequential b&c:
  Real time             =    0.00 sec. (0.00 ticks)
                          ------------
Total (root+branch&cut) =    0.00 sec. (0.24 ticks)
Version identifier: 22.1.0.0 | 2022-03-09 | 1a383f8ce
CPXPARAM_Threads                                 1
CPXPARAM_MIP_Strategy_VariableSelect             3
CPXPARAM_TimeLimit                               599.90905883599999
Found incumbent of value 0.000000 after 0.00 sec. (0.21 ticks)

Root node processing (before b&c):
  Real time             =    0.00 sec. (0.24 ticks)
Sequential b&c:
  Real time             =    0.00 sec. (0.00 ticks)
                          ------------
Total (root+branch&cut) =    0.00 sec. (0.24 ticks)
Version identifier: 22.1.0.0 | 2022-03-09 | 1a383f8ce
CPXPARAM_Threads                                 1
CPXPARAM_MIP_Strategy_VariableSelect             3
CPXPARAM_TimeLimit                               599.89901204600005
Found incumbent of value 0.000000 after 0.00 sec. (0.21 ticks)

Root node processing (before b&c):
  Real time             =    0.00 sec. (0.24 ticks)
Sequential b&c:
  Real time             =    0.00 sec. (0.00 ticks)
                          ------------
Total (root+branch&cut) =    0.00 sec. (0.24 ticks)
Version identifier: 22.1.0.0 | 2022-03-09 | 1a383f8ce
CPXPARAM_Threads                                 1
CPXPARAM_MIP_Strategy_VariableSelect             3
CPXPARAM_TimeLimit                               599.889330771
Found incumbent of value 0.000000 after 0.00 sec. (0.21 ticks)

Root node processing (before b&c):
  Real time             =    0.00 sec. (0.24 ticks)
Sequential b&c:
  Real time             =    0.00 sec. (0.00 ticks)
                          ------------
Total (root+branch&cut) =    0.00 sec. (0.24 ticks)
Version identifier: 22.1.0.0 | 2022-03-09 | 1a383f8ce
CPXPARAM_Threads                                 1
CPXPARAM_MIP_Strategy_VariableSelect             3
CPXPARAM_TimeLimit                               599.87990631900004
Found incumbent of value 0.000000 after 0.00 sec. (0.22 ticks)

Root node processing (before b&c):
  Real time             =    0.00 sec. (0.24 ticks)
Sequential b&c:
  Real time             =    0.00 sec. (0.00 ticks)
                          ------------
Total (root+branch&cut) =    0.00 sec. (0.24 ticks)
Version identifier: 22.1.0.0 | 2022-03-09 | 1a383f8ce
CPXPARAM_Threads                                 1
CPXPARAM_MIP_Strategy_VariableSelect             3
CPXPARAM_TimeLimit                               599.87060759999997
Found incumbent of value 0.000000 after 0.00 sec. (0.22 ticks)

Root node processing (before b&c):
  Real time             =    0.00 sec. (0.25 ticks)
Sequential b&c:
  Real time             =    0.00 sec. (0.00 ticks)
                          ------------
Total (root+branch&cut) =    0.00 sec. (0.25 ticks)
Version identifier: 22.1.0.0 | 2022-03-09 | 1a383f8ce
CPXPARAM_Threads                                 1
CPXPARAM_MIP_Strategy_VariableSelect             3
CPXPARAM_TimeLimit                               599.86123500999997
Found incumbent of value 0.000000 after 0.00 sec. (0.22 ticks)

Root node processing (before b&c):
  Real time             =    0.00 sec. (0.25 ticks)
Sequential b&c:
  Real time             =    0.00 sec. (0.00 ticks)
                          ------------
Total (root+branch&cut) =    0.00 sec. (0.25 ticks)
Version identifier: 22.1.0.0 | 2022-03-09 | 1a383f8ce
CPXPARAM_Threads                                 1
CPXPARAM_MIP_Strategy_VariableSelect             3
CPXPARAM_TimeLimit                               599.85181373900002
Found incumbent of value 0.000000 after 0.00 sec. (0.22 ticks)

Root node processing (before b&c):
  Real time             =    0.00 sec. (0.25 ticks)
Sequential b&c:
  Real time             =    0.00 sec. (0.00 ticks)
                          ------------
Total (root+branch&cut) =    0.00 sec. (0.25 ticks)
Version identifier: 22.1.0.0 | 2022-03-09 | 1a383f8ce
CPXPARAM_Threads                                 1
CPXPARAM_MIP_Strategy_VariableSelect             3
CPXPARAM_TimeLimit                               599.84232252499999
Found incumbent of value 0.000000 after 0.00 sec. (0.22 ticks)

Root node processing (before b&c):
  Real time             =    0.00 sec. (0.25 ticks)
Sequential b&c:
  Real time             =    0.00 sec. (0.00 ticks)
                          ------------
Total (root+branch&cut) =    0.00 sec. (0.25 ticks)
Version identifier: 22.1.0.0 | 2022-03-09 | 1a383f8ce
CPXPARAM_Threads                                 1
CPXPARAM_MIP_Strategy_VariableSelect             3
CPXPARAM_TimeLimit                               599.83267112199997
Found incumbent of value 0.000000 after 0.00 sec. (0.22 ticks)

Root node processing (before b&c):
  Real time             =    0.00 sec. (0.25 ticks)
Sequential b&c:
  Real time             =    0.00 sec. (0.00 ticks)
                          ------------
Total (root+branch&cut) =    0.00 sec. (0.25 ticks)
Version identifier: 22.1.0.0 | 2022-03-09 | 1a383f8ce
CPXPARAM_Threads                                 1
CPXPARAM_MIP_Strategy_VariableSelect             3
CPXPARAM_TimeLimit                               599.82304853200003
Found incumbent of value 0.000000 after 0.00 sec. (0.23 ticks)

Root node processing (before b&c):
  Real time             =    0.00 sec. (0.25 ticks)
Sequential b&c:
  Real time             =    0.00 sec. (0.00 ticks)
                          ------------
Total (root+branch&cut) =    0.00 sec. (0.25 ticks)
Version identifier: 22.1.0.0 | 2022-03-09 | 1a383f8ce
CPXPARAM_Threads                                 1
CPXPARAM_MIP_Strategy_VariableSelect             3
CPXPARAM_TimeLimit                               599.81330531499998
Found incumbent of value 0.000000 after 0.00 sec. (0.23 ticks)

Root node processing (before b&c):
  Real time             =    0.00 sec. (0.26 ticks)
Sequential b&c:
  Real time             =    0.00 sec. (0.00 ticks)
                          ------------
Total (root+branch&cut) =    0.00 sec. (0.26 ticks)
Version identifier: 22.1.0.0 | 2022-03-09 | 1a383f8ce
CPXPARAM_Threads                                 1
CPXPARAM_MIP_Strategy_VariableSelect             3
CPXPARAM_TimeLimit                               599.80352382199999
Found incumbent of value 0.000000 after 0.00 sec. (0.23 ticks)

Root node processing (before b&c):
  Real time             =    0.00 sec. (0.26 ticks)
Sequential b&c:
  Real time             =    0.00 sec. (0.00 ticks)
                          ------------
Total (root+branch&cut) =    0.00 sec. (0.26 ticks)
Version identifier: 22.1.0.0 | 2022-03-09 | 1a383f8ce
CPXPARAM_Threads                                 1
CPXPARAM_MIP_Strategy_VariableSelect             3
CPXPARAM_TimeLimit                               599.79368558099998
Found incumbent of value 0.000000 after 0.00 sec. (0.23 ticks)

Root node processing (before b&c):
  Real time             =    0.00 sec. (0.26 ticks)
Sequential b&c:
  Real time             =    0.00 sec. (0.00 ticks)
                          ------------
Total (root+branch&cut) =    0.00 sec. (0.26 ticks)
Version identifier: 22.1.0.0 | 2022-03-09 | 1a383f8ce
CPXPARAM_Threads                                 1
CPXPARAM_MIP_Strategy_VariableSelect             3
CPXPARAM_TimeLimit                               599.78373992299998
Found incumbent of value 0.000000 after 0.00 sec. (0.23 ticks)

Root node processing (before b&c):
  Real time             =    0.00 sec. (0.26 ticks)
Sequential b&c:
  Real time             =    0.00 sec. (0.00 ticks)
                          ------------
Total (root+branch&cut) =    0.00 sec. (0.26 ticks)
Version identifier: 22.1.0.0 | 2022-03-09 | 1a383f8ce
CPXPARAM_Threads                                 1
CPXPARAM_MIP_Strategy_VariableSelect             3
CPXPARAM_TimeLimit                               599.77363467400005
Found incumbent of value 0.000000 after 0.00 sec. (0.23 ticks)

Root node processing (before b&c):
  Real time             =    0.00 sec. (0.26 ticks)
Sequential b&c:
  Real time             =    0.00 sec. (0.00 ticks)
                          ------------
Total (root+branch&cut) =    0.00 sec. (0.26 ticks)
Version identifier: 22.1.0.0 | 2022-03-09 | 1a383f8ce
CPXPARAM_Threads                                 1
CPXPARAM_MIP_Strategy_VariableSelect             3
CPXPARAM_TimeLimit                               599.763092691
Found incumbent of value 0.000000 after 0.00 sec. (0.24 ticks)

Root node processing (before b&c):
  Real time             =    0.00 sec. (0.27 ticks)
Sequential b&c:
  Real time             =    0.00 sec. (0.00 ticks)
                          ------------
Total (root+branch&cut) =    0.00 sec. (0.27 ticks)
Version identifier: 22.1.0.0 | 2022-03-09 | 1a383f8ce
CPXPARAM_Threads                                 1
CPXPARAM_MIP_Strategy_VariableSelect             3
CPXPARAM_TimeLimit                               599.75253177399998
Found incumbent of value 0.000000 after 0.00 sec. (0.24 ticks)

Root node processing (before b&c):
  Real time             =    0.00 sec. (0.27 ticks)
Sequential b&c:
  Real time             =    0.00 sec. (0.00 ticks)
                          ------------
Total (root+branch&cut) =    0.00 sec. (0.27 ticks)
Version identifier: 22.1.0.0 | 2022-03-09 | 1a383f8ce
CPXPARAM_Threads                                 1
CPXPARAM_MIP_Strategy_VariableSelect             3
CPXPARAM_TimeLimit                               599.74192237499994
Found incumbent of value 0.000000 after 0.00 sec. (0.24 ticks)

Root node processing (before b&c):
  Real time             =    0.00 sec. (0.27 ticks)
Sequential b&c:
  Real time             =    0.00 sec. (0.00 ticks)
                          ------------
Total (root+branch&cut) =    0.00 sec. (0.27 ticks)
Version identifier: 22.1.0.0 | 2022-03-09 | 1a383f8ce
CPXPARAM_Threads                                 1
CPXPARAM_MIP_Strategy_VariableSelect             3
CPXPARAM_TimeLimit                               599.73119494499997
Found incumbent of value 0.000000 after 0.00 sec. (0.24 ticks)

Root node processing (before b&c):
  Real time             =    0.00 sec. (0.27 ticks)
Sequential b&c:
  Real time             =    0.00 sec. (0.00 ticks)
                          ------------
Total (root+branch&cut) =    0.00 sec. (0.27 ticks)
Version identifier: 22.1.0.0 | 2022-03-09 | 1a383f8ce
CPXPARAM_Threads                                 1
CPXPARAM_MIP_Strategy_VariableSelect             3
CPXPARAM_TimeLimit                               599.72030933500002
Found incumbent of value 0.000000 after 0.00 sec. (0.24 ticks)

Root node processing (before b&c):
  Real time             =    0.00 sec. (0.27 ticks)
Sequential b&c:
  Real time             =    0.00 sec. (0.00 ticks)
                          ------------
Total (root+branch&cut) =    0.00 sec. (0.27 ticks)
Version identifier: 22.1.0.0 | 2022-03-09 | 1a383f8ce
CPXPARAM_Threads                                 1
CPXPARAM_MIP_Strategy_VariableSelect             3
CPXPARAM_TimeLimit                               599.70945172100005
Found incumbent of value 0.000000 after 0.00 sec. (0.24 ticks)

Root node processing (before b&c):
  Real time             =    0.00 sec. (0.28 ticks)
Sequential b&c:
  Real time             =    0.00 sec. (0.00 ticks)
                          ------------
Total (root+branch&cut) =    0.00 sec. (0.28 ticks)
Version identifier: 22.1.0.0 | 2022-03-09 | 1a383f8ce
CPXPARAM_Threads                                 1
CPXPARAM_MIP_Strategy_VariableSelect             3
CPXPARAM_TimeLimit                               599.69865102300002
Found incumbent of value 0.000000 after 0.00 sec. (0.25 ticks)

Root node processing (before b&c):
  Real time             =    0.00 sec. (0.28 ticks)
Sequential b&c:
  Real time             =    0.00 sec. (0.00 ticks)
                          ------------
Total (root+branch&cut) =    0.00 sec. (0.28 ticks)
Version identifier: 22.1.0.0 | 2022-03-09 | 1a383f8ce
CPXPARAM_Threads                                 1
CPXPARAM_MIP_Strategy_VariableSelect             3
CPXPARAM_TimeLimit                               599.68781820000004
Found incumbent of value 0.000000 after 0.00 sec. (0.25 ticks)

Root node processing (before b&c):
  Real time             =    0.00 sec. (0.28 ticks)
Sequential b&c:
  Real time             =    0.00 sec. (0.00 ticks)
                          ------------
Total (root+branch&cut) =    0.00 sec. (0.28 ticks)
Version identifier: 22.1.0.0 | 2022-03-09 | 1a383f8ce
CPXPARAM_Threads                                 1
CPXPARAM_MIP_Strategy_VariableSelect             3
CPXPARAM_TimeLimit                               599.67687082899999
Found incumbent of value 0.000000 after 0.00 sec. (0.25 ticks)

Root node processing (before b&c):
  Real time             =    0.00 sec. (0.28 ticks)
Sequential b&c:
  Real time             =    0.00 sec. (0.00 ticks)
                          ------------
Total (root+branch&cut) =    0.00 sec. (0.28 ticks)
Version identifier: 22.1.0.0 | 2022-03-09 | 1a383f8ce
CPXPARAM_Threads                                 1
CPXPARAM_MIP_Strategy_VariableSelect             3
CPXPARAM_TimeLimit                               599.66595099699998
Found incumbent of value 0.000000 after 0.00 sec. (0.25 ticks)

Root node processing (before b&c):
  Real time             =    0.00 sec. (0.28 ticks)
Sequential b&c:
  Real time             =    0.00 sec. (0.00 ticks)
                          ------------
Total (root+branch&cut) =    0.00 sec. (0.28 ticks)
Version identifier: 22.1.0.0 | 2022-03-09 | 1a383f8ce
CPXPARAM_Threads                                 1
CPXPARAM_MIP_Strategy_VariableSelect             3
CPXPARAM_TimeLimit                               599.65491024100004
Found incumbent of value 0.000000 after 0.00 sec. (0.25 ticks)

Root node processing (before b&c):
  Real time             =    0.00 sec. (0.28 ticks)
Sequential b&c:
  Real time             =    0.00 sec. (0.00 ticks)
                          ------------
Total (root+branch&cut) =    0.00 sec. (0.28 ticks)
Version identifier: 22.1.0.0 | 2022-03-09 | 1a383f8ce
CPXPARAM_Threads                                 1
CPXPARAM_MIP_Strategy_VariableSelect             3
CPXPARAM_TimeLimit                               599.64382488399997
Found incumbent of value 0.000000 after 0.00 sec. (0.25 ticks)

Root node processing (before b&c):
  Real time             =    0.00 sec. (0.29 ticks)
Sequential b&c:
  Real time             =    0.00 sec. (0.00 ticks)
                          ------------
Total (root+branch&cut) =    0.00 sec. (0.29 ticks)
Version identifier: 22.1.0.0 | 2022-03-09 | 1a383f8ce
CPXPARAM_Threads                                 1
CPXPARAM_MIP_Strategy_VariableSelect             3
CPXPARAM_TimeLimit                               599.63268152099999
Found incumbent of value 0.000000 after 0.00 sec. (0.26 ticks)

Root node processing (before b&c):
  Real time             =    0.00 sec. (0.29 ticks)
Sequential b&c:
  Real time             =    0.00 sec. (0.00 ticks)
                          ------------
Total (root+branch&cut) =    0.00 sec. (0.29 ticks)
Version identifier: 22.1.0.0 | 2022-03-09 | 1a383f8ce
CPXPARAM_Threads                                 1
CPXPARAM_MIP_Strategy_VariableSelect             3
CPXPARAM_TimeLimit                               599.62144872500005
Found incumbent of value 0.000000 after 0.00 sec. (0.26 ticks)

Root node processing (before b&c):
  Real time             =    0.00 sec. (0.29 ticks)
Sequential b&c:
  Real time             =    0.00 sec. (0.00 ticks)
                          ------------
Total (root+branch&cut) =    0.00 sec. (0.29 ticks)
Version identifier: 22.1.0.0 | 2022-03-09 | 1a383f8ce
CPXPARAM_Threads                                 1
CPXPARAM_MIP_Strategy_VariableSelect             3
CPXPARAM_TimeLimit                               599.61025643400001
Found incumbent of value 0.000000 after 0.00 sec. (0.26 ticks)

Root node processing (before b&c):
  Real time             =    0.00 sec. (0.29 ticks)
Sequential b&c:
  Real time             =    0.00 sec. (0.00 ticks)
                          ------------
Total (root+branch&cut) =    0.00 sec. (0.29 ticks)
Version identifier: 22.1.0.0 | 2022-03-09 | 1a383f8ce
CPXPARAM_Threads                                 1
CPXPARAM_MIP_Strategy_VariableSelect             3
CPXPARAM_TimeLimit                               599.59882689799997
Found incumbent of value 0.000000 after 0.00 sec. (0.26 ticks)

Root node processing (before b&c):
  Real time             =    0.00 sec. (0.29 ticks)
Sequential b&c:
  Real time             =    0.00 sec. (0.00 ticks)
                          ------------
Total (root+branch&cut) =    0.00 sec. (0.29 ticks)
Version identifier: 22.1.0.0 | 2022-03-09 | 1a383f8ce
CPXPARAM_Threads                                 1
CPXPARAM_MIP_Strategy_VariableSelect             3
CPXPARAM_TimeLimit                               599.58742844599999
Found incumbent of value 0.000000 after 0.00 sec. (0.26 ticks)

Root node processing (before b&c):
  Real time             =    0.00 sec. (0.30 ticks)
Sequential b&c:
  Real time             =    0.00 sec. (0.00 ticks)
                          ------------
Total (root+branch&cut) =    0.00 sec. (0.30 ticks)
Version identifier: 22.1.0.0 | 2022-03-09 | 1a383f8ce
CPXPARAM_Threads                                 1
CPXPARAM_MIP_Strategy_VariableSelect             3
CPXPARAM_TimeLimit                               599.57589932300004
Found incumbent of value 0.000000 after 0.00 sec. (0.26 ticks)

Root node processing (before b&c):
  Real time             =    0.00 sec. (0.30 ticks)
Sequential b&c:
  Real time             =    0.00 sec. (0.00 ticks)
                          ------------
Total (root+branch&cut) =    0.00 sec. (0.30 ticks)
Version identifier: 22.1.0.0 | 2022-03-09 | 1a383f8ce
CPXPARAM_Threads                                 1
CPXPARAM_MIP_Strategy_VariableSelect             3
CPXPARAM_TimeLimit                               599.56429720200003
Found incumbent of value 0.000000 after 0.00 sec. (0.27 ticks)

Root node processing (before b&c):
  Real time             =    0.00 sec. (0.30 ticks)
Sequential b&c:
  Real time             =    0.00 sec. (0.00 ticks)
                          ------------
Total (root+branch&cut) =    0.00 sec. (0.30 ticks)
Version identifier: 22.1.0.0 | 2022-03-09 | 1a383f8ce
CPXPARAM_Threads                                 1
CPXPARAM_MIP_Strategy_VariableSelect             3
CPXPARAM_TimeLimit                               599.55263054199997
Found incumbent of value 0.000000 after 0.00 sec. (0.27 ticks)

Root node processing (before b&c):
  Real time             =    0.00 sec. (0.30 ticks)
Sequential b&c:
  Real time             =    0.00 sec. (0.00 ticks)
                          ------------
Total (root+branch&cut) =    0.00 sec. (0.30 ticks)
Version identifier: 22.1.0.0 | 2022-03-09 | 1a383f8ce
CPXPARAM_Threads                                 1
CPXPARAM_MIP_Strategy_VariableSelect             3
CPXPARAM_TimeLimit                               599.54071465599998
Found incumbent of value 0.000000 after 0.00 sec. (0.27 ticks)

Root node processing (before b&c):
  Real time             =    0.00 sec. (0.30 ticks)
Sequential b&c:
  Real time             =    0.00 sec. (0.00 ticks)
                          ------------
Total (root+branch&cut) =    0.00 sec. (0.30 ticks)
Version identifier: 22.1.0.0 | 2022-03-09 | 1a383f8ce
CPXPARAM_Threads                                 1
CPXPARAM_MIP_Strategy_VariableSelect             3
CPXPARAM_TimeLimit                               599.52887883799997
Found incumbent of value 0.000000 after 0.00 sec. (0.27 ticks)

Root node processing (before b&c):
  Real time             =    0.00 sec. (0.30 ticks)
Sequential b&c:
  Real time             =    0.00 sec. (0.00 ticks)
                          ------------
Total (root+branch&cut) =    0.00 sec. (0.30 ticks)
Version identifier: 22.1.0.0 | 2022-03-09 | 1a383f8ce
CPXPARAM_Threads                                 1
CPXPARAM_MIP_Strategy_VariableSelect             3
CPXPARAM_TimeLimit                               599.51689601700002
Found incumbent of value 0.000000 after 0.00 sec. (0.27 ticks)

Root node processing (before b&c):
  Real time             =    0.00 sec. (0.31 ticks)
Sequential b&c:
  Real time             =    0.00 sec. (0.00 ticks)
                          ------------
Total (root+branch&cut) =    0.00 sec. (0.31 ticks)
Version identifier: 22.1.0.0 | 2022-03-09 | 1a383f8ce
CPXPARAM_Threads                                 1
CPXPARAM_MIP_Strategy_VariableSelect             3
CPXPARAM_TimeLimit                               599.50489766600003
Found incumbent of value 0.000000 after 0.00 sec. (0.27 ticks)

Root node processing (before b&c):
  Real time             =    0.00 sec. (0.31 ticks)
Sequential b&c:
  Real time             =    0.00 sec. (0.00 ticks)
                          ------------
Total (root+branch&cut) =    0.00 sec. (0.31 ticks)
Version identifier: 22.1.0.0 | 2022-03-09 | 1a383f8ce
CPXPARAM_Threads                                 1
CPXPARAM_MIP_Strategy_VariableSelect             3
CPXPARAM_TimeLimit                               599.49281390600004
Found incumbent of value 0.000000 after 0.00 sec. (0.27 ticks)

Root node processing (before b&c):
  Real time             =    0.00 sec. (0.31 ticks)
Sequential b&c:
  Real time             =    0.00 sec. (0.00 ticks)
                          ------------
Total (root+branch&cut) =    0.00 sec. (0.31 ticks)
Version identifier: 22.1.0.0 | 2022-03-09 | 1a383f8ce
CPXPARAM_Threads                                 1
CPXPARAM_MIP_Strategy_VariableSelect             3
CPXPARAM_TimeLimit                               599.48081453199995
Found incumbent of value 0.000000 after 0.00 sec. (0.28 ticks)

Root node processing (before b&c):
  Real time             =    0.00 sec. (0.31 ticks)
Sequential b&c:
  Real time             =    0.00 sec. (0.00 ticks)
                          ------------
Total (root+branch&cut) =    0.00 sec. (0.31 ticks)
Version identifier: 22.1.0.0 | 2022-03-09 | 1a383f8ce
CPXPARAM_Threads                                 1
CPXPARAM_MIP_Strategy_VariableSelect             3
CPXPARAM_TimeLimit                               599.46874432100003
Found incumbent of value 0.000000 after 0.00 sec. (0.28 ticks)

Root node processing (before b&c):
  Real time             =    0.00 sec. (0.31 ticks)
Sequential b&c:
  Real time             =    0.00 sec. (0.00 ticks)
                          ------------
Total (root+branch&cut) =    0.00 sec. (0.31 ticks)
Version identifier: 22.1.0.0 | 2022-03-09 | 1a383f8ce
CPXPARAM_Threads                                 1
CPXPARAM_MIP_Strategy_VariableSelect             3
CPXPARAM_TimeLimit                               599.45644944000003
Found incumbent of value 0.000000 after 0.00 sec. (0.29 ticks)

Root node processing (before b&c):
  Real time             =    0.00 sec. (0.32 ticks)
Sequential b&c:
  Real time             =    0.00 sec. (0.00 ticks)
                          ------------
Total (root+branch&cut) =    0.00 sec. (0.32 ticks)
Version identifier: 22.1.0.0 | 2022-03-09 | 1a383f8ce
CPXPARAM_Threads                                 1
CPXPARAM_MIP_Strategy_VariableSelect             3
CPXPARAM_TimeLimit                               599.44399980699995
Found incumbent of value 0.000000 after 0.00 sec. (0.29 ticks)

Root node processing (before b&c):
  Real time             =    0.00 sec. (0.33 ticks)
Sequential b&c:
  Real time             =    0.00 sec. (0.00 ticks)
                          ------------
Total (root+branch&cut) =    0.00 sec. (0.33 ticks)
Version identifier: 22.1.0.0 | 2022-03-09 | 1a383f8ce
CPXPARAM_Threads                                 1
CPXPARAM_MIP_Strategy_VariableSelect             3
CPXPARAM_TimeLimit                               599.43153865399995
Found incumbent of value 0.000000 after 0.00 sec. (0.29 ticks)

Root node processing (before b&c):
  Real time             =    0.00 sec. (0.33 ticks)
Sequential b&c:
  Real time             =    0.00 sec. (0.00 ticks)
                          ------------
Total (root+branch&cut) =    0.00 sec. (0.33 ticks)
Version identifier: 22.1.0.0 | 2022-03-09 | 1a383f8ce
CPXPARAM_Threads                                 1
CPXPARAM_MIP_Strategy_VariableSelect             3
CPXPARAM_TimeLimit                               599.41895794499999
Tried aggregator 1 time.
MIP Presolve eliminated 186 rows and 342 columns.
MIP Presolve modified 1 coefficients.
Reduced MIP has 1023 rows, 1710 columns, and 15687 nonzeros.
Reduced MIP has 1710 binaries, 0 generals, 0 SOSs, and 0 indicators.
Presolve time = 0.01 sec. (11.08 ticks)
Probing time = 0.00 sec. (3.60 ticks)
Tried aggregator 1 time.
Detecting symmetries...
Reduced MIP has 1023 rows, 1710 columns, and 15687 nonzeros.
Reduced MIP has 1710 binaries, 0 generals, 0 SOSs, and 0 indicators.
Presolve time = 0.01 sec. (12.27 ticks)
Probing time = 0.00 sec. (3.60 ticks)
Clique table members: 678.
MIP emphasis: balance optimality and feasibility.
MIP search method: dynamic search.
Parallel mode: none, using 1 thread.
Root relaxation solution time = 0.01 sec. (13.03 ticks)

        Nodes                                         Cuts/
   Node  Left     Objective  IInf  Best Integer    Best Bound    ItCnt     Gap

      0     0        0.0000   112                      0.0000      372         
*     0+    0                            0.0000        0.0000             0.00%
      0     0        cutoff              0.0000        0.0000      372    0.00%
Elapsed time = 0.12 sec. (95.59 ticks, tree = 0.01 MB, solutions = 1)

Root node processing (before b&c):
  Real time             =    0.12 sec. (95.65 ticks)
Sequential b&c:
  Real time             =    0.00 sec. (0.00 ticks)
                          ------------
Total (root+branch&cut) =    0.12 sec. (95.65 ticks)
Version identifier: 22.1.0.0 | 2022-03-09 | 1a383f8ce
CPXPARAM_Threads                                 1
CPXPARAM_MIP_Strategy_VariableSelect             3
CPXPARAM_TimeLimit                               599.29113085500001
Tried aggregator 1 time.
MIP Presolve eliminated 187 rows and 344 columns.
MIP Presolve modified 1 coefficients.
Reduced MIP has 1029 rows, 1720 columns, and 15780 nonzeros.
Reduced MIP has 1720 binaries, 0 generals, 0 SOSs, and 0 indicators.
Presolve time = 0.01 sec. (11.16 ticks)
Probing time = 0.00 sec. (3.59 ticks)
Tried aggregator 1 time.
Detecting symmetries...
Reduced MIP has 1029 rows, 1720 columns, and 15780 nonzeros.
Reduced MIP has 1720 binaries, 0 generals, 0 SOSs, and 0 indicators.
Presolve time = 0.01 sec. (12.36 ticks)
Probing time = 0.00 sec. (3.59 ticks)
Clique table members: 682.
MIP emphasis: balance optimality and feasibility.
MIP search method: dynamic search.
Parallel mode: none, using 1 thread.
Root relaxation solution time = 0.01 sec. (10.72 ticks)

        Nodes                                         Cuts/
   Node  Left     Objective  IInf  Best Integer    Best Bound    ItCnt     Gap

      0     0        0.0000    64                      0.0000      331         
*     0+    0                            0.0000        0.0000             0.00%
      0     0        cutoff              0.0000        0.0000      331    0.00%
Elapsed time = 0.14 sec. (114.24 ticks, tree = 0.01 MB, solutions = 1)

Root node processing (before b&c):
  Real time             =    0.14 sec. (114.30 ticks)
Sequential b&c:
  Real time             =    0.00 sec. (0.00 ticks)
                          ------------
Total (root+branch&cut) =    0.14 sec. (114.30 ticks)
Version identifier: 22.1.0.0 | 2022-03-09 | 1a383f8ce
CPXPARAM_Threads                                 1
CPXPARAM_MIP_Strategy_VariableSelect             3
CPXPARAM_TimeLimit                               599.14253011899996
Tried aggregator 1 time.
MIP Presolve eliminated 188 rows and 346 columns.
MIP Presolve modified 1 coefficients.
Reduced MIP has 1035 rows, 1730 columns, and 15873 nonzeros.
Reduced MIP has 1730 binaries, 0 generals, 0 SOSs, and 0 indicators.
Presolve time = 0.01 sec. (11.23 ticks)
Probing time = 0.00 sec. (3.61 ticks)
Tried aggregator 1 time.
Detecting symmetries...
Reduced MIP has 1035 rows, 1730 columns, and 15873 nonzeros.
Reduced MIP has 1730 binaries, 0 generals, 0 SOSs, and 0 indicators.
Presolve time = 0.01 sec. (12.43 ticks)
Probing time = 0.00 sec. (3.61 ticks)
Clique table members: 686.
MIP emphasis: balance optimality and feasibility.
MIP search method: dynamic search.
Parallel mode: none, using 1 thread.
Root relaxation solution time = 0.01 sec. (12.82 ticks)

        Nodes                                         Cuts/
   Node  Left     Objective  IInf  Best Integer    Best Bound    ItCnt     Gap

      0     0        0.0000   186                      0.0000      385         
*     0+    0                            0.0000        0.0000             0.00%
      0     0        cutoff              0.0000        0.0000      385    0.00%
Elapsed time = 0.15 sec. (132.82 ticks, tree = 0.01 MB, solutions = 1)

Root node processing (before b&c):
  Real time             =    0.15 sec. (132.88 ticks)
Sequential b&c:
  Real time             =    0.00 sec. (0.00 ticks)
                          ------------
Total (root+branch&cut) =    0.15 sec. (132.88 ticks)
Version identifier: 22.1.0.0 | 2022-03-09 | 1a383f8ce
CPXPARAM_Threads                                 1
CPXPARAM_MIP_Strategy_VariableSelect             3
CPXPARAM_TimeLimit                               598.97675610500005
Tried aggregator 1 time.
MIP Presolve eliminated 189 rows and 348 columns.
MIP Presolve modified 1 coefficients.
Reduced MIP has 1041 rows, 1740 columns, and 15966 nonzeros.
Reduced MIP has 1740 binaries, 0 generals, 0 SOSs, and 0 indicators.
Presolve time = 0.01 sec. (11.30 ticks)
Probing time = 0.00 sec. (3.63 ticks)
Tried aggregator 1 time.
Detecting symmetries...
Reduced MIP has 1041 rows, 1740 columns, and 15966 nonzeros.
Reduced MIP has 1740 binaries, 0 generals, 0 SOSs, and 0 indicators.
Presolve time = 0.01 sec. (12.52 ticks)
Probing time = 0.00 sec. (3.63 ticks)
Clique table members: 690.
MIP emphasis: balance optimality and feasibility.
MIP search method: dynamic search.
Parallel mode: none, using 1 thread.
Root relaxation solution time = 0.01 sec. (12.08 ticks)

        Nodes                                         Cuts/
   Node  Left     Objective  IInf  Best Integer    Best Bound    ItCnt     Gap

      0     0        0.0000    89                      0.0000      390         
*     0+    0                            0.0000        0.0000             0.00%
      0     0        cutoff              0.0000        0.0000      390    0.00%
Elapsed time = 0.09 sec. (87.70 ticks, tree = 0.01 MB, solutions = 1)

Root node processing (before b&c):
  Real time             =    0.09 sec. (87.76 ticks)
Sequential b&c:
  Real time             =    0.00 sec. (0.00 ticks)
                          ------------
Total (root+branch&cut) =    0.09 sec. (87.76 ticks)
Version identifier: 22.1.0.0 | 2022-03-09 | 1a383f8ce
CPXPARAM_Threads                                 1
CPXPARAM_MIP_Strategy_VariableSelect             3
CPXPARAM_TimeLimit                               598.87097138399997
Tried aggregator 1 time.
MIP Presolve eliminated 190 rows and 350 columns.
MIP Presolve modified 1 coefficients.
Reduced MIP has 1047 rows, 1750 columns, and 16059 nonzeros.
Reduced MIP has 1750 binaries, 0 generals, 0 SOSs, and 0 indicators.
Presolve time = 0.01 sec. (11.37 ticks)
Probing time = 0.00 sec. (3.62 ticks)
Tried aggregator 1 time.
Detecting symmetries...
Reduced MIP has 1047 rows, 1750 columns, and 16059 nonzeros.
Reduced MIP has 1750 binaries, 0 generals, 0 SOSs, and 0 indicators.
Presolve time = 0.01 sec. (12.59 ticks)
Probing time = 0.00 sec. (3.62 ticks)
Clique table members: 694.
MIP emphasis: balance optimality and feasibility.
MIP search method: dynamic search.
Parallel mode: none, using 1 thread.
Root relaxation solution time = 0.01 sec. (12.51 ticks)

        Nodes                                         Cuts/
   Node  Left     Objective  IInf  Best Integer    Best Bound    ItCnt     Gap

      0     0        0.0000    89                      0.0000      386         
*     0+    0                            0.0000        0.0000             0.00%
      0     0        cutoff              0.0000        0.0000      386    0.00%
Elapsed time = 0.10 sec. (95.38 ticks, tree = 0.01 MB, solutions = 1)

Root node processing (before b&c):
  Real time             =    0.10 sec. (95.44 ticks)
Sequential b&c:
  Real time             =    0.00 sec. (0.00 ticks)
                          ------------
Total (root+branch&cut) =    0.10 sec. (95.44 ticks)
Version identifier: 22.1.0.0 | 2022-03-09 | 1a383f8ce
CPXPARAM_Threads                                 1
CPXPARAM_MIP_Strategy_VariableSelect             3
CPXPARAM_TimeLimit                               598.75475558100004
Tried aggregator 1 time.
MIP Presolve eliminated 191 rows and 352 columns.
MIP Presolve modified 1 coefficients.
Reduced MIP has 1053 rows, 1760 columns, and 16152 nonzeros.
Reduced MIP has 1760 binaries, 0 generals, 0 SOSs, and 0 indicators.
Presolve time = 0.01 sec. (11.45 ticks)
Probing time = 0.00 sec. (3.64 ticks)
Tried aggregator 1 time.
Detecting symmetries...
Reduced MIP has 1053 rows, 1760 columns, and 16152 nonzeros.
Reduced MIP has 1760 binaries, 0 generals, 0 SOSs, and 0 indicators.
Presolve time = 0.01 sec. (12.69 ticks)
Probing time = 0.00 sec. (3.64 ticks)
Clique table members: 698.
MIP emphasis: balance optimality and feasibility.
MIP search method: dynamic search.
Parallel mode: none, using 1 thread.
Root relaxation solution time = 0.02 sec. (14.84 ticks)

        Nodes                                         Cuts/
   Node  Left     Objective  IInf  Best Integer    Best Bound    ItCnt     Gap

      0     0        0.0000    95                      0.0000      434         
*     0+    0                            0.0000        0.0000             0.00%
      0     0        cutoff              0.0000        0.0000      434    0.00%
Elapsed time = 0.11 sec. (96.99 ticks, tree = 0.01 MB, solutions = 1)

Root node processing (before b&c):
  Real time             =    0.11 sec. (97.06 ticks)
Sequential b&c:
  Real time             =    0.00 sec. (0.00 ticks)
                          ------------
Total (root+branch&cut) =    0.11 sec. (97.06 ticks)
Version identifier: 22.1.0.0 | 2022-03-09 | 1a383f8ce
CPXPARAM_Threads                                 1
CPXPARAM_MIP_Strategy_VariableSelect             3
CPXPARAM_TimeLimit                               598.635485991
Tried aggregator 1 time.
MIP Presolve eliminated 192 rows and 354 columns.
MIP Presolve modified 1 coefficients.
Reduced MIP has 1059 rows, 1770 columns, and 16245 nonzeros.
Reduced MIP has 1770 binaries, 0 generals, 0 SOSs, and 0 indicators.
Presolve time = 0.01 sec. (11.52 ticks)
Probing time = 0.00 sec. (3.63 ticks)
Tried aggregator 1 time.
Detecting symmetries...
Reduced MIP has 1059 rows, 1770 columns, and 16245 nonzeros.
Reduced MIP has 1770 binaries, 0 generals, 0 SOSs, and 0 indicators.
Presolve time = 0.01 sec. (12.76 ticks)
Probing time = 0.00 sec. (3.63 ticks)
Clique table members: 702.
MIP emphasis: balance optimality and feasibility.
MIP search method: dynamic search.
Parallel mode: none, using 1 thread.
Root relaxation solution time = 0.02 sec. (16.59 ticks)

        Nodes                                         Cuts/
   Node  Left     Objective  IInf  Best Integer    Best Bound    ItCnt     Gap

      0     0        0.0000   192                      0.0000      450         
*     0+    0                            0.0000        0.0000             0.00%
      0     0        cutoff              0.0000        0.0000      450    0.00%
Elapsed time = 0.21 sec. (157.57 ticks, tree = 0.01 MB, solutions = 1)

Root node processing (before b&c):
  Real time             =    0.21 sec. (157.63 ticks)
Sequential b&c:
  Real time             =    0.00 sec. (0.00 ticks)
                          ------------
Total (root+branch&cut) =    0.21 sec. (157.63 ticks)
Version identifier: 22.1.0.0 | 2022-03-09 | 1a383f8ce
CPXPARAM_Threads                                 1
CPXPARAM_MIP_Strategy_VariableSelect             3
CPXPARAM_TimeLimit                               598.41527611200002
Tried aggregator 1 time.
MIP Presolve eliminated 193 rows and 356 columns.
MIP Presolve modified 1 coefficients.
Reduced MIP has 1065 rows, 1780 columns, and 16338 nonzeros.
Reduced MIP has 1780 binaries, 0 generals, 0 SOSs, and 0 indicators.
Presolve time = 0.01 sec. (11.59 ticks)
Probing time = 0.00 sec. (3.65 ticks)
Tried aggregator 1 time.
Detecting symmetries...
Reduced MIP has 1065 rows, 1780 columns, and 16338 nonzeros.
Reduced MIP has 1780 binaries, 0 generals, 0 SOSs, and 0 indicators.
Presolve time = 0.01 sec. (12.84 ticks)
Probing time = 0.00 sec. (3.65 ticks)
Clique table members: 706.
MIP emphasis: balance optimality and feasibility.
MIP search method: dynamic search.
Parallel mode: none, using 1 thread.
Root relaxation solution time = 0.02 sec. (17.07 ticks)

        Nodes                                         Cuts/
   Node  Left     Objective  IInf  Best Integer    Best Bound    ItCnt     Gap

      0     0        0.0000   193                      0.0000      475         
*     0+    0                            0.0000        0.0000             0.00%
      0     0        cutoff              0.0000        0.0000      475    0.00%
Elapsed time = 0.18 sec. (139.39 ticks, tree = 0.01 MB, solutions = 1)

Root node processing (before b&c):
  Real time             =    0.18 sec. (139.46 ticks)
Sequential b&c:
  Real time             =    0.00 sec. (0.00 ticks)
                          ------------
Total (root+branch&cut) =    0.18 sec. (139.46 ticks)
Version identifier: 22.1.0.0 | 2022-03-09 | 1a383f8ce
CPXPARAM_Threads                                 1
CPXPARAM_MIP_Strategy_VariableSelect             3
CPXPARAM_TimeLimit                               598.22796875300003
Tried aggregator 1 time.
MIP Presolve eliminated 194 rows and 358 columns.
MIP Presolve modified 1 coefficients.
Reduced MIP has 1071 rows, 1790 columns, and 16431 nonzeros.
Reduced MIP has 1790 binaries, 0 generals, 0 SOSs, and 0 indicators.
Presolve time = 0.01 sec. (11.68 ticks)
Probing time = 0.00 sec. (3.66 ticks)
Tried aggregator 1 time.
Detecting symmetries...
Reduced MIP has 1071 rows, 1790 columns, and 16431 nonzeros.
Reduced MIP has 1790 binaries, 0 generals, 0 SOSs, and 0 indicators.
Presolve time = 0.01 sec. (12.94 ticks)
Probing time = 0.00 sec. (3.66 ticks)
Clique table members: 710.
MIP emphasis: balance optimality and feasibility.
MIP search method: dynamic search.
Parallel mode: none, using 1 thread.
Root relaxation solution time = 0.01 sec. (13.74 ticks)

        Nodes                                         Cuts/
   Node  Left     Objective  IInf  Best Integer    Best Bound    ItCnt     Gap

      0     0        0.0000   150                      0.0000      402         
*     0+    0                            0.0000        0.0000             0.00%
      0     0        cutoff              0.0000        0.0000      402    0.00%
Elapsed time = 0.14 sec. (122.86 ticks, tree = 0.01 MB, solutions = 1)

Root node processing (before b&c):
  Real time             =    0.14 sec. (122.92 ticks)
Sequential b&c:
  Real time             =    0.00 sec. (0.00 ticks)
                          ------------
Total (root+branch&cut) =    0.14 sec. (122.92 ticks)
Version identifier: 22.1.0.0 | 2022-03-09 | 1a383f8ce
CPXPARAM_Threads                                 1
CPXPARAM_MIP_Strategy_VariableSelect             3
CPXPARAM_TimeLimit                               598.07650003200001
Tried aggregator 1 time.
MIP Presolve eliminated 195 rows and 360 columns.
MIP Presolve modified 1 coefficients.
Reduced MIP has 1077 rows, 1800 columns, and 16524 nonzeros.
Reduced MIP has 1800 binaries, 0 generals, 0 SOSs, and 0 indicators.
Presolve time = 0.01 sec. (11.75 ticks)
Probing time = 0.00 sec. (3.66 ticks)
Tried aggregator 1 time.
Detecting symmetries...
Reduced MIP has 1077 rows, 1800 columns, and 16524 nonzeros.
Reduced MIP has 1800 binaries, 0 generals, 0 SOSs, and 0 indicators.
Presolve time = 0.01 sec. (13.01 ticks)
Probing time = 0.00 sec. (3.66 ticks)
Clique table members: 714.
MIP emphasis: balance optimality and feasibility.
MIP search method: dynamic search.
Parallel mode: none, using 1 thread.
Root relaxation solution time = 0.02 sec. (15.64 ticks)

        Nodes                                         Cuts/
   Node  Left     Objective  IInf  Best Integer    Best Bound    ItCnt     Gap

      0     0        0.0000   208                      0.0000      451         
*     0+    0                            0.0000        0.0000             0.00%
      0     0        cutoff              0.0000        0.0000      451    0.00%
Elapsed time = 0.15 sec. (126.16 ticks, tree = 0.01 MB, solutions = 1)

Root node processing (before b&c):
  Real time             =    0.15 sec. (126.22 ticks)
Sequential b&c:
  Real time             =    0.00 sec. (0.00 ticks)
                          ------------
Total (root+branch&cut) =    0.15 sec. (126.22 ticks)
Version identifier: 22.1.0.0 | 2022-03-09 | 1a383f8ce
CPXPARAM_Threads                                 1
CPXPARAM_MIP_Strategy_VariableSelect             3
CPXPARAM_TimeLimit                               597.91674610999996
Tried aggregator 1 time.
MIP Presolve eliminated 196 rows and 362 columns.
MIP Presolve modified 1 coefficients.
Reduced MIP has 1083 rows, 1810 columns, and 16617 nonzeros.
Reduced MIP has 1810 binaries, 0 generals, 0 SOSs, and 0 indicators.
Presolve time = 0.01 sec. (11.82 ticks)
Probing time = 0.00 sec. (3.67 ticks)
Tried aggregator 1 time.
Detecting symmetries...
Reduced MIP has 1083 rows, 1810 columns, and 16617 nonzeros.
Reduced MIP has 1810 binaries, 0 generals, 0 SOSs, and 0 indicators.
Presolve time = 0.01 sec. (13.09 ticks)
Probing time = 0.00 sec. (3.67 ticks)
Clique table members: 718.
MIP emphasis: balance optimality and feasibility.
MIP search method: dynamic search.
Parallel mode: none, using 1 thread.
Root relaxation solution time = 0.02 sec. (16.72 ticks)

        Nodes                                         Cuts/
   Node  Left     Objective  IInf  Best Integer    Best Bound    ItCnt     Gap

      0     0        0.0000    97                      0.0000      434         
*     0+    0                            0.0000        0.0000             0.00%
      0     0        cutoff              0.0000        0.0000      434    0.00%
Elapsed time = 0.15 sec. (134.94 ticks, tree = 0.01 MB, solutions = 1)

Root node processing (before b&c):
  Real time             =    0.15 sec. (135.01 ticks)
Sequential b&c:
  Real time             =    0.00 sec. (0.00 ticks)
                          ------------
Total (root+branch&cut) =    0.15 sec. (135.01 ticks)
Version identifier: 22.1.0.0 | 2022-03-09 | 1a383f8ce
CPXPARAM_Threads                                 1
CPXPARAM_MIP_Strategy_VariableSelect             3
CPXPARAM_TimeLimit                               597.75424891499995
Tried aggregator 1 time.
MIP Presolve eliminated 197 rows and 364 columns.
MIP Presolve modified 1 coefficients.
Reduced MIP has 1089 rows, 1820 columns, and 16710 nonzeros.
Reduced MIP has 1820 binaries, 0 generals, 0 SOSs, and 0 indicators.
Presolve time = 0.01 sec. (11.90 ticks)
Probing time = 0.00 sec. (3.69 ticks)
Tried aggregator 1 time.
Detecting symmetries...
Reduced MIP has 1089 rows, 1820 columns, and 16710 nonzeros.
Reduced MIP has 1820 binaries, 0 generals, 0 SOSs, and 0 indicators.
Presolve time = 0.01 sec. (13.18 ticks)
Probing time = 0.00 sec. (3.69 ticks)
Clique table members: 722.
MIP emphasis: balance optimality and feasibility.
MIP search method: dynamic search.
Parallel mode: none, using 1 thread.
Root relaxation solution time = 0.02 sec. (15.57 ticks)

        Nodes                                         Cuts/
   Node  Left     Objective  IInf  Best Integer    Best Bound    ItCnt     Gap

      0     0        0.0000   211                      0.0000      442         
*     0+    0                            0.0000        0.0000             0.00%
      0     0        cutoff              0.0000        0.0000      442    0.00%
Elapsed time = 0.18 sec. (147.00 ticks, tree = 0.01 MB, solutions = 1)

Root node processing (before b&c):
  Real time             =    0.18 sec. (147.07 ticks)
Sequential b&c:
  Real time             =    0.00 sec. (0.00 ticks)
                          ------------
Total (root+branch&cut) =    0.18 sec. (147.07 ticks)
Version identifier: 22.1.0.0 | 2022-03-09 | 1a383f8ce
CPXPARAM_Threads                                 1
CPXPARAM_MIP_Strategy_VariableSelect             3
CPXPARAM_TimeLimit                               597.56166392600005
Tried aggregator 1 time.
MIP Presolve eliminated 198 rows and 366 columns.
MIP Presolve modified 1 coefficients.
Reduced MIP has 1095 rows, 1830 columns, and 16803 nonzeros.
Reduced MIP has 1830 binaries, 0 generals, 0 SOSs, and 0 indicators.
Presolve time = 0.01 sec. (11.98 ticks)
Probing time = 0.00 sec. (3.68 ticks)
Tried aggregator 1 time.
Detecting symmetries...
Reduced MIP has 1095 rows, 1830 columns, and 16803 nonzeros.
Reduced MIP has 1830 binaries, 0 generals, 0 SOSs, and 0 indicators.
Presolve time = 0.01 sec. (13.26 ticks)
Probing time = 0.00 sec. (3.68 ticks)
Clique table members: 726.
MIP emphasis: balance optimality and feasibility.
MIP search method: dynamic search.
Parallel mode: none, using 1 thread.
Root relaxation solution time = 0.02 sec. (17.14 ticks)

        Nodes                                         Cuts/
   Node  Left     Objective  IInf  Best Integer    Best Bound    ItCnt     Gap

      0     0        0.0000   100                      0.0000      490         
*     0+    0                            0.0000        0.0000             0.00%
      0     0        cutoff              0.0000        0.0000      490    0.00%
Elapsed time = 0.13 sec. (117.31 ticks, tree = 0.01 MB, solutions = 1)

Root node processing (before b&c):
  Real time             =    0.13 sec. (117.37 ticks)
Sequential b&c:
  Real time             =    0.00 sec. (0.00 ticks)
                          ------------
Total (root+branch&cut) =    0.13 sec. (117.37 ticks)
Version identifier: 22.1.0.0 | 2022-03-09 | 1a383f8ce
CPXPARAM_Threads                                 1
CPXPARAM_MIP_Strategy_VariableSelect             3
CPXPARAM_TimeLimit                               597.41960718799999
Tried aggregator 1 time.
MIP Presolve eliminated 199 rows and 368 columns.
MIP Presolve modified 1 coefficients.
Reduced MIP has 1101 rows, 1840 columns, and 16896 nonzeros.
Reduced MIP has 1840 binaries, 0 generals, 0 SOSs, and 0 indicators.
Presolve time = 0.01 sec. (12.04 ticks)
Probing time = 0.00 sec. (3.70 ticks)
Tried aggregator 1 time.
Detecting symmetries...
Reduced MIP has 1101 rows, 1840 columns, and 16896 nonzeros.
Reduced MIP has 1840 binaries, 0 generals, 0 SOSs, and 0 indicators.
Presolve time = 0.01 sec. (13.34 ticks)
Probing time = 0.00 sec. (3.70 ticks)
Clique table members: 730.
MIP emphasis: balance optimality and feasibility.
MIP search method: dynamic search.
Parallel mode: none, using 1 thread.
Root relaxation solution time = 0.02 sec. (22.72 ticks)

        Nodes                                         Cuts/
   Node  Left     Objective  IInf  Best Integer    Best Bound    ItCnt     Gap

      0     0        0.0000   282                      0.0000      545         
*     0+    0                            0.0000        0.0000             0.00%
      0     0        cutoff              0.0000        0.0000      545    0.00%
Elapsed time = 0.18 sec. (150.31 ticks, tree = 0.01 MB, solutions = 1)

Root node processing (before b&c):
  Real time             =    0.18 sec. (150.38 ticks)
Sequential b&c:
  Real time             =    0.00 sec. (0.00 ticks)
                          ------------
Total (root+branch&cut) =    0.18 sec. (150.38 ticks)
Version identifier: 22.1.0.0 | 2022-03-09 | 1a383f8ce
CPXPARAM_Threads                                 1
CPXPARAM_MIP_Strategy_VariableSelect             3
CPXPARAM_TimeLimit                               597.22890471699998
Tried aggregator 1 time.
MIP Presolve eliminated 200 rows and 370 columns.
MIP Presolve modified 1 coefficients.
Reduced MIP has 1107 rows, 1850 columns, and 16989 nonzeros.
Reduced MIP has 1850 binaries, 0 generals, 0 SOSs, and 0 indicators.
Presolve time = 0.01 sec. (12.12 ticks)
Probing time = 0.00 sec. (3.69 ticks)
Tried aggregator 1 time.
Detecting symmetries...
Reduced MIP has 1107 rows, 1850 columns, and 16989 nonzeros.
Reduced MIP has 1850 binaries, 0 generals, 0 SOSs, and 0 indicators.
Presolve time = 0.01 sec. (13.42 ticks)
Probing time = 0.00 sec. (3.69 ticks)
Clique table members: 734.
MIP emphasis: balance optimality and feasibility.
MIP search method: dynamic search.
Parallel mode: none, using 1 thread.
Root relaxation solution time = 0.02 sec. (15.17 ticks)

        Nodes                                         Cuts/
   Node  Left     Objective  IInf  Best Integer    Best Bound    ItCnt     Gap

      0     0        0.0000    97                      0.0000      444         
*     0+    0                            0.0000        0.0000             0.00%
      0     0        cutoff              0.0000        0.0000      444    0.00%
Elapsed time = 0.13 sec. (116.52 ticks, tree = 0.01 MB, solutions = 1)

Root node processing (before b&c):
  Real time             =    0.13 sec. (116.59 ticks)
Sequential b&c:
  Real time             =    0.00 sec. (0.00 ticks)
                          ------------
Total (root+branch&cut) =    0.13 sec. (116.59 ticks)
Version identifier: 22.1.0.0 | 2022-03-09 | 1a383f8ce
CPXPARAM_Threads                                 1
CPXPARAM_MIP_Strategy_VariableSelect             3
CPXPARAM_TimeLimit                               597.08448236300001
Tried aggregator 1 time.
MIP Presolve eliminated 201 rows and 372 columns.
MIP Presolve modified 1 coefficients.
Reduced MIP has 1113 rows, 1860 columns, and 17082 nonzeros.
Reduced MIP has 1860 binaries, 0 generals, 0 SOSs, and 0 indicators.
Presolve time = 0.01 sec. (12.20 ticks)
Probing time = 0.00 sec. (3.70 ticks)
Tried aggregator 1 time.
Detecting symmetries...
Reduced MIP has 1113 rows, 1860 columns, and 17082 nonzeros.
Reduced MIP has 1860 binaries, 0 generals, 0 SOSs, and 0 indicators.
Presolve time = 0.01 sec. (13.51 ticks)
Probing time = 0.00 sec. (3.70 ticks)
Clique table members: 738.
MIP emphasis: balance optimality and feasibility.
MIP search method: dynamic search.
Parallel mode: none, using 1 thread.
Root relaxation solution time = 0.02 sec. (21.37 ticks)

        Nodes                                         Cuts/
   Node  Left     Objective  IInf  Best Integer    Best Bound    ItCnt     Gap

      0     0        0.0000   194                      0.0000      546         
*     0+    0                            0.0000        0.0000             0.00%
      0     0        cutoff              0.0000        0.0000      546    0.00%
Elapsed time = 0.16 sec. (136.66 ticks, tree = 0.01 MB, solutions = 1)

Root node processing (before b&c):
  Real time             =    0.16 sec. (136.73 ticks)
Sequential b&c:
  Real time             =    0.00 sec. (0.00 ticks)
                          ------------
Total (root+branch&cut) =    0.16 sec. (136.73 ticks)
Version identifier: 22.1.0.0 | 2022-03-09 | 1a383f8ce
CPXPARAM_Threads                                 1
CPXPARAM_MIP_Strategy_VariableSelect             3
CPXPARAM_TimeLimit                               596.91593353500002
Tried aggregator 1 time.
MIP Presolve eliminated 202 rows and 374 columns.
MIP Presolve modified 1 coefficients.
Reduced MIP has 1119 rows, 1870 columns, and 17175 nonzeros.
Reduced MIP has 1870 binaries, 0 generals, 0 SOSs, and 0 indicators.
Presolve time = 0.01 sec. (12.27 ticks)
Probing time = 0.00 sec. (3.72 ticks)
Tried aggregator 1 time.
Detecting symmetries...
Reduced MIP has 1119 rows, 1870 columns, and 17175 nonzeros.
Reduced MIP has 1870 binaries, 0 generals, 0 SOSs, and 0 indicators.
Presolve time = 0.01 sec. (13.59 ticks)
Probing time = 0.00 sec. (3.72 ticks)
Clique table members: 742.
MIP emphasis: balance optimality and feasibility.
MIP search method: dynamic search.
Parallel mode: none, using 1 thread.
Root relaxation solution time = 0.02 sec. (19.86 ticks)

        Nodes                                         Cuts/
   Node  Left     Objective  IInf  Best Integer    Best Bound    ItCnt     Gap

      0     0        0.0000   149                      0.0000      520         
*     0+    0                            0.0000        0.0000             0.00%
      0     0        cutoff              0.0000        0.0000      520    0.00%
Elapsed time = 0.17 sec. (147.82 ticks, tree = 0.01 MB, solutions = 1)

Root node processing (before b&c):
  Real time             =    0.17 sec. (147.89 ticks)
Sequential b&c:
  Real time             =    0.00 sec. (0.00 ticks)
                          ------------
Total (root+branch&cut) =    0.17 sec. (147.89 ticks)
Version identifier: 22.1.0.0 | 2022-03-09 | 1a383f8ce
CPXPARAM_Threads                                 1
CPXPARAM_MIP_Strategy_VariableSelect             3
CPXPARAM_TimeLimit                               596.73179617100004
Tried aggregator 1 time.
MIP Presolve eliminated 203 rows and 376 columns.
MIP Presolve modified 1 coefficients.
Reduced MIP has 1125 rows, 1880 columns, and 17268 nonzeros.
Reduced MIP has 1880 binaries, 0 generals, 0 SOSs, and 0 indicators.
Presolve time = 0.01 sec. (12.35 ticks)
Probing time = 0.00 sec. (3.71 ticks)
Tried aggregator 1 time.
Detecting symmetries...
Reduced MIP has 1125 rows, 1880 columns, and 17268 nonzeros.
Reduced MIP has 1880 binaries, 0 generals, 0 SOSs, and 0 indicators.
Presolve time = 0.01 sec. (13.68 ticks)
Probing time = 0.00 sec. (3.71 ticks)
Clique table members: 746.
MIP emphasis: balance optimality and feasibility.
MIP search method: dynamic search.
Parallel mode: none, using 1 thread.
Root relaxation solution time = 0.02 sec. (20.55 ticks)

        Nodes                                         Cuts/
   Node  Left     Objective  IInf  Best Integer    Best Bound    ItCnt     Gap

      0     0        0.0000   232                      0.0000      542         
*     0+    0                            0.0000        0.0000             0.00%
      0     0        cutoff              0.0000        0.0000      542    0.00%
Elapsed time = 0.20 sec. (159.39 ticks, tree = 0.01 MB, solutions = 1)

Root node processing (before b&c):
  Real time             =    0.20 sec. (159.46 ticks)
Sequential b&c:
  Real time             =    0.00 sec. (0.00 ticks)
                          ------------
Total (root+branch&cut) =    0.20 sec. (159.46 ticks)
Version identifier: 22.1.0.0 | 2022-03-09 | 1a383f8ce
CPXPARAM_Threads                                 1
CPXPARAM_MIP_Strategy_VariableSelect             3
CPXPARAM_TimeLimit                               596.51644082200005
Tried aggregator 1 time.
MIP Presolve eliminated 204 rows and 378 columns.
MIP Presolve modified 1 coefficients.
Reduced MIP has 1131 rows, 1890 columns, and 17361 nonzeros.
Reduced MIP has 1890 binaries, 0 generals, 0 SOSs, and 0 indicators.
Presolve time = 0.01 sec. (12.43 ticks)
Probing time = 0.00 sec. (3.73 ticks)
Tried aggregator 1 time.
Detecting symmetries...
Reduced MIP has 1131 rows, 1890 columns, and 17361 nonzeros.
Reduced MIP has 1890 binaries, 0 generals, 0 SOSs, and 0 indicators.
Presolve time = 0.01 sec. (13.76 ticks)
Probing time = 0.00 sec. (3.73 ticks)
Clique table members: 750.
MIP emphasis: balance optimality and feasibility.
MIP search method: dynamic search.
Parallel mode: none, using 1 thread.
Root relaxation solution time = 0.02 sec. (18.30 ticks)

        Nodes                                         Cuts/
   Node  Left     Objective  IInf  Best Integer    Best Bound    ItCnt     Gap

      0     0        0.0000   183                      0.0000      514         
*     0+    0                            0.0000        0.0000             0.00%
      0     0        cutoff              0.0000        0.0000      514    0.00%
Elapsed time = 0.19 sec. (156.68 ticks, tree = 0.01 MB, solutions = 1)

Root node processing (before b&c):
  Real time             =    0.19 sec. (156.75 ticks)
Sequential b&c:
  Real time             =    0.00 sec. (0.00 ticks)
                          ------------
Total (root+branch&cut) =    0.19 sec. (156.75 ticks)
Version identifier: 22.1.0.0 | 2022-03-09 | 1a383f8ce
CPXPARAM_Threads                                 1
CPXPARAM_MIP_Strategy_VariableSelect             3
CPXPARAM_TimeLimit                               596.31040235700004
Tried aggregator 1 time.
MIP Presolve eliminated 205 rows and 380 columns.
MIP Presolve modified 1 coefficients.
Reduced MIP has 1137 rows, 1900 columns, and 17454 nonzeros.
Reduced MIP has 1900 binaries, 0 generals, 0 SOSs, and 0 indicators.
Presolve time = 0.01 sec. (12.50 ticks)
Probing time = 0.00 sec. (3.74 ticks)
Tried aggregator 1 time.
Detecting symmetries...
Reduced MIP has 1137 rows, 1900 columns, and 17454 nonzeros.
Reduced MIP has 1900 binaries, 0 generals, 0 SOSs, and 0 indicators.
Presolve time = 0.01 sec. (13.84 ticks)
Probing time = 0.00 sec. (3.74 ticks)
Clique table members: 754.
MIP emphasis: balance optimality and feasibility.
MIP search method: dynamic search.
Parallel mode: none, using 1 thread.
Root relaxation solution time = 0.02 sec. (16.90 ticks)

        Nodes                                         Cuts/
   Node  Left     Objective  IInf  Best Integer    Best Bound    ItCnt     Gap

      0     0        0.0000   248                      0.0000      494         
*     0+    0                            0.0000        0.0000             0.00%
      0     0        cutoff              0.0000        0.0000      494    0.00%
Elapsed time = 0.20 sec. (159.03 ticks, tree = 0.01 MB, solutions = 1)

Root node processing (before b&c):
  Real time             =    0.20 sec. (159.10 ticks)
Sequential b&c:
  Real time             =    0.00 sec. (0.00 ticks)
                          ------------
Total (root+branch&cut) =    0.20 sec. (159.10 ticks)
Version identifier: 22.1.0.0 | 2022-03-09 | 1a383f8ce
CPXPARAM_Threads                                 1
CPXPARAM_MIP_Strategy_VariableSelect             3
CPXPARAM_TimeLimit                               596.10068852500001
Tried aggregator 1 time.
MIP Presolve eliminated 206 rows and 382 columns.
MIP Presolve modified 1 coefficients.
Reduced MIP has 1143 rows, 1910 columns, and 17547 nonzeros.
Reduced MIP has 1910 binaries, 0 generals, 0 SOSs, and 0 indicators.
Presolve time = 0.01 sec. (12.58 ticks)
Probing time = 0.00 sec. (3.73 ticks)
Tried aggregator 1 time.
Detecting symmetries...
Reduced MIP has 1143 rows, 1910 columns, and 17547 nonzeros.
Reduced MIP has 1910 binaries, 0 generals, 0 SOSs, and 0 indicators.
Presolve time = 0.01 sec. (13.93 ticks)
Probing time = 0.00 sec. (3.73 ticks)
Clique table members: 758.
MIP emphasis: balance optimality and feasibility.
MIP search method: dynamic search.
Parallel mode: none, using 1 thread.
Root relaxation solution time = 0.02 sec. (20.34 ticks)

        Nodes                                         Cuts/
   Node  Left     Objective  IInf  Best Integer    Best Bound    ItCnt     Gap

      0     0        0.0000   237                      0.0000      522         
*     0+    0                            0.0000        0.0000             0.00%
      0     0        cutoff              0.0000        0.0000      522    0.00%
Elapsed time = 0.21 sec. (169.64 ticks, tree = 0.01 MB, solutions = 1)

Root node processing (before b&c):
  Real time             =    0.21 sec. (169.71 ticks)
Sequential b&c:
  Real time             =    0.00 sec. (0.00 ticks)
                          ------------
Total (root+branch&cut) =    0.21 sec. (169.71 ticks)
Version identifier: 22.1.0.0 | 2022-03-09 | 1a383f8ce
CPXPARAM_Threads                                 1
CPXPARAM_MIP_Strategy_VariableSelect             3
CPXPARAM_TimeLimit                               595.87599911899997
Tried aggregator 1 time.
MIP Presolve eliminated 207 rows and 384 columns.
MIP Presolve modified 1 coefficients.
Reduced MIP has 1149 rows, 1920 columns, and 17640 nonzeros.
Reduced MIP has 1920 binaries, 0 generals, 0 SOSs, and 0 indicators.
Presolve time = 0.01 sec. (12.65 ticks)
Probing time = 0.00 sec. (3.75 ticks)
Tried aggregator 1 time.
Detecting symmetries...
Reduced MIP has 1149 rows, 1920 columns, and 17640 nonzeros.
Reduced MIP has 1920 binaries, 0 generals, 0 SOSs, and 0 indicators.
Presolve time = 0.01 sec. (14.02 ticks)
Probing time = 0.00 sec. (3.75 ticks)
Clique table members: 762.
MIP emphasis: balance optimality and feasibility.
MIP search method: dynamic search.
Parallel mode: none, using 1 thread.
Root relaxation solution time = 0.02 sec. (18.22 ticks)

        Nodes                                         Cuts/
   Node  Left     Objective  IInf  Best Integer    Best Bound    ItCnt     Gap

      0     0        0.0000   174                      0.0000      539         
*     0+    0                            0.0000        0.0000             0.00%
      0     0        cutoff              0.0000        0.0000      539    0.00%
Elapsed time = 0.18 sec. (145.74 ticks, tree = 0.01 MB, solutions = 1)

Root node processing (before b&c):
  Real time             =    0.18 sec. (145.81 ticks)
Sequential b&c:
  Real time             =    0.00 sec. (0.00 ticks)
                          ------------
Total (root+branch&cut) =    0.18 sec. (145.81 ticks)
Version identifier: 22.1.0.0 | 2022-03-09 | 1a383f8ce
CPXPARAM_Threads                                 1
CPXPARAM_MIP_Strategy_VariableSelect             3
CPXPARAM_TimeLimit                               595.68724725699997
Tried aggregator 1 time.
MIP Presolve eliminated 208 rows and 386 columns.
MIP Presolve modified 1 coefficients.
Reduced MIP has 1155 rows, 1930 columns, and 17733 nonzeros.
Reduced MIP has 1930 binaries, 0 generals, 0 SOSs, and 0 indicators.
Presolve time = 0.01 sec. (12.73 ticks)
Probing time = 0.00 sec. (3.76 ticks)
Tried aggregator 1 time.
Detecting symmetries...
Reduced MIP has 1155 rows, 1930 columns, and 17733 nonzeros.
Reduced MIP has 1930 binaries, 0 generals, 0 SOSs, and 0 indicators.
Presolve time = 0.01 sec. (14.09 ticks)
Probing time = 0.00 sec. (3.76 ticks)
Clique table members: 766.
MIP emphasis: balance optimality and feasibility.
MIP search method: dynamic search.
Parallel mode: none, using 1 thread.
Root relaxation solution time = 0.02 sec. (21.04 ticks)

        Nodes                                         Cuts/
   Node  Left     Objective  IInf  Best Integer    Best Bound    ItCnt     Gap

      0     0        0.0000   235                      0.0000      534         
*     0+    0                            0.0000        0.0000             0.00%
      0     0        cutoff              0.0000        0.0000      534    0.00%
Elapsed time = 0.26 sec. (185.43 ticks, tree = 0.01 MB, solutions = 1)

Root node processing (before b&c):
  Real time             =    0.26 sec. (185.51 ticks)
Sequential b&c:
  Real time             =    0.00 sec. (0.00 ticks)
                          ------------
Total (root+branch&cut) =    0.26 sec. (185.51 ticks)
Version identifier: 22.1.0.0 | 2022-03-09 | 1a383f8ce
CPXPARAM_Threads                                 1
CPXPARAM_MIP_Strategy_VariableSelect             3
CPXPARAM_TimeLimit                               595.41766640399999
Tried aggregator 1 time.
MIP Presolve eliminated 209 rows and 388 columns.
MIP Presolve modified 1 coefficients.
Reduced MIP has 1161 rows, 1940 columns, and 17826 nonzeros.
Reduced MIP has 1940 binaries, 0 generals, 0 SOSs, and 0 indicators.
Presolve time = 0.01 sec. (12.80 ticks)
Probing time = 0.00 sec. (3.76 ticks)
Tried aggregator 1 time.
Detecting symmetries...
Reduced MIP has 1161 rows, 1940 columns, and 17826 nonzeros.
Reduced MIP has 1940 binaries, 0 generals, 0 SOSs, and 0 indicators.
Presolve time = 0.01 sec. (14.18 ticks)
Probing time = 0.00 sec. (3.76 ticks)
Clique table members: 770.
MIP emphasis: balance optimality and feasibility.
MIP search method: dynamic search.
Parallel mode: none, using 1 thread.
Root relaxation solution time = 0.02 sec. (19.40 ticks)

        Nodes                                         Cuts/
   Node  Left     Objective  IInf  Best Integer    Best Bound    ItCnt     Gap

      0     0        0.0000   207                      0.0000      501         
*     0+    0                            0.0000        0.0000             0.00%
      0     0        cutoff              0.0000        0.0000      501    0.00%
Elapsed time = 0.22 sec. (169.60 ticks, tree = 0.01 MB, solutions = 1)

Root node processing (before b&c):
  Real time             =    0.22 sec. (169.67 ticks)
Sequential b&c:
  Real time             =    0.00 sec. (0.00 ticks)
                          ------------
Total (root+branch&cut) =    0.22 sec. (169.67 ticks)
Version identifier: 22.1.0.0 | 2022-03-09 | 1a383f8ce
CPXPARAM_Threads                                 1
CPXPARAM_MIP_Strategy_VariableSelect             3
CPXPARAM_TimeLimit                               595.18470993699998
Tried aggregator 1 time.
MIP Presolve eliminated 210 rows and 390 columns.
MIP Presolve modified 1 coefficients.
Reduced MIP has 1167 rows, 1950 columns, and 17919 nonzeros.
Reduced MIP has 1950 binaries, 0 generals, 0 SOSs, and 0 indicators.
Presolve time = 0.01 sec. (12.88 ticks)
Probing time = 0.00 sec. (3.77 ticks)
Tried aggregator 1 time.
Detecting symmetries...
Reduced MIP has 1167 rows, 1950 columns, and 17919 nonzeros.
Reduced MIP has 1950 binaries, 0 generals, 0 SOSs, and 0 indicators.
Presolve time = 0.01 sec. (14.26 ticks)
Probing time = 0.00 sec. (3.77 ticks)
Clique table members: 774.
MIP emphasis: balance optimality and feasibility.
MIP search method: dynamic search.
Parallel mode: none, using 1 thread.
Root relaxation solution time = 0.02 sec. (19.40 ticks)

        Nodes                                         Cuts/
   Node  Left     Objective  IInf  Best Integer    Best Bound    ItCnt     Gap

      0     0        0.0000   184                      0.0000      502         
*     0+    0                            0.0000        0.0000             0.00%
      0     0        cutoff              0.0000        0.0000      502    0.00%
Elapsed time = 0.22 sec. (164.59 ticks, tree = 0.01 MB, solutions = 1)

Root node processing (before b&c):
  Real time             =    0.22 sec. (164.66 ticks)
Sequential b&c:
  Real time             =    0.00 sec. (0.00 ticks)
                          ------------
Total (root+branch&cut) =    0.22 sec. (164.66 ticks)
Version identifier: 22.1.0.0 | 2022-03-09 | 1a383f8ce
CPXPARAM_Threads                                 1
CPXPARAM_MIP_Strategy_VariableSelect             3
CPXPARAM_TimeLimit                               594.95526094800005
Tried aggregator 1 time.
MIP Presolve eliminated 211 rows and 392 columns.
MIP Presolve modified 1 coefficients.
Reduced MIP has 1173 rows, 1960 columns, and 18012 nonzeros.
Reduced MIP has 1960 binaries, 0 generals, 0 SOSs, and 0 indicators.
Presolve time = 0.01 sec. (12.95 ticks)
Probing time = 0.00 sec. (3.79 ticks)
Tried aggregator 1 time.
Detecting symmetries...
Reduced MIP has 1173 rows, 1960 columns, and 18012 nonzeros.
Reduced MIP has 1960 binaries, 0 generals, 0 SOSs, and 0 indicators.
Presolve time = 0.01 sec. (14.35 ticks)
Probing time = 0.00 sec. (3.79 ticks)
Clique table members: 778.
MIP emphasis: balance optimality and feasibility.
MIP search method: dynamic search.
Parallel mode: none, using 1 thread.
Root relaxation solution time = 0.02 sec. (22.00 ticks)

        Nodes                                         Cuts/
   Node  Left     Objective  IInf  Best Integer    Best Bound    ItCnt     Gap

      0     0        0.0000   242                      0.0000      555         
*     0+    0                            0.0000        0.0000             0.00%
      0     0        cutoff              0.0000        0.0000      555    0.00%
Elapsed time = 0.24 sec. (183.85 ticks, tree = 0.01 MB, solutions = 1)

Root node processing (before b&c):
  Real time             =    0.24 sec. (183.92 ticks)
Sequential b&c:
  Real time             =    0.00 sec. (0.00 ticks)
                          ------------
Total (root+branch&cut) =    0.24 sec. (183.92 ticks)
Version identifier: 22.1.0.0 | 2022-03-09 | 1a383f8ce
CPXPARAM_Threads                                 1
CPXPARAM_MIP_Strategy_VariableSelect             3
CPXPARAM_TimeLimit                               594.70615884799997
Tried aggregator 1 time.
MIP Presolve eliminated 212 rows and 394 columns.
MIP Presolve modified 1 coefficients.
Reduced MIP has 1179 rows, 1970 columns, and 18105 nonzeros.
Reduced MIP has 1970 binaries, 0 generals, 0 SOSs, and 0 indicators.
Presolve time = 0.01 sec. (13.03 ticks)
Probing time = 0.00 sec. (3.78 ticks)
Tried aggregator 1 time.
Detecting symmetries...
Reduced MIP has 1179 rows, 1970 columns, and 18105 nonzeros.
Reduced MIP has 1970 binaries, 0 generals, 0 SOSs, and 0 indicators.
Presolve time = 0.01 sec. (14.42 ticks)
Probing time = 0.00 sec. (3.78 ticks)
Clique table members: 782.
MIP emphasis: balance optimality and feasibility.
MIP search method: dynamic search.
Parallel mode: none, using 1 thread.
Root relaxation solution time = 0.02 sec. (18.99 ticks)

        Nodes                                         Cuts/
   Node  Left     Objective  IInf  Best Integer    Best Bound    ItCnt     Gap

      0     0        0.0000   187                      0.0000      491         
*     0+    0                            0.0000        0.0000             0.00%
      0     0        cutoff              0.0000        0.0000      491    0.00%
Elapsed time = 0.18 sec. (163.92 ticks, tree = 0.01 MB, solutions = 1)

Root node processing (before b&c):
  Real time             =    0.18 sec. (164.00 ticks)
Sequential b&c:
  Real time             =    0.00 sec. (0.00 ticks)
                          ------------
Total (root+branch&cut) =    0.18 sec. (164.00 ticks)
Version identifier: 22.1.0.0 | 2022-03-09 | 1a383f8ce
CPXPARAM_Threads                                 1
CPXPARAM_MIP_Strategy_VariableSelect             3
CPXPARAM_TimeLimit                               594.51249514799997
Tried aggregator 1 time.
MIP Presolve eliminated 213 rows and 396 columns.
MIP Presolve modified 1 coefficients.
Reduced MIP has 1185 rows, 1980 columns, and 18198 nonzeros.
Reduced MIP has 1980 binaries, 0 generals, 0 SOSs, and 0 indicators.
Presolve time = 0.01 sec. (13.11 ticks)
Probing time = 0.00 sec. (3.79 ticks)
Tried aggregator 1 time.
Detecting symmetries...
Reduced MIP has 1185 rows, 1980 columns, and 18198 nonzeros.
Reduced MIP has 1980 binaries, 0 generals, 0 SOSs, and 0 indicators.
Presolve time = 0.01 sec. (14.52 ticks)
Probing time = 0.00 sec. (3.79 ticks)
Clique table members: 786.
MIP emphasis: balance optimality and feasibility.
MIP search method: dynamic search.
Parallel mode: none, using 1 thread.
Root relaxation solution time = 0.03 sec. (25.29 ticks)

        Nodes                                         Cuts/
   Node  Left     Objective  IInf  Best Integer    Best Bound    ItCnt     Gap

      0     0        0.0000   253                      0.0000      604         
*     0+    0                            0.0000        0.0000             0.00%
      0     0        cutoff              0.0000        0.0000      604    0.00%
Elapsed time = 0.20 sec. (178.06 ticks, tree = 0.01 MB, solutions = 1)

Root node processing (before b&c):
  Real time             =    0.20 sec. (178.13 ticks)
Sequential b&c:
  Real time             =    0.00 sec. (0.00 ticks)
                          ------------
Total (root+branch&cut) =    0.20 sec. (178.13 ticks)
Version identifier: 22.1.0.0 | 2022-03-09 | 1a383f8ce
CPXPARAM_Threads                                 1
CPXPARAM_MIP_Strategy_VariableSelect             3
CPXPARAM_TimeLimit                               594.29776233500002
Tried aggregator 1 time.
MIP Presolve eliminated 214 rows and 398 columns.
MIP Presolve modified 1 coefficients.
Reduced MIP has 1191 rows, 1990 columns, and 18291 nonzeros.
Reduced MIP has 1990 binaries, 0 generals, 0 SOSs, and 0 indicators.
Presolve time = 0.01 sec. (13.18 ticks)
Probing time = 0.00 sec. (3.81 ticks)
Tried aggregator 1 time.
Detecting symmetries...
Reduced MIP has 1191 rows, 1990 columns, and 18291 nonzeros.
Reduced MIP has 1990 binaries, 0 generals, 0 SOSs, and 0 indicators.
Presolve time = 0.01 sec. (14.59 ticks)
Probing time = 0.00 sec. (3.81 ticks)
Clique table members: 790.
MIP emphasis: balance optimality and feasibility.
MIP search method: dynamic search.
Parallel mode: none, using 1 thread.
Root relaxation solution time = 0.03 sec. (24.89 ticks)

        Nodes                                         Cuts/
   Node  Left     Objective  IInf  Best Integer    Best Bound    ItCnt     Gap

      0     0        0.0000   264                      0.0000      579         
*     0+    0                            0.0000        0.0000             0.00%
      0     0        cutoff              0.0000        0.0000      579    0.00%
Elapsed time = 0.24 sec. (193.33 ticks, tree = 0.01 MB, solutions = 1)

Root node processing (before b&c):
  Real time             =    0.24 sec. (193.41 ticks)
Sequential b&c:
  Real time             =    0.00 sec. (0.00 ticks)
                          ------------
Total (root+branch&cut) =    0.24 sec. (193.41 ticks)
Version identifier: 22.1.0.0 | 2022-03-09 | 1a383f8ce
CPXPARAM_Threads                                 1
CPXPARAM_MIP_Strategy_VariableSelect             3
CPXPARAM_TimeLimit                               594.04113204600003
Tried aggregator 1 time.
MIP Presolve eliminated 215 rows and 400 columns.
MIP Presolve modified 1 coefficients.
Reduced MIP has 1197 rows, 2000 columns, and 18384 nonzeros.
Reduced MIP has 2000 binaries, 0 generals, 0 SOSs, and 0 indicators.
Presolve time = 0.01 sec. (13.27 ticks)
Probing time = 0.00 sec. (3.80 ticks)
Tried aggregator 1 time.
Detecting symmetries...
Reduced MIP has 1197 rows, 2000 columns, and 18384 nonzeros.
Reduced MIP has 2000 binaries, 0 generals, 0 SOSs, and 0 indicators.
Presolve time = 0.01 sec. (14.69 ticks)
Probing time = 0.00 sec. (3.80 ticks)
Clique table members: 794.
MIP emphasis: balance optimality and feasibility.
MIP search method: dynamic search.
Parallel mode: none, using 1 thread.
Root relaxation solution time = 0.03 sec. (23.46 ticks)

        Nodes                                         Cuts/
   Node  Left     Objective  IInf  Best Integer    Best Bound    ItCnt     Gap

      0     0        0.0000   238                      0.0000      594         
*     0+    0                            0.0000        0.0000             0.00%
      0     0        cutoff              0.0000        0.0000      594    0.00%
Elapsed time = 0.19 sec. (166.70 ticks, tree = 0.01 MB, solutions = 1)

Root node processing (before b&c):
  Real time             =    0.19 sec. (166.77 ticks)
Sequential b&c:
  Real time             =    0.00 sec. (0.00 ticks)
                          ------------
Total (root+branch&cut) =    0.19 sec. (166.77 ticks)
Version identifier: 22.1.0.0 | 2022-03-09 | 1a383f8ce
CPXPARAM_Threads                                 1
CPXPARAM_MIP_Strategy_VariableSelect             3
CPXPARAM_TimeLimit                               593.83308371600003
Tried aggregator 1 time.
MIP Presolve eliminated 216 rows and 402 columns.
MIP Presolve modified 1 coefficients.
Reduced MIP has 1203 rows, 2010 columns, and 18477 nonzeros.
Reduced MIP has 2010 binaries, 0 generals, 0 SOSs, and 0 indicators.
Presolve time = 0.01 sec. (13.34 ticks)
Probing time = 0.00 sec. (3.81 ticks)
Tried aggregator 1 time.
Detecting symmetries...
Reduced MIP has 1203 rows, 2010 columns, and 18477 nonzeros.
Reduced MIP has 2010 binaries, 0 generals, 0 SOSs, and 0 indicators.
Presolve time = 0.01 sec. (14.76 ticks)
Probing time = 0.00 sec. (3.81 ticks)
Clique table members: 798.
MIP emphasis: balance optimality and feasibility.
MIP search method: dynamic search.
Parallel mode: none, using 1 thread.
Root relaxation solution time = 0.03 sec. (24.79 ticks)

        Nodes                                         Cuts/
   Node  Left     Objective  IInf  Best Integer    Best Bound    ItCnt     Gap

      0     0        0.0000   232                      0.0000      611         
*     0+    0                            0.0000        0.0000             0.00%
      0     0        cutoff              0.0000        0.0000      611    0.00%
Elapsed time = 0.18 sec. (151.95 ticks, tree = 0.01 MB, solutions = 1)

Root node processing (before b&c):
  Real time             =    0.18 sec. (152.02 ticks)
Sequential b&c:
  Real time             =    0.00 sec. (0.00 ticks)
                          ------------
Total (root+branch&cut) =    0.18 sec. (152.02 ticks)
Version identifier: 22.1.0.0 | 2022-03-09 | 1a383f8ce
CPXPARAM_Threads                                 1
CPXPARAM_MIP_Strategy_VariableSelect             3
CPXPARAM_TimeLimit                               593.637550369
Tried aggregator 1 time.
MIP Presolve eliminated 217 rows and 404 columns.
MIP Presolve modified 1 coefficients.
Reduced MIP has 1209 rows, 2020 columns, and 18570 nonzeros.
Reduced MIP has 2020 binaries, 0 generals, 0 SOSs, and 0 indicators.
Presolve time = 0.01 sec. (13.41 ticks)
Probing time = 0.00 sec. (3.83 ticks)
Tried aggregator 1 time.
Detecting symmetries...
Reduced MIP has 1209 rows, 2020 columns, and 18570 nonzeros.
Reduced MIP has 2020 binaries, 0 generals, 0 SOSs, and 0 indicators.
Presolve time = 0.01 sec. (14.85 ticks)
Probing time = 0.00 sec. (3.83 ticks)
Clique table members: 802.
MIP emphasis: balance optimality and feasibility.
MIP search method: dynamic search.
Parallel mode: none, using 1 thread.
Root relaxation solution time = 0.03 sec. (24.24 ticks)

        Nodes                                         Cuts/
   Node  Left     Objective  IInf  Best Integer    Best Bound    ItCnt     Gap

      0     0        0.0000   193                      0.0000      613         
*     0+    0                            0.0000        0.0000             0.00%
      0     0        cutoff              0.0000        0.0000      613    0.00%
Elapsed time = 0.20 sec. (162.56 ticks, tree = 0.01 MB, solutions = 1)

Root node processing (before b&c):
  Real time             =    0.20 sec. (162.63 ticks)
Sequential b&c:
  Real time             =    0.00 sec. (0.00 ticks)
                          ------------
Total (root+branch&cut) =    0.20 sec. (162.63 ticks)
Version identifier: 22.1.0.0 | 2022-03-09 | 1a383f8ce
CPXPARAM_Threads                                 1
CPXPARAM_MIP_Strategy_VariableSelect             3
CPXPARAM_TimeLimit                               593.425717609
Tried aggregator 1 time.
MIP Presolve eliminated 218 rows and 406 columns.
MIP Presolve modified 1 coefficients.
Reduced MIP has 1215 rows, 2030 columns, and 18663 nonzeros.
Reduced MIP has 2030 binaries, 0 generals, 0 SOSs, and 0 indicators.
Presolve time = 0.01 sec. (13.49 ticks)
Probing time = 0.00 sec. (3.82 ticks)
Tried aggregator 1 time.
Detecting symmetries...
Reduced MIP has 1215 rows, 2030 columns, and 18663 nonzeros.
Reduced MIP has 2030 binaries, 0 generals, 0 SOSs, and 0 indicators.
Presolve time = 0.01 sec. (14.93 ticks)
Probing time = 0.00 sec. (3.82 ticks)
Clique table members: 806.
MIP emphasis: balance optimality and feasibility.
MIP search method: dynamic search.
Parallel mode: none, using 1 thread.
Root relaxation solution time = 0.02 sec. (20.60 ticks)

        Nodes                                         Cuts/
   Node  Left     Objective  IInf  Best Integer    Best Bound    ItCnt     Gap

      0     0        0.0000   168                      0.0000      545         
*     0+    0                            0.0000        0.0000             0.00%
      0     0        cutoff              0.0000        0.0000      545    0.00%
Elapsed time = 0.13 sec. (116.48 ticks, tree = 0.01 MB, solutions = 1)

Root node processing (before b&c):
  Real time             =    0.13 sec. (116.55 ticks)
Sequential b&c:
  Real time             =    0.00 sec. (0.00 ticks)
                          ------------
Total (root+branch&cut) =    0.13 sec. (116.55 ticks)
Version identifier: 22.1.0.0 | 2022-03-09 | 1a383f8ce
CPXPARAM_Threads                                 1
CPXPARAM_MIP_Strategy_VariableSelect             3
CPXPARAM_TimeLimit                               593.27917792899996
Tried aggregator 1 time.
MIP Presolve eliminated 219 rows and 408 columns.
MIP Presolve modified 1 coefficients.
Reduced MIP has 1221 rows, 2040 columns, and 18756 nonzeros.
Reduced MIP has 2040 binaries, 0 generals, 0 SOSs, and 0 indicators.
Presolve time = 0.01 sec. (13.57 ticks)
Probing time = 0.00 sec. (3.83 ticks)
Tried aggregator 1 time.
Detecting symmetries...
Reduced MIP has 1221 rows, 2040 columns, and 18756 nonzeros.
Reduced MIP has 2040 binaries, 0 generals, 0 SOSs, and 0 indicators.
Presolve time = 0.02 sec. (15.03 ticks)
Probing time = 0.00 sec. (3.83 ticks)
Clique table members: 810.
MIP emphasis: balance optimality and feasibility.
MIP search method: dynamic search.
Parallel mode: none, using 1 thread.
Root relaxation solution time = 0.03 sec. (29.34 ticks)

        Nodes                                         Cuts/
   Node  Left     Objective  IInf  Best Integer    Best Bound    ItCnt     Gap

      0     0        0.0000   242                      0.0000      623         
*     0+    0                            0.0000        0.0000             0.00%
      0     0        cutoff              0.0000        0.0000      623    0.00%
Elapsed time = 0.30 sec. (223.83 ticks, tree = 0.01 MB, solutions = 1)

Root node processing (before b&c):
  Real time             =    0.30 sec. (223.90 ticks)
Sequential b&c:
  Real time             =    0.00 sec. (0.00 ticks)
                          ------------
Total (root+branch&cut) =    0.30 sec. (223.90 ticks)
Version identifier: 22.1.0.0 | 2022-03-09 | 1a383f8ce
CPXPARAM_Threads                                 1
CPXPARAM_MIP_Strategy_VariableSelect             3
CPXPARAM_TimeLimit                               592.96522414000003
Tried aggregator 1 time.
MIP Presolve eliminated 220 rows and 410 columns.
MIP Presolve modified 1 coefficients.
Reduced MIP has 1227 rows, 2050 columns, and 18849 nonzeros.
Reduced MIP has 2050 binaries, 0 generals, 0 SOSs, and 0 indicators.
Presolve time = 0.01 sec. (13.64 ticks)
Probing time = 0.00 sec. (3.85 ticks)
Tried aggregator 1 time.
Detecting symmetries...
Reduced MIP has 1227 rows, 2050 columns, and 18849 nonzeros.
Reduced MIP has 2050 binaries, 0 generals, 0 SOSs, and 0 indicators.
Presolve time = 0.01 sec. (15.10 ticks)
Probing time = 0.00 sec. (3.85 ticks)
Clique table members: 814.
MIP emphasis: balance optimality and feasibility.
MIP search method: dynamic search.
Parallel mode: none, using 1 thread.
Root relaxation solution time = 0.04 sec. (31.77 ticks)

        Nodes                                         Cuts/
   Node  Left     Objective  IInf  Best Integer    Best Bound    ItCnt     Gap

      0     0        0.0000   262                      0.0000      680         
*     0+    0                            0.0000        0.0000             0.00%
      0     0        cutoff              0.0000        0.0000      680    0.00%
Elapsed time = 0.24 sec. (207.72 ticks, tree = 0.01 MB, solutions = 1)

Root node processing (before b&c):
  Real time             =    0.24 sec. (207.79 ticks)
Sequential b&c:
  Real time             =    0.00 sec. (0.00 ticks)
                          ------------
Total (root+branch&cut) =    0.24 sec. (207.79 ticks)
Version identifier: 22.1.0.0 | 2022-03-09 | 1a383f8ce
CPXPARAM_Threads                                 1
CPXPARAM_MIP_Strategy_VariableSelect             3
CPXPARAM_TimeLimit                               592.71092169300005
Tried aggregator 1 time.
MIP Presolve eliminated 221 rows and 412 columns.
MIP Presolve modified 1 coefficients.
Reduced MIP has 1233 rows, 2060 columns, and 18942 nonzeros.
Reduced MIP has 2060 binaries, 0 generals, 0 SOSs, and 0 indicators.
Presolve time = 0.02 sec. (13.73 ticks)
Probing time = 0.00 sec. (3.86 ticks)
Tried aggregator 1 time.
Detecting symmetries...
Reduced MIP has 1233 rows, 2060 columns, and 18942 nonzeros.
Reduced MIP has 2060 binaries, 0 generals, 0 SOSs, and 0 indicators.
Presolve time = 0.01 sec. (15.19 ticks)
Probing time = 0.00 sec. (3.86 ticks)
Clique table members: 818.
MIP emphasis: balance optimality and feasibility.
MIP search method: dynamic search.
Parallel mode: none, using 1 thread.
Root relaxation solution time = 0.03 sec. (30.24 ticks)

        Nodes                                         Cuts/
   Node  Left     Objective  IInf  Best Integer    Best Bound    ItCnt     Gap

      0     0        0.0000   330                      0.0000      656         
*     0+    0                            0.0000        0.0000             0.00%
      0     0        cutoff              0.0000        0.0000      656    0.00%
Elapsed time = 0.30 sec. (246.39 ticks, tree = 0.01 MB, solutions = 1)

Root node processing (before b&c):
  Real time             =    0.30 sec. (246.46 ticks)
Sequential b&c:
  Real time             =    0.00 sec. (0.00 ticks)
                          ------------
Total (root+branch&cut) =    0.30 sec. (246.46 ticks)
Version identifier: 22.1.0.0 | 2022-03-09 | 1a383f8ce
CPXPARAM_Threads                                 1
CPXPARAM_MIP_Strategy_VariableSelect             3
CPXPARAM_TimeLimit                               592.39548702299999
Tried aggregator 1 time.
MIP Presolve eliminated 222 rows and 414 columns.
MIP Presolve modified 1 coefficients.
Reduced MIP has 1239 rows, 2070 columns, and 19035 nonzeros.
Reduced MIP has 2070 binaries, 0 generals, 0 SOSs, and 0 indicators.
Presolve time = 0.01 sec. (13.80 ticks)
Probing time = 0.00 sec. (3.85 ticks)
Tried aggregator 1 time.
Detecting symmetries...
Reduced MIP has 1239 rows, 2070 columns, and 19035 nonzeros.
Reduced MIP has 2070 binaries, 0 generals, 0 SOSs, and 0 indicators.
Presolve time = 0.01 sec. (15.27 ticks)
Probing time = 0.00 sec. (3.85 ticks)
Clique table members: 822.
MIP emphasis: balance optimality and feasibility.
MIP search method: dynamic search.
Parallel mode: none, using 1 thread.
Root relaxation solution time = 0.03 sec. (30.85 ticks)

        Nodes                                         Cuts/
   Node  Left     Objective  IInf  Best Integer    Best Bound    ItCnt     Gap

      0     0        0.0000   394                      0.0000      690         
*     0+    0                            0.0000        0.0000             0.00%
      0     0        cutoff              0.0000        0.0000      690    0.00%
Elapsed time = 0.27 sec. (226.96 ticks, tree = 0.01 MB, solutions = 1)

Root node processing (before b&c):
  Real time             =    0.27 sec. (227.03 ticks)
Sequential b&c:
  Real time             =    0.00 sec. (0.00 ticks)
                          ------------
Total (root+branch&cut) =    0.27 sec. (227.03 ticks)
Version identifier: 22.1.0.0 | 2022-03-09 | 1a383f8ce
CPXPARAM_Threads                                 1
CPXPARAM_MIP_Strategy_VariableSelect             3
CPXPARAM_TimeLimit                               592.11078502400005
Tried aggregator 1 time.
MIP Presolve eliminated 223 rows and 416 columns.
MIP Presolve modified 1 coefficients.
Reduced MIP has 1245 rows, 2080 columns, and 19128 nonzeros.
Reduced MIP has 2080 binaries, 0 generals, 0 SOSs, and 0 indicators.
Presolve time = 0.01 sec. (13.88 ticks)
Probing time = 0.00 sec. (3.87 ticks)
Tried aggregator 1 time.
Detecting symmetries...
Reduced MIP has 1245 rows, 2080 columns, and 19128 nonzeros.
Reduced MIP has 2080 binaries, 0 generals, 0 SOSs, and 0 indicators.
Presolve time = 0.01 sec. (15.36 ticks)
Probing time = 0.00 sec. (3.87 ticks)
Clique table members: 826.
MIP emphasis: balance optimality and feasibility.
MIP search method: dynamic search.
Parallel mode: none, using 1 thread.
Root relaxation solution time = 0.04 sec. (35.92 ticks)

        Nodes                                         Cuts/
   Node  Left     Objective  IInf  Best Integer    Best Bound    ItCnt     Gap

      0     0        0.0000   268                      0.0000      742         
*     0+    0                            0.0000        0.0000             0.00%
      0     0        cutoff              0.0000        0.0000      742    0.00%
Elapsed time = 0.30 sec. (235.90 ticks, tree = 0.01 MB, solutions = 1)

Root node processing (before b&c):
  Real time             =    0.30 sec. (235.98 ticks)
Sequential b&c:
  Real time             =    0.00 sec. (0.00 ticks)
                          ------------
Total (root+branch&cut) =    0.30 sec. (235.98 ticks)
Version identifier: 22.1.0.0 | 2022-03-09 | 1a383f8ce
CPXPARAM_Threads                                 1
CPXPARAM_MIP_Strategy_VariableSelect             3
CPXPARAM_TimeLimit                               591.79640232199995
Tried aggregator 1 time.
MIP Presolve eliminated 224 rows and 418 columns.
MIP Presolve modified 1 coefficients.
Reduced MIP has 1251 rows, 2090 columns, and 19221 nonzeros.
Reduced MIP has 2090 binaries, 0 generals, 0 SOSs, and 0 indicators.
Presolve time = 0.02 sec. (13.96 ticks)
Probing time = 0.00 sec. (3.88 ticks)
Tried aggregator 1 time.
Detecting symmetries...
Reduced MIP has 1251 rows, 2090 columns, and 19221 nonzeros.
Reduced MIP has 2090 binaries, 0 generals, 0 SOSs, and 0 indicators.
Presolve time = 0.02 sec. (15.45 ticks)
Probing time = 0.00 sec. (3.88 ticks)
Clique table members: 830.
MIP emphasis: balance optimality and feasibility.
MIP search method: dynamic search.
Parallel mode: none, using 1 thread.
Root relaxation solution time = 0.03 sec. (26.99 ticks)

        Nodes                                         Cuts/
   Node  Left     Objective  IInf  Best Integer    Best Bound    ItCnt     Gap

      0     0    infeasible                                        639         

Root node processing (before b&c):
  Real time             =    0.12 sec. (112.32 ticks)
Sequential b&c:
  Real time             =    0.00 sec. (0.00 ticks)
                          ------------
Total (root+branch&cut) =    0.12 sec. (112.32 ticks)
Primal:	208
Dual:	208
Status:	Optimal
Time:	8.33963
Sequence:
	5
	4
	2
	10
	9
	7
	2
	9
	10
	2
	9
	7
	2
	5
	9
	5
	0
	7
	9
	10
	2
	1
	4
	7
	9
	5
	0
	9
	9
	7
	9
	2
	5
	9
	4
	5
	2
	7
	9
	9
	5
	9
	4
	0
	9
	7
	2
	9
	5
	9
	2
	4
	7
	2
	9
	9
	2
	9
	11
	0
	9
	9
	5
	2
	7
	9
	4
	5
	2
	9
	5
	0
	7
	9
	4
	5
	9
	0
	7
	4
	2
	5
	9
	0
	7
	9
	10
	0
	4
	5
	0
	7
	4
	0
	5
	4
	0
	7
	4
	0
	4
	5
	0
	3
	4
	5
	0
	4
	5
	0
	7
	4
	0
	10
	4
	2
	7
	9
	0
	4
	5
	2
	7
	9
	5
	0
	5
	4
	11
	2
	5
	9
	5
	0
	4
	7
	0
	4
	10
	4
	5
	0
	7
	9
	0
	10
	4
	10
	0
	9
	5
	0
	7
	9
	2
	5
	9
	5
	2
	7
	9
	0
	9
	5
	9
	2
	4
	7
	0
	4
	10
	0
	5
	9
	7
	0
	10
	9
	10
	2
	7
	9
	4
	5
	2
	5
	9
	7
	2
	10
	4
	0
	4
	7
	0
	4
	5
	0
	4
	5
	2
	7
	4
	2
	10
	4
	2
	7
