Version identifier: 22.1.0.0 | 2022-03-09 | 1a383f8ce
CPXPARAM_Threads                                 1
CPXPARAM_MIP_Strategy_VariableSelect             3
CPXPARAM_TimeLimit                               599.99671209899998
Found incumbent of value 0.000000 after 0.00 sec. (0.46 ticks)

Root node processing (before b&c):
  Real time             =    0.00 sec. (0.52 ticks)
Sequential b&c:
  Real time             =    0.00 sec. (0.00 ticks)
                          ------------
Total (root+branch&cut) =    0.00 sec. (0.52 ticks)
Version identifier: 22.1.0.0 | 2022-03-09 | 1a383f8ce
CPXPARAM_Threads                                 1
CPXPARAM_MIP_Strategy_VariableSelect             3
CPXPARAM_TimeLimit                               599.97652731799997
Found incumbent of value 0.000000 after 0.00 sec. (0.46 ticks)

Root node processing (before b&c):
  Real time             =    0.00 sec. (0.52 ticks)
Sequential b&c:
  Real time             =    0.00 sec. (0.00 ticks)
                          ------------
Total (root+branch&cut) =    0.00 sec. (0.52 ticks)
Version identifier: 22.1.0.0 | 2022-03-09 | 1a383f8ce
CPXPARAM_Threads                                 1
CPXPARAM_MIP_Strategy_VariableSelect             3
CPXPARAM_TimeLimit                               599.95812374900004
Found incumbent of value 0.000000 after 0.00 sec. (0.46 ticks)

Root node processing (before b&c):
  Real time             =    0.00 sec. (0.52 ticks)
Sequential b&c:
  Real time             =    0.00 sec. (0.00 ticks)
                          ------------
Total (root+branch&cut) =    0.00 sec. (0.52 ticks)
Version identifier: 22.1.0.0 | 2022-03-09 | 1a383f8ce
CPXPARAM_Threads                                 1
CPXPARAM_MIP_Strategy_VariableSelect             3
CPXPARAM_TimeLimit                               599.93956963000005
Found incumbent of value 0.000000 after 0.00 sec. (0.46 ticks)

Root node processing (before b&c):
  Real time             =    0.00 sec. (0.52 ticks)
Sequential b&c:
  Real time             =    0.00 sec. (0.00 ticks)
                          ------------
Total (root+branch&cut) =    0.00 sec. (0.52 ticks)
Version identifier: 22.1.0.0 | 2022-03-09 | 1a383f8ce
CPXPARAM_Threads                                 1
CPXPARAM_MIP_Strategy_VariableSelect             3
CPXPARAM_TimeLimit                               599.92087136600003
Found incumbent of value 0.000000 after 0.00 sec. (0.47 ticks)

Root node processing (before b&c):
  Real time             =    0.00 sec. (0.52 ticks)
Sequential b&c:
  Real time             =    0.00 sec. (0.00 ticks)
                          ------------
Total (root+branch&cut) =    0.00 sec. (0.52 ticks)
Version identifier: 22.1.0.0 | 2022-03-09 | 1a383f8ce
CPXPARAM_Threads                                 1
CPXPARAM_MIP_Strategy_VariableSelect             3
CPXPARAM_TimeLimit                               599.90250957499995
Found incumbent of value 0.000000 after 0.00 sec. (0.47 ticks)

Root node processing (before b&c):
  Real time             =    0.00 sec. (0.53 ticks)
Sequential b&c:
  Real time             =    0.00 sec. (0.00 ticks)
                          ------------
Total (root+branch&cut) =    0.00 sec. (0.53 ticks)
Version identifier: 22.1.0.0 | 2022-03-09 | 1a383f8ce
CPXPARAM_Threads                                 1
CPXPARAM_MIP_Strategy_VariableSelect             3
CPXPARAM_TimeLimit                               599.88416242300002
Found incumbent of value 0.000000 after 0.00 sec. (0.47 ticks)

Root node processing (before b&c):
  Real time             =    0.00 sec. (0.53 ticks)
Sequential b&c:
  Real time             =    0.00 sec. (0.00 ticks)
                          ------------
Total (root+branch&cut) =    0.00 sec. (0.53 ticks)
Version identifier: 22.1.0.0 | 2022-03-09 | 1a383f8ce
CPXPARAM_Threads                                 1
CPXPARAM_MIP_Strategy_VariableSelect             3
CPXPARAM_TimeLimit                               599.86542511200003
Found incumbent of value 0.000000 after 0.00 sec. (0.47 ticks)

Root node processing (before b&c):
  Real time             =    0.00 sec. (0.53 ticks)
Sequential b&c:
  Real time             =    0.00 sec. (0.00 ticks)
                          ------------
Total (root+branch&cut) =    0.00 sec. (0.53 ticks)
Version identifier: 22.1.0.0 | 2022-03-09 | 1a383f8ce
CPXPARAM_Threads                                 1
CPXPARAM_MIP_Strategy_VariableSelect             3
CPXPARAM_TimeLimit                               599.84633169400001
Found incumbent of value 0.000000 after 0.00 sec. (0.47 ticks)

Root node processing (before b&c):
  Real time             =    0.00 sec. (0.53 ticks)
Sequential b&c:
  Real time             =    0.00 sec. (0.00 ticks)
                          ------------
Total (root+branch&cut) =    0.00 sec. (0.53 ticks)
Version identifier: 22.1.0.0 | 2022-03-09 | 1a383f8ce
CPXPARAM_Threads                                 1
CPXPARAM_MIP_Strategy_VariableSelect             3
CPXPARAM_TimeLimit                               599.82734541599996
Found incumbent of value 0.000000 after 0.00 sec. (0.47 ticks)

Root node processing (before b&c):
  Real time             =    0.00 sec. (0.53 ticks)
Sequential b&c:
  Real time             =    0.00 sec. (0.00 ticks)
                          ------------
Total (root+branch&cut) =    0.00 sec. (0.53 ticks)
Version identifier: 22.1.0.0 | 2022-03-09 | 1a383f8ce
CPXPARAM_Threads                                 1
CPXPARAM_MIP_Strategy_VariableSelect             3
CPXPARAM_TimeLimit                               599.80847122499995
Found incumbent of value 0.000000 after 0.00 sec. (0.48 ticks)

Root node processing (before b&c):
  Real time             =    0.00 sec. (0.54 ticks)
Sequential b&c:
  Real time             =    0.00 sec. (0.00 ticks)
                          ------------
Total (root+branch&cut) =    0.00 sec. (0.54 ticks)
Version identifier: 22.1.0.0 | 2022-03-09 | 1a383f8ce
CPXPARAM_Threads                                 1
CPXPARAM_MIP_Strategy_VariableSelect             3
CPXPARAM_TimeLimit                               599.78943926299996
Found incumbent of value 0.000000 after 0.00 sec. (0.48 ticks)

Root node processing (before b&c):
  Real time             =    0.00 sec. (0.54 ticks)
Sequential b&c:
  Real time             =    0.00 sec. (0.00 ticks)
                          ------------
Total (root+branch&cut) =    0.00 sec. (0.54 ticks)
Version identifier: 22.1.0.0 | 2022-03-09 | 1a383f8ce
CPXPARAM_Threads                                 1
CPXPARAM_MIP_Strategy_VariableSelect             3
CPXPARAM_TimeLimit                               599.77027885699999
Found incumbent of value 0.000000 after 0.00 sec. (0.48 ticks)

Root node processing (before b&c):
  Real time             =    0.00 sec. (0.54 ticks)
Sequential b&c:
  Real time             =    0.00 sec. (0.00 ticks)
                          ------------
Total (root+branch&cut) =    0.00 sec. (0.54 ticks)
Version identifier: 22.1.0.0 | 2022-03-09 | 1a383f8ce
CPXPARAM_Threads                                 1
CPXPARAM_MIP_Strategy_VariableSelect             3
CPXPARAM_TimeLimit                               599.75099007699998
Found incumbent of value 0.000000 after 0.00 sec. (0.48 ticks)

Root node processing (before b&c):
  Real time             =    0.00 sec. (0.54 ticks)
Sequential b&c:
  Real time             =    0.00 sec. (0.00 ticks)
                          ------------
Total (root+branch&cut) =    0.00 sec. (0.54 ticks)
Version identifier: 22.1.0.0 | 2022-03-09 | 1a383f8ce
CPXPARAM_Threads                                 1
CPXPARAM_MIP_Strategy_VariableSelect             3
CPXPARAM_TimeLimit                               599.73164992299996
Found incumbent of value 0.000000 after 0.00 sec. (0.48 ticks)

Root node processing (before b&c):
  Real time             =    0.00 sec. (0.54 ticks)
Sequential b&c:
  Real time             =    0.00 sec. (0.00 ticks)
                          ------------
Total (root+branch&cut) =    0.00 sec. (0.54 ticks)
Version identifier: 22.1.0.0 | 2022-03-09 | 1a383f8ce
CPXPARAM_Threads                                 1
CPXPARAM_MIP_Strategy_VariableSelect             3
CPXPARAM_TimeLimit                               599.71226778499999
Found incumbent of value 0.000000 after 0.00 sec. (0.48 ticks)

Root node processing (before b&c):
  Real time             =    0.00 sec. (0.54 ticks)
Sequential b&c:
  Real time             =    0.00 sec. (0.00 ticks)
                          ------------
Total (root+branch&cut) =    0.00 sec. (0.54 ticks)
Version identifier: 22.1.0.0 | 2022-03-09 | 1a383f8ce
CPXPARAM_Threads                                 1
CPXPARAM_MIP_Strategy_VariableSelect             3
CPXPARAM_TimeLimit                               599.69283562500004
Found incumbent of value 0.000000 after 0.00 sec. (0.49 ticks)

Root node processing (before b&c):
  Real time             =    0.00 sec. (0.55 ticks)
Sequential b&c:
  Real time             =    0.00 sec. (0.00 ticks)
                          ------------
Total (root+branch&cut) =    0.00 sec. (0.55 ticks)
Version identifier: 22.1.0.0 | 2022-03-09 | 1a383f8ce
CPXPARAM_Threads                                 1
CPXPARAM_MIP_Strategy_VariableSelect             3
CPXPARAM_TimeLimit                               599.673341628
Found incumbent of value 0.000000 after 0.00 sec. (0.49 ticks)

Root node processing (before b&c):
  Real time             =    0.00 sec. (0.55 ticks)
Sequential b&c:
  Real time             =    0.00 sec. (0.00 ticks)
                          ------------
Total (root+branch&cut) =    0.00 sec. (0.55 ticks)
Version identifier: 22.1.0.0 | 2022-03-09 | 1a383f8ce
CPXPARAM_Threads                                 1
CPXPARAM_MIP_Strategy_VariableSelect             3
CPXPARAM_TimeLimit                               599.65366541499998
Found incumbent of value 0.000000 after 0.00 sec. (0.49 ticks)

Root node processing (before b&c):
  Real time             =    0.00 sec. (0.55 ticks)
Sequential b&c:
  Real time             =    0.00 sec. (0.00 ticks)
                          ------------
Total (root+branch&cut) =    0.00 sec. (0.55 ticks)
Version identifier: 22.1.0.0 | 2022-03-09 | 1a383f8ce
CPXPARAM_Threads                                 1
CPXPARAM_MIP_Strategy_VariableSelect             3
CPXPARAM_TimeLimit                               599.63403330799997
Found incumbent of value 0.000000 after 0.00 sec. (0.49 ticks)

Root node processing (before b&c):
  Real time             =    0.00 sec. (0.55 ticks)
Sequential b&c:
  Real time             =    0.00 sec. (0.00 ticks)
                          ------------
Total (root+branch&cut) =    0.00 sec. (0.55 ticks)
Version identifier: 22.1.0.0 | 2022-03-09 | 1a383f8ce
CPXPARAM_Threads                                 1
CPXPARAM_MIP_Strategy_VariableSelect             3
CPXPARAM_TimeLimit                               599.61442180400002
Found incumbent of value 0.000000 after 0.00 sec. (0.49 ticks)

Root node processing (before b&c):
  Real time             =    0.00 sec. (0.55 ticks)
Sequential b&c:
  Real time             =    0.00 sec. (0.00 ticks)
                          ------------
Total (root+branch&cut) =    0.00 sec. (0.55 ticks)
Version identifier: 22.1.0.0 | 2022-03-09 | 1a383f8ce
CPXPARAM_Threads                                 1
CPXPARAM_MIP_Strategy_VariableSelect             3
CPXPARAM_TimeLimit                               599.59476532500003
Found incumbent of value 0.000000 after 0.00 sec. (0.49 ticks)

Root node processing (before b&c):
  Real time             =    0.00 sec. (0.56 ticks)
Sequential b&c:
  Real time             =    0.00 sec. (0.00 ticks)
                          ------------
Total (root+branch&cut) =    0.00 sec. (0.56 ticks)
Version identifier: 22.1.0.0 | 2022-03-09 | 1a383f8ce
CPXPARAM_Threads                                 1
CPXPARAM_MIP_Strategy_VariableSelect             3
CPXPARAM_TimeLimit                               599.57509639299997
Found incumbent of value 0.000000 after 0.00 sec. (0.50 ticks)

Root node processing (before b&c):
  Real time             =    0.00 sec. (0.56 ticks)
Sequential b&c:
  Real time             =    0.00 sec. (0.00 ticks)
                          ------------
Total (root+branch&cut) =    0.00 sec. (0.56 ticks)
Version identifier: 22.1.0.0 | 2022-03-09 | 1a383f8ce
CPXPARAM_Threads                                 1
CPXPARAM_MIP_Strategy_VariableSelect             3
CPXPARAM_TimeLimit                               599.55501744699995
Found incumbent of value 0.000000 after 0.00 sec. (0.50 ticks)

Root node processing (before b&c):
  Real time             =    0.00 sec. (0.56 ticks)
Sequential b&c:
  Real time             =    0.00 sec. (0.00 ticks)
                          ------------
Total (root+branch&cut) =    0.00 sec. (0.56 ticks)
Version identifier: 22.1.0.0 | 2022-03-09 | 1a383f8ce
CPXPARAM_Threads                                 1
CPXPARAM_MIP_Strategy_VariableSelect             3
CPXPARAM_TimeLimit                               599.53497997099998
Found incumbent of value 0.000000 after 0.00 sec. (0.50 ticks)

Root node processing (before b&c):
  Real time             =    0.00 sec. (0.56 ticks)
Sequential b&c:
  Real time             =    0.00 sec. (0.00 ticks)
                          ------------
Total (root+branch&cut) =    0.00 sec. (0.56 ticks)
Version identifier: 22.1.0.0 | 2022-03-09 | 1a383f8ce
CPXPARAM_Threads                                 1
CPXPARAM_MIP_Strategy_VariableSelect             3
CPXPARAM_TimeLimit                               599.51502781399995
Found incumbent of value 0.000000 after 0.00 sec. (0.50 ticks)

Root node processing (before b&c):
  Real time             =    0.00 sec. (0.56 ticks)
Sequential b&c:
  Real time             =    0.00 sec. (0.00 ticks)
                          ------------
Total (root+branch&cut) =    0.00 sec. (0.56 ticks)
Version identifier: 22.1.0.0 | 2022-03-09 | 1a383f8ce
CPXPARAM_Threads                                 1
CPXPARAM_MIP_Strategy_VariableSelect             3
CPXPARAM_TimeLimit                               599.49479224599997
Found incumbent of value 0.000000 after 0.00 sec. (0.50 ticks)

Root node processing (before b&c):
  Real time             =    0.00 sec. (0.57 ticks)
Sequential b&c:
  Real time             =    0.00 sec. (0.00 ticks)
                          ------------
Total (root+branch&cut) =    0.00 sec. (0.57 ticks)
Version identifier: 22.1.0.0 | 2022-03-09 | 1a383f8ce
CPXPARAM_Threads                                 1
CPXPARAM_MIP_Strategy_VariableSelect             3
CPXPARAM_TimeLimit                               599.47449771200002
Found incumbent of value 0.000000 after 0.00 sec. (0.50 ticks)

Root node processing (before b&c):
  Real time             =    0.00 sec. (0.57 ticks)
Sequential b&c:
  Real time             =    0.00 sec. (0.00 ticks)
                          ------------
Total (root+branch&cut) =    0.00 sec. (0.57 ticks)
Version identifier: 22.1.0.0 | 2022-03-09 | 1a383f8ce
CPXPARAM_Threads                                 1
CPXPARAM_MIP_Strategy_VariableSelect             3
CPXPARAM_TimeLimit                               599.45399643500002
Found incumbent of value 0.000000 after 0.00 sec. (0.51 ticks)

Root node processing (before b&c):
  Real time             =    0.00 sec. (0.57 ticks)
Sequential b&c:
  Real time             =    0.00 sec. (0.00 ticks)
                          ------------
Total (root+branch&cut) =    0.00 sec. (0.57 ticks)
Version identifier: 22.1.0.0 | 2022-03-09 | 1a383f8ce
CPXPARAM_Threads                                 1
CPXPARAM_MIP_Strategy_VariableSelect             3
CPXPARAM_TimeLimit                               599.43374999699995
Found incumbent of value 0.000000 after 0.00 sec. (0.51 ticks)

Root node processing (before b&c):
  Real time             =    0.00 sec. (0.57 ticks)
Sequential b&c:
  Real time             =    0.00 sec. (0.00 ticks)
                          ------------
Total (root+branch&cut) =    0.00 sec. (0.57 ticks)
Version identifier: 22.1.0.0 | 2022-03-09 | 1a383f8ce
CPXPARAM_Threads                                 1
CPXPARAM_MIP_Strategy_VariableSelect             3
CPXPARAM_TimeLimit                               599.41338066699996
Found incumbent of value 0.000000 after 0.00 sec. (0.51 ticks)

Root node processing (before b&c):
  Real time             =    0.00 sec. (0.57 ticks)
Sequential b&c:
  Real time             =    0.00 sec. (0.00 ticks)
                          ------------
Total (root+branch&cut) =    0.00 sec. (0.57 ticks)
Version identifier: 22.1.0.0 | 2022-03-09 | 1a383f8ce
CPXPARAM_Threads                                 1
CPXPARAM_MIP_Strategy_VariableSelect             3
CPXPARAM_TimeLimit                               599.39284707700006
Found incumbent of value 0.000000 after 0.00 sec. (0.51 ticks)

Root node processing (before b&c):
  Real time             =    0.00 sec. (0.57 ticks)
Sequential b&c:
  Real time             =    0.00 sec. (0.00 ticks)
                          ------------
Total (root+branch&cut) =    0.00 sec. (0.57 ticks)
Version identifier: 22.1.0.0 | 2022-03-09 | 1a383f8ce
CPXPARAM_Threads                                 1
CPXPARAM_MIP_Strategy_VariableSelect             3
CPXPARAM_TimeLimit                               599.37232689099994
Found incumbent of value 0.000000 after 0.00 sec. (0.51 ticks)

Root node processing (before b&c):
  Real time             =    0.00 sec. (0.58 ticks)
Sequential b&c:
  Real time             =    0.00 sec. (0.00 ticks)
                          ------------
Total (root+branch&cut) =    0.00 sec. (0.58 ticks)
Version identifier: 22.1.0.0 | 2022-03-09 | 1a383f8ce
CPXPARAM_Threads                                 1
CPXPARAM_MIP_Strategy_VariableSelect             3
CPXPARAM_TimeLimit                               599.35167332799995
Found incumbent of value 0.000000 after 0.00 sec. (0.51 ticks)

Root node processing (before b&c):
  Real time             =    0.00 sec. (0.58 ticks)
Sequential b&c:
  Real time             =    0.00 sec. (0.00 ticks)
                          ------------
Total (root+branch&cut) =    0.00 sec. (0.58 ticks)
Version identifier: 22.1.0.0 | 2022-03-09 | 1a383f8ce
CPXPARAM_Threads                                 1
CPXPARAM_MIP_Strategy_VariableSelect             3
CPXPARAM_TimeLimit                               599.33116187999997
Found incumbent of value 0.000000 after 0.00 sec. (0.51 ticks)

Root node processing (before b&c):
  Real time             =    0.00 sec. (0.58 ticks)
Sequential b&c:
  Real time             =    0.00 sec. (0.00 ticks)
                          ------------
Total (root+branch&cut) =    0.00 sec. (0.58 ticks)
Version identifier: 22.1.0.0 | 2022-03-09 | 1a383f8ce
CPXPARAM_Threads                                 1
CPXPARAM_MIP_Strategy_VariableSelect             3
CPXPARAM_TimeLimit                               599.31033720999994
Found incumbent of value 0.000000 after 0.00 sec. (0.52 ticks)

Root node processing (before b&c):
  Real time             =    0.00 sec. (0.58 ticks)
Sequential b&c:
  Real time             =    0.00 sec. (0.00 ticks)
                          ------------
Total (root+branch&cut) =    0.00 sec. (0.58 ticks)
Version identifier: 22.1.0.0 | 2022-03-09 | 1a383f8ce
CPXPARAM_Threads                                 1
CPXPARAM_MIP_Strategy_VariableSelect             3
CPXPARAM_TimeLimit                               599.28958984999997
Found incumbent of value 0.000000 after 0.00 sec. (0.52 ticks)

Root node processing (before b&c):
  Real time             =    0.00 sec. (0.58 ticks)
Sequential b&c:
  Real time             =    0.00 sec. (0.00 ticks)
                          ------------
Total (root+branch&cut) =    0.00 sec. (0.58 ticks)
Version identifier: 22.1.0.0 | 2022-03-09 | 1a383f8ce
CPXPARAM_Threads                                 1
CPXPARAM_MIP_Strategy_VariableSelect             3
CPXPARAM_TimeLimit                               599.26876271699996
Found incumbent of value 0.000000 after 0.00 sec. (0.52 ticks)

Root node processing (before b&c):
  Real time             =    0.00 sec. (0.59 ticks)
Sequential b&c:
  Real time             =    0.00 sec. (0.00 ticks)
                          ------------
Total (root+branch&cut) =    0.00 sec. (0.59 ticks)
Version identifier: 22.1.0.0 | 2022-03-09 | 1a383f8ce
CPXPARAM_Threads                                 1
CPXPARAM_MIP_Strategy_VariableSelect             3
CPXPARAM_TimeLimit                               599.24800724500005
Found incumbent of value 0.000000 after 0.00 sec. (0.52 ticks)

Root node processing (before b&c):
  Real time             =    0.00 sec. (0.59 ticks)
Sequential b&c:
  Real time             =    0.00 sec. (0.00 ticks)
                          ------------
Total (root+branch&cut) =    0.00 sec. (0.59 ticks)
Version identifier: 22.1.0.0 | 2022-03-09 | 1a383f8ce
CPXPARAM_Threads                                 1
CPXPARAM_MIP_Strategy_VariableSelect             3
CPXPARAM_TimeLimit                               599.22719801699998
Found incumbent of value 0.000000 after 0.00 sec. (0.52 ticks)

Root node processing (before b&c):
  Real time             =    0.00 sec. (0.59 ticks)
Sequential b&c:
  Real time             =    0.00 sec. (0.00 ticks)
                          ------------
Total (root+branch&cut) =    0.00 sec. (0.59 ticks)
Version identifier: 22.1.0.0 | 2022-03-09 | 1a383f8ce
CPXPARAM_Threads                                 1
CPXPARAM_MIP_Strategy_VariableSelect             3
CPXPARAM_TimeLimit                               599.20613499499996
Found incumbent of value 0.000000 after 0.00 sec. (0.52 ticks)

Root node processing (before b&c):
  Real time             =    0.00 sec. (0.59 ticks)
Sequential b&c:
  Real time             =    0.00 sec. (0.00 ticks)
                          ------------
Total (root+branch&cut) =    0.00 sec. (0.59 ticks)
Version identifier: 22.1.0.0 | 2022-03-09 | 1a383f8ce
CPXPARAM_Threads                                 1
CPXPARAM_MIP_Strategy_VariableSelect             3
CPXPARAM_TimeLimit                               599.18511853200005
Found incumbent of value 0.000000 after 0.00 sec. (0.53 ticks)

Root node processing (before b&c):
  Real time             =    0.00 sec. (0.59 ticks)
Sequential b&c:
  Real time             =    0.00 sec. (0.00 ticks)
                          ------------
Total (root+branch&cut) =    0.00 sec. (0.59 ticks)
Version identifier: 22.1.0.0 | 2022-03-09 | 1a383f8ce
CPXPARAM_Threads                                 1
CPXPARAM_MIP_Strategy_VariableSelect             3
CPXPARAM_TimeLimit                               599.16405703199996
Found incumbent of value 0.000000 after 0.00 sec. (0.53 ticks)

Root node processing (before b&c):
  Real time             =    0.00 sec. (0.60 ticks)
Sequential b&c:
  Real time             =    0.00 sec. (0.00 ticks)
                          ------------
Total (root+branch&cut) =    0.00 sec. (0.60 ticks)
Version identifier: 22.1.0.0 | 2022-03-09 | 1a383f8ce
CPXPARAM_Threads                                 1
CPXPARAM_MIP_Strategy_VariableSelect             3
CPXPARAM_TimeLimit                               599.14275317399995
Found incumbent of value 0.000000 after 0.00 sec. (0.53 ticks)

Root node processing (before b&c):
  Real time             =    0.00 sec. (0.60 ticks)
Sequential b&c:
  Real time             =    0.00 sec. (0.00 ticks)
                          ------------
Total (root+branch&cut) =    0.00 sec. (0.60 ticks)
Version identifier: 22.1.0.0 | 2022-03-09 | 1a383f8ce
CPXPARAM_Threads                                 1
CPXPARAM_MIP_Strategy_VariableSelect             3
CPXPARAM_TimeLimit                               599.12135988900002
Found incumbent of value 0.000000 after 0.00 sec. (0.53 ticks)

Root node processing (before b&c):
  Real time             =    0.00 sec. (0.60 ticks)
Sequential b&c:
  Real time             =    0.00 sec. (0.00 ticks)
                          ------------
Total (root+branch&cut) =    0.00 sec. (0.60 ticks)
Version identifier: 22.1.0.0 | 2022-03-09 | 1a383f8ce
CPXPARAM_Threads                                 1
CPXPARAM_MIP_Strategy_VariableSelect             3
CPXPARAM_TimeLimit                               599.099887147
Found incumbent of value 0.000000 after 0.00 sec. (0.53 ticks)

Root node processing (before b&c):
  Real time             =    0.00 sec. (0.60 ticks)
Sequential b&c:
  Real time             =    0.00 sec. (0.00 ticks)
                          ------------
Total (root+branch&cut) =    0.00 sec. (0.60 ticks)
Version identifier: 22.1.0.0 | 2022-03-09 | 1a383f8ce
CPXPARAM_Threads                                 1
CPXPARAM_MIP_Strategy_VariableSelect             3
CPXPARAM_TimeLimit                               599.07848842600004
Found incumbent of value 0.000000 after 0.00 sec. (0.53 ticks)

Root node processing (before b&c):
  Real time             =    0.00 sec. (0.60 ticks)
Sequential b&c:
  Real time             =    0.00 sec. (0.00 ticks)
                          ------------
Total (root+branch&cut) =    0.00 sec. (0.60 ticks)
Version identifier: 22.1.0.0 | 2022-03-09 | 1a383f8ce
CPXPARAM_Threads                                 1
CPXPARAM_MIP_Strategy_VariableSelect             3
CPXPARAM_TimeLimit                               599.05689859799998
Found incumbent of value 0.000000 after 0.00 sec. (0.54 ticks)

Root node processing (before b&c):
  Real time             =    0.00 sec. (0.60 ticks)
Sequential b&c:
  Real time             =    0.00 sec. (0.00 ticks)
                          ------------
Total (root+branch&cut) =    0.00 sec. (0.60 ticks)
Version identifier: 22.1.0.0 | 2022-03-09 | 1a383f8ce
CPXPARAM_Threads                                 1
CPXPARAM_MIP_Strategy_VariableSelect             3
CPXPARAM_TimeLimit                               599.03520953500004
Found incumbent of value 0.000000 after 0.00 sec. (0.54 ticks)

Root node processing (before b&c):
  Real time             =    0.00 sec. (0.61 ticks)
Sequential b&c:
  Real time             =    0.00 sec. (0.00 ticks)
                          ------------
Total (root+branch&cut) =    0.00 sec. (0.61 ticks)
Version identifier: 22.1.0.0 | 2022-03-09 | 1a383f8ce
CPXPARAM_Threads                                 1
CPXPARAM_MIP_Strategy_VariableSelect             3
CPXPARAM_TimeLimit                               599.01353871100002
Found incumbent of value 0.000000 after 0.00 sec. (0.54 ticks)

Root node processing (before b&c):
  Real time             =    0.00 sec. (0.61 ticks)
Sequential b&c:
  Real time             =    0.00 sec. (0.00 ticks)
                          ------------
Total (root+branch&cut) =    0.00 sec. (0.61 ticks)
Version identifier: 22.1.0.0 | 2022-03-09 | 1a383f8ce
CPXPARAM_Threads                                 1
CPXPARAM_MIP_Strategy_VariableSelect             3
CPXPARAM_TimeLimit                               598.99166460799995
Found incumbent of value 0.000000 after 0.00 sec. (0.54 ticks)

Root node processing (before b&c):
  Real time             =    0.00 sec. (0.61 ticks)
Sequential b&c:
  Real time             =    0.00 sec. (0.00 ticks)
                          ------------
Total (root+branch&cut) =    0.00 sec. (0.61 ticks)
Version identifier: 22.1.0.0 | 2022-03-09 | 1a383f8ce
CPXPARAM_Threads                                 1
CPXPARAM_MIP_Strategy_VariableSelect             3
CPXPARAM_TimeLimit                               598.96984134499996
Found incumbent of value 0.000000 after 0.00 sec. (0.54 ticks)

Root node processing (before b&c):
  Real time             =    0.00 sec. (0.61 ticks)
Sequential b&c:
  Real time             =    0.00 sec. (0.00 ticks)
                          ------------
Total (root+branch&cut) =    0.00 sec. (0.61 ticks)
Version identifier: 22.1.0.0 | 2022-03-09 | 1a383f8ce
CPXPARAM_Threads                                 1
CPXPARAM_MIP_Strategy_VariableSelect             3
CPXPARAM_TimeLimit                               598.94770006299996
Found incumbent of value 0.000000 after 0.00 sec. (0.54 ticks)

Root node processing (before b&c):
  Real time             =    0.00 sec. (0.61 ticks)
Sequential b&c:
  Real time             =    0.00 sec. (0.00 ticks)
                          ------------
Total (root+branch&cut) =    0.00 sec. (0.61 ticks)
Version identifier: 22.1.0.0 | 2022-03-09 | 1a383f8ce
CPXPARAM_Threads                                 1
CPXPARAM_MIP_Strategy_VariableSelect             3
CPXPARAM_TimeLimit                               598.92591435400004
Found incumbent of value 0.000000 after 0.00 sec. (0.55 ticks)

Root node processing (before b&c):
  Real time             =    0.00 sec. (0.62 ticks)
Sequential b&c:
  Real time             =    0.00 sec. (0.00 ticks)
                          ------------
Total (root+branch&cut) =    0.00 sec. (0.62 ticks)
Version identifier: 22.1.0.0 | 2022-03-09 | 1a383f8ce
CPXPARAM_Threads                                 1
CPXPARAM_MIP_Strategy_VariableSelect             3
CPXPARAM_TimeLimit                               598.90390613
Tried aggregator 1 time.
MIP Presolve eliminated 18 rows and 654 columns.
MIP Presolve modified 1 coefficients.
Reduced MIP has 2283 rows, 3270 columns, and 30534 nonzeros.
Reduced MIP has 3270 binaries, 0 generals, 0 SOSs, and 0 indicators.
Presolve time = 0.02 sec. (21.28 ticks)
Probing time = 0.00 sec. (4.69 ticks)
Tried aggregator 1 time.
Detecting symmetries...
Reduced MIP has 2283 rows, 3270 columns, and 30534 nonzeros.
Reduced MIP has 3270 binaries, 0 generals, 0 SOSs, and 0 indicators.
Presolve time = 0.02 sec. (23.89 ticks)
Probing time = 0.00 sec. (4.69 ticks)
Clique table members: 1625.
MIP emphasis: balance optimality and feasibility.
MIP search method: dynamic search.
Parallel mode: none, using 1 thread.
Root relaxation solution time = 0.04 sec. (32.71 ticks)

        Nodes                                         Cuts/
   Node  Left     Objective  IInf  Best Integer    Best Bound    ItCnt     Gap

      0     0        0.0000   237                      0.0000      817         
*     0+    0                            0.0000        0.0000             0.00%
      0     0        cutoff              0.0000        0.0000      817    0.00%
Elapsed time = 0.26 sec. (225.75 ticks, tree = 0.01 MB, solutions = 1)

Root node processing (before b&c):
  Real time             =    0.27 sec. (225.87 ticks)
Sequential b&c:
  Real time             =    0.00 sec. (0.00 ticks)
                          ------------
Total (root+branch&cut) =    0.27 sec. (225.87 ticks)
Version identifier: 22.1.0.0 | 2022-03-09 | 1a383f8ce
CPXPARAM_Threads                                 1
CPXPARAM_MIP_Strategy_VariableSelect             3
CPXPARAM_TimeLimit                               598.61628652900004
Tried aggregator 1 time.
MIP Presolve eliminated 18 rows and 656 columns.
MIP Presolve modified 1 coefficients.
Reduced MIP has 2290 rows, 3280 columns, and 30628 nonzeros.
Reduced MIP has 3280 binaries, 0 generals, 0 SOSs, and 0 indicators.
Presolve time = 0.02 sec. (21.36 ticks)
Probing time = 0.00 sec. (4.71 ticks)
Tried aggregator 1 time.
Detecting symmetries...
Reduced MIP has 2290 rows, 3280 columns, and 30628 nonzeros.
Reduced MIP has 3280 binaries, 0 generals, 0 SOSs, and 0 indicators.
Presolve time = 0.02 sec. (23.97 ticks)
Probing time = 0.00 sec. (4.71 ticks)
Clique table members: 1630.
MIP emphasis: balance optimality and feasibility.
MIP search method: dynamic search.
Parallel mode: none, using 1 thread.
Root relaxation solution time = 0.04 sec. (33.22 ticks)

        Nodes                                         Cuts/
   Node  Left     Objective  IInf  Best Integer    Best Bound    ItCnt     Gap

      0     0        0.0000   164                      0.0000      825         
*     0+    0                            0.0000        0.0000             0.00%
      0     0        cutoff              0.0000        0.0000      825    0.00%
Elapsed time = 0.19 sec. (167.20 ticks, tree = 0.01 MB, solutions = 1)

Root node processing (before b&c):
  Real time             =    0.19 sec. (167.32 ticks)
Sequential b&c:
  Real time             =    0.00 sec. (0.00 ticks)
                          ------------
Total (root+branch&cut) =    0.19 sec. (167.32 ticks)
Version identifier: 22.1.0.0 | 2022-03-09 | 1a383f8ce
CPXPARAM_Threads                                 1
CPXPARAM_MIP_Strategy_VariableSelect             3
CPXPARAM_TimeLimit                               598.39835542200001
Tried aggregator 1 time.
MIP Presolve eliminated 18 rows and 658 columns.
MIP Presolve modified 1 coefficients.
Reduced MIP has 2297 rows, 3290 columns, and 30722 nonzeros.
Reduced MIP has 3290 binaries, 0 generals, 0 SOSs, and 0 indicators.
Presolve time = 0.02 sec. (21.44 ticks)
Probing time = 0.00 sec. (4.68 ticks)
Tried aggregator 1 time.
Detecting symmetries...
Reduced MIP has 2297 rows, 3290 columns, and 30722 nonzeros.
Reduced MIP has 3290 binaries, 0 generals, 0 SOSs, and 0 indicators.
Presolve time = 0.02 sec. (24.06 ticks)
Probing time = 0.00 sec. (4.68 ticks)
Clique table members: 1635.
MIP emphasis: balance optimality and feasibility.
MIP search method: dynamic search.
Parallel mode: none, using 1 thread.
Root relaxation solution time = 0.04 sec. (35.79 ticks)

        Nodes                                         Cuts/
   Node  Left     Objective  IInf  Best Integer    Best Bound    ItCnt     Gap

      0     0        0.0000   248                      0.0000      887         
*     0+    0                            0.0000        0.0000             0.00%
      0     0        cutoff              0.0000        0.0000      887    0.00%
Elapsed time = 0.29 sec. (247.52 ticks, tree = 0.01 MB, solutions = 1)

Root node processing (before b&c):
  Real time             =    0.29 sec. (247.64 ticks)
Sequential b&c:
  Real time             =    0.00 sec. (0.00 ticks)
                          ------------
Total (root+branch&cut) =    0.29 sec. (247.64 ticks)
Version identifier: 22.1.0.0 | 2022-03-09 | 1a383f8ce
CPXPARAM_Threads                                 1
CPXPARAM_MIP_Strategy_VariableSelect             3
CPXPARAM_TimeLimit                               598.08391791700001
Tried aggregator 1 time.
MIP Presolve eliminated 18 rows and 660 columns.
MIP Presolve modified 1 coefficients.
Reduced MIP has 2304 rows, 3300 columns, and 30816 nonzeros.
Reduced MIP has 3300 binaries, 0 generals, 0 SOSs, and 0 indicators.
Presolve time = 0.02 sec. (21.52 ticks)
Probing time = 0.00 sec. (4.69 ticks)
Tried aggregator 1 time.
Detecting symmetries...
Reduced MIP has 2304 rows, 3300 columns, and 30816 nonzeros.
Reduced MIP has 3300 binaries, 0 generals, 0 SOSs, and 0 indicators.
Presolve time = 0.02 sec. (24.16 ticks)
Probing time = 0.00 sec. (4.69 ticks)
Clique table members: 1640.
MIP emphasis: balance optimality and feasibility.
MIP search method: dynamic search.
Parallel mode: none, using 1 thread.
Root relaxation solution time = 0.04 sec. (33.17 ticks)

        Nodes                                         Cuts/
   Node  Left     Objective  IInf  Best Integer    Best Bound    ItCnt     Gap

      0     0        0.0000   296                      0.0000      832         
*     0+    0                            0.0000        0.0000             0.00%
      0     0        cutoff              0.0000        0.0000      832    0.00%
Elapsed time = 0.28 sec. (240.16 ticks, tree = 0.01 MB, solutions = 1)

Root node processing (before b&c):
  Real time             =    0.28 sec. (240.28 ticks)
Sequential b&c:
  Real time             =    0.00 sec. (0.00 ticks)
                          ------------
Total (root+branch&cut) =    0.28 sec. (240.28 ticks)
Version identifier: 22.1.0.0 | 2022-03-09 | 1a383f8ce
CPXPARAM_Threads                                 1
CPXPARAM_MIP_Strategy_VariableSelect             3
CPXPARAM_TimeLimit                               597.78148840799997
Tried aggregator 1 time.
MIP Presolve eliminated 18 rows and 662 columns.
MIP Presolve modified 1 coefficients.
Reduced MIP has 2311 rows, 3310 columns, and 30910 nonzeros.
Reduced MIP has 3310 binaries, 0 generals, 0 SOSs, and 0 indicators.
Presolve time = 0.02 sec. (21.59 ticks)
Probing time = 0.00 sec. (4.71 ticks)
Tried aggregator 1 time.
Detecting symmetries...
Reduced MIP has 2311 rows, 3310 columns, and 30910 nonzeros.
Reduced MIP has 3310 binaries, 0 generals, 0 SOSs, and 0 indicators.
Presolve time = 0.02 sec. (24.22 ticks)
Probing time = 0.00 sec. (4.71 ticks)
Clique table members: 1645.
MIP emphasis: balance optimality and feasibility.
MIP search method: dynamic search.
Parallel mode: none, using 1 thread.
Root relaxation solution time = 0.04 sec. (36.53 ticks)

        Nodes                                         Cuts/
   Node  Left     Objective  IInf  Best Integer    Best Bound    ItCnt     Gap

      0     0        0.0000   196                      0.0000      906         
*     0+    0                            0.0000        0.0000             0.00%
      0     0        cutoff              0.0000        0.0000      906    0.00%
Elapsed time = 0.30 sec. (258.61 ticks, tree = 0.01 MB, solutions = 1)

Root node processing (before b&c):
  Real time             =    0.30 sec. (258.73 ticks)
Sequential b&c:
  Real time             =    0.00 sec. (0.00 ticks)
                          ------------
Total (root+branch&cut) =    0.30 sec. (258.73 ticks)
Version identifier: 22.1.0.0 | 2022-03-09 | 1a383f8ce
CPXPARAM_Threads                                 1
CPXPARAM_MIP_Strategy_VariableSelect             3
CPXPARAM_TimeLimit                               597.46203312700004
Tried aggregator 1 time.
MIP Presolve eliminated 18 rows and 664 columns.
MIP Presolve modified 1 coefficients.
Reduced MIP has 2318 rows, 3320 columns, and 31004 nonzeros.
Reduced MIP has 3320 binaries, 0 generals, 0 SOSs, and 0 indicators.
Presolve time = 0.02 sec. (21.68 ticks)
Probing time = 0.00 sec. (4.72 ticks)
Tried aggregator 1 time.
Detecting symmetries...
Reduced MIP has 2318 rows, 3320 columns, and 31004 nonzeros.
Reduced MIP has 3320 binaries, 0 generals, 0 SOSs, and 0 indicators.
Presolve time = 0.02 sec. (24.33 ticks)
Probing time = 0.00 sec. (4.72 ticks)
Clique table members: 1650.
MIP emphasis: balance optimality and feasibility.
MIP search method: dynamic search.
Parallel mode: none, using 1 thread.
Root relaxation solution time = 0.04 sec. (32.66 ticks)

        Nodes                                         Cuts/
   Node  Left     Objective  IInf  Best Integer    Best Bound    ItCnt     Gap

      0     0        0.0000   384                      0.0000      878         
*     0+    0                            0.0000        0.0000             0.00%
      0     0        cutoff              0.0000        0.0000      878    0.00%
Elapsed time = 0.26 sec. (223.06 ticks, tree = 0.01 MB, solutions = 1)

Root node processing (before b&c):
  Real time             =    0.26 sec. (223.19 ticks)
Sequential b&c:
  Real time             =    0.00 sec. (0.00 ticks)
                          ------------
Total (root+branch&cut) =    0.26 sec. (223.19 ticks)
Version identifier: 22.1.0.0 | 2022-03-09 | 1a383f8ce
CPXPARAM_Threads                                 1
CPXPARAM_MIP_Strategy_VariableSelect             3
CPXPARAM_TimeLimit                               597.180937814
Tried aggregator 1 time.
MIP Presolve eliminated 18 rows and 666 columns.
MIP Presolve modified 1 coefficients.
Reduced MIP has 2325 rows, 3330 columns, and 31098 nonzeros.
Reduced MIP has 3330 binaries, 0 generals, 0 SOSs, and 0 indicators.
Presolve time = 0.02 sec. (21.75 ticks)
Probing time = 0.00 sec. (4.73 ticks)
Tried aggregator 1 time.
Detecting symmetries...
Reduced MIP has 2325 rows, 3330 columns, and 31098 nonzeros.
Reduced MIP has 3330 binaries, 0 generals, 0 SOSs, and 0 indicators.
Presolve time = 0.02 sec. (24.41 ticks)
Probing time = 0.00 sec. (4.73 ticks)
Clique table members: 1655.
MIP emphasis: balance optimality and feasibility.
MIP search method: dynamic search.
Parallel mode: none, using 1 thread.
Root relaxation solution time = 0.04 sec. (35.97 ticks)

        Nodes                                         Cuts/
   Node  Left     Objective  IInf  Best Integer    Best Bound    ItCnt     Gap

      0     0        0.0000   264                      0.0000      903         
*     0+    0                            0.0000        0.0000             0.00%
      0     0        cutoff              0.0000        0.0000      903    0.00%
Elapsed time = 0.31 sec. (263.02 ticks, tree = 0.01 MB, solutions = 1)

Root node processing (before b&c):
  Real time             =    0.31 sec. (263.14 ticks)
Sequential b&c:
  Real time             =    0.00 sec. (0.00 ticks)
                          ------------
Total (root+branch&cut) =    0.31 sec. (263.14 ticks)
Version identifier: 22.1.0.0 | 2022-03-09 | 1a383f8ce
CPXPARAM_Threads                                 1
CPXPARAM_MIP_Strategy_VariableSelect             3
CPXPARAM_TimeLimit                               596.84767944600003
Tried aggregator 1 time.
MIP Presolve eliminated 18 rows and 668 columns.
MIP Presolve modified 1 coefficients.
Reduced MIP has 2332 rows, 3340 columns, and 31192 nonzeros.
Reduced MIP has 3340 binaries, 0 generals, 0 SOSs, and 0 indicators.
Presolve time = 0.02 sec. (21.83 ticks)
Probing time = 0.00 sec. (4.75 ticks)
Tried aggregator 1 time.
Detecting symmetries...
Reduced MIP has 2332 rows, 3340 columns, and 31192 nonzeros.
Reduced MIP has 3340 binaries, 0 generals, 0 SOSs, and 0 indicators.
Presolve time = 0.02 sec. (24.50 ticks)
Probing time = 0.00 sec. (4.75 ticks)
Clique table members: 1660.
MIP emphasis: balance optimality and feasibility.
MIP search method: dynamic search.
Parallel mode: none, using 1 thread.
Root relaxation solution time = 0.05 sec. (41.18 ticks)

        Nodes                                         Cuts/
   Node  Left     Objective  IInf  Best Integer    Best Bound    ItCnt     Gap

      0     0        0.0000   374                      0.0000      941         
*     0+    0                            0.0000        0.0000             0.00%
      0     0        cutoff              0.0000        0.0000      941    0.00%
Elapsed time = 0.38 sec. (293.53 ticks, tree = 0.01 MB, solutions = 1)

Root node processing (before b&c):
  Real time             =    0.38 sec. (293.65 ticks)
Sequential b&c:
  Real time             =    0.00 sec. (0.00 ticks)
                          ------------
Total (root+branch&cut) =    0.38 sec. (293.65 ticks)
Version identifier: 22.1.0.0 | 2022-03-09 | 1a383f8ce
CPXPARAM_Threads                                 1
CPXPARAM_MIP_Strategy_VariableSelect             3
CPXPARAM_TimeLimit                               596.44033231000003
Tried aggregator 1 time.
MIP Presolve eliminated 18 rows and 670 columns.
MIP Presolve modified 1 coefficients.
Reduced MIP has 2339 rows, 3350 columns, and 31286 nonzeros.
Reduced MIP has 3350 binaries, 0 generals, 0 SOSs, and 0 indicators.
Presolve time = 0.02 sec. (21.91 ticks)
Probing time = 0.00 sec. (4.72 ticks)
Tried aggregator 1 time.
Detecting symmetries...
Reduced MIP has 2339 rows, 3350 columns, and 31286 nonzeros.
Reduced MIP has 3350 binaries, 0 generals, 0 SOSs, and 0 indicators.
Presolve time = 0.02 sec. (24.58 ticks)
Probing time = 0.00 sec. (4.72 ticks)
Clique table members: 1665.
MIP emphasis: balance optimality and feasibility.
MIP search method: dynamic search.
Parallel mode: none, using 1 thread.
Root relaxation solution time = 0.05 sec. (40.70 ticks)

        Nodes                                         Cuts/
   Node  Left     Objective  IInf  Best Integer    Best Bound    ItCnt     Gap

      0     0        0.0000   318                      0.0000      943         
*     0+    0                            0.0000        0.0000             0.00%
      0     0        cutoff              0.0000        0.0000      943    0.00%
Elapsed time = 0.31 sec. (258.35 ticks, tree = 0.01 MB, solutions = 1)

Root node processing (before b&c):
  Real time             =    0.31 sec. (258.47 ticks)
Sequential b&c:
  Real time             =    0.00 sec. (0.00 ticks)
                          ------------
Total (root+branch&cut) =    0.31 sec. (258.47 ticks)
Version identifier: 22.1.0.0 | 2022-03-09 | 1a383f8ce
CPXPARAM_Threads                                 1
CPXPARAM_MIP_Strategy_VariableSelect             3
CPXPARAM_TimeLimit                               596.10851354700003
Tried aggregator 1 time.
MIP Presolve eliminated 18 rows and 672 columns.
MIP Presolve modified 1 coefficients.
Reduced MIP has 2346 rows, 3360 columns, and 31380 nonzeros.
Reduced MIP has 3360 binaries, 0 generals, 0 SOSs, and 0 indicators.
Presolve time = 0.02 sec. (22.00 ticks)
Probing time = 0.00 sec. (4.73 ticks)
Tried aggregator 1 time.
Detecting symmetries...
Reduced MIP has 2346 rows, 3360 columns, and 31380 nonzeros.
Reduced MIP has 3360 binaries, 0 generals, 0 SOSs, and 0 indicators.
Presolve time = 0.02 sec. (24.68 ticks)
Probing time = 0.00 sec. (4.73 ticks)
Clique table members: 1670.
MIP emphasis: balance optimality and feasibility.
MIP search method: dynamic search.
Parallel mode: none, using 1 thread.
Root relaxation solution time = 0.05 sec. (42.61 ticks)

        Nodes                                         Cuts/
   Node  Left     Objective  IInf  Best Integer    Best Bound    ItCnt     Gap

      0     0        0.0000   346                      0.0000      958         
*     0+    0                            0.0000        0.0000             0.00%
      0     0        cutoff              0.0000        0.0000      958    0.00%
Elapsed time = 0.42 sec. (322.71 ticks, tree = 0.01 MB, solutions = 1)

Root node processing (before b&c):
  Real time             =    0.42 sec. (322.84 ticks)
Sequential b&c:
  Real time             =    0.00 sec. (0.00 ticks)
                          ------------
Total (root+branch&cut) =    0.42 sec. (322.84 ticks)
Version identifier: 22.1.0.0 | 2022-03-09 | 1a383f8ce
CPXPARAM_Threads                                 1
CPXPARAM_MIP_Strategy_VariableSelect             3
CPXPARAM_TimeLimit                               595.66326658900005
Tried aggregator 1 time.
MIP Presolve eliminated 18 rows and 674 columns.
MIP Presolve modified 1 coefficients.
Reduced MIP has 2353 rows, 3370 columns, and 31474 nonzeros.
Reduced MIP has 3370 binaries, 0 generals, 0 SOSs, and 0 indicators.
Presolve time = 0.02 sec. (22.06 ticks)
Probing time = 0.00 sec. (4.74 ticks)
Tried aggregator 1 time.
Detecting symmetries...
Reduced MIP has 2353 rows, 3370 columns, and 31474 nonzeros.
Reduced MIP has 3370 binaries, 0 generals, 0 SOSs, and 0 indicators.
Presolve time = 0.02 sec. (24.75 ticks)
Probing time = 0.00 sec. (4.74 ticks)
Clique table members: 1675.
MIP emphasis: balance optimality and feasibility.
MIP search method: dynamic search.
Parallel mode: none, using 1 thread.
Root relaxation solution time = 0.04 sec. (38.16 ticks)

        Nodes                                         Cuts/
   Node  Left     Objective  IInf  Best Integer    Best Bound    ItCnt     Gap

      0     0        0.0000   330                      0.0000      907         
*     0+    0                            0.0000        0.0000             0.00%
      0     0        cutoff              0.0000        0.0000      907    0.00%
Elapsed time = 0.32 sec. (278.54 ticks, tree = 0.01 MB, solutions = 1)

Root node processing (before b&c):
  Real time             =    0.32 sec. (278.66 ticks)
Sequential b&c:
  Real time             =    0.00 sec. (0.00 ticks)
                          ------------
Total (root+branch&cut) =    0.32 sec. (278.66 ticks)
Version identifier: 22.1.0.0 | 2022-03-09 | 1a383f8ce
CPXPARAM_Threads                                 1
CPXPARAM_MIP_Strategy_VariableSelect             3
CPXPARAM_TimeLimit                               595.31777370500004
Tried aggregator 1 time.
MIP Presolve eliminated 18 rows and 676 columns.
MIP Presolve modified 1 coefficients.
Reduced MIP has 2360 rows, 3380 columns, and 31568 nonzeros.
Reduced MIP has 3380 binaries, 0 generals, 0 SOSs, and 0 indicators.
Presolve time = 0.02 sec. (22.16 ticks)
Probing time = 0.00 sec. (4.76 ticks)
Tried aggregator 1 time.
Detecting symmetries...
Reduced MIP has 2360 rows, 3380 columns, and 31568 nonzeros.
Reduced MIP has 3380 binaries, 0 generals, 0 SOSs, and 0 indicators.
Presolve time = 0.03 sec. (24.86 ticks)
Probing time = 0.00 sec. (4.76 ticks)
Clique table members: 1680.
MIP emphasis: balance optimality and feasibility.
MIP search method: dynamic search.
Parallel mode: none, using 1 thread.
Root relaxation solution time = 0.05 sec. (43.75 ticks)

        Nodes                                         Cuts/
   Node  Left     Objective  IInf  Best Integer    Best Bound    ItCnt     Gap

      0     0        0.0000   387                      0.0000      977         
*     0+    0                            0.0000        0.0000             0.00%
      0     0        cutoff              0.0000        0.0000      977    0.00%
Elapsed time = 0.34 sec. (298.19 ticks, tree = 0.01 MB, solutions = 1)

Root node processing (before b&c):
  Real time             =    0.34 sec. (298.31 ticks)
Sequential b&c:
  Real time             =    0.00 sec. (0.00 ticks)
                          ------------
Total (root+branch&cut) =    0.34 sec. (298.31 ticks)
Version identifier: 22.1.0.0 | 2022-03-09 | 1a383f8ce
CPXPARAM_Threads                                 1
CPXPARAM_MIP_Strategy_VariableSelect             3
CPXPARAM_TimeLimit                               594.95030460299995
Tried aggregator 1 time.
MIP Presolve eliminated 18 rows and 678 columns.
MIP Presolve modified 1 coefficients.
Reduced MIP has 2367 rows, 3390 columns, and 31662 nonzeros.
Reduced MIP has 3390 binaries, 0 generals, 0 SOSs, and 0 indicators.
Presolve time = 0.02 sec. (22.23 ticks)
Probing time = 0.00 sec. (4.77 ticks)
Tried aggregator 1 time.
Detecting symmetries...
Reduced MIP has 2367 rows, 3390 columns, and 31662 nonzeros.
Reduced MIP has 3390 binaries, 0 generals, 0 SOSs, and 0 indicators.
Presolve time = 0.02 sec. (24.93 ticks)
Probing time = 0.00 sec. (4.77 ticks)
Clique table members: 1685.
MIP emphasis: balance optimality and feasibility.
MIP search method: dynamic search.
Parallel mode: none, using 1 thread.
Root relaxation solution time = 0.05 sec. (46.85 ticks)

        Nodes                                         Cuts/
   Node  Left     Objective  IInf  Best Integer    Best Bound    ItCnt     Gap

      0     0        0.0000   388                      0.0000     1027         
*     0+    0                            0.0000        0.0000             0.00%
      0     0        cutoff              0.0000        0.0000     1027    0.00%
Elapsed time = 0.37 sec. (285.30 ticks, tree = 0.01 MB, solutions = 1)

Root node processing (before b&c):
  Real time             =    0.37 sec. (285.43 ticks)
Sequential b&c:
  Real time             =    0.00 sec. (0.00 ticks)
                          ------------
Total (root+branch&cut) =    0.37 sec. (285.43 ticks)
Version identifier: 22.1.0.0 | 2022-03-09 | 1a383f8ce
CPXPARAM_Threads                                 1
CPXPARAM_MIP_Strategy_VariableSelect             3
CPXPARAM_TimeLimit                               594.55756196200002
Tried aggregator 1 time.
MIP Presolve eliminated 18 rows and 680 columns.
MIP Presolve modified 1 coefficients.
Reduced MIP has 2374 rows, 3400 columns, and 31756 nonzeros.
Reduced MIP has 3400 binaries, 0 generals, 0 SOSs, and 0 indicators.
Presolve time = 0.03 sec. (22.31 ticks)
Probing time = 0.00 sec. (4.78 ticks)
Tried aggregator 1 time.
Detecting symmetries...
Reduced MIP has 2374 rows, 3400 columns, and 31756 nonzeros.
Reduced MIP has 3400 binaries, 0 generals, 0 SOSs, and 0 indicators.
Presolve time = 0.03 sec. (25.02 ticks)
Probing time = 0.00 sec. (4.78 ticks)
Clique table members: 1690.
MIP emphasis: balance optimality and feasibility.
MIP search method: dynamic search.
Parallel mode: none, using 1 thread.
Root relaxation solution time = 0.05 sec. (43.48 ticks)

        Nodes                                         Cuts/
   Node  Left     Objective  IInf  Best Integer    Best Bound    ItCnt     Gap

      0     0        0.0000   268                      0.0000      953         
*     0+    0                            0.0000        0.0000             0.00%
      0     0        cutoff              0.0000        0.0000      953    0.00%
Elapsed time = 0.34 sec. (278.66 ticks, tree = 0.01 MB, solutions = 1)

Root node processing (before b&c):
  Real time             =    0.34 sec. (278.78 ticks)
Sequential b&c:
  Real time             =    0.00 sec. (0.00 ticks)
                          ------------
Total (root+branch&cut) =    0.34 sec. (278.78 ticks)
Version identifier: 22.1.0.0 | 2022-03-09 | 1a383f8ce
CPXPARAM_Threads                                 1
CPXPARAM_MIP_Strategy_VariableSelect             3
CPXPARAM_TimeLimit                               594.19699977799996
Tried aggregator 1 time.
MIP Presolve eliminated 18 rows and 682 columns.
MIP Presolve modified 1 coefficients.
Reduced MIP has 2381 rows, 3410 columns, and 31850 nonzeros.
Reduced MIP has 3410 binaries, 0 generals, 0 SOSs, and 0 indicators.
Presolve time = 0.02 sec. (22.38 ticks)
Probing time = 0.00 sec. (4.80 ticks)
Tried aggregator 1 time.
Detecting symmetries...
Reduced MIP has 2381 rows, 3410 columns, and 31850 nonzeros.
Reduced MIP has 3410 binaries, 0 generals, 0 SOSs, and 0 indicators.
Presolve time = 0.02 sec. (25.11 ticks)
Probing time = 0.00 sec. (4.80 ticks)
Clique table members: 1695.
MIP emphasis: balance optimality and feasibility.
MIP search method: dynamic search.
Parallel mode: none, using 1 thread.
Root relaxation solution time = 0.05 sec. (43.60 ticks)

        Nodes                                         Cuts/
   Node  Left     Objective  IInf  Best Integer    Best Bound    ItCnt     Gap

      0     0        0.0000   420                      0.0000     1018         
*     0+    0                            0.0000        0.0000             0.00%
      0     0        cutoff              0.0000        0.0000     1018    0.00%
Elapsed time = 0.39 sec. (309.21 ticks, tree = 0.01 MB, solutions = 1)

Root node processing (before b&c):
  Real time             =    0.39 sec. (309.34 ticks)
Sequential b&c:
  Real time             =    0.00 sec. (0.00 ticks)
                          ------------
Total (root+branch&cut) =    0.39 sec. (309.34 ticks)
Version identifier: 22.1.0.0 | 2022-03-09 | 1a383f8ce
CPXPARAM_Threads                                 1
CPXPARAM_MIP_Strategy_VariableSelect             3
CPXPARAM_TimeLimit                               593.78706478799995
Tried aggregator 1 time.
MIP Presolve eliminated 18 rows and 684 columns.
MIP Presolve modified 1 coefficients.
Reduced MIP has 2388 rows, 3420 columns, and 31944 nonzeros.
Reduced MIP has 3420 binaries, 0 generals, 0 SOSs, and 0 indicators.
Presolve time = 0.02 sec. (22.47 ticks)
Probing time = 0.00 sec. (4.77 ticks)
Tried aggregator 1 time.
Detecting symmetries...
Reduced MIP has 2388 rows, 3420 columns, and 31944 nonzeros.
Reduced MIP has 3420 binaries, 0 generals, 0 SOSs, and 0 indicators.
Presolve time = 0.02 sec. (25.20 ticks)
Probing time = 0.00 sec. (4.77 ticks)
Clique table members: 1700.
MIP emphasis: balance optimality and feasibility.
MIP search method: dynamic search.
Parallel mode: none, using 1 thread.
Root relaxation solution time = 0.05 sec. (43.41 ticks)

        Nodes                                         Cuts/
   Node  Left     Objective  IInf  Best Integer    Best Bound    ItCnt     Gap

      0     0        0.0000   390                      0.0000     1018         
*     0+    0                            0.0000        0.0000             0.00%
      0     0        cutoff              0.0000        0.0000     1018    0.00%
Elapsed time = 0.32 sec. (271.42 ticks, tree = 0.01 MB, solutions = 1)

Root node processing (before b&c):
  Real time             =    0.32 sec. (271.55 ticks)
Sequential b&c:
  Real time             =    0.00 sec. (0.00 ticks)
                          ------------
Total (root+branch&cut) =    0.32 sec. (271.55 ticks)
Version identifier: 22.1.0.0 | 2022-03-09 | 1a383f8ce
CPXPARAM_Threads                                 1
CPXPARAM_MIP_Strategy_VariableSelect             3
CPXPARAM_TimeLimit                               593.43871236999996
Tried aggregator 1 time.
MIP Presolve eliminated 18 rows and 686 columns.
MIP Presolve modified 1 coefficients.
Reduced MIP has 2395 rows, 3430 columns, and 32038 nonzeros.
Reduced MIP has 3430 binaries, 0 generals, 0 SOSs, and 0 indicators.
Presolve time = 0.02 sec. (22.54 ticks)
Probing time = 0.00 sec. (4.78 ticks)
Tried aggregator 1 time.
Detecting symmetries...
Reduced MIP has 2395 rows, 3430 columns, and 32038 nonzeros.
Reduced MIP has 3430 binaries, 0 generals, 0 SOSs, and 0 indicators.
Presolve time = 0.03 sec. (25.27 ticks)
Probing time = 0.00 sec. (4.78 ticks)
Clique table members: 1705.
MIP emphasis: balance optimality and feasibility.
MIP search method: dynamic search.
Parallel mode: none, using 1 thread.
Root relaxation solution time = 0.06 sec. (52.88 ticks)

        Nodes                                         Cuts/
   Node  Left     Objective  IInf  Best Integer    Best Bound    ItCnt     Gap

      0     0        0.0000   374                      0.0000     1085         
*     0+    0                            0.0000        0.0000             0.00%
      0     0        cutoff              0.0000        0.0000     1085    0.00%
Elapsed time = 0.36 sec. (299.63 ticks, tree = 0.01 MB, solutions = 1)

Root node processing (before b&c):
  Real time             =    0.36 sec. (299.76 ticks)
Sequential b&c:
  Real time             =    0.00 sec. (0.00 ticks)
                          ------------
Total (root+branch&cut) =    0.36 sec. (299.76 ticks)
Version identifier: 22.1.0.0 | 2022-03-09 | 1a383f8ce
CPXPARAM_Threads                                 1
CPXPARAM_MIP_Strategy_VariableSelect             3
CPXPARAM_TimeLimit                               593.05458509699997
Tried aggregator 1 time.
MIP Presolve eliminated 18 rows and 688 columns.
MIP Presolve modified 1 coefficients.
Reduced MIP has 2402 rows, 3440 columns, and 32132 nonzeros.
Reduced MIP has 3440 binaries, 0 generals, 0 SOSs, and 0 indicators.
Presolve time = 0.02 sec. (22.63 ticks)
Probing time = 0.00 sec. (4.79 ticks)
Tried aggregator 1 time.
Detecting symmetries...
Reduced MIP has 2402 rows, 3440 columns, and 32132 nonzeros.
Reduced MIP has 3440 binaries, 0 generals, 0 SOSs, and 0 indicators.
Presolve time = 0.03 sec. (25.37 ticks)
Probing time = 0.00 sec. (4.79 ticks)
Clique table members: 1710.
MIP emphasis: balance optimality and feasibility.
MIP search method: dynamic search.
Parallel mode: none, using 1 thread.
Root relaxation solution time = 0.05 sec. (46.83 ticks)

        Nodes                                         Cuts/
   Node  Left     Objective  IInf  Best Integer    Best Bound    ItCnt     Gap

      0     0        0.0000   444                      0.0000     1076         
*     0+    0                            0.0000        0.0000             0.00%
      0     0        cutoff              0.0000        0.0000     1076    0.00%
Elapsed time = 0.45 sec. (339.91 ticks, tree = 0.01 MB, solutions = 1)

Root node processing (before b&c):
  Real time             =    0.45 sec. (340.04 ticks)
Sequential b&c:
  Real time             =    0.00 sec. (0.00 ticks)
                          ------------
Total (root+branch&cut) =    0.45 sec. (340.04 ticks)
Version identifier: 22.1.0.0 | 2022-03-09 | 1a383f8ce
CPXPARAM_Threads                                 1
CPXPARAM_MIP_Strategy_VariableSelect             3
CPXPARAM_TimeLimit                               592.57791644500003
Tried aggregator 1 time.
MIP Presolve eliminated 18 rows and 690 columns.
MIP Presolve modified 1 coefficients.
Reduced MIP has 2409 rows, 3450 columns, and 32226 nonzeros.
Reduced MIP has 3450 binaries, 0 generals, 0 SOSs, and 0 indicators.
Presolve time = 0.03 sec. (22.70 ticks)
Probing time = 0.00 sec. (4.81 ticks)
Tried aggregator 1 time.
Detecting symmetries...
Reduced MIP has 2409 rows, 3450 columns, and 32226 nonzeros.
Reduced MIP has 3450 binaries, 0 generals, 0 SOSs, and 0 indicators.
Presolve time = 0.03 sec. (25.46 ticks)
Probing time = 0.00 sec. (4.81 ticks)
Clique table members: 1715.
MIP emphasis: balance optimality and feasibility.
MIP search method: dynamic search.
Parallel mode: none, using 1 thread.
Root relaxation solution time = 0.06 sec. (49.74 ticks)

        Nodes                                         Cuts/
   Node  Left     Objective  IInf  Best Integer    Best Bound    ItCnt     Gap

      0     0        0.0000   623                      0.0000     1085         
*     0+    0                            0.0000        0.0000             0.00%
      0     0        cutoff              0.0000        0.0000     1085    0.00%
Elapsed time = 0.36 sec. (311.38 ticks, tree = 0.01 MB, solutions = 1)

Root node processing (before b&c):
  Real time             =    0.37 sec. (311.51 ticks)
Sequential b&c:
  Real time             =    0.00 sec. (0.00 ticks)
                          ------------
Total (root+branch&cut) =    0.37 sec. (311.51 ticks)
Version identifier: 22.1.0.0 | 2022-03-09 | 1a383f8ce
CPXPARAM_Threads                                 1
CPXPARAM_MIP_Strategy_VariableSelect             3
CPXPARAM_TimeLimit                               592.18912830900001
Tried aggregator 1 time.
MIP Presolve eliminated 18 rows and 692 columns.
MIP Presolve modified 1 coefficients.
Reduced MIP has 2416 rows, 3460 columns, and 32320 nonzeros.
Reduced MIP has 3460 binaries, 0 generals, 0 SOSs, and 0 indicators.
Presolve time = 0.03 sec. (22.78 ticks)
Probing time = 0.00 sec. (4.82 ticks)
Tried aggregator 1 time.
Detecting symmetries...
Reduced MIP has 2416 rows, 3460 columns, and 32320 nonzeros.
Reduced MIP has 3460 binaries, 0 generals, 0 SOSs, and 0 indicators.
Presolve time = 0.03 sec. (25.55 ticks)
Probing time = 0.00 sec. (4.82 ticks)
Clique table members: 1720.
MIP emphasis: balance optimality and feasibility.
MIP search method: dynamic search.
Parallel mode: none, using 1 thread.
Root relaxation solution time = 0.05 sec. (45.90 ticks)

        Nodes                                         Cuts/
   Node  Left     Objective  IInf  Best Integer    Best Bound    ItCnt     Gap

      0     0        0.0000   460                      0.0000     1068         
*     0+    0                            0.0000        0.0000             0.00%
      0     0        cutoff              0.0000        0.0000     1068    0.00%
Elapsed time = 0.29 sec. (246.51 ticks, tree = 0.01 MB, solutions = 1)

Root node processing (before b&c):
  Real time             =    0.29 sec. (246.64 ticks)
Sequential b&c:
  Real time             =    0.00 sec. (0.00 ticks)
                          ------------
Total (root+branch&cut) =    0.29 sec. (246.64 ticks)
Version identifier: 22.1.0.0 | 2022-03-09 | 1a383f8ce
CPXPARAM_Threads                                 1
CPXPARAM_MIP_Strategy_VariableSelect             3
CPXPARAM_TimeLimit                               591.87096591
Tried aggregator 1 time.
MIP Presolve eliminated 18 rows and 694 columns.
MIP Presolve modified 1 coefficients.
Reduced MIP has 2423 rows, 3470 columns, and 32414 nonzeros.
Reduced MIP has 3470 binaries, 0 generals, 0 SOSs, and 0 indicators.
Presolve time = 0.03 sec. (22.86 ticks)
Probing time = 0.00 sec. (4.83 ticks)
Tried aggregator 1 time.
Detecting symmetries...
Reduced MIP has 2423 rows, 3470 columns, and 32414 nonzeros.
Reduced MIP has 3470 binaries, 0 generals, 0 SOSs, and 0 indicators.
Presolve time = 0.03 sec. (25.63 ticks)
Probing time = 0.00 sec. (4.83 ticks)
Clique table members: 1725.
MIP emphasis: balance optimality and feasibility.
MIP search method: dynamic search.
Parallel mode: none, using 1 thread.
Root relaxation solution time = 0.05 sec. (46.42 ticks)

        Nodes                                         Cuts/
   Node  Left     Objective  IInf  Best Integer    Best Bound    ItCnt     Gap

      0     0        0.0000   704                      0.0000     1064         
*     0+    0                            0.0000        0.0000             0.00%
      0     0        cutoff              0.0000        0.0000     1064    0.00%
Elapsed time = 0.35 sec. (280.16 ticks, tree = 0.01 MB, solutions = 1)

Root node processing (before b&c):
  Real time             =    0.35 sec. (280.29 ticks)
Sequential b&c:
  Real time             =    0.00 sec. (0.00 ticks)
                          ------------
Total (root+branch&cut) =    0.35 sec. (280.29 ticks)
Version identifier: 22.1.0.0 | 2022-03-09 | 1a383f8ce
CPXPARAM_Threads                                 1
CPXPARAM_MIP_Strategy_VariableSelect             3
CPXPARAM_TimeLimit                               591.50153819399998
Tried aggregator 1 time.
MIP Presolve eliminated 18 rows and 696 columns.
MIP Presolve modified 1 coefficients.
Reduced MIP has 2430 rows, 3480 columns, and 32508 nonzeros.
Reduced MIP has 3480 binaries, 0 generals, 0 SOSs, and 0 indicators.
Presolve time = 0.03 sec. (22.95 ticks)
Probing time = 0.00 sec. (4.84 ticks)
Tried aggregator 1 time.
Detecting symmetries...
Reduced MIP has 2430 rows, 3480 columns, and 32508 nonzeros.
Reduced MIP has 3480 binaries, 0 generals, 0 SOSs, and 0 indicators.
Presolve time = 0.03 sec. (25.73 ticks)
Probing time = 0.00 sec. (4.84 ticks)
Clique table members: 1730.
MIP emphasis: balance optimality and feasibility.
MIP search method: dynamic search.
Parallel mode: none, using 1 thread.
Root relaxation solution time = 0.06 sec. (48.60 ticks)

        Nodes                                         Cuts/
   Node  Left     Objective  IInf  Best Integer    Best Bound    ItCnt     Gap

      0     0        0.0000   447                      0.0000     1065         
*     0+    0                            0.0000        0.0000             0.00%
      0     0        cutoff              0.0000        0.0000     1065    0.00%
Elapsed time = 0.36 sec. (312.43 ticks, tree = 0.01 MB, solutions = 1)

Root node processing (before b&c):
  Real time             =    0.36 sec. (312.56 ticks)
Sequential b&c:
  Real time             =    0.00 sec. (0.00 ticks)
                          ------------
Total (root+branch&cut) =    0.36 sec. (312.56 ticks)
Version identifier: 22.1.0.0 | 2022-03-09 | 1a383f8ce
CPXPARAM_Threads                                 1
CPXPARAM_MIP_Strategy_VariableSelect             3
CPXPARAM_TimeLimit                               591.11656130799997
Tried aggregator 1 time.
MIP Presolve eliminated 18 rows and 698 columns.
MIP Presolve modified 1 coefficients.
Reduced MIP has 2437 rows, 3490 columns, and 32602 nonzeros.
Reduced MIP has 3490 binaries, 0 generals, 0 SOSs, and 0 indicators.
Presolve time = 0.03 sec. (23.01 ticks)
Probing time = 0.00 sec. (4.81 ticks)
Tried aggregator 1 time.
Detecting symmetries...
Reduced MIP has 2437 rows, 3490 columns, and 32602 nonzeros.
Reduced MIP has 3490 binaries, 0 generals, 0 SOSs, and 0 indicators.
Presolve time = 0.03 sec. (25.80 ticks)
Probing time = 0.00 sec. (4.81 ticks)
Clique table members: 1735.
MIP emphasis: balance optimality and feasibility.
MIP search method: dynamic search.
Parallel mode: none, using 1 thread.
Root relaxation solution time = 0.07 sec. (59.61 ticks)

        Nodes                                         Cuts/
   Node  Left     Objective  IInf  Best Integer    Best Bound    ItCnt     Gap

*     0     0      integral     0        0.0000        0.0000     1232    0.00%
Elapsed time = 0.21 sec. (185.09 ticks, tree = 0.00 MB, solutions = 1)

Root node processing (before b&c):
  Real time             =    0.21 sec. (185.22 ticks)
Sequential b&c:
  Real time             =    0.00 sec. (0.00 ticks)
                          ------------
Total (root+branch&cut) =    0.21 sec. (185.22 ticks)
Version identifier: 22.1.0.0 | 2022-03-09 | 1a383f8ce
CPXPARAM_Threads                                 1
CPXPARAM_MIP_Strategy_VariableSelect             3
CPXPARAM_TimeLimit                               590.88218092399995
Tried aggregator 1 time.
MIP Presolve eliminated 18 rows and 700 columns.
MIP Presolve modified 1 coefficients.
Reduced MIP has 2444 rows, 3500 columns, and 32696 nonzeros.
Reduced MIP has 3500 binaries, 0 generals, 0 SOSs, and 0 indicators.
Presolve time = 0.03 sec. (23.11 ticks)
Probing time = 0.00 sec. (4.83 ticks)
Tried aggregator 1 time.
Detecting symmetries...
Reduced MIP has 2444 rows, 3500 columns, and 32696 nonzeros.
Reduced MIP has 3500 binaries, 0 generals, 0 SOSs, and 0 indicators.
Presolve time = 0.03 sec. (25.91 ticks)
Probing time = 0.00 sec. (4.83 ticks)
Clique table members: 1740.
MIP emphasis: balance optimality and feasibility.
MIP search method: dynamic search.
Parallel mode: none, using 1 thread.
Root relaxation solution time = 0.05 sec. (50.38 ticks)

        Nodes                                         Cuts/
   Node  Left     Objective  IInf  Best Integer    Best Bound    ItCnt     Gap

      0     0    infeasible                                       1090         

Root node processing (before b&c):
  Real time             =    0.20 sec. (175.16 ticks)
Sequential b&c:
  Real time             =    0.00 sec. (0.00 ticks)
                          ------------
Total (root+branch&cut) =    0.20 sec. (175.16 ticks)
Primal:	349
Dual:	349
Status:	Optimal
Time:	9.33322
Sequence:
	1
	9
	5
	9
	6
	9
	5
	9
	10
	9
	7
	9
	5
	9
	1
	9
	1
	9
	7
	9
	6
	9
	1
	9
	5
	9
	7
	9
	5
	9
	5
	9
	5
	9
	7
	9
	10
	9
	1
	9
	7
	9
	6
	9
	1
	9
	7
	9
	5
	9
	1
	9
	7
	9
	5
	9
	1
	9
	1
	9
	5
	9
	1
	9
	5
	9
	7
	9
	1
	9
	1
	9
	5
	9
	7
	9
	1
	9
	1
	9
	1
	9
	5
	9
	7
	9
	5
	9
	5
	9
	1
	9
	7
	9
	5
	9
	1
	9
	7
	9
	1
	9
	1
	9
	7
	9
	5
	9
	1
	9
	7
	2
	1
	9
	6
	9
	5
	9
	7
	9
	5
	9
	5
	0
	6
	9
	7
	9
	6
	9
	5
	9
	7
	0
	1
	4
	1
	9
	7
	4
	1
	4
	5
	0
	7
	4
	1
	9
	1
	4
	10
	4
	7
	9
	5
	4
	1
	9
	6
	9
	5
	4
	1
	9
	7
	9
	1
	0
	5
	9
	7
	9
	1
	9
	5
	0
	1
	9
	7
	9
	1
	0
	5
	4
	1
	4
	1
	9
	5
	9
	7
	4
	1
	9
	1
	0
	7
	9
	1
	2
	6
	4
	1
	2
	7
	9
	5
	0
	6
	4
	1
	9
	1
	4
	7
	2
	5
	9
	6
	0
	1
	9
	7
	9
	1
	9
	1
	4
	5
	9
	1
	9
	5
	9
	5
	9
	6
	9
	5
	9
	3
	9
	1
	0
	10
	4
	7
	9
	1
	9
	1
	9
	7
	4
	1
	9
	5
	0
	7
	4
	1
	4
	6
	9
	7
	9
	1
	9
	1
	4
	5
	9
	7
	9
	5
	9
	5
	0
	5
	9
	7
	4
	10
	9
	1
	9
	7
	9
	1
	4
	5
	0
	5
	9
	1
	9
	1
	9
	5
	4
	1
	4
	1
	4
	5
	0
	5
	4
	1
	4
	7
	9
	5
	9
	1
	9
	7
	9
	5
	0
	1
	4
	1
	9
	5
	9
	5
	0
	7
	9
	1
	9
	1
	4
	7
	9
	5
	9
	1
	0
	7
	9
	5
	9
	1
	9
	7
	9
	5
