Version identifier: 22.1.0.0 | 2022-03-09 | 1a383f8ce
CPXPARAM_Threads                                 1
CPXPARAM_MIP_Strategy_VariableSelect             3
CPXPARAM_TimeLimit                               599.99666858000001
Found incumbent of value 0.000000 after 0.00 sec. (0.45 ticks)

Root node processing (before b&c):
  Real time             =    0.00 sec. (0.50 ticks)
Sequential b&c:
  Real time             =    0.00 sec. (0.00 ticks)
                          ------------
Total (root+branch&cut) =    0.00 sec. (0.50 ticks)
Version identifier: 22.1.0.0 | 2022-03-09 | 1a383f8ce
CPXPARAM_Threads                                 1
CPXPARAM_MIP_Strategy_VariableSelect             3
CPXPARAM_TimeLimit                               599.97651473600001
Found incumbent of value 0.000000 after 0.00 sec. (0.45 ticks)

Root node processing (before b&c):
  Real time             =    0.00 sec. (0.51 ticks)
Sequential b&c:
  Real time             =    0.00 sec. (0.00 ticks)
                          ------------
Total (root+branch&cut) =    0.00 sec. (0.51 ticks)
Version identifier: 22.1.0.0 | 2022-03-09 | 1a383f8ce
CPXPARAM_Threads                                 1
CPXPARAM_MIP_Strategy_VariableSelect             3
CPXPARAM_TimeLimit                               599.958390495
Found incumbent of value 0.000000 after 0.00 sec. (0.45 ticks)

Root node processing (before b&c):
  Real time             =    0.00 sec. (0.51 ticks)
Sequential b&c:
  Real time             =    0.00 sec. (0.00 ticks)
                          ------------
Total (root+branch&cut) =    0.00 sec. (0.51 ticks)
Version identifier: 22.1.0.0 | 2022-03-09 | 1a383f8ce
CPXPARAM_Threads                                 1
CPXPARAM_MIP_Strategy_VariableSelect             3
CPXPARAM_TimeLimit                               599.940160451
Found incumbent of value 0.000000 after 0.00 sec. (0.45 ticks)

Root node processing (before b&c):
  Real time             =    0.00 sec. (0.51 ticks)
Sequential b&c:
  Real time             =    0.00 sec. (0.00 ticks)
                          ------------
Total (root+branch&cut) =    0.00 sec. (0.51 ticks)
Version identifier: 22.1.0.0 | 2022-03-09 | 1a383f8ce
CPXPARAM_Threads                                 1
CPXPARAM_MIP_Strategy_VariableSelect             3
CPXPARAM_TimeLimit                               599.92191868400005
Found incumbent of value 0.000000 after 0.00 sec. (0.45 ticks)

Root node processing (before b&c):
  Real time             =    0.00 sec. (0.51 ticks)
Sequential b&c:
  Real time             =    0.00 sec. (0.00 ticks)
                          ------------
Total (root+branch&cut) =    0.00 sec. (0.51 ticks)
Version identifier: 22.1.0.0 | 2022-03-09 | 1a383f8ce
CPXPARAM_Threads                                 1
CPXPARAM_MIP_Strategy_VariableSelect             3
CPXPARAM_TimeLimit                               599.90349501399999
Found incumbent of value 0.000000 after 0.00 sec. (0.46 ticks)

Root node processing (before b&c):
  Real time             =    0.00 sec. (0.51 ticks)
Sequential b&c:
  Real time             =    0.00 sec. (0.00 ticks)
                          ------------
Total (root+branch&cut) =    0.00 sec. (0.51 ticks)
Version identifier: 22.1.0.0 | 2022-03-09 | 1a383f8ce
CPXPARAM_Threads                                 1
CPXPARAM_MIP_Strategy_VariableSelect             3
CPXPARAM_TimeLimit                               599.88497683699995
Found incumbent of value 0.000000 after 0.00 sec. (0.46 ticks)

Root node processing (before b&c):
  Real time             =    0.00 sec. (0.52 ticks)
Sequential b&c:
  Real time             =    0.00 sec. (0.00 ticks)
                          ------------
Total (root+branch&cut) =    0.00 sec. (0.52 ticks)
Version identifier: 22.1.0.0 | 2022-03-09 | 1a383f8ce
CPXPARAM_Threads                                 1
CPXPARAM_MIP_Strategy_VariableSelect             3
CPXPARAM_TimeLimit                               599.86657071499997
Found incumbent of value 0.000000 after 0.00 sec. (0.46 ticks)

Root node processing (before b&c):
  Real time             =    0.00 sec. (0.52 ticks)
Sequential b&c:
  Real time             =    0.00 sec. (0.00 ticks)
                          ------------
Total (root+branch&cut) =    0.00 sec. (0.52 ticks)
Version identifier: 22.1.0.0 | 2022-03-09 | 1a383f8ce
CPXPARAM_Threads                                 1
CPXPARAM_MIP_Strategy_VariableSelect             3
CPXPARAM_TimeLimit                               599.84781754999995
Found incumbent of value 0.000000 after 0.00 sec. (0.46 ticks)

Root node processing (before b&c):
  Real time             =    0.00 sec. (0.52 ticks)
Sequential b&c:
  Real time             =    0.00 sec. (0.00 ticks)
                          ------------
Total (root+branch&cut) =    0.00 sec. (0.52 ticks)
Version identifier: 22.1.0.0 | 2022-03-09 | 1a383f8ce
CPXPARAM_Threads                                 1
CPXPARAM_MIP_Strategy_VariableSelect             3
CPXPARAM_TimeLimit                               599.82918879600004
Found incumbent of value 0.000000 after 0.00 sec. (0.46 ticks)

Root node processing (before b&c):
  Real time             =    0.00 sec. (0.52 ticks)
Sequential b&c:
  Real time             =    0.00 sec. (0.00 ticks)
                          ------------
Total (root+branch&cut) =    0.00 sec. (0.52 ticks)
Version identifier: 22.1.0.0 | 2022-03-09 | 1a383f8ce
CPXPARAM_Threads                                 1
CPXPARAM_MIP_Strategy_VariableSelect             3
CPXPARAM_TimeLimit                               599.81043941899998
Found incumbent of value 0.000000 after 0.00 sec. (0.46 ticks)

Root node processing (before b&c):
  Real time             =    0.00 sec. (0.52 ticks)
Sequential b&c:
  Real time             =    0.00 sec. (0.00 ticks)
                          ------------
Total (root+branch&cut) =    0.00 sec. (0.52 ticks)
Version identifier: 22.1.0.0 | 2022-03-09 | 1a383f8ce
CPXPARAM_Threads                                 1
CPXPARAM_MIP_Strategy_VariableSelect             3
CPXPARAM_TimeLimit                               599.79190857100002
Found incumbent of value 0.000000 after 0.00 sec. (0.47 ticks)

Root node processing (before b&c):
  Real time             =    0.00 sec. (0.52 ticks)
Sequential b&c:
  Real time             =    0.00 sec. (0.00 ticks)
                          ------------
Total (root+branch&cut) =    0.00 sec. (0.52 ticks)
Version identifier: 22.1.0.0 | 2022-03-09 | 1a383f8ce
CPXPARAM_Threads                                 1
CPXPARAM_MIP_Strategy_VariableSelect             3
CPXPARAM_TimeLimit                               599.77307562999999
Found incumbent of value 0.000000 after 0.00 sec. (0.47 ticks)

Root node processing (before b&c):
  Real time             =    0.00 sec. (0.53 ticks)
Sequential b&c:
  Real time             =    0.00 sec. (0.00 ticks)
                          ------------
Total (root+branch&cut) =    0.00 sec. (0.53 ticks)
Version identifier: 22.1.0.0 | 2022-03-09 | 1a383f8ce
CPXPARAM_Threads                                 1
CPXPARAM_MIP_Strategy_VariableSelect             3
CPXPARAM_TimeLimit                               599.75414862800005
Found incumbent of value 0.000000 after 0.00 sec. (0.47 ticks)

Root node processing (before b&c):
  Real time             =    0.00 sec. (0.53 ticks)
Sequential b&c:
  Real time             =    0.00 sec. (0.00 ticks)
                          ------------
Total (root+branch&cut) =    0.00 sec. (0.53 ticks)
Version identifier: 22.1.0.0 | 2022-03-09 | 1a383f8ce
CPXPARAM_Threads                                 1
CPXPARAM_MIP_Strategy_VariableSelect             3
CPXPARAM_TimeLimit                               599.73505161100002
Found incumbent of value 0.000000 after 0.00 sec. (0.47 ticks)

Root node processing (before b&c):
  Real time             =    0.00 sec. (0.53 ticks)
Sequential b&c:
  Real time             =    0.00 sec. (0.00 ticks)
                          ------------
Total (root+branch&cut) =    0.00 sec. (0.53 ticks)
Version identifier: 22.1.0.0 | 2022-03-09 | 1a383f8ce
CPXPARAM_Threads                                 1
CPXPARAM_MIP_Strategy_VariableSelect             3
CPXPARAM_TimeLimit                               599.71614901999999
Found incumbent of value 0.000000 after 0.00 sec. (0.47 ticks)

Root node processing (before b&c):
  Real time             =    0.00 sec. (0.53 ticks)
Sequential b&c:
  Real time             =    0.00 sec. (0.00 ticks)
                          ------------
Total (root+branch&cut) =    0.00 sec. (0.53 ticks)
Version identifier: 22.1.0.0 | 2022-03-09 | 1a383f8ce
CPXPARAM_Threads                                 1
CPXPARAM_MIP_Strategy_VariableSelect             3
CPXPARAM_TimeLimit                               599.69708341099999
Found incumbent of value 0.000000 after 0.00 sec. (0.47 ticks)

Root node processing (before b&c):
  Real time             =    0.00 sec. (0.53 ticks)
Sequential b&c:
  Real time             =    0.00 sec. (0.00 ticks)
                          ------------
Total (root+branch&cut) =    0.00 sec. (0.53 ticks)
Version identifier: 22.1.0.0 | 2022-03-09 | 1a383f8ce
CPXPARAM_Threads                                 1
CPXPARAM_MIP_Strategy_VariableSelect             3
CPXPARAM_TimeLimit                               599.67718667600002
Found incumbent of value 0.000000 after 0.00 sec. (0.48 ticks)

Root node processing (before b&c):
  Real time             =    0.00 sec. (0.54 ticks)
Sequential b&c:
  Real time             =    0.00 sec. (0.00 ticks)
                          ------------
Total (root+branch&cut) =    0.00 sec. (0.54 ticks)
Version identifier: 22.1.0.0 | 2022-03-09 | 1a383f8ce
CPXPARAM_Threads                                 1
CPXPARAM_MIP_Strategy_VariableSelect             3
CPXPARAM_TimeLimit                               599.65159905099995
Found incumbent of value 0.000000 after 0.00 sec. (0.48 ticks)

Root node processing (before b&c):
  Real time             =    0.00 sec. (0.54 ticks)
Sequential b&c:
  Real time             =    0.00 sec. (0.00 ticks)
                          ------------
Total (root+branch&cut) =    0.00 sec. (0.54 ticks)
Version identifier: 22.1.0.0 | 2022-03-09 | 1a383f8ce
CPXPARAM_Threads                                 1
CPXPARAM_MIP_Strategy_VariableSelect             3
CPXPARAM_TimeLimit                               599.62646797399998
Found incumbent of value 0.000000 after 0.00 sec. (0.48 ticks)

Root node processing (before b&c):
  Real time             =    0.00 sec. (0.54 ticks)
Sequential b&c:
  Real time             =    0.00 sec. (0.00 ticks)
                          ------------
Total (root+branch&cut) =    0.00 sec. (0.54 ticks)
Version identifier: 22.1.0.0 | 2022-03-09 | 1a383f8ce
CPXPARAM_Threads                                 1
CPXPARAM_MIP_Strategy_VariableSelect             3
CPXPARAM_TimeLimit                               599.606351281
Found incumbent of value 0.000000 after 0.00 sec. (0.48 ticks)

Root node processing (before b&c):
  Real time             =    0.00 sec. (0.54 ticks)
Sequential b&c:
  Real time             =    0.00 sec. (0.00 ticks)
                          ------------
Total (root+branch&cut) =    0.00 sec. (0.54 ticks)
Version identifier: 22.1.0.0 | 2022-03-09 | 1a383f8ce
CPXPARAM_Threads                                 1
CPXPARAM_MIP_Strategy_VariableSelect             3
CPXPARAM_TimeLimit                               599.58645586099999
Found incumbent of value 0.000000 after 0.00 sec. (0.48 ticks)

Root node processing (before b&c):
  Real time             =    0.00 sec. (0.54 ticks)
Sequential b&c:
  Real time             =    0.00 sec. (0.00 ticks)
                          ------------
Total (root+branch&cut) =    0.00 sec. (0.54 ticks)
Version identifier: 22.1.0.0 | 2022-03-09 | 1a383f8ce
CPXPARAM_Threads                                 1
CPXPARAM_MIP_Strategy_VariableSelect             3
CPXPARAM_TimeLimit                               599.566325732
Found incumbent of value 0.000000 after 0.00 sec. (0.48 ticks)

Root node processing (before b&c):
  Real time             =    0.00 sec. (0.55 ticks)
Sequential b&c:
  Real time             =    0.00 sec. (0.00 ticks)
                          ------------
Total (root+branch&cut) =    0.00 sec. (0.55 ticks)
Version identifier: 22.1.0.0 | 2022-03-09 | 1a383f8ce
CPXPARAM_Threads                                 1
CPXPARAM_MIP_Strategy_VariableSelect             3
CPXPARAM_TimeLimit                               599.54605333500001
Found incumbent of value 0.000000 after 0.00 sec. (0.49 ticks)

Root node processing (before b&c):
  Real time             =    0.00 sec. (0.55 ticks)
Sequential b&c:
  Real time             =    0.00 sec. (0.00 ticks)
                          ------------
Total (root+branch&cut) =    0.00 sec. (0.55 ticks)
Version identifier: 22.1.0.0 | 2022-03-09 | 1a383f8ce
CPXPARAM_Threads                                 1
CPXPARAM_MIP_Strategy_VariableSelect             3
CPXPARAM_TimeLimit                               599.52568254400001
Found incumbent of value 0.000000 after 0.00 sec. (0.49 ticks)

Root node processing (before b&c):
  Real time             =    0.00 sec. (0.55 ticks)
Sequential b&c:
  Real time             =    0.00 sec. (0.00 ticks)
                          ------------
Total (root+branch&cut) =    0.00 sec. (0.55 ticks)
Version identifier: 22.1.0.0 | 2022-03-09 | 1a383f8ce
CPXPARAM_Threads                                 1
CPXPARAM_MIP_Strategy_VariableSelect             3
CPXPARAM_TimeLimit                               599.50531820599997
Found incumbent of value 0.000000 after 0.00 sec. (0.49 ticks)

Root node processing (before b&c):
  Real time             =    0.00 sec. (0.55 ticks)
Sequential b&c:
  Real time             =    0.00 sec. (0.00 ticks)
                          ------------
Total (root+branch&cut) =    0.00 sec. (0.55 ticks)
Version identifier: 22.1.0.0 | 2022-03-09 | 1a383f8ce
CPXPARAM_Threads                                 1
CPXPARAM_MIP_Strategy_VariableSelect             3
CPXPARAM_TimeLimit                               599.48486647499999
Found incumbent of value 0.000000 after 0.00 sec. (0.49 ticks)

Root node processing (before b&c):
  Real time             =    0.00 sec. (0.55 ticks)
Sequential b&c:
  Real time             =    0.00 sec. (0.00 ticks)
                          ------------
Total (root+branch&cut) =    0.00 sec. (0.55 ticks)
Version identifier: 22.1.0.0 | 2022-03-09 | 1a383f8ce
CPXPARAM_Threads                                 1
CPXPARAM_MIP_Strategy_VariableSelect             3
CPXPARAM_TimeLimit                               599.46440444500001
Found incumbent of value 0.000000 after 0.00 sec. (0.49 ticks)

Root node processing (before b&c):
  Real time             =    0.00 sec. (0.55 ticks)
Sequential b&c:
  Real time             =    0.00 sec. (0.00 ticks)
                          ------------
Total (root+branch&cut) =    0.00 sec. (0.55 ticks)
Version identifier: 22.1.0.0 | 2022-03-09 | 1a383f8ce
CPXPARAM_Threads                                 1
CPXPARAM_MIP_Strategy_VariableSelect             3
CPXPARAM_TimeLimit                               599.44411525400005
Found incumbent of value 0.000000 after 0.00 sec. (0.49 ticks)

Root node processing (before b&c):
  Real time             =    0.00 sec. (0.56 ticks)
Sequential b&c:
  Real time             =    0.00 sec. (0.00 ticks)
                          ------------
Total (root+branch&cut) =    0.00 sec. (0.56 ticks)
Version identifier: 22.1.0.0 | 2022-03-09 | 1a383f8ce
CPXPARAM_Threads                                 1
CPXPARAM_MIP_Strategy_VariableSelect             3
CPXPARAM_TimeLimit                               599.42373271099996
Found incumbent of value 0.000000 after 0.00 sec. (0.50 ticks)

Root node processing (before b&c):
  Real time             =    0.00 sec. (0.56 ticks)
Sequential b&c:
  Real time             =    0.00 sec. (0.00 ticks)
                          ------------
Total (root+branch&cut) =    0.00 sec. (0.56 ticks)
Version identifier: 22.1.0.0 | 2022-03-09 | 1a383f8ce
CPXPARAM_Threads                                 1
CPXPARAM_MIP_Strategy_VariableSelect             3
CPXPARAM_TimeLimit                               599.40312785599997
Found incumbent of value 0.000000 after 0.00 sec. (0.50 ticks)

Root node processing (before b&c):
  Real time             =    0.00 sec. (0.56 ticks)
Sequential b&c:
  Real time             =    0.00 sec. (0.00 ticks)
                          ------------
Total (root+branch&cut) =    0.00 sec. (0.56 ticks)
Version identifier: 22.1.0.0 | 2022-03-09 | 1a383f8ce
CPXPARAM_Threads                                 1
CPXPARAM_MIP_Strategy_VariableSelect             3
CPXPARAM_TimeLimit                               599.38269788900004
Found incumbent of value 0.000000 after 0.00 sec. (0.50 ticks)

Root node processing (before b&c):
  Real time             =    0.00 sec. (0.56 ticks)
Sequential b&c:
  Real time             =    0.00 sec. (0.00 ticks)
                          ------------
Total (root+branch&cut) =    0.00 sec. (0.56 ticks)
Version identifier: 22.1.0.0 | 2022-03-09 | 1a383f8ce
CPXPARAM_Threads                                 1
CPXPARAM_MIP_Strategy_VariableSelect             3
CPXPARAM_TimeLimit                               599.36221387000001
Found incumbent of value 0.000000 after 0.00 sec. (0.50 ticks)

Root node processing (before b&c):
  Real time             =    0.00 sec. (0.56 ticks)
Sequential b&c:
  Real time             =    0.00 sec. (0.00 ticks)
                          ------------
Total (root+branch&cut) =    0.00 sec. (0.56 ticks)
Version identifier: 22.1.0.0 | 2022-03-09 | 1a383f8ce
CPXPARAM_Threads                                 1
CPXPARAM_MIP_Strategy_VariableSelect             3
CPXPARAM_TimeLimit                               599.34143172799998
Found incumbent of value 0.000000 after 0.00 sec. (0.50 ticks)

Root node processing (before b&c):
  Real time             =    0.00 sec. (0.57 ticks)
Sequential b&c:
  Real time             =    0.00 sec. (0.00 ticks)
                          ------------
Total (root+branch&cut) =    0.00 sec. (0.57 ticks)
Version identifier: 22.1.0.0 | 2022-03-09 | 1a383f8ce
CPXPARAM_Threads                                 1
CPXPARAM_MIP_Strategy_VariableSelect             3
CPXPARAM_TimeLimit                               599.32064741199997
Found incumbent of value 0.000000 after 0.00 sec. (0.50 ticks)

Root node processing (before b&c):
  Real time             =    0.00 sec. (0.57 ticks)
Sequential b&c:
  Real time             =    0.00 sec. (0.00 ticks)
                          ------------
Total (root+branch&cut) =    0.00 sec. (0.57 ticks)
Version identifier: 22.1.0.0 | 2022-03-09 | 1a383f8ce
CPXPARAM_Threads                                 1
CPXPARAM_MIP_Strategy_VariableSelect             3
CPXPARAM_TimeLimit                               599.299734683
Found incumbent of value 0.000000 after 0.00 sec. (0.51 ticks)

Root node processing (before b&c):
  Real time             =    0.00 sec. (0.57 ticks)
Sequential b&c:
  Real time             =    0.00 sec. (0.00 ticks)
                          ------------
Total (root+branch&cut) =    0.00 sec. (0.57 ticks)
Version identifier: 22.1.0.0 | 2022-03-09 | 1a383f8ce
CPXPARAM_Threads                                 1
CPXPARAM_MIP_Strategy_VariableSelect             3
CPXPARAM_TimeLimit                               599.27875365
Found incumbent of value 0.000000 after 0.00 sec. (0.51 ticks)

Root node processing (before b&c):
  Real time             =    0.00 sec. (0.57 ticks)
Sequential b&c:
  Real time             =    0.00 sec. (0.00 ticks)
                          ------------
Total (root+branch&cut) =    0.00 sec. (0.57 ticks)
Version identifier: 22.1.0.0 | 2022-03-09 | 1a383f8ce
CPXPARAM_Threads                                 1
CPXPARAM_MIP_Strategy_VariableSelect             3
CPXPARAM_TimeLimit                               599.25765665799997
Found incumbent of value 0.000000 after 0.00 sec. (0.51 ticks)

Root node processing (before b&c):
  Real time             =    0.00 sec. (0.57 ticks)
Sequential b&c:
  Real time             =    0.00 sec. (0.00 ticks)
                          ------------
Total (root+branch&cut) =    0.00 sec. (0.57 ticks)
Version identifier: 22.1.0.0 | 2022-03-09 | 1a383f8ce
CPXPARAM_Threads                                 1
CPXPARAM_MIP_Strategy_VariableSelect             3
CPXPARAM_TimeLimit                               599.23657196399995
Found incumbent of value 0.000000 after 0.00 sec. (0.51 ticks)

Root node processing (before b&c):
  Real time             =    0.00 sec. (0.57 ticks)
Sequential b&c:
  Real time             =    0.00 sec. (0.00 ticks)
                          ------------
Total (root+branch&cut) =    0.00 sec. (0.57 ticks)
Version identifier: 22.1.0.0 | 2022-03-09 | 1a383f8ce
CPXPARAM_Threads                                 1
CPXPARAM_MIP_Strategy_VariableSelect             3
CPXPARAM_TimeLimit                               599.215373559
Found incumbent of value 0.000000 after 0.00 sec. (0.51 ticks)

Root node processing (before b&c):
  Real time             =    0.00 sec. (0.58 ticks)
Sequential b&c:
  Real time             =    0.00 sec. (0.00 ticks)
                          ------------
Total (root+branch&cut) =    0.00 sec. (0.58 ticks)
Version identifier: 22.1.0.0 | 2022-03-09 | 1a383f8ce
CPXPARAM_Threads                                 1
CPXPARAM_MIP_Strategy_VariableSelect             3
CPXPARAM_TimeLimit                               599.19389015000002
Found incumbent of value 0.000000 after 0.00 sec. (0.51 ticks)

Root node processing (before b&c):
  Real time             =    0.00 sec. (0.58 ticks)
Sequential b&c:
  Real time             =    0.00 sec. (0.00 ticks)
                          ------------
Total (root+branch&cut) =    0.00 sec. (0.58 ticks)
Version identifier: 22.1.0.0 | 2022-03-09 | 1a383f8ce
CPXPARAM_Threads                                 1
CPXPARAM_MIP_Strategy_VariableSelect             3
CPXPARAM_TimeLimit                               599.17192048899994
Found incumbent of value 0.000000 after 0.00 sec. (0.51 ticks)

Root node processing (before b&c):
  Real time             =    0.00 sec. (0.58 ticks)
Sequential b&c:
  Real time             =    0.00 sec. (0.00 ticks)
                          ------------
Total (root+branch&cut) =    0.00 sec. (0.58 ticks)
Version identifier: 22.1.0.0 | 2022-03-09 | 1a383f8ce
CPXPARAM_Threads                                 1
CPXPARAM_MIP_Strategy_VariableSelect             3
CPXPARAM_TimeLimit                               599.15052834699998
Found incumbent of value 0.000000 after 0.00 sec. (0.52 ticks)

Root node processing (before b&c):
  Real time             =    0.00 sec. (0.58 ticks)
Sequential b&c:
  Real time             =    0.00 sec. (0.00 ticks)
                          ------------
Total (root+branch&cut) =    0.00 sec. (0.58 ticks)
Version identifier: 22.1.0.0 | 2022-03-09 | 1a383f8ce
CPXPARAM_Threads                                 1
CPXPARAM_MIP_Strategy_VariableSelect             3
CPXPARAM_TimeLimit                               599.12886922200005
Found incumbent of value 0.000000 after 0.00 sec. (0.52 ticks)

Root node processing (before b&c):
  Real time             =    0.00 sec. (0.58 ticks)
Sequential b&c:
  Real time             =    0.00 sec. (0.00 ticks)
                          ------------
Total (root+branch&cut) =    0.00 sec. (0.58 ticks)
Version identifier: 22.1.0.0 | 2022-03-09 | 1a383f8ce
CPXPARAM_Threads                                 1
CPXPARAM_MIP_Strategy_VariableSelect             3
CPXPARAM_TimeLimit                               599.10728672499999
Found incumbent of value 0.000000 after 0.00 sec. (0.52 ticks)

Root node processing (before b&c):
  Real time             =    0.00 sec. (0.59 ticks)
Sequential b&c:
  Real time             =    0.00 sec. (0.00 ticks)
                          ------------
Total (root+branch&cut) =    0.00 sec. (0.59 ticks)
Version identifier: 22.1.0.0 | 2022-03-09 | 1a383f8ce
CPXPARAM_Threads                                 1
CPXPARAM_MIP_Strategy_VariableSelect             3
CPXPARAM_TimeLimit                               599.08572450500003
Found incumbent of value 0.000000 after 0.00 sec. (0.52 ticks)

Root node processing (before b&c):
  Real time             =    0.00 sec. (0.59 ticks)
Sequential b&c:
  Real time             =    0.00 sec. (0.00 ticks)
                          ------------
Total (root+branch&cut) =    0.00 sec. (0.59 ticks)
Version identifier: 22.1.0.0 | 2022-03-09 | 1a383f8ce
CPXPARAM_Threads                                 1
CPXPARAM_MIP_Strategy_VariableSelect             3
CPXPARAM_TimeLimit                               599.06400120800004
Found incumbent of value 0.000000 after 0.00 sec. (0.52 ticks)

Root node processing (before b&c):
  Real time             =    0.00 sec. (0.59 ticks)
Sequential b&c:
  Real time             =    0.00 sec. (0.00 ticks)
                          ------------
Total (root+branch&cut) =    0.00 sec. (0.59 ticks)
Version identifier: 22.1.0.0 | 2022-03-09 | 1a383f8ce
CPXPARAM_Threads                                 1
CPXPARAM_MIP_Strategy_VariableSelect             3
CPXPARAM_TimeLimit                               599.04226223900002
Found incumbent of value 0.000000 after 0.00 sec. (0.52 ticks)

Root node processing (before b&c):
  Real time             =    0.00 sec. (0.59 ticks)
Sequential b&c:
  Real time             =    0.00 sec. (0.00 ticks)
                          ------------
Total (root+branch&cut) =    0.00 sec. (0.59 ticks)
Version identifier: 22.1.0.0 | 2022-03-09 | 1a383f8ce
CPXPARAM_Threads                                 1
CPXPARAM_MIP_Strategy_VariableSelect             3
CPXPARAM_TimeLimit                               599.02025558399998
Found incumbent of value 0.000000 after 0.00 sec. (0.53 ticks)

Root node processing (before b&c):
  Real time             =    0.00 sec. (0.59 ticks)
Sequential b&c:
  Real time             =    0.00 sec. (0.00 ticks)
                          ------------
Total (root+branch&cut) =    0.00 sec. (0.59 ticks)
Version identifier: 22.1.0.0 | 2022-03-09 | 1a383f8ce
CPXPARAM_Threads                                 1
CPXPARAM_MIP_Strategy_VariableSelect             3
CPXPARAM_TimeLimit                               598.99784219200001
Found incumbent of value 0.000000 after 0.00 sec. (0.53 ticks)

Root node processing (before b&c):
  Real time             =    0.00 sec. (0.59 ticks)
Sequential b&c:
  Real time             =    0.00 sec. (0.00 ticks)
                          ------------
Total (root+branch&cut) =    0.00 sec. (0.59 ticks)
Version identifier: 22.1.0.0 | 2022-03-09 | 1a383f8ce
CPXPARAM_Threads                                 1
CPXPARAM_MIP_Strategy_VariableSelect             3
CPXPARAM_TimeLimit                               598.97571649700001
Found incumbent of value 0.000000 after 0.00 sec. (0.53 ticks)

Root node processing (before b&c):
  Real time             =    0.00 sec. (0.60 ticks)
Sequential b&c:
  Real time             =    0.00 sec. (0.00 ticks)
                          ------------
Total (root+branch&cut) =    0.00 sec. (0.60 ticks)
Version identifier: 22.1.0.0 | 2022-03-09 | 1a383f8ce
CPXPARAM_Threads                                 1
CPXPARAM_MIP_Strategy_VariableSelect             3
CPXPARAM_TimeLimit                               598.95357830099999
Found incumbent of value 0.000000 after 0.00 sec. (0.53 ticks)

Root node processing (before b&c):
  Real time             =    0.00 sec. (0.60 ticks)
Sequential b&c:
  Real time             =    0.00 sec. (0.00 ticks)
                          ------------
Total (root+branch&cut) =    0.00 sec. (0.60 ticks)
Version identifier: 22.1.0.0 | 2022-03-09 | 1a383f8ce
CPXPARAM_Threads                                 1
CPXPARAM_MIP_Strategy_VariableSelect             3
CPXPARAM_TimeLimit                               598.93141113000001
Found incumbent of value 0.000000 after 0.00 sec. (0.53 ticks)

Root node processing (before b&c):
  Real time             =    0.00 sec. (0.60 ticks)
Sequential b&c:
  Real time             =    0.00 sec. (0.00 ticks)
                          ------------
Total (root+branch&cut) =    0.00 sec. (0.60 ticks)
Version identifier: 22.1.0.0 | 2022-03-09 | 1a383f8ce
CPXPARAM_Threads                                 1
CPXPARAM_MIP_Strategy_VariableSelect             3
CPXPARAM_TimeLimit                               598.908960923
Found incumbent of value 0.000000 after 0.00 sec. (0.53 ticks)

Root node processing (before b&c):
  Real time             =    0.00 sec. (0.60 ticks)
Sequential b&c:
  Real time             =    0.00 sec. (0.00 ticks)
                          ------------
Total (root+branch&cut) =    0.00 sec. (0.60 ticks)
Version identifier: 22.1.0.0 | 2022-03-09 | 1a383f8ce
CPXPARAM_Threads                                 1
CPXPARAM_MIP_Strategy_VariableSelect             3
CPXPARAM_TimeLimit                               598.88663435800004
Found incumbent of value 0.000000 after 0.00 sec. (0.54 ticks)

Root node processing (before b&c):
  Real time             =    0.00 sec. (0.60 ticks)
Sequential b&c:
  Real time             =    0.00 sec. (0.00 ticks)
                          ------------
Total (root+branch&cut) =    0.00 sec. (0.60 ticks)
Version identifier: 22.1.0.0 | 2022-03-09 | 1a383f8ce
CPXPARAM_Threads                                 1
CPXPARAM_MIP_Strategy_VariableSelect             3
CPXPARAM_TimeLimit                               598.86402729099996
Found incumbent of value 0.000000 after 0.00 sec. (0.54 ticks)

Root node processing (before b&c):
  Real time             =    0.00 sec. (0.61 ticks)
Sequential b&c:
  Real time             =    0.00 sec. (0.00 ticks)
                          ------------
Total (root+branch&cut) =    0.00 sec. (0.61 ticks)
Version identifier: 22.1.0.0 | 2022-03-09 | 1a383f8ce
CPXPARAM_Threads                                 1
CPXPARAM_MIP_Strategy_VariableSelect             3
CPXPARAM_TimeLimit                               598.84107329899996
Found incumbent of value 0.000000 after 0.00 sec. (0.54 ticks)

Root node processing (before b&c):
  Real time             =    0.00 sec. (0.61 ticks)
Sequential b&c:
  Real time             =    0.00 sec. (0.00 ticks)
                          ------------
Total (root+branch&cut) =    0.00 sec. (0.61 ticks)
Version identifier: 22.1.0.0 | 2022-03-09 | 1a383f8ce
CPXPARAM_Threads                                 1
CPXPARAM_MIP_Strategy_VariableSelect             3
CPXPARAM_TimeLimit                               598.81862331100001
Found incumbent of value 0.000000 after 0.00 sec. (0.54 ticks)

Root node processing (before b&c):
  Real time             =    0.00 sec. (0.61 ticks)
Sequential b&c:
  Real time             =    0.00 sec. (0.00 ticks)
                          ------------
Total (root+branch&cut) =    0.00 sec. (0.61 ticks)
Version identifier: 22.1.0.0 | 2022-03-09 | 1a383f8ce
CPXPARAM_Threads                                 1
CPXPARAM_MIP_Strategy_VariableSelect             3
CPXPARAM_TimeLimit                               598.79566282099995
Found incumbent of value 0.000000 after 0.00 sec. (0.54 ticks)

Root node processing (before b&c):
  Real time             =    0.00 sec. (0.61 ticks)
Sequential b&c:
  Real time             =    0.00 sec. (0.00 ticks)
                          ------------
Total (root+branch&cut) =    0.00 sec. (0.61 ticks)
Version identifier: 22.1.0.0 | 2022-03-09 | 1a383f8ce
CPXPARAM_Threads                                 1
CPXPARAM_MIP_Strategy_VariableSelect             3
CPXPARAM_TimeLimit                               598.77241157399999
Found incumbent of value 0.000000 after 0.00 sec. (0.54 ticks)

Root node processing (before b&c):
  Real time             =    0.00 sec. (0.61 ticks)
Sequential b&c:
  Real time             =    0.00 sec. (0.00 ticks)
                          ------------
Total (root+branch&cut) =    0.00 sec. (0.61 ticks)
Version identifier: 22.1.0.0 | 2022-03-09 | 1a383f8ce
CPXPARAM_Threads                                 1
CPXPARAM_MIP_Strategy_VariableSelect             3
CPXPARAM_TimeLimit                               598.74958859399999
Found incumbent of value 0.000000 after 0.00 sec. (0.54 ticks)

Root node processing (before b&c):
  Real time             =    0.00 sec. (0.61 ticks)
Sequential b&c:
  Real time             =    0.00 sec. (0.00 ticks)
                          ------------
Total (root+branch&cut) =    0.00 sec. (0.61 ticks)
Version identifier: 22.1.0.0 | 2022-03-09 | 1a383f8ce
CPXPARAM_Threads                                 1
CPXPARAM_MIP_Strategy_VariableSelect             3
CPXPARAM_TimeLimit                               598.726540785
Found incumbent of value 0.000000 after 0.00 sec. (0.55 ticks)

Root node processing (before b&c):
  Real time             =    0.00 sec. (0.62 ticks)
Sequential b&c:
  Real time             =    0.00 sec. (0.00 ticks)
                          ------------
Total (root+branch&cut) =    0.00 sec. (0.62 ticks)
Version identifier: 22.1.0.0 | 2022-03-09 | 1a383f8ce
CPXPARAM_Threads                                 1
CPXPARAM_MIP_Strategy_VariableSelect             3
CPXPARAM_TimeLimit                               598.703021681
Found incumbent of value 0.000000 after 0.00 sec. (0.55 ticks)

Root node processing (before b&c):
  Real time             =    0.00 sec. (0.62 ticks)
Sequential b&c:
  Real time             =    0.00 sec. (0.00 ticks)
                          ------------
Total (root+branch&cut) =    0.00 sec. (0.62 ticks)
Version identifier: 22.1.0.0 | 2022-03-09 | 1a383f8ce
CPXPARAM_Threads                                 1
CPXPARAM_MIP_Strategy_VariableSelect             3
CPXPARAM_TimeLimit                               598.67990006399998
Found incumbent of value 0.000000 after 0.00 sec. (0.55 ticks)

Root node processing (before b&c):
  Real time             =    0.00 sec. (0.62 ticks)
Sequential b&c:
  Real time             =    0.00 sec. (0.00 ticks)
                          ------------
Total (root+branch&cut) =    0.00 sec. (0.62 ticks)
Version identifier: 22.1.0.0 | 2022-03-09 | 1a383f8ce
CPXPARAM_Threads                                 1
CPXPARAM_MIP_Strategy_VariableSelect             3
CPXPARAM_TimeLimit                               598.65663600899995
Found incumbent of value 0.000000 after 0.00 sec. (0.55 ticks)

Root node processing (before b&c):
  Real time             =    0.00 sec. (0.62 ticks)
Sequential b&c:
  Real time             =    0.00 sec. (0.00 ticks)
                          ------------
Total (root+branch&cut) =    0.00 sec. (0.62 ticks)
Version identifier: 22.1.0.0 | 2022-03-09 | 1a383f8ce
CPXPARAM_Threads                                 1
CPXPARAM_MIP_Strategy_VariableSelect             3
CPXPARAM_TimeLimit                               598.63331151199998
Found incumbent of value 0.000000 after 0.00 sec. (0.55 ticks)

Root node processing (before b&c):
  Real time             =    0.00 sec. (0.62 ticks)
Sequential b&c:
  Real time             =    0.00 sec. (0.00 ticks)
                          ------------
Total (root+branch&cut) =    0.00 sec. (0.62 ticks)
Version identifier: 22.1.0.0 | 2022-03-09 | 1a383f8ce
CPXPARAM_Threads                                 1
CPXPARAM_MIP_Strategy_VariableSelect             3
CPXPARAM_TimeLimit                               598.60984261800002
Found incumbent of value 0.000000 after 0.00 sec. (0.55 ticks)

Root node processing (before b&c):
  Real time             =    0.00 sec. (0.62 ticks)
Sequential b&c:
  Real time             =    0.00 sec. (0.00 ticks)
                          ------------
Total (root+branch&cut) =    0.00 sec. (0.62 ticks)
Version identifier: 22.1.0.0 | 2022-03-09 | 1a383f8ce
CPXPARAM_Threads                                 1
CPXPARAM_MIP_Strategy_VariableSelect             3
CPXPARAM_TimeLimit                               598.58658473900005
Found incumbent of value 0.000000 after 0.00 sec. (0.56 ticks)

Root node processing (before b&c):
  Real time             =    0.00 sec. (0.63 ticks)
Sequential b&c:
  Real time             =    0.00 sec. (0.00 ticks)
                          ------------
Total (root+branch&cut) =    0.00 sec. (0.63 ticks)
Version identifier: 22.1.0.0 | 2022-03-09 | 1a383f8ce
CPXPARAM_Threads                                 1
CPXPARAM_MIP_Strategy_VariableSelect             3
CPXPARAM_TimeLimit                               598.56295458499994
Found incumbent of value 0.000000 after 0.00 sec. (0.56 ticks)

Root node processing (before b&c):
  Real time             =    0.00 sec. (0.63 ticks)
Sequential b&c:
  Real time             =    0.00 sec. (0.00 ticks)
                          ------------
Total (root+branch&cut) =    0.00 sec. (0.63 ticks)
Version identifier: 22.1.0.0 | 2022-03-09 | 1a383f8ce
CPXPARAM_Threads                                 1
CPXPARAM_MIP_Strategy_VariableSelect             3
CPXPARAM_TimeLimit                               598.53934003400002
Found incumbent of value 0.000000 after 0.00 sec. (0.56 ticks)

Root node processing (before b&c):
  Real time             =    0.00 sec. (0.63 ticks)
Sequential b&c:
  Real time             =    0.00 sec. (0.00 ticks)
                          ------------
Total (root+branch&cut) =    0.00 sec. (0.63 ticks)
Version identifier: 22.1.0.0 | 2022-03-09 | 1a383f8ce
CPXPARAM_Threads                                 1
CPXPARAM_MIP_Strategy_VariableSelect             3
CPXPARAM_TimeLimit                               598.51527850100001
Found incumbent of value 0.000000 after 0.00 sec. (0.56 ticks)

Root node processing (before b&c):
  Real time             =    0.00 sec. (0.63 ticks)
Sequential b&c:
  Real time             =    0.00 sec. (0.00 ticks)
                          ------------
Total (root+branch&cut) =    0.00 sec. (0.63 ticks)
Version identifier: 22.1.0.0 | 2022-03-09 | 1a383f8ce
CPXPARAM_Threads                                 1
CPXPARAM_MIP_Strategy_VariableSelect             3
CPXPARAM_TimeLimit                               598.49171215599995
Found incumbent of value 0.000000 after 0.00 sec. (0.56 ticks)

Root node processing (before b&c):
  Real time             =    0.00 sec. (0.63 ticks)
Sequential b&c:
  Real time             =    0.00 sec. (0.00 ticks)
                          ------------
Total (root+branch&cut) =    0.00 sec. (0.63 ticks)
Version identifier: 22.1.0.0 | 2022-03-09 | 1a383f8ce
CPXPARAM_Threads                                 1
CPXPARAM_MIP_Strategy_VariableSelect             3
CPXPARAM_TimeLimit                               598.46785774900002
Found incumbent of value 0.000000 after 0.00 sec. (0.56 ticks)

Root node processing (before b&c):
  Real time             =    0.00 sec. (0.64 ticks)
Sequential b&c:
  Real time             =    0.00 sec. (0.00 ticks)
                          ------------
Total (root+branch&cut) =    0.00 sec. (0.64 ticks)
Version identifier: 22.1.0.0 | 2022-03-09 | 1a383f8ce
CPXPARAM_Threads                                 1
CPXPARAM_MIP_Strategy_VariableSelect             3
CPXPARAM_TimeLimit                               598.44379085599996
Found incumbent of value 0.000000 after 0.00 sec. (0.62 ticks)

Root node processing (before b&c):
  Real time             =    0.00 sec. (0.69 ticks)
Sequential b&c:
  Real time             =    0.00 sec. (0.00 ticks)
                          ------------
Total (root+branch&cut) =    0.00 sec. (0.69 ticks)
Version identifier: 22.1.0.0 | 2022-03-09 | 1a383f8ce
CPXPARAM_Threads                                 1
CPXPARAM_MIP_Strategy_VariableSelect             3
CPXPARAM_TimeLimit                               598.419425789
Tried aggregator 1 time.
MIP Presolve eliminated 18 rows and 1020 columns.
MIP Presolve modified 3 coefficients.
Reduced MIP has 2374 rows, 3060 columns, and 28042 nonzeros.
Reduced MIP has 3060 binaries, 0 generals, 0 SOSs, and 0 indicators.
Presolve time = 0.02 sec. (16.81 ticks)
Found incumbent of value 0.000000 after 0.06 sec. (46.76 ticks)

Root node processing (before b&c):
  Real time             =    0.07 sec. (46.91 ticks)
Sequential b&c:
  Real time             =    0.00 sec. (0.00 ticks)
                          ------------
Total (root+branch&cut) =    0.07 sec. (46.91 ticks)
Version identifier: 22.1.0.0 | 2022-03-09 | 1a383f8ce
CPXPARAM_Threads                                 1
CPXPARAM_MIP_Strategy_VariableSelect             3
CPXPARAM_TimeLimit                               598.32973187000005
Tried aggregator 1 time.
MIP Presolve eliminated 18 rows and 1023 columns.
MIP Presolve modified 3 coefficients.
Reduced MIP has 2381 rows, 3069 columns, and 28125 nonzeros.
Reduced MIP has 3069 binaries, 0 generals, 0 SOSs, and 0 indicators.
Presolve time = 0.02 sec. (16.85 ticks)
Found incumbent of value 0.000000 after 0.06 sec. (44.45 ticks)

Root node processing (before b&c):
  Real time             =    0.06 sec. (44.61 ticks)
Sequential b&c:
  Real time             =    0.00 sec. (0.00 ticks)
                          ------------
Total (root+branch&cut) =    0.06 sec. (44.61 ticks)
Version identifier: 22.1.0.0 | 2022-03-09 | 1a383f8ce
CPXPARAM_Threads                                 1
CPXPARAM_MIP_Strategy_VariableSelect             3
CPXPARAM_TimeLimit                               598.24307269300004
Tried aggregator 1 time.
MIP Presolve eliminated 18 rows and 1026 columns.
MIP Presolve modified 3 coefficients.
Reduced MIP has 2388 rows, 3078 columns, and 28208 nonzeros.
Reduced MIP has 3078 binaries, 0 generals, 0 SOSs, and 0 indicators.
Presolve time = 0.02 sec. (16.91 ticks)
Found incumbent of value 0.000000 after 0.06 sec. (44.03 ticks)

Root node processing (before b&c):
  Real time             =    0.06 sec. (44.19 ticks)
Sequential b&c:
  Real time             =    0.00 sec. (0.00 ticks)
                          ------------
Total (root+branch&cut) =    0.06 sec. (44.19 ticks)
Version identifier: 22.1.0.0 | 2022-03-09 | 1a383f8ce
CPXPARAM_Threads                                 1
CPXPARAM_MIP_Strategy_VariableSelect             3
CPXPARAM_TimeLimit                               598.15774133100001
Tried aggregator 1 time.
MIP Presolve eliminated 18 rows and 1029 columns.
MIP Presolve modified 3 coefficients.
Reduced MIP has 2395 rows, 3087 columns, and 28291 nonzeros.
Reduced MIP has 3087 binaries, 0 generals, 0 SOSs, and 0 indicators.
Presolve time = 0.02 sec. (16.95 ticks)
Found incumbent of value 0.000000 after 0.06 sec. (46.36 ticks)

Root node processing (before b&c):
  Real time             =    0.06 sec. (46.51 ticks)
Sequential b&c:
  Real time             =    0.00 sec. (0.00 ticks)
                          ------------
Total (root+branch&cut) =    0.06 sec. (46.51 ticks)
Version identifier: 22.1.0.0 | 2022-03-09 | 1a383f8ce
CPXPARAM_Threads                                 1
CPXPARAM_MIP_Strategy_VariableSelect             3
CPXPARAM_TimeLimit                               598.07115508699997
Tried aggregator 1 time.
MIP Presolve eliminated 18 rows and 1032 columns.
MIP Presolve modified 3 coefficients.
Reduced MIP has 2402 rows, 3096 columns, and 28374 nonzeros.
Reduced MIP has 3096 binaries, 0 generals, 0 SOSs, and 0 indicators.
Presolve time = 0.02 sec. (17.01 ticks)
Found incumbent of value 0.000000 after 0.06 sec. (46.86 ticks)

Root node processing (before b&c):
  Real time             =    0.06 sec. (47.01 ticks)
Sequential b&c:
  Real time             =    0.00 sec. (0.00 ticks)
                          ------------
Total (root+branch&cut) =    0.06 sec. (47.01 ticks)
Version identifier: 22.1.0.0 | 2022-03-09 | 1a383f8ce
CPXPARAM_Threads                                 1
CPXPARAM_MIP_Strategy_VariableSelect             3
CPXPARAM_TimeLimit                               597.98321994900004
Tried aggregator 1 time.
MIP Presolve eliminated 18 rows and 1035 columns.
MIP Presolve modified 3 coefficients.
Reduced MIP has 2409 rows, 3105 columns, and 28457 nonzeros.
Reduced MIP has 3105 binaries, 0 generals, 0 SOSs, and 0 indicators.
Presolve time = 0.02 sec. (17.04 ticks)
Found incumbent of value 0.000000 after 0.06 sec. (46.10 ticks)

Root node processing (before b&c):
  Real time             =    0.06 sec. (46.26 ticks)
Sequential b&c:
  Real time             =    0.00 sec. (0.00 ticks)
                          ------------
Total (root+branch&cut) =    0.06 sec. (46.26 ticks)
Version identifier: 22.1.0.0 | 2022-03-09 | 1a383f8ce
CPXPARAM_Threads                                 1
CPXPARAM_MIP_Strategy_VariableSelect             3
CPXPARAM_TimeLimit                               597.89629185399997
Tried aggregator 1 time.
MIP Presolve eliminated 18 rows and 1038 columns.
MIP Presolve modified 3 coefficients.
Reduced MIP has 2416 rows, 3114 columns, and 28540 nonzeros.
Reduced MIP has 3114 binaries, 0 generals, 0 SOSs, and 0 indicators.
Presolve time = 0.02 sec. (17.10 ticks)
Found incumbent of value 0.000000 after 0.06 sec. (46.62 ticks)

Root node processing (before b&c):
  Real time             =    0.06 sec. (46.77 ticks)
Sequential b&c:
  Real time             =    0.00 sec. (0.00 ticks)
                          ------------
Total (root+branch&cut) =    0.06 sec. (46.77 ticks)
Version identifier: 22.1.0.0 | 2022-03-09 | 1a383f8ce
CPXPARAM_Threads                                 1
CPXPARAM_MIP_Strategy_VariableSelect             3
CPXPARAM_TimeLimit                               597.80831960099999
Tried aggregator 1 time.
MIP Presolve eliminated 18 rows and 1041 columns.
MIP Presolve modified 3 coefficients.
Reduced MIP has 2423 rows, 3123 columns, and 28623 nonzeros.
Reduced MIP has 3123 binaries, 0 generals, 0 SOSs, and 0 indicators.
Presolve time = 0.02 sec. (17.14 ticks)
Found incumbent of value 0.000000 after 0.06 sec. (46.39 ticks)

Root node processing (before b&c):
  Real time             =    0.06 sec. (46.54 ticks)
Sequential b&c:
  Real time             =    0.00 sec. (0.00 ticks)
                          ------------
Total (root+branch&cut) =    0.06 sec. (46.54 ticks)
Version identifier: 22.1.0.0 | 2022-03-09 | 1a383f8ce
CPXPARAM_Threads                                 1
CPXPARAM_MIP_Strategy_VariableSelect             3
CPXPARAM_TimeLimit                               597.72071839
Tried aggregator 1 time.
MIP Presolve eliminated 18 rows and 1044 columns.
MIP Presolve modified 3 coefficients.
Reduced MIP has 2430 rows, 3132 columns, and 28706 nonzeros.
Reduced MIP has 3132 binaries, 0 generals, 0 SOSs, and 0 indicators.
Presolve time = 0.02 sec. (17.19 ticks)
Found incumbent of value 0.000000 after 0.07 sec. (48.92 ticks)

Root node processing (before b&c):
  Real time             =    0.07 sec. (49.07 ticks)
Sequential b&c:
  Real time             =    0.00 sec. (0.00 ticks)
                          ------------
Total (root+branch&cut) =    0.07 sec. (49.07 ticks)
Version identifier: 22.1.0.0 | 2022-03-09 | 1a383f8ce
CPXPARAM_Threads                                 1
CPXPARAM_MIP_Strategy_VariableSelect             3
CPXPARAM_TimeLimit                               597.63109454400001
Tried aggregator 1 time.
MIP Presolve eliminated 18 rows and 1047 columns.
MIP Presolve modified 3 coefficients.
Reduced MIP has 2437 rows, 3141 columns, and 28789 nonzeros.
Reduced MIP has 3141 binaries, 0 generals, 0 SOSs, and 0 indicators.
Presolve time = 0.02 sec. (17.24 ticks)
Found incumbent of value 0.000000 after 0.06 sec. (46.76 ticks)

Root node processing (before b&c):
  Real time             =    0.06 sec. (46.91 ticks)
Sequential b&c:
  Real time             =    0.00 sec. (0.00 ticks)
                          ------------
Total (root+branch&cut) =    0.06 sec. (46.91 ticks)
Version identifier: 22.1.0.0 | 2022-03-09 | 1a383f8ce
CPXPARAM_Threads                                 1
CPXPARAM_MIP_Strategy_VariableSelect             3
CPXPARAM_TimeLimit                               597.54286042900003
Tried aggregator 1 time.
MIP Presolve eliminated 18 rows and 1050 columns.
MIP Presolve modified 3 coefficients.
Reduced MIP has 2444 rows, 3150 columns, and 28872 nonzeros.
Reduced MIP has 3150 binaries, 0 generals, 0 SOSs, and 0 indicators.
Presolve time = 0.02 sec. (17.30 ticks)
Found incumbent of value 0.000000 after 0.07 sec. (48.68 ticks)

Root node processing (before b&c):
  Real time             =    0.07 sec. (48.84 ticks)
Sequential b&c:
  Real time             =    0.00 sec. (0.00 ticks)
                          ------------
Total (root+branch&cut) =    0.07 sec. (48.84 ticks)
Version identifier: 22.1.0.0 | 2022-03-09 | 1a383f8ce
CPXPARAM_Threads                                 1
CPXPARAM_MIP_Strategy_VariableSelect             3
CPXPARAM_TimeLimit                               597.45081298499997
Tried aggregator 1 time.
MIP Presolve eliminated 18 rows and 1053 columns.
MIP Presolve modified 3 coefficients.
Reduced MIP has 2451 rows, 3159 columns, and 28955 nonzeros.
Reduced MIP has 3159 binaries, 0 generals, 0 SOSs, and 0 indicators.
Presolve time = 0.02 sec. (17.34 ticks)
Probing time = 0.00 sec. (2.85 ticks)
Tried aggregator 1 time.
Detecting symmetries...
Reduced MIP has 2451 rows, 3159 columns, and 28955 nonzeros.
Reduced MIP has 3159 binaries, 0 generals, 0 SOSs, and 0 indicators.
Presolve time = 0.02 sec. (17.13 ticks)
Probing time = 0.00 sec. (2.85 ticks)
Clique table members: 1744.
MIP emphasis: balance optimality and feasibility.
MIP search method: dynamic search.
Parallel mode: none, using 1 thread.
Root relaxation solution time = 0.02 sec. (22.57 ticks)

        Nodes                                         Cuts/
   Node  Left     Objective  IInf  Best Integer    Best Bound    ItCnt     Gap

      0     0        0.0000   152                      0.0000      489         
*     0+    0                            0.0000        0.0000             0.00%
      0     0        cutoff              0.0000        0.0000      489    0.00%
Elapsed time = 0.17 sec. (138.53 ticks, tree = 0.01 MB, solutions = 1)

Root node processing (before b&c):
  Real time             =    0.17 sec. (138.66 ticks)
Sequential b&c:
  Real time             =    0.00 sec. (0.00 ticks)
                          ------------
Total (root+branch&cut) =    0.17 sec. (138.66 ticks)
Version identifier: 22.1.0.0 | 2022-03-09 | 1a383f8ce
CPXPARAM_Threads                                 1
CPXPARAM_MIP_Strategy_VariableSelect             3
CPXPARAM_TimeLimit                               597.25420137699996
Tried aggregator 1 time.
MIP Presolve eliminated 18 rows and 1056 columns.
MIP Presolve modified 3 coefficients.
Reduced MIP has 2458 rows, 3168 columns, and 29038 nonzeros.
Reduced MIP has 3168 binaries, 0 generals, 0 SOSs, and 0 indicators.
Presolve time = 0.02 sec. (17.39 ticks)
Probing time = 0.00 sec. (2.85 ticks)
Tried aggregator 1 time.
Detecting symmetries...
Reduced MIP has 2458 rows, 3168 columns, and 29038 nonzeros.
Reduced MIP has 3168 binaries, 0 generals, 0 SOSs, and 0 indicators.
Presolve time = 0.02 sec. (17.17 ticks)
Probing time = 0.00 sec. (2.85 ticks)
Clique table members: 1749.
MIP emphasis: balance optimality and feasibility.
MIP search method: dynamic search.
Parallel mode: none, using 1 thread.
Root relaxation solution time = 0.02 sec. (20.38 ticks)

        Nodes                                         Cuts/
   Node  Left     Objective  IInf  Best Integer    Best Bound    ItCnt     Gap

      0     0        0.0000    87                      0.0000      463         
*     0+    0                            0.0000        0.0000             0.00%
      0     0        cutoff              0.0000        0.0000      463    0.00%
Elapsed time = 0.15 sec. (126.07 ticks, tree = 0.01 MB, solutions = 1)

Root node processing (before b&c):
  Real time             =    0.15 sec. (126.20 ticks)
Sequential b&c:
  Real time             =    0.00 sec. (0.00 ticks)
                          ------------
Total (root+branch&cut) =    0.15 sec. (126.20 ticks)
Version identifier: 22.1.0.0 | 2022-03-09 | 1a383f8ce
CPXPARAM_Threads                                 1
CPXPARAM_MIP_Strategy_VariableSelect             3
CPXPARAM_TimeLimit                               597.07660854000005
Tried aggregator 1 time.
MIP Presolve eliminated 18 rows and 1059 columns.
MIP Presolve modified 3 coefficients.
Reduced MIP has 2465 rows, 3177 columns, and 29121 nonzeros.
Reduced MIP has 3177 binaries, 0 generals, 0 SOSs, and 0 indicators.
Presolve time = 0.02 sec. (17.43 ticks)
Found incumbent of value 0.000000 after 0.07 sec. (48.38 ticks)

Root node processing (before b&c):
  Real time             =    0.07 sec. (48.53 ticks)
Sequential b&c:
  Real time             =    0.00 sec. (0.00 ticks)
                          ------------
Total (root+branch&cut) =    0.07 sec. (48.53 ticks)
Version identifier: 22.1.0.0 | 2022-03-09 | 1a383f8ce
CPXPARAM_Threads                                 1
CPXPARAM_MIP_Strategy_VariableSelect             3
CPXPARAM_TimeLimit                               596.98596365200001
Tried aggregator 1 time.
MIP Presolve eliminated 18 rows and 1062 columns.
MIP Presolve modified 3 coefficients.
Reduced MIP has 2472 rows, 3186 columns, and 29204 nonzeros.
Reduced MIP has 3186 binaries, 0 generals, 0 SOSs, and 0 indicators.
Presolve time = 0.02 sec. (17.49 ticks)
Found incumbent of value 0.000000 after 0.07 sec. (48.67 ticks)

Root node processing (before b&c):
  Real time             =    0.07 sec. (48.83 ticks)
Sequential b&c:
  Real time             =    0.00 sec. (0.00 ticks)
                          ------------
Total (root+branch&cut) =    0.07 sec. (48.83 ticks)
Version identifier: 22.1.0.0 | 2022-03-09 | 1a383f8ce
CPXPARAM_Threads                                 1
CPXPARAM_MIP_Strategy_VariableSelect             3
CPXPARAM_TimeLimit                               596.894548547
Tried aggregator 1 time.
MIP Presolve eliminated 18 rows and 1065 columns.
MIP Presolve modified 3 coefficients.
Reduced MIP has 2479 rows, 3195 columns, and 29287 nonzeros.
Reduced MIP has 3195 binaries, 0 generals, 0 SOSs, and 0 indicators.
Presolve time = 0.02 sec. (17.53 ticks)
Found incumbent of value 0.000000 after 0.07 sec. (48.40 ticks)

Root node processing (before b&c):
  Real time             =    0.07 sec. (48.56 ticks)
Sequential b&c:
  Real time             =    0.00 sec. (0.00 ticks)
                          ------------
Total (root+branch&cut) =    0.07 sec. (48.56 ticks)
Version identifier: 22.1.0.0 | 2022-03-09 | 1a383f8ce
CPXPARAM_Threads                                 1
CPXPARAM_MIP_Strategy_VariableSelect             3
CPXPARAM_TimeLimit                               596.80263977499999
Tried aggregator 1 time.
MIP Presolve eliminated 18 rows and 1068 columns.
MIP Presolve modified 3 coefficients.
Reduced MIP has 2486 rows, 3204 columns, and 29370 nonzeros.
Reduced MIP has 3204 binaries, 0 generals, 0 SOSs, and 0 indicators.
Presolve time = 0.02 sec. (17.59 ticks)
Probing time = 0.00 sec. (2.85 ticks)
Tried aggregator 1 time.
Detecting symmetries...
Reduced MIP has 2486 rows, 3204 columns, and 29370 nonzeros.
Reduced MIP has 3204 binaries, 0 generals, 0 SOSs, and 0 indicators.
Presolve time = 0.02 sec. (17.37 ticks)
Probing time = 0.00 sec. (2.85 ticks)
Clique table members: 1769.
MIP emphasis: balance optimality and feasibility.
MIP search method: dynamic search.
Parallel mode: none, using 1 thread.
Root relaxation solution time = 0.03 sec. (25.91 ticks)

        Nodes                                         Cuts/
   Node  Left     Objective  IInf  Best Integer    Best Bound    ItCnt     Gap

      0     0        0.0000   155                      0.0000      567         
*     0+    0                            0.0000        0.0000             0.00%
      0     0        cutoff              0.0000        0.0000      567    0.00%
Elapsed time = 0.17 sec. (139.39 ticks, tree = 0.01 MB, solutions = 1)

Root node processing (before b&c):
  Real time             =    0.17 sec. (139.52 ticks)
Sequential b&c:
  Real time             =    0.00 sec. (0.00 ticks)
                          ------------
Total (root+branch&cut) =    0.17 sec. (139.52 ticks)
Version identifier: 22.1.0.0 | 2022-03-09 | 1a383f8ce
CPXPARAM_Threads                                 1
CPXPARAM_MIP_Strategy_VariableSelect             3
CPXPARAM_TimeLimit                               596.60578196300003
Tried aggregator 1 time.
MIP Presolve eliminated 18 rows and 1071 columns.
MIP Presolve modified 3 coefficients.
Reduced MIP has 2493 rows, 3213 columns, and 29453 nonzeros.
Reduced MIP has 3213 binaries, 0 generals, 0 SOSs, and 0 indicators.
Presolve time = 0.02 sec. (17.64 ticks)
Probing time = 0.00 sec. (2.86 ticks)
Tried aggregator 1 time.
Detecting symmetries...
Reduced MIP has 2493 rows, 3213 columns, and 29453 nonzeros.
Reduced MIP has 3213 binaries, 0 generals, 0 SOSs, and 0 indicators.
Presolve time = 0.02 sec. (17.42 ticks)
Probing time = 0.00 sec. (2.86 ticks)
Clique table members: 1774.
MIP emphasis: balance optimality and feasibility.
MIP search method: dynamic search.
Parallel mode: none, using 1 thread.
Root relaxation solution time = 0.02 sec. (21.87 ticks)

        Nodes                                         Cuts/
   Node  Left     Objective  IInf  Best Integer    Best Bound    ItCnt     Gap

      0     0    infeasible                                        460         

Root node processing (before b&c):
  Real time             =    0.15 sec. (120.07 ticks)
Sequential b&c:
  Real time             =    0.00 sec. (0.00 ticks)
                          ------------
Total (root+branch&cut) =    0.15 sec. (120.07 ticks)
Primal:	356
Dual:	356
Status:	Optimal
Time:	3.55973
Sequence:
	9
	5
	9
	9
	9
	4
	9
	1
	9
	9
	4
	4
	9
	9
	1
	9
	9
	9
	4
	4
	9
	9
	9
	2
	4
	9
	9
	9
	9
	9
	11
	9
	9
	9
	9
	4
	9
	9
	4
	9
	4
	9
	9
	9
	9
	4
	9
	5
	9
	4
	9
	5
	9
	11
	9
	9
	2
	9
	4
	9
	9
	1
	9
	4
	4
	2
	1
	9
	9
	9
	9
	9
	9
	9
	9
	9
	9
	9
	9
	4
	1
	9
	9
	4
	9
	9
	9
	9
	9
	4
	1
	9
	5
	9
	9
	9
	2
	4
	9
	4
	9
	0
	5
	4
	1
	0
	9
	1
	4
	1
	4
	2
	4
	11
	4
	5
	0
	5
	4
	0
	6
	4
	11
	4
	4
	1
	0
	4
	11
	9
	4
	0
	5
	4
	1
	9
	1
	4
	11
	0
	4
	9
	1
	4
	1
	0
	1
	9
	1
	9
	2
	4
	4
	0
	5
	4
	0
	4
	5
	0
	5
	9
	4
	2
	4
	1
	0
	1
	9
	1
	4
	4
	2
	1
	9
	0
	4
	1
	4
	0
	4
	11
	0
	1
	4
	4
	1
	2
	4
	4
	0
	5
	4
	0
	9
	4
	6
	9
	0
	4
	5
	0
	4
	4
	0
	4
	4
	0
	4
	5
	0
	5
	4
	1
	4
	3
	0
	5
	4
	0
	1
	4
	11
	4
	2
	4
	6
	9
	5
	0
	5
	4
	9
	4
	2
	1
	4
	9
	11
	4
	4
	0
	4
	4
	11
	2
	5
	4
	9
	5
	4
	11
	4
	0
	6
	4
	2
	4
	4
	11
	4
	0
	5
	4
	2
	9
	9
	9
	1
	4
	5
	2
	4
	4
	11
	2
	5
	4
	0
	9
	4
	11
	4
	0
	1
	4
	1
	0
	4
	1
	4
	0
	5
	4
	1
	2
	11
	4
	5
	2
	4
	9
	2
	4
	11
	4
	0
	5
	9
	4
	0
	9
	4
	2
	5
	4
	0
	9
	11
	9
	4
	1
	0
	1
	4
	0
	4
	4
	3
	0
	4
	9
	1
	0
	4
	4
	11
	2
	9
	4
	4
	1
	0
	4
	1
	0
	4
	1
	4
	6
	2
	1
	9
	6
	2
	4
