Version identifier: 22.1.0.0 | 2022-03-09 | 1a383f8ce
CPXPARAM_Threads                                 1
CPXPARAM_MIP_Strategy_VariableSelect             3
CPXPARAM_TimeLimit                               599.997032816
Found incumbent of value 0.000000 after 0.00 sec. (0.42 ticks)

Root node processing (before b&c):
  Real time             =    0.00 sec. (0.48 ticks)
Sequential b&c:
  Real time             =    0.00 sec. (0.00 ticks)
                          ------------
Total (root+branch&cut) =    0.00 sec. (0.48 ticks)
Version identifier: 22.1.0.0 | 2022-03-09 | 1a383f8ce
CPXPARAM_Threads                                 1
CPXPARAM_MIP_Strategy_VariableSelect             3
CPXPARAM_TimeLimit                               599.97915148200002
Found incumbent of value 0.000000 after 0.00 sec. (0.43 ticks)

Root node processing (before b&c):
  Real time             =    0.00 sec. (0.48 ticks)
Sequential b&c:
  Real time             =    0.00 sec. (0.00 ticks)
                          ------------
Total (root+branch&cut) =    0.00 sec. (0.48 ticks)
Version identifier: 22.1.0.0 | 2022-03-09 | 1a383f8ce
CPXPARAM_Threads                                 1
CPXPARAM_MIP_Strategy_VariableSelect             3
CPXPARAM_TimeLimit                               599.96270174799997
Found incumbent of value 0.000000 after 0.00 sec. (0.43 ticks)

Root node processing (before b&c):
  Real time             =    0.00 sec. (0.48 ticks)
Sequential b&c:
  Real time             =    0.00 sec. (0.00 ticks)
                          ------------
Total (root+branch&cut) =    0.00 sec. (0.48 ticks)
Version identifier: 22.1.0.0 | 2022-03-09 | 1a383f8ce
CPXPARAM_Threads                                 1
CPXPARAM_MIP_Strategy_VariableSelect             3
CPXPARAM_TimeLimit                               599.94618742900002
Found incumbent of value 0.000000 after 0.00 sec. (0.43 ticks)

Root node processing (before b&c):
  Real time             =    0.00 sec. (0.48 ticks)
Sequential b&c:
  Real time             =    0.00 sec. (0.00 ticks)
                          ------------
Total (root+branch&cut) =    0.00 sec. (0.48 ticks)
Version identifier: 22.1.0.0 | 2022-03-09 | 1a383f8ce
CPXPARAM_Threads                                 1
CPXPARAM_MIP_Strategy_VariableSelect             3
CPXPARAM_TimeLimit                               599.92961506300003
Found incumbent of value 0.000000 after 0.00 sec. (0.43 ticks)

Root node processing (before b&c):
  Real time             =    0.00 sec. (0.49 ticks)
Sequential b&c:
  Real time             =    0.00 sec. (0.00 ticks)
                          ------------
Total (root+branch&cut) =    0.00 sec. (0.49 ticks)
Version identifier: 22.1.0.0 | 2022-03-09 | 1a383f8ce
CPXPARAM_Threads                                 1
CPXPARAM_MIP_Strategy_VariableSelect             3
CPXPARAM_TimeLimit                               599.91294642800005
Found incumbent of value 0.000000 after 0.00 sec. (0.43 ticks)

Root node processing (before b&c):
  Real time             =    0.00 sec. (0.49 ticks)
Sequential b&c:
  Real time             =    0.00 sec. (0.00 ticks)
                          ------------
Total (root+branch&cut) =    0.00 sec. (0.49 ticks)
Version identifier: 22.1.0.0 | 2022-03-09 | 1a383f8ce
CPXPARAM_Threads                                 1
CPXPARAM_MIP_Strategy_VariableSelect             3
CPXPARAM_TimeLimit                               599.89628389799998
Found incumbent of value 0.000000 after 0.00 sec. (0.43 ticks)

Root node processing (before b&c):
  Real time             =    0.00 sec. (0.49 ticks)
Sequential b&c:
  Real time             =    0.00 sec. (0.00 ticks)
                          ------------
Total (root+branch&cut) =    0.00 sec. (0.49 ticks)
Version identifier: 22.1.0.0 | 2022-03-09 | 1a383f8ce
CPXPARAM_Threads                                 1
CPXPARAM_MIP_Strategy_VariableSelect             3
CPXPARAM_TimeLimit                               599.87959728099997
Found incumbent of value 0.000000 after 0.00 sec. (0.44 ticks)

Root node processing (before b&c):
  Real time             =    0.00 sec. (0.49 ticks)
Sequential b&c:
  Real time             =    0.00 sec. (0.00 ticks)
                          ------------
Total (root+branch&cut) =    0.00 sec. (0.49 ticks)
Version identifier: 22.1.0.0 | 2022-03-09 | 1a383f8ce
CPXPARAM_Threads                                 1
CPXPARAM_MIP_Strategy_VariableSelect             3
CPXPARAM_TimeLimit                               599.86280957400004
Found incumbent of value 0.000000 after 0.00 sec. (0.44 ticks)

Root node processing (before b&c):
  Real time             =    0.00 sec. (0.49 ticks)
Sequential b&c:
  Real time             =    0.00 sec. (0.00 ticks)
                          ------------
Total (root+branch&cut) =    0.00 sec. (0.49 ticks)
Version identifier: 22.1.0.0 | 2022-03-09 | 1a383f8ce
CPXPARAM_Threads                                 1
CPXPARAM_MIP_Strategy_VariableSelect             3
CPXPARAM_TimeLimit                               599.84598628499998
Found incumbent of value 0.000000 after 0.00 sec. (0.44 ticks)

Root node processing (before b&c):
  Real time             =    0.00 sec. (0.50 ticks)
Sequential b&c:
  Real time             =    0.00 sec. (0.00 ticks)
                          ------------
Total (root+branch&cut) =    0.00 sec. (0.50 ticks)
Version identifier: 22.1.0.0 | 2022-03-09 | 1a383f8ce
CPXPARAM_Threads                                 1
CPXPARAM_MIP_Strategy_VariableSelect             3
CPXPARAM_TimeLimit                               599.82908801899998
Found incumbent of value 0.000000 after 0.00 sec. (0.44 ticks)

Root node processing (before b&c):
  Real time             =    0.00 sec. (0.50 ticks)
Sequential b&c:
  Real time             =    0.00 sec. (0.00 ticks)
                          ------------
Total (root+branch&cut) =    0.00 sec. (0.50 ticks)
Version identifier: 22.1.0.0 | 2022-03-09 | 1a383f8ce
CPXPARAM_Threads                                 1
CPXPARAM_MIP_Strategy_VariableSelect             3
CPXPARAM_TimeLimit                               599.81211733800001
Found incumbent of value 0.000000 after 0.00 sec. (0.44 ticks)

Root node processing (before b&c):
  Real time             =    0.00 sec. (0.50 ticks)
Sequential b&c:
  Real time             =    0.00 sec. (0.00 ticks)
                          ------------
Total (root+branch&cut) =    0.00 sec. (0.50 ticks)
Version identifier: 22.1.0.0 | 2022-03-09 | 1a383f8ce
CPXPARAM_Threads                                 1
CPXPARAM_MIP_Strategy_VariableSelect             3
CPXPARAM_TimeLimit                               599.79518130999998
Found incumbent of value 0.000000 after 0.00 sec. (0.44 ticks)

Root node processing (before b&c):
  Real time             =    0.00 sec. (0.50 ticks)
Sequential b&c:
  Real time             =    0.00 sec. (0.00 ticks)
                          ------------
Total (root+branch&cut) =    0.00 sec. (0.50 ticks)
Version identifier: 22.1.0.0 | 2022-03-09 | 1a383f8ce
CPXPARAM_Threads                                 1
CPXPARAM_MIP_Strategy_VariableSelect             3
CPXPARAM_TimeLimit                               599.77807796100001
Found incumbent of value 0.000000 after 0.00 sec. (0.45 ticks)

Root node processing (before b&c):
  Real time             =    0.00 sec. (0.50 ticks)
Sequential b&c:
  Real time             =    0.00 sec. (0.00 ticks)
                          ------------
Total (root+branch&cut) =    0.00 sec. (0.50 ticks)
Version identifier: 22.1.0.0 | 2022-03-09 | 1a383f8ce
CPXPARAM_Threads                                 1
CPXPARAM_MIP_Strategy_VariableSelect             3
CPXPARAM_TimeLimit                               599.76093339600004
Found incumbent of value 0.000000 after 0.00 sec. (0.45 ticks)

Root node processing (before b&c):
  Real time             =    0.00 sec. (0.50 ticks)
Sequential b&c:
  Real time             =    0.00 sec. (0.00 ticks)
                          ------------
Total (root+branch&cut) =    0.00 sec. (0.50 ticks)
Version identifier: 22.1.0.0 | 2022-03-09 | 1a383f8ce
CPXPARAM_Threads                                 1
CPXPARAM_MIP_Strategy_VariableSelect             3
CPXPARAM_TimeLimit                               599.74370033299999
Found incumbent of value 0.000000 after 0.00 sec. (0.45 ticks)

Root node processing (before b&c):
  Real time             =    0.00 sec. (0.51 ticks)
Sequential b&c:
  Real time             =    0.00 sec. (0.00 ticks)
                          ------------
Total (root+branch&cut) =    0.00 sec. (0.51 ticks)
Version identifier: 22.1.0.0 | 2022-03-09 | 1a383f8ce
CPXPARAM_Threads                                 1
CPXPARAM_MIP_Strategy_VariableSelect             3
CPXPARAM_TimeLimit                               599.72630891799997
Found incumbent of value 0.000000 after 0.00 sec. (0.45 ticks)

Root node processing (before b&c):
  Real time             =    0.00 sec. (0.51 ticks)
Sequential b&c:
  Real time             =    0.00 sec. (0.00 ticks)
                          ------------
Total (root+branch&cut) =    0.00 sec. (0.51 ticks)
Version identifier: 22.1.0.0 | 2022-03-09 | 1a383f8ce
CPXPARAM_Threads                                 1
CPXPARAM_MIP_Strategy_VariableSelect             3
CPXPARAM_TimeLimit                               599.70889377200001
Found incumbent of value 0.000000 after 0.00 sec. (0.45 ticks)

Root node processing (before b&c):
  Real time             =    0.00 sec. (0.51 ticks)
Sequential b&c:
  Real time             =    0.00 sec. (0.00 ticks)
                          ------------
Total (root+branch&cut) =    0.00 sec. (0.51 ticks)
Version identifier: 22.1.0.0 | 2022-03-09 | 1a383f8ce
CPXPARAM_Threads                                 1
CPXPARAM_MIP_Strategy_VariableSelect             3
CPXPARAM_TimeLimit                               599.69146681999996
Found incumbent of value 0.000000 after 0.00 sec. (0.45 ticks)

Root node processing (before b&c):
  Real time             =    0.00 sec. (0.51 ticks)
Sequential b&c:
  Real time             =    0.00 sec. (0.00 ticks)
                          ------------
Total (root+branch&cut) =    0.00 sec. (0.51 ticks)
Version identifier: 22.1.0.0 | 2022-03-09 | 1a383f8ce
CPXPARAM_Threads                                 1
CPXPARAM_MIP_Strategy_VariableSelect             3
CPXPARAM_TimeLimit                               599.67396611200002
Found incumbent of value 0.000000 after 0.00 sec. (0.45 ticks)

Root node processing (before b&c):
  Real time             =    0.00 sec. (0.51 ticks)
Sequential b&c:
  Real time             =    0.00 sec. (0.00 ticks)
                          ------------
Total (root+branch&cut) =    0.00 sec. (0.51 ticks)
Version identifier: 22.1.0.0 | 2022-03-09 | 1a383f8ce
CPXPARAM_Threads                                 1
CPXPARAM_MIP_Strategy_VariableSelect             3
CPXPARAM_TimeLimit                               599.65636416999996
Found incumbent of value 0.000000 after 0.00 sec. (0.46 ticks)

Root node processing (before b&c):
  Real time             =    0.00 sec. (0.51 ticks)
Sequential b&c:
  Real time             =    0.00 sec. (0.00 ticks)
                          ------------
Total (root+branch&cut) =    0.00 sec. (0.51 ticks)
Version identifier: 22.1.0.0 | 2022-03-09 | 1a383f8ce
CPXPARAM_Threads                                 1
CPXPARAM_MIP_Strategy_VariableSelect             3
CPXPARAM_TimeLimit                               599.63863449999997
Found incumbent of value 0.000000 after 0.00 sec. (0.47 ticks)

Root node processing (before b&c):
  Real time             =    0.00 sec. (0.53 ticks)
Sequential b&c:
  Real time             =    0.00 sec. (0.00 ticks)
                          ------------
Total (root+branch&cut) =    0.00 sec. (0.53 ticks)
Version identifier: 22.1.0.0 | 2022-03-09 | 1a383f8ce
CPXPARAM_Threads                                 1
CPXPARAM_MIP_Strategy_VariableSelect             3
CPXPARAM_TimeLimit                               599.62082136799995
Tried aggregator 1 time.
MIP Presolve eliminated 291 rows and 1104 columns.
Reduced MIP has 1653 rows, 2208 columns, and 18100 nonzeros.
Reduced MIP has 2208 binaries, 0 generals, 0 SOSs, and 0 indicators.
Presolve time = 0.01 sec. (10.33 ticks)
Found incumbent of value 0.000000 after 0.04 sec. (27.62 ticks)

Root node processing (before b&c):
  Real time             =    0.04 sec. (27.74 ticks)
Sequential b&c:
  Real time             =    0.00 sec. (0.00 ticks)
                          ------------
Total (root+branch&cut) =    0.04 sec. (27.74 ticks)
Version identifier: 22.1.0.0 | 2022-03-09 | 1a383f8ce
CPXPARAM_Threads                                 1
CPXPARAM_MIP_Strategy_VariableSelect             3
CPXPARAM_TimeLimit                               599.56483993699999
Tried aggregator 1 time.
MIP Presolve eliminated 292 rows and 1108 columns.
Reduced MIP has 1659 rows, 2216 columns, and 18166 nonzeros.
Reduced MIP has 2216 binaries, 0 generals, 0 SOSs, and 0 indicators.
Presolve time = 0.01 sec. (10.36 ticks)
Found incumbent of value 0.000000 after 0.03 sec. (25.34 ticks)

Root node processing (before b&c):
  Real time             =    0.03 sec. (25.46 ticks)
Sequential b&c:
  Real time             =    0.00 sec. (0.00 ticks)
                          ------------
Total (root+branch&cut) =    0.03 sec. (25.46 ticks)
Version identifier: 22.1.0.0 | 2022-03-09 | 1a383f8ce
CPXPARAM_Threads                                 1
CPXPARAM_MIP_Strategy_VariableSelect             3
CPXPARAM_TimeLimit                               599.51277127399999
Tried aggregator 1 time.
MIP Presolve eliminated 293 rows and 1112 columns.
Reduced MIP has 1665 rows, 2224 columns, and 18232 nonzeros.
Reduced MIP has 2224 binaries, 0 generals, 0 SOSs, and 0 indicators.
Presolve time = 0.01 sec. (10.40 ticks)
Found incumbent of value 0.000000 after 0.04 sec. (29.98 ticks)

Root node processing (before b&c):
  Real time             =    0.04 sec. (30.11 ticks)
Sequential b&c:
  Real time             =    0.00 sec. (0.00 ticks)
                          ------------
Total (root+branch&cut) =    0.04 sec. (30.11 ticks)
Version identifier: 22.1.0.0 | 2022-03-09 | 1a383f8ce
CPXPARAM_Threads                                 1
CPXPARAM_MIP_Strategy_VariableSelect             3
CPXPARAM_TimeLimit                               599.45330600099999
Tried aggregator 1 time.
MIP Presolve eliminated 294 rows and 1116 columns.
Reduced MIP has 1671 rows, 2232 columns, and 18298 nonzeros.
Reduced MIP has 2232 binaries, 0 generals, 0 SOSs, and 0 indicators.
Presolve time = 0.01 sec. (10.43 ticks)
Found incumbent of value 0.000000 after 0.04 sec. (29.16 ticks)

Root node processing (before b&c):
  Real time             =    0.04 sec. (29.28 ticks)
Sequential b&c:
  Real time             =    0.00 sec. (0.00 ticks)
                          ------------
Total (root+branch&cut) =    0.04 sec. (29.28 ticks)
Version identifier: 22.1.0.0 | 2022-03-09 | 1a383f8ce
CPXPARAM_Threads                                 1
CPXPARAM_MIP_Strategy_VariableSelect             3
CPXPARAM_TimeLimit                               599.394817225
Tried aggregator 1 time.
MIP Presolve eliminated 295 rows and 1120 columns.
Reduced MIP has 1677 rows, 2240 columns, and 18364 nonzeros.
Reduced MIP has 2240 binaries, 0 generals, 0 SOSs, and 0 indicators.
Presolve time = 0.01 sec. (10.47 ticks)
Found incumbent of value 0.000000 after 0.04 sec. (30.69 ticks)

Root node processing (before b&c):
  Real time             =    0.04 sec. (30.82 ticks)
Sequential b&c:
  Real time             =    0.00 sec. (0.00 ticks)
                          ------------
Total (root+branch&cut) =    0.04 sec. (30.82 ticks)
Version identifier: 22.1.0.0 | 2022-03-09 | 1a383f8ce
CPXPARAM_Threads                                 1
CPXPARAM_MIP_Strategy_VariableSelect             3
CPXPARAM_TimeLimit                               599.33409170899995
Tried aggregator 1 time.
MIP Presolve eliminated 296 rows and 1124 columns.
Reduced MIP has 1683 rows, 2248 columns, and 18430 nonzeros.
Reduced MIP has 2248 binaries, 0 generals, 0 SOSs, and 0 indicators.
Presolve time = 0.01 sec. (10.50 ticks)
Found incumbent of value 0.000000 after 0.04 sec. (28.63 ticks)

Root node processing (before b&c):
  Real time             =    0.04 sec. (28.76 ticks)
Sequential b&c:
  Real time             =    0.00 sec. (0.00 ticks)
                          ------------
Total (root+branch&cut) =    0.04 sec. (28.76 ticks)
Version identifier: 22.1.0.0 | 2022-03-09 | 1a383f8ce
CPXPARAM_Threads                                 1
CPXPARAM_MIP_Strategy_VariableSelect             3
CPXPARAM_TimeLimit                               599.27604713200003
Tried aggregator 1 time.
MIP Presolve eliminated 297 rows and 1128 columns.
Reduced MIP has 1689 rows, 2256 columns, and 18496 nonzeros.
Reduced MIP has 2256 binaries, 0 generals, 0 SOSs, and 0 indicators.
Presolve time = 0.01 sec. (10.55 ticks)
Found incumbent of value 0.000000 after 0.04 sec. (29.64 ticks)

Root node processing (before b&c):
  Real time             =    0.04 sec. (29.77 ticks)
Sequential b&c:
  Real time             =    0.00 sec. (0.00 ticks)
                          ------------
Total (root+branch&cut) =    0.04 sec. (29.77 ticks)
Version identifier: 22.1.0.0 | 2022-03-09 | 1a383f8ce
CPXPARAM_Threads                                 1
CPXPARAM_MIP_Strategy_VariableSelect             3
CPXPARAM_TimeLimit                               599.21629605199996
Tried aggregator 1 time.
MIP Presolve eliminated 298 rows and 1132 columns.
Reduced MIP has 1695 rows, 2264 columns, and 18562 nonzeros.
Reduced MIP has 2264 binaries, 0 generals, 0 SOSs, and 0 indicators.
Presolve time = 0.01 sec. (10.58 ticks)
Found incumbent of value 0.000000 after 0.04 sec. (29.87 ticks)

Root node processing (before b&c):
  Real time             =    0.04 sec. (29.99 ticks)
Sequential b&c:
  Real time             =    0.00 sec. (0.00 ticks)
                          ------------
Total (root+branch&cut) =    0.04 sec. (29.99 ticks)
Version identifier: 22.1.0.0 | 2022-03-09 | 1a383f8ce
CPXPARAM_Threads                                 1
CPXPARAM_MIP_Strategy_VariableSelect             3
CPXPARAM_TimeLimit                               599.15648353400002
Tried aggregator 1 time.
MIP Presolve eliminated 299 rows and 1136 columns.
Reduced MIP has 1701 rows, 2272 columns, and 18628 nonzeros.
Reduced MIP has 2272 binaries, 0 generals, 0 SOSs, and 0 indicators.
Presolve time = 0.01 sec. (10.62 ticks)
Found incumbent of value 0.000000 after 0.04 sec. (30.04 ticks)

Root node processing (before b&c):
  Real time             =    0.04 sec. (30.16 ticks)
Sequential b&c:
  Real time             =    0.00 sec. (0.00 ticks)
                          ------------
Total (root+branch&cut) =    0.04 sec. (30.16 ticks)
Version identifier: 22.1.0.0 | 2022-03-09 | 1a383f8ce
CPXPARAM_Threads                                 1
CPXPARAM_MIP_Strategy_VariableSelect             3
CPXPARAM_TimeLimit                               599.09638169200002
Tried aggregator 1 time.
MIP Presolve eliminated 300 rows and 1140 columns.
Reduced MIP has 1707 rows, 2280 columns, and 18694 nonzeros.
Reduced MIP has 2280 binaries, 0 generals, 0 SOSs, and 0 indicators.
Presolve time = 0.01 sec. (10.65 ticks)
Found incumbent of value 0.000000 after 0.04 sec. (30.47 ticks)

Root node processing (before b&c):
  Real time             =    0.04 sec. (30.59 ticks)
Sequential b&c:
  Real time             =    0.00 sec. (0.00 ticks)
                          ------------
Total (root+branch&cut) =    0.04 sec. (30.59 ticks)
Version identifier: 22.1.0.0 | 2022-03-09 | 1a383f8ce
CPXPARAM_Threads                                 1
CPXPARAM_MIP_Strategy_VariableSelect             3
CPXPARAM_TimeLimit                               599.03550870100003
Tried aggregator 1 time.
MIP Presolve eliminated 301 rows and 1144 columns.
Reduced MIP has 1713 rows, 2288 columns, and 18760 nonzeros.
Reduced MIP has 2288 binaries, 0 generals, 0 SOSs, and 0 indicators.
Presolve time = 0.01 sec. (10.69 ticks)
Found incumbent of value 0.000000 after 0.04 sec. (29.19 ticks)

Root node processing (before b&c):
  Real time             =    0.04 sec. (29.31 ticks)
Sequential b&c:
  Real time             =    0.00 sec. (0.00 ticks)
                          ------------
Total (root+branch&cut) =    0.04 sec. (29.31 ticks)
Version identifier: 22.1.0.0 | 2022-03-09 | 1a383f8ce
CPXPARAM_Threads                                 1
CPXPARAM_MIP_Strategy_VariableSelect             3
CPXPARAM_TimeLimit                               598.97640724200005
Tried aggregator 1 time.
MIP Presolve eliminated 302 rows and 1148 columns.
Reduced MIP has 1719 rows, 2296 columns, and 18826 nonzeros.
Reduced MIP has 2296 binaries, 0 generals, 0 SOSs, and 0 indicators.
Presolve time = 0.01 sec. (10.72 ticks)
Found incumbent of value 0.000000 after 0.04 sec. (26.72 ticks)

Root node processing (before b&c):
  Real time             =    0.04 sec. (26.85 ticks)
Sequential b&c:
  Real time             =    0.00 sec. (0.00 ticks)
                          ------------
Total (root+branch&cut) =    0.04 sec. (26.85 ticks)
Version identifier: 22.1.0.0 | 2022-03-09 | 1a383f8ce
CPXPARAM_Threads                                 1
CPXPARAM_MIP_Strategy_VariableSelect             3
CPXPARAM_TimeLimit                               598.92166898999994
Tried aggregator 1 time.
MIP Presolve eliminated 303 rows and 1152 columns.
Reduced MIP has 1725 rows, 2304 columns, and 18892 nonzeros.
Reduced MIP has 2304 binaries, 0 generals, 0 SOSs, and 0 indicators.
Presolve time = 0.01 sec. (10.76 ticks)
Found incumbent of value 0.000000 after 0.04 sec. (30.73 ticks)

Root node processing (before b&c):
  Real time             =    0.04 sec. (30.86 ticks)
Sequential b&c:
  Real time             =    0.00 sec. (0.00 ticks)
                          ------------
Total (root+branch&cut) =    0.04 sec. (30.86 ticks)
Version identifier: 22.1.0.0 | 2022-03-09 | 1a383f8ce
CPXPARAM_Threads                                 1
CPXPARAM_MIP_Strategy_VariableSelect             3
CPXPARAM_TimeLimit                               598.86005947399997
Tried aggregator 1 time.
MIP Presolve eliminated 304 rows and 1156 columns.
Reduced MIP has 1731 rows, 2312 columns, and 18958 nonzeros.
Reduced MIP has 2312 binaries, 0 generals, 0 SOSs, and 0 indicators.
Presolve time = 0.01 sec. (10.79 ticks)
Found incumbent of value 0.000000 after 0.04 sec. (29.72 ticks)

Root node processing (before b&c):
  Real time             =    0.04 sec. (29.85 ticks)
Sequential b&c:
  Real time             =    0.00 sec. (0.00 ticks)
                          ------------
Total (root+branch&cut) =    0.04 sec. (29.85 ticks)
Version identifier: 22.1.0.0 | 2022-03-09 | 1a383f8ce
CPXPARAM_Threads                                 1
CPXPARAM_MIP_Strategy_VariableSelect             3
CPXPARAM_TimeLimit                               598.79979917599996
Tried aggregator 1 time.
MIP Presolve eliminated 305 rows and 1160 columns.
Reduced MIP has 1737 rows, 2320 columns, and 19024 nonzeros.
Reduced MIP has 2320 binaries, 0 generals, 0 SOSs, and 0 indicators.
Presolve time = 0.01 sec. (10.84 ticks)
Found incumbent of value 0.000000 after 0.04 sec. (30.47 ticks)

Root node processing (before b&c):
  Real time             =    0.04 sec. (30.59 ticks)
Sequential b&c:
  Real time             =    0.00 sec. (0.00 ticks)
                          ------------
Total (root+branch&cut) =    0.04 sec. (30.59 ticks)
Version identifier: 22.1.0.0 | 2022-03-09 | 1a383f8ce
CPXPARAM_Threads                                 1
CPXPARAM_MIP_Strategy_VariableSelect             3
CPXPARAM_TimeLimit                               598.738917646
Tried aggregator 1 time.
MIP Presolve eliminated 306 rows and 1164 columns.
Reduced MIP has 1743 rows, 2328 columns, and 19090 nonzeros.
Reduced MIP has 2328 binaries, 0 generals, 0 SOSs, and 0 indicators.
Presolve time = 0.01 sec. (10.87 ticks)
Found incumbent of value 0.000000 after 0.04 sec. (30.82 ticks)

Root node processing (before b&c):
  Real time             =    0.04 sec. (30.95 ticks)
Sequential b&c:
  Real time             =    0.00 sec. (0.00 ticks)
                          ------------
Total (root+branch&cut) =    0.04 sec. (30.95 ticks)
Version identifier: 22.1.0.0 | 2022-03-09 | 1a383f8ce
CPXPARAM_Threads                                 1
CPXPARAM_MIP_Strategy_VariableSelect             3
CPXPARAM_TimeLimit                               598.677836329
Tried aggregator 1 time.
MIP Presolve eliminated 307 rows and 1168 columns.
Reduced MIP has 1749 rows, 2336 columns, and 19156 nonzeros.
Reduced MIP has 2336 binaries, 0 generals, 0 SOSs, and 0 indicators.
Presolve time = 0.01 sec. (10.91 ticks)
Found incumbent of value 0.000000 after 0.04 sec. (30.90 ticks)

Root node processing (before b&c):
  Real time             =    0.04 sec. (31.03 ticks)
Sequential b&c:
  Real time             =    0.00 sec. (0.00 ticks)
                          ------------
Total (root+branch&cut) =    0.04 sec. (31.03 ticks)
Version identifier: 22.1.0.0 | 2022-03-09 | 1a383f8ce
CPXPARAM_Threads                                 1
CPXPARAM_MIP_Strategy_VariableSelect             3
CPXPARAM_TimeLimit                               598.61606345899997
Tried aggregator 1 time.
MIP Presolve eliminated 308 rows and 1172 columns.
Reduced MIP has 1755 rows, 2344 columns, and 19222 nonzeros.
Reduced MIP has 2344 binaries, 0 generals, 0 SOSs, and 0 indicators.
Presolve time = 0.01 sec. (10.94 ticks)
Found incumbent of value 0.000000 after 0.04 sec. (32.14 ticks)

Root node processing (before b&c):
  Real time             =    0.05 sec. (32.27 ticks)
Sequential b&c:
  Real time             =    0.00 sec. (0.00 ticks)
                          ------------
Total (root+branch&cut) =    0.05 sec. (32.27 ticks)
Version identifier: 22.1.0.0 | 2022-03-09 | 1a383f8ce
CPXPARAM_Threads                                 1
CPXPARAM_MIP_Strategy_VariableSelect             3
CPXPARAM_TimeLimit                               598.55216003400005
Tried aggregator 1 time.
MIP Presolve eliminated 309 rows and 1176 columns.
Reduced MIP has 1761 rows, 2352 columns, and 19288 nonzeros.
Reduced MIP has 2352 binaries, 0 generals, 0 SOSs, and 0 indicators.
Presolve time = 0.01 sec. (10.99 ticks)
Found incumbent of value 0.000000 after 0.04 sec. (31.08 ticks)

Root node processing (before b&c):
  Real time             =    0.04 sec. (31.21 ticks)
Sequential b&c:
  Real time             =    0.00 sec. (0.00 ticks)
                          ------------
Total (root+branch&cut) =    0.04 sec. (31.21 ticks)
Version identifier: 22.1.0.0 | 2022-03-09 | 1a383f8ce
CPXPARAM_Threads                                 1
CPXPARAM_MIP_Strategy_VariableSelect             3
CPXPARAM_TimeLimit                               598.49018477200002
Tried aggregator 1 time.
MIP Presolve eliminated 310 rows and 1180 columns.
Reduced MIP has 1767 rows, 2360 columns, and 19354 nonzeros.
Reduced MIP has 2360 binaries, 0 generals, 0 SOSs, and 0 indicators.
Presolve time = 0.01 sec. (11.01 ticks)
Found incumbent of value 0.000000 after 0.04 sec. (30.79 ticks)

Root node processing (before b&c):
  Real time             =    0.04 sec. (30.92 ticks)
Sequential b&c:
  Real time             =    0.00 sec. (0.00 ticks)
                          ------------
Total (root+branch&cut) =    0.04 sec. (30.92 ticks)
Version identifier: 22.1.0.0 | 2022-03-09 | 1a383f8ce
CPXPARAM_Threads                                 1
CPXPARAM_MIP_Strategy_VariableSelect             3
CPXPARAM_TimeLimit                               598.42858686500006
Tried aggregator 1 time.
MIP Presolve eliminated 311 rows and 1184 columns.
Reduced MIP has 1773 rows, 2368 columns, and 19420 nonzeros.
Reduced MIP has 2368 binaries, 0 generals, 0 SOSs, and 0 indicators.
Presolve time = 0.01 sec. (11.06 ticks)
Found incumbent of value 0.000000 after 0.04 sec. (30.72 ticks)

Root node processing (before b&c):
  Real time             =    0.04 sec. (30.85 ticks)
Sequential b&c:
  Real time             =    0.00 sec. (0.00 ticks)
                          ------------
Total (root+branch&cut) =    0.04 sec. (30.85 ticks)
Version identifier: 22.1.0.0 | 2022-03-09 | 1a383f8ce
CPXPARAM_Threads                                 1
CPXPARAM_MIP_Strategy_VariableSelect             3
CPXPARAM_TimeLimit                               598.36675574100002
Tried aggregator 1 time.
MIP Presolve eliminated 312 rows and 1188 columns.
Reduced MIP has 1779 rows, 2376 columns, and 19486 nonzeros.
Reduced MIP has 2376 binaries, 0 generals, 0 SOSs, and 0 indicators.
Presolve time = 0.01 sec. (11.09 ticks)
Found incumbent of value 0.000000 after 0.04 sec. (31.00 ticks)

Root node processing (before b&c):
  Real time             =    0.04 sec. (31.13 ticks)
Sequential b&c:
  Real time             =    0.00 sec. (0.00 ticks)
                          ------------
Total (root+branch&cut) =    0.04 sec. (31.13 ticks)
Version identifier: 22.1.0.0 | 2022-03-09 | 1a383f8ce
CPXPARAM_Threads                                 1
CPXPARAM_MIP_Strategy_VariableSelect             3
CPXPARAM_TimeLimit                               598.30479232499999
Tried aggregator 1 time.
MIP Presolve eliminated 313 rows and 1192 columns.
Reduced MIP has 1785 rows, 2384 columns, and 19552 nonzeros.
Reduced MIP has 2384 binaries, 0 generals, 0 SOSs, and 0 indicators.
Presolve time = 0.01 sec. (11.13 ticks)
Found incumbent of value 0.000000 after 0.04 sec. (31.60 ticks)

Root node processing (before b&c):
  Real time             =    0.04 sec. (31.73 ticks)
Sequential b&c:
  Real time             =    0.00 sec. (0.00 ticks)
                          ------------
Total (root+branch&cut) =    0.04 sec. (31.73 ticks)
Version identifier: 22.1.0.0 | 2022-03-09 | 1a383f8ce
CPXPARAM_Threads                                 1
CPXPARAM_MIP_Strategy_VariableSelect             3
CPXPARAM_TimeLimit                               598.24193009700002
Tried aggregator 1 time.
MIP Presolve eliminated 314 rows and 1196 columns.
Reduced MIP has 1791 rows, 2392 columns, and 19618 nonzeros.
Reduced MIP has 2392 binaries, 0 generals, 0 SOSs, and 0 indicators.
Presolve time = 0.01 sec. (11.16 ticks)
Found incumbent of value 0.000000 after 0.04 sec. (31.61 ticks)

Root node processing (before b&c):
  Real time             =    0.04 sec. (31.74 ticks)
Sequential b&c:
  Real time             =    0.00 sec. (0.00 ticks)
                          ------------
Total (root+branch&cut) =    0.04 sec. (31.74 ticks)
Version identifier: 22.1.0.0 | 2022-03-09 | 1a383f8ce
CPXPARAM_Threads                                 1
CPXPARAM_MIP_Strategy_VariableSelect             3
CPXPARAM_TimeLimit                               598.17864086899999
Tried aggregator 1 time.
MIP Presolve eliminated 315 rows and 1200 columns.
Reduced MIP has 1797 rows, 2400 columns, and 19684 nonzeros.
Reduced MIP has 2400 binaries, 0 generals, 0 SOSs, and 0 indicators.
Presolve time = 0.02 sec. (11.20 ticks)
Found incumbent of value 0.000000 after 0.04 sec. (31.78 ticks)

Root node processing (before b&c):
  Real time             =    0.04 sec. (31.91 ticks)
Sequential b&c:
  Real time             =    0.00 sec. (0.00 ticks)
                          ------------
Total (root+branch&cut) =    0.04 sec. (31.91 ticks)
Version identifier: 22.1.0.0 | 2022-03-09 | 1a383f8ce
CPXPARAM_Threads                                 1
CPXPARAM_MIP_Strategy_VariableSelect             3
CPXPARAM_TimeLimit                               598.11496063200002
Tried aggregator 1 time.
MIP Presolve eliminated 316 rows and 1204 columns.
Reduced MIP has 1803 rows, 2408 columns, and 19750 nonzeros.
Reduced MIP has 2408 binaries, 0 generals, 0 SOSs, and 0 indicators.
Presolve time = 0.02 sec. (11.23 ticks)
Probing time = 0.00 sec. (3.15 ticks)
Tried aggregator 1 time.
Detecting symmetries...
Reduced MIP has 1803 rows, 2408 columns, and 19750 nonzeros.
Reduced MIP has 2408 binaries, 0 generals, 0 SOSs, and 0 indicators.
Presolve time = 0.01 sec. (12.08 ticks)
Probing time = 0.00 sec. (3.15 ticks)
Clique table members: 1199.
MIP emphasis: balance optimality and feasibility.
MIP search method: dynamic search.
Parallel mode: none, using 1 thread.
Root relaxation solution time = 0.01 sec. (13.44 ticks)

        Nodes                                         Cuts/
   Node  Left     Objective  IInf  Best Integer    Best Bound    ItCnt     Gap

      0     0    infeasible                                        345         

Root node processing (before b&c):
  Real time             =    0.10 sec. (88.99 ticks)
Sequential b&c:
  Real time             =    0.00 sec. (0.00 ticks)
                          ------------
Total (root+branch&cut) =    0.10 sec. (88.99 ticks)
Primal:	300
Dual:	300
Status:	Optimal
Time:	2.00491
Sequence:
	4
	9
	10
	4
	5
	9
	5
	4
	9
	4
	1
	4
	0
	9
	6
	4
	9
	0
	4
	5
	9
	9
	0
	10
	9
	4
	0
	9
	10
	0
	9
	4
	1
	4
	4
	9
	4
	9
	1
	4
	4
	0
	4
	10
	9
	9
	4
	0
	9
	4
	9
	4
	1
	4
	4
	9
	9
	4
	10
	4
	5
	0
	1
	4
	0
	6
	4
	1
	9
	4
	1
	4
	4
	10
	4
	0
	1
	4
	1
	4
	1
	4
	9
	4
	4
	10
	4
	1
	9
	1
	4
	1
	0
	9
	1
	9
	1
	9
	9
	1
	9
	1
	4
	10
	0
	9
	4
	4
	9
	4
	4
	9
	5
	0
	9
	9
	10
	4
	1
	4
	9
	1
	8
	9
	5
	9
	4
	9
	9
	9
	9
	10
	4
	4
	1
	4
	10
	0
	9
	4
	1
	9
	6
	4
	1
	9
	1
	9
	9
	9
	9
	0
	4
	4
	9
	9
	0
	4
	10
	9
	4
	0
	10
	9
	4
	4
	1
	4
	4
	9
	4
	4
	9
	1
	0
	10
	4
	9
	4
	4
	1
	0
	1
	9
	0
	4
	9
	9
	1
	4
	4
	9
	1
	9
	0
	4
	9
	4
	10
	9
	9
	10
	4
	9
	1
	9
	4
	4
	10
	9
	0
	9
	10
	0
	10
	9
	9
	10
	4
	9
	1
	0
	6
	9
	4
	10
	4
	0
	4
	10
	9
	1
	4
	9
	4
	4
	1
	4
	9
	4
	4
	9
	4
	10
	0
	4
	1
	9
	0
	6
	4
	0
	9
	4
	10
	4
	9
	4
	4
	10
	9
	1
	9
	4
	6
	9
	9
	0
	5
	9
	4
	1
	9
	4
	1
	0
	9
	9
	1
	9
	4
	9
	1
	9
	9
	9
	9
	9
	5
	9
	0
	9
	1
	9
	1
	0
	4
	10
	9
	9
