Version identifier: 22.1.0.0 | 2022-03-09 | 1a383f8ce
CPXPARAM_Threads                                 1
CPXPARAM_MIP_Strategy_VariableSelect             3
CPXPARAM_TimeLimit                               599.99994245899995
1 of 1 MIP starts provided solutions.
MIP start 'm1' defined initial solution with objective 302.0000.
Tried aggregator 2 times.
MIP Presolve eliminated 431 rows and 1165 columns.
MIP Presolve added 36 rows and 9 columns.
MIP Presolve modified 36 coefficients.
Aggregator did 9 substitutions.
Reduced MIP has 2325 rows, 3880 columns, and 103837 nonzeros.
Reduced MIP has 3880 binaries, 0 generals, 0 SOSs, and 0 indicators.
Presolve time = 0.13 sec. (206.99 ticks)
Probing time = 0.01 sec. (14.31 ticks)
Tried aggregator 1 time.
Detecting symmetries...
MIP Presolve modified 10 coefficients.
Reduced MIP has 2325 rows, 3880 columns, and 103965 nonzeros.
Reduced MIP has 3880 binaries, 0 generals, 0 SOSs, and 0 indicators.
Presolve time = 0.09 sec. (155.46 ticks)
Probing time = 0.01 sec. (14.32 ticks)
Clique table members: 1547.
MIP emphasis: balance optimality and feasibility.
MIP search method: dynamic search.
Parallel mode: none, using 1 thread.
Root relaxation solution time = 0.03 sec. (32.70 ticks)

        Nodes                                         Cuts/
   Node  Left     Objective  IInf  Best Integer    Best Bound    ItCnt     Gap

*     0+    0                          302.0000    75466.0000              --- 
      0     0      388.0000    32      302.0000      388.0000      560   28.48%
*     0+    0                          388.0000      388.0000             0.00%
      0     0        cutoff            388.0000      388.0000      560    0.00%
Elapsed time = 0.39 sec. (538.16 ticks, tree = 0.01 MB, solutions = 2)

Root node processing (before b&c):
  Real time             =    0.39 sec. (538.35 ticks)
Sequential b&c:
  Real time             =    0.00 sec. (0.00 ticks)
                          ------------
Total (root+branch&cut) =    0.39 sec. (538.35 ticks)
Primal:	388
Dual:	388
Status:	Optimal
Time:	0.43
Sequence:
	0
	5
	9
	9
	5
	8
	3
	9
	8
	5
	9
	5
	9
	4
	5
	9
	4
	5
	0
	5
	9
	6
	8
	3
	9
	5
	0
	4
	5
	9
	5
	9
	4
	1
	9
	3
	9
	0
	9
	9
	9
	9
	1
	9
	5
	9
	9
	9
	9
	9
	1
	9
	9
	9
	9
	9
	1
	0
	9
	9
	2
	9
	9
	9
	9
	9
	4
	3
	9
	4
	9
	9
	0
	9
	9
	0
	1
	9
	1
	9
	9
	1
	9
	9
	4
	4
	9
	9
	9
	9
	9
	9
	9
	4
	9
	5
	4
	1
	4
	4
	0
	4
	5
	9
	0
	1
	9
	0
	1
	4
	0
	9
	9
	0
	4
	4
	0
	4
	4
	0
	5
	9
	1
	4
	4
	1
	0
	1
	4
	0
	5
	4
	1
	4
	1
	9
	0
	4
	4
	3
	4
	4
	1
	4
	0
	4
	4
	0
	4
	9
	9
	0
	9
	4
	4
	0
	4
	4
	0
	9
	5
	9
	9
	9
	0
	9
	9
	9
	1
	9
	4
	0
	4
	4
	0
	4
	4
	0
	4
	4
	0
	4
	4
	0
	4
	4
	0
	4
	5
	0
	4
	4
	0
	4
	9
	0
	4
	9
	0
	4
	5
	0
	9
	5
	0
	9
	9
	5
	9
	9
	5
	9
	9
	0
	1
	4
	9
	1
	9
	0
	5
	9
	5
	0
	9
	1
	9
	9
	9
	9
	0
	1
	9
	3
	9
	9
	9
	9
	1
	9
	3
	9
	0
	9
	9
	0
	9
	3
	9
	0
	4
	1
	0
	9
	5
	0
	3
	9
	0
	9
	5
	0
	4
	5
	0
	4
	5
	0
	5
	4
	1
	4
	0
	1
	9
	0
	9
	3
	9
	0
	1
	9
	0
	4
	4
	0
	4
	4
	0
	5
	9
	4
	0
	4
	9
	9
	9
	0
	9
	9
	0
	9
	9
	0
	5
	4
	0
	9
	9
	9
	0
	9
	4
	0
	9
	9
	1
	0
	5
	9
	9
	1
	9
	9
	4
	4
	9
	4
	0
	9
	9
	1
	0
	9
	5
	9
	9
	1
	9
	9
	0
	9
	9
	9
	1
	0
	9
	9
	9
	9
	4
	4
	9
	4
	9
	1
	9
	0
	9
	3
	9
	9
	5
	9
	5
	0
	9
	5
	9
	9
	4
	4
	0
	4
	4
	9
	4
	0
	5
	4
	1
	4
	3
	4
	0
	5
	4
	0
