Version identifier: 22.1.0.0 | 2022-03-09 | 1a383f8ce
CPXPARAM_Threads                                 1
CPXPARAM_MIP_Strategy_VariableSelect             3
CPXPARAM_TimeLimit                               599.99994788000004
1 of 1 MIP starts provided solutions.
MIP start 'm1' defined initial solution with objective 67.0000.
Tried aggregator 2 times.
MIP Presolve eliminated 39 rows and 193 columns.
MIP Presolve added 28 rows and 7 columns.
MIP Presolve modified 102 coefficients.
Aggregator did 7 substitutions.
Reduced MIP has 667 rows, 1056 columns, and 13900 nonzeros.
Reduced MIP has 1056 binaries, 0 generals, 0 SOSs, and 0 indicators.
Presolve time = 0.04 sec. (32.28 ticks)
Probing time = 0.01 sec. (5.66 ticks)
Tried aggregator 1 time.
Detecting symmetries...
MIP Presolve modified 10 coefficients.
Reduced MIP has 667 rows, 1056 columns, and 14162 nonzeros.
Reduced MIP has 1056 binaries, 0 generals, 0 SOSs, and 0 indicators.
Presolve time = 0.02 sec. (16.59 ticks)
Probing time = 0.01 sec. (5.69 ticks)
Clique table members: 470.
MIP emphasis: balance optimality and feasibility.
MIP search method: dynamic search.
Parallel mode: none, using 1 thread.
Root relaxation solution time = 0.01 sec. (8.14 ticks)

        Nodes                                         Cuts/
   Node  Left     Objective  IInf  Best Integer    Best Bound    ItCnt     Gap

*     0+    0                           67.0000     4656.0000              --- 
      0     0       96.0000    16       67.0000       96.0000      326   43.28%
*     0+    0                           96.0000       96.0000             0.00%
      0     0        cutoff             96.0000       96.0000      326    0.00%
Elapsed time = 0.10 sec. (76.78 ticks, tree = 0.01 MB, solutions = 2)

Root node processing (before b&c):
  Real time             =    0.10 sec. (76.83 ticks)
Sequential b&c:
  Real time             =    0.00 sec. (0.00 ticks)
                          ------------
Total (root+branch&cut) =    0.10 sec. (76.83 ticks)
Primal:	96
Dual:	96
Status:	Optimal
Time:	0.11
Sequence:
	10
	4
	5
	0
	6
	9
	3
	4
	2
	4
	4
	9
	5
	9
	9
	8
	5
	9
	8
	9
	10
	9
	10
	0
	4
	1
	4
	0
	4
	4
	9
	1
	0
	1
	9
	6
	4
	1
	0
	3
	4
	4
	0
	4
	1
	4
	4
	3
	4
	0
	4
	10
	4
	10
	4
	4
	9
	6
	4
	10
	9
	6
	4
	0
	5
	9
	1
	0
	1
	9
	6
	0
	9
	9
	1
	4
	9
	6
	9
	0
	1
	9
	0
	1
	4
	0
	4
	9
	8
	1
	9
	4
	2
	4
	4
	1
