Version identifier: 22.1.0.0 | 2022-03-09 | 1a383f8ce
CPXPARAM_Threads                                 1
CPXPARAM_MIP_Strategy_VariableSelect             3
CPXPARAM_TimeLimit                               599.99990311299996
1 of 1 MIP starts provided solutions.
MIP start 'm1' defined initial solution with objective 242.0000.
Tried aggregator 2 times.
MIP Presolve eliminated 45 rows and 813 columns.
MIP Presolve added 36 rows and 9 columns.
MIP Presolve modified 42 coefficients.
Aggregator did 9 substitutions.
Reduced MIP has 2837 rows, 4466 columns, and 120781 nonzeros.
Reduced MIP has 4466 binaries, 0 generals, 0 SOSs, and 0 indicators.
Presolve time = 0.15 sec. (233.11 ticks)
Probing time = 0.02 sec. (16.72 ticks)
Tried aggregator 1 time.
Detecting symmetries...
MIP Presolve modified 11 coefficients.
Reduced MIP has 2837 rows, 4466 columns, and 120906 nonzeros.
Reduced MIP has 4466 binaries, 0 generals, 0 SOSs, and 0 indicators.
Presolve time = 0.11 sec. (178.30 ticks)
Probing time = 0.02 sec. (16.73 ticks)
Clique table members: 2020.
MIP emphasis: balance optimality and feasibility.
MIP search method: dynamic search.
Parallel mode: none, using 1 thread.
Root relaxation solution time = 0.37 sec. (437.01 ticks)

        Nodes                                         Cuts/
   Node  Left     Objective  IInf  Best Integer    Best Bound    ItCnt     Gap

*     0+    0                          242.0000    82621.0000              --- 
      0     0      406.0000   616      242.0000      406.0000     2377   67.77%
*     0+    0                          406.0000      406.0000             0.00%
      0     0        cutoff            406.0000      406.0000     2377    0.00%
Elapsed time = 2.18 sec. (2892.28 ticks, tree = 0.01 MB, solutions = 2)

Root node processing (before b&c):
  Real time             =    2.18 sec. (2892.49 ticks)
Sequential b&c:
  Real time             =    0.00 sec. (0.00 ticks)
                          ------------
Total (root+branch&cut) =    2.18 sec. (2892.49 ticks)
Primal:	406
Dual:	406
Status:	Optimal
Time:	2.22
Sequence:
	7
	0
	5
	4
	1
	4
	7
	9
	5
	9
	5
	9
	11
	9
	1
	9
	10
	9
	7
	9
	5
	9
	5
	2
	11
	9
	1
	9
	5
	9
	7
	9
	1
	9
	1
	4
	7
	9
	6
	9
	5
	9
	7
	9
	5
	9
	5
	9
	7
	9
	5
	2
	1
	9
	11
	4
	5
	0
	6
	9
	7
	4
	1
	9
	5
	9
	7
	9
	6
	9
	1
	9
	7
	9
	9
	6
	9
	5
	9
	11
	4
	5
	0
	5
	4
	11
	9
	5
	0
	5
	9
	7
	9
	1
	4
	5
	9
	7
	9
	5
	0
	6
	9
	7
	0
	6
	4
	1
	4
	7
	0
	5
	9
	6
	9
	7
	4
	1
	9
	5
	0
	7
	4
	1
	4
	5
	0
	11
	4
	5
	0
	1
	4
	11
	4
	5
	0
	1
	4
	7
	0
	5
	4
	10
	4
	11
	4
	1
	4
	5
	0
	7
	4
	1
	9
	5
	0
	7
	9
	1
	4
	1
	4
	7
	9
	1
	9
	1
	0
	7
	9
	5
	9
	1
	0
	7
	4
	1
	9
	5
	0
	7
	9
	5
	0
	1
	9
	7
	9
	1
	9
	5
	9
	7
	0
	5
	9
	5
	9
	7
	9
	1
	9
	6
	9
	11
	4
	10
	0
	1
	4
	11
	0
	5
	9
	1
	9
	7
	9
	6
	9
	5
	9
	7
	9
	5
	9
	5
	9
	7
	9
	6
	9
	5
	9
	7
	9
	5
	0
	5
	9
	7
	9
	5
	9
	4
	4
	11
	2
	5
	9
	5
	4
	11
	0
	5
	9
	5
	0
	1
	9
	7
	9
	5
	0
	5
	9
	7
	0
	5
	9
	5
	0
	11
	9
	5
	0
	4
	9
	7
	0
	9
	6
	4
	9
	7
	9
	5
	0
	4
	9
	7
	9
	5
	9
	6
	9
	7
	9
	1
	4
	1
	4
	7
	9
	5
	9
	5
	9
	7
	9
	5
	9
	1
	4
	7
	9
	10
	9
	5
	9
	7
	9
	1
	9
	5
	9
	7
	9
	6
	9
	5
	0
	7
	9
	5
	9
	6
	9
	7
	9
	5
	9
	5
	9
	7
	9
	9
	5
	9
	0
	11
	4
	5
	9
	5
	9
	7
	9
	1
	4
	5
	0
	7
	9
	1
	2
	5
	9
	7
	9
	5
	9
	5
	9
	7
	9
	5
	9
	5
	9
	7
	4
	0
	5
	9
	4
	11
	9
	5
	9
	6
	0
	7
	4
	1
	4
	1
	0
	7
	4
	1
	4
	1
	4
	7
