Version identifier: 22.1.0.0 | 2022-03-09 | 1a383f8ce
CPXPARAM_Threads                                 1
CPXPARAM_MIP_Strategy_VariableSelect             3
CPXPARAM_TimeLimit                               599.99997781699994
1 of 1 MIP starts provided solutions.
MIP start 'm1' defined initial solution with objective 119.0000.
Tried aggregator 2 times.
MIP Presolve eliminated 414 rows and 376 columns.
MIP Presolve added 36 rows and 9 columns.
MIP Presolve modified 38 coefficients.
Aggregator did 9 substitutions.
Reduced MIP has 2230 rows, 4461 columns, and 107665 nonzeros.
Reduced MIP has 4461 binaries, 0 generals, 0 SOSs, and 0 indicators.
Presolve time = 0.16 sec. (207.48 ticks)
Probing time = 0.02 sec. (16.29 ticks)
Tried aggregator 1 time.
Detecting symmetries...
MIP Presolve modified 11 coefficients.
Reduced MIP has 2230 rows, 4461 columns, and 107815 nonzeros.
Reduced MIP has 4461 binaries, 0 generals, 0 SOSs, and 0 indicators.
Presolve time = 0.12 sec. (162.78 ticks)
Probing time = 0.02 sec. (16.30 ticks)
Clique table members: 1481.
MIP emphasis: balance optimality and feasibility.
MIP search method: dynamic search.
Parallel mode: none, using 1 thread.
Root relaxation solution time = 0.21 sec. (239.09 ticks)

        Nodes                                         Cuts/
   Node  Left     Objective  IInf  Best Integer    Best Bound    ItCnt     Gap

*     0+    0                          119.0000    68265.0000              --- 
      0     0      369.0000   487      119.0000      369.0000     1710  210.08%
*     0+    0                          369.0000      369.0000             0.00%
      0     0        cutoff            369.0000      369.0000     1710    0.00%
Elapsed time = 1.29 sec. (1263.49 ticks, tree = 0.01 MB, solutions = 2)

Root node processing (before b&c):
  Real time             =    1.29 sec. (1263.68 ticks)
Sequential b&c:
  Real time             =    0.00 sec. (0.00 ticks)
                          ------------
Total (root+branch&cut) =    1.29 sec. (1263.68 ticks)
Primal:	369
Dual:	369
Status:	Optimal
Time:	1.33
Sequence:
	7
	4
	9
	5
	4
	0
	7
	9
	5
	9
	0
	9
	7
	9
	10
	9
	9
	4
	7
	9
	10
	9
	0
	9
	7
	9
	5
	4
	9
	9
	11
	9
	5
	4
	10
	2
	11
	4
	9
	4
	9
	9
	11
	4
	9
	5
	9
	9
	7
	9
	5
	4
	9
	2
	11
	9
	9
	0
	5
	9
	7
	9
	10
	9
	4
	2
	7
	4
	2
	9
	9
	9
	11
	9
	5
	0
	9
	9
	11
	4
	9
	6
	9
	9
	11
	9
	9
	9
	10
	9
	11
	9
	10
	9
	4
	0
	7
	4
	9
	5
	0
	4
	7
	0
	10
	4
	5
	0
	7
	4
	1
	4
	4
	0
	7
	4
	9
	4
	2
	4
	7
	0
	4
	9
	4
	4
	11
	0
	10
	4
	4
	0
	11
	4
	4
	9
	4
	4
	3
	4
	4
	0
	10
	4
	7
	9
	4
	4
	10
	4
	7
	0
	4
	4
	10
	9
	7
	2
	4
	4
	9
	4
	7
	9
	4
	5
	0
	4
	7
	0
	4
	4
	0
	4
	7
	0
	4
	4
	0
	4
	7
	0
	4
	4
	9
	4
	11
	4
	4
	9
	9
	9
	7
	0
	9
	9
	10
	0
	7
	9
	9
	5
	4
	9
	7
	2
	9
	5
	9
	9
	3
	4
	9
	5
	9
	4
	11
	0
	5
	9
	5
	0
	7
	9
	5
	0
	10
	4
	7
	0
	9
	10
	9
	4
	11
	0
	4
	5
	0
	4
	11
	2
	4
	4
	10
	4
	7
	0
	5
	4
	10
	4
	11
	4
	0
	4
	4
	0
	7
	4
	0
	4
	5
	0
	7
	9
	4
	5
	0
	4
	7
	0
	4
	4
	0
	4
	4
	11
	4
	5
	9
	9
	0
	7
	9
	0
	9
	5
	9
	7
	0
	9
	9
	1
	9
	7
	0
	9
	9
	9
	9
	7
	9
	4
	9
	9
	0
	3
	9
	0
	4
	9
	9
	7
	4
	10
	9
	5
	9
	7
	0
	4
	9
	9
	9
	7
	0
	10
	9
	9
	9
	7
	9
	5
	4
	9
	9
	7
	9
	9
	5
	9
	0
	7
	9
	9
	4
	9
	0
	7
	4
	9
	9
	4
	9
	7
	9
	5
	0
	5
	4
	9
	7
	4
	9
	4
	5
	2
	7
