Version identifier: 22.1.0.0 | 2022-03-09 | 1a383f8ce
CPXPARAM_Threads                                 1
CPXPARAM_MIP_Strategy_VariableSelect             3
CPXPARAM_TimeLimit                               599.99999222600002
1 of 1 MIP starts provided solutions.
MIP start 'm1' defined initial solution with objective 222.0000.
Tried aggregator 1 time.
MIP Presolve eliminated 19 rows and 666 columns.
MIP Presolve modified 204 coefficients.
Reduced MIP has 1548 rows, 2220 columns, and 43430 nonzeros.
Reduced MIP has 2220 binaries, 0 generals, 0 SOSs, and 0 indicators.
Presolve time = 0.08 sec. (94.51 ticks)
Probing time = 0.01 sec. (9.89 ticks)
Tried aggregator 1 time.
Detecting symmetries...
MIP Presolve modified 11 coefficients.
Reduced MIP has 1548 rows, 2220 columns, and 43607 nonzeros.
Reduced MIP has 2220 binaries, 0 generals, 0 SOSs, and 0 indicators.
Presolve time = 0.05 sec. (64.01 ticks)
Probing time = 0.01 sec. (9.90 ticks)
Clique table members: 1140.
MIP emphasis: balance optimality and feasibility.
MIP search method: dynamic search.
Parallel mode: none, using 1 thread.
Root relaxation solution time = 0.01 sec. (13.89 ticks)

        Nodes                                         Cuts/
   Node  Left     Objective  IInf  Best Integer    Best Bound    ItCnt     Gap

*     0+    0                          222.0000    24753.0000              --- 
      0     0        cutoff            222.0000                    273     --- 

Root node processing (before b&c):
  Real time             =    0.21 sec. (219.96 ticks)
Sequential b&c:
  Real time             =    0.00 sec. (0.00 ticks)
                          ------------
Total (root+branch&cut) =    0.21 sec. (219.96 ticks)
Primal:	222
Dual:	222
Status:	Optimal
Time:	0.22
Sequence:
	4
	5
	9
	9
	0
	11
	4
	6
	9
	1
	0
	11
	4
	2
	1
	4
	6
	0
	11
	4
	9
	5
	4
	0
	9
	3
	9
	5
	9
	9
	9
	9
	6
	9
	0
	4
	11
	0
	1
	4
	4
	0
	11
	9
	9
	5
	4
	0
	6
	9
	4
	5
	0
	1
	4
	5
	0
	11
	9
	1
	0
	5
	9
	9
	0
	1
	9
	0
	4
	4
	1
	4
	4
	1
	9
	1
	0
	11
	4
	5
	0
	9
	1
	4
	5
	0
	9
	1
	9
	0
	11
	9
	1
	9
	5
	0
	3
	4
	9
	4
	9
	4
	5
	9
	11
	9
	1
	9
	5
	9
	9
	0
	11
	9
	0
	5
	9
	5
	4
	11
	9
	0
	9
	4
	0
	11
	4
	9
	0
	4
	9
	3
	0
	9
	4
	5
	9
	4
	9
	5
	0
	4
	5
	0
	5
	9
	0
	5
	9
	5
	4
	11
	4
	9
	9
	0
	9
	9
	0
	9
	9
	0
	9
	9
	0
	9
	9
	9
	0
	9
	9
	0
	9
	9
	9
	9
	9
	9
	9
	9
	9
	9
	9
	9
	9
	9
	9
	9
	9
	9
	9
	9
	9
	9
	9
	9
	9
	9
	9
	9
	9
	9
	9
	9
	9
	9
	9
	9
	9
	9
	9
	9
	9
	9
	9
	9
	9
	9
	9
	9
	9
	9
