Version identifier: 22.1.0.0 | 2022-03-09 | 1a383f8ce
CPXPARAM_Threads                                 1
CPXPARAM_MIP_Strategy_VariableSelect             3
CPXPARAM_TimeLimit                               599.99472180299995
1 of 1 MIP starts provided solutions.
MIP start 'm1' defined initial solution with objective 208.0000.
Tried aggregator 1 time.
MIP Presolve eliminated 223 rows and 416 columns.
MIP Presolve modified 201 coefficients.
Reduced MIP has 1246 rows, 2288 columns, and 41306 nonzeros.
Reduced MIP has 2288 binaries, 0 generals, 0 SOSs, and 0 indicators.
Presolve time = 0.08 sec. (84.96 ticks)
Probing time = 0.01 sec. (9.89 ticks)
Tried aggregator 1 time.
Detecting symmetries...
MIP Presolve modified 10 coefficients.
Reduced MIP has 1246 rows, 2288 columns, and 41494 nonzeros.
Reduced MIP has 2288 binaries, 0 generals, 0 SOSs, and 0 indicators.
Presolve time = 0.05 sec. (57.65 ticks)
Probing time = 0.01 sec. (9.91 ticks)
Clique table members: 857.
MIP emphasis: balance optimality and feasibility.
MIP search method: dynamic search.
Parallel mode: none, using 1 thread.
Root relaxation solution time = 0.03 sec. (21.39 ticks)

        Nodes                                         Cuts/
   Node  Left     Objective  IInf  Best Integer    Best Bound    ItCnt     Gap

*     0+    0                          208.0000    21736.0000              --- 
      0     0        cutoff            208.0000                    558     --- 

Root node processing (before b&c):
  Real time             =    0.21 sec. (209.09 ticks)
Sequential b&c:
  Real time             =    0.00 sec. (0.00 ticks)
                          ------------
Total (root+branch&cut) =    0.21 sec. (209.09 ticks)
Primal:	208
Dual:	208
Status:	Optimal
Time:	0.23
Sequence:
	2
	4
	9
	7
	2
	5
	4
	9
	2
	7
	9
	5
	4
	10
	4
	7
	0
	5
	4
	1
	2
	7
	4
	10
	2
	4
	9
	7
	0
	5
	4
	9
	5
	0
	7
	9
	0
	4
	5
	0
	7
	9
	5
	9
	10
	2
	5
	9
	0
	11
	9
	4
	0
	5
	9
	7
	2
	10
	4
	0
	10
	4
	7
	2
	5
	4
	10
	0
	10
	4
	11
	0
	5
	4
	0
	5
	9
	0
	7
	9
	0
	5
	9
	2
	7
	9
	10
	2
	9
	5
	2
	5
	9
	7
	2
	5
	4
	2
	5
	9
	7
	2
	5
	9
	10
	9
	7
	2
	5
	4
	0
	5
	9
	7
	0
	9
	5
	0
	9
	7
	0
	9
	5
	9
	2
	4
	5
	2
	7
	4
	10
	0
	4
	5
	2
	7
	9
	5
	0
	5
	9
	7
	0
	5
	9
	0
	9
	7
	0
	5
	9
	0
	9
	7
	0
	10
	9
	5
	2
	7
	9
	0
	9
	5
	4
	3
	0
	10
	4
	2
	4
	7
	0
	10
	4
	2
	4
	7
	2
	4
	4
	2
	5
	4
	2
	7
	4
	0
	9
	9
	2
	7
	9
	9
	0
	5
	9
	5
	0
	7
	4
	9
	0
	4
	9
	2
	4
	7
