Version identifier: 22.1.0.0 | 2022-03-09 | 1a383f8ce
CPXPARAM_Threads                                 1
CPXPARAM_MIP_Strategy_VariableSelect             3
CPXPARAM_TimeLimit                               599.99977383299995
1 of 1 MIP starts provided solutions.
MIP start 'm1' defined initial solution with objective 317.0000.
Tried aggregator 1 time.
MIP Presolve eliminated 334 rows and 1268 columns.
MIP Presolve modified 153 coefficients.
Reduced MIP has 1898 rows, 2853 columns, and 73913 nonzeros.
Reduced MIP has 2853 binaries, 0 generals, 0 SOSs, and 0 indicators.
Presolve time = 0.09 sec. (148.50 ticks)
Probing time = 0.01 sec. (12.06 ticks)
Tried aggregator 1 time.
Detecting symmetries...
MIP Presolve modified 9 coefficients.
Reduced MIP has 1898 rows, 2853 columns, and 74039 nonzeros.
Reduced MIP has 2853 binaries, 0 generals, 0 SOSs, and 0 indicators.
Presolve time = 0.07 sec. (111.41 ticks)
Probing time = 0.01 sec. (12.07 ticks)
Clique table members: 1360.
MIP emphasis: balance optimality and feasibility.
MIP search method: dynamic search.
Parallel mode: none, using 1 thread.
Root relaxation solution time = 0.02 sec. (16.94 ticks)

        Nodes                                         Cuts/
   Node  Left     Objective  IInf  Best Integer    Best Bound    ItCnt     Gap

*     0+    0                          317.0000    50403.0000              --- 
      0     0        cutoff            317.0000                    264     --- 

Root node processing (before b&c):
  Real time             =    0.27 sec. (354.47 ticks)
Sequential b&c:
  Real time             =    0.00 sec. (0.00 ticks)
                          ------------
Total (root+branch&cut) =    0.27 sec. (354.47 ticks)
Primal:	317
Dual:	317
Status:	Optimal
Time:	0.3
Sequence:
	9
	1
	9
	4
	11
	2
	1
	9
	2
	4
	9
	3
	2
	1
	4
	1
	4
	11
	2
	4
	9
	1
	2
	3
	9
	2
	4
	1
	2
	9
	1
	9
	1
	2
	9
	4
	2
	4
	11
	0
	1
	4
	1
	4
	1
	2
	1
	9
	4
	1
	0
	7
	9
	1
	0
	4
	9
	11
	2
	9
	1
	9
	2
	4
	1
	0
	4
	9
	0
	9
	9
	2
	3
	9
	0
	1
	4
	4
	9
	1
	0
	9
	4
	3
	0
	9
	9
	1
	0
	4
	1
	2
	1
	4
	9
	9
	9
	9
	1
	4
	0
	4
	4
	2
	1
	9
	4
	4
	0
	4
	9
	9
	9
	2
	4
	9
	2
	4
	9
	0
	1
	4
	4
	9
	2
	4
	1
	4
	4
	2
	4
	9
	0
	1
	4
	0
	9
	9
	0
	1
	4
	1
	2
	9
	9
	2
	9
	9
	0
	4
	4
	0
	4
	4
	0
	4
	4
	9
	9
	0
	1
	9
	9
	9
	0
	9
	9
	2
	4
	4
	9
	2
	9
	4
	0
	4
	9
	2
	4
	4
	2
	4
	4
	9
	4
	9
	2
	9
	4
	4
	9
	4
	4
	2
	9
	4
	4
	9
	9
	4
	4
	9
	4
	4
	9
	4
	4
	9
	4
	4
	9
	4
	4
	9
	4
	4
	9
	4
	4
	9
	4
	4
	9
	4
	4
	9
	4
	4
	9
	4
	4
	9
	4
	4
	9
	4
	4
	9
	4
	4
	9
	4
	4
	9
	4
	4
	9
	4
	9
	9
	9
	4
	4
	9
	4
	4
	9
	4
	9
	4
	9
	4
	4
	9
	9
	9
	9
	9
	4
	9
	9
	9
	9
	9
	9
	4
	4
	9
	9
	4
	4
	9
	4
	9
	4
	4
	9
	4
	4
	9
	4
	9
	4
	4
	9
	9
	4
	4
	9
	4
	9
	4
	9
	9
	4
	4
	9
	4
	9
	9
	4
	4
	9
	4
	9
	4
	4
