Version identifier: 22.1.0.0 | 2022-03-09 | 1a383f8ce
CPXPARAM_Threads                                 1
CPXPARAM_MIP_Strategy_VariableSelect             3
CPXPARAM_TimeLimit                               600
Tried aggregator 1 time.
MIP Presolve eliminated 12 rows and 987 columns.
Reduced MIP has 2303 rows, 2962 columns, and 27171 nonzeros.
Reduced MIP has 2961 binaries, 0 generals, 0 SOSs, and 0 indicators.
Presolve time = 0.01 sec. (11.28 ticks)
Found incumbent of value 8.000000 after 0.04 sec. (29.48 ticks)
Probing time = 0.00 sec. (5.29 ticks)
Tried aggregator 1 time.
Detecting symmetries...
Reduced MIP has 2303 rows, 2962 columns, and 27171 nonzeros.
Reduced MIP has 2961 binaries, 0 generals, 0 SOSs, and 0 indicators.
Presolve time = 0.01 sec. (12.09 ticks)
Probing time = 0.00 sec. (5.29 ticks)
Clique table members: 330.
MIP emphasis: balance optimality and feasibility.
MIP search method: dynamic search.
Parallel mode: none, using 1 thread.
Root relaxation solution time = 0.02 sec. (14.22 ticks)

        Nodes                                         Cuts/
   Node  Left     Objective  IInf  Best Integer    Best Bound    ItCnt     Gap

*     0+    0                            8.0000        0.0000           100.00%
      0     0        0.0000   104        8.0000        0.0000      537  100.00%
*     0+    0                            1.0000        0.0000           100.00%
*     0+    0                            0.0000        0.0000             0.00%
      0     0        cutoff              0.0000        0.0000      537    0.00%
Elapsed time = 0.14 sec. (116.92 ticks, tree = 0.01 MB, solutions = 3)

Root node processing (before b&c):
  Real time             =    0.14 sec. (117.09 ticks)
Sequential b&c:
  Real time             =    0.00 sec. (0.00 ticks)
                          ------------
Total (root+branch&cut) =    0.14 sec. (117.09 ticks)
Primal:	0
Dual:	0
Status:	Optimal
Time:	0.15
Sequence:
	9
	4
	9
	4
	4
	9
	9
	4
	9
	9
	9
	4
	9
	4
	4
	9
	4
	9
	4
	4
	9
	9
	9
	9
	9
	4
	4
	9
	4
	4
	9
	9
	4
	4
	9
	4
	9
	9
	9
	4
	9
	9
	9
	9
	9
	9
	9
	9
	9
	9
	9
	9
	9
	9
	9
	9
	9
	9
	9
	0
	6
	4
	9
	0
	9
	6
	9
	2
	4
	4
	0
	1
	4
	4
	0
	4
	5
	9
	5
	0
	9
	6
	0
	11
	9
	0
	9
	5
	0
	11
	4
	9
	9
	0
	9
	9
	9
	4
	4
	0
	4
	9
	0
	4
	4
	11
	0
	1
	9
	9
	9
	0
	4
	11
	2
	6
	4
	0
	5
	4
	0
	11
	9
	2
	4
	6
	0
	5
	4
	0
	6
	4
	0
	9
	6
	4
	9
	0
	5
	9
	9
	9
	0
	4
	5
	0
	4
	6
	0
	1
	9
	4
	9
	1
	0
	4
	1
	4
	4
	1
	0
	1
	9
	4
	5
	0
	1
	9
	0
	6
	9
	2
	4
	5
	0
	4
	1
	0
	1
	4
	9
	5
	4
	9
	6
	2
	11
	4
	0
	9
	1
	0
	9
	4
	9
	0
	1
	9
	0
	1
	9
	4
	0
	4
	4
	0
	4
	1
	0
	5
	9
	0
	1
	9
	6
	0
	4
	9
	9
	4
	0
	1
	4
	5
	0
	5
	4
	1
	0
	4
	6
	0
	11
	9
	1
	0
	9
	9
	9
	0
	4
	4
	9
	11
	0
	4
	1
	4
	6
	0
	11
	4
	0
	9
	1
	8
	1
	4
	0
	9
	6
	4
	1
	4
	4
	0
	9
	4
	0
	1
	9
	6
	4
	1
	0
	9
	9
	0
	9
	1
	4
	0
	5
	4
	0
	4
	1
	0
	6
	9
	0
	11
	9
	0
	4
	4
	0
	9
	9
	4
	0
	4
	4
	9
	0
	4
	5
	0
	5
	9
	0
	9
	5
	0
	4
	6
	0
	1
	9
	0
	1
	4
	9
	0
	11
	9
	0
	4
	5
