Version identifier: 22.1.0.0 | 2022-03-09 | 1a383f8ce
CPXPARAM_Threads                                 1
CPXPARAM_MIP_Strategy_VariableSelect             3
CPXPARAM_TimeLimit                               600
Found incumbent of value 1.000000 after 0.00 sec. (0.08 ticks)
Tried aggregator 1 time.
MIP Presolve eliminated 56 rows and 215 columns.
MIP Presolve modified 5 coefficients.
Reduced MIP has 257 rows, 302 columns, and 2485 nonzeros.
Reduced MIP has 301 binaries, 0 generals, 0 SOSs, and 0 indicators.
Presolve time = 0.00 sec. (1.56 ticks)
Probing time = 0.00 sec. (0.63 ticks)
Tried aggregator 1 time.
Detecting symmetries...
Reduced MIP has 257 rows, 302 columns, and 2485 nonzeros.
Reduced MIP has 301 binaries, 0 generals, 0 SOSs, and 0 indicators.
Presolve time = 0.00 sec. (1.45 ticks)
Probing time = 0.00 sec. (0.63 ticks)
Clique table members: 44.
MIP emphasis: balance optimality and feasibility.
MIP search method: dynamic search.
Parallel mode: none, using 1 thread.
Root relaxation solution time = 0.00 sec. (1.95 ticks)

        Nodes                                         Cuts/
   Node  Left     Objective  IInf  Best Integer    Best Bound    ItCnt     Gap

*     0+    0                            1.0000        0.0000           100.00%
      0     0        0.0000    44        1.0000        0.0000      152  100.00%
*     0+    0                            0.0000        0.0000             0.00%
      0     0        cutoff              0.0000        0.0000      152    0.00%
Elapsed time = 0.02 sec. (11.40 ticks, tree = 0.01 MB, solutions = 2)

Root node processing (before b&c):
  Real time             =    0.02 sec. (11.42 ticks)
Sequential b&c:
  Real time             =    0.00 sec. (0.00 ticks)
                          ------------
Total (root+branch&cut) =    0.02 sec. (11.42 ticks)
Primal:	0
Dual:	0
Status:	Optimal
Time:	0.01
Sequence:
	5
	9
	5
	9
	5
	9
	9
	5
	9
	1
	9
	1
	9
	1
	9
	9
	6
	9
	9
	9
	6
	0
	9
	1
	0
	1
	9
	5
	2
	5
	9
	5
	0
	5
	9
	4
	5
	9
	5
	0
	1
	4
	5
