Version identifier: 22.1.0.0 | 2022-03-09 | 1a383f8ce
CPXPARAM_Threads                                 1
CPXPARAM_MIP_Strategy_VariableSelect             3
CPXPARAM_TimeLimit                               600
Tried aggregator 1 time.
MIP Presolve eliminated 11 rows and 752 columns.
Reduced MIP has 2633 rows, 3761 columns, and 36302 nonzeros.
Reduced MIP has 3760 binaries, 0 generals, 0 SOSs, and 0 indicators.
Presolve time = 0.02 sec. (14.71 ticks)
Found incumbent of value 11.000000 after 0.05 sec. (37.49 ticks)
Probing time = 0.00 sec. (6.30 ticks)
Tried aggregator 1 time.
Detecting symmetries...
Reduced MIP has 2633 rows, 3761 columns, and 36302 nonzeros.
Reduced MIP has 3760 binaries, 0 generals, 0 SOSs, and 0 indicators.
Presolve time = 0.02 sec. (16.34 ticks)
Probing time = 0.00 sec. (6.30 ticks)
Clique table members: 377.
MIP emphasis: balance optimality and feasibility.
MIP search method: dynamic search.
Parallel mode: none, using 1 thread.
Root relaxation solution time = 0.03 sec. (20.15 ticks)

        Nodes                                         Cuts/
   Node  Left     Objective  IInf  Best Integer    Best Bound    ItCnt     Gap

*     0+    0                           11.0000        0.0000           100.00%
      0     0        0.0000   111       11.0000        0.0000      720  100.00%
*     0+    0                            0.0000        0.0000             0.00%
      0     0        cutoff              0.0000        0.0000      720    0.00%
Elapsed time = 0.19 sec. (162.02 ticks, tree = 0.01 MB, solutions = 2)

Root node processing (before b&c):
  Real time             =    0.19 sec. (162.19 ticks)
Sequential b&c:
  Real time             =    0.00 sec. (0.00 ticks)
                          ------------
Total (root+branch&cut) =    0.19 sec. (162.19 ticks)
Primal:	0
Dual:	0
Status:	Optimal
Time:	0.21
Sequence:
	6
	9
	9
	9
	9
	9
	9
	9
	9
	9
	9
	9
	9
	9
	9
	9
	9
	9
	9
	9
	6
	9
	9
	9
	1
	9
	9
	9
	9
	9
	9
	9
	9
	9
	9
	9
	9
	9
	9
	9
	9
	9
	9
	9
	9
	9
	6
	9
	9
	9
	9
	9
	9
	9
	9
	9
	9
	9
	9
	5
	9
	9
	9
	9
	9
	9
	9
	9
	9
	9
	6
	9
	9
	9
	9
	9
	9
	9
	9
	9
	9
	9
	6
	9
	9
	9
	9
	9
	9
	9
	9
	6
	9
	9
	9
	9
	9
	9
	9
	9
	9
	6
	0
	1
	9
	10
	4
	4
	1
	9
	6
	0
	5
	9
	6
	9
	5
	9
	9
	9
	10
	0
	6
	9
	11
	9
	6
	9
	1
	9
	5
	0
	4
	5
	9
	9
	6
	9
	5
	9
	4
	9
	4
	6
	0
	1
	9
	2
	6
	9
	5
	9
	9
	9
	1
	0
	6
	4
	0
	9
	6
	4
	1
	0
	6
	9
	4
	9
	9
	6
	4
	1
	0
	4
	10
	9
	0
	6
	9
	5
	4
	0
	5
	4
	0
	6
	9
	9
	5
	9
	6
	0
	5
	9
	6
	0
	9
	9
	4
	11
	9
	6
	2
	5
	9
	9
	9
	6
	9
	9
	11
	0
	6
	4
	9
	5
	0
	9
	10
	4
	0
	6
	9
	5
	9
	9
	6
	4
	11
	9
	5
	4
	9
	2
	6
	4
	1
	9
	9
	3
	4
	5
	0
	6
	9
	1
	4
	6
	9
	4
	0
	4
	5
	0
	5
	9
	9
	4
	10
	0
	6
	4
	9
	4
	10
	9
	5
	4
	10
	9
	0
	6
	9
	9
	4
	6
	9
	10
	9
	9
	6
	4
	9
	4
	6
	9
	5
	0
	5
	9
	6
	4
	9
	5
	4
	9
	6
	9
	9
	9
	5
	4
	9
	4
	1
	9
	6
	0
	5
	9
	6
	4
	11
	9
	1
	4
	6
	9
	5
	0
	9
	1
	4
	5
	9
	4
	6
	2
	4
	9
	6
	4
	10
	4
	6
	9
	5
	9
	0
	6
	9
	0
	5
	4
	1
	4
	6
	0
	5
	9
	6
	9
	4
	0
	6
	9
	9
	10
	4
	6
	0
	5
	9
	6
	9
	5
	9
	5
	0
	9
	9
	6
	0
	4
	1
	9
