Version identifier: 22.1.0.0 | 2022-03-09 | 1a383f8ce
CPXPARAM_Threads                                 1
CPXPARAM_MIP_Strategy_VariableSelect             3
CPXPARAM_TimeLimit                               600
Tried aggregator 1 time.
MIP Presolve eliminated 14 rows and 1100 columns.
MIP Presolve modified 1 coefficients.
Reduced MIP has 1538 rows, 1541 columns, and 15278 nonzeros.
Reduced MIP has 1540 binaries, 0 generals, 0 SOSs, and 0 indicators.
Presolve time = 0.01 sec. (6.85 ticks)
Found incumbent of value 7.000000 after 0.02 sec. (16.32 ticks)
Probing time = 0.00 sec. (2.45 ticks)
Tried aggregator 1 time.
Detecting symmetries...
Reduced MIP has 1538 rows, 1541 columns, and 15278 nonzeros.
Reduced MIP has 1540 binaries, 0 generals, 0 SOSs, and 0 indicators.
Presolve time = 0.01 sec. (6.85 ticks)
Probing time = 0.00 sec. (2.45 ticks)
Clique table members: 220.
MIP emphasis: balance optimality and feasibility.
MIP search method: dynamic search.
Parallel mode: none, using 1 thread.
Root relaxation solution time = 0.03 sec. (19.61 ticks)

        Nodes                                         Cuts/
   Node  Left     Objective  IInf  Best Integer    Best Bound    ItCnt     Gap

*     0+    0                            7.0000        0.0000           100.00%
      0     0        0.0000   234        7.0000        0.0000      715  100.00%
*     0+    0                            0.0000        0.0000             0.00%
      0     0        cutoff              0.0000        0.0000      715    0.00%
Elapsed time = 0.13 sec. (101.89 ticks, tree = 0.01 MB, solutions = 2)

Root node processing (before b&c):
  Real time             =    0.14 sec. (101.99 ticks)
Sequential b&c:
  Real time             =    0.00 sec. (0.00 ticks)
                          ------------
Total (root+branch&cut) =    0.14 sec. (101.99 ticks)
Primal:	0
Dual:	0
Status:	Optimal
Time:	0.14
Sequence:
	4
	6
	9
	1
	9
	6
	4
	1
	4
	6
	9
	11
	9
	6
	9
	5
	9
	9
	6
	9
	1
	9
	1
	9
	9
	6
	9
	11
	4
	6
	9
	5
	9
	6
	9
	1
	9
	6
	9
	1
	9
	1
	9
	6
	9
	1
	9
	6
	9
	5
	9
	9
	6
	4
	1
	9
	6
	4
	1
	9
	6
	9
	1
	0
	6
	4
	1
	4
	6
	0
	1
	9
	6
	4
	1
	9
	6
	0
	4
	5
	9
	9
	6
	9
	5
	9
	6
	9
	5
	0
	6
	9
	1
	4
	6
	9
	0
	1
	4
	0
	6
	4
	1
	4
	6
	0
	1
	9
	1
	0
	6
	4
	1
	4
	6
	9
	5
	4
	1
	0
	6
	9
	1
	4
	6
	9
	1
	0
	6
	9
	5
	0
	6
	9
	1
	9
	0
	1
	4
	9
	0
	5
	9
	6
	0
	9
	1
	9
	1
	4
	0
	6
	4
	1
	9
	6
	4
	9
	1
	4
	0
	6
	4
	9
	1
	0
	6
	9
	9
	1
	4
	6
	0
	1
	9
	6
	4
	1
	0
	6
	9
	5
	9
	6
	4
	1
	0
	6
	4
	1
	9
	5
	0
	6
	4
	1
	9
	6
	0
	1
	9
	6
	4
	1
	4
	0
	1
	9
	6
	9
	1
	4
	9
	6
	9
	5
	0
	6
	4
	1
