Version identifier: 22.1.0.0 | 2022-03-09 | 1a383f8ce
CPXPARAM_Threads                                 1
CPXPARAM_MIP_Strategy_VariableSelect             3
CPXPARAM_TimeLimit                               600
Tried aggregator 1 time.
MIP Presolve eliminated 12 rows and 573 columns.
MIP Presolve modified 1 coefficients.
Reduced MIP has 1337 rows, 1720 columns, and 15713 nonzeros.
Reduced MIP has 1719 binaries, 0 generals, 0 SOSs, and 0 indicators.
Presolve time = 0.01 sec. (6.59 ticks)
Found incumbent of value 9.000000 after 0.03 sec. (16.90 ticks)
Probing time = 0.00 sec. (2.49 ticks)
Tried aggregator 1 time.
Detecting symmetries...
Reduced MIP has 1337 rows, 1720 columns, and 15713 nonzeros.
Reduced MIP has 1719 binaries, 0 generals, 0 SOSs, and 0 indicators.
Presolve time = 0.01 sec. (7.00 ticks)
Probing time = 0.00 sec. (2.49 ticks)
Clique table members: 191.
MIP emphasis: balance optimality and feasibility.
MIP search method: dynamic search.
Parallel mode: none, using 1 thread.
Root relaxation solution time = 0.02 sec. (18.88 ticks)

        Nodes                                         Cuts/
   Node  Left     Objective  IInf  Best Integer    Best Bound    ItCnt     Gap

*     0+    0                            9.0000        0.0000           100.00%
      0     0        0.0000   235        9.0000        0.0000      653  100.00%
*     0+    0                            3.0000        0.0000           100.00%
*     0+    0                            0.0000        0.0000             0.00%
      0     0        cutoff              0.0000        0.0000      653    0.00%
Elapsed time = 0.17 sec. (135.24 ticks, tree = 0.01 MB, solutions = 3)

Root node processing (before b&c):
  Real time             =    0.17 sec. (135.35 ticks)
Sequential b&c:
  Real time             =    0.00 sec. (0.00 ticks)
                          ------------
Total (root+branch&cut) =    0.17 sec. (135.35 ticks)
Primal:	0
Dual:	0
Status:	Optimal
Time:	0.17
Sequence:
	6
	9
	2
	5
	9
	5
	4
	9
	6
	4
	1
	4
	6
	9
	5
	9
	6
	4
	9
	9
	4
	6
	9
	4
	9
	4
	9
	4
	6
	9
	4
	9
	6
	9
	4
	9
	6
	9
	9
	9
	6
	0
	9
	4
	2
	9
	6
	9
	5
	0
	6
	9
	5
	2
	5
	9
	2
	6
	9
	0
	5
	4
	0
	6
	4
	1
	0
	5
	9
	6
	9
	5
	2
	6
	9
	5
	9
	5
	0
	6
	9
	10
	9
	2
	6
	4
	1
	4
	5
	0
	6
	9
	9
	5
	9
	1
	2
	1
	4
	6
	0
	9
	5
	9
	6
	4
	1
	2
	9
	10
	0
	6
	9
	1
	9
	0
	6
	9
	11
	0
	5
	9
	5
	9
	6
	4
	1
	2
	6
	9
	5
	0
	4
	6
	9
	9
	5
	9
	6
	0
	10
	4
	6
	0
	11
	4
	6
	0
	4
	1
	0
	6
	9
	5
	9
	6
	0
	1
	9
	5
	0
	6
	9
	5
	4
	1
	0
	6
	9
	1
	0
	6
	4
	9
	1
	4
	6
	9
	5
	9
	10
	4
	6
	0
	5
	9
	6
	4
	1
	4
	6
