Version identifier: 22.1.0.0 | 2022-03-09 | 1a383f8ce
CPXPARAM_Threads                                 1
CPXPARAM_MIP_Strategy_VariableSelect             3
CPXPARAM_TimeLimit                               599.99989367499995
Found incumbent of value 0.000000 after 0.00 sec. (0.00 ticks)

Root node processing (before b&c):
  Real time             =    0.00 sec. (0.00 ticks)
Sequential b&c:
  Real time             =    0.00 sec. (0.00 ticks)
                          ------------
Total (root+branch&cut) =    0.00 sec. (0.00 ticks)
Version identifier: 22.1.0.0 | 2022-03-09 | 1a383f8ce
CPXPARAM_Threads                                 1
CPXPARAM_MIP_Strategy_VariableSelect             3
CPXPARAM_TimeLimit                               599.99798186299995
Found incumbent of value 0.000000 after 0.00 sec. (0.00 ticks)

Root node processing (before b&c):
  Real time             =    0.00 sec. (0.01 ticks)
Sequential b&c:
  Real time             =    0.00 sec. (0.00 ticks)
                          ------------
Total (root+branch&cut) =    0.00 sec. (0.01 ticks)
Version identifier: 22.1.0.0 | 2022-03-09 | 1a383f8ce
CPXPARAM_Threads                                 1
CPXPARAM_MIP_Strategy_VariableSelect             3
CPXPARAM_TimeLimit                               599.99712559500006
Found incumbent of value 0.000000 after 0.00 sec. (0.01 ticks)

Root node processing (before b&c):
  Real time             =    0.00 sec. (0.01 ticks)
Sequential b&c:
  Real time             =    0.00 sec. (0.00 ticks)
                          ------------
Total (root+branch&cut) =    0.00 sec. (0.01 ticks)
Version identifier: 22.1.0.0 | 2022-03-09 | 1a383f8ce
CPXPARAM_Threads                                 1
CPXPARAM_MIP_Strategy_VariableSelect             3
CPXPARAM_TimeLimit                               599.99627566200002
Found incumbent of value 0.000000 after 0.00 sec. (0.01 ticks)

Root node processing (before b&c):
  Real time             =    0.00 sec. (0.01 ticks)
Sequential b&c:
  Real time             =    0.00 sec. (0.00 ticks)
                          ------------
Total (root+branch&cut) =    0.00 sec. (0.01 ticks)
Version identifier: 22.1.0.0 | 2022-03-09 | 1a383f8ce
CPXPARAM_Threads                                 1
CPXPARAM_MIP_Strategy_VariableSelect             3
CPXPARAM_TimeLimit                               599.99542764900002
Found incumbent of value 0.000000 after 0.00 sec. (0.01 ticks)

Root node processing (before b&c):
  Real time             =    0.00 sec. (0.01 ticks)
Sequential b&c:
  Real time             =    0.00 sec. (0.00 ticks)
                          ------------
Total (root+branch&cut) =    0.00 sec. (0.01 ticks)
Version identifier: 22.1.0.0 | 2022-03-09 | 1a383f8ce
CPXPARAM_Threads                                 1
CPXPARAM_MIP_Strategy_VariableSelect             3
CPXPARAM_TimeLimit                               599.99445288100003
Found incumbent of value 0.000000 after 0.00 sec. (0.01 ticks)

Root node processing (before b&c):
  Real time             =    0.00 sec. (0.01 ticks)
Sequential b&c:
  Real time             =    0.00 sec. (0.00 ticks)
                          ------------
Total (root+branch&cut) =    0.00 sec. (0.01 ticks)
Version identifier: 22.1.0.0 | 2022-03-09 | 1a383f8ce
CPXPARAM_Threads                                 1
CPXPARAM_MIP_Strategy_VariableSelect             3
CPXPARAM_TimeLimit                               599.99347235699997
Found incumbent of value 0.000000 after 0.00 sec. (0.01 ticks)

Root node processing (before b&c):
  Real time             =    0.00 sec. (0.01 ticks)
Sequential b&c:
  Real time             =    0.00 sec. (0.00 ticks)
                          ------------
Total (root+branch&cut) =    0.00 sec. (0.01 ticks)
Version identifier: 22.1.0.0 | 2022-03-09 | 1a383f8ce
CPXPARAM_Threads                                 1
CPXPARAM_MIP_Strategy_VariableSelect             3
CPXPARAM_TimeLimit                               599.99242771399997
Found incumbent of value 0.000000 after 0.00 sec. (0.01 ticks)

Root node processing (before b&c):
  Real time             =    0.00 sec. (0.01 ticks)
Sequential b&c:
  Real time             =    0.00 sec. (0.00 ticks)
                          ------------
Total (root+branch&cut) =    0.00 sec. (0.01 ticks)
Version identifier: 22.1.0.0 | 2022-03-09 | 1a383f8ce
CPXPARAM_Threads                                 1
CPXPARAM_MIP_Strategy_VariableSelect             3
CPXPARAM_TimeLimit                               599.99132184500002
Found incumbent of value 0.000000 after 0.00 sec. (0.01 ticks)

Root node processing (before b&c):
  Real time             =    0.00 sec. (0.02 ticks)
Sequential b&c:
  Real time             =    0.00 sec. (0.00 ticks)
                          ------------
Total (root+branch&cut) =    0.00 sec. (0.02 ticks)
Version identifier: 22.1.0.0 | 2022-03-09 | 1a383f8ce
CPXPARAM_Threads                                 1
CPXPARAM_MIP_Strategy_VariableSelect             3
CPXPARAM_TimeLimit                               599.990137108
Found incumbent of value 0.000000 after 0.00 sec. (0.01 ticks)

Root node processing (before b&c):
  Real time             =    0.00 sec. (0.02 ticks)
Sequential b&c:
  Real time             =    0.00 sec. (0.00 ticks)
                          ------------
Total (root+branch&cut) =    0.00 sec. (0.02 ticks)
Version identifier: 22.1.0.0 | 2022-03-09 | 1a383f8ce
CPXPARAM_Threads                                 1
CPXPARAM_MIP_Strategy_VariableSelect             3
CPXPARAM_TimeLimit                               599.98890188899998
Found incumbent of value 0.000000 after 0.00 sec. (0.02 ticks)

Root node processing (before b&c):
  Real time             =    0.00 sec. (0.02 ticks)
Sequential b&c:
  Real time             =    0.00 sec. (0.00 ticks)
                          ------------
Total (root+branch&cut) =    0.00 sec. (0.02 ticks)
Version identifier: 22.1.0.0 | 2022-03-09 | 1a383f8ce
CPXPARAM_Threads                                 1
CPXPARAM_MIP_Strategy_VariableSelect             3
CPXPARAM_TimeLimit                               599.98757394500001
Found incumbent of value 0.000000 after 0.00 sec. (0.02 ticks)

Root node processing (before b&c):
  Real time             =    0.00 sec. (0.02 ticks)
Sequential b&c:
  Real time             =    0.00 sec. (0.00 ticks)
                          ------------
Total (root+branch&cut) =    0.00 sec. (0.02 ticks)
Version identifier: 22.1.0.0 | 2022-03-09 | 1a383f8ce
CPXPARAM_Threads                                 1
CPXPARAM_MIP_Strategy_VariableSelect             3
CPXPARAM_TimeLimit                               599.98617662799995
Found incumbent of value 0.000000 after 0.00 sec. (0.02 ticks)

Root node processing (before b&c):
  Real time             =    0.00 sec. (0.02 ticks)
Sequential b&c:
  Real time             =    0.00 sec. (0.00 ticks)
                          ------------
Total (root+branch&cut) =    0.00 sec. (0.02 ticks)
Version identifier: 22.1.0.0 | 2022-03-09 | 1a383f8ce
CPXPARAM_Threads                                 1
CPXPARAM_MIP_Strategy_VariableSelect             3
CPXPARAM_TimeLimit                               599.98452685999996
Found incumbent of value 0.000000 after 0.00 sec. (0.03 ticks)

Root node processing (before b&c):
  Real time             =    0.00 sec. (0.03 ticks)
Sequential b&c:
  Real time             =    0.00 sec. (0.00 ticks)
                          ------------
Total (root+branch&cut) =    0.00 sec. (0.03 ticks)
Version identifier: 22.1.0.0 | 2022-03-09 | 1a383f8ce
CPXPARAM_Threads                                 1
CPXPARAM_MIP_Strategy_VariableSelect             3
CPXPARAM_TimeLimit                               599.98300981099999
Found incumbent of value 0.000000 after 0.00 sec. (0.03 ticks)

Root node processing (before b&c):
  Real time             =    0.00 sec. (0.03 ticks)
Sequential b&c:
  Real time             =    0.00 sec. (0.00 ticks)
                          ------------
Total (root+branch&cut) =    0.00 sec. (0.03 ticks)
Version identifier: 22.1.0.0 | 2022-03-09 | 1a383f8ce
CPXPARAM_Threads                                 1
CPXPARAM_MIP_Strategy_VariableSelect             3
CPXPARAM_TimeLimit                               599.98140324600001
Found incumbent of value 0.000000 after 0.00 sec. (0.03 ticks)

Root node processing (before b&c):
  Real time             =    0.00 sec. (0.03 ticks)
Sequential b&c:
  Real time             =    0.00 sec. (0.00 ticks)
                          ------------
Total (root+branch&cut) =    0.00 sec. (0.03 ticks)
Version identifier: 22.1.0.0 | 2022-03-09 | 1a383f8ce
CPXPARAM_Threads                                 1
CPXPARAM_MIP_Strategy_VariableSelect             3
CPXPARAM_TimeLimit                               599.97972791799998
Found incumbent of value 0.000000 after 0.00 sec. (0.03 ticks)

Root node processing (before b&c):
  Real time             =    0.00 sec. (0.03 ticks)
Sequential b&c:
  Real time             =    0.00 sec. (0.00 ticks)
                          ------------
Total (root+branch&cut) =    0.00 sec. (0.03 ticks)
Version identifier: 22.1.0.0 | 2022-03-09 | 1a383f8ce
CPXPARAM_Threads                                 1
CPXPARAM_MIP_Strategy_VariableSelect             3
CPXPARAM_TimeLimit                               599.97800393399996
Found incumbent of value 0.000000 after 0.00 sec. (0.03 ticks)

Root node processing (before b&c):
  Real time             =    0.00 sec. (0.04 ticks)
Sequential b&c:
  Real time             =    0.00 sec. (0.00 ticks)
                          ------------
Total (root+branch&cut) =    0.00 sec. (0.04 ticks)
Version identifier: 22.1.0.0 | 2022-03-09 | 1a383f8ce
CPXPARAM_Threads                                 1
CPXPARAM_MIP_Strategy_VariableSelect             3
CPXPARAM_TimeLimit                               599.97464424899999
Found incumbent of value 0.000000 after 0.00 sec. (0.03 ticks)

Root node processing (before b&c):
  Real time             =    0.00 sec. (0.04 ticks)
Sequential b&c:
  Real time             =    0.00 sec. (0.00 ticks)
                          ------------
Total (root+branch&cut) =    0.00 sec. (0.04 ticks)
Version identifier: 22.1.0.0 | 2022-03-09 | 1a383f8ce
CPXPARAM_Threads                                 1
CPXPARAM_MIP_Strategy_VariableSelect             3
CPXPARAM_TimeLimit                               599.96486695399994
Found incumbent of value 0.000000 after 0.00 sec. (0.04 ticks)

Root node processing (before b&c):
  Real time             =    0.00 sec. (0.04 ticks)
Sequential b&c:
  Real time             =    0.00 sec. (0.00 ticks)
                          ------------
Total (root+branch&cut) =    0.00 sec. (0.04 ticks)
Version identifier: 22.1.0.0 | 2022-03-09 | 1a383f8ce
CPXPARAM_Threads                                 1
CPXPARAM_MIP_Strategy_VariableSelect             3
CPXPARAM_TimeLimit                               599.96294570700002
Found incumbent of value 0.000000 after 0.00 sec. (0.04 ticks)

Root node processing (before b&c):
  Real time             =    0.00 sec. (0.04 ticks)
Sequential b&c:
  Real time             =    0.00 sec. (0.00 ticks)
                          ------------
Total (root+branch&cut) =    0.00 sec. (0.04 ticks)
Version identifier: 22.1.0.0 | 2022-03-09 | 1a383f8ce
CPXPARAM_Threads                                 1
CPXPARAM_MIP_Strategy_VariableSelect             3
CPXPARAM_TimeLimit                               599.96094471599997
Found incumbent of value 0.000000 after 0.00 sec. (0.04 ticks)

Root node processing (before b&c):
  Real time             =    0.00 sec. (0.04 ticks)
Sequential b&c:
  Real time             =    0.00 sec. (0.00 ticks)
                          ------------
Total (root+branch&cut) =    0.00 sec. (0.04 ticks)
Version identifier: 22.1.0.0 | 2022-03-09 | 1a383f8ce
CPXPARAM_Threads                                 1
CPXPARAM_MIP_Strategy_VariableSelect             3
CPXPARAM_TimeLimit                               599.95890291800004
Found incumbent of value 0.000000 after 0.00 sec. (0.04 ticks)

Root node processing (before b&c):
  Real time             =    0.00 sec. (0.05 ticks)
Sequential b&c:
  Real time             =    0.00 sec. (0.00 ticks)
                          ------------
Total (root+branch&cut) =    0.00 sec. (0.05 ticks)
Version identifier: 22.1.0.0 | 2022-03-09 | 1a383f8ce
CPXPARAM_Threads                                 1
CPXPARAM_MIP_Strategy_VariableSelect             3
CPXPARAM_TimeLimit                               599.95676820300002
Found incumbent of value 0.000000 after 0.00 sec. (0.04 ticks)

Root node processing (before b&c):
  Real time             =    0.00 sec. (0.05 ticks)
Sequential b&c:
  Real time             =    0.00 sec. (0.00 ticks)
                          ------------
Total (root+branch&cut) =    0.00 sec. (0.05 ticks)
Version identifier: 22.1.0.0 | 2022-03-09 | 1a383f8ce
CPXPARAM_Threads                                 1
CPXPARAM_MIP_Strategy_VariableSelect             3
CPXPARAM_TimeLimit                               599.95458707099999
Found incumbent of value 0.000000 after 0.00 sec. (0.04 ticks)

Root node processing (before b&c):
  Real time             =    0.00 sec. (0.05 ticks)
Sequential b&c:
  Real time             =    0.00 sec. (0.00 ticks)
                          ------------
Total (root+branch&cut) =    0.00 sec. (0.05 ticks)
Version identifier: 22.1.0.0 | 2022-03-09 | 1a383f8ce
CPXPARAM_Threads                                 1
CPXPARAM_MIP_Strategy_VariableSelect             3
CPXPARAM_TimeLimit                               599.952318128
Found incumbent of value 0.000000 after 0.00 sec. (0.05 ticks)

Root node processing (before b&c):
  Real time             =    0.00 sec. (0.05 ticks)
Sequential b&c:
  Real time             =    0.00 sec. (0.00 ticks)
                          ------------
Total (root+branch&cut) =    0.00 sec. (0.05 ticks)
Version identifier: 22.1.0.0 | 2022-03-09 | 1a383f8ce
CPXPARAM_Threads                                 1
CPXPARAM_MIP_Strategy_VariableSelect             3
CPXPARAM_TimeLimit                               599.95000568
Found incumbent of value 0.000000 after 0.00 sec. (0.05 ticks)

Root node processing (before b&c):
  Real time             =    0.00 sec. (0.05 ticks)
Sequential b&c:
  Real time             =    0.00 sec. (0.00 ticks)
                          ------------
Total (root+branch&cut) =    0.00 sec. (0.05 ticks)
Version identifier: 22.1.0.0 | 2022-03-09 | 1a383f8ce
CPXPARAM_Threads                                 1
CPXPARAM_MIP_Strategy_VariableSelect             3
CPXPARAM_TimeLimit                               599.94765665700004
Found incumbent of value 0.000000 after 0.00 sec. (0.05 ticks)

Root node processing (before b&c):
  Real time             =    0.00 sec. (0.05 ticks)
Sequential b&c:
  Real time             =    0.00 sec. (0.00 ticks)
                          ------------
Total (root+branch&cut) =    0.00 sec. (0.05 ticks)
Version identifier: 22.1.0.0 | 2022-03-09 | 1a383f8ce
CPXPARAM_Threads                                 1
CPXPARAM_MIP_Strategy_VariableSelect             3
CPXPARAM_TimeLimit                               599.94520638799997
Found incumbent of value 0.000000 after 0.00 sec. (0.05 ticks)

Root node processing (before b&c):
  Real time             =    0.00 sec. (0.06 ticks)
Sequential b&c:
  Real time             =    0.00 sec. (0.00 ticks)
                          ------------
Total (root+branch&cut) =    0.00 sec. (0.06 ticks)
Version identifier: 22.1.0.0 | 2022-03-09 | 1a383f8ce
CPXPARAM_Threads                                 1
CPXPARAM_MIP_Strategy_VariableSelect             3
CPXPARAM_TimeLimit                               599.94270682000001
Found incumbent of value 0.000000 after 0.00 sec. (0.05 ticks)

Root node processing (before b&c):
  Real time             =    0.00 sec. (0.06 ticks)
Sequential b&c:
  Real time             =    0.00 sec. (0.00 ticks)
                          ------------
Total (root+branch&cut) =    0.00 sec. (0.06 ticks)
Version identifier: 22.1.0.0 | 2022-03-09 | 1a383f8ce
CPXPARAM_Threads                                 1
CPXPARAM_MIP_Strategy_VariableSelect             3
CPXPARAM_TimeLimit                               599.94011626199995
Found incumbent of value 0.000000 after 0.00 sec. (0.05 ticks)

Root node processing (before b&c):
  Real time             =    0.00 sec. (0.06 ticks)
Sequential b&c:
  Real time             =    0.00 sec. (0.00 ticks)
                          ------------
Total (root+branch&cut) =    0.00 sec. (0.06 ticks)
Version identifier: 22.1.0.0 | 2022-03-09 | 1a383f8ce
CPXPARAM_Threads                                 1
CPXPARAM_MIP_Strategy_VariableSelect             3
CPXPARAM_TimeLimit                               599.93746916400005
Found incumbent of value 0.000000 after 0.00 sec. (0.06 ticks)

Root node processing (before b&c):
  Real time             =    0.00 sec. (0.06 ticks)
Sequential b&c:
  Real time             =    0.00 sec. (0.00 ticks)
                          ------------
Total (root+branch&cut) =    0.00 sec. (0.06 ticks)
Version identifier: 22.1.0.0 | 2022-03-09 | 1a383f8ce
CPXPARAM_Threads                                 1
CPXPARAM_MIP_Strategy_VariableSelect             3
CPXPARAM_TimeLimit                               599.93479272399998
Found incumbent of value 0.000000 after 0.00 sec. (0.06 ticks)

Root node processing (before b&c):
  Real time             =    0.00 sec. (0.06 ticks)
Sequential b&c:
  Real time             =    0.00 sec. (0.00 ticks)
                          ------------
Total (root+branch&cut) =    0.00 sec. (0.06 ticks)
Version identifier: 22.1.0.0 | 2022-03-09 | 1a383f8ce
CPXPARAM_Threads                                 1
CPXPARAM_MIP_Strategy_VariableSelect             3
CPXPARAM_TimeLimit                               599.93199848799998
Found incumbent of value 0.000000 after 0.00 sec. (0.06 ticks)

Root node processing (before b&c):
  Real time             =    0.00 sec. (0.07 ticks)
Sequential b&c:
  Real time             =    0.00 sec. (0.00 ticks)
                          ------------
Total (root+branch&cut) =    0.00 sec. (0.07 ticks)
Version identifier: 22.1.0.0 | 2022-03-09 | 1a383f8ce
CPXPARAM_Threads                                 1
CPXPARAM_MIP_Strategy_VariableSelect             3
CPXPARAM_TimeLimit                               599.92914291500006
Found incumbent of value 0.000000 after 0.00 sec. (0.06 ticks)

Root node processing (before b&c):
  Real time             =    0.00 sec. (0.07 ticks)
Sequential b&c:
  Real time             =    0.00 sec. (0.00 ticks)
                          ------------
Total (root+branch&cut) =    0.00 sec. (0.07 ticks)
Version identifier: 22.1.0.0 | 2022-03-09 | 1a383f8ce
CPXPARAM_Threads                                 1
CPXPARAM_MIP_Strategy_VariableSelect             3
CPXPARAM_TimeLimit                               599.92621438799995
Found incumbent of value 0.000000 after 0.00 sec. (0.06 ticks)

Root node processing (before b&c):
  Real time             =    0.00 sec. (0.07 ticks)
Sequential b&c:
  Real time             =    0.00 sec. (0.00 ticks)
                          ------------
Total (root+branch&cut) =    0.00 sec. (0.07 ticks)
Version identifier: 22.1.0.0 | 2022-03-09 | 1a383f8ce
CPXPARAM_Threads                                 1
CPXPARAM_MIP_Strategy_VariableSelect             3
CPXPARAM_TimeLimit                               599.92324562399995
Found incumbent of value 0.000000 after 0.00 sec. (0.06 ticks)

Root node processing (before b&c):
  Real time             =    0.00 sec. (0.07 ticks)
Sequential b&c:
  Real time             =    0.00 sec. (0.00 ticks)
                          ------------
Total (root+branch&cut) =    0.00 sec. (0.07 ticks)
Version identifier: 22.1.0.0 | 2022-03-09 | 1a383f8ce
CPXPARAM_Threads                                 1
CPXPARAM_MIP_Strategy_VariableSelect             3
CPXPARAM_TimeLimit                               599.92018790899999
Found incumbent of value 0.000000 after 0.00 sec. (0.07 ticks)

Root node processing (before b&c):
  Real time             =    0.00 sec. (0.07 ticks)
Sequential b&c:
  Real time             =    0.00 sec. (0.00 ticks)
                          ------------
Total (root+branch&cut) =    0.00 sec. (0.07 ticks)
Version identifier: 22.1.0.0 | 2022-03-09 | 1a383f8ce
CPXPARAM_Threads                                 1
CPXPARAM_MIP_Strategy_VariableSelect             3
CPXPARAM_TimeLimit                               599.91703084799997
Found incumbent of value 0.000000 after 0.00 sec. (0.07 ticks)

Root node processing (before b&c):
  Real time             =    0.00 sec. (0.08 ticks)
Sequential b&c:
  Real time             =    0.00 sec. (0.00 ticks)
                          ------------
Total (root+branch&cut) =    0.00 sec. (0.08 ticks)
Version identifier: 22.1.0.0 | 2022-03-09 | 1a383f8ce
CPXPARAM_Threads                                 1
CPXPARAM_MIP_Strategy_VariableSelect             3
CPXPARAM_TimeLimit                               599.913831673
Found incumbent of value 0.000000 after 0.00 sec. (0.07 ticks)

Root node processing (before b&c):
  Real time             =    0.00 sec. (0.08 ticks)
Sequential b&c:
  Real time             =    0.00 sec. (0.00 ticks)
                          ------------
Total (root+branch&cut) =    0.00 sec. (0.08 ticks)
Version identifier: 22.1.0.0 | 2022-03-09 | 1a383f8ce
CPXPARAM_Threads                                 1
CPXPARAM_MIP_Strategy_VariableSelect             3
CPXPARAM_TimeLimit                               599.91061939199994
Found incumbent of value 0.000000 after 0.00 sec. (0.07 ticks)

Root node processing (before b&c):
  Real time             =    0.00 sec. (0.08 ticks)
Sequential b&c:
  Real time             =    0.00 sec. (0.00 ticks)
                          ------------
Total (root+branch&cut) =    0.00 sec. (0.08 ticks)
Version identifier: 22.1.0.0 | 2022-03-09 | 1a383f8ce
CPXPARAM_Threads                                 1
CPXPARAM_MIP_Strategy_VariableSelect             3
CPXPARAM_TimeLimit                               599.90726899100002
Found incumbent of value 0.000000 after 0.00 sec. (0.07 ticks)

Root node processing (before b&c):
  Real time             =    0.00 sec. (0.08 ticks)
Sequential b&c:
  Real time             =    0.00 sec. (0.00 ticks)
                          ------------
Total (root+branch&cut) =    0.00 sec. (0.08 ticks)
Version identifier: 22.1.0.0 | 2022-03-09 | 1a383f8ce
CPXPARAM_Threads                                 1
CPXPARAM_MIP_Strategy_VariableSelect             3
CPXPARAM_TimeLimit                               599.903885221
Found incumbent of value 0.000000 after 0.00 sec. (0.07 ticks)

Root node processing (before b&c):
  Real time             =    0.00 sec. (0.08 ticks)
Sequential b&c:
  Real time             =    0.00 sec. (0.00 ticks)
                          ------------
Total (root+branch&cut) =    0.00 sec. (0.08 ticks)
Version identifier: 22.1.0.0 | 2022-03-09 | 1a383f8ce
CPXPARAM_Threads                                 1
CPXPARAM_MIP_Strategy_VariableSelect             3
CPXPARAM_TimeLimit                               599.90042762999997
Found incumbent of value 0.000000 after 0.00 sec. (0.08 ticks)

Root node processing (before b&c):
  Real time             =    0.00 sec. (0.08 ticks)
Sequential b&c:
  Real time             =    0.00 sec. (0.00 ticks)
                          ------------
Total (root+branch&cut) =    0.00 sec. (0.08 ticks)
Version identifier: 22.1.0.0 | 2022-03-09 | 1a383f8ce
CPXPARAM_Threads                                 1
CPXPARAM_MIP_Strategy_VariableSelect             3
CPXPARAM_TimeLimit                               599.896909908
Found incumbent of value 0.000000 after 0.00 sec. (0.08 ticks)

Root node processing (before b&c):
  Real time             =    0.00 sec. (0.09 ticks)
Sequential b&c:
  Real time             =    0.00 sec. (0.00 ticks)
                          ------------
Total (root+branch&cut) =    0.00 sec. (0.09 ticks)
Version identifier: 22.1.0.0 | 2022-03-09 | 1a383f8ce
CPXPARAM_Threads                                 1
CPXPARAM_MIP_Strategy_VariableSelect             3
CPXPARAM_TimeLimit                               599.89331489799997
Found incumbent of value 0.000000 after 0.00 sec. (0.08 ticks)

Root node processing (before b&c):
  Real time             =    0.00 sec. (0.09 ticks)
Sequential b&c:
  Real time             =    0.00 sec. (0.00 ticks)
                          ------------
Total (root+branch&cut) =    0.00 sec. (0.09 ticks)
Version identifier: 22.1.0.0 | 2022-03-09 | 1a383f8ce
CPXPARAM_Threads                                 1
CPXPARAM_MIP_Strategy_VariableSelect             3
CPXPARAM_TimeLimit                               599.88966807400004
Found incumbent of value 0.000000 after 0.00 sec. (0.08 ticks)

Root node processing (before b&c):
  Real time             =    0.00 sec. (0.09 ticks)
Sequential b&c:
  Real time             =    0.00 sec. (0.00 ticks)
                          ------------
Total (root+branch&cut) =    0.00 sec. (0.09 ticks)
Version identifier: 22.1.0.0 | 2022-03-09 | 1a383f8ce
CPXPARAM_Threads                                 1
CPXPARAM_MIP_Strategy_VariableSelect             3
CPXPARAM_TimeLimit                               599.88591622900003
Found incumbent of value 0.000000 after 0.00 sec. (0.08 ticks)

Root node processing (before b&c):
  Real time             =    0.00 sec. (0.09 ticks)
Sequential b&c:
  Real time             =    0.00 sec. (0.00 ticks)
                          ------------
Total (root+branch&cut) =    0.00 sec. (0.09 ticks)
Version identifier: 22.1.0.0 | 2022-03-09 | 1a383f8ce
CPXPARAM_Threads                                 1
CPXPARAM_MIP_Strategy_VariableSelect             3
CPXPARAM_TimeLimit                               599.88213585300002
Found incumbent of value 0.000000 after 0.00 sec. (0.08 ticks)

Root node processing (before b&c):
  Real time             =    0.00 sec. (0.09 ticks)
Sequential b&c:
  Real time             =    0.00 sec. (0.00 ticks)
                          ------------
Total (root+branch&cut) =    0.00 sec. (0.09 ticks)
Version identifier: 22.1.0.0 | 2022-03-09 | 1a383f8ce
CPXPARAM_Threads                                 1
CPXPARAM_MIP_Strategy_VariableSelect             3
CPXPARAM_TimeLimit                               599.87827502499999
Found incumbent of value 0.000000 after 0.00 sec. (0.09 ticks)

Root node processing (before b&c):
  Real time             =    0.00 sec. (0.10 ticks)
Sequential b&c:
  Real time             =    0.00 sec. (0.00 ticks)
                          ------------
Total (root+branch&cut) =    0.00 sec. (0.10 ticks)
Version identifier: 22.1.0.0 | 2022-03-09 | 1a383f8ce
CPXPARAM_Threads                                 1
CPXPARAM_MIP_Strategy_VariableSelect             3
CPXPARAM_TimeLimit                               599.87436509400004
Found incumbent of value 0.000000 after 0.00 sec. (0.09 ticks)

Root node processing (before b&c):
  Real time             =    0.00 sec. (0.10 ticks)
Sequential b&c:
  Real time             =    0.00 sec. (0.00 ticks)
                          ------------
Total (root+branch&cut) =    0.00 sec. (0.10 ticks)
Version identifier: 22.1.0.0 | 2022-03-09 | 1a383f8ce
CPXPARAM_Threads                                 1
CPXPARAM_MIP_Strategy_VariableSelect             3
CPXPARAM_TimeLimit                               599.870372825
Found incumbent of value 0.000000 after 0.00 sec. (0.09 ticks)

Root node processing (before b&c):
  Real time             =    0.00 sec. (0.10 ticks)
Sequential b&c:
  Real time             =    0.00 sec. (0.00 ticks)
                          ------------
Total (root+branch&cut) =    0.00 sec. (0.10 ticks)
Version identifier: 22.1.0.0 | 2022-03-09 | 1a383f8ce
CPXPARAM_Threads                                 1
CPXPARAM_MIP_Strategy_VariableSelect             3
CPXPARAM_TimeLimit                               599.86632460199996
Found incumbent of value 0.000000 after 0.00 sec. (0.09 ticks)

Root node processing (before b&c):
  Real time             =    0.00 sec. (0.10 ticks)
Sequential b&c:
  Real time             =    0.00 sec. (0.00 ticks)
                          ------------
Total (root+branch&cut) =    0.00 sec. (0.10 ticks)
Version identifier: 22.1.0.0 | 2022-03-09 | 1a383f8ce
CPXPARAM_Threads                                 1
CPXPARAM_MIP_Strategy_VariableSelect             3
CPXPARAM_TimeLimit                               599.86222040500002
Found incumbent of value 0.000000 after 0.00 sec. (0.09 ticks)

Root node processing (before b&c):
  Real time             =    0.00 sec. (0.10 ticks)
Sequential b&c:
  Real time             =    0.00 sec. (0.00 ticks)
                          ------------
Total (root+branch&cut) =    0.00 sec. (0.10 ticks)
Version identifier: 22.1.0.0 | 2022-03-09 | 1a383f8ce
CPXPARAM_Threads                                 1
CPXPARAM_MIP_Strategy_VariableSelect             3
CPXPARAM_TimeLimit                               599.85799829400003
Found incumbent of value 0.000000 after 0.00 sec. (0.09 ticks)

Root node processing (before b&c):
  Real time             =    0.00 sec. (0.11 ticks)
Sequential b&c:
  Real time             =    0.00 sec. (0.00 ticks)
                          ------------
Total (root+branch&cut) =    0.00 sec. (0.11 ticks)
Version identifier: 22.1.0.0 | 2022-03-09 | 1a383f8ce
CPXPARAM_Threads                                 1
CPXPARAM_MIP_Strategy_VariableSelect             3
CPXPARAM_TimeLimit                               599.85375672700002
Found incumbent of value 0.000000 after 0.00 sec. (0.10 ticks)

Root node processing (before b&c):
  Real time             =    0.00 sec. (0.11 ticks)
Sequential b&c:
  Real time             =    0.00 sec. (0.00 ticks)
                          ------------
Total (root+branch&cut) =    0.00 sec. (0.11 ticks)
Version identifier: 22.1.0.0 | 2022-03-09 | 1a383f8ce
CPXPARAM_Threads                                 1
CPXPARAM_MIP_Strategy_VariableSelect             3
CPXPARAM_TimeLimit                               599.84943549900004
Found incumbent of value 0.000000 after 0.00 sec. (0.10 ticks)

Root node processing (before b&c):
  Real time             =    0.00 sec. (0.11 ticks)
Sequential b&c:
  Real time             =    0.00 sec. (0.00 ticks)
                          ------------
Total (root+branch&cut) =    0.00 sec. (0.11 ticks)
Version identifier: 22.1.0.0 | 2022-03-09 | 1a383f8ce
CPXPARAM_Threads                                 1
CPXPARAM_MIP_Strategy_VariableSelect             3
CPXPARAM_TimeLimit                               599.84507417899999
Found incumbent of value 0.000000 after 0.00 sec. (0.10 ticks)

Root node processing (before b&c):
  Real time             =    0.00 sec. (0.11 ticks)
Sequential b&c:
  Real time             =    0.00 sec. (0.00 ticks)
                          ------------
Total (root+branch&cut) =    0.00 sec. (0.11 ticks)
Version identifier: 22.1.0.0 | 2022-03-09 | 1a383f8ce
CPXPARAM_Threads                                 1
CPXPARAM_MIP_Strategy_VariableSelect             3
CPXPARAM_TimeLimit                               599.84062883599995
Found incumbent of value 0.000000 after 0.00 sec. (0.10 ticks)

Root node processing (before b&c):
  Real time             =    0.00 sec. (0.11 ticks)
Sequential b&c:
  Real time             =    0.00 sec. (0.00 ticks)
                          ------------
Total (root+branch&cut) =    0.00 sec. (0.11 ticks)
Version identifier: 22.1.0.0 | 2022-03-09 | 1a383f8ce
CPXPARAM_Threads                                 1
CPXPARAM_MIP_Strategy_VariableSelect             3
CPXPARAM_TimeLimit                               599.83612208399995
Found incumbent of value 0.000000 after 0.00 sec. (0.10 ticks)

Root node processing (before b&c):
  Real time             =    0.00 sec. (0.11 ticks)
Sequential b&c:
  Real time             =    0.00 sec. (0.00 ticks)
                          ------------
Total (root+branch&cut) =    0.00 sec. (0.11 ticks)
Version identifier: 22.1.0.0 | 2022-03-09 | 1a383f8ce
CPXPARAM_Threads                                 1
CPXPARAM_MIP_Strategy_VariableSelect             3
CPXPARAM_TimeLimit                               599.831544291
Found incumbent of value 0.000000 after 0.00 sec. (0.10 ticks)

Root node processing (before b&c):
  Real time             =    0.00 sec. (0.12 ticks)
Sequential b&c:
  Real time             =    0.00 sec. (0.00 ticks)
                          ------------
Total (root+branch&cut) =    0.00 sec. (0.12 ticks)
Version identifier: 22.1.0.0 | 2022-03-09 | 1a383f8ce
CPXPARAM_Threads                                 1
CPXPARAM_MIP_Strategy_VariableSelect             3
CPXPARAM_TimeLimit                               599.82690937899997
Found incumbent of value 0.000000 after 0.00 sec. (0.10 ticks)

Root node processing (before b&c):
  Real time             =    0.00 sec. (0.12 ticks)
Sequential b&c:
  Real time             =    0.00 sec. (0.00 ticks)
                          ------------
Total (root+branch&cut) =    0.00 sec. (0.12 ticks)
Version identifier: 22.1.0.0 | 2022-03-09 | 1a383f8ce
CPXPARAM_Threads                                 1
CPXPARAM_MIP_Strategy_VariableSelect             3
CPXPARAM_TimeLimit                               599.82216366199998
Found incumbent of value 0.000000 after 0.00 sec. (0.11 ticks)

Root node processing (before b&c):
  Real time             =    0.00 sec. (0.12 ticks)
Sequential b&c:
  Real time             =    0.00 sec. (0.00 ticks)
                          ------------
Total (root+branch&cut) =    0.00 sec. (0.12 ticks)
Version identifier: 22.1.0.0 | 2022-03-09 | 1a383f8ce
CPXPARAM_Threads                                 1
CPXPARAM_MIP_Strategy_VariableSelect             3
CPXPARAM_TimeLimit                               599.81741659099998
Found incumbent of value 0.000000 after 0.00 sec. (0.11 ticks)

Root node processing (before b&c):
  Real time             =    0.00 sec. (0.12 ticks)
Sequential b&c:
  Real time             =    0.00 sec. (0.00 ticks)
                          ------------
Total (root+branch&cut) =    0.00 sec. (0.12 ticks)
Version identifier: 22.1.0.0 | 2022-03-09 | 1a383f8ce
CPXPARAM_Threads                                 1
CPXPARAM_MIP_Strategy_VariableSelect             3
CPXPARAM_TimeLimit                               599.81255890399996
Found incumbent of value 0.000000 after 0.00 sec. (0.11 ticks)

Root node processing (before b&c):
  Real time             =    0.00 sec. (0.12 ticks)
Sequential b&c:
  Real time             =    0.00 sec. (0.00 ticks)
                          ------------
Total (root+branch&cut) =    0.00 sec. (0.12 ticks)
Version identifier: 22.1.0.0 | 2022-03-09 | 1a383f8ce
CPXPARAM_Threads                                 1
CPXPARAM_MIP_Strategy_VariableSelect             3
CPXPARAM_TimeLimit                               599.80767811500004
Found incumbent of value 0.000000 after 0.00 sec. (0.11 ticks)

Root node processing (before b&c):
  Real time             =    0.00 sec. (0.13 ticks)
Sequential b&c:
  Real time             =    0.00 sec. (0.00 ticks)
                          ------------
Total (root+branch&cut) =    0.00 sec. (0.13 ticks)
Version identifier: 22.1.0.0 | 2022-03-09 | 1a383f8ce
CPXPARAM_Threads                                 1
CPXPARAM_MIP_Strategy_VariableSelect             3
CPXPARAM_TimeLimit                               599.80272052400005
Found incumbent of value 0.000000 after 0.00 sec. (0.11 ticks)

Root node processing (before b&c):
  Real time             =    0.00 sec. (0.13 ticks)
Sequential b&c:
  Real time             =    0.00 sec. (0.00 ticks)
                          ------------
Total (root+branch&cut) =    0.00 sec. (0.13 ticks)
Version identifier: 22.1.0.0 | 2022-03-09 | 1a383f8ce
CPXPARAM_Threads                                 1
CPXPARAM_MIP_Strategy_VariableSelect             3
CPXPARAM_TimeLimit                               599.79763958000001
Found incumbent of value 0.000000 after 0.00 sec. (0.11 ticks)

Root node processing (before b&c):
  Real time             =    0.00 sec. (0.13 ticks)
Sequential b&c:
  Real time             =    0.00 sec. (0.00 ticks)
                          ------------
Total (root+branch&cut) =    0.00 sec. (0.13 ticks)
Version identifier: 22.1.0.0 | 2022-03-09 | 1a383f8ce
CPXPARAM_Threads                                 1
CPXPARAM_MIP_Strategy_VariableSelect             3
CPXPARAM_TimeLimit                               599.79251848700005
Found incumbent of value 0.000000 after 0.00 sec. (0.12 ticks)

Root node processing (before b&c):
  Real time             =    0.00 sec. (0.13 ticks)
Sequential b&c:
  Real time             =    0.00 sec. (0.00 ticks)
                          ------------
Total (root+branch&cut) =    0.00 sec. (0.13 ticks)
Version identifier: 22.1.0.0 | 2022-03-09 | 1a383f8ce
CPXPARAM_Threads                                 1
CPXPARAM_MIP_Strategy_VariableSelect             3
CPXPARAM_TimeLimit                               599.78735578400006
Found incumbent of value 0.000000 after 0.00 sec. (0.12 ticks)

Root node processing (before b&c):
  Real time             =    0.00 sec. (0.13 ticks)
Sequential b&c:
  Real time             =    0.00 sec. (0.00 ticks)
                          ------------
Total (root+branch&cut) =    0.00 sec. (0.13 ticks)
Version identifier: 22.1.0.0 | 2022-03-09 | 1a383f8ce
CPXPARAM_Threads                                 1
CPXPARAM_MIP_Strategy_VariableSelect             3
CPXPARAM_TimeLimit                               599.78211437200002
Found incumbent of value 0.000000 after 0.00 sec. (0.12 ticks)

Root node processing (before b&c):
  Real time             =    0.00 sec. (0.13 ticks)
Sequential b&c:
  Real time             =    0.00 sec. (0.00 ticks)
                          ------------
Total (root+branch&cut) =    0.00 sec. (0.13 ticks)
Version identifier: 22.1.0.0 | 2022-03-09 | 1a383f8ce
CPXPARAM_Threads                                 1
CPXPARAM_MIP_Strategy_VariableSelect             3
CPXPARAM_TimeLimit                               599.77745343200002
Found incumbent of value 0.000000 after 0.00 sec. (0.12 ticks)

Root node processing (before b&c):
  Real time             =    0.00 sec. (0.14 ticks)
Sequential b&c:
  Real time             =    0.00 sec. (0.00 ticks)
                          ------------
Total (root+branch&cut) =    0.00 sec. (0.14 ticks)
Version identifier: 22.1.0.0 | 2022-03-09 | 1a383f8ce
CPXPARAM_Threads                                 1
CPXPARAM_MIP_Strategy_VariableSelect             3
CPXPARAM_TimeLimit                               599.77272129699998
Found incumbent of value 0.000000 after 0.00 sec. (0.12 ticks)

Root node processing (before b&c):
  Real time             =    0.00 sec. (0.14 ticks)
Sequential b&c:
  Real time             =    0.00 sec. (0.00 ticks)
                          ------------
Total (root+branch&cut) =    0.00 sec. (0.14 ticks)
Version identifier: 22.1.0.0 | 2022-03-09 | 1a383f8ce
CPXPARAM_Threads                                 1
CPXPARAM_MIP_Strategy_VariableSelect             3
CPXPARAM_TimeLimit                               599.76793086099997
Found incumbent of value 0.000000 after 0.00 sec. (0.12 ticks)

Root node processing (before b&c):
  Real time             =    0.00 sec. (0.14 ticks)
Sequential b&c:
  Real time             =    0.00 sec. (0.00 ticks)
                          ------------
Total (root+branch&cut) =    0.00 sec. (0.14 ticks)
Version identifier: 22.1.0.0 | 2022-03-09 | 1a383f8ce
CPXPARAM_Threads                                 1
CPXPARAM_MIP_Strategy_VariableSelect             3
CPXPARAM_TimeLimit                               599.76309791200003
Found incumbent of value 0.000000 after 0.00 sec. (0.13 ticks)

Root node processing (before b&c):
  Real time             =    0.00 sec. (0.14 ticks)
Sequential b&c:
  Real time             =    0.00 sec. (0.00 ticks)
                          ------------
Total (root+branch&cut) =    0.00 sec. (0.14 ticks)
Version identifier: 22.1.0.0 | 2022-03-09 | 1a383f8ce
CPXPARAM_Threads                                 1
CPXPARAM_MIP_Strategy_VariableSelect             3
CPXPARAM_TimeLimit                               599.75817448299995
Found incumbent of value 0.000000 after 0.00 sec. (0.13 ticks)

Root node processing (before b&c):
  Real time             =    0.00 sec. (0.14 ticks)
Sequential b&c:
  Real time             =    0.00 sec. (0.00 ticks)
                          ------------
Total (root+branch&cut) =    0.00 sec. (0.14 ticks)
Version identifier: 22.1.0.0 | 2022-03-09 | 1a383f8ce
CPXPARAM_Threads                                 1
CPXPARAM_MIP_Strategy_VariableSelect             3
CPXPARAM_TimeLimit                               599.75321731400004
Found incumbent of value 0.000000 after 0.00 sec. (0.13 ticks)

Root node processing (before b&c):
  Real time             =    0.00 sec. (0.15 ticks)
Sequential b&c:
  Real time             =    0.00 sec. (0.00 ticks)
                          ------------
Total (root+branch&cut) =    0.00 sec. (0.15 ticks)
Version identifier: 22.1.0.0 | 2022-03-09 | 1a383f8ce
CPXPARAM_Threads                                 1
CPXPARAM_MIP_Strategy_VariableSelect             3
CPXPARAM_TimeLimit                               599.74818513299999
Found incumbent of value 0.000000 after 0.00 sec. (0.13 ticks)

Root node processing (before b&c):
  Real time             =    0.00 sec. (0.15 ticks)
Sequential b&c:
  Real time             =    0.00 sec. (0.00 ticks)
                          ------------
Total (root+branch&cut) =    0.00 sec. (0.15 ticks)
Version identifier: 22.1.0.0 | 2022-03-09 | 1a383f8ce
CPXPARAM_Threads                                 1
CPXPARAM_MIP_Strategy_VariableSelect             3
CPXPARAM_TimeLimit                               599.743061582
Found incumbent of value 0.000000 after 0.00 sec. (0.13 ticks)

Root node processing (before b&c):
  Real time             =    0.00 sec. (0.15 ticks)
Sequential b&c:
  Real time             =    0.00 sec. (0.00 ticks)
                          ------------
Total (root+branch&cut) =    0.00 sec. (0.15 ticks)
Version identifier: 22.1.0.0 | 2022-03-09 | 1a383f8ce
CPXPARAM_Threads                                 1
CPXPARAM_MIP_Strategy_VariableSelect             3
CPXPARAM_TimeLimit                               599.73789243500005
Found incumbent of value 0.000000 after 0.00 sec. (0.13 ticks)

Root node processing (before b&c):
  Real time             =    0.00 sec. (0.15 ticks)
Sequential b&c:
  Real time             =    0.00 sec. (0.00 ticks)
                          ------------
Total (root+branch&cut) =    0.00 sec. (0.15 ticks)
Version identifier: 22.1.0.0 | 2022-03-09 | 1a383f8ce
CPXPARAM_Threads                                 1
CPXPARAM_MIP_Strategy_VariableSelect             3
CPXPARAM_TimeLimit                               599.73269799900004
Found incumbent of value 0.000000 after 0.00 sec. (0.14 ticks)

Root node processing (before b&c):
  Real time             =    0.00 sec. (0.15 ticks)
Sequential b&c:
  Real time             =    0.00 sec. (0.00 ticks)
                          ------------
Total (root+branch&cut) =    0.00 sec. (0.15 ticks)
Version identifier: 22.1.0.0 | 2022-03-09 | 1a383f8ce
CPXPARAM_Threads                                 1
CPXPARAM_MIP_Strategy_VariableSelect             3
CPXPARAM_TimeLimit                               599.72746506099998
Found incumbent of value 0.000000 after 0.00 sec. (0.14 ticks)

Root node processing (before b&c):
  Real time             =    0.00 sec. (0.15 ticks)
Sequential b&c:
  Real time             =    0.00 sec. (0.00 ticks)
                          ------------
Total (root+branch&cut) =    0.00 sec. (0.15 ticks)
Version identifier: 22.1.0.0 | 2022-03-09 | 1a383f8ce
CPXPARAM_Threads                                 1
CPXPARAM_MIP_Strategy_VariableSelect             3
CPXPARAM_TimeLimit                               599.72215048400005
Found incumbent of value 0.000000 after 0.00 sec. (0.14 ticks)

Root node processing (before b&c):
  Real time             =    0.00 sec. (0.16 ticks)
Sequential b&c:
  Real time             =    0.00 sec. (0.00 ticks)
                          ------------
Total (root+branch&cut) =    0.00 sec. (0.16 ticks)
Version identifier: 22.1.0.0 | 2022-03-09 | 1a383f8ce
CPXPARAM_Threads                                 1
CPXPARAM_MIP_Strategy_VariableSelect             3
CPXPARAM_TimeLimit                               599.71678017299996
Found incumbent of value 0.000000 after 0.00 sec. (0.14 ticks)

Root node processing (before b&c):
  Real time             =    0.00 sec. (0.16 ticks)
Sequential b&c:
  Real time             =    0.00 sec. (0.00 ticks)
                          ------------
Total (root+branch&cut) =    0.00 sec. (0.16 ticks)
Version identifier: 22.1.0.0 | 2022-03-09 | 1a383f8ce
CPXPARAM_Threads                                 1
CPXPARAM_MIP_Strategy_VariableSelect             3
CPXPARAM_TimeLimit                               599.71135153
Found incumbent of value 0.000000 after 0.00 sec. (0.14 ticks)

Root node processing (before b&c):
  Real time             =    0.00 sec. (0.16 ticks)
Sequential b&c:
  Real time             =    0.00 sec. (0.00 ticks)
                          ------------
Total (root+branch&cut) =    0.00 sec. (0.16 ticks)
Version identifier: 22.1.0.0 | 2022-03-09 | 1a383f8ce
CPXPARAM_Threads                                 1
CPXPARAM_MIP_Strategy_VariableSelect             3
CPXPARAM_TimeLimit                               599.70584882499998
Found incumbent of value 0.000000 after 0.00 sec. (0.14 ticks)

Root node processing (before b&c):
  Real time             =    0.00 sec. (0.16 ticks)
Sequential b&c:
  Real time             =    0.00 sec. (0.00 ticks)
                          ------------
Total (root+branch&cut) =    0.00 sec. (0.16 ticks)
Version identifier: 22.1.0.0 | 2022-03-09 | 1a383f8ce
CPXPARAM_Threads                                 1
CPXPARAM_MIP_Strategy_VariableSelect             3
CPXPARAM_TimeLimit                               599.70031206199997
Found incumbent of value 0.000000 after 0.00 sec. (0.14 ticks)

Root node processing (before b&c):
  Real time             =    0.00 sec. (0.16 ticks)
Sequential b&c:
  Real time             =    0.00 sec. (0.00 ticks)
                          ------------
Total (root+branch&cut) =    0.00 sec. (0.16 ticks)
Version identifier: 22.1.0.0 | 2022-03-09 | 1a383f8ce
CPXPARAM_Threads                                 1
CPXPARAM_MIP_Strategy_VariableSelect             3
CPXPARAM_TimeLimit                               599.69471126300004
Found incumbent of value 0.000000 after 0.00 sec. (0.15 ticks)

Root node processing (before b&c):
  Real time             =    0.00 sec. (0.17 ticks)
Sequential b&c:
  Real time             =    0.00 sec. (0.00 ticks)
                          ------------
Total (root+branch&cut) =    0.00 sec. (0.17 ticks)
Version identifier: 22.1.0.0 | 2022-03-09 | 1a383f8ce
CPXPARAM_Threads                                 1
CPXPARAM_MIP_Strategy_VariableSelect             3
CPXPARAM_TimeLimit                               599.68905388300004
Found incumbent of value 0.000000 after 0.00 sec. (0.15 ticks)

Root node processing (before b&c):
  Real time             =    0.00 sec. (0.17 ticks)
Sequential b&c:
  Real time             =    0.00 sec. (0.00 ticks)
                          ------------
Total (root+branch&cut) =    0.00 sec. (0.17 ticks)
Version identifier: 22.1.0.0 | 2022-03-09 | 1a383f8ce
CPXPARAM_Threads                                 1
CPXPARAM_MIP_Strategy_VariableSelect             3
CPXPARAM_TimeLimit                               599.683354227
Found incumbent of value 0.000000 after 0.00 sec. (0.15 ticks)

Root node processing (before b&c):
  Real time             =    0.00 sec. (0.17 ticks)
Sequential b&c:
  Real time             =    0.00 sec. (0.00 ticks)
                          ------------
Total (root+branch&cut) =    0.00 sec. (0.17 ticks)
Version identifier: 22.1.0.0 | 2022-03-09 | 1a383f8ce
CPXPARAM_Threads                                 1
CPXPARAM_MIP_Strategy_VariableSelect             3
CPXPARAM_TimeLimit                               599.67755083600002
Found incumbent of value 0.000000 after 0.00 sec. (0.15 ticks)

Root node processing (before b&c):
  Real time             =    0.00 sec. (0.17 ticks)
Sequential b&c:
  Real time             =    0.00 sec. (0.00 ticks)
                          ------------
Total (root+branch&cut) =    0.00 sec. (0.17 ticks)
Version identifier: 22.1.0.0 | 2022-03-09 | 1a383f8ce
CPXPARAM_Threads                                 1
CPXPARAM_MIP_Strategy_VariableSelect             3
CPXPARAM_TimeLimit                               599.67174012099997
Found incumbent of value 0.000000 after 0.00 sec. (0.15 ticks)

Root node processing (before b&c):
  Real time             =    0.00 sec. (0.17 ticks)
Sequential b&c:
  Real time             =    0.00 sec. (0.00 ticks)
                          ------------
Total (root+branch&cut) =    0.00 sec. (0.17 ticks)
Version identifier: 22.1.0.0 | 2022-03-09 | 1a383f8ce
CPXPARAM_Threads                                 1
CPXPARAM_MIP_Strategy_VariableSelect             3
CPXPARAM_TimeLimit                               599.66565345799995
Found incumbent of value 0.000000 after 0.00 sec. (0.15 ticks)

Root node processing (before b&c):
  Real time             =    0.00 sec. (0.17 ticks)
Sequential b&c:
  Real time             =    0.00 sec. (0.00 ticks)
                          ------------
Total (root+branch&cut) =    0.00 sec. (0.17 ticks)
Version identifier: 22.1.0.0 | 2022-03-09 | 1a383f8ce
CPXPARAM_Threads                                 1
CPXPARAM_MIP_Strategy_VariableSelect             3
CPXPARAM_TimeLimit                               599.659688867
Found incumbent of value 0.000000 after 0.00 sec. (0.16 ticks)

Root node processing (before b&c):
  Real time             =    0.00 sec. (0.18 ticks)
Sequential b&c:
  Real time             =    0.00 sec. (0.00 ticks)
                          ------------
Total (root+branch&cut) =    0.00 sec. (0.18 ticks)
Version identifier: 22.1.0.0 | 2022-03-09 | 1a383f8ce
CPXPARAM_Threads                                 1
CPXPARAM_MIP_Strategy_VariableSelect             3
CPXPARAM_TimeLimit                               599.65366801200003
Found incumbent of value 0.000000 after 0.00 sec. (0.16 ticks)

Root node processing (before b&c):
  Real time             =    0.00 sec. (0.18 ticks)
Sequential b&c:
  Real time             =    0.00 sec. (0.00 ticks)
                          ------------
Total (root+branch&cut) =    0.00 sec. (0.18 ticks)
Version identifier: 22.1.0.0 | 2022-03-09 | 1a383f8ce
CPXPARAM_Threads                                 1
CPXPARAM_MIP_Strategy_VariableSelect             3
CPXPARAM_TimeLimit                               599.647597056
Found incumbent of value 0.000000 after 0.00 sec. (0.16 ticks)

Root node processing (before b&c):
  Real time             =    0.00 sec. (0.18 ticks)
Sequential b&c:
  Real time             =    0.00 sec. (0.00 ticks)
                          ------------
Total (root+branch&cut) =    0.00 sec. (0.18 ticks)
Version identifier: 22.1.0.0 | 2022-03-09 | 1a383f8ce
CPXPARAM_Threads                                 1
CPXPARAM_MIP_Strategy_VariableSelect             3
CPXPARAM_TimeLimit                               599.64129204599999
Found incumbent of value 0.000000 after 0.00 sec. (0.16 ticks)

Root node processing (before b&c):
  Real time             =    0.00 sec. (0.18 ticks)
Sequential b&c:
  Real time             =    0.00 sec. (0.00 ticks)
                          ------------
Total (root+branch&cut) =    0.00 sec. (0.18 ticks)
Version identifier: 22.1.0.0 | 2022-03-09 | 1a383f8ce
CPXPARAM_Threads                                 1
CPXPARAM_MIP_Strategy_VariableSelect             3
CPXPARAM_TimeLimit                               599.63471667199997
Found incumbent of value 0.000000 after 0.00 sec. (0.16 ticks)

Root node processing (before b&c):
  Real time             =    0.00 sec. (0.18 ticks)
Sequential b&c:
  Real time             =    0.00 sec. (0.00 ticks)
                          ------------
Total (root+branch&cut) =    0.00 sec. (0.18 ticks)
Version identifier: 22.1.0.0 | 2022-03-09 | 1a383f8ce
CPXPARAM_Threads                                 1
CPXPARAM_MIP_Strategy_VariableSelect             3
CPXPARAM_TimeLimit                               599.62811774299996
Found incumbent of value 0.000000 after 0.00 sec. (0.16 ticks)

Root node processing (before b&c):
  Real time             =    0.00 sec. (0.19 ticks)
Sequential b&c:
  Real time             =    0.00 sec. (0.00 ticks)
                          ------------
Total (root+branch&cut) =    0.00 sec. (0.19 ticks)
Version identifier: 22.1.0.0 | 2022-03-09 | 1a383f8ce
CPXPARAM_Threads                                 1
CPXPARAM_MIP_Strategy_VariableSelect             3
CPXPARAM_TimeLimit                               599.62147152399996
Found incumbent of value 0.000000 after 0.00 sec. (0.17 ticks)

Root node processing (before b&c):
  Real time             =    0.00 sec. (0.19 ticks)
Sequential b&c:
  Real time             =    0.00 sec. (0.00 ticks)
                          ------------
Total (root+branch&cut) =    0.00 sec. (0.19 ticks)
Version identifier: 22.1.0.0 | 2022-03-09 | 1a383f8ce
CPXPARAM_Threads                                 1
CPXPARAM_MIP_Strategy_VariableSelect             3
CPXPARAM_TimeLimit                               599.61467248199995
Found incumbent of value 0.000000 after 0.00 sec. (0.17 ticks)

Root node processing (before b&c):
  Real time             =    0.00 sec. (0.19 ticks)
Sequential b&c:
  Real time             =    0.00 sec. (0.00 ticks)
                          ------------
Total (root+branch&cut) =    0.00 sec. (0.19 ticks)
Version identifier: 22.1.0.0 | 2022-03-09 | 1a383f8ce
CPXPARAM_Threads                                 1
CPXPARAM_MIP_Strategy_VariableSelect             3
CPXPARAM_TimeLimit                               599.60779808100006
Found incumbent of value 0.000000 after 0.00 sec. (0.17 ticks)

Root node processing (before b&c):
  Real time             =    0.00 sec. (0.19 ticks)
Sequential b&c:
  Real time             =    0.00 sec. (0.00 ticks)
                          ------------
Total (root+branch&cut) =    0.00 sec. (0.19 ticks)
Version identifier: 22.1.0.0 | 2022-03-09 | 1a383f8ce
CPXPARAM_Threads                                 1
CPXPARAM_MIP_Strategy_VariableSelect             3
CPXPARAM_TimeLimit                               599.600874299
Found incumbent of value 0.000000 after 0.00 sec. (0.17 ticks)

Root node processing (before b&c):
  Real time             =    0.00 sec. (0.19 ticks)
Sequential b&c:
  Real time             =    0.00 sec. (0.00 ticks)
                          ------------
Total (root+branch&cut) =    0.00 sec. (0.19 ticks)
Version identifier: 22.1.0.0 | 2022-03-09 | 1a383f8ce
CPXPARAM_Threads                                 1
CPXPARAM_MIP_Strategy_VariableSelect             3
CPXPARAM_TimeLimit                               599.593880872
Found incumbent of value 0.000000 after 0.00 sec. (0.17 ticks)

Root node processing (before b&c):
  Real time             =    0.00 sec. (0.19 ticks)
Sequential b&c:
  Real time             =    0.00 sec. (0.00 ticks)
                          ------------
Total (root+branch&cut) =    0.00 sec. (0.19 ticks)
Version identifier: 22.1.0.0 | 2022-03-09 | 1a383f8ce
CPXPARAM_Threads                                 1
CPXPARAM_MIP_Strategy_VariableSelect             3
CPXPARAM_TimeLimit                               599.58682428600002
Found incumbent of value 0.000000 after 0.00 sec. (0.17 ticks)

Root node processing (before b&c):
  Real time             =    0.00 sec. (0.20 ticks)
Sequential b&c:
  Real time             =    0.00 sec. (0.00 ticks)
                          ------------
Total (root+branch&cut) =    0.00 sec. (0.20 ticks)
Version identifier: 22.1.0.0 | 2022-03-09 | 1a383f8ce
CPXPARAM_Threads                                 1
CPXPARAM_MIP_Strategy_VariableSelect             3
CPXPARAM_TimeLimit                               599.57971893399997
Found incumbent of value 0.000000 after 0.00 sec. (0.17 ticks)

Root node processing (before b&c):
  Real time             =    0.00 sec. (0.20 ticks)
Sequential b&c:
  Real time             =    0.00 sec. (0.00 ticks)
                          ------------
Total (root+branch&cut) =    0.00 sec. (0.20 ticks)
Version identifier: 22.1.0.0 | 2022-03-09 | 1a383f8ce
CPXPARAM_Threads                                 1
CPXPARAM_MIP_Strategy_VariableSelect             3
CPXPARAM_TimeLimit                               599.57255588600003
Found incumbent of value 0.000000 after 0.00 sec. (0.18 ticks)

Root node processing (before b&c):
  Real time             =    0.00 sec. (0.20 ticks)
Sequential b&c:
  Real time             =    0.00 sec. (0.00 ticks)
                          ------------
Total (root+branch&cut) =    0.00 sec. (0.20 ticks)
Version identifier: 22.1.0.0 | 2022-03-09 | 1a383f8ce
CPXPARAM_Threads                                 1
CPXPARAM_MIP_Strategy_VariableSelect             3
CPXPARAM_TimeLimit                               599.56540202500003
Found incumbent of value 0.000000 after 0.00 sec. (0.18 ticks)

Root node processing (before b&c):
  Real time             =    0.00 sec. (0.20 ticks)
Sequential b&c:
  Real time             =    0.00 sec. (0.00 ticks)
                          ------------
Total (root+branch&cut) =    0.00 sec. (0.20 ticks)
Version identifier: 22.1.0.0 | 2022-03-09 | 1a383f8ce
CPXPARAM_Threads                                 1
CPXPARAM_MIP_Strategy_VariableSelect             3
CPXPARAM_TimeLimit                               599.55812435999997
Found incumbent of value 0.000000 after 0.00 sec. (0.18 ticks)

Root node processing (before b&c):
  Real time             =    0.00 sec. (0.20 ticks)
Sequential b&c:
  Real time             =    0.00 sec. (0.00 ticks)
                          ------------
Total (root+branch&cut) =    0.00 sec. (0.20 ticks)
Version identifier: 22.1.0.0 | 2022-03-09 | 1a383f8ce
CPXPARAM_Threads                                 1
CPXPARAM_MIP_Strategy_VariableSelect             3
CPXPARAM_TimeLimit                               599.55081190400006
Tried aggregator 1 time.
MIP Presolve eliminated 127 rows and 555 columns.
Reduced MIP has 662 rows, 777 columns, and 6011 nonzeros.
Reduced MIP has 777 binaries, 0 generals, 0 SOSs, and 0 indicators.
Presolve time = 0.01 sec. (3.88 ticks)
Probing time = 0.00 sec. (2.49 ticks)
Tried aggregator 1 time.
Detecting symmetries...
Reduced MIP has 662 rows, 777 columns, and 6011 nonzeros.
Reduced MIP has 777 binaries, 0 generals, 0 SOSs, and 0 indicators.
Presolve time = 0.00 sec. (3.97 ticks)
Probing time = 0.00 sec. (2.49 ticks)
Clique table members: 439.
MIP emphasis: balance optimality and feasibility.
MIP search method: dynamic search.
Parallel mode: none, using 1 thread.
Root relaxation solution time = 0.00 sec. (3.78 ticks)

        Nodes                                         Cuts/
   Node  Left     Objective  IInf  Best Integer    Best Bound    ItCnt     Gap

      0     0    infeasible                                        178         

Root node processing (before b&c):
  Real time             =    0.05 sec. (45.53 ticks)
Sequential b&c:
  Real time             =    0.00 sec. (0.00 ticks)
                          ------------
Total (root+branch&cut) =    0.05 sec. (45.53 ticks)
Primal:	110
Dual:	110
Status:	Optimal
Time:	0.506863
Sequence:
	0
	4
	4
	0
	4
	4
	0
	4
	4
	0
	4
	5
	0
	5
	9
	0
	5
	9
	0
	6
	9
	0
	9
	6
	0
	9
	9
	0
	6
	9
	0
	9
	6
	0
	9
	9
	0
	6
	9
	0
	9
	6
	0
	9
	9
	0
	6
	9
	0
	9
	6
	0
	9
	9
	0
	9
	9
	0
	9
	9
	0
	9
	9
	0
	9
	9
	2
	9
	9
	2
	9
	9
	2
	9
	9
	2
	9
	9
	2
	9
	9
	8
	9
	9
	9
	9
	9
	9
	9
	9
	9
	9
	9
	9
	9
	9
	9
	9
	9
	9
	9
	9
	9
	9
	9
	9
	9
	9
	9
	9
