Version identifier: 22.1.0.0 | 2022-03-09 | 1a383f8ce
CPXPARAM_Threads                                 1
CPXPARAM_MIP_Strategy_VariableSelect             3
CPXPARAM_TimeLimit                               599.99500045399998
Tried aggregator 1 time.
MIP Presolve eliminated 764 rows and 2250 columns.
Reduced MIP has 1873 rows, 2250 columns, and 16053 nonzeros.
Reduced MIP has 2250 binaries, 0 generals, 0 SOSs, and 0 indicators.
Presolve time = 0.02 sec. (12.90 ticks)
Found incumbent of value 0.000000 after 0.05 sec. (32.11 ticks)

Root node processing (before b&c):
  Real time             =    0.05 sec. (32.27 ticks)
Sequential b&c:
  Real time             =    0.00 sec. (0.00 ticks)
                          ------------
Total (root+branch&cut) =    0.05 sec. (32.27 ticks)
Version identifier: 22.1.0.0 | 2022-03-09 | 1a383f8ce
CPXPARAM_Threads                                 1
CPXPARAM_MIP_Strategy_VariableSelect             3
CPXPARAM_TimeLimit                               599.91392305399995
Tried aggregator 1 time.
MIP Presolve eliminated 782 rows and 2304 columns.
Reduced MIP has 1918 rows, 2304 columns, and 16440 nonzeros.
Reduced MIP has 2304 binaries, 0 generals, 0 SOSs, and 0 indicators.
Presolve time = 0.02 sec. (13.21 ticks)
Found incumbent of value 0.000000 after 0.05 sec. (31.85 ticks)

Root node processing (before b&c):
  Real time             =    0.05 sec. (32.01 ticks)
Sequential b&c:
  Real time             =    0.00 sec. (0.00 ticks)
                          ------------
Total (root+branch&cut) =    0.05 sec. (32.01 ticks)
Version identifier: 22.1.0.0 | 2022-03-09 | 1a383f8ce
CPXPARAM_Threads                                 1
CPXPARAM_MIP_Strategy_VariableSelect             3
CPXPARAM_TimeLimit                               599.83577361599998
Tried aggregator 1 time.
MIP Presolve eliminated 792 rows and 2334 columns.
Reduced MIP has 1943 rows, 2334 columns, and 16655 nonzeros.
Reduced MIP has 2334 binaries, 0 generals, 0 SOSs, and 0 indicators.
Presolve time = 0.02 sec. (13.38 ticks)
Found incumbent of value 0.000000 after 0.05 sec. (34.10 ticks)

Root node processing (before b&c):
  Real time             =    0.05 sec. (34.27 ticks)
Sequential b&c:
  Real time             =    0.00 sec. (0.00 ticks)
                          ------------
Total (root+branch&cut) =    0.05 sec. (34.27 ticks)
Version identifier: 22.1.0.0 | 2022-03-09 | 1a383f8ce
CPXPARAM_Threads                                 1
CPXPARAM_MIP_Strategy_VariableSelect             3
CPXPARAM_TimeLimit                               599.75524569000004
Tried aggregator 1 time.
MIP Presolve eliminated 796 rows and 2346 columns.
Reduced MIP has 1953 rows, 2346 columns, and 16741 nonzeros.
Reduced MIP has 2346 binaries, 0 generals, 0 SOSs, and 0 indicators.
Presolve time = 0.02 sec. (13.44 ticks)
Found incumbent of value 0.000000 after 0.05 sec. (33.19 ticks)

Root node processing (before b&c):
  Real time             =    0.05 sec. (33.36 ticks)
Sequential b&c:
  Real time             =    0.00 sec. (0.00 ticks)
                          ------------
Total (root+branch&cut) =    0.05 sec. (33.36 ticks)
Version identifier: 22.1.0.0 | 2022-03-09 | 1a383f8ce
CPXPARAM_Threads                                 1
CPXPARAM_MIP_Strategy_VariableSelect             3
CPXPARAM_TimeLimit                               599.67432587999997
Tried aggregator 1 time.
MIP Presolve eliminated 798 rows and 2352 columns.
Reduced MIP has 1958 rows, 2352 columns, and 16784 nonzeros.
Reduced MIP has 2352 binaries, 0 generals, 0 SOSs, and 0 indicators.
Presolve time = 0.02 sec. (13.49 ticks)
Found incumbent of value 0.000000 after 0.05 sec. (34.36 ticks)

Root node processing (before b&c):
  Real time             =    0.05 sec. (34.53 ticks)
Sequential b&c:
  Real time             =    0.00 sec. (0.00 ticks)
                          ------------
Total (root+branch&cut) =    0.05 sec. (34.53 ticks)
Version identifier: 22.1.0.0 | 2022-03-09 | 1a383f8ce
CPXPARAM_Threads                                 1
CPXPARAM_MIP_Strategy_VariableSelect             3
CPXPARAM_TimeLimit                               599.59208513199997
Tried aggregator 1 time.
MIP Presolve eliminated 800 rows and 2358 columns.
Reduced MIP has 1963 rows, 2358 columns, and 16827 nonzeros.
Reduced MIP has 2358 binaries, 0 generals, 0 SOSs, and 0 indicators.
Presolve time = 0.02 sec. (13.52 ticks)
Found incumbent of value 0.000000 after 0.05 sec. (33.30 ticks)

Root node processing (before b&c):
  Real time             =    0.05 sec. (33.46 ticks)
Sequential b&c:
  Real time             =    0.00 sec. (0.00 ticks)
                          ------------
Total (root+branch&cut) =    0.05 sec. (33.46 ticks)
Primal:	393
Dual:	393
Status:	Optimal
Time:	0.478287
Sequence:
	9
	4
	4
	9
	9
	4
	9
	4
	9
	9
	10
	9
	0
	10
	4
	9
	9
	9
	4
	10
	9
	4
	9
	1
	4
	10
	4
	9
	4
	9
	0
	4
	4
	9
	9
	10
	4
	9
	1
	0
	4
	9
	9
	9
	4
	4
	1
	9
	4
	4
	10
	0
	4
	1
	4
	1
	4
	4
	9
	9
	0
	4
	9
	0
	1
	9
	4
	9
	9
	1
	4
	10
	9
	4
	9
	4
	10
	4
	9
	4
	4
	10
	0
	9
	9
	1
	0
	9
	4
	9
	10
	4
	1
	4
	4
	0
	4
	4
	9
	4
	1
	0
	4
	9
	9
	1
	4
	9
	0
	9
	4
	9
	10
	9
	9
	9
	4
	9
	9
	4
	9
	4
	0
	9
	4
	4
	0
	10
	4
	9
	1
	4
	9
	4
	4
	1
	9
	1
	9
	1
	0
	4
	9
	9
	4
	9
	4
	4
	9
	0
	4
	10
	4
	4
	10
	4
	9
	10
	0
	4
	1
	9
	9
	4
	4
	10
	9
	4
	6
	9
	9
	10
	4
	4
	0
	9
	4
	9
	4
	9
	10
	0
	9
	9
	9
	4
	4
	9
	4
	4
	9
	1
	0
	9
	10
	4
	9
	9
	0
	9
	10
	4
	4
	9
	4
	1
	9
	9
	1
	9
	9
	0
	9
	9
	4
	4
	9
	4
	9
	4
	9
	10
	9
	4
	9
	4
	4
	9
	4
	4
	1
	9
	9
	9
	0
	9
	1
	9
	4
	4
	9
	0
	4
	9
	4
	9
	0
	4
	4
	9
	9
	9
	4
	4
	9
	9
	1
	9
	4
	9
	9
	9
	9
	4
	4
	9
	4
	0
	9
	4
	4
	9
	9
	4
	10
	9
	0
	9
	9
	1
	9
	9
	9
	4
	4
	9
	9
	4
	9
	4
	9
	1
	0
	4
	10
	4
	9
	4
	10
	9
	4
	9
	1
	4
	4
	9
	4
	9
	1
	9
	0
	9
	9
	4
	1
	4
	9
	4
	4
	9
	0
	10
	4
	9
	4
	0
	10
	4
	9
	9
	0
	9
	4
	9
	9
	9
	4
	0
	4
	9
	9
	4
	9
	0
	4
	4
	9
	4
	0
	9
	10
	0
	9
	9
	9
	10
	9
	9
	4
	9
	4
	9
	4
	9
	4
	10
	4
	1
	9
	9
	4
	9
	4
	0
	4
	9
	9
	9
	9
	9
	9
	4
	4
	9
	9
	9
	9
	10
	4
	9
	9
	9
	4
