Version identifier: 22.1.0.0 | 2022-03-09 | 1a383f8ce
CPXPARAM_Threads                                 1
CPXPARAM_MIP_Strategy_VariableSelect             3
CPXPARAM_TimeLimit                               599.99695690399994
Found incumbent of value 0.000000 after 0.00 sec. (0.38 ticks)

Root node processing (before b&c):
  Real time             =    0.00 sec. (0.43 ticks)
Sequential b&c:
  Real time             =    0.00 sec. (0.00 ticks)
                          ------------
Total (root+branch&cut) =    0.00 sec. (0.43 ticks)
Version identifier: 22.1.0.0 | 2022-03-09 | 1a383f8ce
CPXPARAM_Threads                                 1
CPXPARAM_MIP_Strategy_VariableSelect             3
CPXPARAM_TimeLimit                               599.97863630300003
Found incumbent of value 0.000000 after 0.00 sec. (0.45 ticks)

Root node processing (before b&c):
  Real time             =    0.00 sec. (0.50 ticks)
Sequential b&c:
  Real time             =    0.00 sec. (0.00 ticks)
                          ------------
Total (root+branch&cut) =    0.00 sec. (0.50 ticks)
Version identifier: 22.1.0.0 | 2022-03-09 | 1a383f8ce
CPXPARAM_Threads                                 1
CPXPARAM_MIP_Strategy_VariableSelect             3
CPXPARAM_TimeLimit                               599.95876171600003
Found incumbent of value 0.000000 after 0.00 sec. (0.48 ticks)

Root node processing (before b&c):
  Real time             =    0.00 sec. (0.54 ticks)
Sequential b&c:
  Real time             =    0.00 sec. (0.00 ticks)
                          ------------
Total (root+branch&cut) =    0.00 sec. (0.54 ticks)
Version identifier: 22.1.0.0 | 2022-03-09 | 1a383f8ce
CPXPARAM_Threads                                 1
CPXPARAM_MIP_Strategy_VariableSelect             3
CPXPARAM_TimeLimit                               599.93762177200006
Found incumbent of value 0.000000 after 0.00 sec. (0.50 ticks)

Root node processing (before b&c):
  Real time             =    0.00 sec. (0.56 ticks)
Sequential b&c:
  Real time             =    0.00 sec. (0.00 ticks)
                          ------------
Total (root+branch&cut) =    0.00 sec. (0.56 ticks)
Version identifier: 22.1.0.0 | 2022-03-09 | 1a383f8ce
CPXPARAM_Threads                                 1
CPXPARAM_MIP_Strategy_VariableSelect             3
CPXPARAM_TimeLimit                               599.91604738800004
Found incumbent of value 0.000000 after 0.00 sec. (0.50 ticks)

Root node processing (before b&c):
  Real time             =    0.00 sec. (0.57 ticks)
Sequential b&c:
  Real time             =    0.00 sec. (0.00 ticks)
                          ------------
Total (root+branch&cut) =    0.00 sec. (0.57 ticks)
Version identifier: 22.1.0.0 | 2022-03-09 | 1a383f8ce
CPXPARAM_Threads                                 1
CPXPARAM_MIP_Strategy_VariableSelect             3
CPXPARAM_TimeLimit                               599.89427584400005
Tried aggregator 1 time.
MIP Presolve eliminated 321 rows and 1224 columns.
Reduced MIP has 1833 rows, 2448 columns, and 20080 nonzeros.
Reduced MIP has 2448 binaries, 0 generals, 0 SOSs, and 0 indicators.
Presolve time = 0.02 sec. (11.43 ticks)
Probing time = 0.00 sec. (3.13 ticks)
Tried aggregator 1 time.
Detecting symmetries...
Reduced MIP has 1833 rows, 2448 columns, and 20080 nonzeros.
Reduced MIP has 2448 binaries, 0 generals, 0 SOSs, and 0 indicators.
Presolve time = 0.01 sec. (12.29 ticks)
Probing time = 0.00 sec. (3.13 ticks)
Clique table members: 1219.
MIP emphasis: balance optimality and feasibility.
MIP search method: dynamic search.
Parallel mode: none, using 1 thread.
Root relaxation solution time = 0.02 sec. (18.43 ticks)

        Nodes                                         Cuts/
   Node  Left     Objective  IInf  Best Integer    Best Bound    ItCnt     Gap

      0     0        0.0000    82                      0.0000      480         
*     0+    0                            0.0000        0.0000             0.00%
      0     0        cutoff              0.0000        0.0000      480    0.00%
Elapsed time = 0.13 sec. (104.06 ticks, tree = 0.01 MB, solutions = 1)

Root node processing (before b&c):
  Real time             =    0.13 sec. (104.17 ticks)
Sequential b&c:
  Real time             =    0.00 sec. (0.00 ticks)
                          ------------
Total (root+branch&cut) =    0.13 sec. (104.17 ticks)
Version identifier: 22.1.0.0 | 2022-03-09 | 1a383f8ce
CPXPARAM_Threads                                 1
CPXPARAM_MIP_Strategy_VariableSelect             3
CPXPARAM_TimeLimit                               599.73431294800002
Tried aggregator 1 time.
MIP Presolve eliminated 322 rows and 1228 columns.
Reduced MIP has 1839 rows, 2456 columns, and 20146 nonzeros.
Reduced MIP has 2456 binaries, 0 generals, 0 SOSs, and 0 indicators.
Presolve time = 0.02 sec. (11.45 ticks)
Probing time = 0.00 sec. (3.14 ticks)
Tried aggregator 1 time.
Detecting symmetries...
Reduced MIP has 1839 rows, 2456 columns, and 20146 nonzeros.
Reduced MIP has 2456 binaries, 0 generals, 0 SOSs, and 0 indicators.
Presolve time = 0.01 sec. (12.32 ticks)
Probing time = 0.00 sec. (3.14 ticks)
Clique table members: 1223.
MIP emphasis: balance optimality and feasibility.
MIP search method: dynamic search.
Parallel mode: none, using 1 thread.
Root relaxation solution time = 0.02 sec. (17.49 ticks)

        Nodes                                         Cuts/
   Node  Left     Objective  IInf  Best Integer    Best Bound    ItCnt     Gap

      0     0        0.0000    20                      0.0000      470         
*     0+    0                            0.0000        0.0000             0.00%
      0     0        cutoff              0.0000        0.0000      470    0.00%
Elapsed time = 0.12 sec. (95.52 ticks, tree = 0.01 MB, solutions = 1)

Root node processing (before b&c):
  Real time             =    0.12 sec. (95.63 ticks)
Sequential b&c:
  Real time             =    0.00 sec. (0.00 ticks)
                          ------------
Total (root+branch&cut) =    0.12 sec. (95.63 ticks)
Version identifier: 22.1.0.0 | 2022-03-09 | 1a383f8ce
CPXPARAM_Threads                                 1
CPXPARAM_MIP_Strategy_VariableSelect             3
CPXPARAM_TimeLimit                               599.59452521900005
Tried aggregator 1 time.
MIP Presolve eliminated 323 rows and 1232 columns.
Reduced MIP has 1845 rows, 2464 columns, and 20212 nonzeros.
Reduced MIP has 2464 binaries, 0 generals, 0 SOSs, and 0 indicators.
Presolve time = 0.02 sec. (11.50 ticks)
Probing time = 0.00 sec. (3.15 ticks)
Tried aggregator 1 time.
Detecting symmetries...
Reduced MIP has 1845 rows, 2464 columns, and 20212 nonzeros.
Reduced MIP has 2464 binaries, 0 generals, 0 SOSs, and 0 indicators.
Presolve time = 0.01 sec. (12.37 ticks)
Probing time = 0.00 sec. (3.15 ticks)
Clique table members: 1227.
MIP emphasis: balance optimality and feasibility.
MIP search method: dynamic search.
Parallel mode: none, using 1 thread.
Root relaxation solution time = 0.02 sec. (20.49 ticks)

        Nodes                                         Cuts/
   Node  Left     Objective  IInf  Best Integer    Best Bound    ItCnt     Gap

      0     0        0.0000    84                      0.0000      489         
*     0+    0                            0.0000        0.0000             0.00%
      0     0        cutoff              0.0000        0.0000      489    0.00%
Elapsed time = 0.16 sec. (130.11 ticks, tree = 0.01 MB, solutions = 1)

Root node processing (before b&c):
  Real time             =    0.16 sec. (130.22 ticks)
Sequential b&c:
  Real time             =    0.00 sec. (0.00 ticks)
                          ------------
Total (root+branch&cut) =    0.16 sec. (130.22 ticks)
Primal:	308
Dual:	308
Status:	Optimal
Time:	0.585261
Sequence:
	0
	9
	9
	0
	9
	9
	9
	9
	9
	0
	9
	9
	8
	9
	4
	4
	9
	0
	9
	9
	9
	9
	9
	0
	9
	9
	0
	9
	9
	0
	9
	9
	9
	0
	9
	9
	0
	9
	9
	0
	9
	9
	9
	9
	0
	9
	9
	9
	9
	0
	9
	9
	9
	9
	9
	9
	0
	9
	9
	9
	0
	9
	9
	0
	9
	9
	9
	9
	9
	9
	9
	0
	9
	9
	0
	9
	9
	9
	0
	9
	9
	9
	9
	9
	9
	0
	9
	9
	0
	9
	9
	0
	9
	9
	0
	9
	9
	9
	0
	9
	9
	9
	9
	0
	4
	5
	0
	1
	4
	0
	9
	9
	0
	4
	4
	0
	6
	4
	0
	5
	4
	0
	9
	6
	4
	1
	0
	1
	4
	9
	4
	0
	4
	1
	0
	9
	1
	0
	4
	9
	6
	4
	0
	9
	4
	0
	1
	4
	0
	6
	9
	0
	4
	9
	0
	9
	10
	0
	4
	4
	0
	4
	1
	9
	0
	4
	1
	0
	4
	1
	9
	0
	4
	1
	0
	4
	9
	0
	9
	6
	0
	5
	4
	0
	9
	4
	1
	0
	4
	9
	0
	9
	1
	0
	9
	9
	5
	0
	4
	4
	9
	0
	9
	4
	0
	4
	5
	0
	6
	4
	0
	4
	9
	0
	10
	9
	0
	1
	9
	0
	4
	9
	5
	0
	5
	9
	0
	6
	4
	0
	1
	4
	0
	9
	9
	4
	0
	4
	5
	0
	4
	6
	0
	5
	4
	0
	9
	9
	0
	9
	4
	9
	0
	4
	9
	0
	4
	4
	0
	10
	9
	0
	6
	4
	0
	4
	5
	0
	9
	9
	9
	4
	0
	4
	6
	9
	0
	9
	5
	9
	4
	9
	4
	0
	9
	10
	0
	9
	1
	4
	9
	4
	0
	4
	1
	0
	4
	9
	0
	9
	1
	0
	1
	9
	0
	4
	6
	0
