Version identifier: 22.1.0.0 | 2022-03-09 | 1a383f8ce
CPXPARAM_Threads                                 1
CPXPARAM_MIP_Strategy_VariableSelect             3
CPXPARAM_TimeLimit                               599.99775525400003
Found incumbent of value 0.000000 after 0.00 sec. (0.31 ticks)

Root node processing (before b&c):
  Real time             =    0.00 sec. (0.35 ticks)
Sequential b&c:
  Real time             =    0.00 sec. (0.00 ticks)
                          ------------
Total (root+branch&cut) =    0.00 sec. (0.35 ticks)
Version identifier: 22.1.0.0 | 2022-03-09 | 1a383f8ce
CPXPARAM_Threads                                 1
CPXPARAM_MIP_Strategy_VariableSelect             3
CPXPARAM_TimeLimit                               599.98373137099998
Found incumbent of value 0.000000 after 0.00 sec. (0.34 ticks)

Root node processing (before b&c):
  Real time             =    0.00 sec. (0.38 ticks)
Sequential b&c:
  Real time             =    0.00 sec. (0.00 ticks)
                          ------------
Total (root+branch&cut) =    0.00 sec. (0.38 ticks)
Version identifier: 22.1.0.0 | 2022-03-09 | 1a383f8ce
CPXPARAM_Threads                                 1
CPXPARAM_MIP_Strategy_VariableSelect             3
CPXPARAM_TimeLimit                               599.97035688599999
Tried aggregator 1 time.
MIP Presolve eliminated 20 rows and 1050 columns.
MIP Presolve modified 4 coefficients.
Reduced MIP has 1462 rows, 1470 columns, and 13312 nonzeros.
Reduced MIP has 1470 binaries, 0 generals, 0 SOSs, and 0 indicators.
Presolve time = 0.01 sec. (8.71 ticks)
Probing time = 0.00 sec. (2.37 ticks)
Tried aggregator 1 time.
Detecting symmetries...
Reduced MIP has 1462 rows, 1470 columns, and 13312 nonzeros.
Reduced MIP has 1470 binaries, 0 generals, 0 SOSs, and 0 indicators.
Presolve time = 0.01 sec. (8.03 ticks)
Probing time = 0.00 sec. (2.37 ticks)
Clique table members: 1039.
MIP emphasis: balance optimality and feasibility.
MIP search method: dynamic search.
Parallel mode: none, using 1 thread.
Root relaxation solution time = 0.02 sec. (13.60 ticks)

        Nodes                                         Cuts/
   Node  Left     Objective  IInf  Best Integer    Best Bound    ItCnt     Gap

      0     0        0.0000   162                      0.0000      447         
*     0+    0                            0.0000        0.0000             0.00%
      0     0        cutoff              0.0000        0.0000      447    0.00%
Elapsed time = 0.12 sec. (105.31 ticks, tree = 0.01 MB, solutions = 1)

Root node processing (before b&c):
  Real time             =    0.12 sec. (105.39 ticks)
Sequential b&c:
  Real time             =    0.00 sec. (0.00 ticks)
                          ------------
Total (root+branch&cut) =    0.12 sec. (105.39 ticks)
Version identifier: 22.1.0.0 | 2022-03-09 | 1a383f8ce
CPXPARAM_Threads                                 1
CPXPARAM_MIP_Strategy_VariableSelect             3
CPXPARAM_TimeLimit                               599.83139114599999
Tried aggregator 1 time.
MIP Presolve eliminated 20 rows and 1070 columns.
MIP Presolve modified 4 coefficients.
Reduced MIP has 1490 rows, 1498 columns, and 13568 nonzeros.
Reduced MIP has 1498 binaries, 0 generals, 0 SOSs, and 0 indicators.
Presolve time = 0.01 sec. (8.87 ticks)
Found incumbent of value 0.000000 after 0.03 sec. (24.07 ticks)

Root node processing (before b&c):
  Real time             =    0.03 sec. (24.17 ticks)
Sequential b&c:
  Real time             =    0.00 sec. (0.00 ticks)
                          ------------
Total (root+branch&cut) =    0.03 sec. (24.17 ticks)
Version identifier: 22.1.0.0 | 2022-03-09 | 1a383f8ce
CPXPARAM_Threads                                 1
CPXPARAM_MIP_Strategy_VariableSelect             3
CPXPARAM_TimeLimit                               599.783251006
Tried aggregator 1 time.
MIP Presolve eliminated 20 rows and 1080 columns.
MIP Presolve modified 4 coefficients.
Reduced MIP has 1504 rows, 1512 columns, and 13696 nonzeros.
Reduced MIP has 1512 binaries, 0 generals, 0 SOSs, and 0 indicators.
Presolve time = 0.01 sec. (8.96 ticks)
Probing time = 0.00 sec. (2.37 ticks)
Tried aggregator 1 time.
Detecting symmetries...
Reduced MIP has 1504 rows, 1512 columns, and 13696 nonzeros.
Reduced MIP has 1512 binaries, 0 generals, 0 SOSs, and 0 indicators.
Presolve time = 0.01 sec. (8.25 ticks)
Probing time = 0.00 sec. (2.37 ticks)
Clique table members: 1069.
MIP emphasis: balance optimality and feasibility.
MIP search method: dynamic search.
Parallel mode: none, using 1 thread.
Root relaxation solution time = 0.02 sec. (16.83 ticks)

        Nodes                                         Cuts/
   Node  Left     Objective  IInf  Best Integer    Best Bound    ItCnt     Gap

      0     0        0.0000   152                      0.0000      496         
*     0+    0                            0.0000        0.0000             0.00%
      0     0        cutoff              0.0000        0.0000      496    0.00%
Elapsed time = 0.16 sec. (123.49 ticks, tree = 0.01 MB, solutions = 1)

Root node processing (before b&c):
  Real time             =    0.16 sec. (123.57 ticks)
Sequential b&c:
  Real time             =    0.00 sec. (0.00 ticks)
                          ------------
Total (root+branch&cut) =    0.16 sec. (123.57 ticks)
Version identifier: 22.1.0.0 | 2022-03-09 | 1a383f8ce
CPXPARAM_Threads                                 1
CPXPARAM_MIP_Strategy_VariableSelect             3
CPXPARAM_TimeLimit                               599.61080449400004
Tried aggregator 1 time.
MIP Presolve eliminated 20 rows and 1085 columns.
MIP Presolve modified 4 coefficients.
Reduced MIP has 1511 rows, 1519 columns, and 13760 nonzeros.
Reduced MIP has 1519 binaries, 0 generals, 0 SOSs, and 0 indicators.
Presolve time = 0.01 sec. (8.99 ticks)
Probing time = 0.00 sec. (2.38 ticks)
Tried aggregator 1 time.
Detecting symmetries...
Reduced MIP has 1511 rows, 1519 columns, and 13760 nonzeros.
Reduced MIP has 1519 binaries, 0 generals, 0 SOSs, and 0 indicators.
Presolve time = 0.01 sec. (8.28 ticks)
Probing time = 0.00 sec. (2.38 ticks)
Clique table members: 1074.
MIP emphasis: balance optimality and feasibility.
MIP search method: dynamic search.
Parallel mode: none, using 1 thread.
Root relaxation solution time = 0.02 sec. (17.23 ticks)

        Nodes                                         Cuts/
   Node  Left     Objective  IInf  Best Integer    Best Bound    ItCnt     Gap

      0     0        0.0000   275                      0.0000      514         
*     0+    0                            0.0000        0.0000             0.00%
      0     0        cutoff              0.0000        0.0000      514    0.00%
Elapsed time = 0.17 sec. (128.58 ticks, tree = 0.01 MB, solutions = 1)

Root node processing (before b&c):
  Real time             =    0.17 sec. (128.66 ticks)
Sequential b&c:
  Real time             =    0.00 sec. (0.00 ticks)
                          ------------
Total (root+branch&cut) =    0.17 sec. (128.66 ticks)
Version identifier: 22.1.0.0 | 2022-03-09 | 1a383f8ce
CPXPARAM_Threads                                 1
CPXPARAM_MIP_Strategy_VariableSelect             3
CPXPARAM_TimeLimit                               599.42967301399995
Tried aggregator 1 time.
MIP Presolve eliminated 20 rows and 1090 columns.
MIP Presolve modified 4 coefficients.
Reduced MIP has 1518 rows, 1526 columns, and 13824 nonzeros.
Reduced MIP has 1526 binaries, 0 generals, 0 SOSs, and 0 indicators.
Presolve time = 0.01 sec. (9.04 ticks)
Probing time = 0.00 sec. (2.38 ticks)
Tried aggregator 1 time.
Detecting symmetries...
Reduced MIP has 1518 rows, 1526 columns, and 13824 nonzeros.
Reduced MIP has 1526 binaries, 0 generals, 0 SOSs, and 0 indicators.
Presolve time = 0.01 sec. (8.32 ticks)
Probing time = 0.00 sec. (2.38 ticks)
Clique table members: 1079.
MIP emphasis: balance optimality and feasibility.
MIP search method: dynamic search.
Parallel mode: none, using 1 thread.
Root relaxation solution time = 0.02 sec. (17.57 ticks)

        Nodes                                         Cuts/
   Node  Left     Objective  IInf  Best Integer    Best Bound    ItCnt     Gap

      0     0        0.0000   191                      0.0000      503         
*     0+    0                            0.0000        0.0000             0.00%
      0     0        cutoff              0.0000        0.0000      503    0.00%
Elapsed time = 0.14 sec. (119.57 ticks, tree = 0.01 MB, solutions = 1)

Root node processing (before b&c):
  Real time             =    0.14 sec. (119.65 ticks)
Sequential b&c:
  Real time             =    0.00 sec. (0.00 ticks)
                          ------------
Total (root+branch&cut) =    0.14 sec. (119.65 ticks)
Primal:	218
Dual:	218
Status:	Optimal
Time:	0.724607
Sequence:
	0
	9
	3
	0
	6
	9
	0
	9
	6
	0
	9
	5
	9
	9
	9
	9
	6
	0
	9
	9
	5
	9
	6
	0
	9
	5
	0
	9
	9
	0
	6
	9
	5
	0
	9
	9
	0
	9
	9
	0
	5
	9
	9
	9
	0
	9
	9
	9
	9
	6
	9
	9
	5
	9
	9
	6
	0
	9
	9
	5
	0
	9
	9
	0
	5
	9
	3
	9
	9
	6
	9
	0
	9
	5
	0
	9
	3
	9
	0
	9
	9
	5
	9
	5
	9
	9
	9
	6
	0
	3
	9
	0
	6
	9
	5
	0
	9
	6
	0
	9
	5
	0
	3
	9
	5
	9
	6
	0
	1
	4
	0
	4
	3
	0
	9
	6
	0
	5
	9
	0
	5
	9
	0
	5
	9
	0
	3
	9
	0
	9
	5
	9
	3
	0
	6
	4
	1
	0
	3
	9
	6
	0
	5
	9
	1
	0
	6
	9
	0
	5
	9
	0
	9
	6
	4
	9
	0
	3
	9
	6
	9
	0
	9
	6
	0
	4
	1
	0
	9
	6
	0
	3
	9
	5
	0
	6
	9
	0
	9
	5
	0
	5
	9
	0
	6
	4
	1
	0
	6
	9
	0
	4
	6
	0
	4
	5
	0
	9
	3
	0
	9
	6
	0
	9
	3
	0
	5
	9
	0
	9
	5
	0
	6
	9
	0
	4
	6
	0
