Version identifier: 22.1.0.0 | 2022-03-09 | 1a383f8ce
CPXPARAM_Threads                                 1
CPXPARAM_MIP_Strategy_VariableSelect             3
CPXPARAM_TimeLimit                               599.99179369299998
Found incumbent of value 0.000000 after 0.00 sec. (0.57 ticks)

Root node processing (before b&c):
  Real time             =    0.00 sec. (0.65 ticks)
Sequential b&c:
  Real time             =    0.00 sec. (0.00 ticks)
                          ------------
Total (root+branch&cut) =    0.00 sec. (0.65 ticks)
Version identifier: 22.1.0.0 | 2022-03-09 | 1a383f8ce
CPXPARAM_Threads                                 1
CPXPARAM_MIP_Strategy_VariableSelect             3
CPXPARAM_TimeLimit                               599.94859439699997
Found incumbent of value 0.000000 after 0.00 sec. (0.61 ticks)

Root node processing (before b&c):
  Real time             =    0.00 sec. (0.68 ticks)
Sequential b&c:
  Real time             =    0.00 sec. (0.00 ticks)
                          ------------
Total (root+branch&cut) =    0.00 sec. (0.68 ticks)
Version identifier: 22.1.0.0 | 2022-03-09 | 1a383f8ce
CPXPARAM_Threads                                 1
CPXPARAM_MIP_Strategy_VariableSelect             3
CPXPARAM_TimeLimit                               599.91331817399998
Found incumbent of value 0.000000 after 0.00 sec. (0.63 ticks)

Root node processing (before b&c):
  Real time             =    0.00 sec. (0.70 ticks)
Sequential b&c:
  Real time             =    0.00 sec. (0.00 ticks)
                          ------------
Total (root+branch&cut) =    0.00 sec. (0.70 ticks)
Version identifier: 22.1.0.0 | 2022-03-09 | 1a383f8ce
CPXPARAM_Threads                                 1
CPXPARAM_MIP_Strategy_VariableSelect             3
CPXPARAM_TimeLimit                               599.88267906700003
Found incumbent of value 0.000000 after 0.00 sec. (0.63 ticks)

Root node processing (before b&c):
  Real time             =    0.00 sec. (0.71 ticks)
Sequential b&c:
  Real time             =    0.00 sec. (0.00 ticks)
                          ------------
Total (root+branch&cut) =    0.00 sec. (0.71 ticks)
Version identifier: 22.1.0.0 | 2022-03-09 | 1a383f8ce
CPXPARAM_Threads                                 1
CPXPARAM_MIP_Strategy_VariableSelect             3
CPXPARAM_TimeLimit                               599.85404690300004
Found incumbent of value 0.000000 after 0.00 sec. (0.64 ticks)

Root node processing (before b&c):
  Real time             =    0.00 sec. (0.72 ticks)
Sequential b&c:
  Real time             =    0.00 sec. (0.00 ticks)
                          ------------
Total (root+branch&cut) =    0.00 sec. (0.72 ticks)
Version identifier: 22.1.0.0 | 2022-03-09 | 1a383f8ce
CPXPARAM_Threads                                 1
CPXPARAM_MIP_Strategy_VariableSelect             3
CPXPARAM_TimeLimit                               599.82484211799999
Found incumbent of value 0.000000 after 0.00 sec. (0.64 ticks)

Root node processing (before b&c):
  Real time             =    0.00 sec. (0.72 ticks)
Sequential b&c:
  Real time             =    0.00 sec. (0.00 ticks)
                          ------------
Total (root+branch&cut) =    0.00 sec. (0.72 ticks)
Version identifier: 22.1.0.0 | 2022-03-09 | 1a383f8ce
CPXPARAM_Threads                                 1
CPXPARAM_MIP_Strategy_VariableSelect             3
CPXPARAM_TimeLimit                               599.79584574299997
Found incumbent of value 0.000000 after 0.00 sec. (0.70 ticks)

Root node processing (before b&c):
  Real time             =    0.00 sec. (0.79 ticks)
Sequential b&c:
  Real time             =    0.00 sec. (0.00 ticks)
                          ------------
Total (root+branch&cut) =    0.00 sec. (0.79 ticks)
Primal:	383
Dual:	383
Status:	Optimal
Time:	0.228604
Sequence:
	0
	1
	4
	0
	1
	4
	0
	1
	4
	0
	1
	4
	0
	1
	4
	0
	1
	4
	0
	1
	4
	0
	1
	4
	0
	1
	4
	0
	1
	4
	0
	1
	4
	0
	1
	4
	0
	1
	4
	0
	1
	4
	0
	1
	4
	0
	1
	4
	0
	1
	4
	0
	1
	4
	0
	1
	4
	0
	1
	4
	0
	1
	4
	0
	1
	4
	0
	1
	4
	0
	1
	4
	0
	3
	4
	0
	4
	4
	0
	3
	4
	0
	4
	4
	0
	3
	4
	0
	4
	4
	0
	3
	4
	0
	4
	4
	0
	3
	4
	0
	4
	4
	0
	3
	4
	0
	4
	4
	0
	4
	4
	0
	4
	4
	0
	4
	4
	0
	4
	4
	0
	4
	4
	0
	4
	4
	0
	4
	4
	0
	4
	4
	0
	4
	4
	0
	4
	4
	0
	4
	4
	0
	4
	4
	0
	4
	4
	0
	4
	4
	0
	4
	4
	0
	4
	4
	0
	4
	4
	0
	4
	4
	0
	4
	4
	0
	4
	4
	0
	4
	5
	0
	5
	9
	0
	5
	9
	0
	5
	9
	0
	5
	9
	0
	5
	9
	0
	5
	9
	0
	5
	9
	0
	5
	9
	0
	5
	9
	0
	5
	9
	0
	5
	9
	0
	5
	9
	0
	5
	9
	0
	5
	9
	0
	5
	9
	0
	5
	9
	0
	5
	9
	0
	5
	9
	0
	5
	9
	0
	5
	9
	0
	5
	9
	0
	5
	9
	0
	5
	9
	0
	5
	9
	0
	5
	9
	0
	5
	9
	0
	5
	9
	0
	5
	9
	0
	5
	9
	0
	5
	9
	0
	5
	9
	2
	5
	9
	2
	5
	9
	2
	5
	9
	2
	5
	9
	2
	5
	9
	2
	5
	9
	2
	5
	9
	2
	5
	9
	2
	5
	9
	2
	5
	9
	2
	5
	9
	2
	5
	9
	2
	5
	9
	2
	5
	9
	2
	5
	9
	5
	9
	5
	9
	5
	9
	5
	9
	6
	9
	9
	9
	6
	9
	9
	9
	6
	9
	9
	9
	6
	9
	9
	9
	6
	9
	9
	9
	9
	9
	9
	9
	9
	9
	9
	9
	9
	9
	9
	9
	9
	9
	9
	9
	9
	9
	9
	9
	9
	9
	9
	9
	9
	9
	9
	9
	9
	9
	9
	9
	9
	9
	9
	9
	9
	9
	9
	9
	9
	9
	9
	9
	9
	11
