Version identifier: 22.1.1.0 | 2022-11-28 | 9160aff4d
CPXPARAM_Threads                                 1
CPXPARAM_MIP_Strategy_VariableSelect             3
CPXPARAM_TimeLimit                               599.99933414300006
Found incumbent of value 0.000000 after 0.00 sec. (0.17 ticks)

Root node processing (before b&c):
  Real time             =    0.00 sec. (0.19 ticks)
Sequential b&c:
  Real time             =    0.00 sec. (0.00 ticks)
                          ------------
Total (root+branch&cut) =    0.00 sec. (0.19 ticks)
Version identifier: 22.1.1.0 | 2022-11-28 | 9160aff4d
CPXPARAM_Threads                                 1
CPXPARAM_MIP_Strategy_VariableSelect             3
CPXPARAM_TimeLimit                               599.99119242300003
Found incumbent of value 0.000000 after 0.00 sec. (0.19 ticks)

Root node processing (before b&c):
  Real time             =    0.00 sec. (0.22 ticks)
Sequential b&c:
  Real time             =    0.00 sec. (0.00 ticks)
                          ------------
Total (root+branch&cut) =    0.00 sec. (0.22 ticks)
Version identifier: 22.1.1.0 | 2022-11-28 | 9160aff4d
CPXPARAM_Threads                                 1
CPXPARAM_MIP_Strategy_VariableSelect             3
CPXPARAM_TimeLimit                               599.98423433599999
Tried aggregator 1 time.
MIP Presolve eliminated 18 rows and 408 columns.
MIP Presolve modified 1 coefficients.
Reduced MIP has 810 rows, 1224 columns, and 9240 nonzeros.
Reduced MIP has 1224 binaries, 0 generals, 0 SOSs, and 0 indicators.
Presolve time = 0.01 sec. (5.17 ticks)
Found incumbent of value 0.000000 after 0.02 sec. (15.92 ticks)

Root node processing (before b&c):
  Real time             =    0.02 sec. (15.98 ticks)
Sequential b&c:
  Real time             =    0.00 sec. (0.00 ticks)
                          ------------
Total (root+branch&cut) =    0.02 sec. (15.98 ticks)
Version identifier: 22.1.1.0 | 2022-11-28 | 9160aff4d
CPXPARAM_Threads                                 1
CPXPARAM_MIP_Strategy_VariableSelect             3
CPXPARAM_TimeLimit                               599.96062949600002
Tried aggregator 1 time.
MIP Presolve eliminated 18 rows and 420 columns.
MIP Presolve modified 1 coefficients.
Reduced MIP has 834 rows, 1260 columns, and 9516 nonzeros.
Reduced MIP has 1260 binaries, 0 generals, 0 SOSs, and 0 indicators.
Presolve time = 0.00 sec. (5.32 ticks)
Probing time = 0.00 sec. (2.34 ticks)
Tried aggregator 1 time.
Detecting symmetries...
Reduced MIP has 834 rows, 1260 columns, and 9516 nonzeros.
Reduced MIP has 1260 binaries, 0 generals, 0 SOSs, and 0 indicators.
Presolve time = 0.00 sec. (5.97 ticks)
Probing time = 0.00 sec. (2.34 ticks)
Clique table members: 550.
MIP emphasis: balance optimality and feasibility.
MIP search method: dynamic search.
Parallel mode: none, using 1 thread.
Root relaxation solution time = 0.00 sec. (6.20 ticks)

        Nodes                                         Cuts/
   Node  Left     Objective  IInf  Best Integer    Best Bound    ItCnt     Gap

      0     0        0.0000    40                      0.0000      242         
*     0+    0                            0.0000        0.0000             0.00%
      0     0        cutoff              0.0000        0.0000      242    0.00%
Elapsed time = 0.05 sec. (71.73 ticks, tree = 0.01 MB, solutions = 1)

Root node processing (before b&c):
  Real time             =    0.05 sec. (71.78 ticks)
Sequential b&c:
  Real time             =    0.00 sec. (0.00 ticks)
                          ------------
Total (root+branch&cut) =    0.05 sec. (71.78 ticks)
Version identifier: 22.1.1.0 | 2022-11-28 | 9160aff4d
CPXPARAM_Threads                                 1
CPXPARAM_MIP_Strategy_VariableSelect             3
CPXPARAM_TimeLimit                               599.90470299100002
Tried aggregator 1 time.
MIP Presolve eliminated 18 rows and 426 columns.
MIP Presolve modified 1 coefficients.
Reduced MIP has 846 rows, 1278 columns, and 9654 nonzeros.
Reduced MIP has 1278 binaries, 0 generals, 0 SOSs, and 0 indicators.
Presolve time = 0.00 sec. (5.39 ticks)
Found incumbent of value 0.000000 after 0.01 sec. (17.08 ticks)

Root node processing (before b&c):
  Real time             =    0.01 sec. (17.14 ticks)
Sequential b&c:
  Real time             =    0.00 sec. (0.00 ticks)
                          ------------
Total (root+branch&cut) =    0.01 sec. (17.14 ticks)
Version identifier: 22.1.1.0 | 2022-11-28 | 9160aff4d
CPXPARAM_Threads                                 1
CPXPARAM_MIP_Strategy_VariableSelect             3
CPXPARAM_TimeLimit                               599.88462421400004
Tried aggregator 1 time.
MIP Presolve eliminated 18 rows and 429 columns.
MIP Presolve modified 1 coefficients.
Reduced MIP has 852 rows, 1287 columns, and 9723 nonzeros.
Reduced MIP has 1287 binaries, 0 generals, 0 SOSs, and 0 indicators.
Presolve time = 0.00 sec. (5.43 ticks)
Probing time = 0.00 sec. (2.34 ticks)
Tried aggregator 1 time.
Detecting symmetries...
Reduced MIP has 852 rows, 1287 columns, and 9723 nonzeros.
Reduced MIP has 1287 binaries, 0 generals, 0 SOSs, and 0 indicators.
Presolve time = 0.00 sec. (6.09 ticks)
Probing time = 0.00 sec. (2.34 ticks)
Clique table members: 562.
MIP emphasis: balance optimality and feasibility.
MIP search method: dynamic search.
Parallel mode: none, using 1 thread.
Root relaxation solution time = 0.00 sec. (8.08 ticks)

        Nodes                                         Cuts/
   Node  Left     Objective  IInf  Best Integer    Best Bound    ItCnt     Gap

      0     0        0.0000    81                      0.0000      292         
*     0+    0                            0.0000        0.0000             0.00%
      0     0        cutoff              0.0000        0.0000      292    0.00%
Elapsed time = 0.05 sec. (63.72 ticks, tree = 0.01 MB, solutions = 1)

Root node processing (before b&c):
  Real time             =    0.05 sec. (63.78 ticks)
Sequential b&c:
  Real time             =    0.00 sec. (0.00 ticks)
                          ------------
Total (root+branch&cut) =    0.05 sec. (63.78 ticks)
Version identifier: 22.1.1.0 | 2022-11-28 | 9160aff4d
CPXPARAM_Threads                                 1
CPXPARAM_MIP_Strategy_VariableSelect             3
CPXPARAM_TimeLimit                               599.83159060499997
Tried aggregator 1 time.
MIP Presolve eliminated 18 rows and 432 columns.
MIP Presolve modified 1 coefficients.
Reduced MIP has 858 rows, 1296 columns, and 9792 nonzeros.
Reduced MIP has 1296 binaries, 0 generals, 0 SOSs, and 0 indicators.
Presolve time = 0.00 sec. (5.47 ticks)
Probing time = 0.00 sec. (2.35 ticks)
Tried aggregator 1 time.
Detecting symmetries...
Reduced MIP has 858 rows, 1296 columns, and 9792 nonzeros.
Reduced MIP has 1296 binaries, 0 generals, 0 SOSs, and 0 indicators.
Presolve time = 0.00 sec. (6.14 ticks)
Probing time = 0.00 sec. (2.35 ticks)
Clique table members: 566.
MIP emphasis: balance optimality and feasibility.
MIP search method: dynamic search.
Parallel mode: none, using 1 thread.
Root relaxation solution time = 0.00 sec. (8.05 ticks)

        Nodes                                         Cuts/
   Node  Left     Objective  IInf  Best Integer    Best Bound    ItCnt     Gap

      0     0        0.0000    83                      0.0000      286         
*     0+    0                            0.0000        0.0000             0.00%
      0     0        cutoff              0.0000        0.0000      286    0.00%
Elapsed time = 0.05 sec. (64.00 ticks, tree = 0.01 MB, solutions = 1)

Root node processing (before b&c):
  Real time             =    0.05 sec. (64.05 ticks)
Sequential b&c:
  Real time             =    0.00 sec. (0.00 ticks)
                          ------------
Total (root+branch&cut) =    0.05 sec. (64.05 ticks)
Primal:	144
Dual:	144
Status:	Optimal
Time:	0.221874
Sequence:
	6
	9
	9
	9
	9
	2
	9
	9
	2
	6
	9
	4
	9
	9
	9
	9
	9
	6
	9
	9
	2
	6
	9
	9
	9
	5
	9
	6
	9
	9
	2
	6
	9
	9
	9
	9
	6
	4
	9
	4
	4
	9
	6
	9
	9
	9
	9
	2
	6
	9
	9
	9
	6
	11
	9
	9
	6
	9
	4
	9
	6
	9
	9
	9
	6
	9
	9
	4
	4
	9
	9
	9
	9
	9
	6
	9
	9
	11
	2
	9
	6
	2
	4
	9
	6
	9
	9
	4
	6
	9
	9
	9
	5
	9
	6
	9
	4
	9
	6
	11
	9
	5
	0
	4
	1
	6
	11
	4
	2
	6
	4
	1
	5
	6
	9
	11
	5
	4
	2
	9
	4
	5
	0
	6
	9
	8
	11
	6
	0
	4
	9
	6
	0
	4
	11
	6
	2
	1
	4
	4
	9
	8
	6
	1
