Version identifier: 22.1.0.0 | 2022-03-09 | 1a383f8ce
CPXPARAM_Threads                                 1
CPXPARAM_MIP_Strategy_VariableSelect             3
CPXPARAM_TimeLimit                               599.99797242
Found incumbent of value 0.000000 after 0.00 sec. (0.25 ticks)

Root node processing (before b&c):
  Real time             =    0.00 sec. (0.29 ticks)
Sequential b&c:
  Real time             =    0.00 sec. (0.00 ticks)
                          ------------
Total (root+branch&cut) =    0.00 sec. (0.29 ticks)
Version identifier: 22.1.0.0 | 2022-03-09 | 1a383f8ce
CPXPARAM_Threads                                 1
CPXPARAM_MIP_Strategy_VariableSelect             3
CPXPARAM_TimeLimit                               599.98398647199997
Found incumbent of value 0.000000 after 0.00 sec. (0.30 ticks)

Root node processing (before b&c):
  Real time             =    0.00 sec. (0.34 ticks)
Sequential b&c:
  Real time             =    0.00 sec. (0.00 ticks)
                          ------------
Total (root+branch&cut) =    0.00 sec. (0.34 ticks)
Version identifier: 22.1.0.0 | 2022-03-09 | 1a383f8ce
CPXPARAM_Threads                                 1
CPXPARAM_MIP_Strategy_VariableSelect             3
CPXPARAM_TimeLimit                               599.96972046600001
Found incumbent of value 0.000000 after 0.00 sec. (0.32 ticks)

Root node processing (before b&c):
  Real time             =    0.00 sec. (0.36 ticks)
Sequential b&c:
  Real time             =    0.00 sec. (0.00 ticks)
                          ------------
Total (root+branch&cut) =    0.00 sec. (0.36 ticks)
Version identifier: 22.1.0.0 | 2022-03-09 | 1a383f8ce
CPXPARAM_Threads                                 1
CPXPARAM_MIP_Strategy_VariableSelect             3
CPXPARAM_TimeLimit                               599.95455151900001
Found incumbent of value 0.000000 after 0.00 sec. (0.34 ticks)

Root node processing (before b&c):
  Real time             =    0.00 sec. (0.39 ticks)
Sequential b&c:
  Real time             =    0.00 sec. (0.00 ticks)
                          ------------
Total (root+branch&cut) =    0.00 sec. (0.39 ticks)
Version identifier: 22.1.0.0 | 2022-03-09 | 1a383f8ce
CPXPARAM_Threads                                 1
CPXPARAM_MIP_Strategy_VariableSelect             3
CPXPARAM_TimeLimit                               599.93885193699998
Tried aggregator 1 time.
MIP Presolve eliminated 219 rows and 816 columns.
MIP Presolve modified 1 coefficients.
Reduced MIP has 1221 rows, 1632 columns, and 12742 nonzeros.
Reduced MIP has 1632 binaries, 0 generals, 0 SOSs, and 0 indicators.
Presolve time = 0.01 sec. (7.46 ticks)
Found incumbent of value 0.000000 after 0.03 sec. (18.68 ticks)

Root node processing (before b&c):
  Real time             =    0.03 sec. (18.77 ticks)
Sequential b&c:
  Real time             =    0.00 sec. (0.00 ticks)
                          ------------
Total (root+branch&cut) =    0.03 sec. (18.77 ticks)
Version identifier: 22.1.0.0 | 2022-03-09 | 1a383f8ce
CPXPARAM_Threads                                 1
CPXPARAM_MIP_Strategy_VariableSelect             3
CPXPARAM_TimeLimit                               599.89263572200002
Tried aggregator 1 time.
MIP Presolve eliminated 221 rows and 824 columns.
MIP Presolve modified 1 coefficients.
Reduced MIP has 1233 rows, 1648 columns, and 12868 nonzeros.
Reduced MIP has 1648 binaries, 0 generals, 0 SOSs, and 0 indicators.
Presolve time = 0.01 sec. (7.53 ticks)
Found incumbent of value 0.000000 after 0.04 sec. (22.01 ticks)

Root node processing (before b&c):
  Real time             =    0.04 sec. (22.10 ticks)
Sequential b&c:
  Real time             =    0.00 sec. (0.00 ticks)
                          ------------
Total (root+branch&cut) =    0.04 sec. (22.10 ticks)
Version identifier: 22.1.0.0 | 2022-03-09 | 1a383f8ce
CPXPARAM_Threads                                 1
CPXPARAM_MIP_Strategy_VariableSelect             3
CPXPARAM_TimeLimit                               599.83952155099996
Tried aggregator 1 time.
MIP Presolve eliminated 222 rows and 828 columns.
MIP Presolve modified 1 coefficients.
Reduced MIP has 1239 rows, 1656 columns, and 12931 nonzeros.
Reduced MIP has 1656 binaries, 0 generals, 0 SOSs, and 0 indicators.
Presolve time = 0.01 sec. (7.56 ticks)
Found incumbent of value 0.000000 after 0.04 sec. (21.91 ticks)

Root node processing (before b&c):
  Real time             =    0.04 sec. (22.00 ticks)
Sequential b&c:
  Real time             =    0.00 sec. (0.00 ticks)
                          ------------
Total (root+branch&cut) =    0.04 sec. (22.00 ticks)
Primal:	207
Dual:	207
Status:	Optimal
Time:	0.209864
Sequence:
	4
	1
	9
	1
	9
	4
	9
	9
	1
	9
	4
	9
	9
	9
	2
	6
	4
	1
	9
	1
	4
	6
	0
	1
	9
	1
	9
	6
	4
	0
	4
	9
	6
	4
	1
	2
	9
	9
	4
	9
	1
	4
	9
	4
	10
	9
	9
	4
	4
	1
	9
	4
	9
	6
	0
	1
	9
	9
	4
	4
	10
	9
	4
	9
	6
	0
	4
	9
	1
	9
	0
	6
	9
	1
	9
	4
	6
	9
	4
	2
	10
	9
	9
	9
	0
	1
	9
	9
	9
	9
	9
	1
	9
	4
	1
	2
	9
	4
	9
	6
	9
	1
	4
	4
	9
	9
	1
	9
	9
	1
	9
	4
	6
	0
	1
	9
	6
	4
	9
	9
	10
	4
	1
	4
	6
	0
	1
	9
	9
	4
	9
	9
	6
	9
	4
	9
	4
	9
	1
	4
	9
	10
	0
	1
	4
	4
	1
	4
	0
	1
	4
	9
	10
	9
	2
	9
	1
	9
	9
	1
	9
	10
	9
	9
	6
	4
	0
	4
	9
	1
	9
	9
	1
	0
	1
	4
	9
	6
	9
	0
	9
	5
	9
	6
	9
	1
	4
	4
	9
	0
	9
	9
	4
	4
	1
	4
	4
	0
	6
	9
	4
	9
	9
	6
	4
	9
	9
