Version identifier: 22.1.0.0 | 2022-03-09 | 1a383f8ce
CPXPARAM_Threads                                 1
CPXPARAM_MIP_Strategy_VariableSelect             3
CPXPARAM_TimeLimit                               599.99604928500003
Found incumbent of value 0.000000 after 0.00 sec. (0.28 ticks)

Root node processing (before b&c):
  Real time             =    0.00 sec. (0.31 ticks)
Sequential b&c:
  Real time             =    0.00 sec. (0.00 ticks)
                          ------------
Total (root+branch&cut) =    0.00 sec. (0.31 ticks)
Version identifier: 22.1.0.0 | 2022-03-09 | 1a383f8ce
CPXPARAM_Threads                                 1
CPXPARAM_MIP_Strategy_VariableSelect             3
CPXPARAM_TimeLimit                               599.97241314200005
Found incumbent of value 0.000000 after 0.00 sec. (0.33 ticks)

Root node processing (before b&c):
  Real time             =    0.00 sec. (0.37 ticks)
Sequential b&c:
  Real time             =    0.00 sec. (0.00 ticks)
                          ------------
Total (root+branch&cut) =    0.00 sec. (0.37 ticks)
Version identifier: 22.1.0.0 | 2022-03-09 | 1a383f8ce
CPXPARAM_Threads                                 1
CPXPARAM_MIP_Strategy_VariableSelect             3
CPXPARAM_TimeLimit                               599.95057727599999
Tried aggregator 1 time.
MIP Presolve eliminated 18 rows and 428 columns.
MIP Presolve modified 1 coefficients.
Reduced MIP has 1492 rows, 2140 columns, and 19276 nonzeros.
Reduced MIP has 2140 binaries, 0 generals, 0 SOSs, and 0 indicators.
Presolve time = 0.02 sec. (10.62 ticks)
Probing time = 0.00 sec. (2.56 ticks)
Tried aggregator 1 time.
Detecting symmetries...
Reduced MIP has 1492 rows, 2140 columns, and 19276 nonzeros.
Reduced MIP has 2140 binaries, 0 generals, 0 SOSs, and 0 indicators.
Presolve time = 0.02 sec. (12.21 ticks)
Probing time = 0.00 sec. (2.56 ticks)
Clique table members: 1059.
MIP emphasis: balance optimality and feasibility.
MIP search method: dynamic search.
Parallel mode: none, using 1 thread.
Root relaxation solution time = 0.02 sec. (13.81 ticks)

        Nodes                                         Cuts/
   Node  Left     Objective  IInf  Best Integer    Best Bound    ItCnt     Gap

      0     0        0.0000    95                      0.0000      357         
*     0+    0                            0.0000        0.0000             0.00%
      0     0        cutoff              0.0000        0.0000      357    0.00%
Elapsed time = 0.19 sec. (128.09 ticks, tree = 0.01 MB, solutions = 1)

Root node processing (before b&c):
  Real time             =    0.19 sec. (128.17 ticks)
Sequential b&c:
  Real time             =    0.00 sec. (0.00 ticks)
                          ------------
Total (root+branch&cut) =    0.19 sec. (128.17 ticks)
Version identifier: 22.1.0.0 | 2022-03-09 | 1a383f8ce
CPXPARAM_Threads                                 1
CPXPARAM_MIP_Strategy_VariableSelect             3
CPXPARAM_TimeLimit                               599.74272071500002
Tried aggregator 1 time.
MIP Presolve eliminated 18 rows and 444 columns.
MIP Presolve modified 1 coefficients.
Reduced MIP has 1548 rows, 2220 columns, and 20004 nonzeros.
Reduced MIP has 2220 binaries, 0 generals, 0 SOSs, and 0 indicators.
Presolve time = 0.02 sec. (11.02 ticks)
Probing time = 0.00 sec. (2.57 ticks)
Tried aggregator 1 time.
Detecting symmetries...
Reduced MIP has 1548 rows, 2220 columns, and 20004 nonzeros.
Reduced MIP has 2220 binaries, 0 generals, 0 SOSs, and 0 indicators.
Presolve time = 0.02 sec. (12.66 ticks)
Probing time = 0.00 sec. (2.57 ticks)
Clique table members: 1099.
MIP emphasis: balance optimality and feasibility.
MIP search method: dynamic search.
Parallel mode: none, using 1 thread.
Root relaxation solution time = 0.02 sec. (16.57 ticks)

        Nodes                                         Cuts/
   Node  Left     Objective  IInf  Best Integer    Best Bound    ItCnt     Gap

      0     0        0.0000   165                      0.0000      437         
*     0+    0                            0.0000        0.0000             0.00%
      0     0        cutoff              0.0000        0.0000      437    0.00%
Elapsed time = 0.21 sec. (150.50 ticks, tree = 0.01 MB, solutions = 1)

Root node processing (before b&c):
  Real time             =    0.21 sec. (150.58 ticks)
Sequential b&c:
  Real time             =    0.00 sec. (0.00 ticks)
                          ------------
Total (root+branch&cut) =    0.21 sec. (150.58 ticks)
Version identifier: 22.1.0.0 | 2022-03-09 | 1a383f8ce
CPXPARAM_Threads                                 1
CPXPARAM_MIP_Strategy_VariableSelect             3
CPXPARAM_TimeLimit                               599.51191364800002
Tried aggregator 1 time.
MIP Presolve eliminated 18 rows and 452 columns.
MIP Presolve modified 1 coefficients.
Reduced MIP has 1576 rows, 2260 columns, and 20368 nonzeros.
Reduced MIP has 2260 binaries, 0 generals, 0 SOSs, and 0 indicators.
Presolve time = 0.02 sec. (11.21 ticks)
Probing time = 0.00 sec. (2.58 ticks)
Tried aggregator 1 time.
Detecting symmetries...
Reduced MIP has 1576 rows, 2260 columns, and 20368 nonzeros.
Reduced MIP has 2260 binaries, 0 generals, 0 SOSs, and 0 indicators.
Presolve time = 0.02 sec. (12.89 ticks)
Probing time = 0.00 sec. (2.58 ticks)
Clique table members: 1119.
MIP emphasis: balance optimality and feasibility.
MIP search method: dynamic search.
Parallel mode: none, using 1 thread.
Root relaxation solution time = 0.02 sec. (19.12 ticks)

        Nodes                                         Cuts/
   Node  Left     Objective  IInf  Best Integer    Best Bound    ItCnt     Gap

      0     0        0.0000   201                      0.0000      497         
*     0+    0                            0.0000        0.0000             0.00%
      0     0        cutoff              0.0000        0.0000      497    0.00%
Elapsed time = 0.22 sec. (168.37 ticks, tree = 0.01 MB, solutions = 1)

Root node processing (before b&c):
  Real time             =    0.22 sec. (168.46 ticks)
Sequential b&c:
  Real time             =    0.00 sec. (0.00 ticks)
                          ------------
Total (root+branch&cut) =    0.22 sec. (168.46 ticks)
Version identifier: 22.1.0.0 | 2022-03-09 | 1a383f8ce
CPXPARAM_Threads                                 1
CPXPARAM_MIP_Strategy_VariableSelect             3
CPXPARAM_TimeLimit                               599.27202903299997
Tried aggregator 1 time.
MIP Presolve eliminated 18 rows and 456 columns.
MIP Presolve modified 1 coefficients.
Reduced MIP has 1590 rows, 2280 columns, and 20550 nonzeros.
Reduced MIP has 2280 binaries, 0 generals, 0 SOSs, and 0 indicators.
Presolve time = 0.03 sec. (11.30 ticks)
Probing time = 0.01 sec. (2.59 ticks)
Tried aggregator 1 time.
Detecting symmetries...
Reduced MIP has 1590 rows, 2280 columns, and 20550 nonzeros.
Reduced MIP has 2280 binaries, 0 generals, 0 SOSs, and 0 indicators.
Presolve time = 0.02 sec. (13.00 ticks)
Probing time = 0.00 sec. (2.59 ticks)
Clique table members: 1129.
MIP emphasis: balance optimality and feasibility.
MIP search method: dynamic search.
Parallel mode: none, using 1 thread.
Root relaxation solution time = 0.02 sec. (14.86 ticks)

        Nodes                                         Cuts/
   Node  Left     Objective  IInf  Best Integer    Best Bound    ItCnt     Gap

      0     0        0.0000    82                      0.0000      415         
*     0+    0                            0.0000        0.0000             0.00%
      0     0        cutoff              0.0000        0.0000      415    0.00%
Elapsed time = 0.23 sec. (135.84 ticks, tree = 0.01 MB, solutions = 1)

Root node processing (before b&c):
  Real time             =    0.23 sec. (135.92 ticks)
Sequential b&c:
  Real time             =    0.00 sec. (0.00 ticks)
                          ------------
Total (root+branch&cut) =    0.23 sec. (135.92 ticks)
Version identifier: 22.1.0.0 | 2022-03-09 | 1a383f8ce
CPXPARAM_Threads                                 1
CPXPARAM_MIP_Strategy_VariableSelect             3
CPXPARAM_TimeLimit                               599.01777246799998
Tried aggregator 1 time.
MIP Presolve eliminated 18 rows and 458 columns.
MIP Presolve modified 1 coefficients.
Reduced MIP has 1597 rows, 2290 columns, and 20641 nonzeros.
Reduced MIP has 2290 binaries, 0 generals, 0 SOSs, and 0 indicators.
Presolve time = 0.01 sec. (11.34 ticks)
Probing time = 0.00 sec. (2.59 ticks)
Tried aggregator 1 time.
Detecting symmetries...
Reduced MIP has 1597 rows, 2290 columns, and 20641 nonzeros.
Reduced MIP has 2290 binaries, 0 generals, 0 SOSs, and 0 indicators.
Presolve time = 0.01 sec. (13.04 ticks)
Probing time = 0.00 sec. (2.59 ticks)
Clique table members: 1134.
MIP emphasis: balance optimality and feasibility.
MIP search method: dynamic search.
Parallel mode: none, using 1 thread.
Root relaxation solution time = 0.02 sec. (19.02 ticks)

        Nodes                                         Cuts/
   Node  Left     Objective  IInf  Best Integer    Best Bound    ItCnt     Gap

      0     0        0.0000   150                      0.0000      487         
*     0+    0                            0.0000        0.0000             0.00%
      0     0        cutoff              0.0000        0.0000      487    0.00%
Elapsed time = 0.19 sec. (165.71 ticks, tree = 0.01 MB, solutions = 1)

Root node processing (before b&c):
  Real time             =    0.19 sec. (165.80 ticks)
Sequential b&c:
  Real time             =    0.00 sec. (0.00 ticks)
                          ------------
Total (root+branch&cut) =    0.19 sec. (165.80 ticks)
Primal:	229
Dual:	229
Status:	Optimal
Time:	1.18408
Sequence:
	11
	9
	6
	9
	9
	9
	6
	9
	9
	9
	9
	9
	6
	9
	9
	9
	6
	9
	9
	9
	6
	9
	9
	9
	9
	5
	9
	6
	9
	9
	9
	4
	6
	9
	11
	9
	9
	6
	9
	9
	9
	6
	9
	5
	9
	9
	6
	9
	9
	9
	4
	9
	9
	6
	9
	9
	9
	6
	9
	9
	9
	1
	9
	6
	9
	9
	9
	5
	9
	6
	9
	9
	9
	9
	6
	9
	9
	9
	9
	9
	6
	9
	9
	9
	9
	6
	9
	4
	9
	11
	9
	9
	9
	6
	9
	9
	9
	9
	9
	6
	9
	10
	0
	6
	9
	5
	0
	6
	4
	11
	9
	5
	2
	4
	6
	9
	5
	0
	9
	5
	0
	9
	3
	4
	5
	9
	6
	0
	11
	9
	6
	4
	10
	4
	1
	4
	2
	6
	9
	0
	5
	9
	4
	6
	0
	4
	1
	0
	4
	6
	9
	11
	9
	4
	6
	9
	0
	5
	9
	6
	4
	11
	4
	6
	0
	5
	4
	1
	9
	4
	6
	9
	11
	4
	6
	0
	5
	9
	6
	9
	1
	9
	4
	6
	0
	1
	9
	5
	9
	10
	9
	6
	9
	3
	4
	9
	6
	4
	9
	0
	6
	4
	9
	1
	4
	6
	9
	11
	4
	9
	5
	2
	4
	6
	0
	4
	5
	9
	6
	4
	1
	0
	6
	4
	11
	4
	4
	0
	6
