Version identifier: 22.1.0.0 | 2022-03-09 | 1a383f8ce
CPXPARAM_Threads                                 1
CPXPARAM_MIP_Strategy_VariableSelect             3
CPXPARAM_TimeLimit                               599.99701849200005
Found incumbent of value 0.000000 after 0.00 sec. (0.42 ticks)

Root node processing (before b&c):
  Real time             =    0.00 sec. (0.47 ticks)
Sequential b&c:
  Real time             =    0.00 sec. (0.00 ticks)
                          ------------
Total (root+branch&cut) =    0.00 sec. (0.47 ticks)
Version identifier: 22.1.0.0 | 2022-03-09 | 1a383f8ce
CPXPARAM_Threads                                 1
CPXPARAM_MIP_Strategy_VariableSelect             3
CPXPARAM_TimeLimit                               599.97692349099998
Found incumbent of value 0.000000 after 0.00 sec. (0.51 ticks)

Root node processing (before b&c):
  Real time             =    0.00 sec. (0.58 ticks)
Sequential b&c:
  Real time             =    0.00 sec. (0.00 ticks)
                          ------------
Total (root+branch&cut) =    0.00 sec. (0.58 ticks)
Version identifier: 22.1.0.0 | 2022-03-09 | 1a383f8ce
CPXPARAM_Threads                                 1
CPXPARAM_MIP_Strategy_VariableSelect             3
CPXPARAM_TimeLimit                               599.95419367299996
Tried aggregator 1 time.
MIP Presolve eliminated 354 rows and 1348 columns.
Reduced MIP has 2017 rows, 2696 columns, and 21777 nonzeros.
Reduced MIP has 2696 binaries, 0 generals, 0 SOSs, and 0 indicators.
Presolve time = 0.02 sec. (12.75 ticks)
Probing time = 0.00 sec. (2.66 ticks)
Tried aggregator 1 time.
Detecting symmetries...
Reduced MIP has 2017 rows, 2696 columns, and 21777 nonzeros.
Reduced MIP has 2696 binaries, 0 generals, 0 SOSs, and 0 indicators.
Presolve time = 0.02 sec. (13.60 ticks)
Probing time = 0.00 sec. (2.66 ticks)
Clique table members: 1340.
MIP emphasis: balance optimality and feasibility.
MIP search method: dynamic search.
Parallel mode: none, using 1 thread.
Root relaxation solution time = 0.02 sec. (19.89 ticks)

        Nodes                                         Cuts/
   Node  Left     Objective  IInf  Best Integer    Best Bound    ItCnt     Gap

      0     0        0.0000   141                      0.0000      561         
*     0+    0                            0.0000        0.0000             0.00%
      0     0        cutoff              0.0000        0.0000      561    0.00%
Elapsed time = 0.18 sec. (145.93 ticks, tree = 0.01 MB, solutions = 1)

Root node processing (before b&c):
  Real time             =    0.18 sec. (146.05 ticks)
Sequential b&c:
  Real time             =    0.00 sec. (0.00 ticks)
                          ------------
Total (root+branch&cut) =    0.18 sec. (146.05 ticks)
Version identifier: 22.1.0.0 | 2022-03-09 | 1a383f8ce
CPXPARAM_Threads                                 1
CPXPARAM_MIP_Strategy_VariableSelect             3
CPXPARAM_TimeLimit                               599.74619220900001
Tried aggregator 1 time.
MIP Presolve eliminated 369 rows and 1408 columns.
Reduced MIP has 2107 rows, 2816 columns, and 22752 nonzeros.
Reduced MIP has 2816 binaries, 0 generals, 0 SOSs, and 0 indicators.
Presolve time = 0.02 sec. (13.32 ticks)
Probing time = 0.00 sec. (2.69 ticks)
Tried aggregator 1 time.
Detecting symmetries...
Reduced MIP has 2107 rows, 2816 columns, and 22752 nonzeros.
Reduced MIP has 2816 binaries, 0 generals, 0 SOSs, and 0 indicators.
Presolve time = 0.02 sec. (14.21 ticks)
Probing time = 0.00 sec. (2.69 ticks)
Clique table members: 1400.
MIP emphasis: balance optimality and feasibility.
MIP search method: dynamic search.
Parallel mode: none, using 1 thread.
Root relaxation solution time = 0.03 sec. (26.26 ticks)

        Nodes                                         Cuts/
   Node  Left     Objective  IInf  Best Integer    Best Bound    ItCnt     Gap

      0     0        0.0000   223                      0.0000      707         
*     0+    0                            0.0000        0.0000             0.00%
      0     0        cutoff              0.0000        0.0000      707    0.00%
Elapsed time = 0.25 sec. (180.04 ticks, tree = 0.01 MB, solutions = 1)

Root node processing (before b&c):
  Real time             =    0.25 sec. (180.17 ticks)
Sequential b&c:
  Real time             =    0.00 sec. (0.00 ticks)
                          ------------
Total (root+branch&cut) =    0.25 sec. (180.17 ticks)
Version identifier: 22.1.0.0 | 2022-03-09 | 1a383f8ce
CPXPARAM_Threads                                 1
CPXPARAM_MIP_Strategy_VariableSelect             3
CPXPARAM_TimeLimit                               599.47329099299998
Tried aggregator 1 time.
MIP Presolve eliminated 376 rows and 1436 columns.
Reduced MIP has 2149 rows, 2872 columns, and 23207 nonzeros.
Reduced MIP has 2872 binaries, 0 generals, 0 SOSs, and 0 indicators.
Presolve time = 0.02 sec. (13.58 ticks)
Probing time = 0.00 sec. (2.70 ticks)
Tried aggregator 1 time.
Detecting symmetries...
Reduced MIP has 2149 rows, 2872 columns, and 23207 nonzeros.
Reduced MIP has 2872 binaries, 0 generals, 0 SOSs, and 0 indicators.
Presolve time = 0.02 sec. (14.48 ticks)
Probing time = 0.00 sec. (2.70 ticks)
Clique table members: 1428.
MIP emphasis: balance optimality and feasibility.
MIP search method: dynamic search.
Parallel mode: none, using 1 thread.
Root relaxation solution time = 0.04 sec. (35.75 ticks)

        Nodes                                         Cuts/
   Node  Left     Objective  IInf  Best Integer    Best Bound    ItCnt     Gap

      0     0        0.0000   306                      0.0000      823         
*     0+    0                            0.0000        0.0000             0.00%
      0     0        cutoff              0.0000        0.0000      823    0.00%
Elapsed time = 0.31 sec. (246.82 ticks, tree = 0.01 MB, solutions = 1)

Root node processing (before b&c):
  Real time             =    0.31 sec. (246.95 ticks)
Sequential b&c:
  Real time             =    0.00 sec. (0.00 ticks)
                          ------------
Total (root+branch&cut) =    0.31 sec. (246.95 ticks)
Version identifier: 22.1.0.0 | 2022-03-09 | 1a383f8ce
CPXPARAM_Threads                                 1
CPXPARAM_MIP_Strategy_VariableSelect             3
CPXPARAM_TimeLimit                               599.136154304
Tried aggregator 1 time.
MIP Presolve eliminated 380 rows and 1452 columns.
Reduced MIP has 2173 rows, 2904 columns, and 23467 nonzeros.
Reduced MIP has 2904 binaries, 0 generals, 0 SOSs, and 0 indicators.
Presolve time = 0.02 sec. (13.73 ticks)
Probing time = 0.00 sec. (2.71 ticks)
Tried aggregator 1 time.
Detecting symmetries...
Reduced MIP has 2173 rows, 2904 columns, and 23467 nonzeros.
Reduced MIP has 2904 binaries, 0 generals, 0 SOSs, and 0 indicators.
Presolve time = 0.02 sec. (14.64 ticks)
Probing time = 0.00 sec. (2.71 ticks)
Clique table members: 1444.
MIP emphasis: balance optimality and feasibility.
MIP search method: dynamic search.
Parallel mode: none, using 1 thread.
Root relaxation solution time = 0.05 sec. (41.26 ticks)

        Nodes                                         Cuts/
   Node  Left     Objective  IInf  Best Integer    Best Bound    ItCnt     Gap

      0     0        0.0000   325                      0.0000      912         
*     0+    0                            0.0000        0.0000             0.00%
      0     0        cutoff              0.0000        0.0000      912    0.00%
Elapsed time = 0.31 sec. (232.91 ticks, tree = 0.01 MB, solutions = 1)

Root node processing (before b&c):
  Real time             =    0.31 sec. (233.04 ticks)
Sequential b&c:
  Real time             =    0.00 sec. (0.00 ticks)
                          ------------
Total (root+branch&cut) =    0.31 sec. (233.04 ticks)
Version identifier: 22.1.0.0 | 2022-03-09 | 1a383f8ce
CPXPARAM_Threads                                 1
CPXPARAM_MIP_Strategy_VariableSelect             3
CPXPARAM_TimeLimit                               598.79785498499996
Tried aggregator 1 time.
MIP Presolve eliminated 382 rows and 1460 columns.
Reduced MIP has 2185 rows, 2920 columns, and 23597 nonzeros.
Reduced MIP has 2920 binaries, 0 generals, 0 SOSs, and 0 indicators.
Presolve time = 0.02 sec. (13.80 ticks)
Probing time = 0.00 sec. (2.71 ticks)
Tried aggregator 1 time.
Detecting symmetries...
Reduced MIP has 2185 rows, 2920 columns, and 23597 nonzeros.
Reduced MIP has 2920 binaries, 0 generals, 0 SOSs, and 0 indicators.
Presolve time = 0.02 sec. (14.72 ticks)
Probing time = 0.00 sec. (2.71 ticks)
Clique table members: 1452.
MIP emphasis: balance optimality and feasibility.
MIP search method: dynamic search.
Parallel mode: none, using 1 thread.
Root relaxation solution time = 0.06 sec. (46.38 ticks)

        Nodes                                         Cuts/
   Node  Left     Objective  IInf  Best Integer    Best Bound    ItCnt     Gap

      0     0        0.0000   336                      0.0000     1016         
*     0+    0                            0.0000        0.0000             0.00%
      0     0        cutoff              0.0000        0.0000     1016    0.00%
Elapsed time = 0.29 sec. (227.15 ticks, tree = 0.01 MB, solutions = 1)

Root node processing (before b&c):
  Real time             =    0.29 sec. (227.28 ticks)
Sequential b&c:
  Real time             =    0.00 sec. (0.00 ticks)
                          ------------
Total (root+branch&cut) =    0.29 sec. (227.28 ticks)
Version identifier: 22.1.0.0 | 2022-03-09 | 1a383f8ce
CPXPARAM_Threads                                 1
CPXPARAM_MIP_Strategy_VariableSelect             3
CPXPARAM_TimeLimit                               598.48190429099998
Tried aggregator 1 time.
MIP Presolve eliminated 383 rows and 1464 columns.
Reduced MIP has 2191 rows, 2928 columns, and 23662 nonzeros.
Reduced MIP has 2928 binaries, 0 generals, 0 SOSs, and 0 indicators.
Presolve time = 0.02 sec. (13.85 ticks)
Probing time = 0.00 sec. (2.71 ticks)
Tried aggregator 1 time.
Detecting symmetries...
Reduced MIP has 2191 rows, 2928 columns, and 23662 nonzeros.
Reduced MIP has 2928 binaries, 0 generals, 0 SOSs, and 0 indicators.
Presolve time = 0.02 sec. (14.77 ticks)
Probing time = 0.00 sec. (2.71 ticks)
Clique table members: 1456.
MIP emphasis: balance optimality and feasibility.
MIP search method: dynamic search.
Parallel mode: none, using 1 thread.
Root relaxation solution time = 0.06 sec. (45.57 ticks)

        Nodes                                         Cuts/
   Node  Left     Objective  IInf  Best Integer    Best Bound    ItCnt     Gap

      0     0        0.0000   488                      0.0000      996         
*     0+    0                            0.0000        0.0000             0.00%
      0     0        cutoff              0.0000        0.0000      996    0.00%
Elapsed time = 0.36 sec. (250.45 ticks, tree = 0.01 MB, solutions = 1)

Root node processing (before b&c):
  Real time             =    0.36 sec. (250.58 ticks)
Sequential b&c:
  Real time             =    0.00 sec. (0.00 ticks)
                          ------------
Total (root+branch&cut) =    0.36 sec. (250.58 ticks)
Primal:	366
Dual:	366
Status:	Optimal
Time:	1.89702
Sequence:
	9
	7
	9
	5
	9
	5
	9
	7
	9
	9
	5
	9
	9
	9
	7
	9
	5
	9
	5
	9
	7
	9
	5
	9
	5
	9
	7
	9
	5
	9
	9
	5
	9
	7
	9
	5
	9
	5
	9
	7
	9
	5
	9
	5
	9
	9
	7
	9
	9
	5
	9
	5
	9
	7
	9
	9
	1
	9
	9
	7
	9
	1
	9
	5
	9
	7
	9
	5
	9
	5
	9
	5
	9
	7
	9
	1
	9
	5
	9
	7
	9
	1
	9
	9
	5
	9
	7
	9
	5
	9
	9
	5
	9
	7
	9
	5
	9
	5
	9
	7
	4
	2
	4
	5
	9
	7
	4
	1
	4
	9
	5
	9
	1
	0
	7
	9
	5
	4
	10
	0
	7
	9
	5
	9
	4
	2
	7
	9
	10
	9
	4
	5
	0
	7
	4
	1
	9
	0
	5
	4
	9
	5
	9
	7
	4
	10
	0
	9
	5
	4
	0
	7
	9
	5
	0
	9
	4
	7
	0
	9
	5
	0
	5
	9
	7
	4
	1
	9
	0
	1
	4
	7
	0
	5
	9
	5
	0
	4
	5
	0
	7
	4
	9
	1
	0
	1
	9
	0
	1
	4
	4
	1
	9
	7
	9
	5
	0
	1
	4
	7
	9
	5
	9
	5
	9
	4
	7
	2
	5
	9
	5
	9
	5
	2
	7
	9
	4
	5
	9
	10
	0
	10
	4
	7
	9
	5
	9
	4
	9
	7
	9
	0
	9
	5
	9
	7
	9
	0
	5
	9
	5
	9
	5
	9
	7
	9
	9
	5
	9
	4
	7
	9
	5
	0
	10
	9
	7
	9
	5
	9
	5
	2
	9
	5
	2
	7
	9
	5
	4
	2
	5
	9
	7
	4
	9
	5
	4
	0
	7
	4
	1
	4
	5
	0
	7
	4
	1
	9
	1
	4
	5
	9
	7
	0
	1
	4
	5
	0
	7
	9
	5
	0
	10
	4
	5
	9
	7
	0
	4
	4
	10
	0
	5
	4
	10
	4
	7
	2
	9
	10
	4
	1
	0
	9
	7
	4
	10
	9
	4
	9
	7
	0
	9
	10
	9
	4
	7
	0
	9
	1
	2
	4
	7
	9
	1
	4
	5
	2
	9
	7
	4
	9
	5
	4
	1
	4
	7
	9
	5
	0
	4
	5
	9
	5
	0
	7
