Version identifier: 22.1.0.0 | 2022-03-09 | 1a383f8ce
CPXPARAM_Threads                                 1
CPXPARAM_MIP_Strategy_VariableSelect             3
CPXPARAM_TimeLimit                               599.99653817199999
Found incumbent of value 0.000000 after 0.00 sec. (0.24 ticks)

Root node processing (before b&c):
  Real time             =    0.00 sec. (0.27 ticks)
Sequential b&c:
  Real time             =    0.00 sec. (0.00 ticks)
                          ------------
Total (root+branch&cut) =    0.00 sec. (0.27 ticks)
Version identifier: 22.1.0.0 | 2022-03-09 | 1a383f8ce
CPXPARAM_Threads                                 1
CPXPARAM_MIP_Strategy_VariableSelect             3
CPXPARAM_TimeLimit                               599.97493778499995
Found incumbent of value 0.000000 after 0.00 sec. (0.30 ticks)

Root node processing (before b&c):
  Real time             =    0.00 sec. (0.34 ticks)
Sequential b&c:
  Real time             =    0.00 sec. (0.00 ticks)
                          ------------
Total (root+branch&cut) =    0.00 sec. (0.34 ticks)
Version identifier: 22.1.0.0 | 2022-03-09 | 1a383f8ce
CPXPARAM_Threads                                 1
CPXPARAM_MIP_Strategy_VariableSelect             3
CPXPARAM_TimeLimit                               599.95409455699996
Tried aggregator 1 time.
MIP Presolve eliminated 20 rows and 1005 columns.
MIP Presolve modified 4 coefficients.
Reduced MIP has 1399 rows, 1407 columns, and 12736 nonzeros.
Reduced MIP has 1407 binaries, 0 generals, 0 SOSs, and 0 indicators.
Presolve time = 0.02 sec. (8.35 ticks)
Probing time = 0.00 sec. (2.35 ticks)
Tried aggregator 1 time.
Detecting symmetries...
Reduced MIP has 1399 rows, 1407 columns, and 12736 nonzeros.
Reduced MIP has 1407 binaries, 0 generals, 0 SOSs, and 0 indicators.
Presolve time = 0.01 sec. (7.68 ticks)
Probing time = 0.00 sec. (2.35 ticks)
Clique table members: 994.
MIP emphasis: balance optimality and feasibility.
MIP search method: dynamic search.
Parallel mode: none, using 1 thread.
Root relaxation solution time = 0.01 sec. (11.98 ticks)

        Nodes                                         Cuts/
   Node  Left     Objective  IInf  Best Integer    Best Bound    ItCnt     Gap

      0     0        0.0000   103                      0.0000      396         
*     0+    0                            0.0000        0.0000             0.00%
      0     0        cutoff              0.0000        0.0000      396    0.00%
Elapsed time = 0.14 sec. (97.78 ticks, tree = 0.01 MB, solutions = 1)

Root node processing (before b&c):
  Real time             =    0.14 sec. (97.85 ticks)
Sequential b&c:
  Real time             =    0.00 sec. (0.00 ticks)
                          ------------
Total (root+branch&cut) =    0.14 sec. (97.85 ticks)
Version identifier: 22.1.0.0 | 2022-03-09 | 1a383f8ce
CPXPARAM_Threads                                 1
CPXPARAM_MIP_Strategy_VariableSelect             3
CPXPARAM_TimeLimit                               599.79855303500005
Tried aggregator 1 time.
MIP Presolve eliminated 20 rows and 1055 columns.
MIP Presolve modified 4 coefficients.
Reduced MIP has 1469 rows, 1477 columns, and 13376 nonzeros.
Reduced MIP has 1477 binaries, 0 generals, 0 SOSs, and 0 indicators.
Presolve time = 0.01 sec. (8.75 ticks)
Probing time = 0.00 sec. (2.37 ticks)
Tried aggregator 1 time.
Detecting symmetries...
Reduced MIP has 1469 rows, 1477 columns, and 13376 nonzeros.
Reduced MIP has 1477 binaries, 0 generals, 0 SOSs, and 0 indicators.
Presolve time = 0.01 sec. (8.05 ticks)
Probing time = 0.00 sec. (2.37 ticks)
Clique table members: 1044.
MIP emphasis: balance optimality and feasibility.
MIP search method: dynamic search.
Parallel mode: none, using 1 thread.
Root relaxation solution time = 0.02 sec. (15.77 ticks)

        Nodes                                         Cuts/
   Node  Left     Objective  IInf  Best Integer    Best Bound    ItCnt     Gap

      0     0        0.0000   126                      0.0000      471         
*     0+    0                            0.0000        0.0000             0.00%
      0     0        cutoff              0.0000        0.0000      471    0.00%
Elapsed time = 0.16 sec. (125.09 ticks, tree = 0.01 MB, solutions = 1)

Root node processing (before b&c):
  Real time             =    0.16 sec. (125.17 ticks)
Sequential b&c:
  Real time             =    0.00 sec. (0.00 ticks)
                          ------------
Total (root+branch&cut) =    0.16 sec. (125.17 ticks)
Version identifier: 22.1.0.0 | 2022-03-09 | 1a383f8ce
CPXPARAM_Threads                                 1
CPXPARAM_MIP_Strategy_VariableSelect             3
CPXPARAM_TimeLimit                               599.62487822699995
Tried aggregator 1 time.
MIP Presolve eliminated 20 rows and 1080 columns.
MIP Presolve modified 4 coefficients.
Reduced MIP has 1504 rows, 1512 columns, and 13696 nonzeros.
Reduced MIP has 1512 binaries, 0 generals, 0 SOSs, and 0 indicators.
Presolve time = 0.01 sec. (8.95 ticks)
Probing time = 0.00 sec. (2.37 ticks)
Tried aggregator 1 time.
Detecting symmetries...
Reduced MIP has 1504 rows, 1512 columns, and 13696 nonzeros.
Reduced MIP has 1512 binaries, 0 generals, 0 SOSs, and 0 indicators.
Presolve time = 0.01 sec. (8.24 ticks)
Probing time = 0.00 sec. (2.37 ticks)
Clique table members: 1069.
MIP emphasis: balance optimality and feasibility.
MIP search method: dynamic search.
Parallel mode: none, using 1 thread.
Root relaxation solution time = 0.02 sec. (19.55 ticks)

        Nodes                                         Cuts/
   Node  Left     Objective  IInf  Best Integer    Best Bound    ItCnt     Gap

      0     0        0.0000   154                      0.0000      550         
*     0+    0                            0.0000        0.0000             0.00%
      0     0        cutoff              0.0000        0.0000      550    0.00%
Elapsed time = 0.21 sec. (148.96 ticks, tree = 0.01 MB, solutions = 1)

Root node processing (before b&c):
  Real time             =    0.21 sec. (149.04 ticks)
Sequential b&c:
  Real time             =    0.00 sec. (0.00 ticks)
                          ------------
Total (root+branch&cut) =    0.21 sec. (149.04 ticks)
Version identifier: 22.1.0.0 | 2022-03-09 | 1a383f8ce
CPXPARAM_Threads                                 1
CPXPARAM_MIP_Strategy_VariableSelect             3
CPXPARAM_TimeLimit                               599.40384426599996
Tried aggregator 1 time.
MIP Presolve eliminated 20 rows and 1090 columns.
MIP Presolve modified 4 coefficients.
Reduced MIP has 1518 rows, 1526 columns, and 13824 nonzeros.
Reduced MIP has 1526 binaries, 0 generals, 0 SOSs, and 0 indicators.
Presolve time = 0.01 sec. (9.03 ticks)
Probing time = 0.00 sec. (2.38 ticks)
Tried aggregator 1 time.
Detecting symmetries...
Reduced MIP has 1518 rows, 1526 columns, and 13824 nonzeros.
Reduced MIP has 1526 binaries, 0 generals, 0 SOSs, and 0 indicators.
Presolve time = 0.01 sec. (8.32 ticks)
Probing time = 0.00 sec. (2.38 ticks)
Clique table members: 1079.
MIP emphasis: balance optimality and feasibility.
MIP search method: dynamic search.
Parallel mode: none, using 1 thread.
Root relaxation solution time = 0.02 sec. (18.30 ticks)

        Nodes                                         Cuts/
   Node  Left     Objective  IInf  Best Integer    Best Bound    ItCnt     Gap

      0     0        0.0000   221                      0.0000      595         
*     0+    0                            0.0000        0.0000             0.00%
      0     0        cutoff              0.0000        0.0000      595    0.00%
Elapsed time = 0.20 sec. (155.27 ticks, tree = 0.01 MB, solutions = 1)

Root node processing (before b&c):
  Real time             =    0.20 sec. (155.35 ticks)
Sequential b&c:
  Real time             =    0.00 sec. (0.00 ticks)
                          ------------
Total (root+branch&cut) =    0.20 sec. (155.35 ticks)
Version identifier: 22.1.0.0 | 2022-03-09 | 1a383f8ce
CPXPARAM_Threads                                 1
CPXPARAM_MIP_Strategy_VariableSelect             3
CPXPARAM_TimeLimit                               599.19152747199996
Tried aggregator 1 time.
MIP Presolve eliminated 20 rows and 1095 columns.
MIP Presolve modified 4 coefficients.
Reduced MIP has 1525 rows, 1533 columns, and 13888 nonzeros.
Reduced MIP has 1533 binaries, 0 generals, 0 SOSs, and 0 indicators.
Presolve time = 0.01 sec. (9.07 ticks)
Probing time = 0.00 sec. (2.38 ticks)
Tried aggregator 1 time.
Detecting symmetries...
Reduced MIP has 1525 rows, 1533 columns, and 13888 nonzeros.
Reduced MIP has 1533 binaries, 0 generals, 0 SOSs, and 0 indicators.
Presolve time = 0.01 sec. (8.35 ticks)
Probing time = 0.00 sec. (2.38 ticks)
Clique table members: 1084.
MIP emphasis: balance optimality and feasibility.
MIP search method: dynamic search.
Parallel mode: none, using 1 thread.
Root relaxation solution time = 0.02 sec. (19.78 ticks)

        Nodes                                         Cuts/
   Node  Left     Objective  IInf  Best Integer    Best Bound    ItCnt     Gap

      0     0        0.0000   157                      0.0000      578         
*     0+    0                            0.0000        0.0000             0.00%
      0     0        cutoff              0.0000        0.0000      578    0.00%
Elapsed time = 0.17 sec. (132.32 ticks, tree = 0.01 MB, solutions = 1)

Root node processing (before b&c):
  Real time             =    0.17 sec. (132.40 ticks)
Sequential b&c:
  Real time             =    0.00 sec. (0.00 ticks)
                          ------------
Total (root+branch&cut) =    0.17 sec. (132.40 ticks)
Version identifier: 22.1.0.0 | 2022-03-09 | 1a383f8ce
CPXPARAM_Threads                                 1
CPXPARAM_MIP_Strategy_VariableSelect             3
CPXPARAM_TimeLimit                               599.00403253499996
Tried aggregator 1 time.
MIP Presolve eliminated 20 rows and 1100 columns.
MIP Presolve modified 4 coefficients.
Reduced MIP has 1532 rows, 1540 columns, and 13952 nonzeros.
Reduced MIP has 1540 binaries, 0 generals, 0 SOSs, and 0 indicators.
Presolve time = 0.02 sec. (9.12 ticks)
Probing time = 0.00 sec. (2.38 ticks)
Tried aggregator 1 time.
Detecting symmetries...
Reduced MIP has 1532 rows, 1540 columns, and 13952 nonzeros.
Reduced MIP has 1540 binaries, 0 generals, 0 SOSs, and 0 indicators.
Presolve time = 0.01 sec. (8.39 ticks)
Probing time = 0.00 sec. (2.38 ticks)
Clique table members: 1089.
MIP emphasis: balance optimality and feasibility.
MIP search method: dynamic search.
Parallel mode: none, using 1 thread.
Root relaxation solution time = 0.03 sec. (21.12 ticks)

        Nodes                                         Cuts/
   Node  Left     Objective  IInf  Best Integer    Best Bound    ItCnt     Gap

      0     0        0.0000   328                      0.0000      636         
*     0+    0                            0.0000        0.0000             0.00%
      0     0        cutoff              0.0000        0.0000      636    0.00%
Elapsed time = 0.29 sec. (181.17 ticks, tree = 0.01 MB, solutions = 1)

Root node processing (before b&c):
  Real time             =    0.29 sec. (181.25 ticks)
Sequential b&c:
  Real time             =    0.00 sec. (0.00 ticks)
                          ------------
Total (root+branch&cut) =    0.29 sec. (181.25 ticks)
Primal:	220
Dual:	220
Status:	Optimal
Time:	1.30405
Sequence:
	6
	4
	1
	9
	6
	9
	1
	4
	1
	9
	1
	9
	6
	9
	5
	9
	9
	6
	9
	5
	9
	6
	9
	9
	5
	9
	6
	9
	1
	9
	1
	9
	5
	0
	6
	9
	5
	9
	6
	9
	5
	9
	6
	0
	5
	9
	6
	4
	1
	4
	6
	9
	1
	9
	6
	9
	1
	9
	6
	9
	5
	9
	6
	9
	1
	9
	9
	6
	9
	1
	9
	6
	9
	1
	9
	1
	4
	6
	9
	1
	9
	4
	6
	9
	1
	9
	5
	4
	9
	6
	9
	5
	9
	1
	9
	6
	9
	1
	9
	1
	4
	6
	0
	1
	9
	6
	0
	1
	4
	6
	0
	1
	4
	5
	9
	0
	6
	4
	1
	4
	6
	9
	1
	4
	9
	6
	0
	4
	1
	0
	6
	4
	1
	0
	11
	4
	6
	0
	4
	1
	0
	6
	4
	1
	9
	6
	0
	1
	4
	6
	0
	1
	4
	6
	0
	5
	4
	1
	0
	6
	4
	1
	0
	6
	9
	1
	4
	6
	9
	0
	9
	6
	9
	1
	4
	0
	1
	4
	6
	0
	1
	9
	6
	9
	0
	1
	9
	6
	0
	4
	9
	6
	9
	11
	4
	6
	9
	0
	9
	6
	0
	1
	4
	4
	9
	6
	4
	1
	4
	6
	9
	1
	4
	6
	9
	1
	0
	6
	4
	1
