Version identifier: 22.1.0.0 | 2022-03-09 | 1a383f8ce
CPXPARAM_Threads                                 1
CPXPARAM_MIP_Strategy_VariableSelect             3
CPXPARAM_TimeLimit                               599.995909203
Found incumbent of value 0.000000 after 0.00 sec. (0.52 ticks)

Root node processing (before b&c):
  Real time             =    0.00 sec. (0.58 ticks)
Sequential b&c:
  Real time             =    0.00 sec. (0.00 ticks)
                          ------------
Total (root+branch&cut) =    0.00 sec. (0.58 ticks)
Version identifier: 22.1.0.0 | 2022-03-09 | 1a383f8ce
CPXPARAM_Threads                                 1
CPXPARAM_MIP_Strategy_VariableSelect             3
CPXPARAM_TimeLimit                               599.97051559700003
Tried aggregator 1 time.
MIP Presolve eliminated 353 rows and 1011 columns.
Reduced MIP has 2018 rows, 3033 columns, and 28443 nonzeros.
Reduced MIP has 3033 binaries, 0 generals, 0 SOSs, and 0 indicators.
Presolve time = 0.02 sec. (15.72 ticks)
Found incumbent of value 0.000000 after 0.08 sec. (48.71 ticks)

Root node processing (before b&c):
  Real time             =    0.08 sec. (48.87 ticks)
Sequential b&c:
  Real time             =    0.00 sec. (0.00 ticks)
                          ------------
Total (root+branch&cut) =    0.08 sec. (48.87 ticks)
Version identifier: 22.1.0.0 | 2022-03-09 | 1a383f8ce
CPXPARAM_Threads                                 1
CPXPARAM_MIP_Strategy_VariableSelect             3
CPXPARAM_TimeLimit                               599.868003929
Tried aggregator 1 time.
MIP Presolve eliminated 367 rows and 1053 columns.
Reduced MIP has 2102 rows, 3159 columns, and 29633 nonzeros.
Reduced MIP has 3159 binaries, 0 generals, 0 SOSs, and 0 indicators.
Presolve time = 0.02 sec. (16.37 ticks)
Probing time = 0.00 sec. (5.09 ticks)
Tried aggregator 1 time.
Detecting symmetries...
Reduced MIP has 2102 rows, 3159 columns, and 29633 nonzeros.
Reduced MIP has 3159 binaries, 0 generals, 0 SOSs, and 0 indicators.
Presolve time = 0.02 sec. (18.49 ticks)
Probing time = 0.00 sec. (5.09 ticks)
Clique table members: 1398.
MIP emphasis: balance optimality and feasibility.
MIP search method: dynamic search.
Parallel mode: none, using 1 thread.
Root relaxation solution time = 0.05 sec. (37.86 ticks)

        Nodes                                         Cuts/
   Node  Left     Objective  IInf  Best Integer    Best Bound    ItCnt     Gap

      0     0        0.0000   274                      0.0000      769         
*     0+    0                            0.0000        0.0000             0.00%
      0     0        cutoff              0.0000        0.0000      769    0.00%
Elapsed time = 0.23 sec. (164.72 ticks, tree = 0.01 MB, solutions = 1)

Root node processing (before b&c):
  Real time             =    0.23 sec. (164.85 ticks)
Sequential b&c:
  Real time             =    0.00 sec. (0.00 ticks)
                          ------------
Total (root+branch&cut) =    0.23 sec. (164.85 ticks)
Version identifier: 22.1.0.0 | 2022-03-09 | 1a383f8ce
CPXPARAM_Threads                                 1
CPXPARAM_MIP_Strategy_VariableSelect             3
CPXPARAM_TimeLimit                               599.61243965999995
Tried aggregator 1 time.
MIP Presolve eliminated 374 rows and 1074 columns.
Reduced MIP has 2144 rows, 3222 columns, and 30228 nonzeros.
Reduced MIP has 3222 binaries, 0 generals, 0 SOSs, and 0 indicators.
Presolve time = 0.02 sec. (16.69 ticks)
Probing time = 0.00 sec. (5.14 ticks)
Tried aggregator 1 time.
Detecting symmetries...
Reduced MIP has 2144 rows, 3222 columns, and 30228 nonzeros.
Reduced MIP has 3222 binaries, 0 generals, 0 SOSs, and 0 indicators.
Presolve time = 0.02 sec. (18.86 ticks)
Probing time = 0.00 sec. (5.14 ticks)
Clique table members: 1426.
MIP emphasis: balance optimality and feasibility.
MIP search method: dynamic search.
Parallel mode: none, using 1 thread.
Root relaxation solution time = 0.05 sec. (38.96 ticks)

        Nodes                                         Cuts/
   Node  Left     Objective  IInf  Best Integer    Best Bound    ItCnt     Gap

      0     0        0.0000   284                      0.0000      821         
*     0+    0                            0.0000        0.0000             0.00%
      0     0        cutoff              0.0000        0.0000      821    0.00%
Elapsed time = 0.27 sec. (229.81 ticks, tree = 0.01 MB, solutions = 1)

Root node processing (before b&c):
  Real time             =    0.27 sec. (229.94 ticks)
Sequential b&c:
  Real time             =    0.00 sec. (0.00 ticks)
                          ------------
Total (root+branch&cut) =    0.27 sec. (229.94 ticks)
Version identifier: 22.1.0.0 | 2022-03-09 | 1a383f8ce
CPXPARAM_Threads                                 1
CPXPARAM_MIP_Strategy_VariableSelect             3
CPXPARAM_TimeLimit                               599.318264161
Tried aggregator 1 time.
MIP Presolve eliminated 378 rows and 1086 columns.
Reduced MIP has 2168 rows, 3258 columns, and 30568 nonzeros.
Reduced MIP has 3258 binaries, 0 generals, 0 SOSs, and 0 indicators.
Presolve time = 0.02 sec. (16.88 ticks)
Probing time = 0.00 sec. (5.14 ticks)
Tried aggregator 1 time.
Detecting symmetries...
Reduced MIP has 2168 rows, 3258 columns, and 30568 nonzeros.
Reduced MIP has 3258 binaries, 0 generals, 0 SOSs, and 0 indicators.
Presolve time = 0.02 sec. (19.08 ticks)
Probing time = 0.00 sec. (5.14 ticks)
Clique table members: 1442.
MIP emphasis: balance optimality and feasibility.
MIP search method: dynamic search.
Parallel mode: none, using 1 thread.
Root relaxation solution time = 0.05 sec. (41.35 ticks)

        Nodes                                         Cuts/
   Node  Left     Objective  IInf  Best Integer    Best Bound    ItCnt     Gap

      0     0        0.0000   201                      0.0000      778         
*     0+    0                            0.0000        0.0000             0.00%
      0     0        cutoff              0.0000        0.0000      778    0.00%
Elapsed time = 0.32 sec. (273.26 ticks, tree = 0.01 MB, solutions = 1)

Root node processing (before b&c):
  Real time             =    0.32 sec. (273.40 ticks)
Sequential b&c:
  Real time             =    0.00 sec. (0.00 ticks)
                          ------------
Total (root+branch&cut) =    0.32 sec. (273.40 ticks)
Version identifier: 22.1.0.0 | 2022-03-09 | 1a383f8ce
CPXPARAM_Threads                                 1
CPXPARAM_MIP_Strategy_VariableSelect             3
CPXPARAM_TimeLimit                               598.97515904500005
Tried aggregator 1 time.
MIP Presolve eliminated 380 rows and 1092 columns.
Reduced MIP has 2180 rows, 3276 columns, and 30738 nonzeros.
Reduced MIP has 3276 binaries, 0 generals, 0 SOSs, and 0 indicators.
Presolve time = 0.02 sec. (16.97 ticks)
Probing time = 0.00 sec. (5.16 ticks)
Tried aggregator 1 time.
Detecting symmetries...
Reduced MIP has 2180 rows, 3276 columns, and 30738 nonzeros.
Reduced MIP has 3276 binaries, 0 generals, 0 SOSs, and 0 indicators.
Presolve time = 0.02 sec. (19.18 ticks)
Probing time = 0.00 sec. (5.16 ticks)
Clique table members: 1450.
MIP emphasis: balance optimality and feasibility.
MIP search method: dynamic search.
Parallel mode: none, using 1 thread.
Root relaxation solution time = 0.06 sec. (50.02 ticks)

        Nodes                                         Cuts/
   Node  Left     Objective  IInf  Best Integer    Best Bound    ItCnt     Gap

      0     0        0.0000   398                      0.0000      877         
*     0+    0                            0.0000        0.0000             0.00%
      0     0        cutoff              0.0000        0.0000      877    0.00%
Elapsed time = 0.33 sec. (275.08 ticks, tree = 0.01 MB, solutions = 1)

Root node processing (before b&c):
  Real time             =    0.33 sec. (275.22 ticks)
Sequential b&c:
  Real time             =    0.00 sec. (0.00 ticks)
                          ------------
Total (root+branch&cut) =    0.33 sec. (275.22 ticks)
Version identifier: 22.1.0.0 | 2022-03-09 | 1a383f8ce
CPXPARAM_Threads                                 1
CPXPARAM_MIP_Strategy_VariableSelect             3
CPXPARAM_TimeLimit                               598.61920587700001
Tried aggregator 1 time.
MIP Presolve eliminated 381 rows and 1095 columns.
Reduced MIP has 2186 rows, 3285 columns, and 30823 nonzeros.
Reduced MIP has 3285 binaries, 0 generals, 0 SOSs, and 0 indicators.
Presolve time = 0.02 sec. (17.01 ticks)
Probing time = 0.00 sec. (5.18 ticks)
Tried aggregator 1 time.
Detecting symmetries...
Reduced MIP has 2186 rows, 3285 columns, and 30823 nonzeros.
Reduced MIP has 3285 binaries, 0 generals, 0 SOSs, and 0 indicators.
Presolve time = 0.02 sec. (19.22 ticks)
Probing time = 0.00 sec. (5.18 ticks)
Clique table members: 1454.
MIP emphasis: balance optimality and feasibility.
MIP search method: dynamic search.
Parallel mode: none, using 1 thread.
Root relaxation solution time = 0.06 sec. (51.74 ticks)

        Nodes                                         Cuts/
   Node  Left     Objective  IInf  Best Integer    Best Bound    ItCnt     Gap

      0     0        0.0000   385                      0.0000      871         
*     0+    0                            0.0000        0.0000             0.00%
      0     0        cutoff              0.0000        0.0000      871    0.00%
Elapsed time = 0.34 sec. (278.60 ticks, tree = 0.01 MB, solutions = 1)

Root node processing (before b&c):
  Real time             =    0.34 sec. (278.73 ticks)
Sequential b&c:
  Real time             =    0.00 sec. (0.00 ticks)
                          ------------
Total (root+branch&cut) =    0.34 sec. (278.73 ticks)
Primal:	365
Dual:	365
Status:	Optimal
Time:	1.73645
Sequence:
	3
	9
	9
	9
	9
	9
	9
	3
	4
	9
	9
	5
	9
	7
	9
	5
	9
	9
	9
	7
	9
	9
	4
	9
	4
	7
	9
	9
	9
	9
	9
	7
	9
	9
	9
	9
	4
	7
	9
	9
	9
	9
	9
	9
	7
	9
	9
	9
	9
	9
	7
	9
	4
	9
	9
	9
	7
	9
	9
	9
	9
	9
	4
	7
	9
	9
	5
	9
	5
	9
	4
	7
	9
	9
	9
	5
	9
	9
	7
	9
	9
	5
	9
	4
	9
	9
	9
	4
	9
	9
	7
	4
	9
	9
	4
	9
	4
	7
	9
	9
	4
	5
	0
	4
	5
	0
	7
	4
	1
	9
	4
	0
	7
	4
	9
	9
	4
	5
	0
	7
	9
	0
	5
	9
	4
	1
	0
	7
	4
	0
	4
	5
	0
	7
	9
	4
	0
	4
	9
	7
	9
	0
	5
	4
	1
	4
	3
	0
	1
	4
	0
	4
	7
	0
	4
	5
	0
	4
	7
	9
	0
	4
	1
	0
	7
	4
	1
	0
	5
	9
	7
	0
	4
	5
	0
	4
	7
	0
	4
	4
	0
	4
	7
	9
	4
	0
	1
	4
	11
	0
	4
	5
	0
	4
	7
	9
	4
	4
	1
	0
	7
	9
	0
	1
	4
	0
	7
	4
	0
	4
	5
	9
	7
	4
	0
	4
	4
	1
	0
	7
	4
	0
	5
	4
	9
	7
	0
	5
	4
	0
	5
	9
	7
	4
	2
	5
	4
	0
	7
	9
	5
	0
	4
	5
	0
	3
	4
	9
	5
	9
	4
	0
	7
	4
	0
	4
	5
	0
	4
	7
	9
	4
	0
	5
	9
	7
	4
	1
	0
	9
	5
	0
	4
	4
	0
	7
	4
	1
	4
	5
	0
	3
	4
	0
	9
	4
	0
	7
	4
	1
	0
	5
	9
	7
	9
	0
	5
	9
	9
	3
	4
	5
	0
	4
	9
	7
	0
	5
	9
	5
	4
	0
	7
	4
	0
	5
	4
	0
	7
	4
	1
	9
	5
	0
	7
	4
	0
	5
	4
	0
	4
	7
	9
	4
	5
	0
	9
	3
	9
	9
	5
	0
	9
	7
	0
	5
	4
	0
	1
	4
	0
	7
	9
	5
	4
	9
	0
	7
	9
	0
	5
	4
	0
	7
	4
