Version identifier: 22.1.0.0 | 2022-03-09 | 1a383f8ce
CPXPARAM_Threads                                 1
CPXPARAM_MIP_Strategy_VariableSelect             3
CPXPARAM_TimeLimit                               599.99838953899996
Found incumbent of value 0.000000 after 0.00 sec. (0.22 ticks)

Root node processing (before b&c):
  Real time             =    0.00 sec. (0.25 ticks)
Sequential b&c:
  Real time             =    0.00 sec. (0.00 ticks)
                          ------------
Total (root+branch&cut) =    0.00 sec. (0.25 ticks)
Version identifier: 22.1.0.0 | 2022-03-09 | 1a383f8ce
CPXPARAM_Threads                                 1
CPXPARAM_MIP_Strategy_VariableSelect             3
CPXPARAM_TimeLimit                               599.98704534399997
Found incumbent of value 0.000000 after 0.00 sec. (0.29 ticks)

Root node processing (before b&c):
  Real time             =    0.00 sec. (0.32 ticks)
Sequential b&c:
  Real time             =    0.00 sec. (0.00 ticks)
                          ------------
Total (root+branch&cut) =    0.00 sec. (0.32 ticks)
Version identifier: 22.1.0.0 | 2022-03-09 | 1a383f8ce
CPXPARAM_Threads                                 1
CPXPARAM_MIP_Strategy_VariableSelect             3
CPXPARAM_TimeLimit                               599.97407751499998
Tried aggregator 1 time.
MIP Presolve eliminated 18 rows and 384 columns.
MIP Presolve modified 1 coefficients.
Reduced MIP has 1338 rows, 1920 columns, and 17844 nonzeros.
Reduced MIP has 1920 binaries, 0 generals, 0 SOSs, and 0 indicators.
Presolve time = 0.01 sec. (11.57 ticks)
Probing time = 0.00 sec. (4.07 ticks)
Tried aggregator 1 time.
Detecting symmetries...
Reduced MIP has 1338 rows, 1920 columns, and 17844 nonzeros.
Reduced MIP has 1920 binaries, 0 generals, 0 SOSs, and 0 indicators.
Presolve time = 0.01 sec. (13.02 ticks)
Probing time = 0.00 sec. (4.07 ticks)
Clique table members: 950.
MIP emphasis: balance optimality and feasibility.
MIP search method: dynamic search.
Parallel mode: none, using 1 thread.
Root relaxation solution time = 0.01 sec. (10.69 ticks)

        Nodes                                         Cuts/
   Node  Left     Objective  IInf  Best Integer    Best Bound    ItCnt     Gap

      0     0        0.0000    50                      0.0000      300         
*     0+    0                            0.0000        0.0000             0.00%
      0     0        cutoff              0.0000        0.0000      300    0.00%
Elapsed time = 0.11 sec. (95.02 ticks, tree = 0.01 MB, solutions = 1)

Root node processing (before b&c):
  Real time             =    0.11 sec. (95.09 ticks)
Sequential b&c:
  Real time             =    0.00 sec. (0.00 ticks)
                          ------------
Total (root+branch&cut) =    0.11 sec. (95.09 ticks)
Version identifier: 22.1.0.0 | 2022-03-09 | 1a383f8ce
CPXPARAM_Threads                                 1
CPXPARAM_MIP_Strategy_VariableSelect             3
CPXPARAM_TimeLimit                               599.85090355399996
Tried aggregator 1 time.
MIP Presolve eliminated 18 rows and 404 columns.
MIP Presolve modified 1 coefficients.
Reduced MIP has 1408 rows, 2020 columns, and 18784 nonzeros.
Reduced MIP has 2020 binaries, 0 generals, 0 SOSs, and 0 indicators.
Presolve time = 0.01 sec. (12.23 ticks)
Found incumbent of value 0.000000 after 0.04 sec. (34.17 ticks)

Root node processing (before b&c):
  Real time             =    0.05 sec. (34.26 ticks)
Sequential b&c:
  Real time             =    0.00 sec. (0.00 ticks)
                          ------------
Total (root+branch&cut) =    0.05 sec. (34.26 ticks)
Version identifier: 22.1.0.0 | 2022-03-09 | 1a383f8ce
CPXPARAM_Threads                                 1
CPXPARAM_MIP_Strategy_VariableSelect             3
CPXPARAM_TimeLimit                               599.79086399899995
Tried aggregator 1 time.
MIP Presolve eliminated 18 rows and 414 columns.
MIP Presolve modified 1 coefficients.
Reduced MIP has 1443 rows, 2070 columns, and 19254 nonzeros.
Reduced MIP has 2070 binaries, 0 generals, 0 SOSs, and 0 indicators.
Presolve time = 0.02 sec. (12.57 ticks)
Probing time = 0.00 sec. (4.17 ticks)
Tried aggregator 1 time.
Detecting symmetries...
Reduced MIP has 1443 rows, 2070 columns, and 19254 nonzeros.
Reduced MIP has 2070 binaries, 0 generals, 0 SOSs, and 0 indicators.
Presolve time = 0.01 sec. (14.15 ticks)
Probing time = 0.00 sec. (4.17 ticks)
Clique table members: 1025.
MIP emphasis: balance optimality and feasibility.
MIP search method: dynamic search.
Parallel mode: none, using 1 thread.
Root relaxation solution time = 0.02 sec. (16.77 ticks)

        Nodes                                         Cuts/
   Node  Left     Objective  IInf  Best Integer    Best Bound    ItCnt     Gap

      0     0        0.0000   106                      0.0000      446         
*     0+    0                            0.0000        0.0000             0.00%
      0     0        cutoff              0.0000        0.0000      446    0.00%
Elapsed time = 0.13 sec. (109.11 ticks, tree = 0.01 MB, solutions = 1)

Root node processing (before b&c):
  Real time             =    0.13 sec. (109.19 ticks)
Sequential b&c:
  Real time             =    0.00 sec. (0.00 ticks)
                          ------------
Total (root+branch&cut) =    0.13 sec. (109.19 ticks)
Version identifier: 22.1.0.0 | 2022-03-09 | 1a383f8ce
CPXPARAM_Threads                                 1
CPXPARAM_MIP_Strategy_VariableSelect             3
CPXPARAM_TimeLimit                               599.64810468799999
Tried aggregator 1 time.
MIP Presolve eliminated 18 rows and 418 columns.
MIP Presolve modified 1 coefficients.
Reduced MIP has 1457 rows, 2090 columns, and 19442 nonzeros.
Reduced MIP has 2090 binaries, 0 generals, 0 SOSs, and 0 indicators.
Presolve time = 0.02 sec. (12.71 ticks)
Probing time = 0.00 sec. (4.21 ticks)
Tried aggregator 1 time.
Detecting symmetries...
Reduced MIP has 1457 rows, 2090 columns, and 19442 nonzeros.
Reduced MIP has 2090 binaries, 0 generals, 0 SOSs, and 0 indicators.
Presolve time = 0.01 sec. (14.30 ticks)
Probing time = 0.00 sec. (4.21 ticks)
Clique table members: 1035.
MIP emphasis: balance optimality and feasibility.
MIP search method: dynamic search.
Parallel mode: none, using 1 thread.
Root relaxation solution time = 0.02 sec. (14.60 ticks)

        Nodes                                         Cuts/
   Node  Left     Objective  IInf  Best Integer    Best Bound    ItCnt     Gap

      0     0        0.0000   128                      0.0000      400         
*     0+    0                            0.0000        0.0000             0.00%
      0     0        cutoff              0.0000        0.0000      400    0.00%
Elapsed time = 0.18 sec. (140.03 ticks, tree = 0.01 MB, solutions = 1)

Root node processing (before b&c):
  Real time             =    0.18 sec. (140.11 ticks)
Sequential b&c:
  Real time             =    0.00 sec. (0.00 ticks)
                          ------------
Total (root+branch&cut) =    0.18 sec. (140.11 ticks)
Version identifier: 22.1.0.0 | 2022-03-09 | 1a383f8ce
CPXPARAM_Threads                                 1
CPXPARAM_MIP_Strategy_VariableSelect             3
CPXPARAM_TimeLimit                               599.45257972499996
Tried aggregator 1 time.
MIP Presolve eliminated 18 rows and 420 columns.
MIP Presolve modified 1 coefficients.
Reduced MIP has 1464 rows, 2100 columns, and 19536 nonzeros.
Reduced MIP has 2100 binaries, 0 generals, 0 SOSs, and 0 indicators.
Presolve time = 0.02 sec. (12.78 ticks)
Probing time = 0.00 sec. (4.23 ticks)
Tried aggregator 1 time.
Detecting symmetries...
Reduced MIP has 1464 rows, 2100 columns, and 19536 nonzeros.
Reduced MIP has 2100 binaries, 0 generals, 0 SOSs, and 0 indicators.
Presolve time = 0.01 sec. (14.39 ticks)
Probing time = 0.00 sec. (4.23 ticks)
Clique table members: 1040.
MIP emphasis: balance optimality and feasibility.
MIP search method: dynamic search.
Parallel mode: none, using 1 thread.
Root relaxation solution time = 0.02 sec. (15.94 ticks)

        Nodes                                         Cuts/
   Node  Left     Objective  IInf  Best Integer    Best Bound    ItCnt     Gap

      0     0        0.0000   131                      0.0000      421         
*     0+    0                            0.0000        0.0000             0.00%
      0     0        cutoff              0.0000        0.0000      421    0.00%
Elapsed time = 0.19 sec. (162.00 ticks, tree = 0.01 MB, solutions = 1)

Root node processing (before b&c):
  Real time             =    0.19 sec. (162.08 ticks)
Sequential b&c:
  Real time             =    0.00 sec. (0.00 ticks)
                          ------------
Total (root+branch&cut) =    0.19 sec. (162.08 ticks)
Version identifier: 22.1.0.0 | 2022-03-09 | 1a383f8ce
CPXPARAM_Threads                                 1
CPXPARAM_MIP_Strategy_VariableSelect             3
CPXPARAM_TimeLimit                               599.24418944900003
Tried aggregator 1 time.
MIP Presolve eliminated 18 rows and 422 columns.
MIP Presolve modified 1 coefficients.
Reduced MIP has 1471 rows, 2110 columns, and 19630 nonzeros.
Reduced MIP has 2110 binaries, 0 generals, 0 SOSs, and 0 indicators.
Presolve time = 0.02 sec. (12.84 ticks)
Probing time = 0.00 sec. (4.21 ticks)
Tried aggregator 1 time.
Detecting symmetries...
Reduced MIP has 1471 rows, 2110 columns, and 19630 nonzeros.
Reduced MIP has 2110 binaries, 0 generals, 0 SOSs, and 0 indicators.
Presolve time = 0.01 sec. (14.45 ticks)
Probing time = 0.00 sec. (4.21 ticks)
Clique table members: 1045.
MIP emphasis: balance optimality and feasibility.
MIP search method: dynamic search.
Parallel mode: none, using 1 thread.
Root relaxation solution time = 0.02 sec. (17.94 ticks)

        Nodes                                         Cuts/
   Node  Left     Objective  IInf  Best Integer    Best Bound    ItCnt     Gap

      0     0        0.0000   168                      0.0000      468         
*     0+    0                            0.0000        0.0000             0.00%
      0     0        cutoff              0.0000        0.0000      468    0.00%
Elapsed time = 0.21 sec. (166.37 ticks, tree = 0.01 MB, solutions = 1)

Root node processing (before b&c):
  Real time             =    0.21 sec. (166.45 ticks)
Sequential b&c:
  Real time             =    0.00 sec. (0.00 ticks)
                          ------------
Total (root+branch&cut) =    0.21 sec. (166.45 ticks)
Primal:	211
Dual:	211
Status:	Optimal
Time:	0.974938
Sequence:
	4
	10
	4
	2
	9
	6
	2
	5
	9
	4
	6
	9
	9
	10
	9
	4
	9
	9
	6
	4
	9
	5
	9
	6
	4
	9
	4
	10
	4
	1
	9
	4
	6
	9
	11
	9
	9
	6
	9
	5
	9
	4
	6
	9
	9
	5
	9
	5
	9
	4
	9
	6
	4
	9
	9
	4
	9
	9
	4
	6
	9
	9
	9
	4
	1
	9
	6
	9
	1
	4
	2
	6
	9
	1
	9
	6
	4
	10
	9
	4
	6
	9
	9
	4
	0
	6
	4
	0
	4
	9
	1
	4
	4
	10
	4
	1
	4
	9
	10
	0
	5
	9
	4
	0
	6
	9
	4
	5
	0
	4
	4
	9
	6
	0
	4
	1
	0
	9
	11
	0
	6
	4
	1
	4
	5
	0
	6
	9
	4
	5
	0
	4
	9
	6
	0
	9
	1
	0
	6
	4
	1
	0
	4
	10
	4
	0
	6
	9
	4
	9
	11
	4
	6
	0
	1
	4
	4
	1
	0
	4
	10
	4
	0
	7
	4
	0
	1
	4
	9
	6
	0
	4
	1
	4
	1
	0
	4
	1
	0
	4
	10
	9
	6
	4
	1
	0
	11
	4
	6
	0
	5
	4
	1
	4
	6
	0
	5
	9
	6
	0
	1
	4
	0
	6
	4
	0
	5
	4
	10
	4
	4
