Version identifier: 22.1.1.0 | 2022-11-28 | 9160aff4d
CPXPARAM_Threads                                 1
CPXPARAM_MIP_Strategy_VariableSelect             3
CPXPARAM_TimeLimit                               599.99770827400005
Found incumbent of value 0.000000 after 0.00 sec. (0.61 ticks)

Root node processing (before b&c):
  Real time             =    0.00 sec. (0.69 ticks)
Sequential b&c:
  Real time             =    0.00 sec. (0.00 ticks)
                          ------------
Total (root+branch&cut) =    0.00 sec. (0.69 ticks)
Version identifier: 22.1.1.0 | 2022-11-28 | 9160aff4d
CPXPARAM_Threads                                 1
CPXPARAM_MIP_Strategy_VariableSelect             3
CPXPARAM_TimeLimit                               599.97926987000005
Found incumbent of value 0.000000 after 0.00 sec. (0.76 ticks)

Root node processing (before b&c):
  Real time             =    0.00 sec. (0.87 ticks)
Sequential b&c:
  Real time             =    0.00 sec. (0.00 ticks)
                          ------------
Total (root+branch&cut) =    0.00 sec. (0.87 ticks)
Version identifier: 22.1.1.0 | 2022-11-28 | 9160aff4d
CPXPARAM_Threads                                 1
CPXPARAM_MIP_Strategy_VariableSelect             3
CPXPARAM_TimeLimit                               599.957900989
Tried aggregator 1 time.
MIP Presolve eliminated 561 rows and 548 columns.
MIP Presolve modified 2 coefficients.
Reduced MIP has 2739 rows, 6028 columns, and 48556 nonzeros.
Reduced MIP has 6028 binaries, 0 generals, 0 SOSs, and 0 indicators.
Presolve time = 0.02 sec. (37.57 ticks)
Found incumbent of value 0.000000 after 0.07 sec. (100.79 ticks)

Root node processing (before b&c):
  Real time             =    0.07 sec. (101.04 ticks)
Sequential b&c:
  Real time             =    0.00 sec. (0.00 ticks)
                          ------------
Total (root+branch&cut) =    0.07 sec. (101.04 ticks)
Version identifier: 22.1.1.0 | 2022-11-28 | 9160aff4d
CPXPARAM_Threads                                 1
CPXPARAM_MIP_Strategy_VariableSelect             3
CPXPARAM_TimeLimit                               599.864440597
Tried aggregator 1 time.
MIP Presolve eliminated 587 rows and 574 columns.
MIP Presolve modified 2 coefficients.
Reduced MIP has 2869 rows, 6314 columns, and 50870 nonzeros.
Reduced MIP has 6314 binaries, 0 generals, 0 SOSs, and 0 indicators.
Presolve time = 0.03 sec. (39.94 ticks)
Probing time = 0.00 sec. (6.47 ticks)
Tried aggregator 1 time.
Detecting symmetries...
Reduced MIP has 2869 rows, 6314 columns, and 50870 nonzeros.
Reduced MIP has 6314 binaries, 0 generals, 0 SOSs, and 0 indicators.
Presolve time = 0.03 sec. (45.03 ticks)
Probing time = 0.00 sec. (6.47 ticks)
Clique table members: 1716.
MIP emphasis: balance optimality and feasibility.
MIP search method: dynamic search.
Parallel mode: none, using 1 thread.
Root relaxation solution time = 0.02 sec. (41.96 ticks)

        Nodes                                         Cuts/
   Node  Left     Objective  IInf  Best Integer    Best Bound    ItCnt     Gap

      0     0        0.0000   138                      0.0000      785         
*     0+    0                            0.0000        0.0000             0.00%
      0     0        cutoff              0.0000        0.0000      785    0.00%
Elapsed time = 0.26 sec. (365.71 ticks, tree = 0.01 MB, solutions = 1)

Root node processing (before b&c):
  Real time             =    0.26 sec. (365.92 ticks)
Sequential b&c:
  Real time             =    0.00 sec. (0.00 ticks)
                          ------------
Total (root+branch&cut) =    0.26 sec. (365.92 ticks)
Version identifier: 22.1.1.0 | 2022-11-28 | 9160aff4d
CPXPARAM_Threads                                 1
CPXPARAM_MIP_Strategy_VariableSelect             3
CPXPARAM_TimeLimit                               599.57882297100002
Tried aggregator 1 time.
MIP Presolve eliminated 600 rows and 587 columns.
MIP Presolve modified 2 coefficients.
Reduced MIP has 2934 rows, 6457 columns, and 52027 nonzeros.
Reduced MIP has 6457 binaries, 0 generals, 0 SOSs, and 0 indicators.
Presolve time = 0.03 sec. (41.17 ticks)
Probing time = 0.00 sec. (6.54 ticks)
Tried aggregator 1 time.
Detecting symmetries...
Reduced MIP has 2934 rows, 6457 columns, and 52027 nonzeros.
Reduced MIP has 6457 binaries, 0 generals, 0 SOSs, and 0 indicators.
Presolve time = 0.03 sec. (46.38 ticks)
Probing time = 0.00 sec. (6.54 ticks)
Clique table members: 1755.
MIP emphasis: balance optimality and feasibility.
MIP search method: dynamic search.
Parallel mode: none, using 1 thread.
Root relaxation solution time = 0.04 sec. (62.92 ticks)

        Nodes                                         Cuts/
   Node  Left     Objective  IInf  Best Integer    Best Bound    ItCnt     Gap

      0     0        0.0000   279                      0.0000     1054         
*     0+    0                            0.0000        0.0000             0.00%
      0     0        cutoff              0.0000        0.0000     1054    0.00%
Elapsed time = 0.28 sec. (432.71 ticks, tree = 0.01 MB, solutions = 1)

Root node processing (before b&c):
  Real time             =    0.28 sec. (432.93 ticks)
Sequential b&c:
  Real time             =    0.00 sec. (0.00 ticks)
                          ------------
Total (root+branch&cut) =    0.28 sec. (432.93 ticks)
Version identifier: 22.1.1.0 | 2022-11-28 | 9160aff4d
CPXPARAM_Threads                                 1
CPXPARAM_MIP_Strategy_VariableSelect             3
CPXPARAM_TimeLimit                               599.27392184300004
Tried aggregator 1 time.
MIP Presolve eliminated 606 rows and 593 columns.
MIP Presolve modified 2 coefficients.
Reduced MIP has 2964 rows, 6523 columns, and 52561 nonzeros.
Reduced MIP has 6523 binaries, 0 generals, 0 SOSs, and 0 indicators.
Presolve time = 0.03 sec. (41.74 ticks)
Probing time = 0.00 sec. (6.60 ticks)
Tried aggregator 1 time.
Detecting symmetries...
Reduced MIP has 2964 rows, 6523 columns, and 52561 nonzeros.
Reduced MIP has 6523 binaries, 0 generals, 0 SOSs, and 0 indicators.
Presolve time = 0.03 sec. (47.00 ticks)
Probing time = 0.00 sec. (6.60 ticks)
Clique table members: 1773.
MIP emphasis: balance optimality and feasibility.
MIP search method: dynamic search.
Parallel mode: none, using 1 thread.
Root relaxation solution time = 0.04 sec. (63.20 ticks)

        Nodes                                         Cuts/
   Node  Left     Objective  IInf  Best Integer    Best Bound    ItCnt     Gap

      0     0        0.0000   226                      0.0000     1072         
*     0+    0                            0.0000        0.0000             0.00%
      0     0        cutoff              0.0000        0.0000     1072    0.00%
Elapsed time = 0.38 sec. (505.43 ticks, tree = 0.01 MB, solutions = 1)

Root node processing (before b&c):
  Real time             =    0.38 sec. (505.65 ticks)
Sequential b&c:
  Real time             =    0.00 sec. (0.00 ticks)
                          ------------
Total (root+branch&cut) =    0.38 sec. (505.65 ticks)
Version identifier: 22.1.1.0 | 2022-11-28 | 9160aff4d
CPXPARAM_Threads                                 1
CPXPARAM_MIP_Strategy_VariableSelect             3
CPXPARAM_TimeLimit                               598.86409532699997
Tried aggregator 1 time.
MIP Presolve eliminated 609 rows and 596 columns.
MIP Presolve modified 2 coefficients.
Reduced MIP has 2979 rows, 6556 columns, and 52828 nonzeros.
Reduced MIP has 6556 binaries, 0 generals, 0 SOSs, and 0 indicators.
Presolve time = 0.03 sec. (42.02 ticks)
Probing time = 0.00 sec. (6.63 ticks)
Tried aggregator 1 time.
Detecting symmetries...
Reduced MIP has 2979 rows, 6556 columns, and 52828 nonzeros.
Reduced MIP has 6556 binaries, 0 generals, 0 SOSs, and 0 indicators.
Presolve time = 0.03 sec. (47.31 ticks)
Probing time = 0.00 sec. (6.63 ticks)
Clique table members: 1782.
MIP emphasis: balance optimality and feasibility.
MIP search method: dynamic search.
Parallel mode: none, using 1 thread.
Root relaxation solution time = 0.04 sec. (71.89 ticks)

        Nodes                                         Cuts/
   Node  Left     Objective  IInf  Best Integer    Best Bound    ItCnt     Gap

      0     0        0.0000   232                      0.0000     1108         
*     0+    0                            0.0000        0.0000             0.00%
      0     0        cutoff              0.0000        0.0000     1108    0.00%
Elapsed time = 0.31 sec. (452.69 ticks, tree = 0.01 MB, solutions = 1)

Root node processing (before b&c):
  Real time             =    0.31 sec. (452.90 ticks)
Sequential b&c:
  Real time             =    0.00 sec. (0.00 ticks)
                          ------------
Total (root+branch&cut) =    0.31 sec. (452.90 ticks)
Version identifier: 22.1.1.0 | 2022-11-28 | 9160aff4d
CPXPARAM_Threads                                 1
CPXPARAM_MIP_Strategy_VariableSelect             3
CPXPARAM_TimeLimit                               598.52436422000005
Tried aggregator 1 time.
MIP Presolve eliminated 611 rows and 598 columns.
MIP Presolve modified 2 coefficients.
Reduced MIP has 2989 rows, 6578 columns, and 53006 nonzeros.
Reduced MIP has 6578 binaries, 0 generals, 0 SOSs, and 0 indicators.
Presolve time = 0.03 sec. (42.20 ticks)
Probing time = 0.00 sec. (6.65 ticks)
Tried aggregator 1 time.
Detecting symmetries...
Reduced MIP has 2989 rows, 6578 columns, and 53006 nonzeros.
Reduced MIP has 6578 binaries, 0 generals, 0 SOSs, and 0 indicators.
Presolve time = 0.03 sec. (47.51 ticks)
Probing time = 0.00 sec. (6.65 ticks)
Clique table members: 1788.
MIP emphasis: balance optimality and feasibility.
MIP search method: dynamic search.
Parallel mode: none, using 1 thread.
Root relaxation solution time = 0.04 sec. (63.79 ticks)

        Nodes                                         Cuts/
   Node  Left     Objective  IInf  Best Integer    Best Bound    ItCnt     Gap

      0     0        0.0000   385                      0.0000     1072         
*     0+    0                            0.0000        0.0000             0.00%
      0     0        cutoff              0.0000        0.0000     1072    0.00%
Elapsed time = 0.36 sec. (499.89 ticks, tree = 0.01 MB, solutions = 1)

Root node processing (before b&c):
  Real time             =    0.36 sec. (500.11 ticks)
Sequential b&c:
  Real time             =    0.00 sec. (0.00 ticks)
                          ------------
Total (root+branch&cut) =    0.36 sec. (500.11 ticks)
Version identifier: 22.1.1.0 | 2022-11-28 | 9160aff4d
CPXPARAM_Threads                                 1
CPXPARAM_MIP_Strategy_VariableSelect             3
CPXPARAM_TimeLimit                               598.14012567700001
Tried aggregator 1 time.
MIP Presolve eliminated 612 rows and 599 columns.
MIP Presolve modified 2 coefficients.
Reduced MIP has 2994 rows, 6589 columns, and 53095 nonzeros.
Reduced MIP has 6589 binaries, 0 generals, 0 SOSs, and 0 indicators.
Presolve time = 0.03 sec. (42.31 ticks)
Probing time = 0.00 sec. (6.60 ticks)
Tried aggregator 1 time.
Detecting symmetries...
Reduced MIP has 2994 rows, 6589 columns, and 53095 nonzeros.
Reduced MIP has 6589 binaries, 0 generals, 0 SOSs, and 0 indicators.
Presolve time = 0.03 sec. (47.62 ticks)
Probing time = 0.00 sec. (6.60 ticks)
Clique table members: 1791.
MIP emphasis: balance optimality and feasibility.
MIP search method: dynamic search.
Parallel mode: none, using 1 thread.
Root relaxation solution time = 0.04 sec. (64.45 ticks)

        Nodes                                         Cuts/
   Node  Left     Objective  IInf  Best Integer    Best Bound    ItCnt     Gap

      0     0        0.0000   358                      0.0000     1078         
*     0+    0                            0.0000        0.0000             0.00%
      0     0        cutoff              0.0000        0.0000     1078    0.00%
Elapsed time = 0.36 sec. (513.93 ticks, tree = 0.01 MB, solutions = 1)

Root node processing (before b&c):
  Real time             =    0.36 sec. (514.15 ticks)
Sequential b&c:
  Real time             =    0.00 sec. (0.00 ticks)
                          ------------
Total (root+branch&cut) =    0.36 sec. (514.15 ticks)
Primal:	599
Dual:	599
Status:	Optimal
Time:	2.23966
Sequence:
	9
	7
	9
	9
	9
	9
	9
	9
	9
	9
	7
	9
	9
	9
	9
	9
	7
	9
	9
	9
	9
	9
	7
	9
	9
	5
	9
	9
	7
	9
	9
	9
	9
	9
	9
	7
	9
	9
	9
	9
	9
	9
	7
	9
	9
	9
	9
	9
	5
	9
	7
	9
	9
	9
	9
	9
	9
	7
	9
	9
	9
	9
	9
	9
	9
	9
	9
	9
	9
	7
	9
	9
	9
	9
	9
	9
	9
	9
	7
	9
	9
	9
	5
	9
	7
	9
	9
	9
	9
	9
	9
	7
	9
	9
	9
	9
	9
	7
	9
	9
	9
	0
	5
	4
	0
	7
	4
	1
	5
	8
	10
	7
	9
	9
	4
	10
	0
	7
	4
	9
	0
	1
	5
	4
	0
	4
	7
	9
	0
	9
	9
	0
	7
	1
	8
	9
	4
	0
	7
	9
	5
	4
	1
	5
	1
	9
	1
	7
	9
	0
	4
	9
	0
	7
	4
	0
	4
	5
	9
	5
	0
	7
	4
	0
	4
	9
	4
	4
	0
	7
	9
	0
	1
	9
	5
	0
	7
	4
	0
	4
	4
	0
	7
	5
	9
	4
	1
	0
	7
	9
	0
	9
	4
	0
	9
	5
	11
	1
	4
	0
	9
	9
	8
	1
	5
	0
	4
	7
	9
	5
	0
	5
	9
	7
	10
	0
	9
	5
	0
	9
	7
	0
	4
	1
	9
	0
	5
	9
	0
	9
	7
	0
	4
	5
	0
	9
	7
	4
	0
	5
	4
	0
	5
	9
	7
	9
	5
	1
	5
	9
	4
	9
	0
	7
	9
	0
	9
	9
	5
	7
	0
	4
	4
	0
	4
	9
	5
	4
	0
	7
	4
	0
	1
	4
	0
	7
	5
	9
	5
	9
	4
	9
	0
	4
	1
	9
	7
	0
	4
	9
	0
	5
	7
	2
	1
	9
	5
	0
	9
	7
	1
	0
	9
	5
	0
	7
	4
	9
	9
	0
	5
	7
	9
	5
	5
	0
	4
	7
	9
	8
	1
	1
	1
	4
	7
	9
	0
	9
	5
	9
	7
	5
	1
	4
	0
	1
	4
	4
	9
	0
	4
	7
	0
	9
	1
	4
	9
	11
	4
	0
	1
	1
	9
	7
	0
	9
	5
	0
	4
	7
	2
	5
	5
	0
	4
	7
	0
	5
	4
	0
	1
	4
	0
	4
	5
	10
	8
	7
	9
	1
	8
	9
	5
	7
	9
	9
	5
	0
	4
	1
	1
	7
	9
	9
	0
	9
	5
	7
	0
	4
	9
	4
	5
	1
	0
	9
	4
	7
	10
	0
	9
	5
	1
	5
	9
	5
	4
	9
	5
	9
	7
	1
	4
	9
	5
	1
	4
	5
	0
	7
	4
	0
	4
	4
	0
	7
	9
	10
	0
	5
	4
	0
	7
	9
	0
	5
	5
	9
	7
	1
	4
	8
	1
	5
	9
	0
	4
	5
	10
	7
	4
	0
	9
	5
	0
	4
	1
	8
	7
	9
	5
	4
	0
	1
	7
	4
	1
	5
	0
	4
	1
	7
	5
	2
	5
	5
	0
	4
	7
	9
	1
	9
	0
	5
	9
	7
	5
	0
	4
	1
	0
	4
	7
	9
	0
	4
	1
	8
	5
	11
	5
	4
	0
	9
	9
	0
	7
	4
	1
	4
	4
	0
	7
	9
	1
	9
	0
	9
	7
	9
	0
	5
	5
	9
	7
	0
	9
	5
	0
	4
	7
	0
	4
	5
	0
	5
	4
	0
	3
	4
	9
	5
	4
	0
	7
	4
	0
	4
	1
	0
	10
	4
	5
	0
	1
	9
	0
	7
	9
	5
	5
	1
	9
	7
	5
	0
	4
	5
	2
	7
	1
	5
	4
	0
	4
	7
	9
	0
	9
	4
	4
	0
	9
	7
	9
	0
	4
	9
	1
