Version identifier: 22.1.0.0 | 2022-03-09 | 1a383f8ce
CPXPARAM_Threads                                 1
CPXPARAM_MIP_Strategy_VariableSelect             3
CPXPARAM_TimeLimit                               599.99286993099997
Found incumbent of value 0.000000 after 0.00 sec. (0.51 ticks)

Root node processing (before b&c):
  Real time             =    0.00 sec. (0.58 ticks)
Sequential b&c:
  Real time             =    0.00 sec. (0.00 ticks)
                          ------------
Total (root+branch&cut) =    0.00 sec. (0.58 ticks)
Version identifier: 22.1.0.0 | 2022-03-09 | 1a383f8ce
CPXPARAM_Threads                                 1
CPXPARAM_MIP_Strategy_VariableSelect             3
CPXPARAM_TimeLimit                               599.95323385899997
Found incumbent of value 0.000000 after 0.00 sec. (0.55 ticks)

Root node processing (before b&c):
  Real time             =    0.00 sec. (0.62 ticks)
Sequential b&c:
  Real time             =    0.00 sec. (0.00 ticks)
                          ------------
Total (root+branch&cut) =    0.00 sec. (0.62 ticks)
Version identifier: 22.1.0.0 | 2022-03-09 | 1a383f8ce
CPXPARAM_Threads                                 1
CPXPARAM_MIP_Strategy_VariableSelect             3
CPXPARAM_TimeLimit                               599.92044367000005
Found incumbent of value 0.000000 after 0.00 sec. (0.56 ticks)

Root node processing (before b&c):
  Real time             =    0.00 sec. (0.64 ticks)
Sequential b&c:
  Real time             =    0.00 sec. (0.00 ticks)
                          ------------
Total (root+branch&cut) =    0.00 sec. (0.64 ticks)
Version identifier: 22.1.0.0 | 2022-03-09 | 1a383f8ce
CPXPARAM_Threads                                 1
CPXPARAM_MIP_Strategy_VariableSelect             3
CPXPARAM_TimeLimit                               599.89143963000004
Found incumbent of value 0.000000 after 0.00 sec. (0.57 ticks)

Root node processing (before b&c):
  Real time             =    0.00 sec. (0.64 ticks)
Sequential b&c:
  Real time             =    0.00 sec. (0.00 ticks)
                          ------------
Total (root+branch&cut) =    0.00 sec. (0.64 ticks)
Version identifier: 22.1.0.0 | 2022-03-09 | 1a383f8ce
CPXPARAM_Threads                                 1
CPXPARAM_MIP_Strategy_VariableSelect             3
CPXPARAM_TimeLimit                               599.86569692499995
Found incumbent of value 0.000000 after 0.00 sec. (0.58 ticks)

Root node processing (before b&c):
  Real time             =    0.00 sec. (0.65 ticks)
Sequential b&c:
  Real time             =    0.00 sec. (0.00 ticks)
                          ------------
Total (root+branch&cut) =    0.00 sec. (0.65 ticks)
Version identifier: 22.1.0.0 | 2022-03-09 | 1a383f8ce
CPXPARAM_Threads                                 1
CPXPARAM_MIP_Strategy_VariableSelect             3
CPXPARAM_TimeLimit                               599.84037172199999
Found incumbent of value 0.000000 after 0.00 sec. (0.63 ticks)

Root node processing (before b&c):
  Real time             =    0.00 sec. (0.71 ticks)
Sequential b&c:
  Real time             =    0.00 sec. (0.00 ticks)
                          ------------
Total (root+branch&cut) =    0.00 sec. (0.71 ticks)
Version identifier: 22.1.0.0 | 2022-03-09 | 1a383f8ce
CPXPARAM_Threads                                 1
CPXPARAM_MIP_Strategy_VariableSelect             3
CPXPARAM_TimeLimit                               599.81465207899998
Tried aggregator 1 time.
MIP Presolve eliminated 18 rows and 1056 columns.
MIP Presolve modified 3 coefficients.
Reduced MIP has 2458 rows, 3168 columns, and 29038 nonzeros.
Reduced MIP has 3168 binaries, 0 generals, 0 SOSs, and 0 indicators.
Presolve time = 0.02 sec. (17.39 ticks)
Found incumbent of value 0.000000 after 0.07 sec. (46.61 ticks)

Root node processing (before b&c):
  Real time             =    0.07 sec. (46.77 ticks)
Sequential b&c:
  Real time             =    0.00 sec. (0.00 ticks)
                          ------------
Total (root+branch&cut) =    0.07 sec. (46.77 ticks)
Primal:	352
Dual:	352
Status:	Optimal
Time:	0.277491
Sequence:
	4
	9
	4
	2
	9
	4
	2
	4
	9
	4
	4
	9
	2
	4
	9
	5
	4
	2
	4
	4
	9
	4
	4
	2
	9
	4
	5
	9
	2
	4
	4
	2
	9
	9
	9
	1
	9
	2
	9
	4
	2
	9
	4
	4
	9
	9
	9
	0
	1
	4
	6
	9
	2
	4
	9
	9
	2
	4
	1
	0
	4
	9
	4
	2
	9
	4
	1
	2
	4
	4
	2
	4
	9
	4
	0
	4
	9
	4
	4
	2
	9
	9
	0
	9
	6
	9
	4
	9
	5
	4
	9
	9
	9
	9
	9
	5
	0
	4
	4
	9
	9
	0
	4
	9
	9
	9
	0
	1
	9
	4
	5
	9
	4
	4
	9
	2
	4
	9
	5
	9
	2
	4
	4
	2
	9
	4
	4
	9
	2
	1
	9
	6
	4
	2
	4
	1
	4
	9
	4
	9
	2
	4
	4
	9
	9
	3
	4
	0
	1
	4
	6
	2
	4
	4
	2
	9
	4
	2
	4
	9
	0
	4
	9
	9
	4
	9
	4
	9
	9
	0
	4
	4
	9
	0
	4
	9
	0
	9
	11
	4
	4
	9
	2
	4
	4
	9
	4
	0
	9
	9
	9
	4
	9
	1
	9
	4
	0
	9
	11
	4
	2
	9
	9
	2
	9
	4
	0
	4
	4
	9
	0
	9
	4
	2
	9
	9
	4
	2
	9
	9
	9
	9
	0
	4
	9
	4
	4
	9
	0
	4
	9
	9
	4
	9
	0
	4
	9
	4
	2
	4
	9
	4
	0
	5
	9
	4
	0
	4
	9
	0
	3
	9
	4
	2
	9
	4
	9
	4
	9
	9
	4
	0
	9
	1
	4
	0
	4
	4
	1
	4
	9
	4
	2
	9
	9
	9
	5
	2
	4
	9
	9
	9
	9
	0
	4
	1
	9
	1
	4
	0
	4
	4
	1
	2
	9
	3
	9
	4
	4
	1
	9
	9
	1
	2
	9
	4
	4
	9
	4
	4
	9
	4
	2
	1
	9
	1
	9
	2
	4
	9
	9
	0
	4
	4
	9
	9
	4
	9
	1
	4
	4
	9
	5
	9
	0
	4
	4
	9
	4
	0
	1
	9
	4
	4
	3
	4
	4
	9
	9
	0
	4
	9
