Version identifier: 22.1.1.0 | 2022-11-28 | 9160aff4d
CPXPARAM_Threads                                 1
CPXPARAM_MIP_Strategy_VariableSelect             3
CPXPARAM_TimeLimit                               599.99823231799996
Found incumbent of value 0.000000 after 0.00 sec. (0.44 ticks)

Root node processing (before b&c):
  Real time             =    0.00 sec. (0.50 ticks)
Sequential b&c:
  Real time             =    0.00 sec. (0.00 ticks)
                          ------------
Total (root+branch&cut) =    0.00 sec. (0.50 ticks)
Version identifier: 22.1.1.0 | 2022-11-28 | 9160aff4d
CPXPARAM_Threads                                 1
CPXPARAM_MIP_Strategy_VariableSelect             3
CPXPARAM_TimeLimit                               599.98563535100004
Found incumbent of value 0.000000 after 0.00 sec. (0.48 ticks)

Root node processing (before b&c):
  Real time             =    0.00 sec. (0.55 ticks)
Sequential b&c:
  Real time             =    0.00 sec. (0.00 ticks)
                          ------------
Total (root+branch&cut) =    0.00 sec. (0.55 ticks)
Version identifier: 22.1.1.0 | 2022-11-28 | 9160aff4d
CPXPARAM_Threads                                 1
CPXPARAM_MIP_Strategy_VariableSelect             3
CPXPARAM_TimeLimit                               599.97305607999999
Tried aggregator 1 time.
MIP Presolve eliminated 351 rows and 1014 columns.
Reduced MIP has 1689 rows, 3042 columns, and 21180 nonzeros.
Reduced MIP has 3042 binaries, 0 generals, 0 SOSs, and 0 indicators.
Presolve time = 0.01 sec. (11.23 ticks)
Found incumbent of value 0.000000 after 0.03 sec. (33.44 ticks)

Root node processing (before b&c):
  Real time             =    0.03 sec. (33.59 ticks)
Sequential b&c:
  Real time             =    0.00 sec. (0.00 ticks)
                          ------------
Total (root+branch&cut) =    0.03 sec. (33.59 ticks)
Version identifier: 22.1.1.0 | 2022-11-28 | 9160aff4d
CPXPARAM_Threads                                 1
CPXPARAM_MIP_Strategy_VariableSelect             3
CPXPARAM_TimeLimit                               599.93114527199998
Tried aggregator 1 time.
MIP Presolve eliminated 358 rows and 1035 columns.
Reduced MIP has 1724 rows, 3105 columns, and 21621 nonzeros.
Reduced MIP has 3105 binaries, 0 generals, 0 SOSs, and 0 indicators.
Presolve time = 0.01 sec. (11.45 ticks)
Found incumbent of value 0.000000 after 0.03 sec. (33.60 ticks)

Root node processing (before b&c):
  Real time             =    0.03 sec. (33.76 ticks)
Sequential b&c:
  Real time             =    0.00 sec. (0.00 ticks)
                          ------------
Total (root+branch&cut) =    0.03 sec. (33.76 ticks)
Version identifier: 22.1.1.0 | 2022-11-28 | 9160aff4d
CPXPARAM_Threads                                 1
CPXPARAM_MIP_Strategy_VariableSelect             3
CPXPARAM_TimeLimit                               599.887355716
Tried aggregator 1 time.
MIP Presolve eliminated 362 rows and 1047 columns.
Reduced MIP has 1744 rows, 3141 columns, and 21873 nonzeros.
Reduced MIP has 3141 binaries, 0 generals, 0 SOSs, and 0 indicators.
Presolve time = 0.01 sec. (11.57 ticks)
Found incumbent of value 0.000000 after 0.03 sec. (34.66 ticks)

Root node processing (before b&c):
  Real time             =    0.03 sec. (34.81 ticks)
Sequential b&c:
  Real time             =    0.00 sec. (0.00 ticks)
                          ------------
Total (root+branch&cut) =    0.03 sec. (34.81 ticks)
Version identifier: 22.1.1.0 | 2022-11-28 | 9160aff4d
CPXPARAM_Threads                                 1
CPXPARAM_MIP_Strategy_VariableSelect             3
CPXPARAM_TimeLimit                               599.84345924900003
Tried aggregator 1 time.
MIP Presolve eliminated 364 rows and 1053 columns.
Reduced MIP has 1754 rows, 3159 columns, and 21999 nonzeros.
Reduced MIP has 3159 binaries, 0 generals, 0 SOSs, and 0 indicators.
Presolve time = 0.01 sec. (11.65 ticks)
Found incumbent of value 0.000000 after 0.03 sec. (34.93 ticks)

Root node processing (before b&c):
  Real time             =    0.03 sec. (35.08 ticks)
Sequential b&c:
  Real time             =    0.00 sec. (0.00 ticks)
                          ------------
Total (root+branch&cut) =    0.03 sec. (35.08 ticks)
Version identifier: 22.1.1.0 | 2022-11-28 | 9160aff4d
CPXPARAM_Threads                                 1
CPXPARAM_MIP_Strategy_VariableSelect             3
CPXPARAM_TimeLimit                               599.79777741400005
Tried aggregator 1 time.
MIP Presolve eliminated 365 rows and 1056 columns.
Reduced MIP has 1759 rows, 3168 columns, and 22062 nonzeros.
Reduced MIP has 3168 binaries, 0 generals, 0 SOSs, and 0 indicators.
Presolve time = 0.01 sec. (11.67 ticks)
Found incumbent of value 0.000000 after 0.03 sec. (36.49 ticks)

Root node processing (before b&c):
  Real time             =    0.03 sec. (36.65 ticks)
Sequential b&c:
  Real time             =    0.00 sec. (0.00 ticks)
                          ------------
Total (root+branch&cut) =    0.03 sec. (36.65 ticks)
Primal:	352
Dual:	352
Status:	Optimal
Time:	0.244496
Sequence:
	2
	9
	9
	10
	9
	9
	2
	5
	9
	5
	9
	4
	2
	5
	9
	9
	5
	2
	9
	9
	4
	2
	10
	10
	9
	9
	9
	4
	2
	9
	9
	2
	9
	9
	10
	1
	9
	2
	4
	5
	2
	9
	9
	9
	9
	9
	9
	4
	1
	9
	8
	9
	9
	9
	4
	9
	2
	9
	10
	0
	9
	9
	9
	2
	9
	9
	1
	2
	9
	10
	10
	9
	9
	9
	0
	9
	9
	9
	4
	2
	9
	9
	9
	9
	8
	9
	5
	9
	6
	9
	10
	2
	9
	9
	9
	6
	0
	9
	9
	9
	9
	9
	9
	9
	9
	9
	0
	1
	9
	10
	0
	9
	9
	9
	9
	2
	9
	9
	6
	9
	2
	5
	5
	2
	9
	9
	9
	9
	2
	4
	9
	0
	10
	4
	9
	1
	9
	9
	10
	10
	2
	5
	9
	10
	9
	4
	5
	0
	1
	9
	8
	9
	10
	5
	2
	9
	5
	2
	9
	10
	10
	9
	9
	9
	9
	9
	9
	9
	9
	9
	9
	4
	9
	2
	9
	9
	9
	9
	10
	2
	9
	9
	2
	9
	10
	9
	5
	9
	2
	10
	4
	9
	9
	1
	9
	4
	5
	10
	10
	9
	10
	9
	10
	2
	9
	9
	9
	2
	4
	9
	4
	9
	9
	2
	9
	9
	9
	2
	9
	9
	9
	9
	0
	9
	4
	9
	10
	9
	2
	9
	9
	9
	9
	9
	0
	9
	9
	9
	2
	9
	4
	5
	10
	9
	9
	9
	0
	9
	9
	9
	4
	9
	10
	2
	9
	9
	4
	9
	4
	4
	9
	9
	9
	9
	9
	0
	9
	9
	4
	5
	9
	9
	2
	9
	9
	1
	6
	2
	4
	9
	9
	9
	10
	0
	4
	1
	9
	1
	9
	9
	10
	9
	1
	2
	9
	4
	9
	9
	9
	1
	4
	9
	1
	2
	4
	9
	5
	9
	4
	9
	4
	9
	2
	1
	9
	1
	9
	2
	9
	9
	4
	9
	4
	4
	9
	4
	9
	9
	1
	9
	10
	9
	6
	9
	4
	9
	5
	9
	5
	0
	1
	9
	9
	9
	4
	9
	5
	4
	9
	9
	4
	2
