Version identifier: 22.1.0.0 | 2022-03-09 | 1a383f8ce
CPXPARAM_Threads                                 1
CPXPARAM_MIP_Strategy_VariableSelect             3
CPXPARAM_TimeLimit                               599.99999635699999
1 of 1 MIP starts provided solutions.
MIP start 'm1' defined initial solution with objective 358.0000.
Tried aggregator 1 time.
MIP Presolve eliminated 373 rows and 1432 columns.
Reduced MIP has 2502 rows, 2864 columns, and 30292 nonzeros.
Reduced MIP has 2864 binaries, 0 generals, 0 SOSs, and 0 indicators.
Presolve time = 0.03 sec. (20.42 ticks)
Probing time = 0.00 sec. (3.05 ticks)
Tried aggregator 1 time.
Detecting symmetries...
Reduced MIP has 2502 rows, 2864 columns, and 30292 nonzeros.
Reduced MIP has 2864 binaries, 0 generals, 0 SOSs, and 0 indicators.
Presolve time = 0.02 sec. (17.05 ticks)
Probing time = 0.00 sec. (3.05 ticks)
Clique table members: 1427.
MIP emphasis: balance optimality and feasibility.
MIP search method: dynamic search.
Parallel mode: none, using 1 thread.
Root relaxation solution time = 0.01 sec. (5.05 ticks)

        Nodes                                         Cuts/
   Node  Left     Objective  IInf  Best Integer    Best Bound    ItCnt     Gap

*     0+    0                          358.0000     2864.0000           700.00%
      0     0        cutoff            358.0000                      8     --- 

Root node processing (before b&c):
  Real time             =    0.08 sec. (60.04 ticks)
Sequential b&c:
  Real time             =    0.00 sec. (0.00 ticks)
                          ------------
Total (root+branch&cut) =    0.08 sec. (60.04 ticks)
Primal:	358
Dual:	358
Status:	Optimal
Time:	0.1
Sequence:
	7
	8
	9
	1
	8
	5
	9
	0
	1
	4
	6
	0
	5
	4
	0
	6
	4
	1
	4
	6
	9
	0
	1
	4
	6
	0
	5
	4
	1
	0
	5
	4
	9
	6
	8
	9
	5
	9
	6
	8
	9
	9
	0
	9
	5
	0
	4
	1
	0
	9
	9
	5
	4
	9
	5
	8
	1
	9
	8
	9
	5
	9
	4
	0
	9
	1
	0
	5
	9
	4
	0
	1
	9
	4
	4
	0
	9
	4
	9
	4
	9
	4
	4
	0
	1
	4
	9
	4
	4
	0
	4
	1
	0
	9
	4
	0
	9
	9
	0
	5
	9
	0
	9
	5
	4
	1
	0
	4
	1
	0
	4
	4
	1
	0
	5
	4
	9
	1
	4
	0
	1
	9
	0
	1
	9
	1
	0
	9
	1
	9
	1
	0
	5
	9
	5
	9
	9
	1
	9
	0
	5
	9
	1
	9
	5
	9
	5
	0
	5
	9
	1
	9
	0
	9
	1
	0
	9
	1
	9
	0
	5
	9
	0
	9
	9
	5
	9
	0
	9
	5
	0
	1
	9
	1
	9
	0
	1
	9
	1
	0
	9
	5
	0
	1
	9
	1
	0
	9
	5
	9
	5
	9
	0
	1
	9
	1
	0
	1
	9
	9
	9
	5
	9
	5
	9
	1
	0
	5
	9
	9
	9
	0
	5
	9
	1
	9
	5
	9
	9
	5
	9
	5
	0
	1
	9
	9
	5
	9
	0
	5
	9
	0
	5
	9
	5
	9
	1
	0
	5
	9
	0
	9
	9
	1
	9
	9
	5
	9
	0
	9
	5
	9
	0
	5
	9
	0
	9
	1
	9
	0
	9
	9
	0
	1
	9
	5
	0
	9
	5
	0
	5
	9
	0
	5
	9
	5
	9
	5
	9
	5
	0
	5
	9
	0
	1
	9
	1
	9
	5
	0
	5
	9
	0
	9
	1
	0
	9
	1
	9
	0
	1
	9
	1
	9
	1
	0
	9
	1
	0
	1
	9
	1
	0
	9
	9
	0
	9
	1
	0
	1
	9
	9
	0
	9
	1
	0
	1
	9
	1
	9
	9
	9
	1
	9
	1
	0
	9
	9
	9
	9
	0
	1
	9
	9
	9
	1
	9
	9
	0
	1
	9
	9
	9
	9
	9
	1
	9
	1
