Version identifier: 22.1.0.0 | 2022-03-09 | 1a383f8ce
CPXPARAM_Threads                                 1
CPXPARAM_MIP_Strategy_VariableSelect             3
CPXPARAM_TimeLimit                               599.999996302
1 of 1 MIP starts provided solutions.
MIP start 'm1' defined initial solution with objective 325.0000.
Tried aggregator 1 time.
MIP Presolve eliminated 339 rows and 975 columns.
MIP Presolve modified 1 coefficients.
Reduced MIP has 2272 rows, 2925 columns, and 28785 nonzeros.
Reduced MIP has 2925 binaries, 0 generals, 0 SOSs, and 0 indicators.
Presolve time = 0.02 sec. (19.32 ticks)
Probing time = 0.00 sec. (2.75 ticks)
Tried aggregator 1 time.
Detecting symmetries...
Reduced MIP has 2272 rows, 2925 columns, and 28785 nonzeros.
Reduced MIP has 2925 binaries, 0 generals, 0 SOSs, and 0 indicators.
Presolve time = 0.02 sec. (16.45 ticks)
Probing time = 0.00 sec. (2.75 ticks)
Clique table members: 1295.
MIP emphasis: balance optimality and feasibility.
MIP search method: dynamic search.
Parallel mode: none, using 1 thread.
Root relaxation solution time = 0.01 sec. (4.81 ticks)

        Nodes                                         Cuts/
   Node  Left     Objective  IInf  Best Integer    Best Bound    ItCnt     Gap

*     0+    0                          325.0000     2925.0000           800.00%
      0     0        cutoff            325.0000                      9     --- 

Root node processing (before b&c):
  Real time             =    0.07 sec. (56.86 ticks)
Sequential b&c:
  Real time             =    0.00 sec. (0.00 ticks)
                          ------------
Total (root+branch&cut) =    0.07 sec. (56.86 ticks)
Primal:	325
Dual:	325
Status:	Optimal
Time:	0.09
Sequence:
	6
	8
	3
	4
	1
	2
	1
	4
	9
	6
	8
	1
	9
	6
	4
	1
	4
	2
	5
	9
	6
	2
	9
	4
	4
	9
	6
	4
	0
	9
	4
	4
	2
	6
	4
	9
	5
	9
	2
	4
	4
	1
	4
	5
	0
	1
	9
	2
	9
	1
	0
	9
	6
	9
	2
	4
	9
	2
	1
	9
	9
	5
	4
	1
	9
	4
	5
	9
	4
	1
	0
	9
	9
	0
	4
	5
	9
	1
	4
	9
	9
	9
	0
	9
	1
	4
	0
	4
	1
	4
	1
	4
	9
	0
	1
	9
	0
	9
	9
	9
	1
	9
	4
	0
	9
	9
	4
	4
	1
	0
	9
	9
	0
	9
	4
	9
	0
	1
	4
	1
	9
	1
	9
	4
	4
	0
	9
	9
	0
	9
	1
	9
	1
	0
	9
	9
	9
	1
	0
	4
	9
	9
	0
	1
	9
	9
	4
	1
	4
	4
	1
	4
	0
	4
	9
	4
	4
	9
	0
	9
	4
	1
	4
	9
	0
	4
	9
	0
	1
	4
	0
	1
	9
	1
	0
	4
	1
	9
	4
	1
	0
	4
	4
	1
	4
	4
	0
	4
	4
	0
	4
	9
	9
	0
	4
	9
	4
	0
	9
	4
	4
	0
	4
	9
	4
	4
	0
	9
	9
	9
	4
	4
	0
	4
	9
	9
	9
	9
	4
	0
	9
	9
	4
	4
	0
	9
	4
	9
	4
	0
	4
	9
	9
	9
	9
	0
	4
	4
	9
	9
	4
	4
	9
	0
	4
	9
	0
	9
	4
	0
	9
	4
	0
	4
	4
	9
	4
	0
	9
	9
	4
	9
	4
	9
	9
	4
	4
	9
	9
	9
	4
	9
	9
	9
	4
	9
	4
	4
	9
	9
	4
	4
	9
	9
	9
	9
	4
	9
	4
	9
	4
	4
	9
	4
	9
	9
	4
	9
	9
	9
	9
	9
	9
	4
	9
	9
	4
	9
	9
	9
	4
	9
	9
	9
	4
	9
	9
	9
	9
	9
	9
	9
	9
	9
	9
