Version identifier: 22.1.0.0 | 2022-03-09 | 1a383f8ce
CPXPARAM_Threads                                 1
CPXPARAM_MIP_Strategy_VariableSelect             3
CPXPARAM_TimeLimit                               599.99994254600006
1 of 1 MIP starts provided solutions.
MIP start 'm1' defined initial solution with objective 96.0000.
Tried aggregator 1 time.
MIP Presolve eliminated 17 rows and 192 columns.
MIP Presolve modified 8 coefficients.
Reduced MIP has 762 rows, 960 columns, and 9902 nonzeros.
Reduced MIP has 960 binaries, 0 generals, 0 SOSs, and 0 indicators.
Presolve time = 0.01 sec. (6.11 ticks)
Probing time = 0.00 sec. (2.30 ticks)
Tried aggregator 1 time.
Detecting symmetries...
MIP Presolve eliminated 1 rows and 0 columns.
Reduced MIP has 761 rows, 960 columns, and 9894 nonzeros.
Reduced MIP has 960 binaries, 0 generals, 0 SOSs, and 0 indicators.
Presolve time = 0.01 sec. (6.10 ticks)
Probing time = 0.00 sec. (2.30 ticks)
Clique table members: 469.
MIP emphasis: balance optimality and feasibility.
MIP search method: dynamic search.
Parallel mode: none, using 1 thread.
Root relaxation solution time = 0.00 sec. (1.59 ticks)

        Nodes                                         Cuts/
   Node  Left     Objective  IInf  Best Integer    Best Bound    ItCnt     Gap

*     0+    0                           96.0000      960.0000           900.00%
      0     0        cutoff             96.0000                     10     --- 

Root node processing (before b&c):
  Real time             =    0.03 sec. (22.07 ticks)
Sequential b&c:
  Real time             =    0.00 sec. (0.00 ticks)
                          ------------
Total (root+branch&cut) =    0.03 sec. (22.07 ticks)
Primal:	96
Dual:	96
Status:	Optimal
Time:	0.03
Sequence:
	8
	3
	4
	10
	8
	9
	5
	2
	6
	9
	2
	3
	4
	8
	9
	4
	1
	9
	3
	0
	4
	9
	10
	0
	1
	4
	4
	1
	0
	4
	1
	4
	10
	0
	4
	1
	9
	10
	0
	10
	9
	5
	4
	10
	9
	0
	6
	4
	0
	9
	9
	9
	9
	0
	5
	4
	1
	4
	5
	0
	6
	4
	1
	0
	9
	1
	4
	1
	4
	4
	9
	1
	9
	4
	1
	4
	9
	9
	6
	4
	0
	4
	4
	9
	6
	4
	9
	4
	1
	0
	9
	4
	6
	0
	4
	4
