Version identifier: 22.1.0.0 | 2022-03-09 | 1a383f8ce
CPXPARAM_Threads                                 1
CPXPARAM_MIP_Strategy_VariableSelect             3
CPXPARAM_TimeLimit                               599.99965998699997
1 of 1 MIP starts provided solutions.
MIP start 'm1' defined initial solution with objective 380.0000.
Tried aggregator 1 time.
MIP Presolve eliminated 16 rows and 380 columns.
MIP Presolve modified 5 coefficients.
Reduced MIP has 3035 rows, 4180 columns, and 45756 nonzeros.
Reduced MIP has 4180 binaries, 0 generals, 0 SOSs, and 0 indicators.
Presolve time = 0.03 sec. (32.28 ticks)
Probing time = 0.00 sec. (5.60 ticks)
Tried aggregator 1 time.
Detecting symmetries...
MIP Presolve eliminated 1 rows and 0 columns.
Reduced MIP has 3034 rows, 4180 columns, and 45748 nonzeros.
Reduced MIP has 4180 binaries, 0 generals, 0 SOSs, and 0 indicators.
Presolve time = 0.03 sec. (33.39 ticks)
Probing time = 0.00 sec. (5.60 ticks)
Clique table members: 1890.
MIP emphasis: balance optimality and feasibility.
MIP search method: dynamic search.
Parallel mode: none, using 1 thread.
Root relaxation solution time = 0.01 sec. (7.41 ticks)

        Nodes                                         Cuts/
   Node  Left     Objective  IInf  Best Integer    Best Bound    ItCnt     Gap

*     0+    0                          380.0000     4180.0000              --- 
      0     0        cutoff            380.0000                     11     --- 

Root node processing (before b&c):
  Real time             =    0.10 sec. (99.81 ticks)
Sequential b&c:
  Real time             =    0.00 sec. (0.00 ticks)
                          ------------
Total (root+branch&cut) =    0.10 sec. (99.81 ticks)
Primal:	380
Dual:	380
Status:	Optimal
Time:	0.12
Sequence:
	11
	4
	5
	2
	5
	9
	6
	4
	10
	2
	4
	5
	2
	5
	9
	1
	0
	1
	4
	5
	0
	5
	4
	11
	2
	10
	9
	5
	9
	5
	0
	6
	4
	3
	8
	5
	9
	6
	9
	11
	8
	6
	9
	5
	8
	9
	6
	2
	5
	9
	6
	4
	11
	0
	4
	6
	0
	1
	9
	11
	4
	8
	1
	4
	5
	9
	6
	2
	5
	4
	9
	5
	0
	6
	4
	2
	1
	9
	5
	4
	2
	1
	4
	1
	2
	5
	9
	5
	0
	1
	4
	10
	4
	6
	9
	10
	0
	9
	9
	1
	0
	5
	4
	11
	2
	5
	4
	9
	6
	9
	0
	11
	9
	6
	2
	10
	9
	5
	2
	1
	9
	5
	4
	10
	0
	1
	9
	1
	9
	6
	4
	1
	9
	11
	0
	5
	9
	4
	10
	2
	1
	4
	11
	9
	5
	2
	5
	4
	10
	4
	6
	2
	9
	1
	4
	9
	6
	4
	10
	9
	9
	2
	1
	4
	9
	9
	4
	1
	9
	6
	2
	9
	5
	2
	11
	9
	4
	4
	9
	6
	9
	9
	9
	4
	9
	5
	9
	11
	4
	6
	9
	9
	4
	9
	4
	9
	6
	9
	11
	4
	4
	9
	4
	5
	9
	4
	11
	4
	9
	6
	4
	9
	4
	9
	5
	4
	9
	5
	9
	11
	9
	4
	6
	9
	5
	4
	9
	5
	9
	4
	9
	9
	4
	9
	4
	4
	9
	5
	4
	9
	9
	6
	9
	4
	5
	9
	9
	9
	9
	4
	4
	9
	5
	4
	9
	9
	6
	4
	9
	4
	4
	9
	4
	4
	9
	4
	4
	9
	9
	9
	9
	9
	6
	9
	9
	5
	9
	5
	9
	6
	9
	9
	9
	5
	9
	9
	5
	9
	9
	9
	6
	9
	5
	9
	9
	9
	9
	9
	5
	9
	9
	9
	9
	6
	9
	5
	9
	9
	5
	9
	6
	9
	5
	9
	5
	9
	6
	9
	9
	5
	9
	6
	9
	9
	5
	9
	5
	9
	5
	9
	9
	5
	9
	6
	9
	5
	9
	5
	9
	6
	9
	5
	9
	5
	9
	5
	9
	5
	9
	5
	9
	6
	9
	5
	9
	5
	9
	5
	9
	5
	9
	5
	9
	5
	9
	6
	9
	5
	9
	5
	9
	6
	9
	5
	9
	5
	9
	6
	9
	5
