Version identifier: 22.1.0.0 | 2022-03-09 | 1a383f8ce
CPXPARAM_Threads                                 1
CPXPARAM_MIP_Strategy_VariableSelect             3
CPXPARAM_TimeLimit                               599.99988624399998
1 of 1 MIP starts provided solutions.
MIP start 'm1' defined initial solution with objective 174.0000.
Tried aggregator 1 time.
MIP Presolve eliminated 190 rows and 522 columns.
MIP Presolve modified 1 coefficients.
Reduced MIP has 1213 rows, 1566 columns, and 15674 nonzeros.
Reduced MIP has 1566 binaries, 0 generals, 0 SOSs, and 0 indicators.
Presolve time = 0.02 sec. (10.30 ticks)
Probing time = 0.00 sec. (3.07 ticks)
Tried aggregator 1 time.
Detecting symmetries...
Reduced MIP has 1213 rows, 1566 columns, and 15674 nonzeros.
Reduced MIP has 1566 binaries, 0 generals, 0 SOSs, and 0 indicators.
Presolve time = 0.02 sec. (9.12 ticks)
Probing time = 0.00 sec. (3.07 ticks)
Clique table members: 690.
MIP emphasis: balance optimality and feasibility.
MIP search method: dynamic search.
Parallel mode: none, using 1 thread.
Root relaxation solution time = 0.00 sec. (2.54 ticks)

        Nodes                                         Cuts/
   Node  Left     Objective  IInf  Best Integer    Best Bound    ItCnt     Gap

*     0+    0                          174.0000     1566.0000           800.00%
      0     0        cutoff            174.0000                      9     --- 

Root node processing (before b&c):
  Real time             =    0.06 sec. (33.95 ticks)
Sequential b&c:
  Real time             =    0.00 sec. (0.00 ticks)
                          ------------
Total (root+branch&cut) =    0.06 sec. (33.95 ticks)
Primal:	174
Dual:	174
Status:	Optimal
Time:	0.08
Sequence:
	0
	10
	4
	0
	5
	9
	2
	6
	9
	1
	4
	5
	0
	5
	4
	1
	4
	11
	9
	2
	9
	4
	5
	0
	4
	1
	4
	0
	5
	4
	9
	9
	0
	1
	9
	1
	0
	1
	4
	9
	11
	0
	5
	4
	9
	9
	9
	0
	9
	9
	0
	1
	9
	9
	5
	0
	4
	9
	0
	1
	4
	4
	1
	9
	0
	1
	9
	11
	9
	9
	4
	4
	9
	9
	5
	9
	0
	4
	5
	9
	11
	4
	0
	5
	4
	9
	0
	5
	4
	11
	4
	0
	5
	9
	4
	0
	5
	4
	0
	9
	9
	11
	9
	4
	9
	4
	9
	0
	5
	4
	0
	11
	4
	5
	0
	4
	4
	9
	5
	4
	11
	4
	4
	9
	4
	4
	9
	4
	4
	0
	4
	4
	9
	4
	5
	9
	4
	4
	9
	4
	5
	0
	4
	4
	9
	4
	4
	11
	4
	4
	9
	4
	5
	9
	4
	4
	9
	4
	4
	0
	9
	9
	9
	9
	4
	9
	9
	4
	9
	9
	4
	9
	4
	4
