Version identifier: 22.1.0.0 | 2022-03-09 | 1a383f8ce
CPXPARAM_Threads                                 1
CPXPARAM_MIP_Strategy_VariableSelect             3
CPXPARAM_TimeLimit                               599.99978407900005
1 of 1 MIP starts provided solutions.
MIP start 'm1' defined initial solution with objective 250.0000.
Tried aggregator 1 time.
MIP Presolve eliminated 266 rows and 750 columns.
MIP Presolve modified 4 coefficients.
Reduced MIP has 1745 rows, 2250 columns, and 23318 nonzeros.
Reduced MIP has 2250 binaries, 0 generals, 0 SOSs, and 0 indicators.
Presolve time = 0.03 sec. (14.23 ticks)
Probing time = 0.00 sec. (2.64 ticks)
Tried aggregator 1 time.
Detecting symmetries...
Reduced MIP has 1745 rows, 2250 columns, and 23318 nonzeros.
Reduced MIP has 2250 binaries, 0 generals, 0 SOSs, and 0 indicators.
Presolve time = 0.02 sec. (13.77 ticks)
Probing time = 0.00 sec. (2.64 ticks)
Clique table members: 993.
MIP emphasis: balance optimality and feasibility.
MIP search method: dynamic search.
Parallel mode: none, using 1 thread.
Root relaxation solution time = 0.00 sec. (3.75 ticks)

        Nodes                                         Cuts/
   Node  Left     Objective  IInf  Best Integer    Best Bound    ItCnt     Gap

*     0+    0                          250.0000     2250.0000           800.00%
      0     0        cutoff            250.0000                      9     --- 

Root node processing (before b&c):
  Real time             =    0.08 sec. (45.69 ticks)
Sequential b&c:
  Real time             =    0.00 sec. (0.00 ticks)
                          ------------
Total (root+branch&cut) =    0.08 sec. (45.69 ticks)
Primal:	250
Dual:	250
Status:	Optimal
Time:	0.11
Sequence:
	8
	1
	4
	0
	5
	4
	3
	0
	9
	4
	0
	5
	9
	5
	4
	11
	4
	4
	2
	9
	4
	5
	9
	5
	4
	11
	0
	5
	4
	9
	1
	0
	9
	9
	0
	11
	4
	9
	9
	4
	0
	5
	4
	0
	5
	4
	11
	2
	1
	4
	0
	4
	5
	0
	4
	3
	9
	2
	1
	9
	0
	9
	11
	9
	1
	2
	9
	5
	2
	5
	9
	1
	9
	11
	9
	1
	4
	9
	9
	11
	9
	1
	9
	5
	4
	9
	3
	0
	4
	1
	0
	4
	5
	0
	1
	9
	1
	0
	1
	4
	1
	2
	9
	5
	0
	5
	4
	1
	0
	4
	4
	9
	1
	9
	1
	4
	1
	0
	5
	4
	1
	9
	4
	4
	0
	5
	4
	9
	0
	1
	9
	9
	4
	0
	9
	5
	9
	1
	9
	0
	1
	4
	9
	1
	0
	4
	9
	0
	4
	4
	0
	5
	4
	1
	4
	1
	0
	5
	9
	0
	9
	4
	1
	4
	9
	0
	4
	9
	0
	1
	4
	0
	1
	9
	1
	0
	4
	1
	9
	4
	1
	0
	4
	4
	1
	4
	9
	0
	4
	1
	9
	0
	9
	9
	0
	4
	9
	4
	0
	9
	4
	4
	0
	4
	9
	4
	4
	0
	9
	9
	9
	4
	4
	0
	4
	9
	9
	9
	9
	4
	0
	9
	9
	4
	4
	0
	9
	4
	9
	4
	0
	4
	9
	9
	0
	9
	9
	0
	9
	9
	0
	9
	9
	9
	9
	0
	9
	9
	9
	0
