Version identifier: 22.1.0.0 | 2022-03-09 | 1a383f8ce
CPXPARAM_Threads                                 1
CPXPARAM_MIP_Strategy_VariableSelect             3
CPXPARAM_TimeLimit                               598.09802222600001
1 of 1 MIP starts provided solutions.
MIP start 'm1' defined initial solution with objective 349.0000.
Tried aggregator 1 time.
MIP Presolve eliminated 17 rows and 764 columns.
MIP Presolve modified 5 coefficients.
Reduced MIP has 3050 rows, 3820 columns, and 43332 nonzeros.
Reduced MIP has 3820 binaries, 0 generals, 0 SOSs, and 0 indicators.
Presolve time = 0.05 sec. (31.31 ticks)
Probing time = 0.01 sec. (5.54 ticks)
Tried aggregator 1 time.
Detecting symmetries...
Reduced MIP has 3050 rows, 3820 columns, and 43332 nonzeros.
Reduced MIP has 3820 binaries, 0 generals, 0 SOSs, and 0 indicators.
Presolve time = 0.04 sec. (31.52 ticks)
Probing time = 0.01 sec. (5.54 ticks)
Clique table members: 1900.
MIP emphasis: balance optimality and feasibility.
MIP search method: dynamic search.
Parallel mode: none, using 1 thread.
Root relaxation solution time = 0.23 sec. (162.23 ticks)

        Nodes                                         Cuts/
   Node  Left     Objective  IInf  Best Integer    Best Bound    ItCnt     Gap

*     0+    0                          349.0000     3820.0000           994.56%
      0     0      365.0000   796      349.0000      365.0000     2432    4.58%
      0     0      360.3415   782      349.0000      Fract: 5     4906    3.25%
      0     0      359.1352   621      349.0000      Cuts: 81     5159    2.90%
      0     0      359.0989   636      349.0000      Cuts: 44     5214    2.89%
      0     0      358.9319   680      349.0000   Impl Bds: 4     5230    2.85%
      0     0      358.4150   667      349.0000      Cuts: 23     5245    2.70%
Detecting symmetries...
Detecting symmetries...
      0     2      358.4150   667      349.0000      358.4150     5245    2.70%
Elapsed time = 2.93 sec. (2285.99 ticks, tree = 0.01 MB, solutions = 1)
      2     2      358.4150   581      349.0000      358.4150     5516    2.70%
      4     4      358.4150   560      349.0000      358.4150     5854    2.70%
     10     5      356.0000    54      349.0000      358.4150     6171    2.70%
     13     6      356.0000    53      349.0000      358.4150     6451    2.70%
     16     6      355.5294    40      349.0000      358.4150     7145    2.70%
     19     7      355.5294    44      349.0000      358.4150     7357    2.70%
     23     7      355.5294    48      349.0000      358.4150     7473    2.70%
     27     8      355.5294    72      349.0000      358.4150     7579    2.70%
     32     9      355.5294    36      349.0000      358.4150     7692    2.70%
     53     8      358.4150   568      349.0000      358.4150     8482    2.70%
Elapsed time = 6.60 sec. (6129.06 ticks, tree = 0.02 MB, solutions = 1)
     59     9      356.0000   288      349.0000      358.4150     9060    2.70%
     66    16      356.0000    46      349.0000      358.4150     9758    2.70%
     77    18        cutoff            349.0000      358.4150    11015    2.70%
     94    18      354.6842    38      349.0000      358.4150    11981    2.70%
    106    20      354.0000    36      349.0000      358.4150    12874    2.70%
    118    26      354.0000    22      349.0000      358.4150    13803    2.70%
    133    28        cutoff            349.0000      358.4150    15282    2.70%
    148    29      356.6522   260      349.0000      356.6522    16938    2.19%
    160    31      353.5000    94      349.0000      356.6190    17533    2.18%
    173    38      353.0000    28      349.0000      356.6190    18057    2.18%
Elapsed time = 16.16 sec. (16202.70 ticks, tree = 0.14 MB, solutions = 1)
    190    40      352.0000    30      349.0000      356.6190    19508    2.18%
    209    48      351.0000     6      349.0000      356.6190    20413    2.18%
    229    50      356.0000    93      349.0000      356.0000    21780    2.01%
    237    56      356.0000    84      349.0000      356.0000    22482    2.01%
    247    60      355.3636    53      349.0000      356.0000    23769    2.01%
    260    61      353.5000    42      349.0000      356.0000    24026    2.01%
    284    62      356.0000    51      349.0000      356.0000    24837    2.01%
    293    67      356.0000    47      349.0000      356.0000    25997    2.01%
    305    70      355.0000    24      349.0000      356.0000    27354    2.01%
    320    73      354.0000    14      349.0000      356.0000    28351    2.01%
Elapsed time = 25.95 sec. (26297.76 ticks, tree = 0.26 MB, solutions = 1)
    336    72      352.5000    18      349.0000      356.0000    29503    2.01%
    353    78      356.0000    55      349.0000      356.0000    30126    2.01%
    364    82      355.2857    33      349.0000      356.0000    30763    2.01%
    378    86      353.0000    10      349.0000      356.0000    30845    2.01%
    389    89      350.7000    17      349.0000      356.0000    31812    2.01%
    401    92      356.0000    45      349.0000      356.0000    32684    2.01%
    411    95      355.9615    42      349.0000      356.0000    33825    2.01%
    432    98      353.0000    24      349.0000      356.0000    34340    2.01%
    448   102      356.0000    52      349.0000      356.0000    34951    2.01%
    459   111      356.0000    47      349.0000      356.0000    35398    2.01%
Elapsed time = 35.47 sec. (36290.85 ticks, tree = 0.33 MB, solutions = 1)
    468   118      355.3000    43      349.0000      356.0000    36041    2.01%
    484   124      354.5294    34      349.0000      356.0000    36837    2.01%
    496   130      353.5714    30      349.0000      356.0000    37910    2.01%
    506   136      353.0000    27      349.0000      356.0000    38453    2.01%
    517   140      353.0000    20      349.0000      356.0000    39288    2.01%
    527   146      352.0000    21      349.0000      356.0000    39889    2.01%
    541   149      356.0000    50      349.0000      356.0000    40588    2.01%
    557   153      354.0000    12      349.0000      356.0000    41116    2.01%
    574   153        cutoff            349.0000      356.0000    42102    2.01%
    590   156      356.0000    44      349.0000      356.0000    43073    2.01%
Elapsed time = 45.04 sec. (46261.70 ticks, tree = 0.42 MB, solutions = 1)
    606   161      356.0000    41      349.0000      356.0000    44641    2.01%
    625   164      353.0000    10      349.0000      356.0000    45358    2.01%
    640   164      353.7059    53      349.0000      356.0000    46722    2.01%
    661   167      353.0000    42      349.0000      356.0000    47378    2.01%
    680   167      355.8750    68      349.0000      356.0000    48197    2.01%
    695   169      353.0000    10      349.0000      356.0000    48492    2.01%
    712   174      353.0000    26      349.0000      356.0000    49818    2.01%
    727   175      353.0000    45      349.0000      356.0000    51653    2.01%
    740   178      352.5000    33      349.0000      356.0000    52742    2.01%
    758   174      354.0000    16      349.0000      356.0000    54391    2.01%
Elapsed time = 54.87 sec. (56370.99 ticks, tree = 0.46 MB, solutions = 1)
    775   174      355.4906    48      349.0000      356.0000    55173    2.01%
    789   179      353.0000    31      349.0000      356.0000    55588    2.01%
    801   184      353.0000    20      349.0000      356.0000    56159    2.01%
    817   190      355.8750    55      349.0000      356.0000    57189    2.01%
    832   191      353.5000    24      349.0000      356.0000    57805    2.01%
    845   196      353.0000    24      349.0000      356.0000    57984    2.01%
    866   196      352.5000    34      349.0000      356.0000    58506    2.01%
    879   195      355.8750    53      349.0000      356.0000    59063    2.01%
    894   198      354.0000    35      349.0000      356.0000    59628    2.01%
    906   201      353.6512    39      349.0000      356.0000    60602    2.01%
Elapsed time = 64.35 sec. (66331.57 ticks, tree = 0.51 MB, solutions = 1)
    919   204      353.0000    22      349.0000      356.0000    61033    2.01%
    934   203      355.8750    44      349.0000      356.0000    62351    2.01%
    949   204      353.0000    44      349.0000      356.0000    62997    2.01%
    959   212      353.0000    39      349.0000      356.0000    63532    2.01%
    979   211      354.6000    43      349.0000      356.0000    64646    2.01%
    997   213      352.3333    38      349.0000      356.0000    65566    2.01%
   1022   214      353.0000    30      349.0000      356.0000    66933    2.01%
   1044   212      355.8750    56      349.0000      356.0000    68414    2.01%
   1076   222      353.0000    28      349.0000      356.0000    68902    2.01%
   1087   229      352.8571    31      349.0000      356.0000    69696    2.01%
Elapsed time = 73.79 sec. (76339.95 ticks, tree = 0.57 MB, solutions = 1)
   1110   231      354.0000    47      349.0000      356.0000    70878    2.01%
   1133   235      350.0000     8      349.0000      356.0000    72237    2.01%
   1153   237      353.0000    38      349.0000      356.0000    73625    2.01%
   1172   243      350.4286    25      349.0000      356.0000    74191    2.01%
   1187   247      356.0000    41      349.0000      356.0000    75263    2.01%
   1197   249      355.1667    18      349.0000      356.0000    76332    2.01%
   1214   252      356.0000    47      349.0000      356.0000    77099    2.01%
   1224   257      355.3000    49      349.0000      356.0000    78039    2.01%
   1238   260      351.0000    20      349.0000      356.0000    78945    2.01%
   1258   268      351.0000     6      349.0000      356.0000    80237    2.01%
Elapsed time = 83.32 sec. (86196.72 ticks, tree = 0.65 MB, solutions = 1)
   1270   272      356.0000    44      349.0000      356.0000    81593    2.01%
   1288   272      355.0000    40      349.0000      356.0000    82824    2.01%
   1305   272      355.9714    48      349.0000      356.0000    83912    2.01%
   1317   274      352.6875    36      349.0000      356.0000    84463    2.01%
   1344   276      355.3333    39      349.0000      356.0000    85101    2.01%
   1367   279      350.3333    21      349.0000      356.0000    85712    2.01%
   1385   280      355.5000    38      349.0000      356.0000    86404    2.01%
   1404   281      350.0000    24      349.0000      356.0000    87781    2.01%
   1423   282      355.3333    41      349.0000      356.0000    88445    2.01%
   1490   288      355.5000   208      349.0000      356.0000    92484    2.01%
Elapsed time = 95.91 sec. (99352.02 ticks, tree = 0.69 MB, solutions = 1)
   1540   304      352.0000    22      349.0000      356.0000    95088    2.01%
   1598   329      356.0000    83      349.0000      356.0000    97607    2.01%
   1647   345      355.0000    22      349.0000      356.0000    99971    2.01%
   1705   364      353.0000    20      349.0000      356.0000   102487    2.01%
   1771   367      354.8333    37      349.0000      356.0000   106991    2.01%
   1830   390      356.0000    47      349.0000      356.0000   109559    2.01%
   1891   399      356.0000    45      349.0000      356.0000   113899    2.01%

Performing restart 1

Repeating presolve.
Tried aggregator 1 time.
MIP Presolve eliminated 0 rows and 1 columns.
MIP Presolve modified 1 coefficients.
Reduced MIP has 3050 rows, 3819 columns, and 43325 nonzeros.
Reduced MIP has 3819 binaries, 0 generals, 0 SOSs, and 0 indicators.
Presolve time = 0.03 sec. (29.08 ticks)
Tried aggregator 1 time.
Reduced MIP has 3050 rows, 3819 columns, and 43325 nonzeros.
Reduced MIP has 3819 binaries, 0 generals, 0 SOSs, and 0 indicators.
Presolve time = 0.03 sec. (31.87 ticks)
Represolve time = 0.18 sec. (170.82 ticks)
   1936     0      354.0571   632      349.0000      Fract: 1   120466    1.45%
   1936     0      351.7218   732      349.0000       Cuts: 3   120706    0.78%
   1936     0      351.1619   726      349.0000      Fract: 1   120725    0.62%
   1936     0      350.8305   581      349.0000      Fract: 2   121202    0.52%
   1936     0      350.8305   551      349.0000   ZeroHalf: 1   121257    0.52%
   1936     2      350.8289   536      349.0000      350.8289   121289    0.52%

Implied bound cuts applied:  4
Zero-half cuts applied:  19
Gomory fractional cuts applied:  2

Root node processing (before b&c):
  Real time             =    2.91 sec. (2259.67 ticks)
Sequential b&c:
  Real time             =  128.37 sec. (133644.03 ticks)
                          ------------
Total (root+branch&cut) =  131.28 sec. (135903.70 ticks)
Primal:	349
Dual:	349
Status:	Optimal
Time:	131.27
Sequence:
	7
	9
	5
	9
	5
	0
	5
	9
	1
	4
	5
	0
	1
	9
	5
	9
	5
	9
	5
	9
	6
	0
	5
	4
	1
	4
	5
	0
	1
	9
	5
	9
	5
	9
	1
	9
	5
	9
	5
	9
	1
	9
	5
	9
	1
	9
	1
	0
	1
	9
	6
	9
	1
	9
	7
	0
	1
	9
	5
	2
	5
	9
	10
	0
	10
	9
	5
	2
	5
	9
	5
	9
	5
	4
	1
	9
	5
	4
	10
	4
	1
	4
	1
	9
	7
	9
	1
	9
	1
	9
	1
	9
	5
	9
	1
	9
	5
	9
	1
	0
	1
	4
	1
	9
	1
	0
	5
	9
	1
	0
	3
	9
	1
	4
	5
	9
	1
	9
	5
	9
	1
	4
	1
	4
	1
	9
	7
	4
	1
	4
	1
	4
	7
	9
	5
	9
	5
	9
	10
	9
	6
	4
	1
	0
	5
	4
	1
	4
	1
	9
	1
	4
	5
	0
	5
	9
	7
	9
	5
	9
	1
	4
	1
	4
	6
	9
	1
	9
	1
	4
	7
	9
	5
	9
	5
	9
	7
	9
	6
	4
	10
	9
	7
	0
	1
	4
	5
	9
	1
	0
	6
	9
	5
	9
	5
	9
	1
	9
	7
	9
	6
	9
	5
	9
	1
	9
	1
	9
	7
	9
	1
	9
	6
	9
	1
	9
	1
	9
	7
	9
	1
	9
	5
	9
	1
	9
	6
	9
	1
	4
	6
	2
	1
	9
	1
	0
	6
	9
	5
	9
	5
	9
	7
	9
	1
	9
	5
	0
	7
	9
	1
	9
	1
	4
	7
	9
	1
	4
	1
	9
	1
	9
	1
	4
	7
	9
	1
	9
	5
	9
	7
	9
	1
	9
	1
	9
	1
	9
	1
	9
	7
	9
	5
	9
	1
	2
	7
	9
	1
	9
	1
	9
	5
	9
	5
	9
	1
	9
	5
	9
	7
	9
	5
	9
	5
	9
	5
	9
	1
	9
	7
	9
	5
	9
	5
	9
	7
	9
	1
	9
	1
	4
	1
	9
	5
	9
	7
	9
	6
	9
	5
	9
	5
	9
	7
	0
	1
	9
	1
	9
	7
	9
	5
	9
	1
	4
	5
	9
	1
