Version identifier: 22.1.0.0 | 2022-03-09 | 1a383f8ce
CPXPARAM_Threads                                 1
CPXPARAM_MIP_Strategy_VariableSelect             3
CPXPARAM_TimeLimit                               597.70105211299995
1 of 1 MIP starts provided solutions.
MIP start 'm1' defined initial solution with objective 364.0000.
Tried aggregator 1 time.
MIP Presolve eliminated 385 rows and 371 columns.
MIP Presolve modified 1 coefficients.
Reduced MIP has 2594 rows, 4081 columns, and 46488 nonzeros.
Reduced MIP has 4081 binaries, 0 generals, 0 SOSs, and 0 indicators.
Presolve time = 0.05 sec. (28.45 ticks)
Probing time = 0.00 sec. (3.24 ticks)
Tried aggregator 1 time.
Detecting symmetries...
Reduced MIP has 2594 rows, 4081 columns, and 46488 nonzeros.
Reduced MIP has 4081 binaries, 0 generals, 0 SOSs, and 0 indicators.
Presolve time = 0.04 sec. (26.60 ticks)
Probing time = 0.00 sec. (3.24 ticks)
Clique table members: 1477.
MIP emphasis: balance optimality and feasibility.
MIP search method: dynamic search.
Parallel mode: none, using 1 thread.
Root relaxation solution time = 0.29 sec. (216.80 ticks)

        Nodes                                         Cuts/
   Node  Left     Objective  IInf  Best Integer    Best Bound    ItCnt     Gap

*     0+    0                          364.0000     4081.0000              --- 
      0     0      368.0000   836      364.0000      368.0000     2476    1.10%
*     0     0      integral     0      368.0000      Fract: 1     4924    0.00%
      0     0        cutoff            368.0000      368.0000     4924    0.00%
Elapsed time = 2.66 sec. (2174.58 ticks, tree = 0.01 MB, solutions = 2)

Gomory fractional cuts applied:  1

Root node processing (before b&c):
  Real time             =    2.66 sec. (2174.76 ticks)
Sequential b&c:
  Real time             =    0.00 sec. (0.00 ticks)
                          ------------
Total (root+branch&cut) =    2.66 sec. (2174.76 ticks)
Primal:	368
Dual:	368
Status:	Optimal
Time:	2.69
Sequence:
	7
	4
	9
	9
	9
	9
	7
	9
	9
	9
	9
	5
	0
	7
	4
	9
	9
	10
	9
	3
	9
	9
	9
	9
	9
	7
	9
	9
	9
	9
	4
	7
	9
	9
	9
	9
	9
	7
	9
	9
	9
	9
	9
	7
	9
	10
	9
	5
	9
	7
	9
	9
	9
	9
	9
	7
	9
	10
	4
	5
	9
	7
	9
	9
	4
	1
	4
	3
	9
	5
	4
	9
	4
	7
	9
	10
	9
	9
	9
	7
	4
	10
	4
	1
	9
	7
	4
	1
	4
	1
	9
	7
	4
	9
	5
	2
	4
	7
	9
	4
	9
	5
	4
	11
	4
	4
	9
	4
	9
	7
	4
	9
	4
	9
	4
	7
	9
	6
	4
	1
	4
	11
	4
	4
	9
	4
	4
	3
	9
	1
	4
	1
	4
	7
	2
	4
	9
	5
	9
	7
	4
	9
	5
	4
	9
	7
	9
	4
	9
	5
	9
	7
	4
	9
	5
	9
	4
	3
	4
	4
	1
	4
	4
	3
	4
	9
	5
	4
	9
	7
	9
	1
	4
	5
	0
	7
	4
	9
	9
	4
	0
	7
	4
	0
	4
	9
	2
	7
	9
	5
	4
	1
	9
	7
	4
	10
	9
	5
	9
	7
	9
	5
	2
	9
	9
	7
	2
	5
	4
	0
	4
	7
	9
	4
	1
	9
	4
	7
	9
	4
	0
	1
	4
	7
	9
	9
	5
	9
	4
	7
	0
	4
	9
	0
	9
	7
	9
	4
	4
	1
	0
	3
	9
	1
	9
	5
	9
	7
	9
	9
	9
	9
	0
	3
	9
	0
	9
	4
	9
	3
	9
	5
	4
	9
	4
	7
	9
	5
	9
	4
	4
	3
	9
	5
	4
	1
	2
	11
	4
	9
	4
	5
	9
	7
	4
	1
	9
	1
	4
	7
	2
	5
	4
	10
	0
	7
	9
	5
	9
	5
	4
	3
	9
	9
	9
	9
	9
	11
	4
	4
	9
	9
	0
	7
	4
	10
	4
	9
	9
	11
	4
	5
	9
	5
	4
	3
	2
	10
	9
	9
	4
	7
	9
	5
	4
	10
	4
	7
	9
	10
	9
	5
	9
	7
	9
	4
	4
	10
	4
	7
	9
	1
	9
	1
	9
	7
	4
	9
	0
	5
	9
	7
	4
	10
	4
	5
	2
	3
