Version identifier: 22.1.0.0 | 2022-03-09 | 1a383f8ce
CPXPARAM_Threads                                 1
CPXPARAM_MIP_Strategy_VariableSelect             3
CPXPARAM_TimeLimit                               598.10689568199996
1 of 1 MIP starts provided solutions.
MIP start 'm1' defined initial solution with objective 319.0000.
Tried aggregator 1 time.
MIP Presolve eliminated 17 rows and 742 columns.
MIP Presolve modified 5 coefficients.
Reduced MIP has 2962 rows, 3710 columns, and 42078 nonzeros.
Reduced MIP has 3710 binaries, 0 generals, 0 SOSs, and 0 indicators.
Presolve time = 0.03 sec. (24.17 ticks)
Probing time = 0.00 sec. (3.07 ticks)
Tried aggregator 1 time.
Detecting symmetries...
Reduced MIP has 2962 rows, 3710 columns, and 42078 nonzeros.
Reduced MIP has 3710 binaries, 0 generals, 0 SOSs, and 0 indicators.
Presolve time = 0.03 sec. (24.41 ticks)
Probing time = 0.00 sec. (3.07 ticks)
Clique table members: 1845.
MIP emphasis: balance optimality and feasibility.
MIP search method: dynamic search.
Parallel mode: none, using 1 thread.
Root relaxation solution time = 0.24 sec. (201.79 ticks)

        Nodes                                         Cuts/
   Node  Left     Objective  IInf  Best Integer    Best Bound    ItCnt     Gap

*     0+    0                          319.0000     3710.0000              --- 
      0     0      344.9297   651      319.0000      344.9297     2697    8.13%
      0     0      344.0000   571      319.0000      Cuts: 71     2829    7.84%
      0     0      343.8303   558      319.0000      Cuts: 45     3404    7.78%
      0     0      343.7581   717      319.0000     Cuts: 122     3635    7.76%
      0     0      343.7574   678      319.0000      Cuts: 42     3829    7.76%
      0     0      343.7545   692      319.0000      Cuts: 29     4025    7.76%
Detecting symmetries...
      0     0      343.7538   598      319.0000   Impl Bds: 2     4151    7.76%
      0     0      343.7530   586      319.0000      Cuts: 96     4428    7.76%
      0     0      343.7523   562      319.0000      Cuts: 25     4624    7.76%
      0     0      343.7515   562      319.0000   Impl Bds: 7     4630    7.76%
Detecting symmetries...
      0     2      343.7515   529      319.0000      343.7515     4630    7.76%
Elapsed time = 3.97 sec. (3288.05 ticks, tree = 0.01 MB, solutions = 1)
      3     1      343.7515   590      319.0000      343.7515     4792    7.76%
      5     1      343.7515   616      319.0000      343.7515     5244    7.76%
      7     1      343.7515   638      319.0000      343.7515     5381    7.76%
      8     2      343.7512   594      319.0000      343.7449     5688    7.76%
     10     1        cutoff            319.0000      343.7449     5937    7.76%
     12     1      343.7449   556      319.0000      343.7449     6185    7.76%
     14     3      343.7449   570      319.0000      343.7449     6379    7.76%
     16     3      343.7449   566      319.0000      343.7449     6579    7.76%
     19     3      343.7449   550      319.0000      343.7449     6908    7.76%
     26     3      342.3225   605      319.0000      342.3225     7432    7.31%
Elapsed time = 7.64 sec. (7442.68 ticks, tree = 0.03 MB, solutions = 1)
     34     4      338.5568   386      319.0000      341.4009     8436    7.02%
     46     5      336.8261   380      319.0000      341.4009     8625    7.02%
     62     8      333.2000    92      319.0000      341.4009     9109    7.02%
     75    10        cutoff            319.0000      341.4009    10560    7.02%
     98    11      331.1515    66      319.0000      341.4009    11708    7.02%
    110    13      330.0000    66      319.0000      341.4009    13114    7.02%
    128    15      329.5333    55      319.0000      341.4009    14827    7.02%
    142    18      328.0000    30      319.0000      341.4009    17102    7.02%
    159    19        cutoff            319.0000      341.4009    23672    7.02%
    177    21      328.0000    26      319.0000      341.4009    28853    7.02%
Elapsed time = 17.39 sec. (17402.62 ticks, tree = 0.07 MB, solutions = 1)
    187    21      341.3237   580      319.0000      341.3237    30651    7.00%
    196    25      338.7508   566      319.0000      338.7508    31536    6.19%
    201    30      338.3388   222      319.0000      338.7508    32088    6.19%
    212    32      337.5185   113      319.0000      338.7508    32620    6.19%
    222    33      337.5185   113      319.0000      338.7508    33163    6.19%
    232    34      336.8673   101      319.0000      338.7508    33574    6.19%
    250    35      332.0000    75      319.0000      338.7508    34754    6.19%
    260    41      332.0000    49      319.0000      338.7508    36928    6.19%
    276    45        cutoff            319.0000      338.7508    43053    6.19%
    293    46        cutoff            319.0000      338.7508    52690    6.19%
Elapsed time = 27.47 sec. (27585.60 ticks, tree = 0.11 MB, solutions = 1)
    310    47      332.0000    28      319.0000      338.7508    61760    6.19%
    327    48        cutoff            319.0000      338.7508    71736    6.19%
    341    49      330.5200    49      319.0000      338.7508    77188    6.19%
    351    50      330.5000    40      319.0000      338.7508    82236    6.19%
    367    53      330.0000    45      319.0000      338.7508    87339    6.19%
    384    62        cutoff            319.0000      338.7508    92890    6.19%
    403    67        cutoff            319.0000      338.7508   100928    6.19%
    427    71      330.0000    28      319.0000      338.7508   109282    6.19%
    454    75      338.7500   596      319.0000      338.7500   117296    6.19%
    459    80      338.7492   580      319.0000      338.7492   117767    6.19%
Elapsed time = 38.83 sec. (37704.45 ticks, tree = 0.29 MB, solutions = 1)
    464    85      338.7492   590      319.0000      338.7492   117966    6.19%
    469    90      338.7492   586      319.0000      338.7492   118164    6.19%
    474    95      338.7492   588      319.0000      338.7492   118457    6.19%
    480   101      338.7492   633      319.0000      338.7492   118728    6.19%
    486   103      338.7492   655      319.0000      338.7492   119069    6.19%
    494   105      338.7484   709      319.0000      338.7484   119302    6.19%
    504   107      337.8202   634      319.0000      338.7375   119723    6.19%
    510   111      336.8854   610      319.0000      338.7375   119940    6.19%
    516   117      336.8854   611      319.0000      338.7375   120296    6.19%
    523   124      336.8854   612      319.0000      338.7375   120493    6.19%
Elapsed time = 47.99 sec. (48392.97 ticks, tree = 1.43 MB, solutions = 1)
    528   129      336.8854   645      319.0000      338.7375   120738    6.19%
    534   130      335.8914   659      319.0000      338.7375   121126    6.19%
    548   132      333.9518   496      319.0000      338.7375   121630    6.19%
    554   136      333.9518   507      319.0000      338.7375   121996    6.19%
    560   140      333.9518   496      319.0000      338.7375   122250    6.19%
    570   141      332.9535   521      319.0000      338.7375   122428    6.19%
    576   144      332.5000   369      319.0000      338.7375   123101    6.19%
    582   150      332.0000   311      319.0000      338.7375   123198    6.19%
    594   156      331.4906   210      319.0000      338.7375   124205    6.19%
    602   163      337.3065   353      319.0000      338.7222   124639    6.18%
Elapsed time = 57.13 sec. (58679.59 ticks, tree = 2.47 MB, solutions = 1)
    609   166      336.0455   351      319.0000      338.7222   124869    6.18%
    617   166      336.0455   329      319.0000      338.7222   125303    6.18%
    630   167      336.0455   328      319.0000      338.7222   126235    6.18%
    640   167      335.3393   327      319.0000      338.7222   127303    6.18%
    649   170      332.0000   369      319.0000      338.7222   127561    6.18%
    660   177      332.0000    39      319.0000      338.7222   128681    6.18%
    673   186      332.0000    38      319.0000      338.7222   131516    6.18%
    690   189        cutoff            319.0000      338.7222   135643    6.18%
    708   191      332.0000    32      319.0000      338.7222   141732    6.18%
    725   192      332.0000    30      319.0000      338.7222   149451    6.18%
Elapsed time = 67.65 sec. (68955.76 ticks, tree = 3.20 MB, solutions = 1)
    741   193      331.5000    39      319.0000      338.7222   154476    6.18%
    759   192      338.7213   592      319.0000      338.7213   155698    6.18%
    765   196      337.9127   431      319.0000      338.7213   156082    6.18%
    775   198      334.0000   423      319.0000      338.7213   156313    6.18%
    784   200      332.8025   375      319.0000      338.7213   157474    6.18%
    793   204      332.1532   109      319.0000      338.7213   158284    6.18%
    807   206      332.1532   202      319.0000      338.7213   159444    6.18%
    822   209      332.0746   217      319.0000      338.7213   160064    6.18%
    838   211      332.0746   179      319.0000      338.7213   161217    6.18%
    849   212      331.0991   141      319.0000      338.7213   163468    6.18%
Elapsed time = 77.75 sec. (79317.07 ticks, tree = 3.75 MB, solutions = 1)
    864   215      329.5417   109      319.0000      338.7213   163937    6.18%
    884   216      328.6042   149      319.0000      338.7213   164565    6.18%
    904   217      338.7203   592      319.0000      338.7203   165464    6.18%
    909   222      338.7037   555      319.0000      338.7203   165726    6.18%
    920   225      337.0952    81      319.0000      338.7203   166581    6.18%
    935   226      336.0541    77      319.0000      338.7203   167881    6.18%
    952   228      334.0857    72      319.0000      338.7203   168712    6.18%
    964   231      333.5588    58      319.0000      338.7203   169633    6.18%
    977   234      333.5588    59      319.0000      338.7203   171200    6.18%
    990   235      333.5588    61      319.0000      338.7203   172984    6.18%
Elapsed time = 87.72 sec. (89613.99 ticks, tree = 4.30 MB, solutions = 1)
   1005   234      332.5000    59      319.0000      338.7203   174528    6.18%
   1016   236      332.0000    43      319.0000      338.7203   177081    6.18%
   1029   240        cutoff            319.0000      338.7203   180906    6.18%
   1042   242      332.0000    44      319.0000      338.7203   186169    6.18%
   1059   247        cutoff            319.0000      338.7203   191746    6.18%
   1083   249        cutoff            319.0000      338.7203   198144    6.18%
   1103   251        cutoff            319.0000      338.7203   205821    6.18%
   1122   254        cutoff            319.0000      338.7203   212255    6.18%
   1147   259      330.5000    33      319.0000      338.7203   217574    6.18%
   1180   276      337.7979   577      319.0000      338.7143   219240    6.18%
Elapsed time = 100.89 sec. (102379.09 ticks, tree = 4.70 MB, solutions = 1)
   1202   294      336.8071   551      319.0000      338.7143   219752    6.18%
   1224   313      333.9457   444      319.0000      338.7143   221189    6.18%
   1246   335      333.9457   433      319.0000      338.7143   222380    6.18%
   1282   349        cutoff            319.0000      338.7143   228636    6.18%
   1320   368      337.8889   135      319.0000      338.7133   234744    6.18%
   1360   376      337.4000    87      319.0000      338.7133   242223    6.18%
   1407   384      338.7101   527      319.0000      338.7101   247765    6.18%
   1425   402      338.7101   521      319.0000      338.7101   248889    6.18%

Performing restart 1

Repeating presolve.
Tried aggregator 1 time.
MIP Presolve eliminated 3 rows and 7 columns.
MIP Presolve modified 5 coefficients.
Reduced MIP has 2959 rows, 3703 columns, and 41946 nonzeros.
Reduced MIP has 3703 binaries, 0 generals, 0 SOSs, and 0 indicators.
Presolve time = 0.03 sec. (22.85 ticks)
Tried aggregator 1 time.
Reduced MIP has 2959 rows, 3703 columns, and 41946 nonzeros.
Reduced MIP has 3703 binaries, 0 generals, 0 SOSs, and 0 indicators.
Presolve time = 0.03 sec. (24.66 ticks)
Represolve time = 0.17 sec. (157.22 ticks)
   1428     0      343.2180   678      319.0000       Cuts: 9   253387    6.18%
   1428     0      330.2552   755      319.0000     Cuts: 128   254419    3.53%
   1428     0      329.2514   635      319.0000      Cuts: 49   254798    3.21%
   1428     0      329.2514   630      319.0000      Cuts: 13   254848    3.21%
   1428     0      329.2514   630      319.0000       Cuts: 8   254885    3.21%
   1428     0      329.2514   587      319.0000   ZeroHalf: 1   254889    3.21%
   1428     0      329.2514   588      319.0000       Cuts: 6   254919    3.21%
   1428     0      329.2514   580      319.0000       Cuts: 2   254965    3.21%
   1428     0      329.2514   580      319.0000       Cuts: 7   254970    3.21%
   1428     0      329.2514   580      319.0000   ZeroHalf: 1   254977    3.21%
   1428     2      329.2514   580      319.0000      329.2514   254977    3.21%
   1482     7      325.0774    65      319.0000      329.2514   257759    3.21%
Elapsed time = 140.50 sec. (143479.41 ticks, tree = 0.01 MB, solutions = 1)
   1558    15      329.2514   580      319.0000      329.2505   260214    3.21%
   1598    16      329.2227   555      319.0000      329.2227   261477    3.20%
   1652    25      323.0000    14      319.0000      329.2227   263182    3.20%
   1728    37      325.8186   135      319.0000      329.2227   267621    3.20%
   1806    60        cutoff            319.0000      329.2227   272130    3.20%
   1849    81      329.0799   525      319.0000      329.0799   274176    3.16%
   1878   110      329.0400   499      319.0000      329.0400   274495    3.15%
   1905   134      328.1453   507      319.0000      328.8407   275288    3.08%
   1930   155      322.0000   288      319.0000      328.8407   276358    3.08%
   1980   187      326.5784   158      319.0000      328.8407   278099    3.08%
Elapsed time = 175.33 sec. (182078.35 ticks, tree = 0.35 MB, solutions = 1)
   2046   193      322.5625    50      319.0000      328.8407   282361    3.08%
   2106   200      326.8978   181      319.0000      328.8407   286104    3.08%
   2162   207      324.7867   121      319.0000      328.8407   287755    3.08%
   2210   221      324.9054   180      319.0000      328.8407   289143    3.08%
   2262   264      324.3226    71      319.0000      328.8407   289505    3.08%
   2316   304      322.2742   181      319.0000      328.8407   290160    3.08%
   2361   319      323.3744   120      319.0000      328.8407   291594    3.08%
   2417   340      326.0285   245      319.0000      328.8407   292951    3.08%
   2464   368      323.4615   115      319.0000      328.8407   293439    3.08%
   2524   379      325.9991   198      319.0000      328.8407   295000    3.08%
Elapsed time = 211.00 sec. (220778.28 ticks, tree = 0.75 MB, solutions = 1)
   2591   393      326.5784   270      319.0000      328.8398   297113    3.08%
   2633   422      323.9163    43      319.0000      328.8398   299462    3.08%
   2703   428      326.6545   143      319.0000      328.6786   302019    3.03%
   2762   446      323.0000    42      319.0000      328.6786   303583    3.03%
   2830   453      325.1495   108      319.0000      328.5098   305919    2.98%
   2912   468      321.5000    35      319.0000      328.5098   312805    2.98%
   2971   502      324.7083   135      319.0000      328.5098   313613    2.98%
   3021   542      322.6212   140      319.0000      328.5098   314036    2.98%
   3070   567      322.8936   134      319.0000      328.4134   314859    2.95%
   3151   569      324.7183   132      319.0000      328.0084   322204    2.82%
Elapsed time = 246.46 sec. (259284.00 ticks, tree = 1.13 MB, solutions = 1)
   3202   583      323.0000    50      319.0000      327.9767   324713    2.81%
   3264   594      324.7183   130      319.0000      327.7472   329337    2.74%
   3330   606      322.8992   128      319.0000      327.7014   332921    2.73%
   3415   608      325.4638   149      319.0000      327.2799   343275    2.60%
   3464   645      323.5455   120      319.0000      327.2799   343637    2.60%
   3510   672      323.9160   129      319.0000      327.2799   344776    2.60%
   3583   687      322.0000    12      319.0000      327.2799   349976    2.60%
   3664   696      325.4638   121      319.0000      327.2799   356087    2.60%
   3716   732      322.6129    57      319.0000      327.2799   356408    2.60%
   3778   746        cutoff            319.0000      327.2799   358846    2.60%
Elapsed time = 283.52 sec. (297918.18 ticks, tree = 1.49 MB, solutions = 1)
   3852   764      323.8990    81      319.0000      327.2267   363567    2.58%
   3907   794      321.4811   104      319.0000      327.2267   364380    2.58%
   3964   812      324.0052   184      319.0000      327.2228   368901    2.58%
   4018   833      322.0000    24      319.0000      327.2007   372748    2.57%
   4078   845      321.0000    38      319.0000      327.1576   375038    2.56%
   4129   854      322.0000   210      319.0000      327.1576   378941    2.56%
   4178   863      325.1500   180      319.0000      327.0794   381992    2.53%
   4236   871      324.0052   229      319.0000      326.8978   384206    2.48%
   4293   907      324.8064   156      319.0000      326.8978   385019    2.48%
   4364   912      323.4120   221      319.0000      326.7751   387166    2.44%
Elapsed time = 319.71 sec. (336398.15 ticks, tree = 1.81 MB, solutions = 1)
   4449   930      324.5981   196      319.0000      326.7592   392715    2.43%
   4500   943      322.6471    85      319.0000      326.7026   395718    2.41%
   4562   962      320.0000    13      319.0000      326.6991   399239    2.41%
   4612   974      323.2723    62      319.0000      326.5881   401968    2.38%
   4658   997      324.3294   246      319.0000      326.5881   403816    2.38%
   4709  1014      324.4531   135      319.0000      326.5881   405727    2.38%
   4777  1015      324.7239   145      319.0000      326.5426   409534    2.36%
   4837  1026      322.8000    58      319.0000      326.5426   414591    2.36%
   4900  1032      324.8552   127      319.0000      326.4779   418135    2.34%
   4953  1052      323.0000    38      319.0000      326.4779   420770    2.34%
Elapsed time = 356.58 sec. (375034.31 ticks, tree = 2.11 MB, solutions = 1)
   5017  1067      324.8258   133      319.0000      326.4779   423801    2.34%
   5073  1082      324.4531   141      319.0000      326.4293   426724    2.33%
   5113  1108      322.7209    80      319.0000      326.4293   427462    2.33%
   5185  1119      322.0000   110      319.0000      325.8761   430542    2.16%
   5238  1121      322.0000    33      319.0000      325.7195   434258    2.11%
   5311  1119      323.0000    27      319.0000      325.3057   436673    1.98%
   5368  1121      324.7021   172      319.0000      325.1500   438460    1.93%
   5423  1136      322.3333   209      319.0000      325.1495   439955    1.93%
   5487  1143      321.6190    81      319.0000      325.0000   442407    1.88%
   5541  1156      323.6170   191      319.0000      325.0000   444251    1.88%
Elapsed time = 392.72 sec. (413566.86 ticks, tree = 2.31 MB, solutions = 1)
   5594  1173      322.6212   317      319.0000      325.0000   446108    1.88%
   5637  1208      321.9620   151      319.0000      325.0000   447533    1.88%
   5696  1226      323.5588   270      319.0000      325.0000   449275    1.88%
   5750  1259      323.4878   123      319.0000      324.9900   449809    1.88%
   5805  1289      324.9395   321      319.0000      324.9395   450848    1.86%
   5858  1296      324.9139   287      319.0000      324.9139   451961    1.85%
   5914  1301      324.5900   118      319.0000      324.8064   453791    1.82%
   5969  1319        cutoff            319.0000      324.7732   455281    1.81%
   6030  1327      324.4715    93      319.0000      324.7732   458169    1.81%
   6100  1331      324.4715    93      319.0000      324.7680   461665    1.81%
Elapsed time = 428.52 sec. (452279.81 ticks, tree = 2.64 MB, solutions = 1)
   6168  1342      323.3140   113      319.0000      324.7376   465540    1.80%
   6264  1342      324.4715   157      319.0000      324.7183   468579    1.79%
   6348  1349      322.7955   133      319.0000      324.7183   470750    1.79%
   6420  1351      322.6870   123      319.0000      324.5538   474807    1.74%
   6473  1390      321.7805    91      319.0000      324.5538   475285    1.74%
   6546  1395      323.7228   186      319.0000      324.5078   476905    1.73%
   6617  1409      321.5920    61      319.0000      324.5078   479439    1.73%
   6699  1418      324.4715    87      319.0000      324.4715   481829    1.72%
   6772  1422      324.4531   130      319.0000      324.4531   483984    1.71%
   6825  1444      322.7447    97      319.0000      324.4531   484778    1.71%
Elapsed time = 464.08 sec. (490813.99 ticks, tree = 2.85 MB, solutions = 1)
   6883  1468      321.4545   325      319.0000      324.4531   486081    1.71%
   6944  1481      324.4437   131      319.0000      324.4437   488197    1.71%
   6996  1518      322.2131   305      319.0000      324.4437   488826    1.71%
   7041  1544        cutoff            319.0000      324.4437   489433    1.71%
   7105  1542      324.3294   131      319.0000      324.4406   490989    1.71%
   7166  1554      322.4545    53      319.0000      324.3294   495270    1.67%
   7227  1585      320.6296    46      319.0000      324.3226   497036    1.67%
   7284  1609      322.1429    37      319.0000      324.3000   499408    1.66%
   7354  1616      323.6814   134      319.0000      324.2915   502336    1.66%
   7405  1621      324.1176   198      319.0000      324.2915   503737    1.66%
Elapsed time = 501.05 sec. (529508.63 ticks, tree = 3.19 MB, solutions = 1)
   7461  1629      323.8641   173      319.0000      324.2502   505601    1.65%
   7524  1636      322.5385   286      319.0000      324.2427   507419    1.64%
   7575  1662      323.9955    60      319.0000      324.2427   509151    1.64%
   7636  1677      323.4833    71      319.0000      324.2427   513169    1.64%
   7690  1704      322.7500    67      319.0000      324.2427   514640    1.64%
   7752  1724      322.3143    96      319.0000      324.2427   516366    1.64%
   7801  1740      323.9955    71      319.0000      324.2427   519385    1.64%
   7860  1747      321.5000    35      319.0000      324.2427   522917    1.64%
   7908  1770      323.9955    85      319.0000      324.2427   524147    1.64%
   7974  1790      322.0000    22      319.0000      324.2427   526260    1.64%
Elapsed time = 537.60 sec. (568000.80 ticks, tree = 3.51 MB, solutions = 1)
Starting limited solution polishing.
   8041  1809      324.2293    83      319.0000      324.2176   529573    1.64%
   8129  1810      322.6757    52      319.0000      324.0870   533258    1.59%
   8188  1838      322.4444    60      319.0000      324.0870   534494    1.59%
   8254  1853      322.0000    32      319.0000      324.0052   537475    1.57%
   8328  1862      322.0000   245      319.0000      324.0000   541157    1.57%
   8382  1890      321.1429    33      319.0000      324.0000   542902    1.57%
   8446  1891      323.2500    57      319.0000      324.0000   544899    1.57%
   8520  1896      323.7500   193      319.0000      324.0000   547102    1.57%
   8593  1907      323.0000    24      319.0000      324.0000   550573    1.57%
   8665  1918      321.0000    22      319.0000      324.0000   554462    1.57%
Elapsed time = 575.01 sec. (606553.17 ticks, tree = 3.76 MB, solutions = 1)
   8728  1928      320.7727   189      319.0000      324.0000   556531    1.57%
   8797  1951      323.6283   137      319.0000      324.0000   558720    1.57%
   8877  1977      323.8986   230      319.0000      324.0000   559938    1.57%
   8936  2022      321.7436   144      319.0000      324.0000   560201    1.57%
   9028  2037      323.8614   171      319.0000      324.0000   562948    1.57%
   9112  2061      323.8614   145      319.0000      324.0000   564559    1.57%

GUB cover cuts applied:  18
Clique cuts applied:  9
Cover cuts applied:  1
Implied bound cuts applied:  9
Mixed integer rounding cuts applied:  1
Zero-half cuts applied:  63
Gomory fractional cuts applied:  2

Root node processing (before b&c):
  Real time             =    3.95 sec. (3269.26 ticks)
Sequential b&c:
  Real time             =  594.16 sec. (627732.50 ticks)
                          ------------
Total (root+branch&cut) =  598.11 sec. (631001.76 ticks)
Primal:	319
Dual:	324
Status:	Feasible
Time:	598.04
Sequence:
	1
	9
	10
	0
	11
	9
	1
	9
	10
	2
	1
	9
	1
	4
	1
	4
	1
	4
	7
	9
	1
	0
	1
	4
	1
	4
	11
	0
	1
	4
	1
	4
	1
	0
	1
	9
	1
	4
	7
	0
	5
	9
	10
	0
	10
	4
	1
	9
	1
	0
	6
	4
	10
	9
	11
	4
	1
	9
	1
	9
	5
	4
	11
	0
	1
	9
	5
	9
	6
	9
	1
	0
	10
	9
	6
	9
	1
	4
	1
	9
	1
	4
	11
	4
	6
	0
	1
	9
	1
	4
	1
	4
	1
	4
	1
	9
	11
	9
	10
	0
	6
	4
	11
	4
	1
	9
	5
	4
	1
	9
	10
	4
	1
	4
	1
	9
	6
	4
	1
	9
	1
	0
	1
	9
	1
	9
	6
	9
	1
	9
	1
	0
	1
	4
	7
	9
	1
	4
	1
	0
	5
	9
	5
	4
	1
	0
	1
	4
	6
	9
	1
	4
	7
	0
	5
	9
	1
	9
	6
	9
	1
	4
	1
	9
	6
	0
	5
	9
	1
	9
	1
	9
	1
	9
	1
	4
	6
	0
	1
	4
	1
	4
	1
	9
	5
	4
	1
	9
	6
	9
	5
	4
	1
	0
	5
	4
	1
	0
	7
	4
	1
	9
	1
	9
	1
	4
	1
	0
	1
	9
	5
	4
	1
	9
	6
	9
	1
	4
	1
	9
	7
	9
	6
	9
	1
	0
	5
	9
	1
	9
	1
	9
	1
	9
	1
	0
	7
	9
	6
	9
	5
	9
	7
	9
	5
	9
	5
	9
	6
	9
	5
	9
	5
	9
	5
	9
	7
	9
	5
	9
	1
	9
	1
	9
	5
	9
	6
	9
	7
	9
	1
	9
	6
	9
	7
	9
	6
	9
	1
	9
	5
	9
	5
	9
	5
	9
	5
	9
	5
	9
	1
	9
	6
	9
	5
	9
	7
	9
	5
	9
	1
	9
	7
	9
	5
	9
	5
	9
	1
	9
	6
	9
	1
	9
	7
	9
	6
	9
	1
