Version identifier: 22.1.0.0 | 2022-03-09 | 1a383f8ce
CPXPARAM_Threads                                 1
CPXPARAM_MIP_Strategy_VariableSelect             3
CPXPARAM_TimeLimit                               599.98888145599994
1 of 1 MIP starts provided solutions.
MIP start 'm1' defined initial solution with objective 599.0000.
Tried aggregator 1 time.
MIP Presolve eliminated 612 rows and 599 columns.
MIP Presolve modified 7 coefficients.
Reduced MIP has 4191 rows, 6589 columns, and 73435 nonzeros.
Reduced MIP has 6589 binaries, 0 generals, 0 SOSs, and 0 indicators.
Presolve time = 0.07 sec. (57.40 ticks)
Probing time = 0.01 sec. (7.30 ticks)
Tried aggregator 1 time.
Detecting symmetries...
MIP Presolve eliminated 1 rows and 0 columns.
Reduced MIP has 4190 rows, 6589 columns, and 73427 nonzeros.
Reduced MIP has 6589 binaries, 0 generals, 0 SOSs, and 0 indicators.
Presolve time = 0.07 sec. (59.42 ticks)
Probing time = 0.01 sec. (7.30 ticks)
Clique table members: 2389.
MIP emphasis: balance optimality and feasibility.
MIP search method: dynamic search.
Parallel mode: none, using 1 thread.
Root relaxation solution time = 0.01 sec. (11.89 ticks)

        Nodes                                         Cuts/
   Node  Left     Objective  IInf  Best Integer    Best Bound    ItCnt     Gap

*     0+    0                          599.0000     6589.0000              --- 
      0     0        cutoff            599.0000                     11     --- 

Root node processing (before b&c):
  Real time             =    0.21 sec. (166.79 ticks)
Sequential b&c:
  Real time             =    0.00 sec. (0.00 ticks)
                          ------------
Total (root+branch&cut) =    0.21 sec. (166.79 ticks)
Primal:	599
Dual:	599
Status:	Optimal
Time:	0.26
Sequence:
	7
	4
	1
	0
	10
	4
	5
	9
	7
	4
	1
	4
	0
	4
	7
	9
	4
	9
	4
	1
	4
	7
	0
	9
	4
	0
	1
	4
	7
	0
	4
	5
	0
	9
	1
	9
	9
	7
	9
	5
	8
	10
	4
	7
	9
	9
	4
	10
	9
	9
	5
	9
	9
	7
	0
	4
	10
	0
	1
	4
	4
	11
	4
	9
	9
	8
	1
	4
	0
	7
	9
	5
	0
	1
	9
	7
	0
	1
	9
	5
	0
	7
	4
	9
	4
	5
	0
	5
	9
	1
	9
	7
	9
	9
	0
	5
	9
	1
	9
	7
	8
	9
	5
	9
	8
	4
	9
	9
	7
	4
	1
	4
	0
	4
	5
	0
	7
	9
	5
	0
	5
	9
	7
	4
	1
	9
	9
	5
	0
	9
	1
	0
	4
	7
	9
	5
	4
	0
	1
	4
	9
	7
	9
	2
	5
	4
	0
	7
	4
	0
	5
	4
	1
	0
	7
	4
	1
	4
	9
	5
	0
	1
	4
	4
	0
	9
	4
	0
	7
	9
	9
	1
	4
	0
	7
	4
	0
	5
	4
	0
	7
	9
	5
	0
	9
	5
	2
	7
	9
	5
	9
	4
	0
	7
	9
	0
	9
	5
	0
	4
	7
	0
	5
	4
	9
	0
	3
	4
	5
	9
	5
	0
	7
	9
	1
	9
	5
	9
	7
	0
	4
	1
	0
	9
	7
	0
	9
	4
	8
	1
	9
	11
	9
	4
	1
	0
	9
	11
	9
	0
	4
	1
	9
	7
	9
	9
	1
	0
	5
	9
	7
	9
	5
	4
	9
	9
	7
	8
	9
	9
	5
	9
	0
	7
	9
	0
	5
	9
	4
	9
	0
	7
	9
	5
	0
	9
	5
	0
	7
	9
	0
	5
	9
	4
	7
	0
	9
	9
	9
	1
	9
	1
	9
	7
	4
	1
	4
	1
	0
	7
	4
	0
	4
	5
	0
	9
	7
	4
	1
	4
	5
	9
	7
	9
	5
	4
	1
	9
	7
	9
	5
	9
	1
	4
	9
	7
	9
	9
	9
	4
	1
	9
	7
	8
	10
	9
	5
	0
	7
	4
	9
	9
	5
	0
	5
	4
	9
	10
	9
	7
	4
	0
	5
	4
	0
	5
	4
	9
	7
	0
	1
	9
	5
	9
	9
	7
	9
	9
	5
	9
	0
	1
	9
	9
	7
	0
	4
	5
	0
	4
	4
	1
	0
	7
	9
	5
	0
	5
	4
	0
	5
	4
	9
	7
	4
	1
	0
	4
	1
	9
	0
	7
	9
	0
	1
	4
	0
	4
	9
	7
	0
	9
	5
	0
	9
	7
	0
	5
	9
	0
	9
	5
	4
	1
	9
	7
	0
	5
	9
	0
	9
	7
	9
	9
	5
	4
	0
	7
	4
	9
	1
	9
	2
	9
	7
	0
	9
	9
	9
	5
	9
	7
	9
	5
	9
	5
	9
	9
	4
	7
	9
	5
	8
	9
	9
	7
	2
	1
	9
	0
	9
	9
	0
	7
	9
	0
	9
	9
	5
	0
	7
	9
	0
	4
	5
	0
	5
	9
	4
	7
	9
	5
	0
	5
	9
	7
	0
	5
	4
	9
	9
	0
	7
	9
	4
	5
	9
	8
	9
	7
	0
	5
	4
	1
	9
	7
	4
	9
	9
	9
	9
	1
	9
	0
	7
	9
	9
	9
	9
	1
	4
	7
	0
	9
	5
	9
	5
	0
	7
	4
	1
	4
	10
	9
	0
	7
	9
	9
	5
	0
	5
	9
	5
	0
	9
	7
	0
	9
	5
	9
	5
	0
	9
	7
	0
	9
	5
	0
	9
	5
	9
	9
	7
	0
	9
	5
	0
	1
	9
	9
	0
	7
	4
	10
	0
	9
	4
	7
	9
	5
	4
	9
	9
	9
	0
	9
	7
	4
	1
