Version identifier: 22.1.0.0 | 2022-03-09 | 1a383f8ce
CPXPARAM_Threads                                 1
CPXPARAM_MIP_Strategy_VariableSelect             3
CPXPARAM_TimeLimit                               598.35418619799998
1 of 1 MIP starts provided solutions.
MIP start 'm1' defined initial solution with objective 331.0000.
Tried aggregator 1 time.
MIP Presolve eliminated 19 rows and 1460 columns.
MIP Presolve modified 4 coefficients.
Reduced MIP has 2912 rows, 2920 columns, and 31962 nonzeros.
Reduced MIP has 2920 binaries, 0 generals, 0 SOSs, and 0 indicators.
Presolve time = 0.03 sec. (19.44 ticks)
Probing time = 0.00 sec. (2.77 ticks)
Tried aggregator 1 time.
Detecting symmetries...
Reduced MIP has 2912 rows, 2920 columns, and 31962 nonzeros.
Reduced MIP has 2920 binaries, 0 generals, 0 SOSs, and 0 indicators.
Presolve time = 0.02 sec. (18.57 ticks)
Probing time = 0.00 sec. (2.77 ticks)
Clique table members: 1814.
MIP emphasis: balance optimality and feasibility.
MIP search method: dynamic search.
Parallel mode: none, using 1 thread.
Root relaxation solution time = 0.26 sec. (212.22 ticks)

        Nodes                                         Cuts/
   Node  Left     Objective  IInf  Best Integer    Best Bound    ItCnt     Gap

*     0+    0                          331.0000     2920.0000           782.18%
      0     0      347.9533   656      331.0000      347.9533     2979    5.12%
      0     0      347.0000   509      331.0000     Cuts: 102     3212    4.83%
      0     0      346.8952   524      331.0000      Cuts: 39     3956    4.80%
      0     0      346.8403   546      331.0000      Cuts: 57     4329    4.79%
      0     0      346.8397   657      331.0000      Cuts: 43     4550    4.79%
      0     0      346.8392   636      331.0000      Cuts: 34     4718    4.79%
Detecting symmetries...
      0     0      346.8366   699      331.0000      Cuts: 52     4922    4.78%
Detecting symmetries...
      0     2      346.8366   492      331.0000      346.8366     4922    4.78%
Elapsed time = 3.16 sec. (2544.79 ticks, tree = 0.01 MB, solutions = 1)
      2     2        cutoff            331.0000      346.8366     5983    4.78%
      5     3      346.8366   512      331.0000      346.8314     6190    4.78%
      8     3      346.8314   509      331.0000      346.8314     6351    4.78%
     10     3      346.8314   514      331.0000      346.8314     6389    4.78%
     13     3        cutoff            331.0000      346.8314     7534    4.78%
     15     4      346.8309   526      331.0000      346.8309     7546    4.78%
     18     5      346.8309   556      331.0000      346.8309     7747    4.78%
     20     7      346.8309   533      331.0000      346.8309     7890    4.78%
     22     7        cutoff            331.0000      346.7255     8751    4.75%
     31     8      346.4352   654      331.0000      346.4352     9866    4.66%
Elapsed time = 6.95 sec. (6568.86 ticks, tree = 0.02 MB, solutions = 1)
     37    12      346.4352   604      331.0000      346.4352    10202    4.66%
     45    12      346.3465   593      331.0000      346.3465    10651    4.64%
     54    12      345.4352   629      331.0000      345.4352    11206    4.36%
     69    13      334.9860   447      331.0000      343.4149    12901    3.75%
     83    19      333.0000    23      331.0000      343.4149    15550    3.75%
     93    23      333.0000    10      331.0000      343.4149    18524    3.75%
    105    27      333.0000    10      331.0000      343.4149    21005    3.75%
    114    32      333.0000    10      331.0000      343.4149    22875    3.75%
    130    40      333.0000    16      331.0000      343.4149    26224    3.75%
    153    36      340.4375    51      331.0000      340.4375    32105    2.85%
Elapsed time = 17.48 sec. (16932.81 ticks, tree = 0.06 MB, solutions = 1)
    165    38      336.3636    42      331.0000      339.0000    33458    2.42%
    190    36      334.0000    28      331.0000      339.0000    34545    2.42%
    200    40      334.0000    12      331.0000      339.0000    38472    2.42%
    219    37      334.9860   459      331.0000      334.9860    43805    1.20%
    228    45      334.9860   453      331.0000      334.9860    44437    1.20%
    235    50      334.9859   476      331.0000      334.9826    45135    1.20%
    246    51      333.9715   454      331.0000      334.9565    45775    1.20%
    258    58      332.0000    18      331.0000      334.9565    47136    1.20%
    270    58      334.9468   171      331.0000      334.9535    50561    1.19%
    282    63      332.0000    35      331.0000      334.9535    52674    1.19%
Elapsed time = 27.86 sec. (27145.13 ticks, tree = 0.10 MB, solutions = 1)
    290    71      332.0000    52      331.0000      334.9535    53222    1.19%
    301    78      332.0000    20      331.0000      334.9535    55101    1.19%
    316    87      332.0000    10      331.0000      334.9535    58750    1.19%
    332    92      332.0000    16      331.0000      334.9535    60999    1.19%
    345    91      334.9432   180      331.0000      334.9468    63371    1.19%
    359    91        cutoff            331.0000      334.9468    66337    1.19%
    373    97      332.0000    14      331.0000      334.9468    68166    1.19%
    393   102      334.4737   153      331.0000      334.9425    70614    1.19%
    410   106      332.0000    32      331.0000      334.9425    71674    1.19%
    425   108      333.0000   110      331.0000      334.9420    73873    1.19%
Elapsed time = 38.41 sec. (37056.34 ticks, tree = 0.18 MB, solutions = 1)
    437   108      334.9296   129      331.0000      334.9412    74649    1.19%
    450   112      332.0000    13      331.0000      334.9412    77087    1.19%
    470   113      334.9412   118      331.0000      334.9412    80189    1.19%
    484   118      332.0000    20      331.0000      334.9412    81375    1.19%
    495   123      332.0000    26      331.0000      334.9412    84148    1.19%
    512   128        cutoff            331.0000      334.9412    89873    1.19%
    541   130      333.0496    50      331.0000      334.9293    93178    1.19%
    552   137      333.0000    12      331.0000      334.9293    95840    1.19%
    560   144      332.6667    93      331.0000      334.9293    97695    1.19%
    579   144      332.0000    13      331.0000      334.9269    99709    1.19%
Elapsed time = 48.92 sec. (46902.89 ticks, tree = 0.24 MB, solutions = 1)
    593   148      333.8286   246      331.0000      334.9269   101498    1.19%
    607   155      334.9269   311      331.0000      334.9048   101833    1.18%
    619   167      334.8961   300      331.0000      334.9048   101857    1.18%
    633   181      334.8462   233      331.0000      334.9048   101921    1.18%
    647   195      334.7656   227      331.0000      334.9048   101995    1.18%
    662   210      334.7143   118      331.0000      334.9048   102039    1.18%
    676   224      334.7143   116      331.0000      334.9048   102055    1.18%
    690   238      334.6482   311      331.0000      334.9048   102229    1.18%
    703   251      334.6154    87      331.0000      334.9048   102284    1.18%
    711   259      334.6154   148      331.0000      334.9048   102942    1.18%
Elapsed time = 59.03 sec. (56841.88 ticks, tree = 0.43 MB, solutions = 1)
    721   267      334.6154   110      331.0000      334.9048   103543    1.18%
    730   276      334.6154    93      331.0000      334.9048   103881    1.18%
    744   286      333.5000    37      331.0000      334.9048   104371    1.18%
    756   287      334.9048    79      331.0000      334.9048   105867    1.18%
    766   291      334.8214    62      331.0000      334.9048   106800    1.18%
    781   296      333.0000    46      331.0000      334.9048   110000    1.18%
    791   302      333.0000    16      331.0000      334.9048   113173    1.18%
    804   313      333.0000    10      331.0000      334.9048   115083    1.18%
    820   317      333.0000     8      331.0000      334.9048   119310    1.18%
    831   318      332.6667    22      331.0000      334.9048   123884    1.18%
Elapsed time = 69.94 sec. (66939.00 ticks, tree = 0.52 MB, solutions = 1)
    843   322      334.8864    87      331.0000      334.9048   124978    1.18%
    856   327      334.6429    75      331.0000      334.9048   125198    1.18%
    868   329      334.8864    72      331.0000      334.8990   125835    1.18%
    884   331      333.0000    78      331.0000      334.8990   127003    1.18%
    895   332      332.8421    77      331.0000      334.8990   127710    1.18%
    909   337      334.8810   248      331.0000      334.8857   129011    1.17%
    924   344      332.0000    63      331.0000      334.8857   130351    1.17%
    938   354      332.0000     8      331.0000      334.8857   133293    1.17%
    961   361      332.0000    10      331.0000      334.8857   137716    1.17%
    979   361        cutoff            331.0000      334.8832   140113    1.17%
Elapsed time = 80.40 sec. (76919.07 ticks, tree = 0.59 MB, solutions = 1)
    992   365      334.8325   191      331.0000      334.8810   140919    1.17%
   1004   377      334.7573   187      331.0000      334.8810   140998    1.17%
   1017   390      334.7297   131      331.0000      334.8810   141078    1.17%
   1027   400      334.6818   383      331.0000      334.8810   141215    1.17%
   1037   410      334.6014   399      331.0000      334.8810   141276    1.17%
   1047   420      334.5620   403      331.0000      334.8810   141316    1.17%
   1056   429      334.5417   373      331.0000      334.8810   141342    1.17%
   1066   439      334.4949   296      331.0000      334.8810   141396    1.17%
   1080   448      334.8810   248      331.0000      334.8810   141675    1.17%
   1094   451      334.8810   248      331.0000      334.8667   142659    1.17%
Elapsed time = 90.15 sec. (87001.50 ticks, tree = 0.74 MB, solutions = 1)
   1107   450      334.8437    60      331.0000      334.8649   143598    1.17%
   1122   455        cutoff            331.0000      334.8649   144844    1.17%
   1144   458      332.0000    36      331.0000      334.8425   147708    1.16%
   1162   463      334.8425   173      331.0000      334.8425   151809    1.16%
   1173   467      333.0000    67      331.0000      334.8425   152575    1.16%
   1191   478      334.8425   173      331.0000      334.8425   153733    1.16%
   1204   491      334.7647   172      331.0000      334.8325   153770    1.16%
   1213   500      334.7436   282      331.0000      334.8325   153873    1.16%
   1223   510      334.6386   336      331.0000      334.8325   153949    1.16%
   1268   530      332.0000    17      331.0000      334.8000   157073    1.15%
Elapsed time = 103.00 sec. (99750.62 ticks, tree = 0.88 MB, solutions = 1)
   1316   562      333.0000    12      331.0000      334.7778   160794    1.14%
   1373   586      334.7778    40      331.0000      334.7727   171172    1.14%
   1422   602      334.0000    10      331.0000      334.7727   182931    1.14%

Performing restart 1

Repeating presolve.
Tried aggregator 1 time.
MIP Presolve eliminated 20 rows and 15 columns.
MIP Presolve modified 14 coefficients.
Reduced MIP has 2892 rows, 2905 columns, and 31655 nonzeros.
Reduced MIP has 2905 binaries, 0 generals, 0 SOSs, and 0 indicators.
Presolve time = 0.03 sec. (24.18 ticks)
Tried aggregator 1 time.
MIP Presolve eliminated 2 rows and 0 columns.
Reduced MIP has 2890 rows, 2905 columns, and 31614 nonzeros.
Reduced MIP has 2905 binaries, 0 generals, 0 SOSs, and 0 indicators.
Presolve time = 0.02 sec. (19.12 ticks)
Represolve time = 0.14 sec. (143.27 ticks)
   1458     0      333.9811   482      331.0000       Cuts: 5   192140    0.90%
   1458     0      333.8064   482      331.0000      Fract: 1   192148    0.85%
   1458     0      333.0000    55      331.0000       Cuts: 7   192472    0.60%
   1458     0      333.0000   104      331.0000      Cuts: 21   192683    0.60%
   1458     0      333.0000    84      331.0000       Cuts: 3   193013    0.60%
   1458     0      333.0000   150      331.0000      Cuts: 14   193151    0.60%
   1458     0      333.0000   135      331.0000   ZeroHalf: 3   193280    0.60%
   1458     0      332.9982   525      331.0000  ZeroHalf: 25   193800    0.60%
   1458     0      332.9977   628      331.0000  ZeroHalf: 11   194007    0.60%
   1458     0      332.9975   625      331.0000   ZeroHalf: 6   194016    0.60%
   1458     0      332.9966   628      331.0000   ZeroHalf: 7   194031    0.60%
   1458     0      332.9966   550      331.0000   ZeroHalf: 3   194063    0.60%
   1458     0      332.9966   515      331.0000   ZeroHalf: 4   194185    0.60%
   1458     0      332.9966   525      331.0000   ZeroHalf: 1   194219    0.60%
   1458     2      332.9966   487      331.0000      332.9966   194219    0.60%
   1517     7      332.9770   578      331.0000      332.9770   196127    0.60%
   1604     9      332.2027    64      331.0000      332.6931   199868    0.51%

Implied bound cuts applied:  7
Mixed integer rounding cuts applied:  1
Zero-half cuts applied:  39
Gomory fractional cuts applied:  3

Root node processing (before b&c):
  Real time             =    3.15 sec. (2538.24 ticks)
Sequential b&c:
  Real time             =  128.54 sec. (124556.60 ticks)
                          ------------
Total (root+branch&cut) =  131.70 sec. (127094.84 ticks)
Primal:	331
Dual:	331
Status:	Optimal
Time:	131.66
Sequence:
	6
	9
	5
	0
	5
	9
	1
	4
	1
	0
	6
	9
	10
	4
	5
	0
	1
	4
	5
	9
	5
	4
	10
	4
	11
	0
	1
	4
	1
	9
	5
	9
	5
	4
	10
	0
	6
	4
	10
	4
	10
	4
	1
	0
	6
	9
	5
	4
	10
	0
	10
	4
	6
	0
	5
	9
	1
	0
	6
	9
	5
	4
	10
	0
	6
	4
	10
	4
	10
	4
	6
	0
	1
	4
	5
	0
	5
	4
	10
	0
	5
	9
	6
	4
	10
	4
	6
	0
	1
	9
	6
	0
	10
	4
	6
	9
	5
	0
	6
	4
	10
	9
	6
	4
	10
	4
	5
	9
	10
	0
	5
	9
	5
	9
	10
	0
	5
	9
	5
	9
	5
	9
	5
	4
	10
	4
	6
	9
	5
	9
	5
	9
	1
	4
	6
	9
	1
	9
	6
	0
	5
	9
	5
	4
	10
	9
	6
	0
	5
	9
	6
	0
	5
	9
	5
	9
	10
	0
	6
	4
	1
	9
	10
	4
	5
	0
	10
	4
	5
	0
	6
	9
	1
	0
	6
	9
	10
	4
	6
	0
	1
	9
	6
	0
	5
	9
	11
	9
	6
	0
	1
	9
	6
	9
	5
	9
	5
	9
	5
	4
	1
	9
	5
	9
	5
	9
	10
	9
	6
	9
	5
	9
	5
	0
	5
	9
	6
	9
	1
	0
	6
	9
	10
	9
	1
	0
	1
	9
	6
	4
	1
	9
	10
	9
	1
	9
	5
	9
	6
	4
	1
	4
	6
	9
	1
	9
	6
	9
	1
	9
	10
	0
	10
	9
	6
	0
	1
	9
	10
	9
	1
	0
	1
	9
	1
	0
	10
	4
	5
	0
	10
	9
	6
	0
	5
	9
	5
	9
	5
	9
	5
	0
	10
	9
	10
	4
	6
	0
	10
	9
	5
	4
	10
	4
	1
	0
	10
	9
	5
	4
	10
	4
	6
	0
	10
	9
	5
	0
	1
	9
	5
	9
	5
	4
	1
	0
	5
	9
	1
	0
	1
	4
	5
	0
	1
	9
	10
	9
	5
	9
	6
