Version identifier: 22.1.0.0 | 2022-03-09 | 1a383f8ce
CPXPARAM_Threads                                 1
CPXPARAM_MIP_Strategy_VariableSelect             3
CPXPARAM_TimeLimit                               598.07730617000004
1 of 1 MIP starts provided solutions.
MIP start 'm1' defined initial solution with objective 347.0000.
Tried aggregator 1 time.
MIP Presolve eliminated 19 rows and 1496 columns.
MIP Presolve modified 4 coefficients.
Reduced MIP has 2984 rows, 2992 columns, and 36086 nonzeros.
Reduced MIP has 2992 binaries, 0 generals, 0 SOSs, and 0 indicators.
Presolve time = 0.03 sec. (21.69 ticks)
Probing time = 0.00 sec. (2.89 ticks)
Tried aggregator 1 time.
Detecting symmetries...
Reduced MIP has 2984 rows, 2992 columns, and 36086 nonzeros.
Reduced MIP has 2992 binaries, 0 generals, 0 SOSs, and 0 indicators.
Presolve time = 0.03 sec. (21.07 ticks)
Probing time = 0.00 sec. (2.89 ticks)
Clique table members: 1859.
MIP emphasis: balance optimality and feasibility.
MIP search method: dynamic search.
Parallel mode: none, using 1 thread.
Root relaxation solution time = 0.18 sec. (143.19 ticks)

        Nodes                                         Cuts/
   Node  Left     Objective  IInf  Best Integer    Best Bound    ItCnt     Gap

*     0+    0                          347.0000     2992.0000           762.25%
      0     0      360.0000   761      347.0000      360.0000     2413    3.75%
      0     0      359.9299   684      347.0000       Cuts: 6     2968    3.73%
      0     0      352.4565   316      347.0000      Cuts: 22     3418    1.57%
      0     0      352.4565   353      347.0000      Cuts: 11     3475    1.57%
Detecting symmetries...
      0     1      352.4565   298      347.0000      352.4565     3475    1.57%
Elapsed time = 2.47 sec. (2061.73 ticks, tree = 0.01 MB, solutions = 1)
     12     1      352.4194   334      347.0000      352.4194     3559    1.56%
     18     2      352.4194   328      347.0000      352.4194     3565    1.56%
     23     3      352.4194   301      347.0000      352.4194     3752    1.56%
     26     3      352.4194   298      347.0000      352.4194     3755    1.56%
     30     3      352.4194   365      347.0000      352.4194     3816    1.56%
     34     4      352.4194   337      347.0000      352.4194     3850    1.56%
     40     4      352.4194   335      347.0000      352.4194     3871    1.56%
     44     6      352.4194   351      347.0000      352.4194     4601    1.56%
     47     9      352.0000    60      347.0000      352.4194     4617    1.56%
     59    15      352.0000    22      347.0000      352.4194     7097    1.56%
Elapsed time = 5.88 sec. (5476.34 ticks, tree = 0.10 MB, solutions = 1)
     67    23      352.0000    16      347.0000      352.4194     7976    1.56%
     79    27      352.0000    14      347.0000      352.4194    10817    1.56%
     92    28      352.0000    21      347.0000      352.4194    14747    1.56%
    103    33      352.0000    16      347.0000      352.4194    17557    1.56%
    115    43      352.0000    16      347.0000      352.4194    18855    1.56%
    130    45      352.4194   306      347.0000      352.4194    21158    1.56%
    142    53      352.0000    21      347.0000      352.4194    22820    1.56%
    153    62      352.0000    16      347.0000      352.4194    24733    1.56%
    169    68        cutoff            347.0000      352.4194    27813    1.56%
    181    76      352.0000    14      347.0000      352.4194    29594    1.56%
Elapsed time = 16.56 sec. (15667.10 ticks, tree = 0.65 MB, solutions = 1)
    195    78        cutoff            347.0000      352.4194    32871    1.56%
    207    84      351.0000    16      347.0000      352.4194    34876    1.56%
    220    95      351.0000    20      347.0000      352.4194    36312    1.56%
    236   102      351.0000    18      347.0000      352.4194    38781    1.56%
    247   110      351.7273    44      347.0000      352.4194    40892    1.56%
    259   110      351.7273    39      347.0000      352.4194    42699    1.56%
    270   113      351.0000    32      347.0000      352.4194    44948    1.56%
    283   122      351.0000    16      347.0000      352.4194    47351    1.56%
    295   126      351.0000    21      347.0000      352.4194    50228    1.56%
    305   127      348.7000    44      347.0000      352.4194    52487    1.56%
Elapsed time = 27.17 sec. (25747.37 ticks, tree = 0.87 MB, solutions = 1)
    320   126      352.4194   358      347.0000      352.4194    52811    1.56%
    333   129      352.0985   382      347.0000      352.4194    52918    1.56%
    346   139      351.7857    54      347.0000      352.4194    53562    1.56%
    360   152      351.3077    47      347.0000      352.4194    53775    1.56%
    377   156      352.0000   280      347.0000      352.4194    54231    1.56%
    386   165      351.0000    35      347.0000      352.4194    56001    1.56%
    397   174      351.0000    14      347.0000      352.4194    57427    1.56%
    413   176      351.0000    14      347.0000      352.4194    62516    1.56%
    427   178      351.0000    14      347.0000      352.4194    66220    1.56%
    440   183        cutoff            347.0000      352.4194    68596    1.56%
Elapsed time = 36.95 sec. (35528.58 ticks, tree = 0.96 MB, solutions = 1)
    452   189      351.0000    88      347.0000      352.4194    70580    1.56%
    462   199      351.0000    29      347.0000      352.4194    72072    1.56%
    477   204      351.0000    14      347.0000      352.4194    75592    1.56%
    491   206        cutoff            347.0000      352.4194    78888    1.56%
    507   208      351.0000    24      347.0000      352.4194    81502    1.56%
    521   214      351.0000    14      347.0000      352.4194    84190    1.56%
    536   219      351.0000    21      347.0000      352.4194    87719    1.56%
    553   219      351.0000    32      347.0000      352.4194    90584    1.56%
    564   226      351.0000    25      347.0000      352.4194    92589    1.56%
    578   230      351.0000    32      347.0000      352.4194    96143    1.56%
Elapsed time = 47.64 sec. (45632.40 ticks, tree = 1.02 MB, solutions = 1)
    591   237      351.0000    16      347.0000      352.4194    98488    1.56%
    602   244      351.0000    16      347.0000      352.4194   100599    1.56%
    616   249      352.4194   374      347.0000      352.4194   102532    1.56%
    632   255      351.9672   298      347.0000      352.4194   103588    1.56%
    641   264      351.9672   298      347.0000      352.4194   103600    1.56%
    651   274      351.9672   298      347.0000      352.4194   103613    1.56%
    664   287      351.9341   298      347.0000      352.4194   103661    1.56%
    680   301      350.9162   287      347.0000      352.4194   103904    1.56%
    692   311      350.8588   285      347.0000      352.4194   103933    1.56%
    707   309      352.3132   370      347.0000      352.3132   106558    1.53%
Elapsed time = 57.56 sec. (55755.47 ticks, tree = 1.16 MB, solutions = 1)
    719   311      351.6548   136      347.0000      352.1939   108344    1.50%
    738   313    infeasible            347.0000      352.1939   111823    1.50%
    755   318        cutoff            347.0000      352.1939   115097    1.50%
    769   328    infeasible            347.0000      352.1939   116955    1.50%
    783   332      351.0000    14      347.0000      352.1939   120674    1.50%
    797   337      350.0000   112      347.0000      352.1939   123438    1.50%
    815   341      348.0000    69      347.0000      352.1939   125858    1.50%
    834   352      348.0000    22      347.0000      352.1939   127187    1.50%
    846   364      348.0000    22      347.0000      352.1939   127514    1.50%
    860   367      351.0000   198      347.0000      352.0000   129093    1.44%
Elapsed time = 67.62 sec. (65714.15 ticks, tree = 1.25 MB, solutions = 1)
    874   372      349.0000   235      347.0000      352.0000   130431    1.44%
    883   379      349.0000    67      347.0000      352.0000   131578    1.44%
    899   380      350.2500    34      347.0000      352.0000   134618    1.44%
    924   375      350.5000    37      347.0000      352.0000   137888    1.44%
    939   374      349.0000    23      347.0000      352.0000   139882    1.44%
    960   374      350.2500    19      347.0000      352.0000   142170    1.44%
    981   373      350.5926    28      347.0000      352.0000   144112    1.44%
   1001   371      351.1250    29      347.0000      352.0000   146085    1.44%
   1023   370      348.6667    22      347.0000      352.0000   148319    1.44%
   1038   376      352.0000    34      347.0000      352.0000   150767    1.44%
Elapsed time = 77.94 sec. (75629.37 ticks, tree = 1.15 MB, solutions = 1)
   1050   388      352.0000    27      347.0000      352.0000   151134    1.44%
   1062   396      352.0000    29      347.0000      352.0000   152658    1.44%
   1074   402      351.4375    39      347.0000      352.0000   154423    1.44%
   1109   399      352.0000    52      347.0000      352.0000   157263    1.44%
   1140   397      351.3333    24      347.0000      352.0000   159838    1.44%
   1162   402      352.0000    41      347.0000      352.0000   161543    1.44%
   1176   406      351.0000    16      347.0000      352.0000   162834    1.44%
   1204   405      349.0000    24      347.0000      352.0000   164350    1.44%
   1226   407      351.3333    24      347.0000      352.0000   167315    1.44%
   1242   411      352.0000    47      347.0000      352.0000   168819    1.44%
Elapsed time = 88.21 sec. (85626.87 ticks, tree = 1.09 MB, solutions = 1)
   1253   418      352.0000    34      347.0000      352.0000   170547    1.44%
   1264   425      352.0000    42      347.0000      352.0000   172189    1.44%
   1283   429      348.5000    29      347.0000      352.0000   173662    1.44%
   1302   433      352.0000    53      347.0000      352.0000   175706    1.44%
   1313   438      352.0000    43      347.0000      352.0000   177896    1.44%
   1327   441      348.0000    18      347.0000      352.0000   180060    1.44%
   1340   453      348.0000    18      347.0000      352.0000   181038    1.44%
   1356   463      348.0000    10      347.0000      352.0000   182716    1.44%
   1368   466      351.9048    48      347.0000      352.0000   184276    1.44%
   1435   478      352.0000    47      347.0000      352.0000   193271    1.44%
Elapsed time = 101.42 sec. (98503.11 ticks, tree = 1.11 MB, solutions = 1)
   1506   478      349.3333    19      347.0000      352.0000   202435    1.44%
   1590   479      351.4167    38      347.0000      352.0000   211550    1.44%
   1669   477      351.0000    37      347.0000      352.0000   219921    1.44%
   1737   481        cutoff            347.0000      352.0000   227765    1.44%
   1791   499      352.0000    51      347.0000      352.0000   234430    1.44%
   1852   514      351.4167    35      347.0000      352.0000   241224    1.44%
   1906   537      350.4286    28      347.0000      352.0000   246740    1.44%
   1976   559      352.0000    47      347.0000      352.0000   252868    1.44%

Performing restart 1

Repeating presolve.
Tried aggregator 1 time.
MIP Presolve eliminated 1 rows and 5 columns.
MIP Presolve modified 1 coefficients.
Reduced MIP has 2983 rows, 2987 columns, and 36047 nonzeros.
Reduced MIP has 2987 binaries, 0 generals, 0 SOSs, and 0 indicators.
Presolve time = 0.02 sec. (19.01 ticks)
Tried aggregator 1 time.
Reduced MIP has 2983 rows, 2987 columns, and 36047 nonzeros.
Reduced MIP has 2987 binaries, 0 generals, 0 SOSs, and 0 indicators.
Presolve time = 0.03 sec. (21.27 ticks)
Represolve time = 0.15 sec. (144.24 ticks)
   1980     0      351.8873   713      347.0000       Cuts: 4   256532    1.41%
   1980     0      348.0544   739      347.0000      Cuts: 15   256732    0.30%

Clique cuts applied:  4
Cover cuts applied:  1
Implied bound cuts applied:  2
Zero-half cuts applied:  9
Gomory fractional cuts applied:  2

Root node processing (before b&c):
  Real time             =    2.45 sec. (2039.31 ticks)
Sequential b&c:
  Real time             =  132.56 sec. (128864.27 ticks)
                          ------------
Total (root+branch&cut) =  135.02 sec. (130903.58 ticks)
Primal:	347
Dual:	347
Status:	Optimal
Time:	135.02
Sequence:
	6
	9
	11
	9
	6
	9
	1
	9
	6
	9
	5
	9
	1
	9
	5
	9
	5
	9
	5
	9
	6
	9
	5
	9
	6
	0
	1
	9
	1
	9
	1
	9
	1
	4
	1
	9
	6
	9
	1
	9
	6
	9
	7
	0
	5
	9
	1
	9
	1
	0
	1
	4
	5
	9
	7
	9
	1
	9
	5
	9
	6
	9
	5
	9
	5
	0
	6
	9
	1
	9
	1
	0
	6
	9
	11
	0
	1
	4
	6
	9
	1
	9
	6
	9
	5
	0
	7
	9
	6
	9
	1
	4
	6
	9
	1
	9
	5
	9
	6
	9
	5
	0
	6
	9
	1
	9
	6
	9
	1
	9
	1
	9
	6
	9
	5
	9
	6
	9
	5
	9
	6
	9
	11
	0
	1
	4
	1
	0
	6
	9
	1
	9
	5
	0
	5
	9
	6
	9
	1
	9
	6
	9
	1
	9
	7
	9
	5
	9
	6
	9
	5
	9
	6
	9
	1
	9
	5
	9
	6
	9
	1
	9
	5
	9
	5
	9
	6
	9
	5
	0
	6
	9
	11
	4
	6
	9
	5
	0
	6
	9
	11
	4
	5
	9
	6
	9
	1
	9
	5
	9
	7
	9
	5
	9
	6
	9
	5
	9
	6
	0
	5
	9
	1
	0
	1
	9
	5
	9
	6
	9
	1
	9
	1
	9
	6
	0
	5
	9
	5
	0
	6
	9
	5
	9
	6
	9
	5
	9
	6
	9
	5
	9
	5
	0
	11
	9
	6
	9
	1
	9
	6
	9
	1
	9
	1
	4
	11
	9
	6
	9
	1
	9
	11
	4
	5
	9
	5
	0
	5
	4
	11
	9
	5
	0
	6
	9
	1
	9
	5
	0
	1
	4
	6
	9
	11
	9
	5
	9
	5
	9
	11
	4
	6
	0
	5
	9
	5
	9
	5
	0
	1
	9
	7
	9
	6
	9
	1
	0
	1
	9
	5
	9
	6
	9
	1
	9
	1
	9
	6
	9
	1
	4
	6
	9
	11
	9
	6
	9
	1
	0
	6
	9
	5
	9
	5
	9
	1
	9
	6
	9
	1
	9
	6
	9
	1
	9
	1
	9
	6
	9
	5
	9
	6
	9
	5
	9
	6
