Version identifier: 22.1.0.0 | 2022-03-09 | 1a383f8ce
CPXPARAM_Threads                                 1
CPXPARAM_MIP_Strategy_VariableSelect             3
CPXPARAM_TimeLimit                               598.698306118
1 of 1 MIP starts provided solutions.
MIP start 'm1' defined initial solution with objective 281.0000.
Tried aggregator 1 time.
MIP Presolve eliminated 17 rows and 634 columns.
MIP Presolve modified 5 coefficients.
Reduced MIP has 2530 rows, 3170 columns, and 35922 nonzeros.
Reduced MIP has 3170 binaries, 0 generals, 0 SOSs, and 0 indicators.
Presolve time = 0.03 sec. (20.68 ticks)
Probing time = 0.00 sec. (2.96 ticks)
Tried aggregator 1 time.
Detecting symmetries...
Reduced MIP has 2530 rows, 3170 columns, and 35922 nonzeros.
Reduced MIP has 3170 binaries, 0 generals, 0 SOSs, and 0 indicators.
Presolve time = 0.03 sec. (20.87 ticks)
Probing time = 0.00 sec. (2.96 ticks)
Clique table members: 1574.
MIP emphasis: balance optimality and feasibility.
MIP search method: dynamic search.
Parallel mode: none, using 1 thread.
Root relaxation solution time = 0.14 sec. (123.38 ticks)

        Nodes                                         Cuts/
   Node  Left     Objective  IInf  Best Integer    Best Bound    ItCnt     Gap

*     0+    0                          281.0000     3170.0000              --- 
      0     0      298.9430   584      281.0000      298.9430     2047    6.39%
      0     0      298.0000   245      281.0000      Cuts: 71     2253    6.05%
      0     0      296.8644   622      281.0000     Cuts: 125     3962    5.65%
      0     0      296.6667   607      281.0000      Cuts: 98     4197    5.58%
      0     0      296.5639   592      281.0000      Cuts: 20     4226    5.54%
      0     0      296.4677   586      281.0000      Cuts: 36     4302    5.50%
Detecting symmetries...
      0     0      296.4385   524      281.0000      Cuts: 21     4352    5.49%
      0     0      296.4086   549      281.0000      Cuts: 11     4416    5.48%
      0     0      296.3984   507      281.0000      Cuts: 86     4529    5.48%
      0     0      296.3676   501      281.0000      Cuts: 15     4551    5.47%
      0     0      296.2143   509      281.0000       Cuts: 9     4583    5.41%
      0     0      296.2032   509      281.0000      Cuts: 18     4591    5.41%
      0     0      296.1920   503      281.0000   Impl Bds: 7     4608    5.41%
Detecting symmetries...
      0     2      296.1920   444      281.0000      296.1920     4608    5.41%
Elapsed time = 2.95 sec. (2374.47 ticks, tree = 0.01 MB, solutions = 1)
      3     5      296.1920   449      281.0000      296.1920     5145    5.41%
      6     6      290.7692    93      281.0000      296.1920     5378    5.41%
     10     8        cutoff            281.0000      296.1920     5766    5.41%
     15    10      290.7692    94      281.0000      296.1920     5905    5.41%
     19    12      290.7692   119      281.0000      296.1920     6042    5.41%
     24    13      290.7692    98      281.0000      296.1920     6297    5.41%
     29    14      290.7692   101      281.0000      296.1920     7026    5.41%
     33    16      290.7692   120      281.0000      296.1920     7339    5.41%
     38    17      290.7692   120      281.0000      296.1920     8136    5.41%
     55    22      290.0864    98      281.0000      296.1920     9346    5.41%
Elapsed time = 6.39 sec. (5970.67 ticks, tree = 0.10 MB, solutions = 1)
     72    27      289.3077    90      281.0000      296.1920     9860    5.41%
     88    28      288.4938   325      281.0000      296.1920    11166    5.41%
    100    32      287.8889   311      281.0000      296.1920    12269    5.41%
    111    36      287.8889    86      281.0000      296.1920    13397    5.41%
    126    40      286.8286    86      281.0000      296.1920    14541    5.41%
    141    43      286.7667    84      281.0000      296.1920    15391    5.41%
    159    48      285.9667    86      281.0000      296.1920    16346    5.41%
    177    51      285.1250    72      281.0000      296.1920    17147    5.41%
    190    55      290.7692    91      281.0000      296.1807    18112    5.40%
    208    58      290.7692    92      281.0000      296.1807    19178    5.40%
Elapsed time = 15.79 sec. (16069.40 ticks, tree = 0.17 MB, solutions = 1)
    227    60      290.0864   101      281.0000      296.1807    20271    5.40%
    243    63      290.0864   103      281.0000      296.1807    21127    5.40%
    262    68      290.0267    95      281.0000      296.1807    22078    5.40%
    276    73      289.3077    85      281.0000      296.1807    22926    5.40%
    300    73      287.7619    91      281.0000      296.1807    23905    5.40%
    317    80      287.5000    81      281.0000      296.1807    24766    5.40%
    331    87      287.5000    78      281.0000      296.1807    25647    5.40%
    349    89        cutoff            281.0000      296.1807    26701    5.40%
    367    93      286.6571    83      281.0000      296.1807    27747    5.40%
    386    97      285.9091   111      281.0000      296.1807    28353    5.40%
Elapsed time = 25.09 sec. (26089.83 ticks, tree = 0.23 MB, solutions = 1)
    398   100      285.0645    75      281.0000      296.1807    28787    5.40%
    414   103      284.7500    67      281.0000      296.1807    29201    5.40%
    433   102      283.1538   131      281.0000      296.1807    29626    5.40%
    445   105      296.1579   465      281.0000      296.1579    30601    5.39%
    451   111      296.1579   466      281.0000      296.1579    30924    5.39%
    457   117      296.1579   469      281.0000      296.1579    31329    5.39%
    463   123      296.1579   471      281.0000      295.2593    31822    5.07%
    469   129      295.2593   494      281.0000      295.2593    32175    5.07%
    474   134      295.1736   513      281.0000      295.1736    32407    5.04%
    480   140      295.1736   455      281.0000      295.1736    32808    5.04%
Elapsed time = 34.63 sec. (36621.30 ticks, tree = 0.28 MB, solutions = 1)
    486   146      295.1736   450      281.0000      295.1736    33028    5.04%
    492   152      295.1736   455      281.0000      291.2099    33330    3.63%
    507   155      290.7692   139      281.0000      291.1500    34460    3.61%
    522   160      290.7692   103      281.0000      291.1500    35372    3.61%
    540   166      290.7692   102      281.0000      291.1500    36109    3.61%
    561   169      290.0864   103      281.0000      291.1500    37457    3.61%
    583   173      288.6452    89      281.0000      291.1500    38818    3.61%
    607   177      285.2500    42      281.0000      291.1500    39832    3.61%
    630   184      284.2500    39      281.0000      291.1500    41120    3.61%
    653   187      290.7692   102      281.0000      291.1500    42212    3.61%
Elapsed time = 43.71 sec. (46752.48 ticks, tree = 0.35 MB, solutions = 1)
    665   192      290.7692    99      281.0000      291.1500    43494    3.61%
    682   194      290.7692    97      281.0000      291.1500    44334    3.61%
    697   195      290.0864    97      281.0000      291.1500    46267    3.61%
    714   199      289.3077    87      281.0000      291.1500    47125    3.61%
    729   205      289.3077    84      281.0000      291.1500    48359    3.61%
    744   209      289.3077    86      281.0000      291.1500    49603    3.61%
    759   213      289.1346    90      281.0000      291.1500    51105    3.61%
    774   217      288.4745    97      281.0000      291.1500    51685    3.61%
    792   224      288.4745    93      281.0000      291.1500    52233    3.61%
    813   231      287.6196    86      281.0000      291.1500    53023    3.61%
Elapsed time = 53.08 sec. (56807.39 ticks, tree = 0.42 MB, solutions = 1)
    830   233      286.8090    84      281.0000      291.1500    53667    3.61%
    846   236      285.7711    84      281.0000      291.1500    54161    3.61%
    864   240      285.7711    81      281.0000      291.1500    54921    3.61%
    882   243      284.9259    52      281.0000      291.1500    56035    3.61%
    906   245      284.4444    73      281.0000      291.1500    56865    3.61%
    921   247      290.4227   114      281.0000      291.1500    57799    3.61%
    935   251      290.4227   105      281.0000      291.1500    58942    3.61%
    949   257      290.3333   104      281.0000      291.1500    60091    3.61%
    962   264      290.3333    97      281.0000      291.1500    61359    3.61%
    978   268      290.3333    98      281.0000      291.1500    62648    3.61%
Elapsed time = 62.26 sec. (66684.96 ticks, tree = 0.48 MB, solutions = 1)
    992   269      287.2963    74      281.0000      291.1500    63597    3.61%
   1007   273      286.3333    74      281.0000      291.1500    63954    3.61%
   1025   274      285.4138    82      281.0000      291.1500    64318    3.61%
   1049   272      282.7778    69      281.0000      291.1500    65273    3.61%
   1060   281      290.4227   110      281.0000      291.1500    65795    3.61%
   1071   292      290.4227   110      281.0000      291.1500    65947    3.61%
   1083   304      290.4227   106      281.0000      291.1500    66445    3.61%
   1099   319      290.4227   105      281.0000      291.1500    66619    3.61%
   1110   329      288.4167    98      281.0000      291.1500    67333    3.61%
   1126   342      286.7632    88      281.0000      291.1500    67614    3.61%
Elapsed time = 71.54 sec. (76586.35 ticks, tree = 0.58 MB, solutions = 1)
   1144   350      285.9375    81      281.0000      291.1500    67780    3.61%
   1163   359      283.1818    87      281.0000      291.1500    68000    3.61%
   1180   365      290.4227   109      281.0000      291.0909    69128    3.59%
   1194   369      290.4227    97      281.0000      291.0909    70041    3.59%
   1211   375      290.2564    94      281.0000      291.0909    71302    3.59%
   1234   381      289.2647    78      281.0000      291.0909    72862    3.59%
   1258   386      288.4412    85      281.0000      291.0909    73967    3.59%
   1275   388      287.6667    94      281.0000      291.0909    74703    3.59%
   1296   391      286.8913    84      281.0000      291.0909    75607    3.59%
   1329   390      290.0556    78      281.0000      291.0286    77315    3.57%
Elapsed time = 80.90 sec. (86530.33 ticks, tree = 0.65 MB, solutions = 1)
   1346   403      290.0556    75      281.0000      291.0286    77701    3.57%
   1363   413      289.1667    74      281.0000      291.0286    78364    3.57%
   1376   422      285.5714    85      281.0000      291.0286    78831    3.57%
   1388   430      284.9167    84      281.0000      291.0286    79405    3.57%
   1402   433      290.4227   133      281.0000      290.8864    80365    3.52%
   1412   442      290.4227   109      281.0000      290.8864    80689    3.52%
   1423   453      289.7037   108      281.0000      290.8864    81259    3.52%
   1436   465      287.5789    95      281.0000      290.8864    81550    3.52%
   1448   474      286.7778    90      281.0000      290.8864    81789    3.52%

Performing restart 1

Repeating presolve.
Tried aggregator 1 time.
MIP Presolve eliminated 0 rows and 1 columns.
Reduced MIP has 2530 rows, 3169 columns, and 35915 nonzeros.
Reduced MIP has 3169 binaries, 0 generals, 0 SOSs, and 0 indicators.
Presolve time = 0.02 sec. (17.60 ticks)
Tried aggregator 1 time.
Reduced MIP has 2530 rows, 3169 columns, and 35915 nonzeros.
Reduced MIP has 3169 binaries, 0 generals, 0 SOSs, and 0 indicators.
Presolve time = 0.02 sec. (21.21 ticks)
Represolve time = 0.14 sec. (142.68 ticks)
   1482     0      286.8235   385      281.0000       Cuts: 7    85526    2.07%
   1482     0      286.3913   360      281.0000      Cuts: 20    85683    1.92%
   1482     0      285.4000   441      281.0000       Cuts: 7    86330    1.57%
   1482     0        cutoff            281.0000                  86353     --- 
Elapsed time = 93.68 sec. (99420.97 ticks, tree = 0.01 MB, solutions = 1)

Clique cuts applied:  1
Implied bound cuts applied:  33
Zero-half cuts applied:  58
Gomory fractional cuts applied:  4

Root node processing (before b&c):
  Real time             =    2.94 sec. (2364.91 ticks)
Sequential b&c:
  Real time             =   90.74 sec. (97056.36 ticks)
                          ------------
Total (root+branch&cut) =   93.68 sec. (99421.27 ticks)
Primal:	281
Dual:	281
Status:	Optimal
Time:	93.66
Sequence:
	7
	9
	5
	4
	1
	9
	7
	4
	1
	9
	5
	9
	1
	4
	1
	0
	1
	9
	6
	9
	5
	9
	7
	4
	1
	4
	5
	9
	7
	0
	5
	4
	10
	9
	1
	9
	10
	9
	7
	9
	6
	9
	5
	9
	1
	9
	1
	4
	1
	9
	5
	9
	5
	9
	6
	4
	1
	9
	6
	9
	7
	9
	6
	9
	5
	9
	1
	9
	1
	9
	1
	9
	1
	4
	5
	9
	5
	4
	1
	4
	5
	9
	5
	9
	5
	9
	11
	4
	1
	4
	6
	9
	1
	9
	11
	4
	5
	9
	6
	4
	1
	9
	11
	9
	6
	9
	5
	9
	6
	9
	5
	9
	5
	9
	5
	9
	5
	9
	5
	9
	1
	9
	5
	9
	1
	9
	6
	9
	1
	9
	5
	9
	1
	9
	6
	4
	1
	9
	1
	4
	6
	9
	11
	9
	5
	9
	6
	9
	7
	4
	1
	9
	1
	4
	5
	9
	6
	9
	5
	9
	6
	9
	1
	4
	6
	9
	1
	4
	5
	9
	7
	2
	6
	9
	1
	4
	7
	0
	6
	9
	1
	9
	7
	9
	6
	9
	5
	2
	7
	4
	1
	4
	6
	2
	1
	9
	6
	9
	5
	9
	1
	2
	7
	9
	5
	9
	1
	4
	1
	9
	1
	9
	1
	9
	1
	4
	1
	9
	7
	9
	1
	9
	1
	4
	6
	9
	5
	9
	1
	9
	1
	9
	7
	9
	5
	9
	1
	4
	1
	9
	5
	9
	7
	4
	1
	9
	1
	9
	7
	9
	1
	9
	5
	9
	1
	9
	7
	9
	6
	9
	1
	9
	1
	4
	1
	9
	7
	4
	1
	9
	1
	4
	7
	9
	1
	2
	5
	9
	6
	4
	1
