Version identifier: 22.1.0.0 | 2022-03-09 | 1a383f8ce
CPXPARAM_Threads                                 1
CPXPARAM_MIP_Strategy_VariableSelect             3
CPXPARAM_TimeLimit                               599.99999647599998
1 of 1 MIP starts provided solutions.
MIP start 'm1' defined initial solution with objective 8.0000.
Tried aggregator 1 time.
MIP Presolve eliminated 38 rows and 56 columns.
MIP Presolve modified 7 coefficients.
Reduced MIP has 37 rows, 40 columns, and 280 nonzeros.
Reduced MIP has 40 binaries, 0 generals, 0 SOSs, and 0 indicators.
Presolve time = 0.00 sec. (0.29 ticks)
Probing time = 0.00 sec. (0.08 ticks)
Tried aggregator 1 time.
Detecting symmetries...
Reduced MIP has 37 rows, 40 columns, and 280 nonzeros.
Reduced MIP has 40 binaries, 0 generals, 0 SOSs, and 0 indicators.
Presolve time = 0.00 sec. (0.17 ticks)
Probing time = 0.00 sec. (0.08 ticks)
Clique table members: 17.
MIP emphasis: balance optimality and feasibility.
MIP search method: dynamic search.
Parallel mode: none, using 1 thread.
Root relaxation solution time = 0.00 sec. (0.08 ticks)

        Nodes                                         Cuts/
   Node  Left     Objective  IInf  Best Integer    Best Bound    ItCnt     Gap

*     0+    0                            8.0000       40.0000           400.00%
      0     0        cutoff              8.0000                     13     --- 

Root node processing (before b&c):
  Real time             =    0.00 sec. (0.85 ticks)
Sequential b&c:
  Real time             =    0.00 sec. (0.00 ticks)
                          ------------
Total (root+branch&cut) =    0.00 sec. (0.85 ticks)
Primal:	8
Dual:	8
Status:	Optimal
Time:	0
Sequence:
	4
	5
	9
	5
	0
	9
	6
	4
