Version identifier: 22.1.0.0 | 2022-03-09 | 1a383f8ce
CPXPARAM_Threads                                 1
CPXPARAM_MIP_Strategy_VariableSelect             3
CPXPARAM_TimeLimit                               599.99999225299996
1 of 1 MIP starts provided solutions.
MIP start 'm1' defined initial solution with objective 352.0000.
Tried aggregator 1 time.
MIP Presolve eliminated 365 rows and 1056 columns.
MIP Presolve modified 3 coefficients.
Reduced MIP has 2462 rows, 3168 columns, and 31196 nonzeros.
Reduced MIP has 3168 binaries, 0 generals, 0 SOSs, and 0 indicators.
Presolve time = 0.03 sec. (18.50 ticks)
Probing time = 0.00 sec. (2.80 ticks)
Tried aggregator 1 time.
Detecting symmetries...
MIP Presolve eliminated 1 rows and 0 columns.
Reduced MIP has 2461 rows, 3168 columns, and 31188 nonzeros.
Reduced MIP has 3168 binaries, 0 generals, 0 SOSs, and 0 indicators.
Presolve time = 0.02 sec. (18.13 ticks)
Probing time = 0.00 sec. (2.79 ticks)
Clique table members: 1402.
MIP emphasis: balance optimality and feasibility.
MIP search method: dynamic search.
Parallel mode: none, using 1 thread.
Root relaxation solution time = 0.01 sec. (5.29 ticks)

        Nodes                                         Cuts/
   Node  Left     Objective  IInf  Best Integer    Best Bound    ItCnt     Gap

*     0+    0                          352.0000     3168.0000           800.00%
      0     0        cutoff            352.0000                      9     --- 

Root node processing (before b&c):
  Real time             =    0.09 sec. (59.20 ticks)
Sequential b&c:
  Real time             =    0.00 sec. (0.00 ticks)
                          ------------
Total (root+branch&cut) =    0.09 sec. (59.20 ticks)
Primal:	352
Dual:	352
Status:	Optimal
Time:	0.12
Sequence:
	5
	0
	5
	4
	9
	1
	2
	6
	4
	10
	4
	1
	2
	4
	4
	9
	2
	5
	4
	10
	9
	1
	4
	8
	1
	4
	0
	10
	9
	1
	9
	9
	2
	6
	9
	9
	10
	2
	6
	9
	4
	2
	4
	10
	4
	8
	9
	9
	0
	4
	6
	9
	10
	8
	6
	9
	2
	5
	9
	1
	4
	4
	2
	10
	9
	4
	1
	4
	2
	5
	9
	1
	4
	1
	0
	9
	10
	2
	9
	9
	0
	10
	9
	2
	5
	4
	2
	9
	5
	2
	10
	4
	9
	9
	4
	0
	9
	4
	10
	2
	1
	4
	9
	5
	0
	4
	10
	2
	5
	4
	10
	9
	4
	4
	9
	4
	4
	0
	4
	5
	9
	4
	1
	0
	9
	4
	0
	9
	10
	9
	2
	4
	1
	0
	1
	4
	5
	9
	10
	2
	4
	9
	9
	4
	9
	2
	1
	4
	0
	9
	1
	0
	4
	9
	2
	10
	9
	2
	1
	9
	5
	2
	1
	9
	9
	9
	10
	2
	9
	5
	9
	2
	10
	9
	2
	9
	9
	5
	2
	5
	9
	5
	9
	10
	9
	9
	9
	10
	2
	10
	9
	9
	2
	9
	10
	2
	10
	9
	9
	10
	2
	10
	9
	5
	9
	2
	5
	9
	9
	5
	9
	9
	9
	5
	9
	9
	9
	9
	2
	9
	9
	2
	9
	9
	9
	10
	9
	9
	10
	9
	10
	9
	9
	2
	10
	9
	2
	9
	9
	2
	9
	9
	2
	9
	9
	9
	2
	9
	9
	2
	9
	9
	9
	2
	9
	9
	9
	9
	9
	9
	9
	9
	9
	9
	9
	9
	9
	9
	9
	9
	9
	9
	9
	9
	9
	9
	9
	9
	9
	9
	9
	9
	9
	9
	9
	9
	9
	9
	9
	9
	9
	9
	9
	9
	9
	9
	9
	9
	9
	9
	9
	9
	9
	9
	9
	9
	9
	9
	9
	9
	9
	9
	9
	9
	9
	9
	9
	9
	9
	9
	9
	9
	9
	9
	9
	9
	9
	9
	9
	9
	9
	9
	9
	9
	9
	9
	9
	9
	9
	9
	9
	9
	9
	9
	9
	9
	9
	9
	9
	9
	9
	9
