Version identifier: 22.1.0.0 | 2022-03-09 | 1a383f8ce
CPXPARAM_Threads                                 1
CPXPARAM_MIP_Strategy_VariableSelect             3
CPXPARAM_TimeLimit                               599.99992876199997
1 of 1 MIP starts provided solutions.
MIP start 'm1' defined initial solution with objective 253.0000.
Tried aggregator 1 time.
MIP Presolve eliminated 386 rows and 1119 columns.
MIP Presolve modified 3 coefficients.
Reduced MIP has 2610 rows, 3357 columns, and 36422 nonzeros.
Reduced MIP has 3357 binaries, 0 generals, 0 SOSs, and 0 indicators.
Presolve time = 0.03 sec. (21.23 ticks)
Probing time = 0.00 sec. (3.24 ticks)
Tried aggregator 1 time.
Detecting symmetries...
MIP Presolve eliminated 1 rows and 0 columns.
Reduced MIP has 2609 rows, 3357 columns, and 36414 nonzeros.
Reduced MIP has 3357 binaries, 0 generals, 0 SOSs, and 0 indicators.
Presolve time = 0.03 sec. (20.82 ticks)
Probing time = 0.00 sec. (3.24 ticks)
Clique table members: 1487.
MIP emphasis: balance optimality and feasibility.
MIP search method: dynamic search.
Parallel mode: none, using 1 thread.
Root relaxation solution time = 0.08 sec. (74.63 ticks)

        Nodes                                         Cuts/
   Node  Left     Objective  IInf  Best Integer    Best Bound    ItCnt     Gap

*     0+    0                          253.0000     3357.0000              --- 
      0     0      373.0000   201      253.0000      373.0000     1387   47.43%
*     0+    0                          373.0000      373.0000             0.00%
      0     0        cutoff            373.0000      373.0000     1387    0.00%
Elapsed time = 0.54 sec. (474.43 ticks, tree = 0.01 MB, solutions = 2)

Root node processing (before b&c):
  Real time             =    0.54 sec. (474.61 ticks)
Sequential b&c:
  Real time             =    0.00 sec. (0.00 ticks)
                          ------------
Total (root+branch&cut) =    0.54 sec. (474.61 ticks)
Primal:	373
Dual:	373
Status:	Optimal
Time:	0.56
Sequence:
	10
	0
	4
	9
	0
	4
	6
	0
	4
	5
	0
	1
	4
	0
	6
	4
	1
	0
	1
	9
	5
	0
	9
	9
	9
	9
	0
	9
	9
	0
	6
	9
	10
	0
	10
	4
	0
	6
	4
	0
	10
	4
	0
	4
	5
	0
	9
	5
	0
	10
	4
	6
	0
	10
	9
	8
	4
	10
	8
	6
	9
	10
	0
	1
	4
	0
	6
	4
	0
	10
	4
	0
	9
	9
	0
	9
	9
	9
	9
	2
	6
	9
	9
	0
	9
	9
	9
	0
	9
	6
	0
	9
	9
	0
	9
	9
	0
	9
	9
	9
	0
	9
	9
	0
	10
	9
	10
	0
	10
	9
	10
	9
	0
	9
	5
	9
	0
	9
	1
	0
	5
	9
	0
	9
	5
	0
	9
	5
	9
	0
	9
	6
	0
	9
	9
	0
	9
	5
	9
	6
	0
	9
	5
	0
	9
	6
	0
	9
	10
	9
	0
	1
	4
	0
	5
	9
	0
	10
	4
	6
	0
	9
	5
	0
	9
	10
	4
	0
	9
	6
	0
	1
	9
	0
	6
	4
	0
	1
	9
	0
	6
	9
	0
	9
	9
	0
	6
	9
	0
	9
	1
	0
	6
	9
	0
	5
	9
	0
	9
	6
	4
	0
	9
	6
	9
	0
	4
	10
	0
	9
	5
	0
	1
	9
	0
	1
	4
	0
	1
	9
	0
	4
	6
	0
	1
	4
	6
	0
	1
	9
	0
	9
	5
	0
	10
	9
	10
	4
	0
	9
	10
	0
	10
	9
	10
	0
	1
	4
	0
	5
	4
	0
	4
	5
	0
	6
	4
	0
	10
	4
	0
	5
	4
	0
	4
	10
	0
	4
	4
	0
	10
	9
	0
	4
	1
	4
	0
	4
	9
	0
	4
	4
	9
	0
	6
	9
	9
	9
	0
	4
	4
	0
	4
	1
	0
	6
	4
	0
	4
	5
	0
	6
	4
	1
	0
	4
	5
	0
	6
	4
	0
	10
	9
	0
	1
	9
	0
	9
	1
	0
	10
	9
	9
	10
	0
	1
	9
	0
	4
	6
	0
	9
	1
	0
	4
	1
	0
	9
	6
	0
	1
	9
	9
	0
	6
	4
	0
	9
	1
	0
	9
	1
	0
	4
	10
	0
	4
	1
	0
	9
	6
	0
	10
	9
	0
	4
	1
	0
	9
	1
	4
	5
	0
