Version identifier: 22.1.0.0 | 2022-03-09 | 1a383f8ce
CPXPARAM_Threads                                 1
CPXPARAM_MIP_Strategy_VariableSelect             3
CPXPARAM_TimeLimit                               599.999963837
1 of 1 MIP starts provided solutions.
MIP start 'm1' defined initial solution with objective 263.0000.
Tried aggregator 1 time.
MIP Presolve eliminated 17 rows and 752 columns.
MIP Presolve modified 5 coefficients.
Reduced MIP has 3003 rows, 3760 columns, and 45284 nonzeros.
Reduced MIP has 3760 binaries, 0 generals, 0 SOSs, and 0 indicators.
Presolve time = 0.04 sec. (32.17 ticks)
Probing time = 0.00 sec. (5.61 ticks)
Tried aggregator 1 time.
Detecting symmetries...
Reduced MIP has 3003 rows, 3760 columns, and 45284 nonzeros.
Reduced MIP has 3760 binaries, 0 generals, 0 SOSs, and 0 indicators.
Presolve time = 0.04 sec. (32.26 ticks)
Probing time = 0.00 sec. (5.61 ticks)
Clique table members: 1870.
MIP emphasis: balance optimality and feasibility.
MIP search method: dynamic search.
Parallel mode: none, using 1 thread.
Root relaxation solution time = 0.05 sec. (54.21 ticks)

        Nodes                                         Cuts/
   Node  Left     Objective  IInf  Best Integer    Best Bound    ItCnt     Gap

*     0+    0                          263.0000     3760.0000              --- 
      0     0      376.0000    43      263.0000      376.0000     1083   42.97%
*     0+    0                          376.0000      376.0000             0.00%
      0     0        cutoff            376.0000      376.0000     1083    0.00%
Elapsed time = 0.36 sec. (333.67 ticks, tree = 0.01 MB, solutions = 2)

Root node processing (before b&c):
  Real time             =    0.36 sec. (333.85 ticks)
Sequential b&c:
  Real time             =    0.00 sec. (0.00 ticks)
                          ------------
Total (root+branch&cut) =    0.36 sec. (333.85 ticks)
Primal:	376
Dual:	376
Status:	Optimal
Time:	0.38
Sequence:
	0
	9
	9
	9
	9
	9
	9
	9
	3
	9
	9
	9
	6
	9
	9
	10
	9
	9
	10
	9
	9
	10
	9
	9
	10
	9
	9
	9
	9
	6
	9
	11
	9
	9
	9
	9
	6
	9
	11
	9
	9
	6
	9
	9
	9
	6
	9
	9
	9
	9
	11
	9
	9
	9
	6
	9
	9
	9
	6
	9
	9
	9
	9
	6
	9
	9
	9
	6
	9
	9
	9
	9
	9
	9
	9
	6
	9
	9
	9
	6
	9
	9
	9
	9
	9
	9
	9
	9
	9
	9
	9
	1
	4
	6
	9
	9
	9
	9
	9
	4
	6
	9
	5
	9
	4
	6
	0
	5
	9
	6
	9
	9
	9
	9
	9
	9
	6
	9
	5
	9
	6
	9
	9
	9
	6
	9
	9
	9
	2
	6
	9
	2
	5
	9
	6
	9
	1
	2
	6
	9
	9
	5
	9
	9
	9
	9
	9
	9
	9
	10
	9
	6
	9
	9
	9
	0
	6
	9
	11
	0
	6
	9
	0
	9
	9
	5
	9
	5
	9
	9
	9
	9
	9
	9
	9
	9
	5
	9
	5
	9
	6
	9
	9
	9
	6
	9
	9
	9
	4
	9
	4
	4
	9
	4
	4
	9
	6
	9
	9
	4
	4
	9
	4
	6
	9
	0
	4
	1
	0
	4
	10
	4
	4
	1
	4
	4
	11
	4
	4
	9
	4
	9
	5
	0
	4
	4
	0
	6
	4
	0
	4
	6
	0
	4
	5
	0
	6
	9
	0
	5
	9
	5
	0
	9
	6
	0
	5
	9
	4
	5
	0
	5
	9
	4
	4
	9
	5
	0
	10
	4
	4
	0
	9
	6
	0
	1
	9
	6
	9
	5
	0
	4
	1
	0
	5
	9
	5
	0
	6
	4
	0
	9
	6
	9
	5
	9
	0
	6
	9
	5
	4
	9
	9
	5
	9
	5
	9
	9
	5
	9
	6
	9
	0
	9
	6
	9
	10
	4
	6
	9
	4
	0
	6
	4
	9
	10
	0
	6
	4
	1
	9
	5
	9
	6
	9
	1
	4
	1
	9
	1
	4
	1
	0
	1
	9
	6
	0
	1
	9
	1
	9
	4
	5
	9
	6
	2
	5
	9
	5
	4
	9
	6
	9
	10
	9
	6
	0
	5
	9
	4
	9
	6
	9
	1
	4
	5
	0
	6
	9
	4
	5
	9
	9
	6
	0
	4
