Version identifier: 22.1.0.0 | 2022-03-09 | 1a383f8ce
CPXPARAM_Threads                                 1
CPXPARAM_MIP_Strategy_VariableSelect             3
CPXPARAM_TimeLimit                               599.99993942699996
1 of 1 MIP starts provided solutions.
MIP start 'm1' defined initial solution with objective 225.0000.
Tried aggregator 1 time.
MIP Presolve eliminated 17 rows and 634 columns.
MIP Presolve modified 5 coefficients.
Reduced MIP has 2531 rows, 3170 columns, and 39092 nonzeros.
Reduced MIP has 3170 binaries, 0 generals, 0 SOSs, and 0 indicators.
Presolve time = 0.03 sec. (22.33 ticks)
Probing time = 0.00 sec. (3.00 ticks)
Tried aggregator 1 time.
Detecting symmetries...
Reduced MIP has 2531 rows, 3170 columns, and 39092 nonzeros.
Reduced MIP has 3170 binaries, 0 generals, 0 SOSs, and 0 indicators.
Presolve time = 0.03 sec. (22.42 ticks)
Probing time = 0.00 sec. (3.00 ticks)
Clique table members: 1574.
MIP emphasis: balance optimality and feasibility.
MIP search method: dynamic search.
Parallel mode: none, using 1 thread.
Root relaxation solution time = 0.15 sec. (133.09 ticks)

        Nodes                                         Cuts/
   Node  Left     Objective  IInf  Best Integer    Best Bound    ItCnt     Gap

*     0+    0                          225.0000     3170.0000              --- 
      0     0      298.9430   535      225.0000      298.9430     1943   32.86%
      0     0      298.0000   455      225.0000      Cuts: 62     2150   32.44%
      0     0      297.8987   427      225.0000      Cuts: 19     3556   32.40%
      0     0      297.8381   589      225.0000      Cuts: 67     3841   32.37%
*     0+    0                          241.0000      297.8381            23.58%
*     0+    0                          250.0000      297.8381            19.14%
      0     0        cutoff            250.0000      297.8381     3841   19.14%
      0     0      297.8374   583      250.0000      Cuts: 21     3864   19.13%
      0     0      297.8367   585      250.0000       Cuts: 6     3885   19.13%
Detecting symmetries...
      0     0      297.8361   388      250.0000   Impl Bds: 2     3890   19.13%
      0     0      297.8354   406      250.0000      Cuts: 21     4105   19.13%
*     0+    0                          259.0000      297.8354            14.99%
*     0+    0                          261.0000      297.8354            14.11%
*     0+    0                          281.0000      297.8354             5.99%
      0     0        cutoff            281.0000      297.8354     4105    5.99%
Detecting symmetries...
      0     2      297.8354   388      281.0000      297.8354     4105    5.99%
Elapsed time = 2.71 sec. (2375.04 ticks, tree = 0.01 MB, solutions = 6)
      3     3      297.8354   389      281.0000      297.8354     4353    5.99%
      5     3        cutoff            281.0000      297.8354     4922    5.99%
      7     5      297.8354   398      281.0000      297.8354     5203    5.99%
      9     5      295.3571    88      281.0000      297.8354     5352    5.99%
     14     5      295.3571    82      281.0000      297.8354     5581    5.99%
     17     5      295.2326    88      281.0000      297.8354     5944    5.99%
     22     5      293.8462    79      281.0000      297.8354     6348    5.99%
     25     7      293.8462    81      281.0000      297.8354     6560    5.99%
     29     7      293.8462    76      281.0000      297.8354     6662    5.99%
     40     7      293.0714    76      281.0000      297.8354     7433    5.99%
Elapsed time = 6.12 sec. (6103.15 ticks, tree = 0.02 MB, solutions = 6)
     63     9      288.0000    50      281.0000      297.8354     9218    5.99%
     74    15      287.7586    63      281.0000      297.8354    12102    5.99%
     84    21      287.0000    35      281.0000      297.8354    13898    5.99%
     96    27        cutoff            281.0000      297.8354    17544    5.99%
    107    34      287.0000    28      281.0000      297.8354    20590    5.99%
    120    39      287.0000    20      281.0000      297.8354    25284    5.99%
    132    43      287.0000    16      281.0000      297.8354    30496    5.99%
    147    50      287.0000    26      281.0000      297.8354    36716    5.99%
    165    56      287.0000    18      281.0000      297.8354    43764    5.99%
    183    68      287.0000    18      281.0000      297.8354    47104    5.99%
Elapsed time = 16.38 sec. (16086.56 ticks, tree = 0.11 MB, solutions = 6)
    201    82      287.0000    22      281.0000      297.8354    49760    5.99%
    220    86        cutoff            281.0000      297.8354    53587    5.99%
    234    85      297.8081   440      281.0000      297.8347    54823    5.99%
    240    91      297.8081   422      281.0000      297.8347    55060    5.99%
    247    95      297.7978   410      281.0000      297.8347    55375    5.99%
    256    97      297.7970   419      281.0000      297.8347    55705    5.99%
    265   100      295.5551   492      281.0000      297.8347    57255    5.99%
    283   100      292.8442   467      281.0000      297.8347    58282    5.99%
    294   102      289.7097    75      281.0000      297.8347    58938    5.99%
    305   105      289.7097    55      281.0000      297.8347    59412    5.99%
Elapsed time = 25.80 sec. (26376.01 ticks, tree = 0.17 MB, solutions = 6)
    318   107      288.0000    47      281.0000      297.8347    60676    5.99%
    331   112      288.0000    16      281.0000      297.8347    64899    5.99%
    347   112      288.0000    20      281.0000      297.8347    72853    5.99%
    359   114    infeasible            281.0000      297.8347    77315    5.99%
    375   122        cutoff            281.0000      297.8347    81502    5.99%
    393   126        cutoff            281.0000      297.8347    88811    5.99%
    405   130      288.0000    42      281.0000      297.8347    93665    5.99%
    422   131      283.0000    10      281.0000      297.8347    98015    5.99%
    442   131      292.5000    35      281.0000      293.7975   101473    4.55%
    466   130        cutoff            281.0000      293.4138   102929    4.42%
Elapsed time = 35.64 sec. (36120.39 ticks, tree = 0.21 MB, solutions = 6)
    480   127      289.9605   369      281.0000      290.8429   104373    3.50%
    489   135      289.9605   350      281.0000      290.8429   104784    3.50%
    496   142      289.9605   369      281.0000      290.8429   105414    3.50%
    503   148      289.9605   348      281.0000      290.8429   105666    3.50%
    512   152      289.9565   534      281.0000      290.8429   106117    3.50%
    520   157      289.8684   469      281.0000      290.8429   106158    3.50%
    536   166      287.9324   458      281.0000      290.8429   106546    3.50%
    546   176      287.8982   458      281.0000      290.8429   106569    3.50%
    558   180      286.8727   370      281.0000      290.8429   106988    3.50%
    578   182      289.8714   121      281.0000      290.8333   109500    3.50%
Elapsed time = 44.52 sec. (46407.08 ticks, tree = 0.30 MB, solutions = 6)
    592   185      289.7500   124      281.0000      290.8333   109998    3.50%
    611   190      288.0000    21      281.0000      290.8333   115673    3.50%
    630   189        cutoff            281.0000      290.8333   125116    3.50%
    647   190      288.0000    18      281.0000      290.8333   132060    3.50%
    664   191        cutoff            281.0000      290.8333   141063    3.50%
    680   194      287.0000    26      281.0000      290.8333   147572    3.50%
    707   194      288.8322   127      281.0000      290.8226   149876    3.50%
    720   207      288.0000    31      281.0000      290.8226   150721    3.50%
    738   209        cutoff            281.0000      290.8226   156440    3.50%
    754   217      288.0000    20      281.0000      290.8226   160172    3.50%
Elapsed time = 54.58 sec. (56345.51 ticks, tree = 0.36 MB, solutions = 6)
    788   221      289.8525   117      281.0000      289.9605   161536    3.19%
    801   224      288.0000   100      281.0000      289.9605   162473    3.19%
    811   233      287.1579    71      281.0000      289.9605   164078    3.19%
    826   245      286.1765    51      281.0000      289.9605   164498    3.19%
    840   250      286.0000    31      281.0000      289.9605   168544    3.19%
    857   252      284.5385    38      281.0000      289.9605   175339    3.19%
    870   258      283.6000    31      281.0000      289.9605   176553    3.19%
    886   256      289.9333   253      281.0000      289.9333   177586    3.18%
    902   257      289.9174   196      281.0000      289.9174   179488    3.17%
    911   263      289.9174   193      281.0000      289.9174   179950    3.17%
Elapsed time = 64.26 sec. (66371.12 ticks, tree = 0.44 MB, solutions = 6)
    921   268      289.7500    77      281.0000      289.9167   180878    3.17%
    938   271        cutoff            281.0000      289.9167   184468    3.17%
    952   279      287.0417    27      281.0000      289.9167   187921    3.17%
    964   285      287.0000    35      281.0000      289.9167   190665    3.17%
    979   290      287.0000    25      281.0000      289.9167   196514    3.17%
    997   294        cutoff            281.0000      289.9167   202829    3.17%
   1011   300      287.0000    27      281.0000      289.9167   207583    3.17%
   1027   311      287.0000    24      281.0000      289.9167   210197    3.17%
   1045   318      286.4667    42      281.0000      289.9167   215496    3.17%
   1063   320      289.9159   189      281.0000      289.9159   216607    3.17%
Elapsed time = 74.39 sec. (76376.64 ticks, tree = 0.53 MB, solutions = 6)
   1072   323      289.6667   182      281.0000      289.9127   216852    3.17%
   1082   329      288.0000    50      281.0000      289.9127   220398    3.17%
   1091   338      288.0000    27      281.0000      289.9127   221639    3.17%
   1110   343      288.0000    32      281.0000      289.9127   228786    3.17%
   1125   348      287.9762    34      281.0000      289.9127   231128    3.17%
   1139   348      289.8160   419      281.0000      289.9127   232178    3.17%
   1148   350      288.8798   315      281.0000      289.9127   235912    3.17%
   1159   357      287.0000   168      281.0000      289.9127   236311    3.17%
   1172   367      286.0000    62      281.0000      289.9127   237872    3.17%
   1184   377      286.0000    33      281.0000      289.9127   239850    3.17%
Elapsed time = 84.50 sec. (86415.32 ticks, tree = 0.62 MB, solutions = 6)
   1195   382      286.0000    36      281.0000      289.9127   244260    3.17%
   1207   390      286.0000    27      281.0000      289.9127   246977    3.17%
   1220   394      289.8630   421      281.0000      289.9099   249411    3.17%
   1230   398      288.9076   380      281.0000      289.9099   252105    3.17%
   1237   403      287.9224   387      281.0000      289.9099   252400    3.17%
   1246   410      287.0000   349      281.0000      289.9099   252627    3.17%
   1255   417      286.8140   108      281.0000      289.9099   254997    3.17%
   1267   429      286.6190   111      281.0000      289.9099   255097    3.17%
   1278   439      286.4182   100      281.0000      289.9099   255445    3.17%
   1327   483      283.6889   135      281.0000      289.9099   256531    3.17%
Elapsed time = 96.80 sec. (99370.09 ticks, tree = 0.80 MB, solutions = 6)
   1368   507      285.3667    38      281.0000      289.9083   261226    3.17%
   1418   525      289.8333   173      281.0000      289.8925   269618    3.16%
   1468   541      289.0000    28      281.0000      289.8919   282750    3.16%

Performing restart 1

Repeating presolve.
Tried aggregator 1 time.
MIP Presolve eliminated 2 rows and 6 columns.
MIP Presolve modified 2 coefficients.
Reduced MIP has 2529 rows, 3164 columns, and 38999 nonzeros.
Reduced MIP has 3164 binaries, 0 generals, 0 SOSs, and 0 indicators.
Presolve time = 0.02 sec. (20.96 ticks)
Tried aggregator 1 time.
Reduced MIP has 2529 rows, 3164 columns, and 38999 nonzeros.
Reduced MIP has 3164 binaries, 0 generals, 0 SOSs, and 0 indicators.
Presolve time = 0.03 sec. (22.66 ticks)
Represolve time = 0.14 sec. (147.79 ticks)
   1485     0      297.3756   457      281.0000      Cuts: 29   291869    3.16%
   1485     0      291.2981   625      281.0000      Cuts: 16   292156    3.16%
   1485     0      289.0390   511      281.0000      Cuts: 42   292309    2.86%
   1485     0      286.7638   473      281.0000      Cuts: 16   292366    2.05%
   1485     0      286.0558   373      281.0000  ZeroHalf: 18   292573    1.80%
   1485     0      286.0558   378      281.0000   ZeroHalf: 4   292641    1.80%
   1485     0      286.0558   347      281.0000   ZeroHalf: 3   292743    1.80%
   1485     0      286.0218   345      281.0000   ZeroHalf: 9   292759    1.79%
   1485     0      286.0218   492      281.0000   ZeroHalf: 4   292810    1.79%
   1485     0      286.0218   340      281.0000   ZeroHalf: 1   292811    1.79%
   1485     0      286.0218   341      281.0000   ZeroHalf: 7   292817    1.79%
   1485     0      286.0218   340      281.0000   ZeroHalf: 1   292818    1.79%
   1485     2      286.0218   340      281.0000      286.0218   292818    1.79%
   1520    10      285.7153   502      281.0000      285.9305   293912    1.75%
   1559    19      285.5685   363      281.0000      285.5685   296418    1.63%
   1594    26      285.1163    93      281.0000      285.4295   297772    1.58%
   1642    38      285.2959   223      281.0000      285.4295   299372    1.58%
   1672    65      283.7358   186      281.0000      285.4295   300235    1.58%
   1713    81      285.2993   285      281.0000      285.3428   302106    1.55%
Elapsed time = 133.90 sec. (139833.02 ticks, tree = 0.17 MB, solutions = 6)
   1771    86      284.9442   188      281.0000      284.9442   304803    1.40%

Clique cuts applied:  5
Cover cuts applied:  1
Implied bound cuts applied:  13
Mixed integer rounding cuts applied:  1
Zero-half cuts applied:  76
Gomory fractional cuts applied:  2

Root node processing (before b&c):
  Real time             =    2.70 sec. (2364.66 ticks)
Sequential b&c:
  Real time             =  136.96 sec. (144151.44 ticks)
                          ------------
Total (root+branch&cut) =  139.67 sec. (146516.10 ticks)
Primal:	281
Dual:	281
Status:	Optimal
Time:	139.66
Sequence:
	1
	9
	6
	9
	7
	9
	6
	2
	1
	4
	6
	9
	1
	9
	7
	4
	1
	9
	5
	9
	7
	9
	5
	9
	6
	0
	5
	9
	5
	9
	5
	9
	1
	9
	5
	9
	6
	9
	1
	4
	1
	4
	6
	9
	10
	0
	7
	9
	1
	9
	6
	9
	7
	9
	1
	9
	6
	9
	11
	9
	1
	9
	6
	4
	1
	9
	7
	9
	6
	9
	5
	2
	6
	9
	7
	4
	1
	4
	5
	9
	1
	9
	6
	4
	1
	9
	10
	9
	7
	9
	5
	9
	6
	2
	5
	9
	1
	9
	7
	0
	5
	4
	1
	9
	6
	9
	1
	9
	1
	4
	5
	9
	7
	9
	1
	9
	1
	9
	5
	4
	1
	4
	11
	4
	1
	9
	5
	4
	1
	4
	5
	9
	7
	9
	6
	2
	5
	4
	1
	4
	7
	9
	6
	4
	1
	9
	7
	9
	1
	9
	5
	9
	5
	4
	1
	9
	1
	4
	5
	9
	1
	9
	5
	9
	5
	9
	1
	9
	7
	9
	1
	9
	1
	9
	5
	2
	7
	9
	5
	9
	1
	9
	1
	9
	5
	9
	5
	9
	7
	9
	5
	9
	6
	9
	7
	9
	6
	9
	5
	9
	1
	4
	6
	9
	5
	9
	1
	4
	7
	9
	5
	9
	6
	4
	11
	9
	5
	9
	5
	9
	1
	4
	5
	9
	5
	4
	11
	9
	5
	9
	1
	4
	7
	9
	1
	9
	1
	4
	5
	9
	5
	9
	5
	9
	1
	4
	5
	9
	1
	9
	1
	4
	5
	9
	5
	9
	1
	9
	5
	9
	1
	9
	7
	9
	1
	9
	1
	4
	6
	9
	7
	4
	1
	4
	5
	9
	1
	4
	1
	9
	1
