Version identifier: 22.1.0.0 | 2022-03-09 | 1a383f8ce
CPXPARAM_Threads                                 1
CPXPARAM_MIP_Strategy_VariableSelect             3
CPXPARAM_TimeLimit                               600
Tried aggregator 1 time.
MIP Presolve eliminated 407 rows and 2418 columns.
Reduced MIP has 2426 rows, 7254 columns, and 28956 nonzeros.
Reduced MIP has 5643 binaries, 1611 generals, 0 SOSs, and 0 indicators.
Presolve time = 0.02 sec. (14.48 ticks)
Found incumbent of value 36.115804 after 0.06 sec. (36.52 ticks)
Probing time = 0.01 sec. (3.63 ticks)
Tried aggregator 1 time.
Detecting symmetries...
Reduced MIP has 2426 rows, 7254 columns, and 28956 nonzeros.
Reduced MIP has 5643 binaries, 1611 generals, 0 SOSs, and 0 indicators.
Presolve time = 0.02 sec. (15.52 ticks)
Probing time = 0.01 sec. (3.63 ticks)
Clique table members: 432.
MIP emphasis: balance optimality and feasibility.
MIP search method: dynamic search.
Parallel mode: none, using 1 thread.
Root relaxation solution time = 0.02 sec. (21.34 ticks)

        Nodes                                         Cuts/
   Node  Left     Objective  IInf  Best Integer    Best Bound    ItCnt     Gap

*     0+    0                           36.1158        0.0000           100.00%
      0     0        0.0000   104       36.1158        0.0000      542  100.00%
*     0+    0                            0.0000        0.0000             0.00%
      0     0        cutoff              0.0000        0.0000      542    0.00%
Elapsed time = 0.20 sec. (155.07 ticks, tree = 0.01 MB, solutions = 2)

Root node processing (before b&c):
  Real time             =    0.20 sec. (155.42 ticks)
Sequential b&c:
  Real time             =    0.00 sec. (0.00 ticks)
                          ------------
Total (root+branch&cut) =    0.20 sec. (155.42 ticks)
Violation-free sequence bound:	403
Unscheduled:	0
Status:	Optimal
Time:	0.23
Sequence:
	9
	9
	1
	9
	1
	9
	5
	9
	9
	2
	5
	4
	9
	5
	9
	5
	9
	5
	9
	9
	5
	0
	4
	5
	9
	5
	0
	9
	9
	9
	5
	9
	5
	9
	9
	9
	9
	9
	9
	9
	5
	9
	5
	9
	5
	9
	9
	5
	9
	5
	9
	9
	5
	9
	5
	9
	9
	5
	9
	9
	9
	9
	9
	9
	9
	9
	9
	9
	9
	9
	0
	5
	4
	9
	0
	1
	4
	0
	9
	1
	0
	4
	1
	0
	1
	4
	0
	9
	1
	0
	1
	4
	3
	4
	0
	1
	4
	4
	0
	4
	4
	1
	0
	1
	9
	1
	0
	1
	4
	1
	0
	9
	1
	4
	0
	4
	1
	9
	1
	0
	1
	9
	5
	0
	5
	9
	0
	5
	9
	0
	4
	5
	0
	5
	9
	5
	0
	1
	9
	1
	0
	9
	1
	0
	9
	5
	0
	1
	9
	1
	0
	9
	5
	0
	5
	9
	1
	0
	9
	1
	0
	4
	1
	0
	4
	3
	4
	5
	0
	9
	9
	5
	0
	4
	3
	0
	4
	1
	9
	5
	0
	5
	4
	0
	9
	1
	9
	0
	1
	4
	1
	0
	4
	5
	0
	5
	4
	0
	5
	9
	0
	4
	9
	9
	4
	4
	9
	4
	9
	9
	9
	4
	4
	1
	9
	1
	9
	1
	4
	9
	5
	4
	2
	4
	1
	4
	9
	9
	9
	9
	9
	9
	9
	9
	9
	9
	9
	9
	9
	1
	9
	4
	1
	4
	4
	1
	4
	4
	1
	4
	4
	1
	4
	4
	1
	4
	1
	9
	4
	1
	4
	1
	0
	1
	9
	1
	4
	4
	3
	9
	4
	5
	9
	1
	0
	5
	4
	1
	9
	5
	9
	9
	9
	1
	9
	1
	0
	1
	9
	9
	9
	1
	4
	1
	9
	9
	1
	0
	4
	5
	0
	1
	4
	4
	0
	4
	4
	9
	0
	1
	4
	4
	1
	4
	4
	9
	9
	9
	9
	9
	9
	9
	4
	0
	4
	3
	9
	1
	9
	0
	5
	9
	1
	9
	5
	0
	4
	4
	1
	4
	4
	9
	4
	4
	0
	4
	4
	0
	4
	4
	0
	9
	4
	4
	9
	9
	9
	8
	4
	9
	9
	9
	2
	9
	9
	9
	9
	9
	9
	9
	9
	9
	9
	9
	9
	9
	9
	9
	9
	9
	9
	9
	9
	9
	9
	9
	9
	9
	3
	9
	9
	9
	9
	9
	9
	9
	3
	9
	1
	9
	8
	1
	4
Violation-free sequence:
	9
	9
	1
	9
	1
	9
	5
	9
	9
	2
	5
	4
	9
	5
	9
	5
	9
	5
	9
	9
	5
	0
	4
	5
	9
	5
	0
	9
	9
	9
	5
	9
	5
	9
	9
	9
	9
	9
	9
	9
	5
	9
	5
	9
	5
	9
	9
	5
	9
	5
	9
	9
	5
	9
	5
	9
	9
	5
	9
	9
	9
	9
	9
	9
	9
	9
	9
	9
	9
	9
	0
	5
	4
	9
	0
	1
	4
	0
	9
	1
	0
	4
	1
	0
	1
	4
	0
	9
	1
	0
	1
	4
	3
	4
	0
	1
	4
	4
	0
	4
	4
	1
	0
	1
	9
	1
	0
	1
	4
	1
	0
	9
	1
	4
	0
	4
	1
	9
	1
	0
	1
	9
	5
	0
	5
	9
	0
	5
	9
	0
	4
	5
	0
	5
	9
	5
	0
	1
	9
	1
	0
	9
	1
	0
	9
	5
	0
	1
	9
	1
	0
	9
	5
	0
	5
	9
	1
	0
	9
	1
	0
	4
	1
	0
	4
	3
	4
	5
	0
	9
	9
	5
	0
	4
	3
	0
	4
	1
	9
	5
	0
	5
	4
	0
	9
	1
	9
	0
	1
	4
	1
	0
	4
	5
	0
	5
	4
	0
	5
	9
	0
	4
	9
	9
	4
	4
	9
	4
	9
	9
	9
	4
	4
	1
	9
	1
	9
	1
	4
	9
	5
	4
	2
	4
	1
	4
	9
	9
	9
	9
	9
	9
	9
	9
	9
	9
	9
	9
	9
	1
	9
	4
	1
	4
	4
	1
	4
	4
	1
	4
	4
	1
	4
	4
	1
	4
	1
	9
	4
	1
	4
	1
	0
	1
	9
	1
	4
	4
	3
	9
	4
	5
	9
	1
	0
	5
	4
	1
	9
	5
	9
	9
	9
	1
	9
	1
	0
	1
	9
	9
	9
	1
	4
	1
	9
	9
	1
	0
	4
	5
	0
	1
	4
	4
	0
	4
	4
	9
	0
	1
	4
	4
	1
	4
	4
	9
	9
	9
	9
	9
	9
	9
	4
	0
	4
	3
	9
	1
	9
	0
	5
	9
	1
	9
	5
	0
	4
	4
	1
	4
	4
	9
	4
	4
	0
	4
	4
	0
	4
	4
	0
	9
	4
	4
	9
	9
	9
	8
	4
	9
	9
	9
	2
	9
	9
	9
	9
	9
	9
	9
	9
	9
	9
	9
	9
	9
	9
	9
	9
	9
	9
	9
	9
	9
	9
	9
	9
	9
	3
	9
	9
	9
	9
	9
	9
	9
	3
	9
	1
	9
	8
	1
	4
