Version identifier: 22.1.0.0 | 2022-03-09 | 1a383f8ce
CPXPARAM_Threads                                 1
CPXPARAM_MIP_Strategy_VariableSelect             3
CPXPARAM_TimeLimit                               600
Tried aggregator 1 time.
MIP Presolve eliminated 1 rows and 325 columns.
Reduced MIP has 2286 rows, 7475 columns, and 38877 nonzeros.
Reduced MIP has 5851 binaries, 1624 generals, 0 SOSs, and 0 indicators.
Presolve time = 0.02 sec. (17.08 ticks)
Found incumbent of value 17.806774 after 0.06 sec. (43.75 ticks)
Probing fixed 0 vars, tightened 1 bounds.
Probing time = 0.01 sec. (13.98 ticks)
Tried aggregator 1 time.
Detecting symmetries...
Reduced MIP has 2286 rows, 7475 columns, and 38877 nonzeros.
Reduced MIP has 5851 binaries, 1624 generals, 0 SOSs, and 0 indicators.
Presolve time = 0.03 sec. (20.91 ticks)
Probing time = 0.01 sec. (6.94 ticks)
Clique table members: 336.
MIP emphasis: balance optimality and feasibility.
MIP search method: dynamic search.
Parallel mode: none, using 1 thread.
Root relaxation solution time = 0.07 sec. (53.38 ticks)

        Nodes                                         Cuts/
   Node  Left     Objective  IInf  Best Integer    Best Bound    ItCnt     Gap

*     0+    0                           17.8068        0.0000           100.00%
      0     0        0.0000   627       17.8068        0.0000      974  100.00%
*     0+    0                            0.0000        0.0000             0.00%
      0     0        cutoff              0.0000        0.0000      974    0.00%
Elapsed time = 0.81 sec. (646.53 ticks, tree = 0.01 MB, solutions = 2)

Root node processing (before b&c):
  Real time             =    0.81 sec. (646.82 ticks)
Sequential b&c:
  Real time             =    0.00 sec. (0.00 ticks)
                          ------------
Total (root+branch&cut) =    0.81 sec. (646.82 ticks)
Violation-free sequence bound:	325
Unscheduled:	0
Status:	Optimal
Time:	0.82
Sequence:
	9
	5
	0
	5
	9
	7
	9
	5
	0
	6
	9
	7
	8
	1
	4
	5
	0
	4
	6
	0
	5
	9
	7
	0
	6
	4
	0
	4
	6
	0
	5
	9
	6
	0
	1
	9
	1
	0
	5
	4
	0
	6
	9
	1
	9
	9
	9
	9
	0
	5
	9
	9
	1
	0
	5
	9
	5
	9
	5
	0
	1
	9
	1
	0
	1
	9
	1
	8
	5
	9
	8
	9
	5
	0
	5
	9
	5
	0
	5
	9
	5
	0
	4
	5
	0
	5
	9
	1
	0
	9
	5
	0
	9
	5
	0
	5
	4
	0
	1
	9
	9
	1
	8
	9
	7
	0
	5
	9
	5
	0
	9
	1
	0
	1
	9
	5
	4
	1
	0
	1
	9
	1
	0
	1
	9
	1
	0
	7
	4
	0
	4
	5
	0
	6
	9
	5
	9
	5
	4
	0
	1
	9
	8
	1
	4
	3
	4
	5
	0
	9
	1
	0
	9
	1
	0
	1
	9
	6
	0
	5
	9
	6
	0
	9
	9
	9
	9
	9
	9
	9
	2
	9
	9
	9
	0
	1
	9
	9
	9
	9
	5
	9
	9
	0
	9
	9
	9
	1
	9
	6
	9
	9
	9
	9
	9
	1
	9
	9
	1
	0
	7
	9
	1
	9
	9
	5
	8
	1
	4
	5
	9
	5
	0
	6
	9
	7
	2
	5
	9
	9
	1
	9
	1
	0
	1
	9
	11
	0
	9
	5
	0
	5
	9
	5
	9
	9
	1
	0
	5
	9
	5
	0
	9
	5
	0
	5
	9
	5
	0
	9
	6
	0
	1
	9
	0
	9
	1
	0
	5
	4
	0
	6
	9
	0
	9
	7
	0
	1
	9
	6
	0
	7
	4
	0
	1
	9
	0
	1
	9
	0
	1
	9
	5
	0
	9
	9
	9
	9
	9
	9
	9
	9
	9
	9
	9
	9
	9
	9
	9
	9
	9
	9
	2
	9
	9
	9
	1
	9
	0
	1
	9
	1
	9
	9
	0
	9
	9
	9
	6
	9
	5
	9
	1
	0
	6
Violation-free sequence:
	9
	5
	0
	5
	9
	7
	9
	5
	0
	6
	9
	7
	8
	1
	4
	5
	0
	4
	6
	0
	5
	9
	7
	0
	6
	4
	0
	4
	6
	0
	5
	9
	6
	0
	1
	9
	1
	0
	5
	4
	0
	6
	9
	1
	9
	9
	9
	9
	0
	5
	9
	9
	1
	0
	5
	9
	5
	9
	5
	0
	1
	9
	1
	0
	1
	9
	1
	8
	5
	9
	8
	9
	5
	0
	5
	9
	5
	0
	5
	9
	5
	0
	4
	5
	0
	5
	9
	1
	0
	9
	5
	0
	9
	5
	0
	5
	4
	0
	1
	9
	9
	1
	8
	9
	7
	0
	5
	9
	5
	0
	9
	1
	0
	1
	9
	5
	4
	1
	0
	1
	9
	1
	0
	1
	9
	1
	0
	7
	4
	0
	4
	5
	0
	6
	9
	5
	9
	5
	4
	0
	1
	9
	8
	1
	4
	3
	4
	5
	0
	9
	1
	0
	9
	1
	0
	1
	9
	6
	0
	5
	9
	6
	0
	9
	9
	9
	9
	9
	9
	9
	2
	9
	9
	9
	0
	1
	9
	9
	9
	9
	5
	9
	9
	0
	9
	9
	9
	1
	9
	6
	9
	9
	9
	9
	9
	1
	9
	9
	1
	0
	7
	9
	1
	9
	9
	5
	8
	1
	4
	5
	9
	5
	0
	6
	9
	7
	2
	5
	9
	9
	1
	9
	1
	0
	1
	9
	11
	0
	9
	5
	0
	5
	9
	5
	9
	9
	1
	0
	5
	9
	5
	0
	9
	5
	0
	5
	9
	5
	0
	9
	6
	0
	1
	9
	0
	9
	1
	0
	5
	4
	0
	6
	9
	0
	9
	7
	0
	1
	9
	6
	0
	7
	4
	0
	1
	9
	0
	1
	9
	0
	1
	9
	5
	0
	9
	9
	9
	9
	9
	9
	9
	9
	9
	9
	9
	9
	9
	9
	9
	9
	9
	9
	2
	9
	9
	9
	1
	9
	0
	1
	9
	1
	9
	9
	0
	9
	9
	9
	6
	9
	5
	9
	1
	0
	6
