Version identifier: 22.1.0.0 | 2022-03-09 | 1a383f8ce
CPXPARAM_Threads                                 1
CPXPARAM_MIP_Strategy_VariableSelect             3
CPXPARAM_TimeLimit                               600
Tried aggregator 1 time.
MIP Presolve eliminated 399 rows and 3144 columns.
Reduced MIP has 2364 rows, 6288 columns, and 22359 nonzeros.
Reduced MIP has 4718 binaries, 1570 generals, 0 SOSs, and 0 indicators.
Presolve time = 0.02 sec. (13.92 ticks)
Found incumbent of value 22.127109 after 0.04 sec. (33.32 ticks)
Probing fixed 0 vars, tightened 2 bounds.
Probing time = 0.03 sec. (24.67 ticks)
Tried aggregator 1 time.
Detecting symmetries...
Reduced MIP has 2364 rows, 6288 columns, and 22359 nonzeros.
Reduced MIP has 4719 binaries, 1569 generals, 0 SOSs, and 0 indicators.
Presolve time = 0.02 sec. (14.04 ticks)
Probing time = 0.01 sec. (8.64 ticks)
Clique table members: 16780.
MIP emphasis: balance optimality and feasibility.
MIP search method: dynamic search.
Parallel mode: none, using 1 thread.
Root relaxation solution time = 0.02 sec. (16.38 ticks)

        Nodes                                         Cuts/
   Node  Left     Objective  IInf  Best Integer    Best Bound    ItCnt     Gap

*     0+    0                           22.1271        0.0000           100.00%
*     0     0      integral     0        0.0000        0.0000      454    0.00%
Elapsed time = 0.15 sec. (111.92 ticks, tree = 0.00 MB, solutions = 2)

Root node processing (before b&c):
  Real time             =    0.15 sec. (112.26 ticks)
Sequential b&c:
  Real time             =    0.00 sec. (0.00 ticks)
                          ------------
Total (root+branch&cut) =    0.15 sec. (112.26 ticks)
Violation-free sequence bound:	393
Unscheduled:	0
Status:	Optimal
Time:	0.19
Sequence:
	10
	9
	10
	9
	10
	9
	9
	9
	10
	9
	10
	4
	10
	9
	10
	9
	4
	10
	9
	10
	9
	9
	9
	4
	0
	10
	9
	9
	0
	1
	4
	0
	4
	10
	0
	4
	1
	4
	10
	4
	10
	4
	4
	1
	0
	9
	10
	4
	4
	10
	0
	4
	4
	0
	4
	4
	0
	10
	4
	4
	0
	4
	4
	10
	4
	4
	0
	4
	1
	0
	4
	4
	0
	4
	4
	0
	4
	9
	0
	4
	4
	0
	4
	4
	0
	9
	4
	1
	0
	4
	10
	4
	10
	0
	1
	9
	4
	0
	10
	4
	0
	4
	9
	0
	9
	4
	9
	0
	10
	4
	0
	9
	9
	0
	4
	4
	9
	0
	9
	4
	4
	10
	4
	4
	1
	4
	4
	0
	4
	1
	0
	4
	10
	9
	9
	9
	9
	9
	10
	4
	9
	4
	4
	9
	4
	9
	4
	4
	9
	4
	4
	0
	4
	4
	9
	9
	9
	9
	4
	0
	4
	9
	4
	4
	10
	4
	4
	10
	4
	10
	9
	4
	10
	4
	4
	9
	4
	9
	9
	4
	1
	4
	4
	9
	4
	4
	9
	4
	9
	9
	9
	4
	9
	9
	4
	9
	4
	9
	4
	4
	9
	9
	9
	4
	0
	4
	9
	4
	9
	4
	4
	9
	9
	4
	4
	9
	9
	9
	9
	9
	4
	9
	9
	4
	9
	9
	9
	9
	9
	9
	9
	9
	9
	9
	9
	9
	4
	0
	4
	1
	4
	1
	9
	4
	1
	9
	1
	4
	1
	9
	1
	9
	1
	4
	1
	9
	1
	9
	9
	1
	9
	1
	4
	1
	9
	1
	4
	10
	4
	4
	1
	4
	9
	9
	9
	4
	4
	9
	9
	9
	9
	4
	9
	9
	9
	9
	1
	9
	4
	9
	9
	4
	0
	9
	4
	9
	9
	9
	4
	4
	9
	9
	4
	9
	9
	9
	1
	9
	9
	9
	9
	9
	9
	9
	9
	9
	9
	9
	9
	9
	4
	4
	0
	1
	4
	4
	9
	9
	4
	4
	9
	9
	9
	9
	9
	0
	9
	9
	6
	4
	0
	9
	4
	4
	9
	9
	0
	10
	9
	9
	9
	9
	4
	4
	9
	9
	9
	4
	1
	4
	9
	4
	9
	4
	4
	9
	4
	4
	9
	9
	9
	9
	9
	9
	9
	9
	9
	9
	9
	9
	9
	4
	9
	4
	9
	4
	9
	9
	9
	4
	1
	4
	9
Violation-free sequence:
	10
	9
	10
	9
	10
	9
	9
	9
	10
	9
	10
	4
	10
	9
	10
	9
	4
	10
	9
	10
	9
	9
	9
	4
	0
	10
	9
	9
	0
	1
	4
	0
	4
	10
	0
	4
	1
	4
	10
	4
	10
	4
	4
	1
	0
	9
	10
	4
	4
	10
	0
	4
	4
	0
	4
	4
	0
	10
	4
	4
	0
	4
	4
	10
	4
	4
	0
	4
	1
	0
	4
	4
	0
	4
	4
	0
	4
	9
	0
	4
	4
	0
	4
	4
	0
	9
	4
	1
	0
	4
	10
	4
	10
	0
	1
	9
	4
	0
	10
	4
	0
	4
	9
	0
	9
	4
	9
	0
	10
	4
	0
	9
	9
	0
	4
	4
	9
	0
	9
	4
	4
	10
	4
	4
	1
	4
	4
	0
	4
	1
	0
	4
	10
	9
	9
	9
	9
	9
	10
	4
	9
	4
	4
	9
	4
	9
	4
	4
	9
	4
	4
	0
	4
	4
	9
	9
	9
	9
	4
	0
	4
	9
	4
	4
	10
	4
	4
	10
	4
	10
	9
	4
	10
	4
	4
	9
	4
	9
	9
	4
	1
	4
	4
	9
	4
	4
	9
	4
	9
	9
	9
	4
	9
	9
	4
	9
	4
	9
	4
	4
	9
	9
	9
	4
	0
	4
	9
	4
	9
	4
	4
	9
	9
	4
	4
	9
	9
	9
	9
	9
	4
	9
	9
	4
	9
	9
	9
	9
	9
	9
	9
	9
	9
	9
	9
	9
	4
	0
	4
	1
	4
	1
	9
	4
	1
	9
	1
	4
	1
	9
	1
	9
	1
	4
	1
	9
	1
	9
	9
	1
	9
	1
	4
	1
	9
	1
	4
	10
	4
	4
	1
	4
	9
	9
	9
	4
	4
	9
	9
	9
	9
	4
	9
	9
	9
	9
	1
	9
	4
	9
	9
	4
	0
	9
	4
	9
	9
	9
	4
	4
	9
	9
	4
	9
	9
	9
	1
	9
	9
	9
	9
	9
	9
	9
	9
	9
	9
	9
	9
	9
	4
	4
	0
	1
	4
	4
	9
	9
	4
	4
	9
	9
	9
	9
	9
	0
	9
	9
	6
	4
	0
	9
	4
	4
	9
	9
	0
	10
	9
	9
	9
	9
	4
	4
	9
	9
	9
	4
	1
	4
	9
	4
	9
	4
	4
	9
	4
	4
	9
	9
	9
	9
	9
	9
	9
	9
	9
	9
	9
	9
	9
	4
	9
	4
	9
	4
	9
	9
	9
	4
	1
	4
	9
