Version identifier: 22.1.0.0 | 2022-03-09 | 1a383f8ce
CPXPARAM_Threads                                 1
CPXPARAM_MIP_Strategy_VariableSelect             3
CPXPARAM_TimeLimit                               600
Tried aggregator 1 time.
MIP Presolve eliminated 2 rows and 406 columns.
Reduced MIP has 1431 rows, 4466 columns, and 20810 nonzeros.
Reduced MIP has 3452 binaries, 1014 generals, 0 SOSs, and 0 indicators.
Presolve time = 0.01 sec. (9.46 ticks)
Found incumbent of value 3.330431 after 0.03 sec. (23.97 ticks)
Probing fixed 0 vars, tightened 2 bounds.
Probing time = 0.01 sec. (10.77 ticks)
Cover probing fixed 0 vars, tightened 1 bounds.
Tried aggregator 1 time.
Detecting symmetries...
Reduced MIP has 1431 rows, 4466 columns, and 20810 nonzeros.
Reduced MIP has 3454 binaries, 1012 generals, 0 SOSs, and 0 indicators.
Presolve time = 0.01 sec. (11.12 ticks)
Probing time = 0.00 sec. (5.19 ticks)
Cover probing fixed 0 vars, tightened 3 bounds.
Clique table members: 233.
MIP emphasis: balance optimality and feasibility.
MIP search method: dynamic search.
Parallel mode: none, using 1 thread.
Root relaxation solution time = 0.03 sec. (19.55 ticks)

        Nodes                                         Cuts/
   Node  Left     Objective  IInf  Best Integer    Best Bound    ItCnt     Gap

*     0+    0                            3.3304        0.0000           100.00%
      0     0        0.0000   440        3.3304        0.0000      571  100.00%
*     0+    0                            0.0000        0.0000             0.00%
      0     0        cutoff              0.0000        0.0000      571    0.00%
Elapsed time = 0.23 sec. (180.93 ticks, tree = 0.01 MB, solutions = 2)

Root node processing (before b&c):
  Real time             =    0.23 sec. (181.10 ticks)
Sequential b&c:
  Real time             =    0.00 sec. (0.00 ticks)
                          ------------
Total (root+branch&cut) =    0.23 sec. (181.10 ticks)
Violation-free sequence bound:	203
Unscheduled:	0
Status:	Optimal
Time:	0.24
Sequence:
	9
	0
	11
	9
	9
	0
	1
	9
	11
	0
	1
	9
	2
	9
	9
	9
	2
	1
	4
	0
	1
	9
	9
	9
	0
	9
	9
	9
	9
	2
	9
	4
	4
	0
	4
	9
	4
	1
	4
	9
	4
	4
	0
	4
	5
	0
	11
	9
	1
	9
	9
	10
	0
	6
	9
	1
	0
	11
	4
	1
	0
	6
	4
	3
	0
	9
	5
	4
	0
	6
	4
	0
	11
	4
	2
	4
	1
	0
	4
	5
	0
	5
	4
	0
	4
	6
	0
	5
	9
	0
	5
	4
	0
	4
	5
	9
	5
	0
	5
	9
	0
	5
	4
	1
	4
	4
	1
	4
	9
	4
	9
	4
	9
	4
	9
	11
	9
	9
	9
	9
	9
	9
	9
	9
	9
	6
	4
	11
	4
	5
	0
	6
	4
	10
	4
	1
	4
	4
	1
	0
	9
	9
	9
	1
	9
	1
	9
	9
	9
	6
	4
	1
	0
	4
	5
	0
	1
	4
	5
	0
	6
	4
	9
	5
	0
	5
	9
	0
	1
	4
	0
	5
	4
	0
	9
	11
	0
	6
	4
	2
	4
	6
	0
	1
	4
	0
	9
	9
	1
	2
	1
	9
	6
	2
	4
	11
	9
	6
	2
	1
	9
	2
	11
Violation-free sequence:
	9
	0
	11
	9
	9
	0
	1
	9
	11
	0
	1
	9
	2
	9
	9
	9
	2
	1
	4
	0
	1
	9
	9
	9
	0
	9
	9
	9
	9
	2
	9
	4
	4
	0
	4
	9
	4
	1
	4
	9
	4
	4
	0
	4
	5
	0
	11
	9
	1
	9
	9
	10
	0
	6
	9
	1
	0
	11
	4
	1
	0
	6
	4
	3
	0
	9
	5
	4
	0
	6
	4
	0
	11
	4
	2
	4
	1
	0
	4
	5
	0
	5
	4
	0
	4
	6
	0
	5
	9
	0
	5
	4
	0
	4
	5
	9
	5
	0
	5
	9
	0
	5
	4
	1
	4
	4
	1
	4
	9
	4
	9
	4
	9
	4
	9
	11
	9
	9
	9
	9
	9
	9
	9
	9
	9
	6
	4
	11
	4
	5
	0
	6
	4
	10
	4
	1
	4
	4
	1
	0
	9
	9
	9
	1
	9
	1
	9
	9
	9
	6
	4
	1
	0
	4
	5
	0
	1
	4
	5
	0
	6
	4
	9
	5
	0
	5
	9
	0
	1
	4
	0
	5
	4
	0
	9
	11
	0
	6
	4
	2
	4
	6
	0
	1
	4
	0
	9
	9
	1
	2
	1
	9
	6
	2
	4
	11
	9
	6
	2
	1
	9
	2
	11
