Version identifier: 22.1.0.0 | 2022-03-09 | 1a383f8ce
CPXPARAM_Threads                                 1
CPXPARAM_MIP_Strategy_VariableSelect             3
CPXPARAM_TimeLimit                               600
Tried aggregator 1 time.
MIP Presolve eliminated 3 rows and 1068 columns.
Reduced MIP has 2501 rows, 7476 columns, and 33728 nonzeros.
Reduced MIP has 5697 binaries, 1779 generals, 0 SOSs, and 0 indicators.
Presolve time = 0.02 sec. (15.52 ticks)
Found incumbent of value 22.341858 after 0.06 sec. (39.34 ticks)
Probing fixed 0 vars, tightened 3 bounds.
Probing time = 0.01 sec. (5.50 ticks)
Tried aggregator 1 time.
Detecting symmetries...
Reduced MIP has 2501 rows, 7476 columns, and 33728 nonzeros.
Reduced MIP has 5699 binaries, 1777 generals, 0 SOSs, and 0 indicators.
Presolve time = 0.02 sec. (17.99 ticks)
Probing time = 0.00 sec. (3.69 ticks)
Clique table members: 406.
MIP emphasis: balance optimality and feasibility.
MIP search method: dynamic search.
Parallel mode: none, using 1 thread.
Root relaxation solution time = 0.03 sec. (26.17 ticks)

        Nodes                                         Cuts/
   Node  Left     Objective  IInf  Best Integer    Best Bound    ItCnt     Gap

*     0+    0                           22.3419        0.0000           100.00%
      0     0        0.0000   347       22.3419        0.0000      680  100.00%
*     0+    0                            0.0000        0.0000             0.00%
      0     0        cutoff              0.0000        0.0000      680    0.00%
Elapsed time = 0.43 sec. (346.32 ticks, tree = 0.01 MB, solutions = 2)

Root node processing (before b&c):
  Real time             =    0.43 sec. (346.63 ticks)
Sequential b&c:
  Real time             =    0.00 sec. (0.00 ticks)
                          ------------
Total (root+branch&cut) =    0.43 sec. (346.63 ticks)
Violation-free sequence bound:	356
Unscheduled:	0
Status:	Optimal
Time:	0.45
Sequence:
	9
	9
	1
	9
	11
	0
	4
	6
	0
	4
	11
	4
	6
	0
	9
	1
	9
	5
	9
	11
	2
	6
	4
	0
	5
	4
	3
	9
	9
	0
	9
	1
	4
	2
	4
	4
	11
	0
	1
	9
	0
	4
	11
	4
	0
	4
	4
	2
	4
	9
	4
	2
	4
	1
	4
	0
	4
	3
	4
	0
	4
	6
	0
	4
	4
	0
	11
	4
	0
	1
	4
	5
	9
	9
	5
	4
	11
	0
	1
	4
	0
	9
	1
	4
	1
	0
	11
	4
	0
	9
	1
	2
	11
	9
	1
	0
	4
	1
	0
	11
	4
	5
	9
	9
	0
	4
	9
	11
	0
	4
	4
	9
	2
	6
	9
	4
	2
	4
	11
	0
	5
	9
	2
	9
	1
	0
	4
	5
	0
	5
	9
	5
	0
	5
	9
	5
	2
	4
	5
	0
	5
	9
	5
	0
	5
	9
	5
	0
	5
	9
	5
	9
	9
	9
	9
	9
	9
	9
	9
	9
	4
	4
	9
	4
	4
	9
	4
	4
	0
	4
	4
	0
	5
	4
	9
	9
	4
	9
	4
	9
	4
	9
	4
	4
	9
	4
	9
	9
	4
	9
	4
	9
	4
	9
	4
	4
	9
	4
	4
	9
	9
	4
	4
	1
	4
	1
	4
	1
	9
	4
	4
	1
	4
	4
	1
	4
	1
	0
	9
	9
	9
	1
	2
	4
	1
	2
	4
	1
	9
	4
	1
	9
	1
	9
	0
	9
	1
	4
	1
	2
	4
	1
	2
	1
	9
	11
	4
	1
	9
	4
	9
	4
	9
	11
	9
	1
	9
	1
	9
	1
	9
	9
	11
	4
	2
	1
	9
	9
	2
	9
	9
	2
	9
	9
	9
	9
	9
	9
	9
	9
	4
	5
	0
	5
	9
	2
	5
	4
	11
	4
	4
	2
	4
	1
	9
	1
	4
	4
	0
	5
	4
	9
	2
	4
	4
	2
	4
	4
	9
	4
	4
	0
	4
	4
	0
	4
	4
	0
	5
	4
	0
	4
	4
	1
	4
	4
	9
	1
	4
	4
	2
	4
	4
	9
	4
	2
	5
	4
	9
	6
	0
	4
	5
	0
	9
	11
	2
	9
	9
	9
	5
	0
	4
	1
	4
	11
Violation-free sequence:
	9
	9
	1
	9
	11
	0
	4
	6
	0
	4
	11
	4
	6
	0
	9
	1
	9
	5
	9
	11
	2
	6
	4
	0
	5
	4
	3
	9
	9
	0
	9
	1
	4
	2
	4
	4
	11
	0
	1
	9
	0
	4
	11
	4
	0
	4
	4
	2
	4
	9
	4
	2
	4
	1
	4
	0
	4
	3
	4
	0
	4
	6
	0
	4
	4
	0
	11
	4
	0
	1
	4
	5
	9
	9
	5
	4
	11
	0
	1
	4
	0
	9
	1
	4
	1
	0
	11
	4
	0
	9
	1
	2
	11
	9
	1
	0
	4
	1
	0
	11
	4
	5
	9
	9
	0
	4
	9
	11
	0
	4
	4
	9
	2
	6
	9
	4
	2
	4
	11
	0
	5
	9
	2
	9
	1
	0
	4
	5
	0
	5
	9
	5
	0
	5
	9
	5
	2
	4
	5
	0
	5
	9
	5
	0
	5
	9
	5
	0
	5
	9
	5
	9
	9
	9
	9
	9
	9
	9
	9
	9
	4
	4
	9
	4
	4
	9
	4
	4
	0
	4
	4
	0
	5
	4
	9
	9
	4
	9
	4
	9
	4
	9
	4
	4
	9
	4
	9
	9
	4
	9
	4
	9
	4
	9
	4
	4
	9
	4
	4
	9
	9
	4
	4
	1
	4
	1
	4
	1
	9
	4
	4
	1
	4
	4
	1
	4
	1
	0
	9
	9
	9
	1
	2
	4
	1
	2
	4
	1
	9
	4
	1
	9
	1
	9
	0
	9
	1
	4
	1
	2
	4
	1
	2
	1
	9
	11
	4
	1
	9
	4
	9
	4
	9
	11
	9
	1
	9
	1
	9
	1
	9
	9
	11
	4
	2
	1
	9
	9
	2
	9
	9
	2
	9
	9
	9
	9
	9
	9
	9
	9
	4
	5
	0
	5
	9
	2
	5
	4
	11
	4
	4
	2
	4
	1
	9
	1
	4
	4
	0
	5
	4
	9
	2
	4
	4
	2
	4
	4
	9
	4
	4
	0
	4
	4
	0
	4
	4
	0
	5
	4
	0
	4
	4
	1
	4
	4
	9
	1
	4
	4
	2
	4
	4
	9
	4
	2
	5
	4
	9
	6
	0
	4
	5
	0
	9
	11
	2
	9
	9
	9
	5
	0
	4
	1
	4
	11
