Version identifier: 22.1.0.0 | 2022-03-09 | 1a383f8ce
CPXPARAM_Threads                                 1
CPXPARAM_MIP_Strategy_VariableSelect             3
CPXPARAM_TimeLimit                               600
Tried aggregator 1 time.
MIP Presolve eliminated 4 rows and 852 columns.
Reduced MIP has 1499 rows, 4260 columns, and 17183 nonzeros.
Reduced MIP has 3197 binaries, 1063 generals, 0 SOSs, and 0 indicators.
Presolve time = 0.01 sec. (8.35 ticks)
Found incumbent of value 3.859202 after 0.03 sec. (21.09 ticks)
Probing fixed 0 vars, tightened 1 bounds.
Probing time = 0.00 sec. (3.25 ticks)
Tried aggregator 1 time.
Detecting symmetries...
Reduced MIP has 1499 rows, 4260 columns, and 17183 nonzeros.
Reduced MIP has 3198 binaries, 1062 generals, 0 SOSs, and 0 indicators.
Presolve time = 0.01 sec. (9.34 ticks)
Probing time = 0.00 sec. (2.98 ticks)
Clique table members: 277.
MIP emphasis: balance optimality and feasibility.
MIP search method: dynamic search.
Parallel mode: none, using 1 thread.
Root relaxation solution time = 0.02 sec. (13.31 ticks)

        Nodes                                         Cuts/
   Node  Left     Objective  IInf  Best Integer    Best Bound    ItCnt     Gap

*     0+    0                            3.8592        0.0000           100.00%
      0     0        0.0000   172        3.8592        0.0000      395  100.00%
*     0+    0                            0.0000        0.0000             0.00%
      0     0        cutoff              0.0000        0.0000      395    0.00%
Elapsed time = 0.14 sec. (97.77 ticks, tree = 0.01 MB, solutions = 2)

Root node processing (before b&c):
  Real time             =    0.14 sec. (97.95 ticks)
Sequential b&c:
  Real time             =    0.00 sec. (0.00 ticks)
                          ------------
Total (root+branch&cut) =    0.14 sec. (97.95 ticks)
Violation-free sequence bound:	213
Unscheduled:	0
Status:	Optimal
Time:	0.16
Sequence:
	9
	6
	9
	9
	9
	6
	9
	9
	9
	9
	9
	9
	5
	4
	9
	6
	4
	0
	4
	9
	4
	6
	0
	4
	5
	2
	4
	6
	2
	4
	4
	0
	6
	4
	0
	4
	9
	4
	4
	0
	4
	4
	0
	6
	4
	9
	4
	4
	0
	3
	4
	6
	9
	4
	0
	4
	4
	0
	4
	5
	0
	6
	9
	4
	4
	3
	4
	9
	5
	0
	4
	5
	0
	6
	9
	3
	0
	9
	1
	9
	1
	0
	6
	9
	9
	0
	9
	6
	0
	1
	9
	6
	9
	9
	3
	0
	4
	6
	9
	5
	9
	0
	9
	9
	1
	0
	6
	9
	9
	4
	4
	9
	4
	1
	4
	4
	9
	9
	1
	0
	6
	9
	1
	4
	1
	9
	6
	9
	9
	1
	9
	9
	6
	9
	9
	1
	9
	6
	9
	1
	9
	1
	9
	1
	9
	0
	9
	9
	6
	9
	5
	9
	9
	5
	9
	6
	9
	5
	2
	9
	9
	9
	9
	0
	9
	9
	9
	9
	9
	9
	6
	9
	9
	5
	9
	2
	9
	1
	0
	6
	9
	3
	0
	9
	6
	0
	9
	9
	9
	9
	9
	9
	9
	9
	9
	9
	9
	9
	9
	9
	9
	9
	9
	1
	9
	9
	9
	9
	6
	0
	3
	9
	6
Violation-free sequence:
	9
	6
	9
	9
	9
	6
	9
	9
	9
	9
	9
	9
	5
	4
	9
	6
	4
	0
	4
	9
	4
	6
	0
	4
	5
	2
	4
	6
	2
	4
	4
	0
	6
	4
	0
	4
	9
	4
	4
	0
	4
	4
	0
	6
	4
	9
	4
	4
	0
	3
	4
	6
	9
	4
	0
	4
	4
	0
	4
	5
	0
	6
	9
	4
	4
	3
	4
	9
	5
	0
	4
	5
	0
	6
	9
	3
	0
	9
	1
	9
	1
	0
	6
	9
	9
	0
	9
	6
	0
	1
	9
	6
	9
	9
	3
	0
	4
	6
	9
	5
	9
	0
	9
	9
	1
	0
	6
	9
	9
	4
	4
	9
	4
	1
	4
	4
	9
	9
	1
	0
	6
	9
	1
	4
	1
	9
	6
	9
	9
	1
	9
	9
	6
	9
	9
	1
	9
	6
	9
	1
	9
	1
	9
	1
	9
	0
	9
	9
	6
	9
	5
	9
	9
	5
	9
	6
	9
	5
	2
	9
	9
	9
	9
	0
	9
	9
	9
	9
	9
	9
	6
	9
	9
	5
	9
	2
	9
	1
	0
	6
	9
	3
	0
	9
	6
	0
	9
	9
	9
	9
	9
	9
	9
	9
	9
	9
	9
	9
	9
	9
	9
	9
	9
	1
	9
	9
	9
	9
	6
	0
	3
	9
	6
