Version identifier: 22.1.0.0 | 2022-03-09 | 1a383f8ce
CPXPARAM_Threads                                 1
CPXPARAM_MIP_Strategy_VariableSelect             3
CPXPARAM_TimeLimit                               600
Tried aggregator 1 time.
MIP Presolve eliminated 211 rows and 1242 columns.
Reduced MIP has 1250 rows, 3726 columns, and 15056 nonzeros.
Reduced MIP has 2899 binaries, 827 generals, 0 SOSs, and 0 indicators.
Presolve time = 0.01 sec. (7.69 ticks)
Found incumbent of value 9.9363033e+74 after 0.03 sec. (18.95 ticks)
Probing time = 0.00 sec. (5.03 ticks)
Cover probing fixed 0 vars, tightened 1 bounds.
Tried aggregator 1 time.
Detecting symmetries...
Reduced MIP has 1250 rows, 3726 columns, and 15056 nonzeros.
Reduced MIP has 2900 binaries, 826 generals, 0 SOSs, and 0 indicators.
Presolve time = 0.01 sec. (9.99 ticks)
Probing time = 0.00 sec. (5.03 ticks)
Clique table members: 215.
MIP emphasis: balance optimality and feasibility.
MIP search method: dynamic search.
Parallel mode: none, using 1 thread.
Root relaxation solution time = 0.01 sec. (11.64 ticks)

        Nodes                                         Cuts/
   Node  Left     Objective  IInf  Best Integer    Best Bound    ItCnt     Gap

*     0+    0                       9.93630e+74        0.0000           100.00%
      0     0        0.0000   170   9.93630e+74        0.0000      333  100.00%
*     0+    0                            0.0000        0.0000             0.00%
      0     0        cutoff              0.0000        0.0000      333    0.00%
Elapsed time = 0.13 sec. (103.05 ticks, tree = 0.01 MB, solutions = 2)

Root node processing (before b&c):
  Real time             =    0.13 sec. (103.23 ticks)
Sequential b&c:
  Real time             =    0.00 sec. (0.00 ticks)
                          ------------
Total (root+branch&cut) =    0.13 sec. (103.23 ticks)
Violation-free sequence bound:	207
Unscheduled:	0
Status:	Optimal
Time:	0.15
Sequence:
	5
	4
	1
	4
	6
	9
	1
	4
	6
	9
	4
	4
	9
	4
	4
	9
	4
	4
	9
	4
	4
	9
	4
	4
	9
	4
	4
	9
	4
	9
	9
	9
	9
	9
	9
	9
	9
	9
	9
	9
	9
	9
	9
	9
	9
	9
	9
	9
	9
	9
	9
	9
	1
	9
	9
	9
	9
	9
	9
	1
	9
	9
	9
	9
	4
	6
	0
	1
	9
	9
	4
	9
	1
	0
	4
	6
	9
	0
	10
	4
	2
	6
	9
	9
	9
	10
	4
	2
	9
	1
	4
	9
	10
	0
	4
	6
	0
	9
	1
	9
	9
	1
	9
	1
	4
	4
	1
	4
	6
	9
	4
	1
	9
	4
	6
	9
	0
	1
	4
	10
	9
	9
	6
	9
	9
	1
	9
	9
	6
	9
	0
	4
	6
	0
	1
	9
	6
	9
	4
	0
	9
	1
	0
	6
	9
	1
	4
	9
	6
	4
	10
	4
	1
	0
	1
	4
	9
	1
	9
	1
	9
	4
	2
	6
	9
	4
	1
	9
	10
	4
	1
	0
	1
	9
	0
	4
	4
	9
	9
	1
	0
	1
	9
	4
	9
	6
	4
	1
	9
	1
	2
	1
	9
	1
	4
	2
	6
	4
	10
	0
	6
	4
	1
	4
	1
	4
	1
Violation-free sequence:
	5
	4
	1
	4
	6
	9
	1
	4
	6
	9
	4
	4
	9
	4
	4
	9
	4
	4
	9
	4
	4
	9
	4
	4
	9
	4
	4
	9
	4
	9
	9
	9
	9
	9
	9
	9
	9
	9
	9
	9
	9
	9
	9
	9
	9
	9
	9
	9
	9
	9
	9
	9
	1
	9
	9
	9
	9
	9
	9
	1
	9
	9
	9
	9
	4
	6
	0
	1
	9
	9
	4
	9
	1
	0
	4
	6
	9
	0
	10
	4
	2
	6
	9
	9
	9
	10
	4
	2
	9
	1
	4
	9
	10
	0
	4
	6
	0
	9
	1
	9
	9
	1
	9
	1
	4
	4
	1
	4
	6
	9
	4
	1
	9
	4
	6
	9
	0
	1
	4
	10
	9
	9
	6
	9
	9
	1
	9
	9
	6
	9
	0
	4
	6
	0
	1
	9
	6
	9
	4
	0
	9
	1
	0
	6
	9
	1
	4
	9
	6
	4
	10
	4
	1
	0
	1
	4
	9
	1
	9
	1
	9
	4
	2
	6
	9
	4
	1
	9
	10
	4
	1
	0
	1
	9
	0
	4
	4
	9
	9
	1
	0
	1
	9
	4
	9
	6
	4
	1
	9
	1
	2
	1
	9
	1
	4
	2
	6
	4
	10
	0
	6
	4
	1
	4
	1
	4
	1
