Version identifier: 22.1.0.0 | 2022-03-09 | 1a383f8ce
CPXPARAM_Threads                                 1
CPXPARAM_MIP_Strategy_VariableSelect             3
CPXPARAM_TimeLimit                               600
Tried aggregator 1 time.
MIP Presolve eliminated 2 rows and 192 columns.
Reduced MIP has 682 rows, 2112 columns, and 9229 nonzeros.
Reduced MIP has 1634 binaries, 478 generals, 0 SOSs, and 0 indicators.
Presolve time = 0.01 sec. (4.30 ticks)
Found incumbent of value 0.627480 after 0.02 sec. (11.13 ticks)
Probing time = 0.00 sec. (2.08 ticks)
Cover probing fixed 0 vars, tightened 3 bounds.
Tried aggregator 1 time.
Detecting symmetries...
Reduced MIP has 682 rows, 2112 columns, and 9229 nonzeros.
Reduced MIP has 1635 binaries, 477 generals, 0 SOSs, and 0 indicators.
Presolve time = 0.01 sec. (5.02 ticks)
Probing time = 0.00 sec. (2.07 ticks)
Clique table members: 174.
MIP emphasis: balance optimality and feasibility.
MIP search method: dynamic search.
Parallel mode: none, using 1 thread.
Root relaxation solution time = 0.01 sec. (5.95 ticks)

        Nodes                                         Cuts/
   Node  Left     Objective  IInf  Best Integer    Best Bound    ItCnt     Gap

*     0+    0                            0.6275        0.0000           100.00%
      0     0        0.0000    86        0.6275        0.0000      239  100.00%
*     0+    0                            0.0000        0.0000             0.00%
      0     0        cutoff              0.0000        0.0000      239    0.00%
Elapsed time = 0.06 sec. (45.06 ticks, tree = 0.01 MB, solutions = 2)

Root node processing (before b&c):
  Real time             =    0.06 sec. (45.15 ticks)
Sequential b&c:
  Real time             =    0.00 sec. (0.00 ticks)
                          ------------
Total (root+branch&cut) =    0.06 sec. (45.15 ticks)
Violation-free sequence bound:	96
Unscheduled:	0
Status:	Optimal
Time:	0.06
Sequence:
	0
	10
	4
	10
	8
	6
	9
	0
	5
	9
	0
	10
	4
	4
	10
	4
	10
	4
	6
	9
	9
	9
	9
	4
	6
	2
	9
	3
	4
	10
	0
	9
	1
	9
	0
	5
	4
	1
	4
	0
	5
	4
	1
	4
	4
	1
	9
	8
	9
	4
	3
	9
	4
	9
	4
	1
	4
	4
	9
	0
	3
	9
	4
	1
	0
	4
	1
	4
	1
	8
	5
	9
	4
	6
	0
	1
	9
	0
	9
	6
	0
	9
	1
	4
	4
	0
	4
	4
	0
	1
	4
	4
	9
	1
	2
	6
Violation-free sequence:
	0
	10
	4
	10
	8
	6
	9
	0
	5
	9
	0
	10
	4
	4
	10
	4
	10
	4
	6
	9
	9
	9
	9
	4
	6
	2
	9
	3
	4
	10
	0
	9
	1
	9
	0
	5
	4
	1
	4
	0
	5
	4
	1
	4
	4
	1
	9
	8
	9
	4
	3
	9
	4
	9
	4
	1
	4
	4
	9
	0
	3
	9
	4
	1
	0
	4
	1
	4
	1
	8
	5
	9
	4
	6
	0
	1
	9
	0
	9
	6
	0
	9
	1
	4
	4
	0
	4
	4
	0
	1
	4
	4
	9
	1
	2
	6
