Version identifier: 22.1.0.0 | 2022-03-09 | 1a383f8ce
CPXPARAM_Threads                                 1
CPXPARAM_MIP_Strategy_VariableSelect             3
CPXPARAM_TimeLimit                               600
Tried aggregator 1 time.
MIP Presolve eliminated 2 rows and 430 columns.
Reduced MIP has 1515 rows, 4730 columns, and 22688 nonzeros.
Reduced MIP has 3656 binaries, 1074 generals, 0 SOSs, and 0 indicators.
Presolve time = 0.01 sec. (10.18 ticks)
Found incumbent of value 3.645823 after 0.04 sec. (25.94 ticks)
Probing fixed 0 vars, tightened 3 bounds.
Probing time = 0.01 sec. (4.77 ticks)
Tried aggregator 1 time.
Detecting symmetries...
Reduced MIP has 1515 rows, 4730 columns, and 22688 nonzeros.
Reduced MIP has 3658 binaries, 1072 generals, 0 SOSs, and 0 indicators.
Presolve time = 0.02 sec. (12.02 ticks)
Probing time = 0.00 sec. (3.01 ticks)
Clique table members: 277.
MIP emphasis: balance optimality and feasibility.
MIP search method: dynamic search.
Parallel mode: none, using 1 thread.
Root relaxation solution time = 0.03 sec. (23.90 ticks)

        Nodes                                         Cuts/
   Node  Left     Objective  IInf  Best Integer    Best Bound    ItCnt     Gap

*     0+    0                            3.6458        0.0000           100.00%
      0     0        0.0000   314        3.6458        0.0000      636  100.00%
*     0+    0                            0.0000        0.0000             0.00%
      0     0        cutoff              0.0000        0.0000      636    0.00%
Elapsed time = 0.19 sec. (135.96 ticks, tree = 0.01 MB, solutions = 2)

Root node processing (before b&c):
  Real time             =    0.19 sec. (136.15 ticks)
Sequential b&c:
  Real time             =    0.00 sec. (0.00 ticks)
                          ------------
Total (root+branch&cut) =    0.19 sec. (136.15 ticks)
Violation-free sequence bound:	215
Unscheduled:	0
Status:	Optimal
Time:	0.2
Sequence:
	9
	9
	9
	4
	9
	2
	11
	4
	1
	4
	1
	4
	5
	2
	7
	4
	0
	5
	9
	9
	1
	9
	9
	1
	4
	7
	2
	5
	9
	9
	9
	6
	9
	7
	9
	5
	9
	9
	9
	10
	9
	1
	9
	7
	9
	10
	9
	9
	10
	9
	9
	9
	9
	7
	2
	4
	1
	4
	1
	0
	1
	4
	5
	9
	1
	4
	1
	0
	4
	7
	9
	5
	0
	4
	4
	10
	4
	7
	0
	5
	4
	10
	4
	7
	9
	5
	4
	1
	2
	5
	4
	1
	0
	5
	9
	7
	0
	6
	4
	1
	0
	11
	9
	0
	5
	9
	10
	9
	9
	9
	9
	9
	9
	4
	7
	9
	9
	9
	4
	9
	7
	9
	4
	4
	9
	4
	4
	9
	9
	9
	9
	7
	2
	4
	1
	9
	1
	4
	4
	1
	0
	7
	4
	2
	4
	4
	9
	6
	9
	9
	11
	9
	9
	9
	1
	9
	1
	9
	9
	9
	1
	9
	7
	2
	1
	4
	6
	9
	7
	0
	4
	5
	2
	5
	4
	2
	9
	5
	2
	5
	9
	9
	7
	0
	1
	4
	4
	10
	4
	4
	2
	9
	9
	9
	2
	4
	5
	9
	9
	7
	9
	5
	4
	0
	5
	4
	1
	4
	9
	9
	9
	9
	4
	5
	2
Violation-free sequence:
	9
	9
	9
	4
	9
	2
	11
	4
	1
	4
	1
	4
	5
	2
	7
	4
	0
	5
	9
	9
	1
	9
	9
	1
	4
	7
	2
	5
	9
	9
	9
	6
	9
	7
	9
	5
	9
	9
	9
	10
	9
	1
	9
	7
	9
	10
	9
	9
	10
	9
	9
	9
	9
	7
	2
	4
	1
	4
	1
	0
	1
	4
	5
	9
	1
	4
	1
	0
	4
	7
	9
	5
	0
	4
	4
	10
	4
	7
	0
	5
	4
	10
	4
	7
	9
	5
	4
	1
	2
	5
	4
	1
	0
	5
	9
	7
	0
	6
	4
	1
	0
	11
	9
	0
	5
	9
	10
	9
	9
	9
	9
	9
	9
	4
	7
	9
	9
	9
	4
	9
	7
	9
	4
	4
	9
	4
	4
	9
	9
	9
	9
	7
	2
	4
	1
	9
	1
	4
	4
	1
	0
	7
	4
	2
	4
	4
	9
	6
	9
	9
	11
	9
	9
	9
	1
	9
	1
	9
	9
	9
	1
	9
	7
	2
	1
	4
	6
	9
	7
	0
	4
	5
	2
	5
	4
	2
	9
	5
	2
	5
	9
	9
	7
	0
	1
	4
	4
	10
	4
	4
	2
	9
	9
	9
	2
	4
	5
	9
	9
	7
	9
	5
	4
	0
	5
	4
	1
	4
	9
	9
	9
	9
	4
	5
	2
