Version identifier: 22.1.0.0 | 2022-03-09 | 1a383f8ce
CPXPARAM_Threads                                 1
CPXPARAM_MIP_Strategy_VariableSelect             3
CPXPARAM_TimeLimit                               600
Tried aggregator 1 time.
MIP Presolve eliminated 600 rows and 1797 columns.
Reduced MIP has 3605 rows, 12579 columns, and 66375 nonzeros.
Reduced MIP has 10183 binaries, 2396 generals, 0 SOSs, and 0 indicators.
Presolve time = 0.04 sec. (30.52 ticks)
Found incumbent of value 666.964787 after 0.10 sec. (77.06 ticks)
Probing fixed 0 vars, tightened 1 bounds.
Probing time = 0.02 sec. (21.19 ticks)
Tried aggregator 1 time.
Detecting symmetries...
Reduced MIP has 3605 rows, 12579 columns, and 66375 nonzeros.
Reduced MIP has 10183 binaries, 2396 generals, 0 SOSs, and 0 indicators.
Presolve time = 0.04 sec. (35.60 ticks)
Probing time = 0.01 sec. (10.39 ticks)
Clique table members: 601.
MIP emphasis: balance optimality and feasibility.
MIP search method: dynamic search.
Parallel mode: none, using 1 thread.
Root relaxation solution time = 0.13 sec. (101.05 ticks)

        Nodes                                         Cuts/
   Node  Left     Objective  IInf  Best Integer    Best Bound    ItCnt     Gap

*     0+    0                          666.9648        0.0000           100.00%
      0     0        0.0000  1153      666.9648        0.0000     2073  100.00%
*     0+    0                            0.0000        0.0000             0.00%
      0     0        cutoff              0.0000        0.0000     2073    0.00%
Elapsed time = 1.29 sec. (1098.87 ticks, tree = 0.01 MB, solutions = 2)

Root node processing (before b&c):
  Real time             =    1.29 sec. (1099.39 ticks)
Sequential b&c:
  Real time             =    0.00 sec. (0.00 ticks)
                          ------------
Total (root+branch&cut) =    1.29 sec. (1099.39 ticks)
Violation-free sequence bound:	599
Unscheduled:	0
Status:	Optimal
Time:	1.31
Sequence:
	7
	8
	9
	5
	8
	9
	7
	0
	5
	9
	5
	0
	7
	4
	0
	5
	4
	0
	9
	7
	0
	4
	5
	0
	4
	10
	0
	7
	4
	0
	5
	9
	5
	0
	9
	7
	4
	1
	8
	4
	9
	7
	9
	0
	9
	5
	0
	4
	7
	0
	1
	4
	5
	0
	9
	7
	0
	5
	9
	5
	0
	7
	9
	1
	0
	1
	4
	7
	0
	4
	10
	0
	4
	7
	0
	9
	5
	0
	5
	9
	1
	4
	7
	0
	9
	5
	9
	0
	4
	7
	9
	0
	4
	5
	0
	5
	9
	7
	0
	9
	5
	0
	9
	7
	0
	9
	5
	9
	0
	7
	4
	9
	5
	0
	1
	9
	7
	4
	1
	0
	5
	9
	7
	0
	1
	9
	0
	4
	7
	0
	4
	1
	0
	9
	7
	9
	8
	5
	9
	0
	7
	4
	9
	1
	0
	4
	7
	0
	5
	9
	5
	0
	9
	7
	0
	1
	9
	4
	8
	1
	4
	4
	1
	4
	7
	2
	4
	1
	0
	9
	7
	4
	1
	4
	4
	0
	7
	4
	1
	4
	5
	0
	7
	4
	1
	0
	1
	4
	7
	9
	5
	0
	1
	9
	7
	0
	9
	9
	5
	9
	0
	5
	9
	5
	0
	1
	4
	7
	0
	4
	5
	9
	0
	5
	9
	7
	9
	0
	5
	9
	5
	8
	3
	4
	5
	9
	5
	9
	5
	0
	7
	4
	9
	10
	8
	5
	9
	7
	0
	5
	9
	5
	0
	7
	9
	5
	0
	4
	5
	0
	7
	9
	0
	5
	4
	0
	7
	9
	0
	9
	1
	4
	5
	0
	7
	9
	10
	0
	1
	9
	7
	0
	5
	9
	0
	4
	7
	0
	1
	4
	5
	0
	7
	9
	5
	0
	5
	9
	7
	0
	5
	4
	0
	9
	5
	0
	7
	9
	0
	10
	9
	9
	9
	5
	9
	7
	9
	9
	9
	9
	5
	9
	9
	7
	9
	9
	5
	9
	9
	9
	7
	9
	5
	9
	5
	9
	7
	9
	5
	9
	5
	9
	5
	9
	7
	9
	8
	5
	9
	9
	5
	9
	7
	9
	9
	5
	9
	5
	9
	5
	9
	5
	0
	7
	9
	5
	9
	5
	9
	7
	9
	5
	9
	5
	9
	7
	9
	8
	5
	9
	5
	9
	9
	9
	1
	9
	7
	9
	1
	9
	1
	9
	1
	9
	1
	9
	7
	9
	9
	1
	9
	1
	9
	1
	9
	7
	9
	9
	1
	9
	9
	11
	9
	1
	9
	1
	9
	11
	9
	9
	1
	9
	9
	9
	9
	7
	9
	9
	9
	9
	9
	7
	9
	9
	9
	9
	9
	9
	7
	9
	9
	1
	9
	9
	9
	9
	7
	9
	9
	1
	9
	9
	10
	0
	7
	9
	9
	4
	0
	4
	4
	1
	0
	7
	4
	1
	4
	4
	0
	4
	4
	0
	7
	9
	5
	4
	0
	9
	7
	9
	5
	4
	10
	0
	7
	4
	0
	4
	4
	0
	4
	7
	0
	4
	4
	0
	4
	10
	4
	4
	0
	4
	7
	0
	5
	4
	0
	4
	4
	2
	7
	4
	1
	0
	4
	5
	0
	5
	4
	0
	4
	7
	0
	1
	9
	1
	0
	1
	4
	0
	1
	9
	0
	7
	9
	9
	9
	9
	9
	9
	9
	9
	9
	9
	0
	7
	9
	0
	5
	9
	4
	5
	0
	9
	7
	9
	9
	9
	9
	9
	9
	9
	7
	9
	9
	9
	9
	9
	9
	7
	9
	4
	4
	1
	4
	11
	4
	4
	1
	4
	0
	5
	4
	9
	7
	2
	4
	4
	0
	4
	7
	0
	4
	4
	1
	4
	5
	0
	4
	7
	0
	4
	4
	1
	4
	2
	7
	4
	0
Violation-free sequence:
	7
	8
	9
	5
	8
	9
	7
	0
	5
	9
	5
	0
	7
	4
	0
	5
	4
	0
	9
	7
	0
	4
	5
	0
	4
	10
	0
	7
	4
	0
	5
	9
	5
	0
	9
	7
	4
	1
	8
	4
	9
	7
	9
	0
	9
	5
	0
	4
	7
	0
	1
	4
	5
	0
	9
	7
	0
	5
	9
	5
	0
	7
	9
	1
	0
	1
	4
	7
	0
	4
	10
	0
	4
	7
	0
	9
	5
	0
	5
	9
	1
	4
	7
	0
	9
	5
	9
	0
	4
	7
	9
	0
	4
	5
	0
	5
	9
	7
	0
	9
	5
	0
	9
	7
	0
	9
	5
	9
	0
	7
	4
	9
	5
	0
	1
	9
	7
	4
	1
	0
	5
	9
	7
	0
	1
	9
	0
	4
	7
	0
	4
	1
	0
	9
	7
	9
	8
	5
	9
	0
	7
	4
	9
	1
	0
	4
	7
	0
	5
	9
	5
	0
	9
	7
	0
	1
	9
	4
	8
	1
	4
	4
	1
	4
	7
	2
	4
	1
	0
	9
	7
	4
	1
	4
	4
	0
	7
	4
	1
	4
	5
	0
	7
	4
	1
	0
	1
	4
	7
	9
	5
	0
	1
	9
	7
	0
	9
	9
	5
	9
	0
	5
	9
	5
	0
	1
	4
	7
	0
	4
	5
	9
	0
	5
	9
	7
	9
	0
	5
	9
	5
	8
	3
	4
	5
	9
	5
	9
	5
	0
	7
	4
	9
	10
	8
	5
	9
	7
	0
	5
	9
	5
	0
	7
	9
	5
	0
	4
	5
	0
	7
	9
	0
	5
	4
	0
	7
	9
	0
	9
	1
	4
	5
	0
	7
	9
	10
	0
	1
	9
	7
	0
	5
	9
	0
	4
	7
	0
	1
	4
	5
	0
	7
	9
	5
	0
	5
	9
	7
	0
	5
	4
	0
	9
	5
	0
	7
	9
	0
	10
	9
	9
	9
	5
	9
	7
	9
	9
	9
	9
	5
	9
	9
	7
	9
	9
	5
	9
	9
	9
	7
	9
	5
	9
	5
	9
	7
	9
	5
	9
	5
	9
	5
	9
	7
	9
	8
	5
	9
	9
	5
	9
	7
	9
	9
	5
	9
	5
	9
	5
	9
	5
	0
	7
	9
	5
	9
	5
	9
	7
	9
	5
	9
	5
	9
	7
	9
	8
	5
	9
	5
	9
	9
	9
	1
	9
	7
	9
	1
	9
	1
	9
	1
	9
	1
	9
	7
	9
	9
	1
	9
	1
	9
	1
	9
	7
	9
	9
	1
	9
	9
	11
	9
	1
	9
	1
	9
	11
	9
	9
	1
	9
	9
	9
	9
	7
	9
	9
	9
	9
	9
	7
	9
	9
	9
	9
	9
	9
	7
	9
	9
	1
	9
	9
	9
	9
	7
	9
	9
	1
	9
	9
	10
	0
	7
	9
	9
	4
	0
	4
	4
	1
	0
	7
	4
	1
	4
	4
	0
	4
	4
	0
	7
	9
	5
	4
	0
	9
	7
	9
	5
	4
	10
	0
	7
	4
	0
	4
	4
	0
	4
	7
	0
	4
	4
	0
	4
	10
	4
	4
	0
	4
	7
	0
	5
	4
	0
	4
	4
	2
	7
	4
	1
	0
	4
	5
	0
	5
	4
	0
	4
	7
	0
	1
	9
	1
	0
	1
	4
	0
	1
	9
	0
	7
	9
	9
	9
	9
	9
	9
	9
	9
	9
	9
	0
	7
	9
	0
	5
	9
	4
	5
	0
	9
	7
	9
	9
	9
	9
	9
	9
	9
	7
	9
	9
	9
	9
	9
	9
	7
	9
	4
	4
	1
	4
	11
	4
	4
	1
	4
	0
	5
	4
	9
	7
	2
	4
	4
	0
	4
	7
	0
	4
	4
	1
	4
	5
	0
	4
	7
	0
	4
	4
	1
	4
	2
	7
	4
	0
