Version identifier: 22.1.0.0 | 2022-03-09 | 1a383f8ce
CPXPARAM_Threads                                 1
CPXPARAM_MIP_Strategy_VariableSelect             3
CPXPARAM_TimeLimit                               600
Tried aggregator 1 time.
MIP Presolve eliminated 1 rows and 375 columns.
Reduced MIP has 2636 rows, 8625 columns, and 44876 nonzeros.
Reduced MIP has 6751 binaries, 1874 generals, 0 SOSs, and 0 indicators.
Presolve time = 0.03 sec. (18.96 ticks)
Found incumbent of value 35.394553 after 0.07 sec. (48.89 ticks)
Probing fixed 0 vars, tightened 1 bounds.
Probing time = 0.01 sec. (4.77 ticks)
Cover probing fixed 0 vars, tightened 1 bounds.
Tried aggregator 1 time.
Detecting symmetries...
Reduced MIP has 2636 rows, 8625 columns, and 44876 nonzeros.
Reduced MIP has 6752 binaries, 1873 generals, 0 SOSs, and 0 indicators.
Presolve time = 0.03 sec. (23.50 ticks)
Probing time = 0.01 sec. (3.88 ticks)
Clique table members: 413.
MIP emphasis: balance optimality and feasibility.
MIP search method: dynamic search.
Parallel mode: none, using 1 thread.
Root relaxation solution time = 0.07 sec. (50.69 ticks)

        Nodes                                         Cuts/
   Node  Left     Objective  IInf  Best Integer    Best Bound    ItCnt     Gap

*     0+    0                           35.3946        0.0000           100.00%
      0     0        0.0000   563       35.3946        0.0000     1121  100.00%
*     0+    0                            0.0000        0.0000             0.00%
      0     0        cutoff              0.0000        0.0000     1121    0.00%
Elapsed time = 0.43 sec. (316.30 ticks, tree = 0.01 MB, solutions = 2)

Root node processing (before b&c):
  Real time             =    0.43 sec. (316.63 ticks)
Sequential b&c:
  Real time             =    0.00 sec. (0.00 ticks)
                          ------------
Total (root+branch&cut) =    0.43 sec. (316.63 ticks)
Violation-free sequence bound:	375
Unscheduled:	0
Status:	Optimal
Time:	0.46
Sequence:
	9
	5
	9
	5
	2
	5
	9
	5
	4
	10
	4
	9
	11
	4
	5
	9
	5
	2
	3
	9
	1
	4
	1
	0
	5
	9
	5
	9
	5
	9
	5
	4
	10
	4
	7
	2
	1
	4
	2
	6
	4
	9
	7
	9
	5
	4
	1
	2
	7
	9
	6
	4
	1
	0
	9
	7
	2
	10
	4
	10
	4
	7
	9
	5
	0
	5
	4
	11
	4
	5
	9
	5
	9
	5
	9
	7
	9
	9
	9
	1
	4
	7
	9
	1
	9
	5
	4
	9
	5
	4
	9
	4
	7
	9
	9
	4
	4
	1
	4
	7
	0
	1
	9
	9
	1
	2
	1
	4
	9
	9
	9
	9
	9
	9
	7
	9
	9
	9
	9
	10
	9
	5
	9
	9
	5
	9
	1
	2
	1
	4
	0
	7
	9
	0
	5
	4
	0
	7
	9
	1
	2
	5
	4
	1
	0
	9
	7
	4
	9
	6
	9
	5
	9
	6
	9
	7
	4
	1
	0
	5
	4
	1
	4
	1
	4
	7
	0
	4
	5
	2
	4
	7
	9
	10
	4
	10
	4
	0
	1
	4
	7
	9
	5
	9
	4
	4
	3
	4
	4
	1
	4
	4
	9
	4
	4
	9
	4
	9
	7
	9
	4
	9
	1
	4
	3
	4
	4
	1
	9
	4
	9
	4
	9
	4
	9
	9
	9
	9
	4
	4
	9
	4
	9
	4
	2
	9
	4
	9
	4
	9
	9
	9
	4
	9
	4
	1
	2
	1
	4
	4
	1
	2
	5
	4
	9
	1
	4
	10
	4
	1
	2
	4
	1
	4
	11
	4
	1
	4
	4
	1
	2
	1
	4
	7
	9
	4
	1
	4
	1
	4
	5
	9
	1
	2
	4
	1
	9
	1
	4
	6
	9
	7
	9
	9
	1
	9
	1
	9
	1
	4
	4
	1
	4
	1
	4
	1
	9
	7
	4
	1
	4
	10
	0
	1
	9
	4
	1
	9
	4
	7
	2
	1
	9
	5
	9
	5
	4
	1
	9
	7
	9
	1
	0
	5
	9
	7
	9
	6
	9
	1
	4
	7
	2
	9
	5
	4
	10
	2
	4
	7
	9
	9
	5
	9
	5
	9
	5
	9
	5
	9
	5
	2
	5
	9
	5
	2
	4
	5
	2
	9
	5
	4
	1
	4
	5
	2
	10
	4
	7
	9
	1
	2
	1
	4
	7
Violation-free sequence:
	9
	5
	9
	5
	2
	5
	9
	5
	4
	10
	4
	9
	11
	4
	5
	9
	5
	2
	3
	9
	1
	4
	1
	0
	5
	9
	5
	9
	5
	9
	5
	4
	10
	4
	7
	2
	1
	4
	2
	6
	4
	9
	7
	9
	5
	4
	1
	2
	7
	9
	6
	4
	1
	0
	9
	7
	2
	10
	4
	10
	4
	7
	9
	5
	0
	5
	4
	11
	4
	5
	9
	5
	9
	5
	9
	7
	9
	9
	9
	1
	4
	7
	9
	1
	9
	5
	4
	9
	5
	4
	9
	4
	7
	9
	9
	4
	4
	1
	4
	7
	0
	1
	9
	9
	1
	2
	1
	4
	9
	9
	9
	9
	9
	9
	7
	9
	9
	9
	9
	10
	9
	5
	9
	9
	5
	9
	1
	2
	1
	4
	0
	7
	9
	0
	5
	4
	0
	7
	9
	1
	2
	5
	4
	1
	0
	9
	7
	4
	9
	6
	9
	5
	9
	6
	9
	7
	4
	1
	0
	5
	4
	1
	4
	1
	4
	7
	0
	4
	5
	2
	4
	7
	9
	10
	4
	10
	4
	0
	1
	4
	7
	9
	5
	9
	4
	4
	3
	4
	4
	1
	4
	4
	9
	4
	4
	9
	4
	9
	7
	9
	4
	9
	1
	4
	3
	4
	4
	1
	9
	4
	9
	4
	9
	4
	9
	9
	9
	9
	4
	4
	9
	4
	9
	4
	2
	9
	4
	9
	4
	9
	9
	9
	4
	9
	4
	1
	2
	1
	4
	4
	1
	2
	5
	4
	9
	1
	4
	10
	4
	1
	2
	4
	1
	4
	11
	4
	1
	4
	4
	1
	2
	1
	4
	7
	9
	4
	1
	4
	1
	4
	5
	9
	1
	2
	4
	1
	9
	1
	4
	6
	9
	7
	9
	9
	1
	9
	1
	9
	1
	4
	4
	1
	4
	1
	4
	1
	9
	7
	4
	1
	4
	10
	0
	1
	9
	4
	1
	9
	4
	7
	2
	1
	9
	5
	9
	5
	4
	1
	9
	7
	9
	1
	0
	5
	9
	7
	9
	6
	9
	1
	4
	7
	2
	9
	5
	4
	10
	2
	4
	7
	9
	9
	5
	9
	5
	9
	5
	9
	5
	9
	5
	2
	5
	9
	5
	2
	4
	5
	2
	9
	5
	4
	1
	4
	5
	2
	10
	4
	7
	9
	1
	2
	1
	4
	7
