Version identifier: 22.1.0.0 | 2022-03-09 | 1a383f8ce
CPXPARAM_Threads                                 1
CPXPARAM_MIP_Strategy_VariableSelect             3
CPXPARAM_TimeLimit                               600
Tried aggregator 1 time.
MIP Presolve eliminated 3 rows and 654 columns.
Reduced MIP has 1535 rows, 4578 columns, and 19325 nonzeros.
Reduced MIP has 3490 binaries, 1088 generals, 0 SOSs, and 0 indicators.
Presolve time = 0.01 sec. (9.04 ticks)
Found incumbent of value 4.223022 after 0.03 sec. (22.90 ticks)
Probing time = 0.00 sec. (4.96 ticks)
Cover probing fixed 0 vars, tightened 1 bounds.
Tried aggregator 1 time.
Detecting symmetries...
Reduced MIP has 1535 rows, 4578 columns, and 19325 nonzeros.
Reduced MIP has 3491 binaries, 1087 generals, 0 SOSs, and 0 indicators.
Presolve time = 0.01 sec. (10.37 ticks)
Probing time = 0.00 sec. (4.92 ticks)
Clique table members: 271.
MIP emphasis: balance optimality and feasibility.
MIP search method: dynamic search.
Parallel mode: none, using 1 thread.
Root relaxation solution time = 0.05 sec. (32.76 ticks)

        Nodes                                         Cuts/
   Node  Left     Objective  IInf  Best Integer    Best Bound    ItCnt     Gap

*     0+    0                            4.2230        0.0000           100.00%
*     0     0      integral     0        0.0608        0.0608     1093    0.00%
Elapsed time = 0.11 sec. (84.07 ticks, tree = 0.00 MB, solutions = 2)

Root node processing (before b&c):
  Real time             =    0.11 sec. (84.26 ticks)
Sequential b&c:
  Real time             =    0.00 sec. (0.00 ticks)
                          ------------
Total (root+branch&cut) =    0.11 sec. (84.26 ticks)
Violation-free sequence bound:	145
Unscheduled:	73
Status:	Optimal
Time:	0.12
Sequence:
	6
	9
	5
	2
	6
	9
	5
	2
	6
	9
	5
	9
	6
	9
	5
	0
	1
	9
	6
	9
	5
	9
	6
	4
	11
	0
	1
	4
	5
	2
	6
	4
	11
	9
	6
	9
	5
	9
	6
	9
	5
	9
	5
	9
	5
	9
	5
	9
	1
	4
	5
	9
	1
	9
	5
	0
	5
	9
	1
	9
	1
	9
	5
	9
	6
	9
	1
	9
	6
	0
	11
	9
	5
	9
	1
	4
	6
	0
	5
	4
	11
	4
	6
	9
	5
	0
	6
	9
	1
	9
	1
	0
	1
	9
	6
	0
	1
	4
	6
	9
	5
	9
	5
	0
	5
	9
	5
	0
	1
	9
	1
	4
	5
	9
	5
	9
	1
	9
	1
	9
	1
	9
	5
	9
	6
	9
	1
	9
	5
	9
	1
	9
	6
	9
	5
	9
	1
	9
	1
	4
	5
	2
	5
	9
	5
	11
	9
	5
	6
	1
	9
	5
	1
	1
	9
	1
	1
	6
	9
	1
	1
	1
	4
	5
	1
	5
	9
	6
	5
	1
	9
	1
	5
	5
	9
	5
	1
	5
	9
	5
	1
	5
	9
	6
	1
	5
	9
	6
	1
	5
	4
	10
	6
	5
	9
	1
	6
	5
	9
	5
	5
	1
	9
	11
	5
	5
	9
	6
	1
	5
	9
	5
	1
	5
	9
	5
	5
	1
Violation-free sequence:
	6
	9
	5
	2
	6
	9
	5
	2
	6
	9
	5
	9
	6
	9
	5
	0
	1
	9
	6
	9
	5
	9
	6
	4
	11
	0
	1
	4
	5
	2
	6
	4
	11
	9
	6
	9
	5
	9
	6
	9
	5
	9
	5
	9
	5
	9
	5
	9
	1
	4
	5
	9
	1
	9
	5
	0
	5
	9
	1
	9
	1
	9
	5
	9
	6
	9
	1
	9
	6
	0
	11
	9
	5
	9
	1
	4
	6
	0
	5
	4
	11
	4
	6
	9
	5
	0
	6
	9
	1
	9
	1
	0
	1
	9
	6
	0
	1
	4
	6
	9
	5
	9
	5
	0
	5
	9
	5
	0
	1
	9
	1
	4
	5
	9
	5
	9
	1
	9
	1
	9
	1
	9
	5
	9
	6
	9
	1
	9
	5
	9
	1
	9
	6
	9
	5
	9
	1
	9
	1
	4
	5
	2
	5
	9
	5
