Version identifier: 22.1.0.0 | 2022-03-09 | 1a383f8ce
CPXPARAM_Threads                                 1
CPXPARAM_MIP_Strategy_VariableSelect             3
CPXPARAM_TimeLimit                               600
Tried aggregator 1 time.
MIP Presolve eliminated 1 rows and 381 columns.
Reduced MIP has 2678 rows, 8763 columns, and 45596 nonzeros.
Reduced MIP has 6859 binaries, 1904 generals, 0 SOSs, and 0 indicators.
Presolve time = 0.02 sec. (19.26 ticks)
Found incumbent of value 36.231316 after 0.07 sec. (49.27 ticks)
Probing fixed 0 vars, tightened 1 bounds.
Probing time = 0.01 sec. (4.80 ticks)
Cover probing fixed 0 vars, tightened 1 bounds.
Tried aggregator 1 time.
Detecting symmetries...
Reduced MIP has 2678 rows, 8763 columns, and 45596 nonzeros.
Reduced MIP has 6860 binaries, 1903 generals, 0 SOSs, and 0 indicators.
Presolve time = 0.03 sec. (23.54 ticks)
Probing time = 0.01 sec. (3.91 ticks)
Clique table members: 419.
MIP emphasis: balance optimality and feasibility.
MIP search method: dynamic search.
Parallel mode: none, using 1 thread.
Root relaxation solution time = 0.10 sec. (79.29 ticks)

        Nodes                                         Cuts/
   Node  Left     Objective  IInf  Best Integer    Best Bound    ItCnt     Gap

*     0+    0                           36.2313        0.0000           100.00%
      0     0        0.0000   603       36.2313        0.0000     1354  100.00%
*     0+    0                            0.0000        0.0000             0.00%
      0     0        cutoff              0.0000        0.0000     1354    0.00%
Elapsed time = 0.75 sec. (606.99 ticks, tree = 0.01 MB, solutions = 2)

Root node processing (before b&c):
  Real time             =    0.75 sec. (607.33 ticks)
Sequential b&c:
  Real time             =    0.00 sec. (0.00 ticks)
                          ------------
Total (root+branch&cut) =    0.75 sec. (607.33 ticks)
Violation-free sequence bound:	381
Unscheduled:	0
Status:	Optimal
Time:	0.76
Sequence:
	1
	9
	3
	4
	1
	0
	5
	4
	11
	2
	5
	9
	1
	0
	7
	4
	1
	0
	1
	4
	7
	9
	1
	9
	1
	2
	7
	4
	9
	1
	4
	6
	0
	7
	9
	5
	9
	1
	4
	7
	0
	6
	9
	5
	4
	11
	0
	10
	4
	10
	4
	7
	0
	10
	9
	10
	9
	9
	7
	4
	1
	0
	1
	4
	5
	9
	7
	9
	5
	2
	1
	9
	7
	9
	4
	5
	2
	4
	7
	0
	5
	9
	1
	0
	9
	3
	9
	5
	4
	0
	5
	9
	7
	4
	1
	0
	10
	9
	11
	9
	9
	10
	4
	2
	7
	9
	1
	9
	1
	0
	4
	7
	0
	5
	9
	5
	0
	5
	4
	1
	9
	1
	0
	9
	7
	0
	5
	9
	4
	5
	9
	5
	9
	7
	9
	5
	4
	1
	9
	7
	2
	5
	9
	5
	0
	7
	9
	5
	0
	4
	5
	2
	7
	9
	5
	2
	5
	4
	2
	7
	4
	10
	4
	1
	2
	4
	7
	2
	6
	4
	1
	9
	7
	9
	5
	4
	1
	0
	1
	9
	7
	9
	5
	9
	5
	9
	4
	4
	9
	4
	9
	4
	9
	4
	9
	7
	4
	9
	4
	4
	9
	4
	4
	3
	9
	4
	4
	9
	9
	9
	7
	4
	9
	4
	4
	9
	7
	4
	9
	4
	9
	9
	4
	9
	7
	9
	9
	4
	9
	4
	9
	4
	7
	9
	4
	9
	4
	9
	7
	9
	1
	4
	5
	9
	1
	4
	3
	4
	9
	1
	4
	9
	7
	4
	9
	4
	1
	4
	7
	9
	5
	4
	1
	4
	7
	9
	1
	4
	4
	9
	4
	9
	4
	9
	7
	9
	5
	4
	1
	4
	7
	9
	1
	4
	5
	9
	4
	9
	9
	9
	3
	9
	4
	4
	9
	4
	4
	1
	4
	5
	9
	5
	4
	9
	5
	4
	9
	7
	4
	1
	4
	4
	9
	7
	4
	9
	1
	4
	1
	4
	7
	9
	1
	0
	5
	9
	4
	2
	7
	4
	9
	5
	4
	1
	0
	3
	4
	5
	0
	10
	9
	9
	1
	0
	3
	4
	1
	9
	9
	9
	9
	5
	4
	10
	0
	7
	9
	2
	10
	4
	5
	0
	4
	5
	9
	5
	0
	7
	4
	9
	5
	4
	1
	0
	1
	4
	7
	2
	1
	4
	1
Violation-free sequence:
	1
	9
	3
	4
	1
	0
	5
	4
	11
	2
	5
	9
	1
	0
	7
	4
	1
	0
	1
	4
	7
	9
	1
	9
	1
	2
	7
	4
	9
	1
	4
	6
	0
	7
	9
	5
	9
	1
	4
	7
	0
	6
	9
	5
	4
	11
	0
	10
	4
	10
	4
	7
	0
	10
	9
	10
	9
	9
	7
	4
	1
	0
	1
	4
	5
	9
	7
	9
	5
	2
	1
	9
	7
	9
	4
	5
	2
	4
	7
	0
	5
	9
	1
	0
	9
	3
	9
	5
	4
	0
	5
	9
	7
	4
	1
	0
	10
	9
	11
	9
	9
	10
	4
	2
	7
	9
	1
	9
	1
	0
	4
	7
	0
	5
	9
	5
	0
	5
	4
	1
	9
	1
	0
	9
	7
	0
	5
	9
	4
	5
	9
	5
	9
	7
	9
	5
	4
	1
	9
	7
	2
	5
	9
	5
	0
	7
	9
	5
	0
	4
	5
	2
	7
	9
	5
	2
	5
	4
	2
	7
	4
	10
	4
	1
	2
	4
	7
	2
	6
	4
	1
	9
	7
	9
	5
	4
	1
	0
	1
	9
	7
	9
	5
	9
	5
	9
	4
	4
	9
	4
	9
	4
	9
	4
	9
	7
	4
	9
	4
	4
	9
	4
	4
	3
	9
	4
	4
	9
	9
	9
	7
	4
	9
	4
	4
	9
	7
	4
	9
	4
	9
	9
	4
	9
	7
	9
	9
	4
	9
	4
	9
	4
	7
	9
	4
	9
	4
	9
	7
	9
	1
	4
	5
	9
	1
	4
	3
	4
	9
	1
	4
	9
	7
	4
	9
	4
	1
	4
	7
	9
	5
	4
	1
	4
	7
	9
	1
	4
	4
	9
	4
	9
	4
	9
	7
	9
	5
	4
	1
	4
	7
	9
	1
	4
	5
	9
	4
	9
	9
	9
	3
	9
	4
	4
	9
	4
	4
	1
	4
	5
	9
	5
	4
	9
	5
	4
	9
	7
	4
	1
	4
	4
	9
	7
	4
	9
	1
	4
	1
	4
	7
	9
	1
	0
	5
	9
	4
	2
	7
	4
	9
	5
	4
	1
	0
	3
	4
	5
	0
	10
	9
	9
	1
	0
	3
	4
	1
	9
	9
	9
	9
	5
	4
	10
	0
	7
	9
	2
	10
	4
	5
	0
	4
	5
	9
	5
	0
	7
	4
	9
	5
	4
	1
	0
	1
	4
	7
	2
	1
	4
	1
