Version identifier: 22.1.1.0 | 2022-11-28 | 9160aff4d
CPXPARAM_Threads                                 1
CPXPARAM_MIP_Strategy_VariableSelect             3
CPXPARAM_TimeLimit                               599.99766177100003
Tried aggregator 1 time.
MIP Presolve eliminated 400 rows and 1925 columns.
Reduced MIP has 1922 rows, 2695 columns, and 19154 nonzeros.
Reduced MIP has 2695 binaries, 0 generals, 0 SOSs, and 0 indicators.
Presolve time = 0.01 sec. (10.98 ticks)
Found incumbent of value 0.000000 after 0.03 sec. (33.43 ticks)

Root node processing (before b&c):
  Real time             =    0.03 sec. (33.59 ticks)
Sequential b&c:
  Real time             =    0.00 sec. (0.00 ticks)
                          ------------
Total (root+branch&cut) =    0.03 sec. (33.59 ticks)
Primal:	385
Dual:	385
Status:	Optimal
Time:	0.0461359
Sequence:
	9
	5
	9
	9
	4
	0
	4
	9
	5
	4
	0
	4
	4
	0
	5
	1
	9
	9
	9
	5
	0
	9
	9
	1
	9
	4
	1
	4
	0
	4
	1
	1
	9
	0
	4
	1
	5
	9
	6
	4
	9
	4
	4
	0
	9
	9
	9
	5
	4
	0
	1
	4
	10
	4
	1
	10
	9
	1
	1
	6
	4
	0
	9
	5
	5
	9
	4
	9
	0
	9
	4
	0
	4
	9
	4
	0
	1
	5
	9
	9
	10
	5
	9
	1
	9
	4
	5
	9
	4
	5
	0
	5
	4
	9
	9
	0
	9
	9
	4
	4
	9
	9
	5
	9
	0
	9
	9
	9
	4
	4
	1
	9
	1
	9
	4
	5
	1
	4
	1
	1
	9
	4
	5
	9
	9
	9
	4
	6
	9
	0
	4
	4
	1
	4
	9
	9
	9
	9
	5
	9
	0
	1
	1
	9
	9
	4
	1
	1
	1
	9
	9
	5
	0
	9
	4
	4
	0
	4
	1
	4
	9
	6
	1
	1
	9
	0
	4
	4
	9
	1
	9
	4
	1
	9
	9
	10
	4
	4
	9
	4
	1
	4
	9
	1
	9
	6
	1
	0
	9
	1
	1
	4
	10
	5
	1
	9
	1
	1
	9
	4
	0
	5
	1
	9
	6
	0
	10
	9
	4
	9
	9
	1
	9
	1
	0
	5
	9
	0
	6
	4
	1
	9
	5
	9
	0
	9
	9
	9
	0
	4
	4
	9
	1
	4
	9
	0
	5
	4
	0
	9
	9
	1
	4
	5
	1
	0
	9
	6
	5
	0
	9
	4
	0
	10
	1
	9
	4
	1
	0
	4
	5
	9
	0
	1
	1
	9
	6
	9
	5
	0
	9
	4
	4
	1
	1
	1
	4
	9
	0
	1
	1
	4
	1
	1
	1
	4
	5
	0
	4
	1
	9
	0
	4
	9
	9
	9
	0
	9
	5
	1
	5
	9
	4
	0
	9
	9
	4
	1
	4
	4
	9
	9
	5
	0
	1
	4
	9
	9
	0
	9
	1
	9
	9
	5
	4
	0
	4
	4
	1
	4
	6
	1
	4
	1
	1
	4
	5
	9
	4
	5
	0
	4
	9
	4
	9
	5
	4
	1
	9
	5
	4
	9
	5
	9
	0
	9
	9
	5
	1
	9
	5
	5
	9
	1
	4
	5
	9
	0
	5
	9
	9
	0
	5
	10
	9
	4
	0
	9
	9
	1
	9
	1
	0
	4
	9
