Version identifier: 22.1.0.0 | 2022-03-09 | 1a383f8ce
CPXPARAM_Threads                                 1
CPXPARAM_MIP_Strategy_VariableSelect             3
CPXPARAM_TimeLimit                               599.99281436599995
Tried aggregator 1 time.
MIP Presolve eliminated 17 rows and 307 columns.
MIP Presolve modified 1 coefficients.
Reduced MIP has 2144 rows, 3377 columns, and 30183 nonzeros.
Reduced MIP has 3377 binaries, 0 generals, 0 SOSs, and 0 indicators.
Presolve time = 0.03 sec. (16.09 ticks)
Probing time = 0.01 sec. (4.60 ticks)
Tried aggregator 1 time.
Detecting symmetries...
Reduced MIP has 2144 rows, 3377 columns, and 30183 nonzeros.
Reduced MIP has 3377 binaries, 0 generals, 0 SOSs, and 0 indicators.
Presolve time = 0.02 sec. (18.92 ticks)
Probing time = 0.01 sec. (4.60 ticks)
Clique table members: 1526.
MIP emphasis: balance optimality and feasibility.
MIP search method: dynamic search.
Parallel mode: none, using 1 thread.
Root relaxation solution time = 0.03 sec. (20.78 ticks)

        Nodes                                         Cuts/
   Node  Left     Objective  IInf  Best Integer    Best Bound    ItCnt     Gap

      0     0        0.0000   164                      0.0000      466         
*     0+    0                            0.0000        0.0000             0.00%
      0     0        cutoff              0.0000        0.0000      466    0.00%
Elapsed time = 0.27 sec. (183.41 ticks, tree = 0.01 MB, solutions = 1)

Root node processing (before b&c):
  Real time             =    0.27 sec. (183.52 ticks)
Sequential b&c:
  Real time             =    0.00 sec. (0.00 ticks)
                          ------------
Total (root+branch&cut) =    0.27 sec. (183.52 ticks)
Primal:	307
Dual:	307
Status:	Optimal
Time:	0.309108
Sequence:
	6
	9
	5
	9
	6
	9
	2
	9
	6
	9
	5
	9
	9
	9
	9
	6
	9
	9
	9
	9
	5
	9
	9
	9
	9
	9
	6
	9
	9
	9
	9
	9
	5
	9
	9
	9
	9
	9
	4
	9
	9
	9
	9
	5
	9
	6
	9
	5
	9
	1
	9
	9
	9
	1
	9
	9
	1
	9
	1
	9
	9
	1
	4
	9
	5
	9
	1
	9
	6
	9
	9
	9
	9
	9
	6
	9
	9
	9
	9
	9
	6
	9
	9
	9
	9
	9
	9
	9
	6
	9
	1
	9
	9
	9
	9
	6
	9
	9
	9
	6
	4
	0
	4
	4
	3
	4
	6
	0
	9
	5
	0
	4
	9
	5
	4
	0
	4
	5
	0
	6
	4
	1
	9
	3
	0
	1
	4
	1
	9
	0
	9
	6
	0
	5
	9
	4
	1
	9
	6
	0
	5
	9
	1
	4
	1
	2
	4
	1
	9
	5
	9
	6
	4
	10
	0
	5
	9
	4
	6
	0
	3
	4
	1
	0
	10
	9
	1
	4
	6
	2
	5
	4
	9
	6
	0
	9
	1
	0
	6
	9
	5
	9
	4
	6
	0
	4
	1
	4
	6
	9
	0
	9
	4
	5
	0
	5
	4
	0
	6
	9
	2
	9
	6
	0
	3
	4
	0
	6
	4
	0
	4
	6
	2
	5
	9
	0
	4
	1
	0
	9
	9
	6
	0
	1
	9
	1
	4
	6
	9
	10
	4
	0
	6
	9
	0
	10
	9
	5
	8
	9
	5
	0
	9
	5
	4
	10
	4
	1
	0
	1
	4
	0
	6
	9
	5
	4
	0
	4
	10
	0
	6
	4
	3
	4
	0
	6
	9
	0
	4
	9
	6
	4
	0
	1
	4
	1
	9
	1
	0
	11
	4
	6
	0
	9
	1
	0
	5
	4
	9
	1
	9
	0
	6
	4
	1
	9
	0
	6
	4
	0
	1
	9
	5
	0
	4
	6
	0
