Version identifier: 22.1.1.0 | 2022-11-28 | 9160aff4d
CPXPARAM_Threads                                 1
CPXPARAM_MIP_Strategy_VariableSelect             3
CPXPARAM_TimeLimit                               599.99882511400006
Tried aggregator 1 time.
MIP Presolve eliminated 195 rows and 546 columns.
MIP Presolve modified 1 coefficients.
Reduced MIP has 909 rows, 1638 columns, and 10988 nonzeros.
Reduced MIP has 1638 binaries, 0 generals, 0 SOSs, and 0 indicators.
Presolve time = 0.01 sec. (7.21 ticks)
Probing time = 0.00 sec. (2.63 ticks)
Tried aggregator 1 time.
Detecting symmetries...
Reduced MIP has 909 rows, 1638 columns, and 10988 nonzeros.
Reduced MIP has 1638 binaries, 0 generals, 0 SOSs, and 0 indicators.
Presolve time = 0.00 sec. (6.56 ticks)
Probing time = 0.00 sec. (2.63 ticks)
Clique table members: 542.
MIP emphasis: balance optimality and feasibility.
MIP search method: dynamic search.
Parallel mode: none, using 1 thread.
Root relaxation solution time = 0.01 sec. (9.02 ticks)

        Nodes                                         Cuts/
   Node  Left     Objective  IInf  Best Integer    Best Bound    ItCnt     Gap

      0     0        0.0000    66                      0.0000      315         
*     0+    0                            0.0000        0.0000             0.00%
      0     0        cutoff              0.0000        0.0000      315    0.00%
Elapsed time = 0.05 sec. (67.79 ticks, tree = 0.01 MB, solutions = 1)

Root node processing (before b&c):
  Real time             =    0.05 sec. (67.85 ticks)
Sequential b&c:
  Real time             =    0.00 sec. (0.00 ticks)
                          ------------
Total (root+branch&cut) =    0.05 sec. (67.85 ticks)
Primal:	182
Dual:	182
Status:	Optimal
Time:	0.057295
Sequence:
	9
	9
	9
	6
	9
	9
	9
	6
	9
	5
	9
	6
	9
	9
	9
	9
	9
	6
	9
	9
	9
	9
	6
	9
	9
	9
	9
	9
	9
	6
	9
	9
	9
	6
	4
	9
	9
	9
	6
	9
	9
	9
	9
	9
	9
	6
	5
	9
	9
	6
	9
	9
	9
	9
	6
	4
	9
	9
	9
	9
	6
	1
	9
	9
	9
	2
	6
	9
	9
	9
	9
	9
	5
	6
	9
	5
	9
	9
	6
	9
	9
	9
	6
	9
	5
	9
	9
	9
	9
	9
	6
	9
	9
	9
	5
	6
	9
	9
	9
	4
	9
	6
	3
	10
	2
	6
	4
	1
	1
	4
	6
	0
	4
	4
	0
	9
	6
	9
	10
	4
	5
	1
	6
	4
	0
	4
	9
	1
	9
	5
	6
	2
	5
	4
	1
	9
	0
	4
	6
	2
	4
	9
	6
	2
	1
	10
	6
	4
	1
	0
	6
	9
	0
	4
	6
	0
	9
	5
	6
	2
	5
	5
	2
	6
	5
	2
	1
	4
	6
	1
	2
	5
	4
	1
	5
	6
	9
	10
	0
	6
	9
	0
