Version identifier: 22.1.0.0 | 2022-03-09 | 1a383f8ce
CPXPARAM_Threads                                 1
CPXPARAM_MIP_Strategy_VariableSelect             3
CPXPARAM_TimeLimit                               599.99788411500003
Tried aggregator 1 time.
MIP Presolve eliminated 190 rows and 522 columns.
MIP Presolve modified 1 coefficients.
Reduced MIP has 1040 rows, 1566 columns, and 12560 nonzeros.
Reduced MIP has 1566 binaries, 0 generals, 0 SOSs, and 0 indicators.
Presolve time = 0.01 sec. (8.35 ticks)
Probing time = 0.00 sec. (3.06 ticks)
Tried aggregator 1 time.
Detecting symmetries...
Reduced MIP has 1040 rows, 1566 columns, and 12560 nonzeros.
Reduced MIP has 1566 binaries, 0 generals, 0 SOSs, and 0 indicators.
Presolve time = 0.01 sec. (7.80 ticks)
Probing time = 0.00 sec. (3.06 ticks)
Clique table members: 690.
MIP emphasis: balance optimality and feasibility.
MIP search method: dynamic search.
Parallel mode: none, using 1 thread.
Root relaxation solution time = 0.01 sec. (8.60 ticks)

        Nodes                                         Cuts/
   Node  Left     Objective  IInf  Best Integer    Best Bound    ItCnt     Gap

*     0     0      integral     0        0.0000        0.0000      267    0.00%
Elapsed time = 0.08 sec. (67.87 ticks, tree = 0.00 MB, solutions = 1)

Root node processing (before b&c):
  Real time             =    0.08 sec. (67.93 ticks)
Sequential b&c:
  Real time             =    0.00 sec. (0.00 ticks)
                          ------------
Total (root+branch&cut) =    0.08 sec. (67.93 ticks)
Primal:	174
Dual:	174
Status:	Optimal
Time:	0.0895867
Sequence:
	4
	4
	10
	4
	4
	2
	9
	4
	9
	9
	9
	9
	4
	9
	9
	5
	9
	9
	9
	5
	9
	4
	9
	9
	4
	1
	4
	5
	9
	9
	4
	4
	1
	9
	9
	4
	5
	9
	11
	9
	9
	9
	9
	9
	9
	4
	9
	4
	4
	9
	4
	5
	9
	5
	9
	9
	5
	9
	9
	4
	5
	9
	9
	4
	9
	9
	4
	1
	9
	4
	4
	9
	5
	4
	1
	9
	11
	9
	9
	5
	9
	0
	4
	4
	0
	11
	4
	0
	5
	9
	0
	9
	4
	0
	1
	9
	4
	0
	5
	4
	0
	4
	4
	0
	4
	4
	11
	0
	4
	5
	0
	9
	11
	0
	1
	4
	4
	0
	4
	11
	0
	5
	4
	9
	4
	1
	4
	0
	4
	4
	0
	11
	4
	4
	0
	4
	4
	9
	5
	0
	4
	4
	0
	5
	9
	0
	4
	4
	0
	4
	11
	0
	1
	4
	1
	0
	4
	9
	11
	0
	4
	5
	9
	5
	0
	1
	4
	5
	0
	6
	4
	2
	4
	4
