Version identifier: 22.1.0.0 | 2022-03-09 | 1a383f8ce
CPXPARAM_Threads                                 1
CPXPARAM_MIP_Strategy_VariableSelect             3
CPXPARAM_TimeLimit                               599.99754111699997
Tried aggregator 1 time.
MIP Presolve eliminated 119 rows and 309 columns.
MIP Presolve modified 4 coefficients.
Reduced MIP has 614 rows, 927 columns, and 7965 nonzeros.
Reduced MIP has 927 binaries, 0 generals, 0 SOSs, and 0 indicators.
Presolve time = 0.01 sec. (4.71 ticks)
Probing time = 0.00 sec. (2.28 ticks)
Tried aggregator 1 time.
Detecting symmetries...
Reduced MIP has 614 rows, 927 columns, and 7965 nonzeros.
Reduced MIP has 927 binaries, 0 generals, 0 SOSs, and 0 indicators.
Presolve time = 0.01 sec. (5.09 ticks)
Probing time = 0.00 sec. (2.28 ticks)
Clique table members: 404.
MIP emphasis: balance optimality and feasibility.
MIP search method: dynamic search.
Parallel mode: none, using 1 thread.
Root relaxation solution time = 0.01 sec. (5.25 ticks)

        Nodes                                         Cuts/
   Node  Left     Objective  IInf  Best Integer    Best Bound    ItCnt     Gap

      0     0        0.0000    55                      0.0000      235         
*     0+    0                            0.0000        0.0000             0.00%
      0     0        cutoff              0.0000        0.0000      235    0.00%
Elapsed time = 0.09 sec. (53.73 ticks, tree = 0.01 MB, solutions = 1)

Root node processing (before b&c):
  Real time             =    0.09 sec. (53.77 ticks)
Sequential b&c:
  Real time             =    0.00 sec. (0.00 ticks)
                          ------------
Total (root+branch&cut) =    0.09 sec. (53.77 ticks)
Primal:	103
Dual:	103
Status:	Optimal
Time:	0.109712
Sequence:
	4
	4
	2
	7
	4
	9
	4
	9
	2
	5
	9
	7
	2
	1
	9
	2
	9
	7
	9
	5
	2
	5
	9
	9
	5
	2
	9
	7
	9
	2
	4
	1
	9
	5
	4
	2
	9
	9
	9
	2
	5
	4
	0
	4
	7
	2
	4
	4
	10
	2
	7
	4
	2
	4
	10
	2
	4
	5
	2
	4
	1
	4
	7
	2
	1
	9
	5
	2
	7
	9
	4
	1
	0
	1
	9
	5
	9
	4
	4
	1
	4
	3
	4
	0
	4
	9
	2
	9
	3
	4
	5
	0
	5
	9
	7
	2
	10
	4
	4
	9
	5
	4
	2
