Version identifier: 22.1.0.0 | 2022-03-09 | 1a383f8ce
CPXPARAM_Threads                                 1
CPXPARAM_MIP_Strategy_VariableSelect             3
CPXPARAM_TimeLimit                               599.99183101100004
Tried aggregator 1 time.
MIP Presolve eliminated 366 rows and 1056 columns.
Reduced MIP has 2110 rows, 3168 columns, and 24870 nonzeros.
Reduced MIP has 3168 binaries, 0 generals, 0 SOSs, and 0 indicators.
Presolve time = 0.03 sec. (13.71 ticks)
Found incumbent of value 0.000000 after 0.07 sec. (38.13 ticks)

Root node processing (before b&c):
  Real time             =    0.07 sec. (38.29 ticks)
Sequential b&c:
  Real time             =    0.00 sec. (0.00 ticks)
                          ------------
Total (root+branch&cut) =    0.07 sec. (38.29 ticks)
Primal:	352
Dual:	352
Status:	Optimal
Time:	0.118014
Sequence:
	2
	10
	9
	10
	9
	9
	2
	5
	9
	5
	9
	4
	2
	5
	9
	9
	5
	2
	9
	9
	4
	9
	10
	2
	9
	9
	9
	4
	2
	5
	9
	2
	10
	9
	9
	1
	9
	2
	4
	5
	2
	9
	9
	10
	9
	9
	9
	4
	1
	9
	8
	9
	9
	9
	4
	9
	2
	9
	10
	0
	9
	9
	9
	2
	9
	9
	1
	2
	9
	10
	2
	9
	9
	9
	0
	9
	9
	10
	4
	2
	9
	10
	9
	9
	8
	9
	5
	9
	6
	9
	10
	9
	9
	9
	9
	6
	0
	9
	9
	9
	9
	9
	9
	9
	9
	9
	0
	1
	9
	10
	0
	10
	9
	9
	9
	2
	9
	9
	6
	9
	2
	9
	5
	2
	9
	9
	9
	9
	2
	4
	10
	0
	10
	4
	9
	1
	9
	9
	10
	9
	2
	5
	9
	10
	9
	4
	5
	0
	1
	9
	8
	9
	9
	5
	2
	9
	5
	2
	9
	9
	10
	9
	9
	9
	9
	9
	9
	9
	9
	9
	9
	4
	9
	2
	9
	9
	9
	9
	10
	2
	9
	9
	2
	9
	10
	9
	5
	9
	2
	10
	4
	9
	9
	1
	9
	4
	5
	9
	10
	9
	10
	9
	10
	2
	9
	9
	9
	2
	4
	9
	4
	9
	9
	2
	9
	9
	9
	2
	9
	9
	9
	9
	0
	9
	4
	9
	10
	9
	2
	9
	9
	9
	9
	9
	0
	9
	9
	10
	2
	9
	4
	5
	9
	9
	9
	9
	0
	9
	9
	9
	4
	9
	10
	2
	9
	9
	4
	9
	4
	4
	9
	9
	9
	1
	9
	0
	9
	9
	4
	5
	9
	9
	2
	9
	9
	9
	6
	2
	4
	9
	9
	9
	10
	0
	4
	1
	9
	1
	9
	9
	10
	9
	1
	2
	9
	4
	9
	9
	9
	1
	4
	9
	1
	2
	4
	9
	5
	9
	4
	9
	4
	9
	2
	1
	9
	1
	9
	2
	9
	9
	4
	9
	4
	4
	9
	4
	9
	9
	1
	9
	10
	9
	6
	9
	4
	9
	5
	9
	5
	0
	1
	9
	9
	9
	4
	9
	5
	4
	9
	9
	4
	2
