5
5
11
9
0
5
5
9
6
0
5
9
5
5
9
5
5
9
6
1
4
11
0
4
9
9
9
9
9
11
9
9
9
9
9
9
0
4
11
5
0
9
9
0
9
9
0
9
1
5
4
9
5
4
11
9
6
0
4
9
5
4
9
9
9
4
0
9
9
9
4
9
9
5
4
0
6
4
9
11
4
9
9
6
4
9
4
4
2
6
1
9
9
9
9
9
9
1
1
5
4
0
9
5
5
0
4
9
4
0
4
9
0
11
9
5
5
1
4
6
0
9
1
4
5
1
11
4
0
4
1
5
4
0
1
4
0
4
9
9
0
6
4
0
1
6
9
4
11
4
4
9
4
0
4
5
9
9
6
4
9
9
9
4
9
9
9
4
9
4
9
4
9
9
9
0
9
4
4
11
5
0
4
4
0
6
4
9
4
9
4
4
9
4
5
0
4
6
0
5
4
0
4
9
5
0
1
9
5
9
4
5
0
5
4
9
5
9
5
5
1
4
2
5
4
2
5
9
5
5
9
0
1
9
4
0
11
9
6
5
0
4
11
0
4
1
0
4
1
0
11
9
0
5
5
2
1
9
4
11
0
5
4
0
5
4
9
0
4
5
0
9
4
0
9
9
4
9
0
4
4
1
4
9
9
9
5
4
9
9
4
9
9
9
1
1
9
9
1
1
9
1
4
9
1
1
4
0
4
4
11
4
5
0
9
6
11
9
2
9
5
9
4
4
9
6
4
0
9
4
0
4
9
0
3
4
4
9
2
4
1
1
9
1
4
1
1
1
4
1
6
4
1
3
5
8
9
5
4
0
4
5
1
5
4
1
1
2
1
1
4
9
5
5
1
4
0
5
9
0
5
9
5
0
5
4
Primal:	386
Dual:	386
Status:	Optimal
