0
9
5
9
4
9
2
9
9
9
9
0
9
9
9
9
9
0
9
9
0
9
9
9
9
0
9
9
9
0
9
9
0
1
4
0
6
9
0
9
5
0
5
4
0
9
9
0
9
9
9
9
9
9
9
9
9
9
9
0
9
3
0
9
9
9
4
0
9
6
0
9
1
6
9
0
5
9
5
4
0
4
1
8
4
11
0
1
9
0
4
3
0
9
9
0
9
5
0
9
5
5
0
9
3
0
5
9
0
9
9
0
9
9
9
0
3
9
0
9
9
0
9
3
0
9
5
5
0
4
5
0
9
11
1
0
9
5
4
9
0
9
9
0
9
5
5
0
9
4
9
0
1
11
9
5
0
1
4
9
0
4
6
1
0
9
11
0
4
4
0
1
4
0
5
11
8
5
9
0
9
9
0
9
5
0
9
5
1
0
9
5
0
9
1
5
0
9
1
0
9
5
9
0
5
3
9
0
9
9
0
9
9
0
5
9
0
9
1
0
1
9
0
1
9
0
5
4
3
0
9
5
0
9
1
9
0
4
6
3
0
9
4
5
9
0
Primal:	246
Dual:	246
Status:	Optimal
