5
5
0
9
9
9
0
9
9
9
9
9
9
9
7
9
9
9
9
0
9
9
9
9
9
6
9
9
0
9
9
9
6
9
9
9
9
9
9
9
9
9
9
9
0
9
3
9
8
1
5
8
9
4
9
4
1
4
0
4
9
5
0
4
4
0
9
9
6
8
1
1
0
9
6
9
0
9
9
7
9
0
9
9
9
0
1
9
0
9
9
9
9
0
5
9
0
9
1
0
9
1
1
9
0
1
5
9
7
1
4
0
1
5
9
0
1
1
9
9
0
1
11
9
1
1
0
9
1
1
1
9
0
9
9
9
9
9
9
0
9
9
6
0
9
9
9
0
9
5
0
9
9
9
9
9
0
9
9
0
1
5
9
9
9
1
6
5
9
5
5
9
5
0
6
9
0
5
5
9
5
0
1
9
0
5
5
9
5
5
0
9
6
7
0
9
5
5
0
4
5
1
0
9
1
0
1
4
0
6
1
4
7
0
1
4
9
8
9
7
8
1
6
4
0
1
4
0
9
1
0
6
9
5
0
1
4
5
0
6
9
0
5
5
9
1
1
1
9
0
1
5
9
1
1
0
9
5
8
9
5
6
2
7
1
0
4
6
9
0
1
9
0
5
5
2
5
5
2
5
5
9
5
5
0
9
5
0
5
4
0
5
9
1
0
5
9
9
5
1
0
9
1
0
6
9
1
0
9
7
0
6
9
9
0
7
1
9
5
0
5
9
9
0
5
Primal:	325
Dual:	325
Status:	Optimal
