0
5
5
9
9
0
9
9
9
9
0
9
9
9
9
9
9
9
0
9
9
9
9
9
0
9
9
9
9
9
9
9
9
9
9
8
9
9
9
9
9
9
9
0
9
9
9
9
4
5
0
5
9
9
2
9
1
0
4
5
9
0
9
4
0
4
9
4
0
9
9
0
9
5
9
9
9
9
9
9
9
9
9
9
9
9
0
9
9
9
9
8
9
9
9
9
9
0
9
9
0
4
9
0
4
4
0
4
9
0
9
9
9
0
9
9
0
9
9
0
9
5
4
9
0
9
9
9
9
4
0
5
9
0
5
9
0
9
5
3
0
9
9
0
9
9
9
9
0
9
4
0
4
9
4
9
5
5
9
9
0
9
4
8
9
9
9
0
9
9
5
0
9
9
0
4
9
4
0
4
5
0
4
4
0
4
4
9
0
9
9
9
0
9
9
9
9
9
9
9
9
0
9
4
0
1
9
0
5
5
9
0
4
5
9
0
5
4
9
0
9
3
9
9
4
9
9
4
4
0
4
4
0
4
4
0
4
4
0
4
3
4
4
1
0
1
4
0
4
3
0
4
5
0
9
5
4
0
4
3
0
4
4
0
4
3
5
0
4
4
0
4
4
0
4
4
0
4
4
0
4
4
0
4
9
4
4
0
4
4
9
4
0
4
4
0
9
4
0
4
4
3
4
9
9
0
5
4
0
9
5
0
4
5
0
4
1
1
1
9
0
1
9
0
4
1
1
1
9
1
0
1
4
1
0
1
4
4
1
1
0
4
1
4
1
1
2
1
1
0
4
9
0
5
4
0
4
5
9
0
4
4
2
4
1
0
5
9
0
1
5
8
9
1
4
4
0
5
3
4
0
5
Primal:	382
Dual:	382
Status:	Optimal
