0
9
9
0
6
9
9
11
6
9
9
9
9
11
9
9
9
9
9
11
9
6
9
0
9
9
9
9
9
9
9
9
9
9
9
9
0
9
9
9
9
9
9
5
9
5
5
9
6
0
9
11
9
9
9
5
5
9
5
0
5
4
1
5
0
9
9
5
0
9
5
0
9
6
9
9
5
5
9
0
5
5
9
5
5
9
9
9
9
0
6
9
5
9
3
0
9
9
0
9
11
0
9
9
0
9
9
0
5
4
1
9
0
9
6
1
9
0
11
9
9
0
9
9
0
9
1
9
11
0
9
9
0
5
9
9
9
9
0
5
9
9
9
5
5
3
9
5
9
0
5
6
9
5
9
0
5
5
9
9
5
0
1
9
0
9
9
0
9
9
0
9
9
0
5
6
9
5
0
5
9
5
5
9
5
5
0
9
5
9
5
5
0
9
6
1
0
9
6
9
9
0
5
9
0
9
9
0
1
9
3
9
0
1
6
9
0
9
11
0
9
5
0
6
9
4
0
4
6
0
4
9
0
6
11
9
0
6
9
0
5
9
0
6
1
9
3
0
5
9
9
0
1
9
3
0
5
9
0
6
5
9
3
0
9
5
0
9
9
3
6
9
0
5
9
0
11
9
5
0
5
9
9
11
6
9
5
0
6
4
0
9
9
0
3
9
5
0
5
9
0
3
9
6
0
9
4
0
11
5
9
0
6
4
0
4
9
0
9
11
4
5
2
9
5
0
11
9
0
9
6
0
1
4
1
0
9
1
0
1
9
9
9
1
0
5
9
0
Primal:	348
Dual:	348
Status:	Optimal
