4
4
9
9
9
9
9
1
5
4
0
5
5
9
5
9
4
1
9
9
4
9
9
2
11
5
0
9
9
9
9
0
11
9
0
4
9
0
9
4
0
4
4
0
9
4
9
9
9
9
9
9
9
9
9
4
4
0
4
4
0
9
9
0
4
4
0
4
4
9
0
4
9
0
4
5
0
3
9
0
5
9
4
9
1
4
0
4
9
4
9
4
0
9
4
4
9
4
0
9
4
4
1
1
9
1
9
1
1
4
0
5
9
0
9
9
0
9
9
0
9
9
4
0
3
1
9
1
1
1
8
1
1
1
2
1
9
0
9
9
4
0
9
9
4
0
11
5
4
0
9
1
11
0
4
4
0
4
4
0
3
4
0
4
4
0
11
5
4
0
5
4
0
11
4
0
5
1
4
4
0
4
5
2
9
9
4
2
4
1
1
4
1
1
1
9
5
5
0
9
1
2
1
1
1
9
0
9
9
0
5
4
9
1
1
0
4
9
0
11
4
0
4
9
4
0
9
5
4
0
1
4
4
0
5
1
9
4
0
1
4
5
0
9
9
9
9
4
2
5
Primal:	250
Dual:	250
Status:	Optimal
