0
6
9
9
9
9
9
9
9
9
9
9
9
4
6
9
9
9
9
9
9
9
9
9
9
9
4
9
4
9
4
9
9
9
9
9
9
9
9
9
9
9
9
4
4
0
9
4
4
0
5
4
9
4
9
6
0
3
9
0
9
4
9
0
6
9
0
3
4
9
6
0
4
9
0
9
9
9
9
9
9
3
9
0
6
4
0
9
1
9
0
6
9
4
0
4
3
9
0
6
9
0
4
4
9
4
1
4
9
4
6
9
3
9
9
0
5
6
9
1
9
5
6
3
4
9
4
9
4
9
6
4
9
4
4
9
4
4
9
4
4
9
9
4
9
0
4
4
0
4
9
4
0
4
9
4
9
4
4
9
0
4
4
9
9
4
9
9
9
6
4
0
3
9
0
6
9
0
5
6
9
4
9
6
0
4
3
4
4
0
4
4
9
3
1
1
4
6
0
3
9
0
1
1
9
0
3
4
0
9
1
1
0
9
5
6
0
9
4
4
0
3
6
4
0
4
6
1
4
0
4
5
0
5
9
0
3
9
0
6
4
0
4
4
3
4
4
0
4
4
3
4
4
9
9
5
5
9
5
0
4
4
9
3
9
4
9
9
0
9
9
0
1
6
4
9
3
9
9
9
4
4
0
9
9
0
4
9
4
4
0
4
4
0
9
6
0
9
1
4
9
0
4
5
0
4
3
0
9
6
4
0
1
5
4
9
9
9
1
6
4
1
0
1
4
0
1
1
4
6
0
Primal:	331
Dual:	331
Status:	Optimal
