6
4
11
9
6
9
9
9
6
9
9
9
6
9
9
9
9
9
9
9
9
9
9
9
9
9
9
9
9
10
9
6
10
9
9
9
9
2
9
9
9
9
9
9
9
9
9
9
9
5
9
1
2
5
6
9
5
9
6
4
2
11
4
0
6
9
5
9
5
5
9
5
9
5
5
9
6
4
9
9
9
9
9
6
9
0
1
9
5
5
9
9
10
5
6
9
5
5
9
5
5
9
5
5
9
5
9
5
5
9
9
5
4
9
5
5
9
5
9
6
9
5
9
5
6
9
2
10
6
2
4
9
4
9
9
4
2
6
11
4
5
2
9
9
9
5
9
5
9
11
9
9
9
9
9
9
9
9
9
9
9
9
9
9
9
9
4
5
9
4
4
9
4
9
4
4
9
9
9
9
9
6
11
5
9
5
4
9
9
9
4
10
8
11
6
2
9
5
5
1
2
4
11
9
4
9
9
8
9
1
9
5
4
1
5
6
2
4
4
9
4
0
4
6
11
2
5
6
0
4
4
9
0
4
4
0
1
4
0
4
6
9
5
0
6
9
5
5
10
2
6
5
2
5
6
0
4
1
6
2
1
11
1
4
6
1
9
5
11
5
9
5
6
9
4
9
4
4
3
4
4
9
4
4
9
4
4
9
4
4
9
4
4
9
4
2
4
4
10
4
0
9
5
6
9
4
0
4
4
10
4
4
11
4
4
2
6
9
5
1
6
9
8
9
9
5
5
11
4
6
1
5
9
5
5
2
5
5
11
9
10
4
5
9
5
5
1
2
5
6
9
5
1
5
9
1
1
9
5
9
4
9
6
8
11
5
5
9
5
1
5
9
5
5
9
6
4
0
9
6
Primal:	380
Dual:	380
Status:	Optimal
