0
6
9
5
5
9
6
5
9
3
6
9
5
9
6
5
9
5
6
9
9
9
6
9
9
9
9
9
9
9
6
9
9
9
9
9
9
9
10
9
6
9
9
9
9
6
9
4
9
0
4
6
1
9
4
6
9
9
9
6
9
9
9
9
9
9
9
9
6
9
9
9
9
9
6
9
10
9
0
6
4
9
4
9
9
6
9
9
9
6
9
9
9
6
9
9
4
5
9
4
6
0
1
4
9
5
6
9
5
9
6
4
1
4
6
9
9
9
9
9
9
9
9
9
9
9
6
9
9
9
9
9
9
9
9
6
9
9
9
9
9
9
9
9
9
9
6
9
9
9
9
9
9
9
4
1
6
0
4
4
9
4
4
0
5
6
9
5
9
4
0
4
6
0
9
5
6
10
9
4
6
9
0
5
6
9
0
5
9
6
0
4
1
6
0
9
3
6
9
5
0
9
6
5
3
2
4
6
0
4
4
0
6
10
4
5
0
4
9
6
9
4
4
9
6
0
9
5
9
6
4
1
4
6
9
3
9
4
0
6
9
5
0
9
4
6
9
9
5
6
9
0
9
6
9
9
5
9
5
5
9
6
5
9
4
6
2
5
5
2
5
5
9
6
2
5
5
2
5
5
2
4
5
0
6
9
0
1
6
9
2
1
1
6
2
1
5
5
9
6
9
9
0
6
4
0
5
6
Primal:	308
Dual:	308
Status:	Optimal
