5
4
0
5
4
9
6
0
5
9
10
6
9
4
1
6
9
0
10
4
10
9
10
0
9
9
9
9
9
9
9
9
9
9
9
0
5
1
9
0
10
9
9
9
9
0
9
5
9
0
5
6
9
1
10
0
9
1
0
4
1
5
5
9
5
0
5
9
5
2
5
5
9
5
5
9
5
5
1
9
5
5
9
5
5
3
4
5
9
5
5
9
5
0
4
4
9
0
9
1
4
9
9
4
9
9
0
5
9
0
5
3
4
6
9
5
4
9
4
1
5
6
9
5
9
5
1
4
1
1
9
10
0
9
6
0
4
5
9
5
0
5
9
5
9
5
5
9
5
9
0
5
1
9
9
1
9
9
9
1
1
1
9
1
9
0
1
1
9
9
9
9
0
9
9
0
9
9
9
6
9
5
1
1
9
5
1
1
9
1
1
1
4
1
1
1
4
1
1
1
9
1
1
4
1
1
9
1
1
0
9
1
0
1
4
5
0
9
5
0
9
6
0
5
4
0
5
4
0
5
4
1
0
9
1
0
5
9
5
4
0
5
4
0
4
3
5
5
9
6
5
0
9
5
9
0
5
5
9
0
5
9
6
0
4
1
5
5
9
0
5
5
9
5
5
9
0
1
5
4
0
9
5
0
5
9
5
1
4
0
4
1
1
1
9
1
1
1
9
1
1
1
9
1
1
1
9
4
1
1
0
9
1
10
4
5
0
1
9
5
1
4
1
1
1
4
0
1
1
9
0
9
1
0
9
5
9
5
0
1
9
4
4
0
6
4
9
1
0
9
4
5
3
9
5
9
0
6
1
9
0
3
9
6
0
9
10
0
9
4
5
9
9
9
5
0
Primal:	376
Dual:	376
Status:	Optimal
