5
9
9
9
7
10
10
9
9
10
7
9
9
9
9
9
9
9
7
9
9
9
10
9
7
9
9
9
9
9
9
7
5
9
9
9
9
7
9
9
5
9
9
7
9
9
2
5
9
7
5
9
9
4
9
7
9
9
9
9
9
7
9
9
9
9
9
7
9
9
9
9
9
9
7
9
5
5
9
5
5
9
7
5
2
5
5
2
7
4
9
5
5
9
5
0
9
7
9
5
5
9
4
7
9
5
9
5
9
9
9
5
7
1
4
4
9
9
4
7
9
1
4
5
2
1
7
0
4
1
5
1
4
7
0
1
4
9
9
7
9
9
9
5
9
0
7
5
9
5
9
1
7
1
9
1
1
1
9
1
1
7
9
1
5
9
5
7
9
5
5
9
5
5
9
5
5
9
7
5
9
5
5
9
10
7
9
4
9
4
9
7
9
0
5
4
9
9
7
9
0
1
4
4
10
7
9
0
5
5
2
7
10
4
4
9
4
7
2
5
5
0
4
7
0
5
9
10
1
0
4
5
0
4
7
0
4
10
5
9
7
0
1
4
5
2
4
7
0
4
5
0
9
7
9
5
5
1
4
7
9
5
9
5
9
4
4
9
4
7
1
0
4
5
2
7
9
5
9
5
2
7
5
9
0
5
5
2
7
5
0
4
4
10
9
9
7
9
0
1
4
5
0
5
4
1
7
0
9
5
4
9
9
4
7
10
4
0
5
9
7
5
0
4
1
5
0
4
7
0
5
4
9
5
7
0
4
5
9
0
7
4
0
4
9
0
7
9
9
9
4
4
9
7
0
4
10
5
5
9
7
5
0
4
5
0
Primal:	366
Dual:	366
Status:	Optimal
