6
7
9
9
9
9
9
4
7
9
9
9
9
9
7
9
6
9
0
9
9
9
9
9
9
9
9
9
9
9
9
9
9
9
9
9
9
9
9
9
9
9
9
9
9
9
9
9
9
9
9
1
4
1
1
6
4
1
1
1
8
4
9
1
0
9
6
9
4
1
6
4
1
9
1
5
9
9
11
6
9
9
9
9
9
9
9
9
9
9
9
9
9
9
9
9
9
6
9
9
7
9
1
4
4
1
7
1
9
1
1
6
4
9
0
1
7
4
1
6
9
4
3
9
1
4
4
1
7
1
4
1
6
9
5
1
4
7
9
6
4
1
4
4
9
4
4
1
4
4
1
1
4
0
6
7
9
5
0
9
9
9
9
9
6
9
1
9
0
6
9
9
9
9
9
9
9
9
9
4
9
9
4
1
1
1
9
9
1
9
1
4
9
9
9
4
9
9
1
1
1
4
7
1
9
9
9
9
9
9
7
1
4
9
4
6
9
7
8
9
4
0
6
11
4
0
4
1
0
4
7
0
1
9
0
9
7
0
6
4
1
0
9
6
7
0
4
9
9
9
6
7
0
4
6
0
5
9
6
7
0
4
9
6
1
8
10
7
0
4
9
6
5
11
9
5
0
10
4
7
0
4
6
0
1
4
3
9
1
1
4
1
4
1
7
4
1
6
4
1
1
1
4
4
9
4
6
1
4
0
4
4
0
4
4
1
7
1
4
9
10
4
7
10
4
9
1
0
1
4
7
10
0
9
6
9
4
3
0
4
1
6
8
1
4
0
1
1
9
4
9
3
6
9
9
1
6
9
1
11
6
4
0
9
9
4
4
9
9
4
7
10
1
9
8
5
9
6
5
9
5
5
1
9
5
4
1
9
3
5
9
9
5
5
3
4
1
4
1
6
4
1
7
6
9
0
9
6
Primal:	408
Dual:	408
Status:	Optimal
