9
7
4
10
0
9
5
7
9
0
9
10
4
7
9
5
5
9
5
5
2
5
7
9
5
1
0
4
1
7
4
9
4
4
9
5
9
7
5
9
4
2
4
9
7
9
5
4
9
5
7
10
4
4
9
0
7
1
4
4
0
1
7
2
4
5
9
10
7
9
0
5
10
4
7
2
10
1
4
10
7
5
2
1
10
9
7
2
10
10
4
1
7
5
9
4
5
9
9
1
7
4
0
5
4
9
9
7
4
10
9
4
9
7
4
9
5
1
1
2
9
7
9
4
4
1
1
7
9
4
1
4
0
7
4
1
4
0
4
7
9
9
4
4
9
7
4
9
9
9
4
7
1
4
9
4
9
7
4
9
4
4
9
7
4
9
4
9
4
7
9
4
9
9
4
7
9
9
4
4
9
7
4
9
4
4
9
7
9
1
4
0
9
9
9
1
7
4
1
9
5
0
7
9
5
1
4
10
7
9
9
4
9
4
7
0
1
9
0
10
7
4
0
1
4
1
0
7
4
0
5
9
5
5
0
4
7
0
4
5
9
5
5
9
7
5
0
9
5
2
5
5
2
7
1
5
2
5
4
0
4
7
2
5
5
9
0
7
5
9
0
9
4
9
4
4
9
7
9
1
1
1
2
1
1
7
2
4
4
2
4
4
9
4
4
0
11
4
4
9
4
4
10
7
4
9
4
4
9
7
1
4
4
10
1
7
9
5
5
10
4
7
0
9
4
4
0
7
9
5
9
9
0
7
4
9
4
4
2
4
4
9
7
4
9
9
4
4
1
5
9
5
7
10
4
4
10
5
4
11
5
4
1
4
5
0
4
7
0
5
Primal:	370
Dual:	370
Status:	Optimal
