0
9
9
5
9
5
5
9
9
9
9
9
9
9
6
9
9
2
9
9
9
9
9
9
9
9
9
9
9
9
9
9
9
9
9
9
9
9
9
9
9
9
9
9
9
9
9
9
9
9
9
9
9
9
9
9
9
9
9
9
9
9
9
9
9
9
9
9
9
9
9
9
1
5
9
5
5
9
5
5
9
5
9
1
9
1
1
1
4
1
1
1
2
4
5
9
4
9
4
1
5
9
5
1
0
9
4
1
1
10
9
0
5
9
1
1
1
9
9
0
1
9
9
0
4
9
4
4
9
4
9
4
4
9
9
9
9
9
9
5
9
9
9
9
9
9
9
9
9
9
9
9
9
9
9
9
9
9
9
9
9
9
9
9
9
6
4
0
9
5
9
4
5
9
5
4
9
5
4
1
4
9
0
9
9
9
9
2
9
6
9
4
2
4
4
1
4
0
4
9
5
4
1
1
9
5
8
9
1
1
9
5
5
9
4
1
3
0
4
4
9
0
4
9
0
9
9
4
4
9
1
0
4
1
1
1
2
1
1
1
2
5
9
2
9
9
9
9
2
9
5
9
5
9
9
9
9
5
5
9
9
9
5
5
9
9
9
9
9
9
9
9
9
9
9
9
9
9
9
9
9
9
9
9
9
9
9
9
9
9
9
9
9
9
9
9
4
2
9
1
1
4
9
4
1
5
9
4
9
9
4
9
9
4
10
2
9
4
9
4
2
4
4
0
4
9
9
0
10
5
Primal:	330
Dual:	330
Status:	Optimal
