1
9
5
8
9
9
9
9
9
9
9
9
9
9
9
9
9
9
9
9
9
9
9
9
9
9
9
9
9
10
10
9
9
10
9
9
9
10
9
9
9
9
9
9
9
10
9
9
9
9
9
9
9
9
9
9
9
9
9
9
9
9
9
9
9
5
9
5
9
9
9
9
9
9
5
1
9
0
1
9
4
1
4
5
0
10
9
5
9
1
1
9
9
1
0
9
5
5
9
0
10
5
9
5
9
4
1
9
0
5
9
5
9
3
5
9
9
9
1
1
5
9
1
9
9
9
9
9
9
9
9
9
4
4
9
4
9
9
9
9
9
9
9
9
9
9
9
9
9
9
4
0
5
9
10
9
9
2
9
3
9
9
9
0
5
4
9
9
0
1
1
8
4
1
5
5
9
10
0
9
9
9
4
10
0
5
9
0
9
9
9
5
4
0
4
1
3
2
1
5
9
0
4
4
1
5
1
4
5
9
1
5
1
9
4
0
9
9
5
2
5
9
9
5
5
9
9
9
0
9
3
0
4
9
0
9
10
9
4
4
10
9
1
9
9
9
9
9
9
9
9
9
9
9
9
9
9
9
9
9
9
10
3
5
4
9
9
9
1
9
0
5
4
9
4
9
8
9
1
9
0
5
4
1
1
1
4
1
1
1
9
4
9
1
1
0
9
5
9
Primal:	299
Dual:	299
Status:	Optimal
