11
9
9
9
9
1
9
10
9
5
9
9
9
6
9
9
9
9
9
9
9
9
9
9
9
9
9
9
9
9
9
9
9
9
9
9
9
9
9
9
9
9
9
9
9
9
9
9
6
9
9
9
9
9
9
9
9
9
9
9
9
9
9
9
9
9
9
9
9
9
9
9
9
9
9
9
9
9
5
5
9
5
5
9
5
4
9
9
6
9
1
1
1
4
1
1
1
9
5
9
4
9
4
4
9
4
9
1
5
10
9
9
4
1
2
9
1
3
1
2
4
5
1
1
9
1
9
6
2
1
1
1
9
9
2
9
9
9
2
9
9
2
9
9
9
9
9
9
9
4
9
4
9
4
9
9
5
9
5
9
9
9
9
4
4
9
9
9
9
9
9
9
9
9
9
9
9
9
9
9
9
9
9
9
5
5
9
6
1
9
5
4
2
9
9
9
4
4
9
9
4
9
4
5
10
9
9
1
4
1
5
8
9
5
4
1
5
9
6
4
9
4
8
9
9
6
1
4
2
5
5
9
0
1
1
2
1
1
9
2
1
6
1
4
1
1
4
5
9
1
5
1
4
9
4
5
2
5
9
1
4
5
1
4
5
9
4
9
9
2
9
9
9
5
2
5
1
5
8
9
9
5
5
9
9
9
9
6
5
9
5
5
9
5
5
9
5
5
9
5
5
9
5
4
0
6
5
9
1
9
6
5
9
5
6
9
4
4
0
4
5
1
5
2
5
9
9
6
2
5
4
2
5
5
9
5
2
5
5
2
1
9
4
9
5
9
9
5
6
9
5
2
Primal:	352
Dual:	352
Status:	Optimal
