10
10
9
10
9
9
9
9
9
9
9
4
9
9
9
9
9
9
9
9
9
9
9
9
9
9
9
9
9
9
9
9
9
9
9
9
9
9
9
9
9
9
2
9
9
9
9
2
9
9
9
9
9
9
9
9
9
9
9
9
9
9
9
9
9
9
9
9
9
9
9
9
9
9
9
2
9
9
9
9
9
9
5
9
5
5
1
9
9
9
2
9
9
2
9
9
9
0
9
9
9
9
10
9
9
10
10
4
2
9
10
9
2
6
5
2
5
1
9
9
0
4
9
1
9
9
2
9
9
2
1
1
9
4
4
9
9
9
9
9
9
9
5
9
9
9
9
2
9
9
9
9
9
9
9
9
9
9
9
9
4
4
9
9
9
9
9
4
9
4
4
9
9
9
9
9
9
9
9
9
9
9
9
4
9
9
9
10
5
2
6
9
8
9
9
9
9
9
2
4
9
8
4
9
2
9
10
9
0
10
4
2
9
4
2
4
5
2
9
5
0
5
4
2
10
10
10
4
4
0
10
4
0
5
5
2
10
10
9
0
10
6
4
10
4
8
1
4
0
4
4
0
9
9
2
9
4
4
0
1
4
2
9
9
2
9
4
2
9
10
9
2
1
5
5
2
4
10
2
6
10
2
10
10
2
4
9
9
9
9
9
9
9
9
5
9
9
0
4
9
4
5
2
9
9
2
9
9
2
9
5
2
9
9
2
9
10
4
2
6
4
2
10
9
5
2
9
1
1
1
2
1
1
1
9
10
2
5
5
0
9
9
0
4
1
4
1
1
2
10
10
10
Primal:	352
Dual:	352
Status:	Optimal
