22
18
11
1
11
12
11
1
4
13
20
18
3
22
18
11
22
3
6
20
11
11
14
22
11
14
22
8
13
17
7
4
14
20
24
22
18
3
22
1
3
18
13
17
18
3
22
18
4
13
10
18
20
13
18
16
9
22
18
19
18
22
16
18
20
19
4
12
22
16
22
12
16
18
18
3
20
24
18
20
3
18
11
11
11
19
16
20
18
16
22
11
12
11
11
11
12
22
11
12
11
2
17
4
1
20
4
1
9
20
18
4
20
11
12
11
8
19
2
18
3
20
11
12
1
19
2
11
2
1
3
24
2
12
11
12
11
14
11
11
11
12
22
11
11
14
11
11
22
1
3
18
24
5
19
22
18
16
4
12
2
16
20
18
11
8
19
13
11
7
19
22
1
16
16
18
16
7
19
14
1
12
13
11
20
12
16
12
4
12
11
24
12
2
11
12
11
13
12
4
16
12
13
8
12
16
12
16
2
4
12
12
16
12
12
11
12
12
11
12
4
20
14
23
11
8
12
19
4
22
12
16
1
20
11
12
12
16
16
16
12
16
12
12
16
16
12
12
24
2
12
16
16
12
1
24
20
6
3
20
1
3
20
11
18
22
9
11
12
7
13
22
1
3
8
22
19
1
22
4
16
15
22
11
22
1
3
1
7
9
22
1
3
4
22
19
4
22
7
19
2
16
15
13
18
4
20
1
19
8
19
22
4
20
1
15
22
6
10
1
9
2
8
19
8
8
13
12
1
24
3
22
18
11
8
13
12
4
8
6
3
22
11
12
22
11
20
19
11
13
13
18
22
11
3
18
3
3
16
12
22
4
16
1
23
13
1
20
15
7
22
15
7
12
19
1
20
19
1
20
4
20
14
8
18
3
20
23
19
22
5
14
4
19
22
16
22
1
3
7
8
19
22
16
1
22
11
19
16
12
2
16
5
12
16
12
12
4
16
22
1
19
20
16
18
19
22
16
14
22
1
3
22
16
1
20
11
11
15
12
11
8
11
12
8
11
14
22
8
11
12
22
11
1
19
22
7
11
1
20
11
20
12
11
12
11
0
11
19
11
2
12
11
24
22
17
16
12
11
12
12
4
16
12
7
9
7
19
7
14
7
7
15
7
15
7
7
21
7
5
Primal:	500
Dual:	500
Status:	Optimal
Time:	2.42
