11
18
8
5
24
15
23
13
22
1
19
12
6
23
23
8
3
20
20
8
0
19
2
2
16
4
23
1
11
0
16
8
16
7
17
2
19
19
19
7
23
19
7
20
2
20
6
20
20
11
7
20
15
16
2
24
20
15
0
9
19
9
21
0
9
7
9
12
2
4
11
1
1
4
9
9
1
19
7
9
22
9
10
18
9
10
24
3
24
4
1
5
6
23
17
6
5
21
3
1
3
21
21
4
0
8
18
1
19
1
1
4
4
22
2
21
11
17
21
17
18
6
16
12
17
10
18
17
22
14
18
13
9
1
15
19
1
9
20
11
5
24
19
12
2
21
16
4
11
12
11
16
6
24
15
23
12
15
23
15
1
16
14
16
0
15
15
23
14
14
14
12
1
8
15
24
6
20
10
6
18
2
16
24
15
5
10
6
10
15
16
17
14
21
21
17
9
21
3
1
6
10
1
3
10
11
6
7
6
2
6
14
13
24
23
8
7
6
24
23
13
23
2
16
14
12
19
0
2
16
18
11
21
11
7
11
13
11
11
20
12
11
3
10
12
9
21
5
17
21
24
17
17
21
3
0
0
8
0
0
4
12
3
4
17
17
0
20
17
14
9
12
14
0
24
8
0
5
17
14
5
5
8
0
8
23
3
16
5
11
4
11
14
24
18
4
1
22
8
22
Primal:	300
Dual:	300
Status:	Optimal
Time:	1.93
