Version identifier: 22.1.0.0 | 2022-03-09 | 1a383f8ce
CPXPARAM_Threads                                 1
CPXPARAM_MIP_Strategy_VariableSelect             3
CPXPARAM_TimeLimit                               599.99994830000003
1 of 1 MIP starts provided solutions.
MIP start 'm1' defined initial solution with objective 296.0000.
Tried aggregator 1 time.
MIP Presolve eliminated 19 rows and 1149 columns.
MIP Presolve modified 150 coefficients.
Reduced MIP has 2675 rows, 3830 columns, and 105351 nonzeros.
Reduced MIP has 3830 binaries, 0 generals, 0 SOSs, and 0 indicators.
Presolve time = 0.11 sec. (204.65 ticks)
Probing time = 0.01 sec. (15.22 ticks)
Tried aggregator 1 time.
Detecting symmetries...
MIP Presolve modified 11 coefficients.
Reduced MIP has 2675 rows, 3830 columns, and 105479 nonzeros.
Reduced MIP has 3830 binaries, 0 generals, 0 SOSs, and 0 indicators.
Presolve time = 0.08 sec. (157.87 ticks)
Probing time = 0.01 sec. (15.23 ticks)
Clique table members: 2037.
MIP emphasis: balance optimality and feasibility.
MIP search method: dynamic search.
Parallel mode: none, using 1 thread.
Root relaxation solution time = 0.11 sec. (175.18 ticks)

        Nodes                                         Cuts/
   Node  Left     Objective  IInf  Best Integer    Best Bound    ItCnt     Gap

*     0+    0                          296.0000    73536.0000              --- 
      0     0      383.0000    30      296.0000      383.0000     1045   29.39%
*     0+    0                          383.0000      383.0000             0.00%
      0     0        cutoff            383.0000      383.0000     1045    0.00%
Elapsed time = 0.44 sec. (699.21 ticks, tree = 0.01 MB, solutions = 2)

Root node processing (before b&c):
  Real time             =    0.44 sec. (699.74 ticks)
Sequential b&c:
  Real time             =    0.00 sec. (0.00 ticks)
                          ------------
Total (root+branch&cut) =    0.44 sec. (699.74 ticks)
Primal:	383
Dual:	383
Status:	Optimal
Time:	0.46
Sequence:
	0
	4
	1
	9
	0
	9
	5
	9
	9
	4
	0
	4
	4
	9
	5
	2
	9
	5
	0
	9
	9
	9
	4
	9
	0
	9
	9
	0
	9
	9
	0
	9
	9
	5
	0
	5
	9
	0
	4
	9
	0
	9
	9
	0
	9
	9
	5
	2
	9
	5
	0
	5
	9
	5
	2
	9
	5
	0
	5
	9
	5
	0
	5
	9
	5
	9
	4
	2
	9
	9
	9
	9
	0
	9
	9
	0
	9
	9
	9
	0
	9
	5
	2
	4
	9
	1
	2
	9
	5
	0
	9
	9
	0
	9
	9
	0
	4
	5
	0
	4
	3
	0
	4
	9
	1
	0
	5
	4
	0
	4
	4
	0
	4
	5
	0
	6
	9
	0
	5
	9
	0
	9
	1
	2
	4
	1
	4
	0
	1
	9
	9
	0
	1
	9
	0
	1
	9
	5
	4
	0
	1
	9
	0
	9
	9
	0
	9
	1
	0
	9
	4
	4
	0
	4
	4
	9
	0
	9
	1
	0
	4
	1
	9
	0
	5
	9
	5
	0
	5
	4
	0
	1
	4
	4
	0
	4
	6
	9
	0
	4
	4
	0
	5
	4
	11
	0
	5
	4
	0
	4
	5
	0
	1
	9
	0
	1
	9
	1
	9
	1
	0
	5
	9
	9
	0
	9
	5
	0
	4
	5
	0
	5
	9
	9
	5
	0
	5
	9
	9
	9
	0
	9
	5
	9
	0
	5
	9
	5
	9
	5
	0
	5
	4
	0
	5
	9
	4
	1
	4
	5
	0
	5
	9
	0
	9
	3
	2
	9
	6
	0
	5
	9
	1
	0
	9
	6
	0
	9
	5
	0
	4
	4
	0
	4
	5
	0
	3
	4
	6
	0
	5
	4
	0
	1
	4
	0
	4
	4
	2
	4
	4
	1
	4
	0
	4
	4
	0
	5
	4
	0
	5
	4
	0
	4
	4
	2
	4
	1
	4
	4
	0
	4
	9
	0
	5
	9
	9
	9
	2
	9
	9
	0
	4
	4
	0
	4
	4
	0
	4
	4
	0
	4
	4
	9
	0
	4
	4
	0
	4
	4
	0
	4
	4
	9
	4
	4
	0
	4
	4
	9
	2
	4
	4
	3
	2
	9
	9
	0
	9
	9
	5
	4
	9
	3
	0
	5
	4
	9
	1
	4
	9
	0
	4
	4
	0
	9
	9
	0
	1
	9
	9
	9
	9
	2
	5
	9
	9
	9
	2
	9
	3
	0
	4
