Version identifier: 22.1.0.0 | 2022-03-09 | 1a383f8ce
CPXPARAM_Threads                                 1
CPXPARAM_MIP_Strategy_VariableSelect             3
CPXPARAM_TimeLimit                               599.999988035
1 of 1 MIP starts provided solutions.
MIP start 'm1' defined initial solution with objective 130.0000.
Tried aggregator 1 time.
MIP Presolve eliminated 413 rows and 2376 columns.
MIP Presolve modified 141 coefficients.
Reduced MIP has 2372 rows, 2772 columns, and 97310 nonzeros.
Reduced MIP has 2772 binaries, 0 generals, 0 SOSs, and 0 indicators.
Presolve time = 0.11 sec. (192.11 ticks)
Probing time = 0.01 sec. (13.71 ticks)
Tried aggregator 1 time.
Detecting symmetries...
MIP Presolve modified 8 coefficients.
Reduced MIP has 2372 rows, 2772 columns, and 97407 nonzeros.
Reduced MIP has 2772 binaries, 0 generals, 0 SOSs, and 0 indicators.
Presolve time = 0.08 sec. (141.73 ticks)
Probing time = 0.01 sec. (13.72 ticks)
Clique table members: 1658.
MIP emphasis: balance optimality and feasibility.
MIP search method: dynamic search.
Parallel mode: none, using 1 thread.
Root relaxation solution time = 0.06 sec. (79.96 ticks)

        Nodes                                         Cuts/
   Node  Left     Objective  IInf  Best Integer    Best Bound    ItCnt     Gap

*     0+    0                          130.0000    78606.0000              --- 
      0     0      396.0000    96      130.0000      396.0000      776  204.62%
*     0+    0                          396.0000      396.0000             0.00%
      0     0        cutoff            396.0000      396.0000      776    0.00%
Elapsed time = 0.49 sec. (686.15 ticks, tree = 0.01 MB, solutions = 2)

Root node processing (before b&c):
  Real time             =    0.49 sec. (686.65 ticks)
Sequential b&c:
  Real time             =    0.00 sec. (0.00 ticks)
                          ------------
Total (root+branch&cut) =    0.49 sec. (686.65 ticks)
Primal:	396
Dual:	396
Status:	Optimal
Time:	0.52
Sequence:
	9
	6
	9
	10
	4
	6
	9
	0
	9
	6
	9
	9
	9
	6
	9
	9
	10
	0
	9
	9
	6
	9
	9
	0
	6
	4
	0
	9
	6
	0
	9
	9
	6
	0
	9
	9
	6
	9
	9
	0
	6
	9
	9
	9
	6
	9
	9
	9
	6
	9
	9
	1
	4
	1
	9
	6
	0
	9
	4
	4
	0
	9
	9
	6
	4
	0
	9
	9
	9
	9
	9
	0
	6
	9
	0
	1
	9
	9
	0
	9
	9
	4
	9
	6
	9
	9
	9
	6
	9
	9
	9
	6
	9
	9
	0
	6
	9
	9
	0
	6
	4
	1
	4
	0
	6
	4
	0
	4
	9
	6
	0
	4
	4
	9
	1
	4
	0
	4
	1
	4
	0
	6
	4
	0
	4
	6
	0
	4
	4
	0
	4
	10
	4
	4
	10
	4
	0
	6
	4
	0
	4
	9
	6
	0
	1
	4
	4
	1
	0
	6
	4
	9
	9
	4
	6
	9
	0
	4
	6
	0
	4
	4
	0
	4
	4
	0
	4
	4
	0
	4
	4
	0
	9
	4
	4
	0
	4
	4
	0
	4
	4
	9
	1
	0
	4
	6
	0
	9
	9
	0
	9
	4
	0
	1
	9
	0
	9
	9
	6
	0
	9
	10
	9
	9
	9
	9
	0
	6
	9
	1
	0
	9
	9
	0
	9
	9
	0
	9
	9
	9
	0
	9
	9
	9
	0
	4
	4
	0
	4
	4
	9
	9
	6
	9
	9
	9
	9
	6
	9
	9
	1
	0
	4
	4
	9
	6
	9
	4
	4
	9
	4
	9
	6
	9
	0
	9
	1
	9
	6
	9
	1
	9
	6
	9
	0
	10
	4
	6
	0
	4
	4
	9
	10
	4
	0
	6
	4
	0
	4
	6
	0
	4
	4
	10
	0
	6
	4
	0
	4
	6
	0
	4
	4
	0
	6
	4
	1
	4
	0
	1
	4
	1
	4
	6
	0
	4
	4
	0
	6
	9
	4
	4
	0
	4
	6
	9
	4
	4
	9
	6
	4
	0
	1
	9
	1
	4
	1
	4
	4
	1
	4
	4
	1
	4
	4
	1
	4
	4
	9
	0
	4
	4
	1
	4
	0
	9
	9
	0
	9
	6
	0
	9
	9
	1
	9
	9
	9
	0
	9
	6
	9
	1
	0
	9
	6
	9
	9
	4
	6
	9
	0
	1
	4
	6
	0
	1
	9
	0
	9
	6
	9
	9
	9
	6
	9
	1
	9
	6
	9
	4
	9
	6
	4
	10
	4
	0
