Version identifier: 22.1.0.0 | 2022-03-09 | 1a383f8ce
CPXPARAM_Threads                                 1
CPXPARAM_MIP_Strategy_VariableSelect             3
CPXPARAM_TimeLimit                               599.99998874599999
1 of 1 MIP starts provided solutions.
MIP start 'm1' defined initial solution with objective 99.0000.
Tried aggregator 1 time.
MIP Presolve eliminated 18 rows and 492 columns.
MIP Presolve modified 192 coefficients.
Reduced MIP has 1717 rows, 2706 columns, and 52949 nonzeros.
Reduced MIP has 2706 binaries, 0 generals, 0 SOSs, and 0 indicators.
Presolve time = 0.07 sec. (114.62 ticks)
Probing time = 0.01 sec. (10.99 ticks)
Tried aggregator 1 time.
Detecting symmetries...
MIP Presolve modified 12 coefficients.
Reduced MIP has 1717 rows, 2706 columns, and 53132 nonzeros.
Reduced MIP has 2706 binaries, 0 generals, 0 SOSs, and 0 indicators.
Presolve time = 0.05 sec. (82.25 ticks)
Probing time = 0.01 sec. (11.01 ticks)
Clique table members: 1276.
MIP emphasis: balance optimality and feasibility.
MIP search method: dynamic search.
Parallel mode: none, using 1 thread.
Root relaxation solution time = 0.06 sec. (74.53 ticks)

        Nodes                                         Cuts/
   Node  Left     Objective  IInf  Best Integer    Best Bound    ItCnt     Gap

*     0+    0                           99.0000    30381.0000              --- 
      0     0      246.0000    51       99.0000      246.0000      872  148.48%
*     0+    0                          246.0000      246.0000             0.00%
      0     0        cutoff            246.0000      246.0000      872    0.00%
Elapsed time = 0.28 sec. (379.80 ticks, tree = 0.01 MB, solutions = 2)

Root node processing (before b&c):
  Real time             =    0.28 sec. (380.10 ticks)
Sequential b&c:
  Real time             =    0.00 sec. (0.00 ticks)
                          ------------
Total (root+branch&cut) =    0.28 sec. (380.10 ticks)
Primal:	246
Dual:	246
Status:	Optimal
Time:	0.29
Sequence:
	1
	0
	9
	3
	0
	9
	9
	0
	5
	9
	0
	9
	9
	9
	9
	9
	5
	0
	9
	5
	0
	9
	9
	0
	9
	9
	9
	9
	0
	9
	9
	0
	9
	9
	0
	9
	9
	5
	4
	0
	5
	9
	0
	5
	9
	0
	5
	9
	5
	0
	9
	5
	2
	4
	4
	9
	0
	11
	9
	5
	0
	1
	9
	3
	0
	4
	4
	0
	5
	9
	5
	0
	5
	9
	9
	0
	9
	4
	1
	4
	0
	9
	4
	11
	4
	0
	4
	6
	9
	0
	4
	1
	9
	0
	6
	9
	0
	9
	3
	0
	9
	1
	0
	9
	1
	0
	1
	9
	0
	11
	9
	1
	9
	1
	0
	9
	5
	0
	9
	9
	0
	9
	9
	0
	9
	1
	0
	9
	9
	9
	0
	11
	4
	9
	4
	0
	1
	9
	3
	8
	5
	9
	5
	0
	3
	9
	9
	0
	9
	9
	8
	9
	9
	0
	3
	9
	0
	6
	9
	9
	0
	9
	1
	0
	6
	9
	5
	0
	9
	5
	0
	9
	6
	0
	11
	9
	0
	9
	9
	9
	0
	9
	9
	0
	9
	4
	0
	4
	4
	0
	4
	5
	0
	5
	4
	1
	0
	5
	9
	5
	0
	5
	9
	9
	0
	1
	9
	5
	0
	5
	9
	0
	5
	9
	9
	9
	0
	9
	9
	0
	3
	9
	9
	9
	9
	0
	9
	9
	9
	0
	3
	9
	0
	1
	9
	0
	9
	9
	9
	0
	9
	1
	4
	5
	0
	5
