Version identifier: 22.1.0.0 | 2022-03-09 | 1a383f8ce
CPXPARAM_Threads                                 1
CPXPARAM_MIP_Strategy_VariableSelect             3
CPXPARAM_TimeLimit                               599.99995344499996
1 of 1 MIP starts provided solutions.
MIP start 'm1' defined initial solution with objective 267.0000.
Tried aggregator 1 time.
MIP Presolve eliminated 20 rows and 1576 columns.
MIP Presolve modified 146 coefficients.
Reduced MIP has 2751 rows, 3546 columns, and 105061 nonzeros.
Reduced MIP has 3546 binaries, 0 generals, 0 SOSs, and 0 indicators.
Presolve time = 0.12 sec. (205.60 ticks)
Probing time = 0.02 sec. (15.15 ticks)
Tried aggregator 1 time.
Detecting symmetries...
MIP Presolve modified 10 coefficients.
Reduced MIP has 2751 rows, 3546 columns, and 105173 nonzeros.
Reduced MIP has 3546 binaries, 0 generals, 0 SOSs, and 0 indicators.
Presolve time = 0.09 sec. (155.10 ticks)
Probing time = 0.01 sec. (15.16 ticks)
Clique table members: 2072.
MIP emphasis: balance optimality and feasibility.
MIP search method: dynamic search.
Parallel mode: none, using 1 thread.
Root relaxation solution time = 0.12 sec. (164.91 ticks)

        Nodes                                         Cuts/
   Node  Left     Objective  IInf  Best Integer    Best Bound    ItCnt     Gap

*     0+    0                          267.0000    77815.0000              --- 
      0     0      394.0000   157      267.0000      394.0000     1117   47.57%
*     0+    0                          394.0000      394.0000             0.00%
      0     0        cutoff            394.0000      394.0000     1117    0.00%
Elapsed time = 0.66 sec. (889.14 ticks, tree = 0.01 MB, solutions = 2)

Root node processing (before b&c):
  Real time             =    0.66 sec. (889.66 ticks)
Sequential b&c:
  Real time             =    0.00 sec. (0.00 ticks)
                          ------------
Total (root+branch&cut) =    0.66 sec. (889.66 ticks)
Primal:	394
Dual:	394
Status:	Optimal
Time:	0.68
Sequence:
	6
	9
	3
	0
	6
	9
	9
	1
	9
	6
	9
	9
	9
	6
	9
	9
	9
	6
	9
	5
	9
	9
	5
	0
	9
	6
	0
	9
	5
	0
	6
	9
	9
	9
	9
	5
	0
	5
	9
	5
	9
	5
	9
	9
	9
	9
	5
	9
	9
	9
	6
	9
	5
	9
	5
	0
	9
	5
	0
	5
	9
	5
	9
	5
	9
	0
	5
	9
	9
	9
	9
	0
	5
	9
	0
	9
	6
	9
	9
	9
	6
	9
	1
	9
	9
	5
	9
	9
	9
	6
	9
	9
	0
	6
	9
	0
	9
	6
	0
	5
	4
	1
	0
	6
	9
	5
	0
	4
	6
	0
	1
	4
	0
	6
	9
	0
	5
	4
	0
	6
	9
	0
	4
	1
	9
	6
	4
	1
	0
	6
	4
	1
	0
	6
	4
	0
	4
	1
	4
	6
	9
	3
	0
	6
	4
	1
	0
	9
	6
	0
	5
	9
	9
	6
	9
	5
	9
	6
	0
	1
	9
	9
	0
	6
	9
	0
	9
	6
	0
	9
	5
	9
	6
	9
	4
	5
	9
	4
	5
	0
	5
	9
	5
	0
	9
	6
	0
	5
	9
	6
	0
	9
	5
	0
	6
	9
	1
	0
	9
	6
	9
	9
	9
	6
	9
	9
	9
	0
	9
	9
	6
	9
	5
	0
	4
	6
	9
	4
	2
	4
	4
	0
	9
	9
	6
	0
	9
	9
	9
	4
	4
	9
	4
	4
	9
	4
	4
	1
	4
	4
	9
	4
	4
	9
	4
	4
	9
	6
	2
	4
	9
	4
	4
	1
	4
	4
	1
	4
	4
	0
	4
	4
	9
	4
	5
	0
	6
	9
	5
	0
	6
	4
	0
	5
	4
	2
	4
	3
	0
	5
	4
	9
	5
	0
	5
	4
	0
	4
	4
	0
	4
	4
	0
	4
	5
	0
	4
	4
	9
	4
	0
	1
	9
	5
	9
	9
	6
	9
	5
	0
	6
	9
	9
	1
	9
	6
	9
	0
	5
	9
	1
	0
	4
	6
	9
	9
	0
	9
	9
	1
	4
	5
	9
	9
	9
	9
	0
	9
	6
	4
	0
	9
	5
	0
	9
	6
	0
	1
	9
	9
	1
	9
	5
	0
	4
	1
	0
	1
	9
	1
	0
	1
	9
	1
	9
	1
	0
	1
	9
	9
	0
	6
	9
	0
	1
	4
	9
	1
	9
	9
	1
	9
	1
	9
	9
	1
	9
	1
	4
	0
	6
	9
	0
	5
