Version identifier: 22.1.0.0 | 2022-03-09 | 1a383f8ce
CPXPARAM_Threads                                 1
CPXPARAM_MIP_Strategy_VariableSelect             3
CPXPARAM_TimeLimit                               599.99998760100004
1 of 1 MIP starts provided solutions.
MIP start 'm1' defined initial solution with objective 75.0000.
Tried aggregator 1 time.
MIP Presolve eliminated 21 rows and 1115 columns.
MIP Presolve modified 198 coefficients.
Reduced MIP has 1553 rows, 1784 columns, and 39520 nonzeros.
Reduced MIP has 1784 binaries, 0 generals, 0 SOSs, and 0 indicators.
Presolve time = 0.08 sec. (89.86 ticks)
Probing time = 0.01 sec. (9.19 ticks)
Tried aggregator 1 time.
Detecting symmetries...
MIP Presolve modified 10 coefficients.
Reduced MIP has 1553 rows, 1784 columns, and 39675 nonzeros.
Reduced MIP has 1784 binaries, 0 generals, 0 SOSs, and 0 indicators.
Presolve time = 0.04 sec. (60.65 ticks)
Probing time = 0.01 sec. (9.20 ticks)
Clique table members: 1146.
MIP emphasis: balance optimality and feasibility.
MIP search method: dynamic search.
Parallel mode: none, using 1 thread.
Root relaxation solution time = 0.03 sec. (31.31 ticks)

        Nodes                                         Cuts/
   Node  Left     Objective  IInf  Best Integer    Best Bound    ItCnt     Gap

*     0+    0                           75.0000    24976.0000              --- 
      0     0      223.0000    12       75.0000      223.0000      500  197.33%
*     0+    0                          223.0000      223.0000             0.00%
      0     0        cutoff            223.0000      223.0000      500    0.00%
Elapsed time = 0.21 sec. (244.96 ticks, tree = 0.01 MB, solutions = 2)

Root node processing (before b&c):
  Real time             =    0.21 sec. (245.20 ticks)
Sequential b&c:
  Real time             =    0.00 sec. (0.00 ticks)
                          ------------
Total (root+branch&cut) =    0.21 sec. (245.20 ticks)
Primal:	223
Dual:	223
Status:	Optimal
Time:	0.25
Sequence:
	0
	1
	9
	0
	9
	6
	9
	5
	9
	6
	9
	5
	9
	0
	6
	9
	5
	0
	1
	9
	9
	5
	9
	6
	0
	9
	9
	0
	9
	5
	0
	5
	9
	9
	5
	9
	9
	0
	9
	1
	9
	5
	9
	1
	9
	1
	4
	9
	5
	9
	5
	9
	9
	5
	9
	4
	4
	1
	0
	5
	4
	0
	1
	4
	4
	0
	4
	1
	0
	4
	6
	9
	1
	0
	4
	6
	9
	4
	1
	0
	6
	4
	1
	4
	0
	6
	9
	4
	4
	9
	5
	9
	1
	9
	9
	4
	4
	1
	4
	1
	4
	4
	0
	9
	1
	0
	4
	6
	0
	1
	9
	0
	9
	9
	9
	4
	6
	9
	3
	4
	4
	1
	9
	9
	9
	1
	0
	1
	4
	4
	9
	4
	4
	9
	5
	9
	1
	9
	1
	0
	4
	3
	0
	6
	9
	1
	9
	4
	9
	5
	9
	5
	0
	9
	4
	4
	0
	1
	4
	4
	0
	4
	4
	0
	4
	4
	1
	4
	4
	1
	4
	9
	4
	1
	4
	1
	9
	9
	1
	9
	0
	4
	9
	9
	9
	1
	9
	9
	9
	0
	1
	9
	6
	9
	1
	0
	5
	9
	9
	9
	9
	4
	1
	9
	1
	9
	0
	1
	4
	0
	1
	9
	0
	4
	1
	0
	9
	6
	0
	9
	1
	0
	1
