Version identifier: 22.1.0.0 | 2022-03-09 | 1a383f8ce
CPXPARAM_Threads                                 1
CPXPARAM_MIP_Strategy_VariableSelect             3
CPXPARAM_TimeLimit                               599.999950152
1 of 1 MIP starts provided solutions.
MIP start 'm1' defined initial solution with objective 253.0000.
Tried aggregator 1 time.
MIP Presolve eliminated 17 rows and 380 columns.
MIP Presolve modified 151 coefficients.
Reduced MIP has 2656 rows, 4560 columns, and 110020 nonzeros.
Reduced MIP has 4560 binaries, 0 generals, 0 SOSs, and 0 indicators.
Presolve time = 0.13 sec. (212.85 ticks)
Probing time = 0.02 sec. (16.38 ticks)
Tried aggregator 1 time.
Detecting symmetries...
MIP Presolve modified 12 coefficients.
Reduced MIP has 2656 rows, 4560 columns, and 110164 nonzeros.
Reduced MIP has 4560 binaries, 0 generals, 0 SOSs, and 0 indicators.
Presolve time = 0.10 sec. (167.51 ticks)
Probing time = 0.02 sec. (16.39 ticks)
Clique table members: 2027.
MIP emphasis: balance optimality and feasibility.
MIP search method: dynamic search.
Parallel mode: none, using 1 thread.
Root relaxation solution time = 0.12 sec. (160.35 ticks)

        Nodes                                         Cuts/
   Node  Left     Objective  IInf  Best Integer    Best Bound    ItCnt     Gap

*     0+    0                          253.0000    72390.0000              --- 
      0     0      380.0000   128      253.0000      380.0000     1020   50.20%
*     0+    0                          380.0000      380.0000             0.00%
      0     0        cutoff            380.0000      380.0000     1020    0.00%
Elapsed time = 0.59 sec. (806.44 ticks, tree = 0.01 MB, solutions = 2)

Root node processing (before b&c):
  Real time             =    0.59 sec. (806.99 ticks)
Sequential b&c:
  Real time             =    0.00 sec. (0.00 ticks)
                          ------------
Total (root+branch&cut) =    0.59 sec. (806.99 ticks)
Primal:	380
Dual:	380
Status:	Optimal
Time:	0.61
Sequence:
	5
	2
	6
	9
	5
	9
	6
	9
	11
	9
	6
	2
	9
	10
	8
	9
	3
	8
	5
	9
	10
	9
	10
	9
	6
	9
	9
	5
	9
	5
	2
	6
	9
	9
	9
	11
	9
	9
	6
	9
	9
	9
	5
	9
	9
	6
	9
	10
	9
	6
	9
	5
	9
	5
	9
	10
	9
	9
	6
	9
	5
	9
	6
	9
	4
	5
	9
	6
	9
	9
	1
	9
	6
	9
	9
	11
	9
	2
	9
	1
	9
	5
	9
	9
	9
	9
	5
	9
	9
	4
	4
	9
	5
	4
	10
	9
	5
	9
	4
	5
	9
	5
	4
	9
	5
	9
	6
	2
	11
	4
	5
	0
	6
	9
	4
	5
	9
	5
	9
	6
	0
	5
	9
	5
	4
	0
	1
	9
	4
	1
	0
	9
	4
	2
	4
	9
	6
	4
	2
	4
	1
	4
	6
	0
	1
	9
	6
	9
	1
	4
	4
	11
	4
	4
	9
	9
	6
	9
	9
	9
	6
	2
	9
	5
	2
	9
	5
	4
	11
	4
	6
	9
	4
	2
	6
	4
	9
	5
	9
	5
	2
	11
	9
	5
	4
	9
	4
	5
	2
	5
	9
	11
	9
	8
	4
	9
	9
	5
	9
	1
	9
	9
	5
	0
	5
	9
	5
	9
	5
	9
	6
	9
	5
	9
	5
	0
	5
	9
	6
	2
	5
	9
	9
	5
	9
	1
	4
	6
	9
	5
	9
	11
	9
	5
	9
	5
	9
	5
	9
	5
	9
	5
	0
	5
	9
	5
	9
	5
	4
	1
	9
	6
	0
	5
	9
	6
	2
	5
	4
	9
	5
	4
	9
	5
	9
	9
	6
	0
	5
	4
	9
	5
	4
	9
	6
	0
	4
	9
	6
	9
	1
	4
	6
	9
	4
	5
	9
	5
	9
	6
	4
	11
	4
	4
	9
	4
	4
	11
	4
	4
	2
	5
	4
	9
	5
	4
	2
	5
	4
	9
	8
	6
	9
	9
	9
	5
	9
	5
	9
	5
	9
	9
	10
	9
	5
	9
	9
	9
	5
	9
	9
	11
	9
	5
	9
	9
	9
	1
	0
	1
	4
	6
	9
	1
	9
	1
	2
	4
	1
	9
	1
	9
	10
	9
	11
	4
	4
	9
	4
	4
	11
	4
	4
	9
	4
	4
	10
	4
	6
	9
	4
	4
	9
	4
	5
	9
	6
	2
	4
	5
