Version identifier: 22.1.0.0 | 2022-03-09 | 1a383f8ce
CPXPARAM_Threads                                 1
CPXPARAM_MIP_Strategy_VariableSelect             3
CPXPARAM_TimeLimit                               599.99996569699999
1 of 1 MIP starts provided solutions.
MIP start 'm1' defined initial solution with objective 215.0000.
Tried aggregator 1 time.
MIP Presolve eliminated 339 rows and 975 columns.
MIP Presolve modified 119 coefficients.
Reduced MIP has 1949 rows, 3250 columns, and 76162 nonzeros.
Reduced MIP has 3250 binaries, 0 generals, 0 SOSs, and 0 indicators.
Presolve time = 0.09 sec. (161.09 ticks)
Probing time = 0.01 sec. (13.38 ticks)
Tried aggregator 1 time.
Detecting symmetries...
MIP Presolve modified 78 coefficients.
Reduced MIP has 1949 rows, 3250 columns, and 76304 nonzeros.
Reduced MIP has 3250 binaries, 0 generals, 0 SOSs, and 0 indicators.
Presolve time = 0.07 sec. (126.51 ticks)
Probing time = 0.01 sec. (13.39 ticks)
Clique table members: 1384.
MIP emphasis: balance optimality and feasibility.
MIP search method: dynamic search.
Parallel mode: none, using 1 thread.
Root relaxation solution time = 0.03 sec. (45.91 ticks)

        Nodes                                         Cuts/
   Node  Left     Objective  IInf  Best Integer    Best Bound    ItCnt     Gap

*     0+    0                          215.0000    52975.0000              --- 
*     0     0      integral     0      325.0000      325.0000      526    0.00%
Elapsed time = 0.28 sec. (409.92 ticks, tree = 0.00 MB, solutions = 2)

Root node processing (before b&c):
  Real time             =    0.28 sec. (410.33 ticks)
Sequential b&c:
  Real time             =    0.00 sec. (0.00 ticks)
                          ------------
Total (root+branch&cut) =    0.28 sec. (410.33 ticks)
Primal:	325
Dual:	325
Status:	Optimal
Time:	0.3
Sequence:
	0
	4
	6
	9
	9
	9
	9
	4
	3
	0
	5
	4
	9
	9
	9
	9
	9
	9
	9
	9
	9
	4
	5
	0
	4
	4
	1
	4
	9
	4
	9
	4
	4
	9
	4
	9
	4
	4
	9
	9
	4
	6
	9
	9
	9
	9
	9
	9
	9
	9
	9
	9
	9
	1
	9
	9
	0
	4
	9
	4
	9
	9
	9
	9
	9
	9
	9
	4
	4
	9
	4
	9
	4
	9
	4
	4
	1
	4
	4
	9
	4
	9
	4
	4
	0
	1
	9
	4
	4
	0
	1
	4
	0
	1
	4
	4
	0
	4
	5
	0
	4
	4
	0
	1
	4
	1
	4
	4
	1
	4
	4
	1
	0
	4
	4
	1
	4
	2
	6
	9
	1
	0
	6
	4
	0
	1
	4
	1
	4
	0
	5
	4
	0
	4
	1
	4
	1
	4
	1
	4
	4
	1
	4
	4
	9
	4
	0
	1
	4
	4
	0
	4
	4
	0
	4
	4
	9
	4
	9
	4
	4
	9
	4
	4
	9
	4
	4
	0
	4
	4
	9
	4
	9
	4
	4
	9
	0
	4
	4
	0
	4
	9
	9
	1
	0
	4
	9
	6
	4
	9
	4
	9
	9
	9
	9
	9
	9
	9
	1
	0
	1
	9
	0
	4
	1
	4
	0
	9
	9
	0
	4
	6
	9
	8
	1
	9
	0
	4
	9
	5
	9
	9
	0
	9
	1
	4
	0
	5
	4
	0
	9
	9
	0
	9
	9
	0
	9
	9
	9
	0
	9
	9
	2
	9
	1
	8
	4
	9
	2
	4
	4
	2
	4
	4
	2
	4
	9
	9
	2
	4
	9
	9
	9
	2
	4
	9
	9
	6
	4
	9
	9
	9
	1
	2
	9
	1
	0
	9
	9
	9
	9
	9
	9
	1
	9
	9
	9
	9
	0
	1
	9
	0
	9
	9
	4
	0
	9
	9
	0
	1
	4
	0
	9
	9
	9
	9
	4
	9
	9
	9
	9
	9
	9
	9
	9
	0
	1
	9
	1
	9
	9
	9
	9
	0
	9
