Version identifier: 22.1.0.0 | 2022-03-09 | 1a383f8ce
CPXPARAM_Threads                                 1
CPXPARAM_MIP_Strategy_VariableSelect             3
CPXPARAM_TimeLimit                               599.99998874200003
1 of 1 MIP starts provided solutions.
MIP start 'm1' defined initial solution with objective 103.0000.
Tried aggregator 1 time.
MIP Presolve eliminated 18 rows and 458 columns.
MIP Presolve modified 201 coefficients.
Reduced MIP has 1598 rows, 2519 columns, and 47396 nonzeros.
Reduced MIP has 2519 binaries, 0 generals, 0 SOSs, and 0 indicators.
Presolve time = 0.08 sec. (100.75 ticks)
Probing time = 0.01 sec. (10.53 ticks)
Tried aggregator 1 time.
Detecting symmetries...
MIP Presolve modified 12 coefficients.
Reduced MIP has 1598 rows, 2519 columns, and 47588 nonzeros.
Reduced MIP has 2519 binaries, 0 generals, 0 SOSs, and 0 indicators.
Presolve time = 0.04 sec. (70.21 ticks)
Probing time = 0.01 sec. (10.54 ticks)
Clique table members: 1178.
MIP emphasis: balance optimality and feasibility.
MIP search method: dynamic search.
Parallel mode: none, using 1 thread.
Root relaxation solution time = 0.05 sec. (59.70 ticks)

        Nodes                                         Cuts/
   Node  Left     Objective  IInf  Best Integer    Best Bound    ItCnt     Gap

*     0+    0                          103.0000    26335.0000              --- 
      0     0      229.0000    73      103.0000      229.0000      751  122.33%
*     0+    0                          229.0000      229.0000             0.00%
      0     0        cutoff            229.0000      229.0000      751    0.00%
Elapsed time = 0.30 sec. (343.34 ticks, tree = 0.01 MB, solutions = 2)

Root node processing (before b&c):
  Real time             =    0.30 sec. (343.61 ticks)
Sequential b&c:
  Real time             =    0.00 sec. (0.00 ticks)
                          ------------
Total (root+branch&cut) =    0.30 sec. (343.61 ticks)
Primal:	229
Dual:	229
Status:	Optimal
Time:	0.33
Sequence:
	5
	0
	4
	6
	9
	11
	9
	6
	9
	9
	1
	9
	6
	9
	9
	11
	9
	9
	0
	6
	9
	5
	9
	6
	9
	9
	9
	6
	9
	1
	9
	6
	9
	9
	9
	6
	9
	11
	9
	6
	9
	9
	9
	6
	9
	11
	9
	6
	9
	9
	9
	6
	9
	9
	9
	6
	9
	9
	9
	6
	9
	4
	4
	0
	5
	4
	0
	4
	11
	9
	6
	4
	1
	4
	11
	4
	9
	4
	1
	0
	6
	4
	10
	0
	4
	11
	0
	6
	9
	1
	9
	6
	9
	9
	9
	6
	9
	9
	9
	6
	4
	11
	9
	6
	4
	10
	4
	6
	0
	1
	9
	6
	9
	9
	9
	4
	6
	9
	5
	9
	6
	9
	9
	9
	9
	11
	9
	6
	9
	9
	5
	9
	9
	5
	9
	6
	9
	5
	9
	9
	3
	9
	9
	6
	9
	5
	9
	5
	0
	5
	9
	3
	9
	4
	6
	0
	5
	9
	4
	0
	4
	5
	0
	4
	6
	9
	5
	9
	6
	9
	10
	9
	9
	6
	9
	9
	0
	6
	9
	9
	9
	9
	6
	9
	9
	9
	4
	2
	6
	9
	0
	9
	6
	2
	5
	9
	0
	6
	9
	9
	0
	6
	9
	2
	9
	6
	9
	1
	4
	4
	9
	4
	4
	9
	6
	4
	9
	4
	6
	9
	5
	4
	1
	4
	4
	11
	9
	6
	4
