Version identifier: 22.1.0.0 | 2022-03-09 | 1a383f8ce
CPXPARAM_Threads                                 1
CPXPARAM_MIP_Strategy_VariableSelect             3
CPXPARAM_TimeLimit                               599.99993821400005
1 of 1 MIP starts provided solutions.
MIP start 'm1' defined initial solution with objective 126.0000.
Tried aggregator 1 time.
MIP Presolve eliminated 17 rows and 205 columns.
MIP Presolve modified 229 coefficients.
Reduced MIP has 1431 rows, 2460 columns, and 44128 nonzeros.
Reduced MIP has 2460 binaries, 0 generals, 0 SOSs, and 0 indicators.
Presolve time = 0.08 sec. (89.25 ticks)
Probing time = 0.01 sec. (10.17 ticks)
Tried aggregator 1 time.
Detecting symmetries...
MIP Presolve modified 13 coefficients.
Reduced MIP has 1431 rows, 2460 columns, and 44357 nonzeros.
Reduced MIP has 2460 binaries, 0 generals, 0 SOSs, and 0 indicators.
Presolve time = 0.05 sec. (59.96 ticks)
Probing time = 0.01 sec. (10.19 ticks)
Clique table members: 1037.
MIP emphasis: balance optimality and feasibility.
MIP search method: dynamic search.
Parallel mode: none, using 1 thread.
Root relaxation solution time = 0.07 sec. (69.38 ticks)

        Nodes                                         Cuts/
   Node  Left     Objective  IInf  Best Integer    Best Bound    ItCnt     Gap

*     0+    0                          126.0000    21115.0000              --- 
      0     0      205.0000    68      126.0000      205.0000      905   62.70%
*     0+    0                          205.0000      205.0000             0.00%
      0     0        cutoff            205.0000      205.0000      905    0.00%
Elapsed time = 0.32 sec. (303.84 ticks, tree = 0.01 MB, solutions = 2)

Root node processing (before b&c):
  Real time             =    0.32 sec. (304.09 ticks)
Sequential b&c:
  Real time             =    0.00 sec. (0.00 ticks)
                          ------------
Total (root+branch&cut) =    0.32 sec. (304.09 ticks)
Primal:	205
Dual:	205
Status:	Optimal
Time:	0.33
Sequence:
	7
	9
	5
	9
	6
	9
	10
	9
	7
	9
	1
	4
	9
	1
	9
	9
	7
	9
	5
	9
	5
	9
	7
	9
	1
	4
	1
	9
	7
	9
	9
	9
	5
	9
	5
	0
	9
	5
	9
	5
	9
	5
	9
	5
	9
	1
	9
	1
	9
	9
	7
	9
	1
	4
	1
	0
	4
	6
	0
	4
	7
	0
	4
	1
	4
	4
	0
	4
	7
	0
	4
	4
	1
	4
	7
	9
	6
	0
	5
	9
	7
	9
	1
	9
	5
	9
	5
	9
	7
	9
	5
	8
	1
	4
	1
	4
	3
	0
	4
	5
	0
	1
	9
	1
	9
	7
	9
	1
	9
	1
	9
	9
	3
	0
	1
	9
	5
	9
	7
	0
	5
	9
	1
	9
	9
	7
	9
	1
	4
	5
	9
	7
	9
	5
	9
	8
	5
	9
	7
	0
	5
	4
	1
	0
	7
	9
	1
	9
	1
	0
	9
	7
	9
	1
	0
	9
	6
	9
	1
	9
	1
	0
	9
	1
	9
	9
	7
	9
	6
	9
	5
	0
	11
	4
	5
	9
	1
	4
	7
	9
	4
	4
	9
	4
	7
	0
	5
	4
	0
	4
	4
	3
	4
	5
	9
	5
	4
	1
	9
	5
	9
	5
	4
	3
	4
