Version identifier: 22.1.0.0 | 2022-03-09 | 1a383f8ce
CPXPARAM_Threads                                 1
CPXPARAM_MIP_Strategy_VariableSelect             3
CPXPARAM_TimeLimit                               599.99997061700003
1 of 1 MIP starts provided solutions.
MIP start 'm1' defined initial solution with objective 135.0000.
Tried aggregator 1 time.
MIP Presolve eliminated 642 rows and 844 columns.
MIP Presolve modified 40 coefficients.
Reduced MIP has 848 rows, 1899 columns, and 30863 nonzeros.
Reduced MIP has 1899 binaries, 0 generals, 0 SOSs, and 0 indicators.
Presolve time = 0.05 sec. (62.76 ticks)
Probing time = 0.01 sec. (7.64 ticks)
Tried aggregator 1 time.
Detecting symmetries...
MIP Presolve modified 8 coefficients.
Reduced MIP has 848 rows, 1899 columns, and 31019 nonzeros.
Reduced MIP has 1899 binaries, 0 generals, 0 SOSs, and 0 indicators.
Presolve time = 0.04 sec. (50.03 ticks)
Probing time = 0.01 sec. (7.66 ticks)
Clique table members: 736.
MIP emphasis: balance optimality and feasibility.
MIP search method: dynamic search.
Parallel mode: none, using 1 thread.
Root relaxation solution time = 0.02 sec. (21.04 ticks)

        Nodes                                         Cuts/
   Node  Left     Objective  IInf  Best Integer    Best Bound    ItCnt     Gap

*     0+    0                          135.0000    22366.0000              --- 
*     0     0      integral     0      211.0000      211.0000      403    0.00%
Elapsed time = 0.14 sec. (167.80 ticks, tree = 0.00 MB, solutions = 2)

Root node processing (before b&c):
  Real time             =    0.15 sec. (168.00 ticks)
Sequential b&c:
  Real time             =    0.00 sec. (0.00 ticks)
                          ------------
Total (root+branch&cut) =    0.15 sec. (168.00 ticks)
Primal:	211
Dual:	211
Status:	Optimal
Time:	0.16
Sequence:
	10
	2
	5
	9
	5
	9
	9
	9
	2
	10
	9
	10
	9
	9
	9
	9
	9
	9
	8
	9
	9
	9
	2
	9
	10
	9
	2
	9
	9
	4
	9
	5
	8
	9
	9
	8
	5
	9
	8
	9
	9
	9
	9
	9
	2
	9
	9
	2
	9
	10
	2
	9
	9
	2
	9
	4
	1
	8
	9
	1
	2
	1
	9
	5
	2
	9
	5
	8
	10
	9
	8
	1
	4
	5
	2
	5
	9
	8
	5
	9
	8
	1
	9
	2
	9
	9
	2
	10
	9
	8
	9
	4
	2
	4
	4
	2
	4
	4
	2
	4
	9
	4
	4
	2
	4
	4
	9
	4
	2
	9
	9
	9
	9
	4
	4
	1
	4
	9
	9
	5
	2
	5
	9
	5
	9
	5
	9
	2
	9
	5
	2
	5
	9
	10
	2
	10
	9
	10
	2
	5
	4
	10
	8
	9
	5
	4
	1
	8
	1
	4
	9
	2
	9
	9
	2
	9
	9
	2
	9
	1
	2
	9
	9
	2
	9
	9
	9
	9
	1
	9
	9
	1
	9
	9
	4
	9
	1
	2
	9
	9
	2
	9
	9
	9
	5
	9
	5
	2
	9
	9
	2
	1
	9
	2
	10
	9
	2
	9
	9
	2
	4
	9
	2
	4
	9
	2
	9
	9
	2
	3
	9
