Version identifier: 22.1.0.0 | 2022-03-09 | 1a383f8ce
CPXPARAM_Threads                                 1
CPXPARAM_MIP_Strategy_VariableSelect             3
CPXPARAM_TimeLimit                               599.99996429400005
1 of 1 MIP starts provided solutions.
MIP start 'm1' defined initial solution with objective 135.0000.
Tried aggregator 1 time.
MIP Presolve eliminated 19 rows and 594 columns.
MIP Presolve modified 221 coefficients.
Reduced MIP has 1380 rows, 1980 columns, and 36463 nonzeros.
Reduced MIP has 1980 binaries, 0 generals, 0 SOSs, and 0 indicators.
Presolve time = 0.06 sec. (78.66 ticks)
Probing time = 0.01 sec. (9.12 ticks)
Tried aggregator 1 time.
Detecting symmetries...
MIP Presolve modified 11 coefficients.
Reduced MIP has 1380 rows, 1980 columns, and 36654 nonzeros.
Reduced MIP has 1980 binaries, 0 generals, 0 SOSs, and 0 indicators.
Presolve time = 0.03 sec. (50.61 ticks)
Probing time = 0.01 sec. (9.14 ticks)
Clique table members: 1001.
MIP emphasis: balance optimality and feasibility.
MIP search method: dynamic search.
Parallel mode: none, using 1 thread.
Root relaxation solution time = 0.03 sec. (32.24 ticks)

        Nodes                                         Cuts/
   Node  Left     Objective  IInf  Best Integer    Best Bound    ItCnt     Gap

*     0+    0                          135.0000    19701.0000              --- 
      0     0      198.0000    44      135.0000      198.0000      547   46.67%
*     0+    0                          198.0000      198.0000             0.00%
      0     0        cutoff            198.0000      198.0000      547    0.00%
Elapsed time = 0.19 sec. (231.43 ticks, tree = 0.01 MB, solutions = 2)

Root node processing (before b&c):
  Real time             =    0.19 sec. (231.65 ticks)
Sequential b&c:
  Real time             =    0.00 sec. (0.00 ticks)
                          ------------
Total (root+branch&cut) =    0.19 sec. (231.65 ticks)
Primal:	198
Dual:	198
Status:	Optimal
Time:	0.2
Sequence:
	4
	6
	2
	4
	5
	0
	9
	9
	5
	0
	5
	9
	5
	9
	5
	9
	5
	0
	5
	9
	5
	9
	6
	4
	11
	0
	5
	9
	5
	9
	5
	0
	5
	9
	5
	0
	5
	9
	5
	9
	9
	0
	1
	9
	9
	9
	1
	9
	9
	9
	1
	9
	0
	5
	4
	11
	0
	4
	9
	0
	4
	11
	4
	0
	6
	4
	1
	9
	1
	4
	4
	1
	0
	1
	4
	1
	9
	0
	9
	9
	0
	9
	9
	5
	2
	9
	9
	1
	9
	9
	3
	0
	5
	9
	0
	9
	9
	0
	9
	9
	0
	4
	4
	9
	4
	4
	9
	4
	9
	4
	9
	0
	9
	4
	6
	0
	4
	4
	9
	1
	0
	6
	9
	3
	9
	5
	9
	0
	6
	9
	1
	0
	4
	6
	0
	4
	3
	0
	9
	9
	9
	0
	6
	9
	1
	0
	6
	9
	1
	9
	9
	6
	0
	9
	9
	1
	9
	6
	4
	2
	4
	9
	0
	9
	5
	9
	5
	0
	5
	9
	6
	0
	9
	4
	0
	5
	9
	6
	9
	5
	9
	9
	3
	4
	0
	5
	9
	9
	5
	9
	1
	0
	1
	9
	3
	9
	4
	0
