Version identifier: 22.1.0.0 | 2022-03-09 | 1a383f8ce
CPXPARAM_Threads                                 1
CPXPARAM_MIP_Strategy_VariableSelect             3
CPXPARAM_TimeLimit                               599.99995558299997
1 of 1 MIP starts provided solutions.
MIP start 'm1' defined initial solution with objective 280.0000.
Tried aggregator 1 time.
MIP Presolve eliminated 341 rows and 1296 columns.
MIP Presolve modified 153 coefficients.
Reduced MIP has 1940 rows, 2916 columns, and 75730 nonzeros.
Reduced MIP has 2916 binaries, 0 generals, 0 SOSs, and 0 indicators.
Presolve time = 0.11 sec. (153.01 ticks)
Probing time = 0.02 sec. (12.78 ticks)
Tried aggregator 1 time.
Detecting symmetries...
MIP Presolve modified 9 coefficients.
Reduced MIP has 1940 rows, 2916 columns, and 75856 nonzeros.
Reduced MIP has 2916 binaries, 0 generals, 0 SOSs, and 0 indicators.
Presolve time = 0.08 sec. (113.91 ticks)
Probing time = 0.02 sec. (12.79 ticks)
Clique table members: 1395.
MIP emphasis: balance optimality and feasibility.
MIP search method: dynamic search.
Parallel mode: none, using 1 thread.
Root relaxation solution time = 0.03 sec. (34.25 ticks)

        Nodes                                         Cuts/
   Node  Left     Objective  IInf  Best Integer    Best Bound    ItCnt     Gap

*     0+    0                          280.0000    52650.0000              --- 
*     0     0      integral     0      324.0000      324.0000      437    0.00%
Elapsed time = 0.31 sec. (376.00 ticks, tree = 0.00 MB, solutions = 2)

Root node processing (before b&c):
  Real time             =    0.31 sec. (376.40 ticks)
Sequential b&c:
  Real time             =    0.00 sec. (0.00 ticks)
                          ------------
Total (root+branch&cut) =    0.31 sec. (376.40 ticks)
Primal:	324
Dual:	324
Status:	Optimal
Time:	0.33
Sequence:
	9
	0
	3
	9
	5
	9
	9
	9
	9
	9
	9
	3
	9
	9
	9
	9
	9
	3
	9
	9
	9
	9
	9
	3
	9
	0
	9
	9
	9
	3
	9
	9
	9
	9
	9
	9
	9
	9
	9
	9
	9
	7
	9
	9
	9
	9
	9
	9
	9
	9
	9
	9
	9
	9
	9
	9
	9
	9
	9
	9
	9
	9
	9
	9
	9
	9
	9
	9
	9
	9
	9
	9
	9
	5
	4
	3
	9
	9
	9
	9
	1
	9
	4
	0
	9
	9
	0
	4
	4
	0
	9
	4
	1
	4
	0
	1
	9
	0
	4
	9
	0
	9
	7
	0
	1
	4
	0
	4
	1
	4
	1
	4
	0
	5
	9
	0
	1
	9
	1
	0
	3
	4
	0
	5
	9
	9
	4
	0
	4
	3
	9
	9
	4
	1
	0
	4
	9
	4
	9
	4
	1
	9
	9
	9
	9
	0
	9
	9
	5
	4
	9
	0
	4
	4
	0
	4
	9
	9
	9
	9
	0
	9
	9
	0
	9
	9
	9
	9
	1
	9
	9
	9
	9
	9
	9
	0
	9
	9
	9
	9
	9
	9
	9
	9
	9
	0
	9
	1
	9
	0
	9
	9
	9
	0
	4
	9
	0
	1
	9
	0
	9
	1
	0
	9
	1
	0
	9
	5
	0
	5
	9
	0
	9
	3
	0
	5
	9
	5
	0
	9
	9
	0
	9
	9
	0
	4
	4
	2
	4
	9
	4
	4
	0
	4
	3
	4
	0
	4
	4
	0
	4
	3
	0
	4
	4
	0
	9
	9
	0
	3
	9
	9
	0
	9
	9
	3
	9
	9
	9
	9
	9
	0
	9
	9
	9
	9
	9
	9
	9
	9
	1
	9
	9
	9
	9
	9
	9
	9
	0
	9
	9
	9
	9
	9
	9
	9
	9
	0
	9
	9
	9
	9
	9
	9
	9
	9
	0
	9
	9
	0
	9
	1
	9
	9
	9
	9
	9
	0
	9
	9
	9
	9
	9
	9
	0
	1
	9
	1
	0
	9
	9
	3
	0
	4
