Version identifier: 22.1.1.0 | 2022-11-28 | 9160aff4d
CPXPARAM_Threads                                 1
CPXPARAM_MIP_Strategy_VariableSelect             3
CPXPARAM_TimeLimit                               599.997774703
Tried aggregator 1 time.
MIP Presolve eliminated 19 rows and 1520 columns.
Reduced MIP has 2273 rows, 3040 columns, and 23048 nonzeros.
Reduced MIP has 3040 binaries, 0 generals, 0 SOSs, and 0 indicators.
Presolve time = 0.01 sec. (12.99 ticks)
Probing time = 0.00 sec. (2.74 ticks)
Tried aggregator 1 time.
Detecting symmetries...
Reduced MIP has 2273 rows, 3040 columns, and 23048 nonzeros.
Reduced MIP has 3040 binaries, 0 generals, 0 SOSs, and 0 indicators.
Presolve time = 0.01 sec. (14.28 ticks)
Probing time = 0.00 sec. (2.74 ticks)
Clique table members: 1510.
MIP emphasis: balance optimality and feasibility.
MIP search method: dynamic search.
Parallel mode: none, using 1 thread.
Root relaxation solution time = 0.02 sec. (26.71 ticks)

        Nodes                                         Cuts/
   Node  Left     Objective  IInf  Best Integer    Best Bound    ItCnt     Gap

      0     0        0.0000   165                      0.0000      597         
*     0+    0                            0.0000        0.0000             0.00%
      0     0        cutoff              0.0000        0.0000      597    0.00%
Elapsed time = 0.14 sec. (201.70 ticks, tree = 0.01 MB, solutions = 1)

Root node processing (before b&c):
  Real time             =    0.14 sec. (201.84 ticks)
Sequential b&c:
  Real time             =    0.00 sec. (0.00 ticks)
                          ------------
Total (root+branch&cut) =    0.14 sec. (201.84 ticks)
Primal:	380
Dual:	380
Status:	Optimal
Time:	0.154045
Sequence:
	9
	2
	9
	9
	9
	9
	6
	5
	9
	9
	6
	5
	9
	9
	4
	9
	9
	4
	9
	6
	9
	9
	9
	6
	9
	5
	9
	5
	9
	9
	6
	9
	2
	9
	9
	9
	6
	9
	9
	9
	4
	6
	9
	4
	9
	9
	9
	9
	9
	5
	9
	5
	4
	9
	9
	9
	5
	9
	6
	4
	9
	1
	6
	9
	9
	9
	1
	9
	6
	9
	9
	9
	2
	9
	9
	9
	9
	9
	9
	9
	1
	9
	6
	9
	9
	5
	9
	9
	9
	6
	5
	9
	9
	9
	9
	6
	2
	4
	9
	4
	4
	0
	4
	6
	9
	4
	0
	1
	1
	4
	6
	1
	2
	5
	6
	0
	4
	5
	0
	9
	5
	6
	0
	9
	9
	1
	0
	1
	4
	4
	0
	6
	4
	0
	9
	11
	5
	0
	9
	9
	0
	6
	4
	0
	1
	9
	6
	1
	9
	0
	6
	5
	9
	5
	9
	0
	9
	11
	0
	1
	9
	4
	1
	0
	9
	6
	4
	0
	5
	4
	11
	0
	4
	6
	0
	5
	9
	4
	0
	4
	5
	0
	4
	6
	0
	4
	5
	0
	6
	9
	4
	2
	1
	6
	0
	4
	5
	0
	6
	4
	2
	5
	6
	1
	4
	5
	0
	9
	5
	0
	4
	6
	0
	1
	4
	0
	4
	1
	6
	0
	9
	5
	0
	4
	6
	0
	9
	5
	6
	9
	9
	5
	11
	5
	2
	9
	6
	5
	0
	4
	4
	0
	4
	5
	0
	6
	9
	1
	0
	4
	6
	9
	4
	0
	5
	4
	0
	6
	4
	0
	4
	4
	9
	4
	6
	2
	4
	4
	0
	11
	6
	9
	4
	0
	6
	4
	0
	4
	9
	0
	6
	9
	0
	5
	1
	4
	0
	4
	4
	0
	11
	9
	0
	6
	9
	1
	4
	0
	6
	4
	1
	5
	6
	2
	4
	9
	0
	4
	6
	0
	5
	4
	0
	4
	9
	0
	5
	4
	0
	5
	6
	9
	1
	0
	6
	9
	0
	4
	5
	0
	6
	9
	1
	2
	9
	5
	6
	0
	9
	11
	0
	1
	4
	0
	1
	6
	4
	0
	4
	6
	1
	0
	4
	6
	0
	1
	4
	6
	0
	4
	11
	6
	9
	0
	4
	1
	4
	0
	6
	4
	1
	0
	6
	4
	0
	5
	6
	9
	0
	1
