Version identifier: 22.1.0.0 | 2022-03-09 | 1a383f8ce
CPXPARAM_Threads                                 1
CPXPARAM_MIP_Strategy_VariableSelect             3
CPXPARAM_TimeLimit                               599.99145837799995
Tried aggregator 1 time.
MIP Presolve eliminated 18 rows and 1191 columns.
MIP Presolve modified 3 coefficients.
Reduced MIP has 2773 rows, 3573 columns, and 32773 nonzeros.
Reduced MIP has 3573 binaries, 0 generals, 0 SOSs, and 0 indicators.
Presolve time = 0.03 sec. (19.57 ticks)
Found incumbent of value 0.000000 after 0.09 sec. (53.38 ticks)

Root node processing (before b&c):
  Real time             =    0.09 sec. (53.56 ticks)
Sequential b&c:
  Real time             =    0.00 sec. (0.00 ticks)
                          ------------
Total (root+branch&cut) =    0.09 sec. (53.56 ticks)
Primal:	397
Dual:	397
Status:	Optimal
Time:	0.139227
Sequence:
	0
	1
	9
	0
	5
	9
	0
	9
	6
	9
	5
	2
	9
	4
	4
	3
	0
	9
	6
	0
	9
	5
	9
	1
	4
	2
	5
	4
	0
	5
	9
	1
	2
	9
	4
	3
	9
	2
	5
	9
	2
	3
	4
	9
	9
	5
	4
	0
	4
	3
	0
	9
	4
	0
	4
	9
	5
	0
	9
	5
	0
	9
	1
	9
	9
	4
	2
	9
	9
	5
	2
	9
	4
	6
	0
	4
	9
	0
	6
	4
	1
	2
	9
	5
	0
	5
	9
	1
	9
	4
	9
	6
	0
	9
	9
	0
	4
	5
	9
	9
	5
	4
	3
	9
	0
	9
	5
	0
	4
	1
	4
	1
	0
	9
	5
	9
	1
	2
	1
	4
	3
	9
	9
	9
	0
	9
	6
	4
	0
	4
	5
	9
	5
	9
	4
	0
	4
	9
	4
	0
	4
	9
	1
	4
	9
	9
	4
	9
	6
	9
	9
	0
	4
	9
	6
	0
	4
	5
	0
	5
	4
	0
	5
	9
	6
	9
	3
	9
	9
	2
	9
	9
	0
	9
	9
	5
	9
	9
	1
	9
	9
	0
	9
	9
	5
	4
	0
	4
	5
	0
	5
	9
	5
	2
	9
	4
	5
	9
	0
	9
	9
	6
	0
	5
	9
	4
	0
	6
	4
	1
	4
	0
	9
	4
	5
	0
	5
	4
	9
	2
	5
	4
	9
	0
	9
	4
	4
	1
	2
	4
	11
	4
	9
	2
	4
	5
	9
	0
	5
	9
	2
	5
	4
	3
	9
	5
	2
	4
	4
	3
	4
	5
	2
	9
	1
	0
	9
	11
	4
	9
	4
	4
	9
	9
	4
	5
	9
	5
	4
	1
	0
	9
	1
	0
	9
	4
	5
	9
	4
	5
	9
	9
	0
	9
	4
	5
	2
	9
	5
	9
	3
	9
	2
	9
	4
	4
	9
	9
	2
	5
	4
	2
	4
	5
	0
	5
	9
	4
	9
	1
	9
	9
	4
	2
	4
	1
	0
	9
	9
	4
	4
	1
	0
	4
	9
	1
	0
	4
	5
	0
	1
	4
	5
	2
	4
	5
	9
	0
	9
	1
	4
	0
	5
	9
	4
	0
	5
	9
	2
	4
	1
	4
	5
	0
	1
	9
	0
	4
	3
	9
	2
	4
	5
	0
	1
	4
	4
	0
	4
	3
	4
	5
	9
	9
	4
	0
	9
	9
	3
	4
	1
	9
	0
	6
	9
	4
	4
	0
	4
	5
	9
	0
	5
	4
	9
	9
	0
