Version identifier: 22.1.1.0 | 2022-11-28 | 9160aff4d
CPXPARAM_Threads                                 1
CPXPARAM_MIP_Strategy_VariableSelect             3
CPXPARAM_TimeLimit                               599.99761785500004
Tried aggregator 1 time.
MIP Presolve eliminated 190 rows and 525 columns.
MIP Presolve modified 1 coefficients.
Reduced MIP has 872 rows, 1575 columns, and 11913 nonzeros.
Reduced MIP has 1575 binaries, 0 generals, 0 SOSs, and 0 indicators.
Presolve time = 0.01 sec. (6.58 ticks)
Probing time = 0.00 sec. (2.42 ticks)
Tried aggregator 1 time.
Detecting symmetries...
Reduced MIP has 872 rows, 1575 columns, and 11913 nonzeros.
Reduced MIP has 1575 binaries, 0 generals, 0 SOSs, and 0 indicators.
Presolve time = 0.01 sec. (7.27 ticks)
Probing time = 0.00 sec. (2.42 ticks)
Clique table members: 518.
MIP emphasis: balance optimality and feasibility.
MIP search method: dynamic search.
Parallel mode: none, using 1 thread.
Root relaxation solution time = 0.01 sec. (9.05 ticks)

        Nodes                                         Cuts/
   Node  Left     Objective  IInf  Best Integer    Best Bound    ItCnt     Gap

      0     0        0.0000   109                      0.0000      324         
*     0+    0                            0.0000        0.0000             0.00%
      0     0        cutoff              0.0000        0.0000      324    0.00%
Elapsed time = 0.12 sec. (70.53 ticks, tree = 0.01 MB, solutions = 1)

Root node processing (before b&c):
  Real time             =    0.12 sec. (70.60 ticks)
Sequential b&c:
  Real time             =    0.00 sec. (0.00 ticks)
                          ------------
Total (root+branch&cut) =    0.12 sec. (70.60 ticks)
Primal:	175
Dual:	175
Status:	Optimal
Time:	0.13415
Sequence:
	8
	1
	1
	4
	0
	4
	4
	9
	4
	0
	9
	5
	9
	9
	9
	9
	9
	0
	4
	9
	9
	9
	9
	0
	9
	9
	0
	9
	9
	0
	9
	9
	9
	0
	9
	9
	0
	9
	9
	0
	9
	9
	9
	9
	0
	9
	4
	9
	9
	0
	9
	9
	8
	9
	9
	9
	0
	9
	9
	9
	0
	9
	9
	0
	9
	9
	9
	9
	9
	9
	9
	0
	5
	9
	0
	9
	9
	9
	0
	4
	9
	9
	9
	9
	9
	9
	9
	9
	4
	9
	0
	1
	4
	5
	0
	4
	5
	11
	0
	4
	1
	0
	4
	11
	0
	4
	1
	0
	5
	9
	0
	10
	9
	5
	0
	3
	9
	1
	0
	4
	5
	0
	4
	5
	0
	9
	3
	5
	4
	0
	9
	1
	0
	4
	4
	1
	0
	5
	4
	0
	4
	3
	0
	4
	5
	0
	1
	4
	0
	5
	5
	9
	1
	0
	1
	9
	0
	1
	9
	0
	4
	3
	0
	5
	4
	0
	5
	9
	0
	1
	10
	8
	1
	1
	4
