Version identifier: 22.1.1.0 | 2022-11-28 | 9160aff4d
CPXPARAM_Threads                                 1
CPXPARAM_MIP_Strategy_VariableSelect             3
CPXPARAM_TimeLimit                               599.99777925599994
Tried aggregator 1 time.
MIP Presolve eliminated 20 rows and 1855 columns.
Reduced MIP has 2218 rows, 2597 columns, and 20650 nonzeros.
Reduced MIP has 2597 binaries, 0 generals, 0 SOSs, and 0 indicators.
Presolve time = 0.01 sec. (11.99 ticks)
Found incumbent of value 0.000000 after 0.03 sec. (35.16 ticks)

Root node processing (before b&c):
  Real time             =    0.03 sec. (35.32 ticks)
Sequential b&c:
  Real time             =    0.00 sec. (0.00 ticks)
                          ------------
Total (root+branch&cut) =    0.03 sec. (35.32 ticks)
Primal:	371
Dual:	371
Status:	Optimal
Time:	0.0446161
Sequence:
	9
	9
	4
	4
	9
	9
	5
	9
	4
	0
	9
	4
	4
	9
	0
	4
	9
	9
	5
	4
	11
	0
	4
	9
	9
	5
	9
	9
	9
	9
	5
	0
	4
	4
	9
	9
	9
	9
	9
	9
	9
	5
	4
	9
	4
	9
	9
	9
	4
	1
	9
	4
	5
	0
	9
	4
	9
	4
	4
	9
	9
	9
	9
	1
	4
	11
	4
	9
	9
	0
	9
	9
	4
	9
	9
	6
	9
	5
	4
	9
	4
	0
	5
	9
	4
	0
	9
	9
	4
	1
	9
	9
	9
	0
	5
	9
	0
	4
	9
	9
	5
	4
	9
	4
	9
	4
	9
	4
	0
	9
	9
	4
	0
	9
	1
	9
	5
	9
	6
	9
	4
	4
	0
	9
	9
	9
	0
	9
	4
	9
	9
	4
	9
	4
	9
	4
	4
	0
	4
	9
	4
	9
	9
	5
	4
	9
	0
	6
	9
	4
	9
	4
	0
	11
	9
	4
	9
	9
	4
	0
	4
	9
	4
	4
	9
	1
	9
	9
	0
	4
	9
	0
	4
	4
	9
	4
	6
	9
	9
	9
	9
	4
	11
	0
	9
	4
	9
	0
	1
	11
	9
	9
	1
	9
	9
	9
	0
	4
	9
	9
	0
	9
	9
	0
	9
	1
	9
	4
	5
	9
	4
	4
	0
	9
	5
	9
	4
	9
	5
	4
	9
	4
	4
	0
	9
	9
	9
	0
	5
	4
	9
	9
	9
	4
	4
	0
	4
	4
	0
	9
	9
	9
	9
	4
	9
	0
	9
	4
	9
	9
	9
	6
	0
	4
	9
	9
	0
	9
	9
	9
	9
	9
	6
	9
	0
	9
	4
	5
	9
	9
	4
	9
	4
	4
	9
	4
	9
	6
	9
	11
	1
	9
	0
	5
	4
	9
	4
	9
	4
	9
	4
	9
	4
	4
	9
	4
	9
	0
	6
	9
	9
	4
	6
	0
	4
	9
	9
	9
	4
	4
	9
	0
	4
	9
	9
	9
	9
	9
	0
	9
	9
	4
	9
	9
	9
	0
	6
	9
	9
	0
	9
	9
	9
	11
	9
	9
	9
	4
	9
	4
	4
	0
	4
	4
	9
	0
	9
	4
	4
	9
	4
	9
	11
	4
	5
	9
	4
	0
	9
	5
	4
	9
	9
	4
	4
	9
	9
	4
	9
	9
	4
