Version identifier: 22.1.1.0 | 2022-11-28 | 9160aff4d
CPXPARAM_Threads                                 1
CPXPARAM_MIP_Strategy_VariableSelect             3
CPXPARAM_TimeLimit                               599.99941854799999
Tried aggregator 1 time.
MIP Presolve eliminated 17 rows and 192 columns.
MIP Presolve modified 2 coefficients.
Reduced MIP has 571 rows, 960 columns, and 7044 nonzeros.
Reduced MIP has 960 binaries, 0 generals, 0 SOSs, and 0 indicators.
Presolve time = 0.00 sec. (3.90 ticks)
Probing time = 0.00 sec. (2.13 ticks)
Tried aggregator 1 time.
Detecting symmetries...
Reduced MIP has 571 rows, 960 columns, and 7044 nonzeros.
Reduced MIP has 960 binaries, 0 generals, 0 SOSs, and 0 indicators.
Presolve time = 0.00 sec. (4.42 ticks)
Probing time = 0.00 sec. (2.13 ticks)
Clique table members: 374.
MIP emphasis: balance optimality and feasibility.
MIP search method: dynamic search.
Parallel mode: none, using 1 thread.
Root relaxation solution time = 0.00 sec. (3.90 ticks)

        Nodes                                         Cuts/
   Node  Left     Objective  IInf  Best Integer    Best Bound    ItCnt     Gap

      0     0        0.0000    24                      0.0000      158         
*     0+    0                            0.0000        0.0000             0.00%
      0     0        cutoff              0.0000        0.0000      158    0.00%
Elapsed time = 0.04 sec. (53.38 ticks, tree = 0.01 MB, solutions = 1)

Root node processing (before b&c):
  Real time             =    0.04 sec. (53.42 ticks)
Sequential b&c:
  Real time             =    0.00 sec. (0.00 ticks)
                          ------------
Total (root+branch&cut) =    0.04 sec. (53.42 ticks)
Primal:	96
Dual:	96
Status:	Optimal
Time:	0.0458899
Sequence:
	1
	4
	1
	4
	2
	4
	9
	2
	4
	10
	4
	9
	9
	9
	9
	4
	8
	9
	6
	1
	4
	9
	9
	0
	10
	9
	9
	4
	4
	9
	9
	9
	4
	9
	4
	4
	9
	9
	0
	5
	5
	9
	6
	0
	10
	4
	0
	3
	6
	8
	10
	10
	0
	4
	5
	0
	4
	1
	0
	6
	4
	1
	4
	3
	0
	9
	6
	0
	5
	4
	1
	4
	0
	4
	4
	10
	8
	1
	1
	9
	4
	4
	1
	3
	0
	4
	6
	0
	4
	9
	4
	0
	4
	1
	1
	1
