Version identifier: 22.1.0.0 | 2022-03-09 | 1a383f8ce
CPXPARAM_Threads                                 1
CPXPARAM_MIP_Strategy_VariableSelect             3
CPXPARAM_TimeLimit                               599.99131102499996
Tried aggregator 1 time.
MIP Presolve eliminated 381 rows and 1095 columns.
Reduced MIP has 2186 rows, 3285 columns, and 30823 nonzeros.
Reduced MIP has 3285 binaries, 0 generals, 0 SOSs, and 0 indicators.
Presolve time = 0.03 sec. (17.01 ticks)
Probing time = 0.00 sec. (5.18 ticks)
Tried aggregator 1 time.
Detecting symmetries...
Reduced MIP has 2186 rows, 3285 columns, and 30823 nonzeros.
Reduced MIP has 3285 binaries, 0 generals, 0 SOSs, and 0 indicators.
Presolve time = 0.02 sec. (19.22 ticks)
Probing time = 0.00 sec. (5.18 ticks)
Clique table members: 1454.
MIP emphasis: balance optimality and feasibility.
MIP search method: dynamic search.
Parallel mode: none, using 1 thread.
Root relaxation solution time = 0.06 sec. (49.07 ticks)

        Nodes                                         Cuts/
   Node  Left     Objective  IInf  Best Integer    Best Bound    ItCnt     Gap

      0     0        0.0000   367                      0.0000      872         
*     0+    0                            0.0000        0.0000             0.00%
      0     0        cutoff              0.0000        0.0000      872    0.00%
Elapsed time = 0.39 sec. (309.04 ticks, tree = 0.01 MB, solutions = 1)

Root node processing (before b&c):
  Real time             =    0.39 sec. (309.18 ticks)
Sequential b&c:
  Real time             =    0.00 sec. (0.00 ticks)
                          ------------
Total (root+branch&cut) =    0.39 sec. (309.18 ticks)
Primal:	365
Dual:	365
Status:	Optimal
Time:	0.437958
Sequence:
	3
	9
	9
	9
	9
	9
	9
	3
	4
	9
	9
	5
	9
	7
	9
	5
	9
	9
	9
	7
	9
	9
	5
	9
	4
	7
	9
	9
	9
	9
	9
	7
	9
	9
	9
	9
	4
	7
	9
	9
	9
	9
	9
	9
	7
	9
	9
	9
	9
	9
	7
	9
	4
	9
	9
	9
	7
	9
	9
	9
	9
	9
	4
	7
	9
	9
	5
	9
	9
	1
	4
	7
	9
	9
	9
	5
	9
	9
	7
	9
	9
	5
	9
	5
	9
	9
	7
	9
	9
	9
	5
	4
	9
	7
	4
	9
	4
	4
	9
	9
	7
	4
	0
	4
	5
	0
	7
	4
	1
	9
	4
	0
	7
	4
	9
	9
	4
	0
	5
	4
	3
	0
	5
	9
	4
	1
	0
	7
	4
	0
	4
	5
	0
	7
	9
	4
	0
	4
	9
	7
	9
	0
	5
	9
	4
	7
	0
	1
	9
	4
	0
	7
	9
	4
	2
	5
	4
	0
	4
	7
	9
	4
	0
	5
	9
	4
	7
	0
	4
	9
	5
	0
	4
	5
	0
	7
	4
	0
	4
	4
	0
	4
	7
	9
	4
	0
	1
	4
	11
	0
	4
	5
	0
	4
	7
	9
	4
	1
	4
	0
	7
	9
	0
	1
	4
	0
	7
	4
	0
	4
	5
	9
	7
	0
	5
	4
	0
	4
	7
	9
	4
	4
	0
	4
	7
	9
	5
	9
	5
	4
	0
	4
	3
	4
	5
	9
	1
	0
	3
	4
	5
	0
	4
	5
	0
	7
	4
	1
	0
	9
	4
	0
	7
	4
	0
	4
	5
	0
	4
	7
	9
	0
	5
	4
	0
	7
	4
	0
	9
	9
	5
	0
	3
	4
	0
	1
	4
	1
	4
	7
	0
	5
	4
	0
	9
	7
	0
	1
	4
	5
	0
	7
	9
	4
	1
	4
	5
	9
	0
	7
	4
	0
	5
	4
	9
	7
	0
	5
	9
	0
	4
	7
	0
	4
	1
	0
	4
	7
	0
	4
	5
	9
	5
	0
	7
	4
	0
	5
	4
	0
	4
	7
	9
	4
	5
	0
	9
	3
	9
	9
	5
	0
	9
	7
	0
	5
	4
	0
	1
	4
	0
	7
	9
	5
	4
	9
	0
	7
	9
	0
	5
	4
	0
	7
	4
