Version identifier: 22.1.1.0 | 2022-11-28 | 9160aff4d
CPXPARAM_Threads                                 1
CPXPARAM_MIP_Strategy_VariableSelect             3
CPXPARAM_TimeLimit                               599.99762889900001
Tried aggregator 1 time.
MIP Presolve eliminated 16 rows and 402 columns.
Reduced MIP has 2408 rows, 4422 columns, and 35976 nonzeros.
Reduced MIP has 4422 binaries, 0 generals, 0 SOSs, and 0 indicators.
Presolve time = 0.01 sec. (17.84 ticks)
Probing time = 0.00 sec. (3.04 ticks)
Tried aggregator 1 time.
Detecting symmetries...
Reduced MIP has 2408 rows, 4422 columns, and 35976 nonzeros.
Reduced MIP has 4422 binaries, 0 generals, 0 SOSs, and 0 indicators.
Presolve time = 0.01 sec. (21.55 ticks)
Probing time = 0.00 sec. (3.04 ticks)
Clique table members: 1599.
MIP emphasis: balance optimality and feasibility.
MIP search method: dynamic search.
Parallel mode: none, using 1 thread.
Root relaxation solution time = 0.03 sec. (41.80 ticks)

        Nodes                                         Cuts/
   Node  Left     Objective  IInf  Best Integer    Best Bound    ItCnt     Gap

      0     0        0.0000   216                      0.0000      817         
*     0+    0                            0.0000        0.0000             0.00%
      0     0        cutoff              0.0000        0.0000      817    0.00%
Elapsed time = 0.21 sec. (285.26 ticks, tree = 0.01 MB, solutions = 1)

Root node processing (before b&c):
  Real time             =    0.21 sec. (285.41 ticks)
Sequential b&c:
  Real time             =    0.00 sec. (0.00 ticks)
                          ------------
Total (root+branch&cut) =    0.21 sec. (285.41 ticks)
Primal:	402
Dual:	402
Status:	Optimal
Time:	0.221988
Sequence:
	9
	9
	7
	9
	9
	9
	9
	5
	9
	7
	9
	9
	9
	9
	1
	5
	7
	9
	9
	5
	9
	9
	5
	9
	9
	5
	7
	9
	9
	9
	9
	9
	7
	5
	9
	9
	9
	9
	4
	9
	9
	9
	7
	5
	9
	9
	5
	9
	9
	1
	7
	9
	9
	9
	9
	9
	1
	7
	5
	9
	9
	1
	5
	9
	9
	5
	7
	9
	4
	9
	4
	9
	9
	9
	7
	9
	9
	5
	5
	9
	5
	1
	9
	0
	9
	5
	4
	9
	9
	7
	1
	9
	9
	9
	9
	9
	7
	9
	9
	9
	9
	0
	4
	6
	0
	9
	5
	7
	1
	4
	5
	10
	4
	0
	5
	5
	9
	7
	0
	9
	4
	1
	4
	5
	9
	9
	0
	7
	5
	9
	5
	4
	0
	1
	1
	4
	5
	3
	0
	4
	5
	2
	4
	7
	1
	0
	9
	1
	5
	9
	4
	10
	4
	0
	7
	9
	1
	5
	0
	4
	6
	0
	4
	7
	0
	4
	1
	1
	9
	7
	0
	4
	1
	1
	4
	6
	0
	4
	1
	5
	7
	9
	5
	1
	0
	9
	5
	9
	7
	4
	0
	9
	4
	6
	0
	7
	4
	1
	1
	0
	9
	7
	4
	1
	0
	5
	9
	3
	5
	5
	9
	2
	5
	6
	0
	4
	3
	1
	4
	4
	1
	9
	6
	1
	1
	2
	7
	6
	9
	0
	5
	9
	5
	10
	0
	4
	3
	5
	4
	10
	9
	0
	7
	1
	4
	0
	9
	1
	5
	1
	4
	5
	3
	4
	4
	9
	5
	5
	0
	4
	3
	5
	4
	9
	0
	4
	1
	0
	7
	4
	0
	9
	4
	5
	0
	7
	4
	1
	0
	10
	4
	7
	10
	4
	5
	9
	1
	7
	2
	4
	6
	0
	5
	4
	1
	5
	9
	7
	6
	0
	9
	1
	9
	7
	6
	0
	4
	5
	10
	9
	4
	7
	2
	5
	5
	9
	9
	0
	7
	10
	4
	5
	1
	5
	9
	5
	6
	3
	9
	5
	5
	0
	4
	6
	0
	4
	5
	0
	6
	9
	7
	1
	6
	4
	1
	5
	7
	9
	5
	0
	4
	5
	1
	5
	9
	5
	0
	5
	4
	0
	5
	3
	9
	6
	4
	1
	0
	9
	5
	7
	1
	4
	4
	10
	4
	9
	7
	0
	5
	9
	9
	5
	7
	0
	9
	4
	1
	4
	0
	7
	5
	9
	5
	1
	8
	7
	1
	4
	9
	5
	5
	3
