Version identifier: 22.1.1.0 | 2022-11-28 | 9160aff4d
CPXPARAM_Threads                                 1
CPXPARAM_MIP_Strategy_VariableSelect             3
CPXPARAM_TimeLimit                               599.99749440799997
Tried aggregator 1 time.
MIP Presolve eliminated 19 rows and 1460 columns.
Reduced MIP has 2183 rows, 2920 columns, and 22492 nonzeros.
Reduced MIP has 2920 binaries, 0 generals, 0 SOSs, and 0 indicators.
Presolve time = 0.01 sec. (12.46 ticks)
Probing time = 0.00 sec. (2.70 ticks)
Tried aggregator 1 time.
Detecting symmetries...
Reduced MIP has 2183 rows, 2920 columns, and 22492 nonzeros.
Reduced MIP has 2920 binaries, 0 generals, 0 SOSs, and 0 indicators.
Presolve time = 0.01 sec. (13.71 ticks)
Probing time = 0.00 sec. (2.70 ticks)
Clique table members: 1450.
MIP emphasis: balance optimality and feasibility.
MIP search method: dynamic search.
Parallel mode: none, using 1 thread.
Root relaxation solution time = 0.03 sec. (38.54 ticks)

        Nodes                                         Cuts/
   Node  Left     Objective  IInf  Best Integer    Best Bound    ItCnt     Gap

      0     0        0.0000   308                      0.0000      865         
*     0+    0                            0.0000        0.0000             0.00%
      0     0        cutoff              0.0000        0.0000      865    0.00%
Elapsed time = 0.20 sec. (296.67 ticks, tree = 0.01 MB, solutions = 1)

Root node processing (before b&c):
  Real time             =    0.20 sec. (296.80 ticks)
Sequential b&c:
  Real time             =    0.00 sec. (0.00 ticks)
                          ------------
Total (root+branch&cut) =    0.20 sec. (296.80 ticks)
Primal:	365
Dual:	365
Status:	Optimal
Time:	0.219858
Sequence:
	6
	0
	9
	1
	6
	5
	9
	5
	6
	10
	9
	9
	10
	6
	10
	9
	9
	6
	5
	9
	9
	6
	10
	9
	10
	10
	9
	10
	5
	6
	9
	5
	10
	6
	9
	9
	9
	6
	4
	9
	9
	9
	6
	10
	5
	9
	6
	5
	9
	1
	9
	9
	6
	1
	9
	9
	6
	9
	1
	9
	4
	1
	6
	10
	9
	9
	1
	5
	6
	9
	5
	9
	6
	5
	9
	1
	6
	9
	1
	9
	1
	6
	5
	9
	9
	9
	0
	6
	5
	9
	1
	6
	5
	9
	10
	9
	6
	5
	9
	5
	1
	4
	0
	6
	9
	5
	0
	6
	4
	11
	5
	0
	9
	6
	10
	11
	9
	0
	5
	6
	9
	1
	0
	9
	6
	4
	10
	5
	4
	0
	6
	4
	10
	0
	4
	5
	0
	6
	4
	0
	10
	10
	4
	6
	1
	10
	4
	1
	0
	6
	4
	0
	4
	6
	0
	5
	9
	6
	5
	1
	4
	6
	1
	4
	5
	1
	1
	9
	6
	1
	0
	9
	5
	1
	4
	6
	10
	0
	4
	10
	0
	6
	9
	0
	9
	1
	1
	6
	4
	0
	9
	10
	5
	4
	0
	9
	6
	5
	10
	4
	6
	0
	9
	1
	6
	10
	4
	10
	4
	6
	0
	9
	5
	6
	10
	4
	0
	1
	5
	9
	6
	9
	0
	10
	6
	4
	0
	10
	6
	4
	1
	5
	9
	6
	5
	10
	4
	6
	10
	4
	10
	6
	5
	9
	0
	6
	10
	4
	5
	0
	6
	4
	10
	5
	6
	9
	5
	10
	4
	6
	0
	5
	9
	6
	0
	10
	4
	6
	0
	5
	4
	0
	5
	6
	9
	5
	9
	1
	6
	5
	9
	5
	6
	10
	4
	5
	1
	4
	6
	1
	4
	5
	9
	6
	5
	9
	5
	5
	9
	6
	0
	10
	4
	6
	0
	5
	4
	9
	6
	0
	5
	9
	0
	6
	9
	0
	11
	5
	4
	0
	6
	4
	1
	10
	0
	4
	6
	9
	5
	0
	6
	9
	1
	4
	5
	9
	9
	10
	0
	4
	6
	1
	0
	9
	1
	6
	10
	4
	5
	9
	1
	0
	1
	4
	6
	0
	10
	9
	5
	6
	0
	9
	5
	0
	6
