Version identifier: 22.1.1.0 | 2022-11-28 | 9160aff4d
CPXPARAM_Threads                                 1
CPXPARAM_MIP_Strategy_VariableSelect             3
CPXPARAM_TimeLimit                               599.99702469800002
Tried aggregator 1 time.
MIP Presolve eliminated 235 rows and 660 columns.
MIP Presolve modified 1 coefficients.
Reduced MIP has 1097 rows, 1980 columns, and 15458 nonzeros.
Reduced MIP has 1980 binaries, 0 generals, 0 SOSs, and 0 indicators.
Presolve time = 0.02 sec. (8.45 ticks)
Found incumbent of value 0.000000 after 0.05 sec. (25.36 ticks)

Root node processing (before b&c):
  Real time             =    0.05 sec. (25.46 ticks)
Sequential b&c:
  Real time             =    0.00 sec. (0.00 ticks)
                          ------------
Total (root+branch&cut) =    0.05 sec. (25.46 ticks)
Primal:	220
Dual:	220
Status:	Optimal
Time:	0.0683338
Sequence:
	9
	9
	2
	3
	4
	0
	1
	9
	9
	8
	7
	1
	9
	4
	5
	0
	9
	1
	9
	4
	5
	2
	7
	5
	9
	9
	9
	4
	8
	1
	4
	3
	0
	5
	9
	0
	9
	9
	4
	4
	1
	5
	9
	0
	9
	7
	9
	5
	4
	1
	1
	9
	5
	9
	5
	9
	0
	9
	4
	3
	4
	4
	9
	0
	1
	5
	9
	4
	4
	1
	4
	1
	8
	5
	9
	1
	5
	7
	9
	9
	9
	4
	9
	1
	4
	4
	9
	7
	1
	9
	9
	1
	4
	9
	7
	1
	9
	4
	9
	5
	5
	9
	4
	9
	7
	9
	4
	9
	1
	9
	9
	5
	5
	1
	4
	9
	7
	5
	9
	9
	5
	5
	9
	1
	9
	1
	9
	4
	9
	4
	1
	7
	9
	4
	9
	5
	4
	0
	7
	9
	9
	4
	5
	9
	4
	4
	9
	7
	4
	9
	4
	9
	5
	2
	4
	7
	1
	9
	4
	1
	0
	1
	9
	1
	0
	4
	1
	5
	7
	9
	9
	9
	1
	8
	9
	9
	1
	3
	9
	4
	4
	9
	4
	1
	1
	8
	5
	9
	9
	9
	4
	7
	9
	1
	9
	1
	9
	7
	1
	4
	9
	4
	5
	9
	9
	7
	0
	4
	9
	9
	9
	0
	9
	9
	4
	3
	4
	9
	4
	9
