Version identifier: 22.1.0.0 | 2022-03-09 | 1a383f8ce
CPXPARAM_Threads                                 1
CPXPARAM_MIP_Strategy_VariableSelect             3
CPXPARAM_TimeLimit                               599.998583962
Found incumbent of value 0.000000 after 0.00 sec. (0.18 ticks)

Root node processing (before b&c):
  Real time             =    0.00 sec. (0.20 ticks)
Sequential b&c:
  Real time             =    0.00 sec. (0.00 ticks)
                          ------------
Total (root+branch&cut) =    0.00 sec. (0.20 ticks)
Primal:	110
Dual:	110
Status:	Optimal
Time:	0.00999355
Sequence:
	0
	4
	4
	0
	4
	4
	0
	4
	4
	0
	4
	5
	0
	5
	9
	0
	5
	9
	0
	6
	9
	0
	9
	6
	0
	9
	9
	0
	6
	9
	0
	9
	6
	0
	9
	9
	0
	6
	9
	0
	9
	6
	0
	9
	9
	0
	6
	9
	0
	9
	6
	0
	9
	9
	0
	9
	9
	0
	9
	9
	0
	9
	9
	0
	9
	9
	2
	9
	9
	2
	9
	9
	2
	9
	9
	2
	9
	9
	2
	9
	9
	8
	9
	9
	9
	9
	9
	9
	9
	9
	9
	9
	9
	9
	9
	9
	9
	9
	9
	9
	9
	9
	9
	9
	9
	9
	9
	9
	9
	9
