Version identifier: 22.1.1.0 | 2022-11-28 | 9160aff4d
CPXPARAM_Threads                                 1
CPXPARAM_MIP_Strategy_VariableSelect             3
CPXPARAM_TimeLimit                               599.99814204500001
Tried aggregator 1 time.
MIP Presolve eliminated 333 rows and 954 columns.
Reduced MIP has 1587 rows, 2862 columns, and 20832 nonzeros.
Reduced MIP has 2862 binaries, 0 generals, 0 SOSs, and 0 indicators.
Presolve time = 0.01 sec. (11.39 ticks)
Probing time = 0.00 sec. (2.73 ticks)
Tried aggregator 1 time.
Detecting symmetries...
Reduced MIP has 1587 rows, 2862 columns, and 20832 nonzeros.
Reduced MIP has 2862 binaries, 0 generals, 0 SOSs, and 0 indicators.
Presolve time = 0.01 sec. (12.60 ticks)
Probing time = 0.00 sec. (2.73 ticks)
Clique table members: 947.
MIP emphasis: balance optimality and feasibility.
MIP search method: dynamic search.
Parallel mode: none, using 1 thread.
Root relaxation solution time = 0.01 sec. (16.11 ticks)

        Nodes                                         Cuts/
   Node  Left     Objective  IInf  Best Integer    Best Bound    ItCnt     Gap

      0     0        0.0000    44                      0.0000      376         
*     0+    0                            0.0000        0.0000             0.00%
      0     0        cutoff              0.0000        0.0000      376    0.00%
Elapsed time = 0.08 sec. (121.75 ticks, tree = 0.01 MB, solutions = 1)

Root node processing (before b&c):
  Real time             =    0.08 sec. (121.86 ticks)
Sequential b&c:
  Real time             =    0.00 sec. (0.00 ticks)
                          ------------
Total (root+branch&cut) =    0.08 sec. (121.86 ticks)
Primal:	318
Dual:	318
Status:	Optimal
Time:	0.0972785
Sequence:
	9
	2
	9
	9
	2
	4
	9
	4
	9
	9
	9
	9
	9
	9
	9
	9
	9
	9
	9
	9
	5
	9
	9
	9
	9
	9
	9
	9
	9
	4
	9
	9
	2
	9
	9
	9
	9
	9
	9
	9
	9
	9
	9
	9
	9
	4
	4
	9
	9
	9
	9
	4
	9
	9
	9
	4
	4
	9
	4
	9
	9
	2
	9
	9
	9
	9
	4
	4
	9
	5
	4
	9
	4
	4
	9
	9
	9
	9
	4
	9
	9
	4
	9
	4
	9
	9
	4
	9
	9
	9
	9
	9
	9
	9
	9
	9
	9
	9
	9
	5
	0
	5
	4
	1
	0
	5
	4
	2
	1
	1
	4
	5
	0
	4
	9
	0
	5
	4
	0
	4
	9
	1
	0
	5
	4
	1
	5
	1
	4
	0
	4
	4
	0
	4
	1
	4
	5
	0
	4
	5
	0
	9
	1
	0
	9
	9
	1
	0
	4
	4
	0
	5
	9
	5
	4
	0
	5
	10
	2
	1
	3
	0
	9
	4
	0
	9
	1
	9
	0
	5
	4
	0
	4
	1
	0
	4
	3
	9
	4
	4
	0
	9
	5
	0
	5
	4
	1
	0
	5
	4
	0
	5
	1
	4
	0
	4
	9
	4
	0
	5
	10
	9
	0
	5
	9
	0
	9
	5
	4
	0
	5
	4
	0
	4
	9
	0
	4
	1
	0
	9
	1
	0
	4
	1
	4
	2
	4
	9
	0
	9
	4
	0
	4
	4
	9
	4
	0
	4
	4
	0
	5
	4
	9
	1
	4
	5
	0
	1
	4
	9
	0
	4
	3
	2
	5
	5
	0
	9
	5
	9
	9
	0
	9
	9
	0
	4
	5
	0
	5
	4
	0
	4
	9
	10
	0
	1
	4
	5
	9
	0
	11
	9
	4
	2
	4
	4
	1
	0
	9
	5
	4
	9
	5
	0
	4
	1
	0
	4
	9
	4
	0
	9
	4
	0
	4
	9
	5
	1
	5
	2
	5
	9
	2
	11
	1
	0
	4
	4
