Version identifier: 22.1.0.0 | 2022-03-09 | 1a383f8ce
CPXPARAM_Threads                                 1
CPXPARAM_MIP_Strategy_VariableSelect             3
CPXPARAM_TimeLimit                               599.99810912600003
Found incumbent of value 0.000000 after 0.00 sec. (0.25 ticks)

Root node processing (before b&c):
  Real time             =    0.00 sec. (0.28 ticks)
Sequential b&c:
  Real time             =    0.00 sec. (0.00 ticks)
                          ------------
Total (root+branch&cut) =    0.00 sec. (0.28 ticks)
Version identifier: 22.1.0.0 | 2022-03-09 | 1a383f8ce
CPXPARAM_Threads                                 1
CPXPARAM_MIP_Strategy_VariableSelect             3
CPXPARAM_TimeLimit                               599.98532781999995
Found incumbent of value 0.000000 after 0.00 sec. (0.45 ticks)

Root node processing (before b&c):
  Real time             =    0.00 sec. (0.50 ticks)
Sequential b&c:
  Real time             =    0.00 sec. (0.00 ticks)
                          ------------
Total (root+branch&cut) =    0.00 sec. (0.50 ticks)
Version identifier: 22.1.0.0 | 2022-03-09 | 1a383f8ce
CPXPARAM_Threads                                 1
CPXPARAM_MIP_Strategy_VariableSelect             3
CPXPARAM_TimeLimit                               599.96830538899997
Found incumbent of value 0.000000 after 0.00 sec. (0.52 ticks)

Root node processing (before b&c):
  Real time             =    0.00 sec. (0.58 ticks)
Sequential b&c:
  Real time             =    0.00 sec. (0.00 ticks)
                          ------------
Total (root+branch&cut) =    0.00 sec. (0.58 ticks)
Version identifier: 22.1.0.0 | 2022-03-09 | 1a383f8ce
CPXPARAM_Threads                                 1
CPXPARAM_MIP_Strategy_VariableSelect             3
CPXPARAM_TimeLimit                               599.94869290400004
Tried aggregator 1 time.
MIP Presolve eliminated 345 rows and 993 columns.
Reduced MIP has 1984 rows, 2979 columns, and 23379 nonzeros.
Reduced MIP has 2979 binaries, 0 generals, 0 SOSs, and 0 indicators.
Presolve time = 0.02 sec. (12.91 ticks)
Found incumbent of value 0.000000 after 0.05 sec. (36.11 ticks)

Root node processing (before b&c):
  Real time             =    0.05 sec. (36.26 ticks)
Sequential b&c:
  Real time             =    0.00 sec. (0.00 ticks)
                          ------------
Total (root+branch&cut) =    0.05 sec. (36.26 ticks)
Version identifier: 22.1.0.0 | 2022-03-09 | 1a383f8ce
CPXPARAM_Threads                                 1
CPXPARAM_MIP_Strategy_VariableSelect             3
CPXPARAM_TimeLimit                               599.878716478
Tried aggregator 1 time.
MIP Presolve eliminated 356 rows and 1026 columns.
Reduced MIP has 2050 rows, 3078 columns, and 24160 nonzeros.
Reduced MIP has 3078 binaries, 0 generals, 0 SOSs, and 0 indicators.
Presolve time = 0.02 sec. (13.35 ticks)
Found incumbent of value 0.000000 after 0.05 sec. (38.37 ticks)

Root node processing (before b&c):
  Real time             =    0.05 sec. (38.52 ticks)
Sequential b&c:
  Real time             =    0.00 sec. (0.00 ticks)
                          ------------
Total (root+branch&cut) =    0.05 sec. (38.52 ticks)
Version identifier: 22.1.0.0 | 2022-03-09 | 1a383f8ce
CPXPARAM_Threads                                 1
CPXPARAM_MIP_Strategy_VariableSelect             3
CPXPARAM_TimeLimit                               599.80519530900006
Tried aggregator 1 time.
MIP Presolve eliminated 362 rows and 1044 columns.
Reduced MIP has 2086 rows, 3132 columns, and 24586 nonzeros.
Reduced MIP has 3132 binaries, 0 generals, 0 SOSs, and 0 indicators.
Presolve time = 0.02 sec. (13.58 ticks)
Found incumbent of value 0.000000 after 0.06 sec. (40.93 ticks)

Root node processing (before b&c):
  Real time             =    0.06 sec. (41.09 ticks)
Sequential b&c:
  Real time             =    0.00 sec. (0.00 ticks)
                          ------------
Total (root+branch&cut) =    0.06 sec. (41.09 ticks)
Version identifier: 22.1.0.0 | 2022-03-09 | 1a383f8ce
CPXPARAM_Threads                                 1
CPXPARAM_MIP_Strategy_VariableSelect             3
CPXPARAM_TimeLimit                               599.72675071900005
Tried aggregator 1 time.
MIP Presolve eliminated 365 rows and 1053 columns.
Reduced MIP has 2104 rows, 3159 columns, and 24799 nonzeros.
Reduced MIP has 3159 binaries, 0 generals, 0 SOSs, and 0 indicators.
Presolve time = 0.02 sec. (13.69 ticks)
Found incumbent of value 0.000000 after 0.05 sec. (38.90 ticks)

Root node processing (before b&c):
  Real time             =    0.05 sec. (39.06 ticks)
Sequential b&c:
  Real time             =    0.00 sec. (0.00 ticks)
                          ------------
Total (root+branch&cut) =    0.05 sec. (39.06 ticks)
Version identifier: 22.1.0.0 | 2022-03-09 | 1a383f8ce
CPXPARAM_Threads                                 1
CPXPARAM_MIP_Strategy_VariableSelect             3
CPXPARAM_TimeLimit                               599.653183743
Tried aggregator 1 time.
MIP Presolve eliminated 366 rows and 1056 columns.
Reduced MIP has 2110 rows, 3168 columns, and 24870 nonzeros.
Reduced MIP has 3168 binaries, 0 generals, 0 SOSs, and 0 indicators.
Presolve time = 0.02 sec. (13.73 ticks)
Found incumbent of value 0.000000 after 0.05 sec. (37.92 ticks)

Root node processing (before b&c):
  Real time             =    0.05 sec. (38.08 ticks)
Sequential b&c:
  Real time             =    0.00 sec. (0.00 ticks)
                          ------------
Total (root+branch&cut) =    0.05 sec. (38.08 ticks)
Version identifier: 22.1.0.0 | 2022-03-09 | 1a383f8ce
CPXPARAM_Threads                                 1
CPXPARAM_MIP_Strategy_VariableSelect             3
CPXPARAM_TimeLimit                               599.58129445400004
Tried aggregator 1 time.
MIP Presolve eliminated 367 rows and 1059 columns.
Reduced MIP has 2116 rows, 3177 columns, and 24941 nonzeros.
Reduced MIP has 3177 binaries, 0 generals, 0 SOSs, and 0 indicators.
Presolve time = 0.02 sec. (13.76 ticks)
Found incumbent of value 0.000000 after 0.05 sec. (38.77 ticks)

Root node processing (before b&c):
  Real time             =    0.05 sec. (38.93 ticks)
Sequential b&c:
  Real time             =    0.00 sec. (0.00 ticks)
                          ------------
Total (root+branch&cut) =    0.05 sec. (38.93 ticks)
Primal:	353
Dual:	353
Status:	Optimal
Time:	0.488241
Sequence:
	9
	4
	9
	0
	1
	9
	4
	1
	4
	4
	9
	1
	4
	9
	0
	1
	9
	9
	5
	4
	10
	4
	10
	0
	6
	9
	9
	0
	10
	9
	9
	0
	9
	10
	4
	4
	0
	4
	10
	0
	4
	9
	0
	9
	4
	5
	0
	4
	1
	0
	10
	4
	9
	0
	10
	4
	6
	9
	4
	4
	9
	10
	9
	4
	5
	0
	1
	4
	1
	9
	1
	4
	10
	9
	1
	0
	5
	9
	6
	0
	4
	9
	4
	9
	4
	9
	9
	0
	9
	1
	4
	1
	4
	1
	9
	10
	0
	10
	9
	1
	4
	6
	9
	4
	0
	9
	10
	0
	9
	6
	4
	9
	0
	9
	5
	4
	9
	9
	1
	0
	4
	4
	0
	9
	10
	4
	0
	5
	9
	9
	0
	1
	4
	4
	10
	0
	10
	4
	0
	1
	9
	1
	9
	6
	4
	1
	0
	10
	9
	9
	5
	8
	9
	9
	4
	9
	0
	10
	9
	1
	0
	9
	9
	9
	0
	6
	9
	4
	9
	10
	9
	4
	4
	1
	0
	5
	9
	9
	10
	9
	6
	4
	9
	4
	6
	0
	10
	4
	9
	10
	4
	9
	5
	0
	4
	9
	1
	4
	9
	4
	4
	9
	9
	5
	0
	1
	4
	10
	0
	5
	4
	0
	10
	9
	0
	9
	1
	4
	10
	9
	9
	10
	0
	9
	5
	4
	1
	0
	9
	4
	0
	4
	1
	9
	10
	4
	6
	0
	9
	9
	0
	4
	9
	4
	9
	9
	4
	0
	9
	9
	0
	6
	4
	9
	10
	9
	5
	2
	4
	9
	9
	0
	9
	5
	0
	1
	9
	9
	0
	1
	4
	9
	4
	0
	4
	9
	9
	4
	6
	9
	1
	4
	4
	10
	4
	5
	0
	9
	6
	4
	9
	9
	0
	4
	9
	9
	4
	1
	0
	9
	1
	0
	9
	9
	0
	1
	4
	10
	0
	10
	4
	4
	10
	0
	4
	1
	9
	6
	0
	9
	10
	4
	0
	9
	1
	9
	9
	9
	0
	10
	9
	4
	10
	4
	1
	0
	10
	9
	5
	9
	10
	4
	0
	5
	4
	0
	4
	1
	9
	10
	0
	1
	4
