Version identifier: 22.1.0.0 | 2022-03-09 | 1a383f8ce
CPXPARAM_Threads                                 1
CPXPARAM_MIP_Strategy_VariableSelect             3
CPXPARAM_TimeLimit                               599.997514669
Found incumbent of value 0.000000 after 0.00 sec. (0.15 ticks)

Root node processing (before b&c):
  Real time             =    0.00 sec. (0.17 ticks)
Sequential b&c:
  Real time             =    0.00 sec. (0.00 ticks)
                          ------------
Total (root+branch&cut) =    0.00 sec. (0.17 ticks)
Version identifier: 22.1.0.0 | 2022-03-09 | 1a383f8ce
CPXPARAM_Threads                                 1
CPXPARAM_MIP_Strategy_VariableSelect             3
CPXPARAM_TimeLimit                               599.97999554099999
Found incumbent of value 0.000000 after 0.00 sec. (0.29 ticks)

Root node processing (before b&c):
  Real time             =    0.00 sec. (0.33 ticks)
Sequential b&c:
  Real time             =    0.00 sec. (0.00 ticks)
                          ------------
Total (root+branch&cut) =    0.00 sec. (0.33 ticks)
Version identifier: 22.1.0.0 | 2022-03-09 | 1a383f8ce
CPXPARAM_Threads                                 1
CPXPARAM_MIP_Strategy_VariableSelect             3
CPXPARAM_TimeLimit                               599.95941029799997
Found incumbent of value 0.000000 after 0.00 sec. (0.33 ticks)

Root node processing (before b&c):
  Real time             =    0.00 sec. (0.38 ticks)
Sequential b&c:
  Real time             =    0.00 sec. (0.00 ticks)
                          ------------
Total (root+branch&cut) =    0.00 sec. (0.38 ticks)
Version identifier: 22.1.0.0 | 2022-03-09 | 1a383f8ce
CPXPARAM_Threads                                 1
CPXPARAM_MIP_Strategy_VariableSelect             3
CPXPARAM_TimeLimit                               599.93835543399996
Found incumbent of value 0.000000 after 0.00 sec. (0.36 ticks)

Root node processing (before b&c):
  Real time             =    0.00 sec. (0.40 ticks)
Sequential b&c:
  Real time             =    0.00 sec. (0.00 ticks)
                          ------------
Total (root+branch&cut) =    0.00 sec. (0.40 ticks)
Version identifier: 22.1.0.0 | 2022-03-09 | 1a383f8ce
CPXPARAM_Threads                                 1
CPXPARAM_MIP_Strategy_VariableSelect             3
CPXPARAM_TimeLimit                               599.91828199300005
Found incumbent of value 0.000000 after 0.00 sec. (0.37 ticks)

Root node processing (before b&c):
  Real time             =    0.00 sec. (0.41 ticks)
Sequential b&c:
  Real time             =    0.00 sec. (0.00 ticks)
                          ------------
Total (root+branch&cut) =    0.00 sec. (0.41 ticks)
Version identifier: 22.1.0.0 | 2022-03-09 | 1a383f8ce
CPXPARAM_Threads                                 1
CPXPARAM_MIP_Strategy_VariableSelect             3
CPXPARAM_TimeLimit                               599.89861451599995
Found incumbent of value 0.000000 after 0.00 sec. (0.37 ticks)

Root node processing (before b&c):
  Real time             =    0.00 sec. (0.42 ticks)
Sequential b&c:
  Real time             =    0.00 sec. (0.00 ticks)
                          ------------
Total (root+branch&cut) =    0.00 sec. (0.42 ticks)
Version identifier: 22.1.0.0 | 2022-03-09 | 1a383f8ce
CPXPARAM_Threads                                 1
CPXPARAM_MIP_Strategy_VariableSelect             3
CPXPARAM_TimeLimit                               599.87998680800001
Tried aggregator 1 time.
MIP Presolve eliminated 463 rows and 1125 columns.
Reduced MIP has 1124 rows, 1575 columns, and 10055 nonzeros.
Reduced MIP has 1575 binaries, 0 generals, 0 SOSs, and 0 indicators.
Presolve time = 0.01 sec. (6.60 ticks)
Probing time = 0.00 sec. (3.91 ticks)
Tried aggregator 1 time.
Detecting symmetries...
Reduced MIP has 1124 rows, 1575 columns, and 10055 nonzeros.
Reduced MIP has 1575 binaries, 0 generals, 0 SOSs, and 0 indicators.
Presolve time = 0.01 sec. (6.37 ticks)
Probing time = 0.00 sec. (3.91 ticks)
Clique table members: 673.
MIP emphasis: balance optimality and feasibility.
MIP search method: dynamic search.
Parallel mode: none, using 1 thread.
Root relaxation solution time = 0.01 sec. (9.01 ticks)

        Nodes                                         Cuts/
   Node  Left     Objective  IInf  Best Integer    Best Bound    ItCnt     Gap

*     0     0      integral     0        0.0000        0.0000      304    0.00%
Elapsed time = 0.08 sec. (63.93 ticks, tree = 0.00 MB, solutions = 1)

Root node processing (before b&c):
  Real time             =    0.08 sec. (64.01 ticks)
Sequential b&c:
  Real time             =    0.00 sec. (0.00 ticks)
                          ------------
Total (root+branch&cut) =    0.08 sec. (64.01 ticks)
Version identifier: 22.1.0.0 | 2022-03-09 | 1a383f8ce
CPXPARAM_Threads                                 1
CPXPARAM_MIP_Strategy_VariableSelect             3
CPXPARAM_TimeLimit                               599.77884625499996
Tried aggregator 1 time.
MIP Presolve eliminated 465 rows and 1130 columns.
Reduced MIP has 1129 rows, 1582 columns, and 10100 nonzeros.
Reduced MIP has 1582 binaries, 0 generals, 0 SOSs, and 0 indicators.
Presolve time = 0.01 sec. (6.63 ticks)
Probing time = 0.00 sec. (3.92 ticks)
Tried aggregator 1 time.
Detecting symmetries...
Reduced MIP has 1129 rows, 1582 columns, and 10100 nonzeros.
Reduced MIP has 1582 binaries, 0 generals, 0 SOSs, and 0 indicators.
Presolve time = 0.01 sec. (6.40 ticks)
Probing time = 0.00 sec. (3.92 ticks)
Clique table members: 676.
MIP emphasis: balance optimality and feasibility.
MIP search method: dynamic search.
Parallel mode: none, using 1 thread.
Root relaxation solution time = 0.01 sec. (9.05 ticks)

        Nodes                                         Cuts/
   Node  Left     Objective  IInf  Best Integer    Best Bound    ItCnt     Gap

*     0     0      integral     0        0.0000        0.0000      305    0.00%
Elapsed time = 0.08 sec. (65.01 ticks, tree = 0.00 MB, solutions = 1)

Root node processing (before b&c):
  Real time             =    0.08 sec. (65.09 ticks)
Sequential b&c:
  Real time             =    0.00 sec. (0.00 ticks)
                          ------------
Total (root+branch&cut) =    0.08 sec. (65.09 ticks)
Primal:	226
Dual:	226
Status:	Optimal
Time:	0.317627
Sequence:
	4
	4
	2
	9
	9
	9
	9
	1
	9
	0
	9
	4
	4
	9
	4
	9
	1
	0
	9
	9
	4
	9
	9
	0
	9
	4
	0
	9
	9
	0
	9
	4
	4
	0
	9
	9
	0
	9
	4
	0
	9
	4
	9
	9
	0
	4
	9
	9
	9
	0
	9
	9
	9
	8
	9
	9
	0
	9
	4
	9
	0
	9
	1
	0
	9
	1
	9
	1
	4
	9
	1
	0
	4
	9
	0
	1
	4
	9
	0
	9
	9
	2
	9
	4
	4
	1
	9
	9
	9
	1
	4
	0
	10
	4
	0
	1
	9
	0
	9
	1
	0
	4
	1
	0
	4
	1
	0
	10
	4
	1
	4
	0
	4
	4
	9
	0
	1
	4
	4
	0
	9
	4
	0
	4
	1
	0
	4
	1
	0
	4
	1
	0
	9
	4
	0
	4
	4
	0
	4
	9
	9
	0
	9
	1
	0
	4
	4
	0
	1
	9
	0
	1
	4
	1
	0
	4
	1
	4
	0
	10
	9
	0
	9
	4
	4
	9
	4
	0
	1
	4
	0
	1
	4
	0
	9
	1
	0
	4
	1
	0
	1
	4
	0
	9
	4
	0
	4
	1
	0
	9
	1
	0
	4
	4
	0
	1
	4
	4
	0
	4
	4
	9
	0
	1
	4
	0
	9
	1
	0
	4
	4
	0
	1
	9
	0
	4
	4
	0
	4
	9
	0
	9
	4
	0
	4
	4
