Version identifier: 22.1.0.0 | 2022-03-09 | 1a383f8ce
CPXPARAM_Threads                                 1
CPXPARAM_MIP_Strategy_VariableSelect             3
CPXPARAM_TimeLimit                               599.99864175000005
Found incumbent of value 0.000000 after 0.00 sec. (0.15 ticks)

Root node processing (before b&c):
  Real time             =    0.00 sec. (0.17 ticks)
Sequential b&c:
  Real time             =    0.00 sec. (0.00 ticks)
                          ------------
Total (root+branch&cut) =    0.00 sec. (0.17 ticks)
Version identifier: 22.1.0.0 | 2022-03-09 | 1a383f8ce
CPXPARAM_Threads                                 1
CPXPARAM_MIP_Strategy_VariableSelect             3
CPXPARAM_TimeLimit                               599.98431847500001
Tried aggregator 1 time.
MIP Presolve eliminated 149 rows and 396 columns.
MIP Presolve modified 1 coefficients.
Reduced MIP has 787 rows, 1188 columns, and 10124 nonzeros.
Reduced MIP has 1188 binaries, 0 generals, 0 SOSs, and 0 indicators.
Presolve time = 0.01 sec. (6.36 ticks)
Probing time = 0.00 sec. (2.34 ticks)
Tried aggregator 1 time.
Detecting symmetries...
Reduced MIP has 787 rows, 1188 columns, and 10124 nonzeros.
Reduced MIP has 1188 binaries, 0 generals, 0 SOSs, and 0 indicators.
Presolve time = 0.01 sec. (6.41 ticks)
Probing time = 0.00 sec. (2.34 ticks)
Clique table members: 520.
MIP emphasis: balance optimality and feasibility.
MIP search method: dynamic search.
Parallel mode: none, using 1 thread.
Root relaxation solution time = 0.01 sec. (10.40 ticks)

        Nodes                                         Cuts/
   Node  Left     Objective  IInf  Best Integer    Best Bound    ItCnt     Gap

      0     0        0.0000   204                      0.0000      397         
*     0+    0                            0.0000        0.0000             0.00%
      0     0        cutoff              0.0000        0.0000      397    0.00%
Elapsed time = 0.14 sec. (88.18 ticks, tree = 0.01 MB, solutions = 1)

Root node processing (before b&c):
  Real time             =    0.14 sec. (88.22 ticks)
Sequential b&c:
  Real time             =    0.00 sec. (0.00 ticks)
                          ------------
Total (root+branch&cut) =    0.14 sec. (88.22 ticks)
Version identifier: 22.1.0.0 | 2022-03-09 | 1a383f8ce
CPXPARAM_Threads                                 1
CPXPARAM_MIP_Strategy_VariableSelect             3
CPXPARAM_TimeLimit                               599.82533638799998
Tried aggregator 1 time.
MIP Presolve eliminated 170 rows and 462 columns.
MIP Presolve modified 1 coefficients.
Reduced MIP has 920 rows, 1386 columns, and 11994 nonzeros.
Reduced MIP has 1386 binaries, 0 generals, 0 SOSs, and 0 indicators.
Presolve time = 0.01 sec. (6.89 ticks)
Probing time = 0.00 sec. (2.40 ticks)
Tried aggregator 1 time.
Detecting symmetries...
Reduced MIP has 920 rows, 1386 columns, and 11994 nonzeros.
Reduced MIP has 1386 binaries, 0 generals, 0 SOSs, and 0 indicators.
Presolve time = 0.01 sec. (7.56 ticks)
Probing time = 0.00 sec. (2.40 ticks)
Clique table members: 608.
MIP emphasis: balance optimality and feasibility.
MIP search method: dynamic search.
Parallel mode: none, using 1 thread.
Root relaxation solution time = 0.02 sec. (12.20 ticks)

        Nodes                                         Cuts/
   Node  Left     Objective  IInf  Best Integer    Best Bound    ItCnt     Gap

      0     0    infeasible                                        465         

Root node processing (before b&c):
  Real time             =    0.09 sec. (67.06 ticks)
Sequential b&c:
  Real time             =    0.00 sec. (0.00 ticks)
                          ------------
Total (root+branch&cut) =    0.09 sec. (67.06 ticks)
Version identifier: 22.1.0.0 | 2022-03-09 | 1a383f8ce
CPXPARAM_Threads                                 1
CPXPARAM_MIP_Strategy_VariableSelect             3
CPXPARAM_TimeLimit                               599.726042312
Tried aggregator 1 time.
MIP Presolve eliminated 159 rows and 429 columns.
MIP Presolve modified 1 coefficients.
Reduced MIP has 854 rows, 1287 columns, and 11125 nonzeros.
Reduced MIP has 1287 binaries, 0 generals, 0 SOSs, and 0 indicators.
Presolve time = 0.01 sec. (6.41 ticks)
Probing time = 0.00 sec. (2.37 ticks)
Tried aggregator 1 time.
Detecting symmetries...
Reduced MIP has 854 rows, 1287 columns, and 11125 nonzeros.
Reduced MIP has 1287 binaries, 0 generals, 0 SOSs, and 0 indicators.
Presolve time = 0.01 sec. (7.02 ticks)
Probing time = 0.00 sec. (2.37 ticks)
Clique table members: 564.
MIP emphasis: balance optimality and feasibility.
MIP search method: dynamic search.
Parallel mode: none, using 1 thread.
Root relaxation solution time = 0.02 sec. (14.27 ticks)

        Nodes                                         Cuts/
   Node  Left     Objective  IInf  Best Integer    Best Bound    ItCnt     Gap

      0     0    infeasible                                        468         

Root node processing (before b&c):
  Real time             =    0.09 sec. (66.70 ticks)
Sequential b&c:
  Real time             =    0.00 sec. (0.00 ticks)
                          ------------
Total (root+branch&cut) =    0.09 sec. (66.70 ticks)
Version identifier: 22.1.0.0 | 2022-03-09 | 1a383f8ce
CPXPARAM_Threads                                 1
CPXPARAM_MIP_Strategy_VariableSelect             3
CPXPARAM_TimeLimit                               599.62962915900005
Tried aggregator 1 time.
MIP Presolve eliminated 153 rows and 411 columns.
MIP Presolve modified 1 coefficients.
Reduced MIP has 818 rows, 1233 columns, and 10651 nonzeros.
Reduced MIP has 1233 binaries, 0 generals, 0 SOSs, and 0 indicators.
Presolve time = 0.01 sec. (6.15 ticks)
Probing time = 0.00 sec. (2.36 ticks)
Tried aggregator 1 time.
Detecting symmetries...
Reduced MIP has 818 rows, 1233 columns, and 10651 nonzeros.
Reduced MIP has 1233 binaries, 0 generals, 0 SOSs, and 0 indicators.
Presolve time = 0.01 sec. (6.73 ticks)
Probing time = 0.00 sec. (2.36 ticks)
Clique table members: 540.
MIP emphasis: balance optimality and feasibility.
MIP search method: dynamic search.
Parallel mode: none, using 1 thread.
Root relaxation solution time = 0.02 sec. (16.82 ticks)

        Nodes                                         Cuts/
   Node  Left     Objective  IInf  Best Integer    Best Bound    ItCnt     Gap

      0     0    infeasible                                        560         

Root node processing (before b&c):
  Real time             =    0.09 sec. (68.27 ticks)
Sequential b&c:
  Real time             =    0.00 sec. (0.00 ticks)
                          ------------
Total (root+branch&cut) =    0.09 sec. (68.27 ticks)
Version identifier: 22.1.0.0 | 2022-03-09 | 1a383f8ce
CPXPARAM_Threads                                 1
CPXPARAM_MIP_Strategy_VariableSelect             3
CPXPARAM_TimeLimit                               599.53054591099999
Tried aggregator 1 time.
MIP Presolve eliminated 151 rows and 402 columns.
MIP Presolve modified 1 coefficients.
Reduced MIP has 799 rows, 1206 columns, and 10280 nonzeros.
Reduced MIP has 1206 binaries, 0 generals, 0 SOSs, and 0 indicators.
Presolve time = 0.01 sec. (6.46 ticks)
Probing time = 0.00 sec. (2.35 ticks)
Tried aggregator 1 time.
Detecting symmetries...
Reduced MIP has 799 rows, 1206 columns, and 10280 nonzeros.
Reduced MIP has 1206 binaries, 0 generals, 0 SOSs, and 0 indicators.
Presolve time = 0.01 sec. (6.50 ticks)
Probing time = 0.00 sec. (2.35 ticks)
Clique table members: 528.
MIP emphasis: balance optimality and feasibility.
MIP search method: dynamic search.
Parallel mode: none, using 1 thread.
Root relaxation solution time = 0.02 sec. (14.33 ticks)

        Nodes                                         Cuts/
   Node  Left     Objective  IInf  Best Integer    Best Bound    ItCnt     Gap

      0     0        0.0000   302                      0.0000      460         
*     0+    0                            0.0000        0.0000             0.00%
      0     0        cutoff              0.0000        0.0000      460    0.00%
Elapsed time = 0.21 sec. (128.77 ticks, tree = 0.01 MB, solutions = 1)

Root node processing (before b&c):
  Real time             =    0.21 sec. (128.82 ticks)
Sequential b&c:
  Real time             =    0.00 sec. (0.00 ticks)
                          ------------
Total (root+branch&cut) =    0.21 sec. (128.82 ticks)
Version identifier: 22.1.0.0 | 2022-03-09 | 1a383f8ce
CPXPARAM_Threads                                 1
CPXPARAM_MIP_Strategy_VariableSelect             3
CPXPARAM_TimeLimit                               599.31289697199998
Tried aggregator 1 time.
MIP Presolve eliminated 151 rows and 405 columns.
MIP Presolve modified 1 coefficients.
Reduced MIP has 806 rows, 1215 columns, and 10493 nonzeros.
Reduced MIP has 1215 binaries, 0 generals, 0 SOSs, and 0 indicators.
Presolve time = 0.01 sec. (6.07 ticks)
Probing time = 0.00 sec. (2.36 ticks)
Tried aggregator 1 time.
Detecting symmetries...
Reduced MIP has 806 rows, 1215 columns, and 10493 nonzeros.
Reduced MIP has 1215 binaries, 0 generals, 0 SOSs, and 0 indicators.
Presolve time = 0.01 sec. (6.64 ticks)
Probing time = 0.00 sec. (2.36 ticks)
Clique table members: 532.
MIP emphasis: balance optimality and feasibility.
MIP search method: dynamic search.
Parallel mode: none, using 1 thread.
Root relaxation solution time = 0.02 sec. (15.04 ticks)

        Nodes                                         Cuts/
   Node  Left     Objective  IInf  Best Integer    Best Bound    ItCnt     Gap

*     0     0      integral     0        0.0000        0.0000      465    0.00%
Elapsed time = 0.07 sec. (66.11 ticks, tree = 0.00 MB, solutions = 1)

Root node processing (before b&c):
  Real time             =    0.07 sec. (66.15 ticks)
Sequential b&c:
  Real time             =    0.00 sec. (0.00 ticks)
                          ------------
Total (root+branch&cut) =    0.07 sec. (66.15 ticks)
Version identifier: 22.1.0.0 | 2022-03-09 | 1a383f8ce
CPXPARAM_Threads                                 1
CPXPARAM_MIP_Strategy_VariableSelect             3
CPXPARAM_TimeLimit                               599.23123378000003
Tried aggregator 1 time.
MIP Presolve eliminated 152 rows and 408 columns.
MIP Presolve modified 1 coefficients.
Reduced MIP has 812 rows, 1224 columns, and 10572 nonzeros.
Reduced MIP has 1224 binaries, 0 generals, 0 SOSs, and 0 indicators.
Presolve time = 0.01 sec. (6.11 ticks)
Probing time = 0.00 sec. (2.36 ticks)
Tried aggregator 1 time.
Detecting symmetries...
Reduced MIP has 812 rows, 1224 columns, and 10572 nonzeros.
Reduced MIP has 1224 binaries, 0 generals, 0 SOSs, and 0 indicators.
Presolve time = 0.01 sec. (6.69 ticks)
Probing time = 0.00 sec. (2.36 ticks)
Clique table members: 536.
MIP emphasis: balance optimality and feasibility.
MIP search method: dynamic search.
Parallel mode: none, using 1 thread.
Root relaxation solution time = 0.02 sec. (13.26 ticks)

        Nodes                                         Cuts/
   Node  Left     Objective  IInf  Best Integer    Best Bound    ItCnt     Gap

      0     0    infeasible                                        479         

Root node processing (before b&c):
  Real time             =    0.07 sec. (64.63 ticks)
Sequential b&c:
  Real time             =    0.00 sec. (0.00 ticks)
                          ------------
Total (root+branch&cut) =    0.07 sec. (64.63 ticks)
Primal:	135
Dual:	135
Status:	Optimal
Time:	0.848797
Sequence:
	10
	4
	5
	2
	5
	9
	7
	2
	1
	9
	5
	0
	5
	9
	1
	2
	7
	9
	10
	9
	5
	9
	1
	9
	5
	9
	11
	9
	1
	9
	5
	9
	11
	9
	1
	9
	5
	9
	7
	9
	10
	9
	10
	9
	7
	9
	5
	9
	5
	9
	5
	9
	7
	9
	1
	9
	5
	4
	11
	2
	1
	9
	5
	4
	11
	9
	10
	9
	10
	9
	7
	9
	5
	9
	1
	9
	1
	9
	1
	0
	5
	4
	10
	2
	7
	9
	5
	0
	1
	4
	1
	4
	7
	9
	5
	9
	1
	9
	7
	9
	1
	4
	10
	2
	5
	9
	1
	9
	10
	4
	5
	9
	7
	2
	5
	4
	1
	2
	7
	9
	1
	4
	5
	9
	10
	0
	10
	4
	1
	9
	7
	0
	1
	9
	10
