Version identifier: 22.1.0.0 | 2022-03-09 | 1a383f8ce
CPXPARAM_Threads                                 1
CPXPARAM_MIP_Strategy_VariableSelect             3
CPXPARAM_TimeLimit                               600
Tried aggregator 1 time.
MIP Presolve eliminated 4 rows and 1548 columns.
Reduced MIP has 2717 rows, 7740 columns, and 31277 nonzeros.
Reduced MIP has 5807 binaries, 1933 generals, 0 SOSs, and 0 indicators.
Presolve time = 0.02 sec. (15.98 ticks)
Found incumbent of value 1256.000000 after 0.06 sec. (41.00 ticks)
Probing fixed 0 vars, tightened 4 bounds.
Probing time = 0.05 sec. (33.95 ticks)
Cover probing fixed 0 vars, tightened 1 bounds.
Tried aggregator 1 time.
Detecting symmetries...
Reduced MIP has 2717 rows, 7740 columns, and 31277 nonzeros.
Reduced MIP has 5809 binaries, 1931 generals, 0 SOSs, and 0 indicators.
Presolve time = 0.02 sec. (18.22 ticks)
Probing time = 0.01 sec. (8.76 ticks)
Clique table members: 22168.
MIP emphasis: balance optimality and feasibility.
MIP search method: dynamic search.
Parallel mode: none, using 1 thread.
Root relaxation solution time = 0.05 sec. (34.38 ticks)

        Nodes                                         Cuts/
   Node  Left     Objective  IInf  Best Integer    Best Bound    ItCnt     Gap

*     0+    0                         1256.0000        0.0000           100.00%
      0     0        0.0000   477     1256.0000        0.0000      821  100.00%
*     0+    0                            0.0000        0.0000             0.00%
      0     0        cutoff              0.0000        0.0000      821    0.00%
Elapsed time = 0.43 sec. (327.49 ticks, tree = 0.01 MB, solutions = 2)

Root node processing (before b&c):
  Real time             =    0.44 sec. (327.83 ticks)
Sequential b&c:
  Real time             =    0.00 sec. (0.00 ticks)
                          ------------
Total (root+branch&cut) =    0.44 sec. (327.83 ticks)
Primal number of violations:	0
Dual number of violations:	0
Status:	Optimal
Time:	0.46
Sequence:
	0
	6
	9
	0
	9
	9
	9
	0
	6
	9
	9
	0
	9
	1
	0
	6
	4
	0
	9
	6
	0
	9
	4
	0
	6
	9
	0
	4
	6
	0
	5
	9
	0
	6
	9
	5
	0
	9
	6
	0
	9
	4
	0
	6
	4
	0
	4
	5
	0
	9
	4
	5
	0
	6
	4
	0
	9
	5
	0
	9
	4
	0
	4
	4
	0
	4
	4
	0
	4
	4
	0
	6
	9
	4
	0
	4
	4
	0
	4
	4
	0
	4
	4
	0
	4
	4
	0
	4
	1
	4
	0
	4
	4
	0
	4
	4
	0
	1
	9
	0
	9
	5
	0
	9
	9
	0
	4
	9
	9
	0
	9
	5
	0
	9
	5
	0
	5
	4
	0
	5
	9
	5
	0
	6
	9
	0
	9
	4
	5
	0
	4
	1
	0
	9
	6
	0
	9
	1
	0
	5
	4
	0
	6
	9
	1
	0
	1
	4
	0
	6
	9
	0
	9
	6
	0
	9
	1
	0
	4
	6
	0
	1
	4
	0
	4
	4
	0
	9
	4
	6
	0
	5
	9
	0
	6
	4
	1
	0
	6
	9
	1
	0
	9
	4
	0
	9
	6
	0
	9
	9
	9
	0
	6
	4
	9
	9
	4
	0
	4
	9
	4
	0
	9
	4
	9
	4
	9
	4
	4
	0
	9
	4
	9
	4
	0
	5
	9
	9
	0
	9
	9
	6
	9
	9
	0
	9
	6
	0
	9
	9
	9
	9
	4
	5
	2
	9
	9
	0
	9
	9
	5
	9
	9
	0
	4
	5
	9
	0
	9
	9
	4
	0
	9
	4
	9
	9
	0
	6
	4
	0
	5
	9
	4
	5
	9
	9
	4
	0
	4
	4
	0
	9
	9
	9
	4
	0
	9
	4
	9
	9
	4
	6
	0
	9
	9
	4
	0
	4
	9
	0
	9
	6
	0
	9
	5
	0
	9
	4
	0
	9
	9
	9
	9
	0
	5
	4
	0
	9
	9
	0
	4
	9
	0
	1
	9
	0
	9
	4
	9
	4
	0
	6
	4
	0
	5
	4
	0
	4
	5
	0
	6
	9
	0
	5
	9
	0
	9
	5
	0
	9
	9
	0
	9
	9
	0
	9
	4
	0
	6
	9
	5
	9
	5
	0
	9
	5
	0
	9
	3
	0
	5
	9
	0
	4
	5
	0
	5
	9
	5
	0
	5
	9
	0
	5
	9
	5
	0
	6
	9
	0
	4
	4
	0
	4
	6
	0
	4
