Version identifier: 22.1.0.0 | 2022-03-09 | 1a383f8ce
CPXPARAM_Threads                                 1
CPXPARAM_MIP_Strategy_VariableSelect             3
CPXPARAM_TimeLimit                               600
Tried aggregator 1 time.
MIP Presolve eliminated 759 rows and 4136 columns.
Reduced MIP has 1885 rows, 4888 columns, and 16139 nonzeros.
Reduced MIP has 3761 binaries, 1127 generals, 0 SOSs, and 0 indicators.
Presolve time = 0.01 sec. (10.40 ticks)
Found incumbent of value 827.000000 after 0.03 sec. (23.85 ticks)
Probing time = 0.00 sec. (2.18 ticks)
Tried aggregator 1 time.
Detecting symmetries...
Reduced MIP has 1885 rows, 4888 columns, and 16139 nonzeros.
Reduced MIP has 3761 binaries, 1127 generals, 0 SOSs, and 0 indicators.
Presolve time = 0.01 sec. (9.32 ticks)
Probing time = 0.00 sec. (2.18 ticks)
Clique table members: 395.
MIP emphasis: balance optimality and feasibility.
MIP search method: dynamic search.
Parallel mode: none, using 1 thread.
Root relaxation solution time = 0.01 sec. (11.46 ticks)

        Nodes                                         Cuts/
   Node  Left     Objective  IInf  Best Integer    Best Bound    ItCnt     Gap

*     0+    0                          827.0000        0.0000           100.00%
*     0     0      integral     0        0.0000        0.0000      361    0.00%
Elapsed time = 0.08 sec. (56.38 ticks, tree = 0.00 MB, solutions = 2)

Root node processing (before b&c):
  Real time             =    0.08 sec. (56.70 ticks)
Sequential b&c:
  Real time             =    0.00 sec. (0.00 ticks)
                          ------------
Total (root+branch&cut) =    0.08 sec. (56.70 ticks)
Primal number of violations:	0
Dual number of violations:	0
Status:	Optimal
Time:	0.1
Sequence:
	0
	9
	9
	9
	0
	9
	9
	9
	0
	9
	9
	0
	9
	9
	9
	0
	9
	9
	0
	9
	9
	9
	0
	9
	9
	9
	9
	0
	9
	9
	0
	9
	9
	9
	9
	0
	9
	9
	0
	9
	5
	0
	9
	4
	5
	0
	4
	9
	0
	4
	4
	0
	4
	9
	0
	9
	5
	0
	9
	9
	0
	9
	9
	0
	9
	4
	4
	0
	9
	9
	0
	9
	4
	0
	1
	9
	0
	9
	4
	0
	4
	4
	0
	9
	9
	0
	9
	9
	0
	9
	1
	0
	4
	9
	0
	4
	9
	9
	0
	9
	4
	0
	9
	1
	0
	4
	9
	0
	4
	9
	0
	9
	9
	0
	4
	4
	0
	9
	4
	0
	9
	9
	0
	4
	4
	0
	4
	5
	0
	9
	9
	0
	9
	5
	9
	0
	9
	9
	0
	9
	4
	0
	9
	9
	0
	9
	4
	0
	4
	4
	9
	0
	4
	4
	0
	4
	4
	0
	4
	4
	0
	4
	4
	0
	4
	4
	0
	4
	4
	9
	0
	4
	4
	0
	4
	4
	0
	4
	4
	0
	4
	4
	0
	4
	4
	0
	4
	4
	9
	4
	9
	9
	4
	0
	4
	9
	4
	0
	4
	9
	4
	0
	4
	4
	0
	4
	4
	0
	9
	4
	0
	4
	9
	9
	4
	9
	0
	4
	9
	9
	9
	0
	9
	9
	0
	4
	9
	9
	4
	0
	4
	9
	9
	9
	9
	0
	4
	4
	0
	9
	9
	0
	9
	9
	0
	9
	9
	0
	9
	4
	4
	9
	0
	4
	4
	9
	4
	4
	9
	9
	0
	9
	9
	0
	9
	9
	9
	0
	9
	9
	0
	9
	9
	9
	0
	4
	9
	9
	9
	0
	9
	9
	0
	9
	9
	9
	9
	9
	9
	9
	0
	9
	9
	9
	9
	4
	9
	0
	9
	4
	0
	4
	4
	9
	9
	0
	4
	4
	0
	4
	4
	0
	4
	9
	4
	0
	4
	4
	9
	9
	9
	0
	9
	4
	4
	0
	4
	9
	0
	4
	9
	9
	9
	9
	9
	0
	9
	9
	0
	9
	9
	9
	9
	0
	9
	9
	0
	9
	9
	9
	9
	0
	9
	9
	9
	9
	0
	9
	9
	9
	9
	0
	9
	9
	9
	0
	9
	9
	9
	9
	0
	9
	9
	0
	4
	1
