Version identifier: 22.1.0.0 | 2022-03-09 | 1a383f8ce
CPXPARAM_Threads                                 1
CPXPARAM_MIP_Strategy_VariableSelect             3
CPXPARAM_TimeLimit                               600
Tried aggregator 1 time.
MIP Presolve eliminated 3 rows and 1143 columns.
Reduced MIP has 2676 rows, 8001 columns, and 38382 nonzeros.
Reduced MIP has 6098 binaries, 1903 generals, 0 SOSs, and 0 indicators.
Presolve time = 0.03 sec. (17.29 ticks)
Found incumbent of value 929.000000 after 0.07 sec. (43.99 ticks)
Probing time = 0.01 sec. (7.42 ticks)
Cover probing fixed 0 vars, tightened 2 bounds.
Tried aggregator 1 time.
Detecting symmetries...
Reduced MIP has 2676 rows, 8001 columns, and 38382 nonzeros.
Reduced MIP has 6099 binaries, 1902 generals, 0 SOSs, and 0 indicators.
Presolve time = 0.03 sec. (20.44 ticks)
Probing time = 0.01 sec. (7.42 ticks)
Clique table members: 400.
MIP emphasis: balance optimality and feasibility.
MIP search method: dynamic search.
Parallel mode: none, using 1 thread.
Root relaxation solution time = 0.04 sec. (28.87 ticks)

        Nodes                                         Cuts/
   Node  Left     Objective  IInf  Best Integer    Best Bound    ItCnt     Gap

*     0+    0                          929.0000        0.0000           100.00%
      0     0        0.0000   271      929.0000        0.0000      751  100.00%
*     0+    0                            0.0000        0.0000             0.00%
      0     0        cutoff              0.0000        0.0000      751    0.00%
Elapsed time = 0.30 sec. (241.58 ticks, tree = 0.01 MB, solutions = 2)

Root node processing (before b&c):
  Real time             =    0.31 sec. (241.91 ticks)
Sequential b&c:
  Real time             =    0.00 sec. (0.00 ticks)
                          ------------
Total (root+branch&cut) =    0.31 sec. (241.91 ticks)
Primal number of violations:	0
Dual number of violations:	0
Status:	Optimal
Time:	0.33
Sequence:
	10
	9
	10
	4
	4
	1
	0
	1
	9
	10
	0
	4
	10
	4
	1
	4
	4
	1
	9
	10
	4
	10
	4
	0
	10
	4
	10
	4
	0
	10
	4
	0
	4
	9
	10
	4
	4
	10
	4
	4
	9
	10
	9
	9
	7
	9
	6
	9
	9
	9
	9
	9
	9
	9
	9
	9
	9
	9
	9
	9
	9
	9
	9
	9
	9
	9
	9
	4
	7
	0
	6
	9
	10
	4
	10
	9
	10
	9
	10
	9
	10
	4
	10
	4
	9
	7
	9
	1
	4
	0
	10
	4
	10
	0
	10
	4
	10
	0
	10
	9
	7
	0
	9
	1
	4
	10
	9
	10
	0
	4
	6
	9
	3
	4
	10
	4
	9
	1
	0
	1
	4
	1
	4
	4
	1
	9
	0
	10
	4
	0
	10
	9
	9
	10
	0
	10
	9
	10
	0
	9
	6
	4
	1
	4
	6
	0
	9
	5
	4
	1
	4
	4
	1
	4
	10
	0
	10
	4
	0
	6
	4
	10
	9
	6
	9
	4
	4
	9
	9
	9
	9
	9
	9
	9
	9
	9
	9
	4
	4
	9
	4
	9
	9
	4
	4
	9
	4
	9
	4
	4
	10
	4
	4
	9
	4
	4
	9
	9
	4
	9
	9
	4
	4
	9
	4
	4
	10
	4
	4
	0
	4
	4
	0
	4
	1
	4
	4
	10
	4
	4
	10
	4
	10
	4
	4
	9
	4
	4
	10
	4
	4
	9
	4
	4
	10
	4
	10
	4
	1
	4
	4
	1
	9
	1
	4
	10
	4
	7
	9
	1
	9
	4
	1
	4
	9
	1
	4
	4
	1
	4
	1
	4
	9
	1
	0
	1
	9
	4
	10
	4
	1
	4
	4
	10
	4
	4
	10
	4
	10
	4
	10
	4
	4
	9
	4
	9
	9
	9
	9
	4
	4
	9
	9
	9
	9
	9
	9
	9
	9
	9
	9
	4
	9
	9
	9
	9
	9
	7
	9
	9
	9
	9
	10
	0
	9
	10
	4
	1
	9
	4
	9
	9
	9
	9
	9
	9
	9
	9
	9
	1
	4
	10
	4
	4
	9
	4
	9
	4
	9
	9
	9
	9
	4
	9
	9
	4
	7
	9
	4
	4
	9
	4
	4
	9
	9
	9
	3
	4
	10
	0
	6
	4
	1
	0
	4
	7
	9
	1
	0
	1
	9
	1
	9
	10
	9
	9
	9
	9
	1
	9
	1
