Version identifier: 22.1.0.0 | 2022-03-09 | 1a383f8ce
CPXPARAM_Threads                                 1
CPXPARAM_MIP_Strategy_VariableSelect             3
CPXPARAM_TimeLimit                               600
Tried aggregator 1 time.
MIP Presolve eliminated 4 rows and 1520 columns.
Reduced MIP has 2668 rows, 7600 columns, and 30710 nonzeros.
Reduced MIP has 5702 binaries, 1898 generals, 0 SOSs, and 0 indicators.
Presolve time = 0.02 sec. (14.72 ticks)
Found incumbent of value 1392.000000 after 0.06 sec. (37.73 ticks)
Probing fixed 0 vars, tightened 1 bounds.
Probing time = 0.01 sec. (4.40 ticks)
Tried aggregator 1 time.
Detecting symmetries...
Reduced MIP has 2668 rows, 7600 columns, and 30710 nonzeros.
Reduced MIP has 5703 binaries, 1897 generals, 0 SOSs, and 0 indicators.
Presolve time = 0.02 sec. (16.72 ticks)
Probing time = 0.01 sec. (3.72 ticks)
Clique table members: 438.
MIP emphasis: balance optimality and feasibility.
MIP search method: dynamic search.
Parallel mode: none, using 1 thread.
Root relaxation solution time = 0.05 sec. (41.05 ticks)

        Nodes                                         Cuts/
   Node  Left     Objective  IInf  Best Integer    Best Bound    ItCnt     Gap

*     0+    0                         1392.0000        0.0000           100.00%
      0     0        0.0000   677     1392.0000        0.0000      980  100.00%
*     0+    0                            0.0000        0.0000             0.00%
      0     0        cutoff              0.0000        0.0000      980    0.00%
Elapsed time = 0.45 sec. (340.84 ticks, tree = 0.01 MB, solutions = 2)

Root node processing (before b&c):
  Real time             =    0.45 sec. (341.18 ticks)
Sequential b&c:
  Real time             =    0.00 sec. (0.00 ticks)
                          ------------
Total (root+branch&cut) =    0.45 sec. (341.18 ticks)
Primal number of violations:	0
Dual number of violations:	0
Status:	Optimal
Time:	0.47
Sequence:
	5
	4
	9
	6
	4
	0
	5
	9
	6
	2
	1
	4
	0
	6
	9
	0
	9
	6
	0
	11
	4
	9
	5
	0
	6
	4
	0
	5
	9
	6
	0
	11
	4
	6
	0
	5
	4
	2
	9
	1
	0
	6
	9
	5
	0
	6
	9
	5
	9
	6
	4
	2
	5
	9
	5
	0
	6
	9
	9
	9
	6
	9
	9
	9
	6
	9
	9
	0
	6
	9
	9
	0
	6
	9
	9
	9
	9
	4
	9
	4
	6
	0
	1
	4
	0
	4
	6
	9
	5
	0
	6
	9
	5
	2
	6
	4
	1
	9
	6
	0
	5
	4
	0
	5
	9
	5
	0
	5
	4
	0
	5
	9
	5
	9
	6
	0
	11
	9
	6
	0
	5
	4
	1
	0
	1
	9
	1
	0
	1
	9
	1
	0
	1
	9
	0
	6
	9
	11
	0
	9
	6
	0
	1
	4
	6
	9
	0
	11
	9
	6
	4
	0
	5
	9
	5
	9
	5
	0
	6
	4
	1
	0
	6
	9
	1
	0
	1
	9
	0
	6
	9
	11
	0
	6
	9
	0
	4
	6
	9
	5
	0
	4
	5
	0
	4
	6
	9
	11
	0
	1
	4
	4
	9
	4
	9
	4
	4
	9
	9
	9
	9
	9
	9
	9
	9
	9
	9
	4
	9
	9
	4
	9
	4
	4
	9
	4
	4
	9
	9
	9
	9
	9
	6
	9
	9
	9
	6
	0
	1
	9
	9
	9
	6
	9
	9
	2
	6
	9
	4
	5
	0
	4
	1
	4
	6
	2
	1
	9
	1
	2
	6
	9
	1
	0
	1
	9
	6
	4
	1
	0
	4
	9
	6
	4
	9
	4
	9
	4
	9
	4
	9
	9
	9
	6
	4
	1
	2
	6
	9
	9
	4
	6
	9
	4
	9
	0
	6
	4
	1
	0
	6
	4
	0
	5
	9
	6
	0
	5
	4
	0
	4
	6
	0
	5
	9
	5
	0
	1
	4
	0
	4
	4
	0
	4
	6
	0
	4
	4
	0
	4
	1
	4
	4
	0
	4
	11
	4
	0
	4
	5
	0
	6
	4
	9
	0
	6
	9
	5
	0
	1
	9
	6
	0
	5
	9
	0
	5
	9
	6
	9
	4
	2
	5
	9
	6
	0
	1
	4
	5
	0
	5
	4
	0
	4
	6
	0
	1
	4
	6
	2
	5
	4
	0
	4
	5
	0
	5
	9
	6
	2
