Version identifier: 22.1.0.0 | 2022-03-09 | 1a383f8ce
CPXPARAM_Threads                                 1
CPXPARAM_MIP_Strategy_VariableSelect             3
CPXPARAM_TimeLimit                               600
Tried aggregator 1 time.
MIP Presolve eliminated 5 rows and 1855 columns.
Reduced MIP has 2604 rows, 7049 columns, and 28129 nonzeros.
Reduced MIP has 5197 binaries, 1852 generals, 0 SOSs, and 0 indicators.
Presolve time = 0.02 sec. (13.71 ticks)
Found incumbent of value 823.000000 after 0.05 sec. (34.56 ticks)
Probing time = 0.01 sec. (3.59 ticks)
Tried aggregator 1 time.
Detecting symmetries...
Reduced MIP has 2604 rows, 7049 columns, and 28129 nonzeros.
Reduced MIP has 5197 binaries, 1852 generals, 0 SOSs, and 0 indicators.
Presolve time = 0.02 sec. (15.36 ticks)
Probing time = 0.01 sec. (3.59 ticks)
Clique table members: 430.
MIP emphasis: balance optimality and feasibility.
MIP search method: dynamic search.
Parallel mode: none, using 1 thread.
Root relaxation solution time = 0.02 sec. (17.49 ticks)

        Nodes                                         Cuts/
   Node  Left     Objective  IInf  Best Integer    Best Bound    ItCnt     Gap

*     0+    0                          823.0000        0.0000           100.00%
      0     0        0.0000   183      823.0000        0.0000      437  100.00%
*     0+    0                            0.0000        0.0000             0.00%
      0     0        cutoff              0.0000        0.0000      437    0.00%
Elapsed time = 0.26 sec. (191.24 ticks, tree = 0.01 MB, solutions = 2)

Root node processing (before b&c):
  Real time             =    0.27 sec. (191.56 ticks)
Sequential b&c:
  Real time             =    0.00 sec. (0.00 ticks)
                          ------------
Total (root+branch&cut) =    0.27 sec. (191.56 ticks)
Primal number of violations:	0
Dual number of violations:	0
Status:	Optimal
Time:	0.29
Sequence:
	9
	9
	0
	9
	11
	0
	4
	4
	0
	9
	1
	0
	4
	5
	9
	5
	0
	4
	11
	4
	5
	9
	5
	0
	11
	4
	0
	4
	6
	0
	11
	4
	0
	9
	9
	0
	11
	9
	4
	0
	4
	9
	9
	9
	9
	9
	9
	4
	9
	9
	9
	4
	4
	0
	4
	4
	9
	9
	4
	9
	4
	9
	4
	0
	4
	4
	0
	4
	4
	0
	4
	9
	4
	4
	0
	4
	4
	9
	0
	6
	9
	5
	0
	5
	4
	0
	4
	11
	0
	4
	9
	9
	0
	9
	1
	0
	1
	4
	5
	0
	5
	9
	9
	9
	9
	9
	9
	9
	9
	9
	9
	9
	9
	9
	9
	0
	9
	11
	0
	5
	9
	5
	4
	9
	6
	4
	0
	9
	9
	9
	9
	9
	9
	0
	9
	9
	9
	9
	1
	9
	9
	9
	1
	9
	9
	1
	0
	9
	9
	6
	0
	4
	11
	0
	6
	4
	0
	9
	9
	0
	6
	9
	0
	4
	5
	0
	4
	5
	9
	1
	0
	4
	9
	0
	4
	4
	0
	4
	4
	0
	4
	4
	0
	4
	4
	9
	4
	9
	4
	4
	9
	4
	0
	4
	4
	9
	9
	4
	9
	4
	9
	4
	4
	9
	4
	9
	4
	9
	4
	9
	4
	9
	4
	9
	4
	9
	4
	4
	9
	4
	9
	9
	4
	4
	9
	9
	4
	4
	9
	4
	6
	9
	9
	9
	4
	4
	9
	4
	4
	9
	4
	5
	9
	9
	6
	4
	9
	9
	4
	4
	1
	4
	1
	4
	9
	4
	9
	4
	9
	4
	9
	4
	4
	9
	9
	9
	4
	9
	5
	9
	4
	0
	4
	4
	9
	4
	9
	4
	9
	9
	4
	4
	9
	9
	9
	9
	9
	5
	0
	5
	9
	5
	9
	9
	5
	9
	9
	9
	9
	9
	9
	9
	5
	0
	4
	9
	9
	9
	9
	6
	0
	5
	4
	9
	9
	9
	9
	9
	9
	6
	9
	9
	9
	9
	9
	9
	9
	9
	9
	9
	9
	9
	9
	9
	9
	9
	4
	4
	9
	4
	9
	9
	9
	9
	9
	4
	9
	9
	9
	9
	9
	9
	9
	9
	9
	9
	9
	9
	9
	9
	9
	9
	9
	4
	9
	9
	9
	9
	9
	4
	4
