Version identifier: 22.1.0.0 | 2022-03-09 | 1a383f8ce
CPXPARAM_Threads                                 1
CPXPARAM_MIP_Strategy_VariableSelect             3
CPXPARAM_TimeLimit                               600
Tried aggregator 1 time.
MIP Presolve eliminated 2 rows and 192 columns.
Reduced MIP has 682 rows, 2112 columns, and 9229 nonzeros.
Reduced MIP has 1634 binaries, 478 generals, 0 SOSs, and 0 indicators.
Presolve time = 0.01 sec. (4.30 ticks)
Found incumbent of value 316.000000 after 0.02 sec. (11.13 ticks)
Probing time = 0.00 sec. (2.08 ticks)
Cover probing fixed 0 vars, tightened 3 bounds.
Tried aggregator 1 time.
Detecting symmetries...
Reduced MIP has 682 rows, 2112 columns, and 9229 nonzeros.
Reduced MIP has 1635 binaries, 477 generals, 0 SOSs, and 0 indicators.
Presolve time = 0.01 sec. (5.05 ticks)
Probing time = 0.00 sec. (2.07 ticks)
Clique table members: 174.
MIP emphasis: balance optimality and feasibility.
MIP search method: dynamic search.
Parallel mode: none, using 1 thread.
Root relaxation solution time = 0.01 sec. (7.23 ticks)

        Nodes                                         Cuts/
   Node  Left     Objective  IInf  Best Integer    Best Bound    ItCnt     Gap

*     0+    0                          316.0000        0.0000           100.00%
      0     0        0.0000   178      316.0000        0.0000      255  100.00%
*     0+    0                            0.0000        0.0000             0.00%
      0     0        cutoff              0.0000        0.0000      255    0.00%
Elapsed time = 0.09 sec. (60.90 ticks, tree = 0.01 MB, solutions = 2)

Root node processing (before b&c):
  Real time             =    0.09 sec. (60.98 ticks)
Sequential b&c:
  Real time             =    0.00 sec. (0.00 ticks)
                          ------------
Total (root+branch&cut) =    0.09 sec. (60.98 ticks)
Primal number of violations:	0
Dual number of violations:	0
Status:	Optimal
Time:	0.09
Sequence:
	9
	1
	0
	10
	9
	0
	9
	5
	0
	10
	9
	10
	4
	4
	9
	4
	9
	4
	9
	9
	3
	9
	0
	6
	4
	10
	8
	3
	4
	9
	6
	0
	4
	1
	0
	1
	4
	0
	9
	6
	0
	4
	4
	1
	4
	5
	9
	1
	2
	4
	3
	9
	4
	4
	9
	10
	4
	4
	9
	1
	9
	8
	4
	1
	0
	4
	1
	0
	4
	1
	4
	9
	4
	6
	0
	5
	9
	0
	5
	9
	0
	6
	9
	4
	4
	1
	4
	10
	8
	1
	4
	4
	2
	1
	4
	6
