Version identifier: 22.1.0.0 | 2022-03-09 | 1a383f8ce
CPXPARAM_Threads                                 1
CPXPARAM_MIP_Strategy_VariableSelect             3
CPXPARAM_TimeLimit                               600
Tried aggregator 1 time.
MIP Presolve eliminated 3 rows and 975 columns.
Reduced MIP has 2284 rows, 6825 columns, and 28849 nonzeros.
Reduced MIP has 5202 binaries, 1623 generals, 0 SOSs, and 0 indicators.
Presolve time = 0.02 sec. (13.77 ticks)
Found incumbent of value 738.000000 after 0.05 sec. (34.73 ticks)
Probing fixed 0 vars, tightened 4 bounds.
Probing time = 0.05 sec. (30.40 ticks)
Tried aggregator 1 time.
Detecting symmetries...
Reduced MIP has 2284 rows, 6825 columns, and 28849 nonzeros.
Reduced MIP has 5203 binaries, 1622 generals, 0 SOSs, and 0 indicators.
Presolve time = 0.02 sec. (16.10 ticks)
Probing time = 0.01 sec. (8.01 ticks)
Clique table members: 20171.
MIP emphasis: balance optimality and feasibility.
MIP search method: dynamic search.
Parallel mode: none, using 1 thread.
Root relaxation solution time = 0.02 sec. (15.66 ticks)

        Nodes                                         Cuts/
   Node  Left     Objective  IInf  Best Integer    Best Bound    ItCnt     Gap

*     0+    0                          738.0000        0.0000           100.00%
      0     0        0.0000    40      738.0000        0.0000      414  100.00%
*     0+    0                            0.0000        0.0000             0.00%
      0     0        cutoff              0.0000        0.0000      414    0.00%
Elapsed time = 0.26 sec. (178.17 ticks, tree = 0.01 MB, solutions = 2)

Root node processing (before b&c):
  Real time             =    0.26 sec. (178.45 ticks)
Sequential b&c:
  Real time             =    0.00 sec. (0.00 ticks)
                          ------------
Total (root+branch&cut) =    0.26 sec. (178.45 ticks)
Primal number of violations:	0
Dual number of violations:	0
Status:	Optimal
Time:	0.28
Sequence:
	9
	9
	9
	8
	9
	9
	9
	9
	9
	9
	9
	0
	4
	3
	0
	1
	9
	0
	5
	9
	9
	0
	1
	4
	9
	0
	5
	9
	9
	9
	9
	9
	4
	6
	9
	9
	9
	9
	9
	9
	9
	4
	9
	4
	4
	9
	4
	0
	4
	9
	9
	9
	9
	4
	9
	4
	2
	4
	9
	4
	4
	0
	4
	4
	9
	9
	9
	9
	9
	9
	9
	9
	9
	9
	9
	9
	9
	9
	9
	9
	9
	9
	9
	9
	1
	9
	1
	9
	1
	9
	0
	6
	9
	4
	0
	1
	4
	0
	4
	6
	0
	9
	9
	6
	9
	0
	9
	9
	0
	4
	5
	0
	4
	6
	0
	4
	5
	9
	0
	4
	4
	0
	1
	9
	0
	4
	1
	0
	4
	9
	4
	4
	0
	4
	1
	0
	4
	4
	0
	9
	9
	0
	4
	1
	0
	4
	1
	9
	0
	1
	4
	4
	0
	4
	1
	9
	0
	4
	4
	0
	4
	4
	0
	4
	4
	9
	9
	9
	4
	4
	9
	9
	0
	4
	4
	2
	4
	9
	4
	9
	4
	4
	9
	4
	4
	9
	4
	4
	0
	4
	9
	9
	9
	1
	4
	1
	8
	4
	9
	9
	9
	9
	1
	9
	6
	9
	1
	4
	1
	9
	4
	9
	4
	9
	4
	1
	4
	5
	9
	1
	0
	1
	9
	9
	1
	4
	1
	4
	9
	4
	2
	4
	4
	1
	4
	9
	1
	9
	1
	9
	4
	9
	9
	9
	4
	0
	4
	1
	4
	2
	4
	4
	2
	4
	9
	9
	4
	2
	4
	4
	0
	9
	1
	0
	1
	9
	6
	4
	0
	5
	4
	2
	4
	4
	0
	4
	4
	0
	4
	4
	0
	1
	4
	0
	9
	4
	4
	9
	9
	9
	9
	9
	9
	4
	4
	9
	4
	2
	4
	4
	9
	4
	4
	9
	9
	9
	9
	9
	9
	9
	9
	9
	9
	9
	0
	9
	9
	9
	9
	1
	9
	1
	4
	1
	4
