Version identifier: 22.1.0.0 | 2022-03-09 | 1a383f8ce
CPXPARAM_Threads                                 1
CPXPARAM_MIP_Strategy_VariableSelect             3
CPXPARAM_TimeLimit                               600
Tried aggregator 1 time.
MIP Presolve eliminated 304 rows and 1800 columns.
Reduced MIP has 1808 rows, 5400 columns, and 22742 nonzeros.
Reduced MIP has 4201 binaries, 1199 generals, 0 SOSs, and 0 indicators.
Presolve time = 0.02 sec. (11.51 ticks)
Found incumbent of value 729.000000 after 0.04 sec. (28.27 ticks)
Probing fixed 0 vars, tightened 1 bounds.
Probing time = 0.01 sec. (11.05 ticks)
Tried aggregator 1 time.
Detecting symmetries...
Reduced MIP has 1808 rows, 5400 columns, and 22742 nonzeros.
Reduced MIP has 4202 binaries, 1198 generals, 0 SOSs, and 0 indicators.
Presolve time = 0.02 sec. (12.48 ticks)
Probing time = 0.01 sec. (5.70 ticks)
Clique table members: 308.
MIP emphasis: balance optimality and feasibility.
MIP search method: dynamic search.
Parallel mode: none, using 1 thread.
Root relaxation solution time = 0.01 sec. (12.26 ticks)

        Nodes                                         Cuts/
   Node  Left     Objective  IInf  Best Integer    Best Bound    ItCnt     Gap

*     0+    0                          729.0000        0.0000           100.00%
      0     0        0.0000   116      729.0000        0.0000      392  100.00%
*     0+    0                            0.0000        0.0000             0.00%
      0     0        cutoff              0.0000        0.0000      392    0.00%
Elapsed time = 0.17 sec. (138.01 ticks, tree = 0.01 MB, solutions = 2)

Root node processing (before b&c):
  Real time             =    0.17 sec. (138.27 ticks)
Sequential b&c:
  Real time             =    0.00 sec. (0.00 ticks)
                          ------------
Total (root+branch&cut) =    0.17 sec. (138.27 ticks)
Primal number of violations:	0
Dual number of violations:	0
Status:	Optimal
Time:	0.18
Sequence:
	10
	4
	0
	9
	10
	0
	10
	4
	1
	0
	10
	4
	0
	10
	4
	1
	9
	1
	0
	9
	10
	4
	0
	4
	6
	9
	9
	9
	10
	9
	4
	10
	9
	9
	9
	9
	9
	9
	9
	9
	9
	9
	9
	9
	9
	9
	9
	4
	9
	4
	9
	4
	4
	9
	4
	9
	4
	9
	4
	4
	0
	4
	4
	0
	4
	10
	4
	4
	1
	4
	1
	4
	1
	4
	4
	1
	4
	4
	10
	9
	10
	0
	9
	4
	4
	10
	9
	0
	1
	4
	1
	0
	4
	10
	0
	1
	4
	4
	10
	0
	5
	9
	6
	0
	10
	9
	9
	10
	9
	10
	9
	10
	9
	9
	9
	9
	9
	9
	9
	6
	0
	4
	5
	0
	6
	9
	0
	9
	9
	9
	9
	1
	9
	9
	1
	4
	9
	1
	9
	1
	4
	9
	1
	9
	9
	9
	4
	4
	0
	4
	4
	1
	4
	9
	9
	4
	9
	4
	4
	1
	9
	1
	4
	4
	9
	4
	9
	10
	4
	4
	9
	4
	1
	4
	4
	1
	4
	4
	1
	0
	4
	4
	1
	0
	4
	1
	0
	1
	9
	9
	1
	9
	1
	4
	1
	4
	1
	4
	10
	0
	1
	4
	1
	0
	4
	4
	0
	4
	1
	4
	5
	9
	4
	1
	0
	1
	9
	1
	4
	4
	1
	4
	4
	1
	4
	4
	10
	0
	9
	6
	0
	1
	9
	9
	4
	4
	0
	10
	9
	9
	9
	4
	8
	9
	6
	9
	4
	4
	9
	9
	4
	9
	4
	9
	9
	9
	9
	9
	9
	9
	1
	4
	9
	4
	4
	1
	9
	9
	10
	9
	9
	4
	9
	4
	4
	10
	4
	4
	9
	4
	9
	0
	5
	9
	5
	0
	9
	5
	0
	5
	4
	10
	4
	10
	0
	5
	4
	1
	4
	1
