Version identifier: 22.1.0.0 | 2022-03-09 | 1a383f8ce
CPXPARAM_Threads                                 1
CPXPARAM_MIP_Strategy_VariableSelect             3
CPXPARAM_TimeLimit                               600
Tried aggregator 1 time.
MIP Presolve eliminated 1 rows and 205 columns.
Reduced MIP has 1446 rows, 4715 columns, and 25088 nonzeros.
Reduced MIP has 3691 binaries, 1024 generals, 0 SOSs, and 0 indicators.
Presolve time = 0.01 sec. (10.76 ticks)
Found incumbent of value 736.000000 after 0.04 sec. (27.47 ticks)
Probing fixed 0 vars, tightened 1 bounds.
Probing time = 0.01 sec. (10.45 ticks)
Cover probing fixed 0 vars, tightened 1 bounds.
Tried aggregator 1 time.
Detecting symmetries...
Reduced MIP has 1446 rows, 4715 columns, and 25088 nonzeros.
Reduced MIP has 3692 binaries, 1023 generals, 0 SOSs, and 0 indicators.
Presolve time = 0.02 sec. (13.26 ticks)
Probing time = 0.00 sec. (5.32 ticks)
Clique table members: 215.
MIP emphasis: balance optimality and feasibility.
MIP search method: dynamic search.
Parallel mode: none, using 1 thread.
Root relaxation solution time = 0.04 sec. (28.64 ticks)

        Nodes                                         Cuts/
   Node  Left     Objective  IInf  Best Integer    Best Bound    ItCnt     Gap

*     0+    0                          736.0000        0.0000           100.00%
      0     0        0.0000   425      736.0000        0.0000      681  100.00%
*     0+    0                            0.0000        0.0000             0.00%
      0     0        cutoff              0.0000        0.0000      681    0.00%
Elapsed time = 0.29 sec. (225.58 ticks, tree = 0.01 MB, solutions = 2)

Root node processing (before b&c):
  Real time             =    0.29 sec. (225.76 ticks)
Sequential b&c:
  Real time             =    0.00 sec. (0.00 ticks)
                          ------------
Total (root+branch&cut) =    0.29 sec. (225.76 ticks)
Primal number of violations:	0
Dual number of violations:	0
Status:	Optimal
Time:	0.29
Sequence:
	5
	9
	5
	9
	7
	9
	5
	0
	5
	4
	11
	4
	1
	8
	9
	6
	4
	3
	0
	5
	9
	5
	9
	1
	9
	1
	0
	5
	4
	1
	9
	0
	7
	9
	5
	4
	1
	0
	4
	5
	9
	5
	0
	1
	9
	5
	0
	9
	4
	5
	0
	7
	9
	6
	9
	5
	4
	9
	7
	9
	5
	4
	9
	5
	0
	7
	4
	10
	0
	6
	4
	3
	8
	9
	5
	0
	4
	7
	9
	1
	9
	1
	9
	7
	4
	1
	0
	1
	9
	4
	7
	0
	5
	9
	5
	9
	9
	9
	7
	9
	9
	1
	9
	9
	1
	9
	7
	9
	1
	9
	1
	9
	1
	9
	6
	9
	7
	9
	1
	9
	9
	1
	4
	9
	9
	7
	9
	1
	9
	1
	4
	1
	4
	7
	0
	5
	9
	5
	9
	5
	9
	1
	9
	3
	4
	1
	4
	1
	4
	9
	7
	0
	1
	9
	9
	4
	7
	9
	9
	5
	9
	4
	7
	9
	9
	1
	0
	1
	9
	7
	4
	1
	0
	1
	9
	7
	9
	5
	0
	6
	9
	7
	9
	9
	9
	5
	9
	7
	9
	9
	5
	9
	5
	4
	1
	4
	4
	3
	4
	4
	9
	5
	0
	7
	4
