Version identifier: 22.1.0.0 | 2022-03-09 | 1a383f8ce
CPXPARAM_Threads                                 1
CPXPARAM_MIP_Strategy_VariableSelect             3
CPXPARAM_TimeLimit                               600
Tried aggregator 1 time.
MIP Presolve eliminated 328 rows and 1944 columns.
Reduced MIP has 1952 rows, 5832 columns, and 26165 nonzeros.
Reduced MIP has 4536 binaries, 1296 generals, 0 SOSs, and 0 indicators.
Presolve time = 0.02 sec. (13.17 ticks)
Found incumbent of value 688.000000 after 0.05 sec. (32.09 ticks)
Probing fixed 0 vars, tightened 1 bounds.
Probing time = 0.01 sec. (10.28 ticks)
Cover probing fixed 0 vars, tightened 2 bounds.
Tried aggregator 1 time.
Detecting symmetries...
Reduced MIP has 1952 rows, 5832 columns, and 26165 nonzeros.
Reduced MIP has 4538 binaries, 1294 generals, 0 SOSs, and 0 indicators.
Presolve time = 0.02 sec. (14.46 ticks)
Probing time = 0.01 sec. (5.50 ticks)
Clique table members: 329.
MIP emphasis: balance optimality and feasibility.
MIP search method: dynamic search.
Parallel mode: none, using 1 thread.
Root relaxation solution time = 0.02 sec. (12.26 ticks)

        Nodes                                         Cuts/
   Node  Left     Objective  IInf  Best Integer    Best Bound    ItCnt     Gap

*     0+    0                          688.0000        0.0000           100.00%
      0     0        0.0000   110      688.0000        0.0000      359  100.00%
*     0+    0                            0.0000        0.0000             0.00%
      0     0        cutoff              0.0000        0.0000      359    0.00%
Elapsed time = 0.17 sec. (131.00 ticks, tree = 0.01 MB, solutions = 2)

Root node processing (before b&c):
  Real time             =    0.17 sec. (131.28 ticks)
Sequential b&c:
  Real time             =    0.00 sec. (0.00 ticks)
                          ------------
Total (root+branch&cut) =    0.17 sec. (131.28 ticks)
Primal number of violations:	0
Dual number of violations:	0
Status:	Optimal
Time:	0.19
Sequence:
	9
	9
	9
	5
	9
	9
	9
	9
	9
	9
	9
	9
	9
	9
	1
	0
	9
	9
	0
	9
	3
	0
	1
	9
	1
	0
	4
	1
	0
	9
	4
	0
	4
	1
	0
	9
	4
	0
	9
	3
	0
	9
	9
	9
	9
	9
	9
	9
	0
	9
	9
	9
	9
	9
	9
	9
	9
	9
	9
	9
	0
	4
	4
	0
	4
	3
	0
	4
	4
	0
	4
	4
	9
	9
	4
	2
	9
	4
	4
	9
	4
	9
	4
	9
	4
	0
	4
	9
	5
	0
	4
	9
	3
	0
	4
	4
	0
	4
	5
	0
	5
	9
	1
	0
	1
	9
	4
	3
	0
	4
	5
	9
	5
	0
	9
	1
	0
	9
	9
	0
	9
	5
	0
	3
	9
	0
	5
	9
	0
	7
	4
	0
	1
	9
	0
	5
	9
	0
	9
	9
	0
	3
	9
	0
	9
	9
	0
	3
	9
	1
	0
	4
	4
	0
	4
	3
	0
	9
	1
	0
	4
	3
	9
	9
	9
	9
	0
	9
	9
	9
	9
	9
	9
	7
	9
	9
	9
	9
	9
	3
	9
	9
	4
	9
	9
	9
	9
	3
	0
	4
	9
	9
	9
	9
	9
	9
	9
	9
	3
	4
	9
	1
	0
	9
	9
	0
	9
	1
	9
	0
	9
	9
	1
	9
	9
	1
	9
	9
	4
	4
	9
	9
	9
	0
	9
	9
	4
	9
	9
	9
	9
	9
	9
	4
	9
	9
	9
	0
	9
	9
	9
	9
	9
	9
	9
	9
	9
	9
	9
	0
	9
	9
	9
	9
	9
	9
	9
	9
	9
	9
	9
	9
	9
	9
	9
	9
	9
	0
	9
	9
	0
	9
	9
	9
	9
	9
	9
	9
	9
	9
	9
	9
	9
	9
	9
	9
	9
	9
	9
	9
	9
	9
	9
	9
	1
	9
	9
	9
	9
	9
	9
	9
	9
	0
	9
	9
	9
	1
	9
	9
	1
	9
	1
	9
	0
	9
	9
	9
	0
	9
	9
	9
	3
	0
