Version identifier: 22.1.1.0 | 2022-11-28 | 9160aff4d
CPXPARAM_Threads                                 1
CPXPARAM_MIP_Strategy_VariableSelect             3
CPXPARAM_TimeLimit                               599.99997897100002
1 of 1 MIP starts provided solutions.
MIP start 'm1' defined initial solution with objective 217.0000.
Tried aggregator 1 time.
MIP Presolve eliminated 18 rows and 1143 columns.
Reduced MIP has 2660 rows, 3429 columns, and 35991 nonzeros.
Reduced MIP has 3429 binaries, 0 generals, 0 SOSs, and 0 indicators.
Presolve time = 0.02 sec. (19.21 ticks)
Probing time = 0.00 sec. (2.94 ticks)
Tried aggregator 1 time.
Detecting symmetries...
Reduced MIP has 2660 rows, 3429 columns, and 35991 nonzeros.
Reduced MIP has 3429 binaries, 0 generals, 0 SOSs, and 0 indicators.
Presolve time = 0.01 sec. (20.44 ticks)
Probing time = 0.00 sec. (2.94 ticks)
Clique table members: 1515.
MIP emphasis: balance optimality and feasibility.
MIP search method: dynamic search.
Parallel mode: none, using 1 thread.
Root relaxation solution time = 0.02 sec. (24.76 ticks)

        Nodes                                         Cuts/
   Node  Left     Objective  IInf  Best Integer    Best Bound    ItCnt     Gap

*     0+    0                          217.0000     3429.0000              --- 
*     0     0      integral     0      381.0000      381.0000      745    0.00%
Elapsed time = 0.06 sec. (83.63 ticks, tree = 0.00 MB, solutions = 2)

Root node processing (before b&c):
  Real time             =    0.06 sec. (83.81 ticks)
Sequential b&c:
  Real time             =    0.00 sec. (0.00 ticks)
                          ------------
Total (root+branch&cut) =    0.06 sec. (83.81 ticks)
Primal:	381
Dual:	381
Status:	Optimal
Time:	0.08
Sequence:
	0
	9
	9
	9
	9
	10
	9
	9
	9
	9
	9
	9
	9
	3
	4
	9
	9
	9
	9
	9
	9
	1
	9
	6
	9
	9
	9
	9
	4
	9
	4
	9
	4
	4
	9
	9
	9
	9
	4
	9
	4
	4
	9
	9
	9
	4
	9
	4
	10
	1
	4
	1
	4
	1
	9
	10
	0
	4
	4
	0
	7
	4
	9
	9
	9
	9
	4
	9
	9
	9
	4
	9
	4
	9
	9
	4
	4
	9
	4
	4
	9
	9
	4
	10
	9
	4
	4
	9
	4
	9
	9
	10
	10
	10
	9
	7
	9
	1
	10
	10
	9
	1
	3
	0
	9
	9
	10
	10
	10
	4
	4
	10
	10
	10
	4
	10
	10
	4
	10
	4
	9
	7
	4
	0
	10
	4
	9
	1
	10
	0
	4
	1
	1
	4
	0
	9
	10
	0
	4
	1
	0
	9
	9
	1
	1
	9
	1
	9
	1
	1
	1
	9
	9
	1
	9
	9
	9
	4
	9
	9
	9
	1
	1
	9
	4
	9
	4
	9
	10
	4
	4
	9
	10
	10
	10
	4
	10
	10
	9
	9
	4
	9
	4
	9
	4
	4
	9
	4
	9
	4
	4
	9
	9
	10
	4
	1
	4
	10
	4
	4
	9
	4
	9
	4
	10
	7
	10
	9
	4
	0
	4
	9
	7
	6
	9
	9
	4
	4
	9
	9
	4
	6
	9
	0
	10
	7
	4
	0
	1
	9
	6
	4
	1
	1
	1
	4
	1
	1
	0
	9
	1
	0
	4
	10
	1
	0
	4
	4
	9
	4
	0
	9
	5
	6
	10
	4
	4
	10
	0
	4
	4
	0
	10
	4
	7
	0
	4
	9
	4
	4
	10
	1
	10
	4
	10
	4
	4
	10
	4
	10
	10
	4
	4
	10
	4
	4
	0
	4
	9
	4
	4
	9
	0
	4
	9
	9
	9
	9
	9
	9
	9
	9
	9
	9
	6
	9
	9
	9
	9
	6
	9
	7
	1
	9
	4
	4
	9
	6
	4
	9
	4
	10
	4
	0
	4
	10
	0
	4
	9
	4
	4
	10
	9
	4
	4
	9
	4
	4
	9
	4
	4
	9
	4
	4
	9
	4
	4
	9
	0
	9
	4
	4
	10
	9
	4
	4
	0
	10
	10
	4
	4
	10
	4
	9
	4
	10
	1
	4
	4
	1
	4
	1
	4
	9
	9
	9
	9
	9
	10
	10
	0
