Version identifier: 22.1.1.0 | 2022-11-28 | 9160aff4d
CPXPARAM_Threads                                 1
CPXPARAM_MIP_Strategy_VariableSelect             3
CPXPARAM_TimeLimit                               599.999985874
1 of 1 MIP starts provided solutions.
MIP start 'm1' defined initial solution with objective 81.0000.
Tried aggregator 1 time.
MIP Presolve eliminated 20 rows and 1090 columns.
MIP Presolve modified 4 coefficients.
Reduced MIP has 1517 rows, 1526 columns, and 15120 nonzeros.
Reduced MIP has 1526 binaries, 0 generals, 0 SOSs, and 0 indicators.
Presolve time = 0.02 sec. (9.60 ticks)
Probing time = 0.00 sec. (2.36 ticks)
Tried aggregator 1 time.
Detecting symmetries...
Reduced MIP has 1517 rows, 1526 columns, and 15120 nonzeros.
Reduced MIP has 1526 binaries, 0 generals, 0 SOSs, and 0 indicators.
Presolve time = 0.01 sec. (8.80 ticks)
Probing time = 0.00 sec. (2.36 ticks)
Clique table members: 862.
MIP emphasis: balance optimality and feasibility.
MIP search method: dynamic search.
Parallel mode: none, using 1 thread.
Root relaxation solution time = 0.03 sec. (17.50 ticks)

        Nodes                                         Cuts/
   Node  Left     Objective  IInf  Best Integer    Best Bound    ItCnt     Gap

*     0+    0                           81.0000     1526.0000              --- 
      0     0      218.0000    49       81.0000      218.0000      674  169.14%
*     0+    0                          218.0000      218.0000             0.00%
      0     0        cutoff            218.0000      218.0000      674    0.00%
Elapsed time = 0.16 sec. (98.84 ticks, tree = 0.01 MB, solutions = 2)

Root node processing (before b&c):
  Real time             =    0.16 sec. (98.94 ticks)
Sequential b&c:
  Real time             =    0.00 sec. (0.00 ticks)
                          ------------
Total (root+branch&cut) =    0.16 sec. (98.94 ticks)
Primal:	218
Dual:	218
Status:	Optimal
Time:	0.18
Sequence:
	0
	4
	5
	3
	9
	0
	9
	4
	0
	4
	9
	5
	3
	4
	0
	4
	1
	0
	6
	4
	9
	5
	9
	9
	6
	9
	0
	9
	5
	0
	5
	9
	9
	9
	0
	9
	3
	0
	6
	9
	0
	5
	9
	0
	9
	9
	0
	5
	9
	5
	5
	0
	9
	9
	6
	0
	3
	9
	9
	6
	0
	9
	9
	9
	0
	9
	5
	6
	0
	9
	5
	9
	6
	1
	1
	9
	0
	9
	3
	0
	6
	9
	0
	9
	9
	9
	9
	0
	9
	9
	9
	0
	9
	9
	9
	0
	9
	5
	0
	9
	6
	0
	9
	3
	0
	9
	9
	0
	9
	3
	6
	4
	0
	9
	6
	3
	0
	9
	5
	0
	6
	9
	0
	9
	5
	0
	9
	6
	0
	9
	9
	0
	6
	9
	3
	0
	6
	9
	0
	5
	6
	9
	0
	9
	6
	0
	9
	5
	0
	6
	9
	3
	0
	6
	9
	0
	9
	9
	0
	5
	4
	0
	6
	3
	9
	9
	0
	9
	9
	0
	9
	9
	0
	6
	9
	0
	5
	9
	0
	9
	6
	0
	5
	9
	0
	4
	6
	3
	9
	9
	0
	6
	5
	9
	3
	0
	6
	9
	5
	0
	5
	9
	5
	5
	0
	9
	5
	5
	0
	9
	1
	6
	1
	9
	0
	9
	6
	0
