Version identifier: 22.1.1.0 | 2022-11-28 | 9160aff4d
CPXPARAM_Threads                                 1
CPXPARAM_MIP_Strategy_VariableSelect             3
CPXPARAM_TimeLimit                               599.999992109
1 of 1 MIP starts provided solutions.
MIP start 'm1' defined initial solution with objective 91.0000.
Tried aggregator 1 time.
MIP Presolve eliminated 195 rows and 546 columns.
MIP Presolve modified 1 coefficients.
Reduced MIP has 1090 rows, 1638 columns, and 14246 nonzeros.
Reduced MIP has 1638 binaries, 0 generals, 0 SOSs, and 0 indicators.
Presolve time = 0.01 sec. (9.11 ticks)
Probing time = 0.00 sec. (2.60 ticks)
Tried aggregator 1 time.
Detecting symmetries...
Reduced MIP has 1090 rows, 1638 columns, and 14246 nonzeros.
Reduced MIP has 1638 binaries, 0 generals, 0 SOSs, and 0 indicators.
Presolve time = 0.01 sec. (7.91 ticks)
Probing time = 0.00 sec. (2.60 ticks)
Clique table members: 542.
MIP emphasis: balance optimality and feasibility.
MIP search method: dynamic search.
Parallel mode: none, using 1 thread.
Root relaxation solution time = 0.01 sec. (11.47 ticks)

        Nodes                                         Cuts/
   Node  Left     Objective  IInf  Best Integer    Best Bound    ItCnt     Gap

*     0+    0                           91.0000     1638.0000              --- 
      0     0      182.0000    10       91.0000      182.0000      493  100.00%
*     0+    0                          182.0000      182.0000             0.00%
      0     0        cutoff            182.0000      182.0000      493    0.00%
Elapsed time = 0.04 sec. (48.66 ticks, tree = 0.01 MB, solutions = 2)

Root node processing (before b&c):
  Real time             =    0.04 sec. (48.74 ticks)
Sequential b&c:
  Real time             =    0.00 sec. (0.00 ticks)
                          ------------
Total (root+branch&cut) =    0.04 sec. (48.74 ticks)
Primal:	182
Dual:	182
Status:	Optimal
Time:	0.03
Sequence:
	4
	9
	6
	9
	9
	9
	9
	9
	9
	9
	9
	9
	9
	9
	9
	9
	9
	9
	6
	9
	9
	9
	9
	9
	6
	4
	9
	9
	9
	9
	2
	4
	9
	9
	6
	9
	9
	9
	6
	9
	9
	9
	6
	9
	9
	9
	4
	6
	9
	9
	4
	6
	9
	9
	4
	6
	9
	4
	1
	6
	9
	5
	0
	4
	9
	6
	0
	1
	9
	3
	9
	6
	5
	0
	9
	6
	9
	9
	9
	6
	5
	9
	9
	9
	9
	6
	5
	9
	4
	6
	9
	5
	9
	6
	5
	9
	9
	6
	9
	0
	9
	6
	4
	9
	0
	6
	9
	5
	10
	9
	6
	0
	10
	9
	5
	0
	9
	6
	0
	9
	5
	2
	5
	6
	1
	4
	10
	2
	6
	5
	1
	4
	1
	5
	6
	9
	9
	9
	9
	6
	9
	9
	9
	6
	5
	9
	9
	6
	4
	9
	4
	10
	1
	6
	2
	1
	9
	2
	9
	9
	2
	4
	6
	2
	5
	9
	2
	9
	6
	4
	0
	4
	6
	1
	1
	9
	6
	1
	2
	5
	6
	1
