Version identifier: 22.1.0.0 | 2022-03-09 | 1a383f8ce
CPXPARAM_Threads                                 1
CPXPARAM_MIP_Strategy_VariableSelect             3
CPXPARAM_TimeLimit                               599.99997872400002
1 of 1 MIP starts provided solutions.
MIP start 'm1' defined initial solution with objective 131.0000.
Tried aggregator 1 time.
MIP Presolve eliminated 17 rows and 319 columns.
MIP Presolve modified 5 coefficients.
Reduced MIP has 2546 rows, 3509 columns, and 38367 nonzeros.
Reduced MIP has 3509 binaries, 0 generals, 0 SOSs, and 0 indicators.
Presolve time = 0.03 sec. (21.85 ticks)
Probing time = 0.00 sec. (5.16 ticks)
Tried aggregator 1 time.
Detecting symmetries...
Reduced MIP has 2546 rows, 3509 columns, and 38367 nonzeros.
Reduced MIP has 3509 binaries, 0 generals, 0 SOSs, and 0 indicators.
Presolve time = 0.03 sec. (22.46 ticks)
Probing time = 0.00 sec. (5.16 ticks)
Clique table members: 1586.
MIP emphasis: balance optimality and feasibility.
MIP search method: dynamic search.
Parallel mode: none, using 1 thread.
Root relaxation solution time = 0.04 sec. (30.56 ticks)

        Nodes                                         Cuts/
   Node  Left     Objective  IInf  Best Integer    Best Bound    ItCnt     Gap

*     0+    0                          131.0000     3509.0000              --- 
      0     0      319.0000    65      131.0000      319.0000      844  143.51%
*     0+    0                          319.0000      319.0000             0.00%
      0     0        cutoff            319.0000      319.0000      844    0.00%
Elapsed time = 0.19 sec. (179.48 ticks, tree = 0.01 MB, solutions = 2)

Root node processing (before b&c):
  Real time             =    0.19 sec. (179.63 ticks)
Sequential b&c:
  Real time             =    0.00 sec. (0.00 ticks)
                          ------------
Total (root+branch&cut) =    0.19 sec. (179.63 ticks)
Primal:	319
Dual:	319
Status:	Optimal
Time:	0.21
Sequence:
	0
	9
	9
	0
	1
	9
	9
	9
	6
	9
	0
	4
	6
	9
	8
	9
	9
	6
	0
	9
	9
	9
	9
	9
	6
	9
	9
	0
	10
	9
	10
	9
	9
	10
	9
	9
	9
	9
	9
	9
	4
	1
	4
	9
	6
	0
	1
	4
	10
	9
	6
	4
	0
	9
	9
	9
	9
	9
	9
	9
	9
	9
	4
	9
	4
	9
	9
	9
	9
	4
	9
	4
	0
	4
	10
	0
	9
	9
	9
	5
	0
	4
	3
	0
	10
	4
	1
	4
	0
	9
	6
	4
	0
	9
	4
	0
	9
	9
	4
	0
	6
	9
	0
	10
	9
	9
	4
	5
	0
	4
	6
	0
	9
	9
	1
	4
	0
	6
	9
	9
	4
	4
	9
	6
	0
	4
	9
	4
	0
	9
	4
	6
	9
	9
	4
	9
	9
	4
	9
	9
	0
	4
	9
	0
	9
	9
	1
	0
	9
	6
	0
	9
	9
	9
	9
	0
	4
	9
	0
	9
	9
	9
	9
	9
	9
	9
	9
	9
	9
	9
	9
	9
	9
	9
	9
	9
	6
	9
	9
	0
	4
	9
	6
	0
	9
	4
	1
	4
	0
	6
	9
	0
	9
	4
	0
	4
	6
	0
	4
	1
	0
	11
	4
	0
	6
	4
	0
	3
	4
	0
	6
	9
	4
	1
	0
	6
	9
	1
	4
	0
	6
	4
	0
	1
	4
	4
	0
	6
	9
	0
	1
	4
	4
	0
	4
	4
	0
	4
	4
	0
	1
	4
	1
	4
	9
	1
	0
	1
	4
	0
	1
	4
	1
	4
	6
	0
	4
	1
	2
	6
	4
	9
	0
	4
	10
	0
	4
	5
	9
	0
	4
	4
	0
	4
	4
	0
	9
	4
	4
	1
	4
	4
	1
	2
	4
	9
	10
	0
	4
	4
	0
	4
	4
	1
	4
	0
	4
	6
	0
	4
	1
	0
	6
	9
	4
	9
	0
	9
	9
	10
	4
	0
	1
	9
	0
	6
	9
	10
	0
