Version identifier: 22.1.0.0 | 2022-03-09 | 1a383f8ce
CPXPARAM_Threads                                 1
CPXPARAM_MIP_Strategy_VariableSelect             3
CPXPARAM_TimeLimit                               599.99997686899997
1 of 1 MIP starts provided solutions.
MIP start 'm1' defined initial solution with objective 105.0000.
Tried aggregator 1 time.
MIP Presolve eliminated 236 rows and 777 columns.
MIP Presolve modified 2 coefficients.
Reduced MIP has 664 rows, 555 columns, and 5486 nonzeros.
Reduced MIP has 555 binaries, 0 generals, 0 SOSs, and 0 indicators.
Presolve time = 0.01 sec. (4.24 ticks)
Probing time = 0.00 sec. (2.81 ticks)
Tried aggregator 1 time.
Detecting symmetries...
MIP Presolve eliminated 1 rows and 0 columns.
Reduced MIP has 663 rows, 555 columns, and 5482 nonzeros.
Reduced MIP has 555 binaries, 0 generals, 0 SOSs, and 0 indicators.
Presolve time = 0.00 sec. (3.40 ticks)
Probing time = 0.00 sec. (2.81 ticks)
Clique table members: 331.
MIP emphasis: balance optimality and feasibility.
MIP search method: dynamic search.
Parallel mode: none, using 1 thread.
Root relaxation solution time = 0.01 sec. (4.43 ticks)

        Nodes                                         Cuts/
   Node  Left     Objective  IInf  Best Integer    Best Bound    ItCnt     Gap

*     0+    0                          105.0000      555.0000           428.57%
*     0     0      integral     0      111.0000      111.0000      289    0.00%
Elapsed time = 0.02 sec. (20.15 ticks, tree = 0.00 MB, solutions = 2)

Root node processing (before b&c):
  Real time             =    0.02 sec. (20.20 ticks)
Sequential b&c:
  Real time             =    0.00 sec. (0.00 ticks)
                          ------------
Total (root+branch&cut) =    0.02 sec. (20.20 ticks)
Primal:	111
Dual:	111
Status:	Optimal
Time:	0.02
Sequence:
	9
	4
	4
	9
	4
	0
	9
	9
	4
	4
	0
	9
	9
	4
	0
	4
	4
	1
	4
	4
	0
	9
	1
	9
	0
	9
	9
	4
	0
	4
	4
	0
	9
	4
	9
	9
	4
	0
	4
	4
	0
	4
	4
	0
	9
	9
	4
	0
	4
	9
	0
	4
	4
	0
	4
	4
	9
	4
	4
	9
	4
	4
	9
	9
	0
	4
	1
	4
	9
	4
	9
	4
	9
	0
	4
	5
	0
	9
	4
	4
	0
	9
	4
	4
	0
	4
	4
	1
	4
	4
	0
	4
	4
	0
	4
	1
	4
	0
	9
	9
	9
	9
	9
	9
	9
	9
	9
	9
	9
	9
	0
