Version identifier: 22.1.0.0 | 2022-03-09 | 1a383f8ce
CPXPARAM_Threads                                 1
CPXPARAM_MIP_Strategy_VariableSelect             3
CPXPARAM_TimeLimit                               599.99998564700002
1 of 1 MIP starts provided solutions.
MIP start 'm1' defined initial solution with objective 75.0000.
Tried aggregator 1 time.
MIP Presolve eliminated 20 rows and 1115 columns.
MIP Presolve modified 5 coefficients.
Reduced MIP has 1775 rows, 1561 columns, and 17252 nonzeros.
Reduced MIP has 1561 binaries, 0 generals, 0 SOSs, and 0 indicators.
Presolve time = 0.01 sec. (11.15 ticks)
Probing time = 0.00 sec. (2.40 ticks)
Tried aggregator 1 time.
Detecting symmetries...
Reduced MIP has 1775 rows, 1561 columns, and 17252 nonzeros.
Reduced MIP has 1561 binaries, 0 generals, 0 SOSs, and 0 indicators.
Presolve time = 0.01 sec. (10.50 ticks)
Probing time = 0.00 sec. (2.40 ticks)
Clique table members: 1104.
MIP emphasis: balance optimality and feasibility.
MIP search method: dynamic search.
Parallel mode: none, using 1 thread.
Root relaxation solution time = 0.02 sec. (18.25 ticks)

        Nodes                                         Cuts/
   Node  Left     Objective  IInf  Best Integer    Best Bound    ItCnt     Gap

*     0+    0                           75.0000     1561.0000              --- 
      0     0      223.0000    88       75.0000      223.0000      935  197.33%
*     0+    0                          223.0000      223.0000             0.00%
      0     0        cutoff            223.0000      223.0000      935    0.00%
Elapsed time = 0.11 sec. (81.39 ticks, tree = 0.01 MB, solutions = 2)

Root node processing (before b&c):
  Real time             =    0.11 sec. (81.50 ticks)
Sequential b&c:
  Real time             =    0.00 sec. (0.00 ticks)
                          ------------
Total (root+branch&cut) =    0.11 sec. (81.50 ticks)
Primal:	223
Dual:	223
Status:	Optimal
Time:	0.12
Sequence:
	9
	6
	4
	1
	0
	1
	9
	9
	5
	0
	6
	4
	1
	4
	1
	4
	6
	9
	9
	9
	9
	9
	9
	9
	9
	9
	9
	9
	9
	9
	9
	9
	9
	9
	9
	9
	9
	9
	9
	9
	9
	9
	9
	4
	9
	4
	9
	9
	9
	4
	9
	0
	4
	9
	0
	1
	9
	4
	1
	9
	4
	1
	0
	1
	9
	0
	9
	9
	1
	0
	1
	4
	4
	0
	9
	4
	5
	0
	4
	1
	0
	6
	4
	0
	1
	4
	5
	0
	6
	4
	3
	0
	5
	9
	0
	1
	4
	1
	0
	9
	1
	4
	9
	4
	9
	0
	5
	9
	4
	5
	9
	6
	0
	4
	1
	9
	5
	4
	9
	1
	9
	5
	0
	4
	1
	0
	9
	5
	9
	9
	0
	6
	4
	1
	0
	1
	4
	1
	0
	5
	4
	3
	0
	1
	9
	6
	4
	1
	9
	1
	9
	9
	6
	0
	9
	9
	0
	4
	1
	9
	1
	4
	1
	4
	1
	0
	5
	4
	9
	9
	1
	9
	0
	5
	9
	9
	4
	1
	4
	9
	4
	9
	9
	1
	9
	4
	4
	1
	4
	1
	0
	6
	4
	0
	1
	4
	1
	4
	5
	0
	6
	4
	0
	9
	6
	4
	0
	1
	4
	5
	0
	5
	9
	1
	0
	1
	4
	5
	0
	6
	9
	4
	5
