Version identifier: 22.1.0.0 | 2022-03-09 | 1a383f8ce
CPXPARAM_Threads                                 1
CPXPARAM_MIP_Strategy_VariableSelect             3
CPXPARAM_TimeLimit                               599.99999090999995
1 of 1 MIP starts provided solutions.
MIP start 'm1' defined initial solution with objective 3.0000.
Tried aggregator 1 time.
MIP Presolve eliminated 43 rows and 56 columns.
MIP Presolve modified 5 coefficients.
Reduced MIP has 32 rows, 40 columns, and 240 nonzeros.
Reduced MIP has 40 binaries, 0 generals, 0 SOSs, and 0 indicators.
Presolve time = 0.00 sec. (0.27 ticks)
Probing time = 0.00 sec. (0.07 ticks)
Tried aggregator 1 time.
Detecting symmetries...
Reduced MIP has 32 rows, 40 columns, and 240 nonzeros.
Reduced MIP has 40 binaries, 0 generals, 0 SOSs, and 0 indicators.
Presolve time = 0.00 sec. (0.16 ticks)
Probing time = 0.00 sec. (0.07 ticks)
Clique table members: 17.
MIP emphasis: balance optimality and feasibility.
MIP search method: dynamic search.
Parallel mode: none, using 1 thread.
Root relaxation solution time = 0.00 sec. (0.09 ticks)

        Nodes                                         Cuts/
   Node  Left     Objective  IInf  Best Integer    Best Bound    ItCnt     Gap

*     0+    0                            3.0000       40.0000              --- 
*     0     0      integral     0        8.0000        8.0000       23    0.00%
Elapsed time = 0.00 sec. (0.80 ticks, tree = 0.00 MB, solutions = 2)

Root node processing (before b&c):
  Real time             =    0.00 sec. (0.80 ticks)
Sequential b&c:
  Real time             =    0.00 sec. (0.00 ticks)
                          ------------
Total (root+branch&cut) =    0.00 sec. (0.80 ticks)
Primal:	8
Dual:	8
Status:	Optimal
Time:	0
Sequence:
	0
	9
	4
	9
	8
	5
	9
	0
