Version identifier: 22.1.0.0 | 2022-03-09 | 1a383f8ce
CPXPARAM_Threads                                 1
CPXPARAM_MIP_Strategy_VariableSelect             3
CPXPARAM_TimeLimit                               599.99998882099999
1 of 1 MIP starts provided solutions.
MIP start 'm1' defined initial solution with objective 1.0000.
Tried aggregator 1 time.
MIP Presolve eliminated 20 rows and 12 columns.
All rows and columns eliminated.
Presolve time = 0.00 sec. (0.01 ticks)

Root node processing (before b&c):
  Real time             =    0.00 sec. (0.02 ticks)
Sequential b&c:
  Real time             =    0.00 sec. (0.00 ticks)
                          ------------
Total (root+branch&cut) =    0.00 sec. (0.02 ticks)
Primal:	1
Dual:	1
Status:	Optimal
Time:	0
Sequence:
	2
