Version identifier: 22.1.0.0 | 2022-03-09 | 1a383f8ce
CPXPARAM_Threads                                 1
CPXPARAM_MIP_Strategy_VariableSelect             3
CPXPARAM_TimeLimit                               599.99997336000001
1 of 1 MIP starts provided solutions.
MIP start 'm1' defined initial solution with objective 87.0000.
Tried aggregator 1 time.
MIP Presolve eliminated 17 rows and 432 columns.
MIP Presolve modified 5 coefficients.
Reduced MIP has 1722 rows, 2160 columns, and 24408 nonzeros.
Reduced MIP has 2160 binaries, 0 generals, 0 SOSs, and 0 indicators.
Presolve time = 0.03 sec. (14.20 ticks)
Probing time = 0.00 sec. (2.73 ticks)
Tried aggregator 1 time.
Detecting symmetries...
Reduced MIP has 1722 rows, 2160 columns, and 24408 nonzeros.
Reduced MIP has 2160 binaries, 0 generals, 0 SOSs, and 0 indicators.
Presolve time = 0.02 sec. (14.30 ticks)
Probing time = 0.00 sec. (2.73 ticks)
Clique table members: 1069.
MIP emphasis: balance optimality and feasibility.
MIP search method: dynamic search.
Parallel mode: none, using 1 thread.
Root relaxation solution time = 0.05 sec. (32.59 ticks)

        Nodes                                         Cuts/
   Node  Left     Objective  IInf  Best Integer    Best Bound    ItCnt     Gap

*     0+    0                           87.0000     2160.0000              --- 
      0     0      216.0000   116       87.0000      216.0000      919  148.28%
*     0+    0                          216.0000      216.0000             0.00%
      0     0        cutoff            216.0000      216.0000      919    0.00%
Elapsed time = 0.25 sec. (158.62 ticks, tree = 0.01 MB, solutions = 2)

Root node processing (before b&c):
  Real time             =    0.25 sec. (158.73 ticks)
Sequential b&c:
  Real time             =    0.00 sec. (0.00 ticks)
                          ------------
Total (root+branch&cut) =    0.25 sec. (158.73 ticks)
Primal:	216
Dual:	216
Status:	Optimal
Time:	0.27
Sequence:
	9
	7
	9
	9
	9
	10
	9
	11
	4
	10
	9
	5
	9
	5
	9
	11
	9
	9
	9
	9
	9
	9
	9
	9
	9
	9
	9
	9
	7
	4
	1
	4
	5
	9
	2
	7
	9
	1
	9
	9
	9
	9
	1
	9
	2
	5
	9
	7
	4
	9
	9
	4
	9
	9
	9
	1
	0
	1
	9
	7
	4
	0
	9
	9
	9
	7
	9
	9
	9
	5
	2
	5
	4
	0
	9
	7
	9
	0
	6
	4
	0
	9
	10
	9
	7
	4
	10
	4
	9
	5
	9
	9
	9
	9
	7
	4
	9
	4
	4
	9
	9
	9
	4
	7
	9
	10
	4
	4
	1
	4
	7
	2
	1
	4
	5
	2
	7
	4
	10
	4
	4
	1
	4
	2
	5
	9
	5
	0
	5
	9
	7
	2
	5
	4
	0
	5
	4
	10
	4
	0
	9
	9
	4
	0
	9
	6
	4
	1
	4
	7
	2
	1
	9
	4
	1
	4
	1
	2
	1
	4
	0
	4
	5
	0
	6
	4
	0
	1
	4
	7
	9
	9
	2
	5
	9
	4
	9
	7
	2
	5
	9
	1
	4
	1
	4
	2
	5
	9
	11
	4
	6
	9
	1
	9
	4
	7
	9
	1
	2
	1
	4
	0
	1
	4
	1
	4
	4
	9
	5
	9
	1
	9
	2
	5
	9
	7
