Version identifier: 22.1.1.0 | 2022-11-28 | 9160aff4d
CPXPARAM_Threads                                 1
CPXPARAM_MIP_Strategy_VariableSelect             3
CPXPARAM_TimeLimit                               599.99999102100003
1 of 1 MIP starts provided solutions.
MIP start 'm1' defined initial solution with objective 170.0000.
Tried aggregator 1 time.
MIP Presolve eliminated 314 rows and 897 columns.
Reduced MIP has 1790 rows, 2691 columns, and 23776 nonzeros.
Reduced MIP has 2691 binaries, 0 generals, 0 SOSs, and 0 indicators.
Presolve time = 0.01 sec. (13.08 ticks)
Probing time = 0.00 sec. (2.68 ticks)
Tried aggregator 1 time.
Detecting symmetries...
Reduced MIP has 1790 rows, 2691 columns, and 23776 nonzeros.
Reduced MIP has 2691 binaries, 0 generals, 0 SOSs, and 0 indicators.
Presolve time = 0.01 sec. (13.45 ticks)
Probing time = 0.00 sec. (2.68 ticks)
Clique table members: 890.
MIP emphasis: balance optimality and feasibility.
MIP search method: dynamic search.
Parallel mode: none, using 1 thread.
Root relaxation solution time = 0.01 sec. (18.19 ticks)

        Nodes                                         Cuts/
   Node  Left     Objective  IInf  Best Integer    Best Bound    ItCnt     Gap

*     0+    0                          170.0000     2691.0000              --- 
*     0     0      integral     0      299.0000      299.0000      623    0.00%
Elapsed time = 0.05 sec. (59.34 ticks, tree = 0.00 MB, solutions = 2)

Root node processing (before b&c):
  Real time             =    0.05 sec. (59.48 ticks)
Sequential b&c:
  Real time             =    0.00 sec. (0.00 ticks)
                          ------------
Total (root+branch&cut) =    0.05 sec. (59.48 ticks)
Primal:	299
Dual:	299
Status:	Optimal
Time:	0.05
Sequence:
	5
	1
	9
	9
	9
	9
	9
	9
	9
	9
	9
	9
	9
	9
	9
	9
	9
	9
	9
	9
	9
	9
	9
	9
	10
	10
	9
	10
	10
	10
	8
	9
	5
	9
	9
	9
	9
	9
	9
	9
	9
	9
	9
	9
	9
	9
	9
	5
	9
	9
	9
	9
	9
	9
	5
	0
	5
	9
	5
	5
	9
	5
	9
	10
	5
	5
	9
	9
	9
	9
	9
	9
	9
	9
	9
	9
	9
	1
	1
	1
	9
	9
	0
	9
	5
	10
	9
	9
	0
	1
	1
	9
	9
	1
	9
	1
	0
	9
	1
	0
	9
	1
	1
	9
	0
	5
	4
	1
	1
	9
	9
	1
	9
	9
	4
	4
	9
	9
	4
	4
	9
	9
	9
	9
	9
	9
	9
	9
	9
	9
	9
	9
	9
	9
	9
	9
	9
	9
	9
	9
	9
	9
	9
	9
	9
	9
	9
	9
	9
	9
	4
	1
	2
	9
	9
	10
	9
	5
	0
	9
	9
	0
	10
	1
	4
	5
	0
	5
	4
	1
	4
	5
	9
	9
	4
	0
	4
	1
	4
	8
	9
	5
	4
	9
	2
	5
	4
	1
	0
	1
	9
	5
	0
	10
	4
	3
	0
	4
	5
	1
	0
	4
	5
	1
	9
	5
	1
	4
	1
	5
	2
	5
	4
	3
	5
	4
	9
	9
	0
	9
	9
	9
	9
	9
	9
	9
	9
	0
	9
	9
	9
	10
	0
	9
	9
	9
	9
	5
	0
	9
	9
	9
	9
	9
	9
	9
	9
	9
	9
	9
	9
	9
	9
	9
	9
	9
	9
	9
	9
	9
	9
	9
	8
	9
	5
	3
	4
	9
	4
	10
	5
	9
	9
	9
	0
	1
	3
	9
	9
	9
	1
	4
	3
	1
	9
	5
	1
	9
	5
	5
	1
	4
	1
	1
	9
	5
	4
	0
	10
