Version identifier: 22.1.0.0 | 2022-03-09 | 1a383f8ce
CPXPARAM_Threads                                 1
CPXPARAM_MIP_Strategy_VariableSelect             3
CPXPARAM_TimeLimit                               599.99593430000004
Found incumbent of value 0.000000 after 0.00 sec. (0.54 ticks)

Root node processing (before b&c):
  Real time             =    0.00 sec. (0.61 ticks)
Sequential b&c:
  Real time             =    0.00 sec. (0.00 ticks)
                          ------------
Total (root+branch&cut) =    0.00 sec. (0.61 ticks)
Version identifier: 22.1.0.0 | 2022-03-09 | 1a383f8ce
CPXPARAM_Threads                                 1
CPXPARAM_MIP_Strategy_VariableSelect             3
CPXPARAM_TimeLimit                               599.97126619200003
Found incumbent of value 0.000000 after 0.00 sec. (0.59 ticks)

Root node processing (before b&c):
  Real time             =    0.00 sec. (0.67 ticks)
Sequential b&c:
  Real time             =    0.00 sec. (0.00 ticks)
                          ------------
Total (root+branch&cut) =    0.00 sec. (0.67 ticks)
Version identifier: 22.1.0.0 | 2022-03-09 | 1a383f8ce
CPXPARAM_Threads                                 1
CPXPARAM_MIP_Strategy_VariableSelect             3
CPXPARAM_TimeLimit                               599.94636920599999
Found incumbent of value 0.000000 after 0.00 sec. (0.62 ticks)

Root node processing (before b&c):
  Real time             =    0.00 sec. (0.70 ticks)
Sequential b&c:
  Real time             =    0.00 sec. (0.00 ticks)
                          ------------
Total (root+branch&cut) =    0.00 sec. (0.70 ticks)
Version identifier: 22.1.0.0 | 2022-03-09 | 1a383f8ce
CPXPARAM_Threads                                 1
CPXPARAM_MIP_Strategy_VariableSelect             3
CPXPARAM_TimeLimit                               599.92027070799998
Tried aggregator 1 time.
MIP Presolve eliminated 18 rows and 756 columns.
Reduced MIP has 2640 rows, 3780 columns, and 34202 nonzeros.
Reduced MIP has 3780 binaries, 0 generals, 0 SOSs, and 0 indicators.
Presolve time = 0.02 sec. (18.58 ticks)
Found incumbent of value 0.000000 after 0.07 sec. (52.72 ticks)

Root node processing (before b&c):
  Real time             =    0.08 sec. (52.89 ticks)
Sequential b&c:
  Real time             =    0.00 sec. (0.00 ticks)
                          ------------
Total (root+branch&cut) =    0.08 sec. (52.89 ticks)
Version identifier: 22.1.0.0 | 2022-03-09 | 1a383f8ce
CPXPARAM_Threads                                 1
CPXPARAM_MIP_Strategy_VariableSelect             3
CPXPARAM_TimeLimit                               599.81890878800004
Tried aggregator 1 time.
MIP Presolve eliminated 18 rows and 764 columns.
Reduced MIP has 2668 rows, 3820 columns, and 34566 nonzeros.
Reduced MIP has 3820 binaries, 0 generals, 0 SOSs, and 0 indicators.
Presolve time = 0.02 sec. (18.77 ticks)
Probing time = 0.00 sec. (2.89 ticks)
Tried aggregator 1 time.
Detecting symmetries...
Reduced MIP has 2668 rows, 3820 columns, and 34566 nonzeros.
Reduced MIP has 3820 binaries, 0 generals, 0 SOSs, and 0 indicators.
Presolve time = 0.02 sec. (21.74 ticks)
Probing time = 0.00 sec. (2.89 ticks)
Clique table members: 1900.
MIP emphasis: balance optimality and feasibility.
MIP search method: dynamic search.
Parallel mode: none, using 1 thread.
Root relaxation solution time = 0.03 sec. (28.68 ticks)

        Nodes                                         Cuts/
   Node  Left     Objective  IInf  Best Integer    Best Bound    ItCnt     Gap

      0     0        0.0000   168                      0.0000      625         
*     0+    0                            0.0000        0.0000             0.00%
      0     0        cutoff              0.0000        0.0000      625    0.00%
Elapsed time = 0.20 sec. (159.33 ticks, tree = 0.01 MB, solutions = 1)

Root node processing (before b&c):
  Real time             =    0.20 sec. (159.47 ticks)
Sequential b&c:
  Real time             =    0.00 sec. (0.00 ticks)
                          ------------
Total (root+branch&cut) =    0.20 sec. (159.47 ticks)
Version identifier: 22.1.0.0 | 2022-03-09 | 1a383f8ce
CPXPARAM_Threads                                 1
CPXPARAM_MIP_Strategy_VariableSelect             3
CPXPARAM_TimeLimit                               599.58933258299999
Tried aggregator 1 time.
MIP Presolve eliminated 18 rows and 768 columns.
Reduced MIP has 2682 rows, 3840 columns, and 34748 nonzeros.
Reduced MIP has 3840 binaries, 0 generals, 0 SOSs, and 0 indicators.
Presolve time = 0.02 sec. (18.87 ticks)
Probing time = 0.00 sec. (2.90 ticks)
Tried aggregator 1 time.
Detecting symmetries...
Reduced MIP has 2682 rows, 3840 columns, and 34748 nonzeros.
Reduced MIP has 3840 binaries, 0 generals, 0 SOSs, and 0 indicators.
Presolve time = 0.03 sec. (21.86 ticks)
Probing time = 0.00 sec. (2.90 ticks)
Clique table members: 1910.
MIP emphasis: balance optimality and feasibility.
MIP search method: dynamic search.
Parallel mode: none, using 1 thread.
Root relaxation solution time = 0.03 sec. (27.56 ticks)

        Nodes                                         Cuts/
   Node  Left     Objective  IInf  Best Integer    Best Bound    ItCnt     Gap

      0     0        0.0000   122                      0.0000      560         
*     0+    0                            0.0000        0.0000             0.00%
      0     0        cutoff              0.0000        0.0000      560    0.00%
Elapsed time = 0.29 sec. (224.75 ticks, tree = 0.01 MB, solutions = 1)

Root node processing (before b&c):
  Real time             =    0.29 sec. (224.89 ticks)
Sequential b&c:
  Real time             =    0.00 sec. (0.00 ticks)
                          ------------
Total (root+branch&cut) =    0.29 sec. (224.89 ticks)
Version identifier: 22.1.0.0 | 2022-03-09 | 1a383f8ce
CPXPARAM_Threads                                 1
CPXPARAM_MIP_Strategy_VariableSelect             3
CPXPARAM_TimeLimit                               599.26712427400003
Tried aggregator 1 time.
MIP Presolve eliminated 18 rows and 770 columns.
Reduced MIP has 2689 rows, 3850 columns, and 34839 nonzeros.
Reduced MIP has 3850 binaries, 0 generals, 0 SOSs, and 0 indicators.
Presolve time = 0.02 sec. (18.91 ticks)
Probing time = 0.00 sec. (2.90 ticks)
Tried aggregator 1 time.
Detecting symmetries...
Reduced MIP has 2689 rows, 3850 columns, and 34839 nonzeros.
Reduced MIP has 3850 binaries, 0 generals, 0 SOSs, and 0 indicators.
Presolve time = 0.03 sec. (21.90 ticks)
Probing time = 0.00 sec. (2.90 ticks)
Clique table members: 1915.
MIP emphasis: balance optimality and feasibility.
MIP search method: dynamic search.
Parallel mode: none, using 1 thread.
Root relaxation solution time = 0.03 sec. (28.03 ticks)

        Nodes                                         Cuts/
   Node  Left     Objective  IInf  Best Integer    Best Bound    ItCnt     Gap

      0     0        0.0000   130                      0.0000      577         
*     0+    0                            0.0000        0.0000             0.00%
      0     0        cutoff              0.0000        0.0000      577    0.00%
Elapsed time = 0.28 sec. (212.21 ticks, tree = 0.01 MB, solutions = 1)

Root node processing (before b&c):
  Real time             =    0.28 sec. (212.35 ticks)
Sequential b&c:
  Real time             =    0.00 sec. (0.00 ticks)
                          ------------
Total (root+branch&cut) =    0.28 sec. (212.35 ticks)
Version identifier: 22.1.0.0 | 2022-03-09 | 1a383f8ce
CPXPARAM_Threads                                 1
CPXPARAM_MIP_Strategy_VariableSelect             3
CPXPARAM_TimeLimit                               598.96377664800002
Tried aggregator 1 time.
MIP Presolve eliminated 18 rows and 772 columns.
Reduced MIP has 2696 rows, 3860 columns, and 34930 nonzeros.
Reduced MIP has 3860 binaries, 0 generals, 0 SOSs, and 0 indicators.
Presolve time = 0.02 sec. (18.97 ticks)
Probing time = 0.00 sec. (2.90 ticks)
Tried aggregator 1 time.
Detecting symmetries...
Reduced MIP has 2696 rows, 3860 columns, and 34930 nonzeros.
Reduced MIP has 3860 binaries, 0 generals, 0 SOSs, and 0 indicators.
Presolve time = 0.03 sec. (21.97 ticks)
Probing time = 0.00 sec. (2.90 ticks)
Clique table members: 1920.
MIP emphasis: balance optimality and feasibility.
MIP search method: dynamic search.
Parallel mode: none, using 1 thread.
Root relaxation solution time = 0.03 sec. (30.31 ticks)

        Nodes                                         Cuts/
   Node  Left     Objective  IInf  Best Integer    Best Bound    ItCnt     Gap

      0     0        0.0000   240                      0.0000      638         
*     0+    0                            0.0000        0.0000             0.00%
      0     0        cutoff              0.0000        0.0000      638    0.00%
Elapsed time = 0.32 sec. (249.11 ticks, tree = 0.01 MB, solutions = 1)

Root node processing (before b&c):
  Real time             =    0.32 sec. (249.26 ticks)
Sequential b&c:
  Real time             =    0.00 sec. (0.00 ticks)
                          ------------
Total (root+branch&cut) =    0.32 sec. (249.26 ticks)
Primal:	386
Dual:	386
Status:	Optimal
Time:	1.37761
Sequence:
	9
	9
	9
	6
	9
	9
	5
	4
	9
	4
	9
	9
	9
	9
	1
	9
	9
	5
	9
	9
	5
	9
	9
	6
	9
	9
	9
	9
	4
	9
	9
	4
	9
	4
	5
	9
	5
	9
	5
	9
	4
	9
	9
	9
	9
	9
	6
	9
	9
	1
	9
	9
	9
	1
	9
	9
	1
	9
	1
	9
	9
	1
	9
	9
	9
	4
	1
	4
	9
	9
	9
	5
	4
	9
	9
	9
	6
	9
	9
	5
	4
	1
	9
	9
	9
	9
	4
	9
	9
	5
	4
	9
	9
	9
	9
	9
	9
	5
	4
	9
	9
	11
	4
	0
	6
	4
	0
	5
	9
	5
	0
	11
	4
	4
	1
	4
	0
	6
	4
	11
	2
	4
	5
	0
	4
	1
	9
	1
	4
	5
	9
	6
	2
	4
	1
	4
	4
	1
	0
	9
	6
	4
	1
	4
	5
	0
	4
	1
	0
	5
	4
	9
	4
	9
	0
	5
	9
	6
	4
	1
	4
	11
	4
	0
	5
	4
	1
	0
	4
	1
	4
	5
	2
	4
	5
	0
	4
	1
	4
	5
	9
	9
	4
	4
	11
	9
	1
	4
	0
	5
	4
	9
	5
	0
	5
	4
	0
	1
	4
	11
	4
	0
	5
	4
	2
	5
	9
	5
	9
	4
	4
	0
	6
	4
	0
	11
	9
	1
	0
	4
	1
	0
	4
	5
	0
	4
	5
	2
	11
	4
	1
	9
	0
	5
	4
	1
	4
	4
	11
	0
	5
	9
	9
	1
	4
	4
	0
	1
	9
	4
	5
	0
	11
	4
	5
	9
	5
	0
	9
	9
	3
	0
	6
	4
	0
	9
	6
	4
	0
	5
	4
	0
	5
	4
	11
	0
	5
	9
	5
	9
	9
	0
	6
	4
	1
	2
	4
	4
	9
	1
	0
	9
	4
	9
	4
	0
	4
	6
	9
	8
	5
	9
	5
	9
	9
	0
	5
	4
	0
	11
	4
	0
	5
	4
	1
	0
	6
	4
	0
	11
	4
	5
	9
	1
	4
	5
	0
	9
	9
	5
	0
	5
	4
	11
	9
	5
	0
	5
	9
	1
	9
	1
	0
	5
	4
	1
	9
	0
	5
	4
	1
	2
	1
	4
	6
	0
	5
	9
	4
	5
	9
	11
	0
	5
	9
	1
	0
	1
	4
	4
	0
	5
	4
	0
	11
	4
	9
	5
	0
	1
	4
	4
	0
	4
	3
	4
