Version identifier: 22.1.0.0 | 2022-03-09 | 1a383f8ce
CPXPARAM_Threads                                 1
CPXPARAM_MIP_Strategy_VariableSelect             3
CPXPARAM_TimeLimit                               599.99813538800004
Found incumbent of value 0.000000 after 0.00 sec. (0.27 ticks)

Root node processing (before b&c):
  Real time             =    0.00 sec. (0.30 ticks)
Sequential b&c:
  Real time             =    0.00 sec. (0.00 ticks)
                          ------------
Total (root+branch&cut) =    0.00 sec. (0.30 ticks)
Version identifier: 22.1.0.0 | 2022-03-09 | 1a383f8ce
CPXPARAM_Threads                                 1
CPXPARAM_MIP_Strategy_VariableSelect             3
CPXPARAM_TimeLimit                               599.98644372900003
Tried aggregator 1 time.
MIP Presolve eliminated 190 rows and 1038 columns.
MIP Presolve modified 1 coefficients.
Reduced MIP has 1033 rows, 1038 columns, and 8047 nonzeros.
Reduced MIP has 1038 binaries, 0 generals, 0 SOSs, and 0 indicators.
Presolve time = 0.01 sec. (5.42 ticks)
Probing time = 0.00 sec. (2.11 ticks)
Tried aggregator 1 time.
Detecting symmetries...
Reduced MIP has 1033 rows, 1038 columns, and 8047 nonzeros.
Reduced MIP has 1038 binaries, 0 generals, 0 SOSs, and 0 indicators.
Presolve time = 0.01 sec. (5.25 ticks)
Probing time = 0.00 sec. (2.11 ticks)
Clique table members: 686.
MIP emphasis: balance optimality and feasibility.
MIP search method: dynamic search.
Parallel mode: none, using 1 thread.
Root relaxation solution time = 0.01 sec. (9.42 ticks)

        Nodes                                         Cuts/
   Node  Left     Objective  IInf  Best Integer    Best Bound    ItCnt     Gap

      0     0        0.0000   118                      0.0000      367         
*     0+    0                            0.0000        0.0000             0.00%
      0     0        cutoff              0.0000        0.0000      367    0.00%
Elapsed time = 0.10 sec. (86.07 ticks, tree = 0.01 MB, solutions = 1)

Root node processing (before b&c):
  Real time             =    0.10 sec. (86.14 ticks)
Sequential b&c:
  Real time             =    0.00 sec. (0.00 ticks)
                          ------------
Total (root+branch&cut) =    0.10 sec. (86.14 ticks)
Version identifier: 22.1.0.0 | 2022-03-09 | 1a383f8ce
CPXPARAM_Threads                                 1
CPXPARAM_MIP_Strategy_VariableSelect             3
CPXPARAM_TimeLimit                               599.87537989600003
Tried aggregator 1 time.
MIP Presolve eliminated 197 rows and 1080 columns.
MIP Presolve modified 1 coefficients.
Reduced MIP has 1075 rows, 1080 columns, and 8376 nonzeros.
Reduced MIP has 1080 binaries, 0 generals, 0 SOSs, and 0 indicators.
Presolve time = 0.01 sec. (5.64 ticks)
Probing time = 0.00 sec. (2.19 ticks)
Tried aggregator 1 time.
Detecting symmetries...
Reduced MIP has 1075 rows, 1080 columns, and 8376 nonzeros.
Reduced MIP has 1080 binaries, 0 generals, 0 SOSs, and 0 indicators.
Presolve time = 0.01 sec. (5.46 ticks)
Probing time = 0.00 sec. (2.19 ticks)
Clique table members: 714.
MIP emphasis: balance optimality and feasibility.
MIP search method: dynamic search.
Parallel mode: none, using 1 thread.
Root relaxation solution time = 0.01 sec. (10.80 ticks)

        Nodes                                         Cuts/
   Node  Left     Objective  IInf  Best Integer    Best Bound    ItCnt     Gap

      0     0        0.0000   192                      0.0000      411         
*     0+    0                            0.0000        0.0000             0.00%
      0     0        cutoff              0.0000        0.0000      411    0.00%
Elapsed time = 0.14 sec. (108.80 ticks, tree = 0.01 MB, solutions = 1)

Root node processing (before b&c):
  Real time             =    0.14 sec. (108.87 ticks)
Sequential b&c:
  Real time             =    0.00 sec. (0.00 ticks)
                          ------------
Total (root+branch&cut) =    0.14 sec. (108.87 ticks)
Version identifier: 22.1.0.0 | 2022-03-09 | 1a383f8ce
CPXPARAM_Threads                                 1
CPXPARAM_MIP_Strategy_VariableSelect             3
CPXPARAM_TimeLimit                               599.72019137899997
Tried aggregator 1 time.
MIP Presolve eliminated 201 rows and 1104 columns.
MIP Presolve modified 1 coefficients.
Reduced MIP has 1099 rows, 1104 columns, and 8564 nonzeros.
Reduced MIP has 1104 binaries, 0 generals, 0 SOSs, and 0 indicators.
Presolve time = 0.01 sec. (5.76 ticks)
Probing time = 0.00 sec. (2.20 ticks)
Tried aggregator 1 time.
Detecting symmetries...
Reduced MIP has 1099 rows, 1104 columns, and 8564 nonzeros.
Reduced MIP has 1104 binaries, 0 generals, 0 SOSs, and 0 indicators.
Presolve time = 0.01 sec. (5.58 ticks)
Probing time = 0.00 sec. (2.20 ticks)
Clique table members: 730.
MIP emphasis: balance optimality and feasibility.
MIP search method: dynamic search.
Parallel mode: none, using 1 thread.
Root relaxation solution time = 0.01 sec. (13.07 ticks)

        Nodes                                         Cuts/
   Node  Left     Objective  IInf  Best Integer    Best Bound    ItCnt     Gap

      0     0        0.0000   154                      0.0000      456         
*     0+    0                            0.0000        0.0000             0.00%
      0     0        cutoff              0.0000        0.0000      456    0.00%
Elapsed time = 0.13 sec. (97.45 ticks, tree = 0.01 MB, solutions = 1)

Root node processing (before b&c):
  Real time             =    0.13 sec. (97.52 ticks)
Sequential b&c:
  Real time             =    0.00 sec. (0.00 ticks)
                          ------------
Total (root+branch&cut) =    0.13 sec. (97.52 ticks)
Version identifier: 22.1.0.0 | 2022-03-09 | 1a383f8ce
CPXPARAM_Threads                                 1
CPXPARAM_MIP_Strategy_VariableSelect             3
CPXPARAM_TimeLimit                               599.581932639
Tried aggregator 1 time.
MIP Presolve eliminated 203 rows and 1116 columns.
MIP Presolve modified 1 coefficients.
Reduced MIP has 1111 rows, 1116 columns, and 8658 nonzeros.
Reduced MIP has 1116 binaries, 0 generals, 0 SOSs, and 0 indicators.
Presolve time = 0.01 sec. (5.82 ticks)
Probing time = 0.00 sec. (2.20 ticks)
Tried aggregator 1 time.
Detecting symmetries...
Reduced MIP has 1111 rows, 1116 columns, and 8658 nonzeros.
Reduced MIP has 1116 binaries, 0 generals, 0 SOSs, and 0 indicators.
Presolve time = 0.01 sec. (5.64 ticks)
Probing time = 0.00 sec. (2.20 ticks)
Clique table members: 738.
MIP emphasis: balance optimality and feasibility.
MIP search method: dynamic search.
Parallel mode: none, using 1 thread.
Root relaxation solution time = 0.01 sec. (13.14 ticks)

        Nodes                                         Cuts/
   Node  Left     Objective  IInf  Best Integer    Best Bound    ItCnt     Gap

      0     0        0.0000   121                      0.0000      460         
*     0+    0                            0.0000        0.0000             0.00%
      0     0        cutoff              0.0000        0.0000      460    0.00%
Elapsed time = 0.12 sec. (91.71 ticks, tree = 0.01 MB, solutions = 1)

Root node processing (before b&c):
  Real time             =    0.12 sec. (91.78 ticks)
Sequential b&c:
  Real time             =    0.00 sec. (0.00 ticks)
                          ------------
Total (root+branch&cut) =    0.12 sec. (91.78 ticks)
Version identifier: 22.1.0.0 | 2022-03-09 | 1a383f8ce
CPXPARAM_Threads                                 1
CPXPARAM_MIP_Strategy_VariableSelect             3
CPXPARAM_TimeLimit                               599.45142304900003
Tried aggregator 1 time.
MIP Presolve eliminated 204 rows and 1122 columns.
MIP Presolve modified 1 coefficients.
Reduced MIP has 1117 rows, 1122 columns, and 8705 nonzeros.
Reduced MIP has 1122 binaries, 0 generals, 0 SOSs, and 0 indicators.
Presolve time = 0.01 sec. (5.84 ticks)
Probing time = 0.00 sec. (2.21 ticks)
Tried aggregator 1 time.
Detecting symmetries...
Reduced MIP has 1117 rows, 1122 columns, and 8705 nonzeros.
Reduced MIP has 1122 binaries, 0 generals, 0 SOSs, and 0 indicators.
Presolve time = 0.01 sec. (5.66 ticks)
Probing time = 0.00 sec. (2.21 ticks)
Clique table members: 742.
MIP emphasis: balance optimality and feasibility.
MIP search method: dynamic search.
Parallel mode: none, using 1 thread.
Root relaxation solution time = 0.01 sec. (12.72 ticks)

        Nodes                                         Cuts/
   Node  Left     Objective  IInf  Best Integer    Best Bound    ItCnt     Gap

      0     0        0.0000   169                      0.0000      462         
*     0+    0                            0.0000        0.0000             0.00%
      0     0        cutoff              0.0000        0.0000      462    0.00%
Elapsed time = 0.14 sec. (111.05 ticks, tree = 0.01 MB, solutions = 1)

Root node processing (before b&c):
  Real time             =    0.14 sec. (111.11 ticks)
Sequential b&c:
  Real time             =    0.00 sec. (0.00 ticks)
                          ------------
Total (root+branch&cut) =    0.14 sec. (111.11 ticks)
Primal:	187
Dual:	187
Status:	Optimal
Time:	0.695274
Sequence:
	4
	6
	9
	1
	4
	1
	4
	6
	0
	1
	4
	6
	9
	1
	9
	6
	9
	9
	1
	9
	1
	4
	6
	9
	9
	1
	9
	6
	9
	10
	9
	6
	4
	1
	9
	6
	4
	9
	4
	6
	9
	9
	9
	6
	9
	1
	9
	9
	6
	9
	9
	9
	4
	6
	9
	1
	9
	6
	4
	9
	1
	9
	6
	9
	1
	4
	6
	9
	9
	1
	4
	6
	9
	10
	9
	6
	9
	1
	4
	9
	6
	9
	4
	9
	6
	9
	1
	9
	9
	4
	6
	0
	1
	9
	6
	4
	0
	1
	9
	6
	4
	1
	0
	4
	6
	9
	0
	1
	4
	6
	0
	1
	4
	6
	9
	1
	0
	4
	1
	4
	9
	6
	9
	1
	0
	4
	6
	0
	10
	4
	6
	9
	1
	0
	6
	4
	1
	4
	6
	9
	1
	0
	4
	6
	0
	1
	4
	1
	4
	6
	0
	1
	9
	6
	9
	1
	0
	6
	4
	1
	4
	6
	9
	1
	0
	4
	6
	9
	1
	0
	6
	9
	1
	4
	0
	6
	4
	1
	0
	6
	4
	1
	4
	1
	0
	4
	6
