Version identifier: 22.1.0.0 | 2022-03-09 | 1a383f8ce
CPXPARAM_Threads                                 1
CPXPARAM_MIP_Strategy_VariableSelect             3
CPXPARAM_TimeLimit                               599.998561688
Found incumbent of value 0.000000 after 0.00 sec. (0.22 ticks)

Root node processing (before b&c):
  Real time             =    0.00 sec. (0.24 ticks)
Sequential b&c:
  Real time             =    0.00 sec. (0.00 ticks)
                          ------------
Total (root+branch&cut) =    0.00 sec. (0.24 ticks)
Version identifier: 22.1.0.0 | 2022-03-09 | 1a383f8ce
CPXPARAM_Threads                                 1
CPXPARAM_MIP_Strategy_VariableSelect             3
CPXPARAM_TimeLimit                               599.989021321
Found incumbent of value 0.000000 after 0.00 sec. (0.24 ticks)

Root node processing (before b&c):
  Real time             =    0.00 sec. (0.27 ticks)
Sequential b&c:
  Real time             =    0.00 sec. (0.00 ticks)
                          ------------
Total (root+branch&cut) =    0.00 sec. (0.27 ticks)
Version identifier: 22.1.0.0 | 2022-03-09 | 1a383f8ce
CPXPARAM_Threads                                 1
CPXPARAM_MIP_Strategy_VariableSelect             3
CPXPARAM_TimeLimit                               599.97948551800005
Tried aggregator 1 time.
MIP Presolve eliminated 167 rows and 900 columns.
MIP Presolve modified 1 coefficients.
Reduced MIP has 895 rows, 900 columns, and 7410 nonzeros.
Reduced MIP has 900 binaries, 0 generals, 0 SOSs, and 0 indicators.
Presolve time = 0.01 sec. (4.86 ticks)
Probing time = 0.00 sec. (1.93 ticks)
Tried aggregator 1 time.
Detecting symmetries...
Reduced MIP has 895 rows, 900 columns, and 7410 nonzeros.
Reduced MIP has 900 binaries, 0 generals, 0 SOSs, and 0 indicators.
Presolve time = 0.01 sec. (4.78 ticks)
Probing time = 0.00 sec. (1.93 ticks)
Clique table members: 594.
MIP emphasis: balance optimality and feasibility.
MIP search method: dynamic search.
Parallel mode: none, using 1 thread.
Root relaxation solution time = 0.01 sec. (5.53 ticks)

        Nodes                                         Cuts/
   Node  Left     Objective  IInf  Best Integer    Best Bound    ItCnt     Gap

      0     0        0.0000    53                      0.0000      239         
*     0+    0                            0.0000        0.0000             0.00%
      0     0        cutoff              0.0000        0.0000      239    0.00%
Elapsed time = 0.06 sec. (50.64 ticks, tree = 0.01 MB, solutions = 1)

Root node processing (before b&c):
  Real time             =    0.06 sec. (50.70 ticks)
Sequential b&c:
  Real time             =    0.00 sec. (0.00 ticks)
                          ------------
Total (root+branch&cut) =    0.06 sec. (50.70 ticks)
Version identifier: 22.1.0.0 | 2022-03-09 | 1a383f8ce
CPXPARAM_Threads                                 1
CPXPARAM_MIP_Strategy_VariableSelect             3
CPXPARAM_TimeLimit                               599.91299583499995
Tried aggregator 1 time.
MIP Presolve eliminated 170 rows and 918 columns.
MIP Presolve modified 1 coefficients.
Reduced MIP has 913 rows, 918 columns, and 7560 nonzeros.
Reduced MIP has 918 binaries, 0 generals, 0 SOSs, and 0 indicators.
Presolve time = 0.01 sec. (4.95 ticks)
Probing time = 0.00 sec. (1.97 ticks)
Tried aggregator 1 time.
Detecting symmetries...
Reduced MIP has 913 rows, 918 columns, and 7560 nonzeros.
Reduced MIP has 918 binaries, 0 generals, 0 SOSs, and 0 indicators.
Presolve time = 0.01 sec. (4.87 ticks)
Probing time = 0.00 sec. (1.97 ticks)
Clique table members: 606.
MIP emphasis: balance optimality and feasibility.
MIP search method: dynamic search.
Parallel mode: none, using 1 thread.
Root relaxation solution time = 0.01 sec. (5.50 ticks)

        Nodes                                         Cuts/
   Node  Left     Objective  IInf  Best Integer    Best Bound    ItCnt     Gap

      0     0        0.0000    38                      0.0000      241         
*     0+    0                            0.0000        0.0000             0.00%
      0     0        cutoff              0.0000        0.0000      241    0.00%
Elapsed time = 0.08 sec. (69.25 ticks, tree = 0.01 MB, solutions = 1)

Root node processing (before b&c):
  Real time             =    0.08 sec. (69.31 ticks)
Sequential b&c:
  Real time             =    0.00 sec. (0.00 ticks)
                          ------------
Total (root+branch&cut) =    0.08 sec. (69.31 ticks)
Version identifier: 22.1.0.0 | 2022-03-09 | 1a383f8ce
CPXPARAM_Threads                                 1
CPXPARAM_MIP_Strategy_VariableSelect             3
CPXPARAM_TimeLimit                               599.82502781999995
Tried aggregator 1 time.
MIP Presolve eliminated 172 rows and 930 columns.
MIP Presolve modified 1 coefficients.
Reduced MIP has 925 rows, 930 columns, and 7660 nonzeros.
Reduced MIP has 930 binaries, 0 generals, 0 SOSs, and 0 indicators.
Presolve time = 0.01 sec. (5.01 ticks)
Probing time = 0.00 sec. (1.99 ticks)
Tried aggregator 1 time.
Detecting symmetries...
Reduced MIP has 925 rows, 930 columns, and 7660 nonzeros.
Reduced MIP has 930 binaries, 0 generals, 0 SOSs, and 0 indicators.
Presolve time = 0.01 sec. (4.93 ticks)
Probing time = 0.00 sec. (1.99 ticks)
Clique table members: 614.
MIP emphasis: balance optimality and feasibility.
MIP search method: dynamic search.
Parallel mode: none, using 1 thread.
Root relaxation solution time = 0.01 sec. (7.01 ticks)

        Nodes                                         Cuts/
   Node  Left     Objective  IInf  Best Integer    Best Bound    ItCnt     Gap

      0     0        0.0000    75                      0.0000      275         
*     0+    0                            0.0000        0.0000             0.00%
      0     0        cutoff              0.0000        0.0000      275    0.00%
Elapsed time = 0.07 sec. (56.93 ticks, tree = 0.01 MB, solutions = 1)

Root node processing (before b&c):
  Real time             =    0.07 sec. (56.99 ticks)
Sequential b&c:
  Real time             =    0.00 sec. (0.00 ticks)
                          ------------
Total (root+branch&cut) =    0.07 sec. (56.99 ticks)
Version identifier: 22.1.0.0 | 2022-03-09 | 1a383f8ce
CPXPARAM_Threads                                 1
CPXPARAM_MIP_Strategy_VariableSelect             3
CPXPARAM_TimeLimit                               599.74817380100001
Tried aggregator 1 time.
MIP Presolve eliminated 173 rows and 936 columns.
MIP Presolve modified 1 coefficients.
Reduced MIP has 931 rows, 936 columns, and 7710 nonzeros.
Reduced MIP has 936 binaries, 0 generals, 0 SOSs, and 0 indicators.
Presolve time = 0.01 sec. (5.05 ticks)
Probing time = 0.00 sec. (2.01 ticks)
Tried aggregator 1 time.
Detecting symmetries...
Reduced MIP has 931 rows, 936 columns, and 7710 nonzeros.
Reduced MIP has 936 binaries, 0 generals, 0 SOSs, and 0 indicators.
Presolve time = 0.01 sec. (4.97 ticks)
Probing time = 0.00 sec. (2.01 ticks)
Clique table members: 618.
MIP emphasis: balance optimality and feasibility.
MIP search method: dynamic search.
Parallel mode: none, using 1 thread.
Root relaxation solution time = 0.01 sec. (6.39 ticks)

        Nodes                                         Cuts/
   Node  Left     Objective  IInf  Best Integer    Best Bound    ItCnt     Gap

      0     0        0.0000    85                      0.0000      254         
*     0+    0                            0.0000        0.0000             0.00%
      0     0        cutoff              0.0000        0.0000      254    0.00%
Elapsed time = 0.07 sec. (56.79 ticks, tree = 0.01 MB, solutions = 1)

Root node processing (before b&c):
  Real time             =    0.07 sec. (56.85 ticks)
Sequential b&c:
  Real time             =    0.00 sec. (0.00 ticks)
                          ------------
Total (root+branch&cut) =    0.07 sec. (56.85 ticks)
Primal:	156
Dual:	156
Status:	Optimal
Time:	0.326794
Sequence:
	9
	9
	9
	6
	9
	1
	9
	6
	9
	9
	9
	9
	9
	9
	6
	9
	9
	9
	9
	9
	6
	9
	9
	9
	9
	9
	9
	9
	6
	9
	9
	9
	5
	9
	6
	9
	9
	9
	6
	9
	9
	9
	6
	9
	9
	9
	9
	9
	6
	9
	9
	5
	0
	4
	9
	6
	9
	1
	9
	4
	5
	0
	6
	4
	1
	9
	4
	6
	0
	9
	5
	0
	4
	6
	0
	1
	9
	1
	9
	5
	0
	6
	4
	0
	9
	6
	4
	0
	5
	9
	5
	0
	6
	9
	1
	0
	6
	4
	9
	1
	9
	6
	0
	5
	9
	5
	0
	6
	9
	1
	0
	1
	9
	6
	4
	0
	1
	4
	1
	4
	0
	6
	9
	1
	4
	6
	0
	5
	9
	6
	9
	1
	9
	0
	6
	9
	1
	4
	6
	0
	1
	4
	9
	6
	9
	1
	9
	6
	9
	0
	5
	9
	9
	9
	0
	6
