Version identifier: 22.1.0.0 | 2022-03-09 | 1a383f8ce
CPXPARAM_Threads                                 1
CPXPARAM_MIP_Strategy_VariableSelect             3
CPXPARAM_TimeLimit                               599.99309296900003
Found incumbent of value 0.000000 after 0.00 sec. (0.49 ticks)

Root node processing (before b&c):
  Real time             =    0.00 sec. (0.56 ticks)
Sequential b&c:
  Real time             =    0.00 sec. (0.00 ticks)
                          ------------
Total (root+branch&cut) =    0.00 sec. (0.56 ticks)
Version identifier: 22.1.0.0 | 2022-03-09 | 1a383f8ce
CPXPARAM_Threads                                 1
CPXPARAM_MIP_Strategy_VariableSelect             3
CPXPARAM_TimeLimit                               599.95447479300003
Found incumbent of value 0.000000 after 0.00 sec. (0.52 ticks)

Root node processing (before b&c):
  Real time             =    0.00 sec. (0.59 ticks)
Sequential b&c:
  Real time             =    0.00 sec. (0.00 ticks)
                          ------------
Total (root+branch&cut) =    0.00 sec. (0.59 ticks)
Version identifier: 22.1.0.0 | 2022-03-09 | 1a383f8ce
CPXPARAM_Threads                                 1
CPXPARAM_MIP_Strategy_VariableSelect             3
CPXPARAM_TimeLimit                               599.92330368399996
Found incumbent of value 0.000000 after 0.00 sec. (0.54 ticks)

Root node processing (before b&c):
  Real time             =    0.00 sec. (0.61 ticks)
Sequential b&c:
  Real time             =    0.00 sec. (0.00 ticks)
                          ------------
Total (root+branch&cut) =    0.00 sec. (0.61 ticks)
Version identifier: 22.1.0.0 | 2022-03-09 | 1a383f8ce
CPXPARAM_Threads                                 1
CPXPARAM_MIP_Strategy_VariableSelect             3
CPXPARAM_TimeLimit                               599.89533037000001
Found incumbent of value 0.000000 after 0.00 sec. (0.55 ticks)

Root node processing (before b&c):
  Real time             =    0.00 sec. (0.62 ticks)
Sequential b&c:
  Real time             =    0.00 sec. (0.00 ticks)
                          ------------
Total (root+branch&cut) =    0.00 sec. (0.62 ticks)
Version identifier: 22.1.0.0 | 2022-03-09 | 1a383f8ce
CPXPARAM_Threads                                 1
CPXPARAM_MIP_Strategy_VariableSelect             3
CPXPARAM_TimeLimit                               599.87005723300001
Found incumbent of value 0.000000 after 0.00 sec. (0.55 ticks)

Root node processing (before b&c):
  Real time             =    0.00 sec. (0.62 ticks)
Sequential b&c:
  Real time             =    0.00 sec. (0.00 ticks)
                          ------------
Total (root+branch&cut) =    0.00 sec. (0.62 ticks)
Version identifier: 22.1.0.0 | 2022-03-09 | 1a383f8ce
CPXPARAM_Threads                                 1
CPXPARAM_MIP_Strategy_VariableSelect             3
CPXPARAM_TimeLimit                               599.84811068900001
Found incumbent of value 0.000000 after 0.00 sec. (0.55 ticks)

Root node processing (before b&c):
  Real time             =    0.00 sec. (0.62 ticks)
Sequential b&c:
  Real time             =    0.00 sec. (0.00 ticks)
                          ------------
Total (root+branch&cut) =    0.00 sec. (0.62 ticks)
Version identifier: 22.1.0.0 | 2022-03-09 | 1a383f8ce
CPXPARAM_Threads                                 1
CPXPARAM_MIP_Strategy_VariableSelect             3
CPXPARAM_TimeLimit                               599.82622521400003
Found incumbent of value 0.000000 after 0.00 sec. (0.55 ticks)

Root node processing (before b&c):
  Real time             =    0.00 sec. (0.62 ticks)
Sequential b&c:
  Real time             =    0.00 sec. (0.00 ticks)
                          ------------
Total (root+branch&cut) =    0.00 sec. (0.62 ticks)
Primal:	331
Dual:	331
Status:	Optimal
Time:	0.192491
Sequence:
	0
	1
	4
	0
	1
	4
	0
	1
	4
	0
	1
	4
	0
	1
	4
	0
	1
	4
	0
	1
	4
	0
	1
	4
	0
	1
	4
	0
	1
	4
	0
	1
	4
	0
	1
	4
	0
	1
	4
	0
	1
	4
	0
	1
	4
	0
	1
	4
	0
	1
	4
	0
	1
	4
	0
	3
	4
	0
	4
	4
	0
	3
	4
	0
	4
	4
	0
	3
	4
	0
	4
	4
	0
	3
	4
	0
	4
	4
	0
	3
	4
	0
	4
	4
	0
	3
	4
	0
	4
	4
	0
	3
	4
	0
	4
	4
	0
	3
	4
	0
	4
	4
	0
	3
	4
	0
	4
	4
	0
	3
	4
	0
	4
	4
	0
	3
	4
	0
	4
	4
	0
	3
	4
	0
	4
	4
	0
	3
	4
	0
	4
	4
	0
	3
	4
	0
	4
	4
	0
	3
	4
	0
	4
	4
	0
	3
	4
	0
	4
	4
	0
	3
	4
	0
	4
	4
	0
	3
	4
	4
	9
	4
	4
	3
	4
	4
	9
	4
	4
	9
	4
	4
	9
	4
	4
	9
	4
	4
	9
	4
	4
	9
	4
	5
	9
	5
	9
	5
	9
	5
	9
	5
	9
	5
	9
	5
	9
	5
	9
	5
	9
	5
	9
	5
	9
	5
	9
	6
	9
	9
	9
	6
	9
	9
	9
	6
	9
	9
	9
	6
	9
	9
	9
	6
	9
	9
	9
	6
	9
	9
	9
	6
	9
	9
	9
	6
	9
	9
	9
	6
	9
	9
	9
	6
	9
	9
	9
	6
	9
	9
	9
	6
	9
	9
	9
	6
	9
	9
	9
	6
	9
	9
	9
	6
	9
	9
	9
	6
	9
	9
	9
	6
	9
	9
	9
	6
	9
	9
	9
	6
	9
	9
	9
	6
	9
	9
	9
	6
	9
	9
	9
	6
	9
	9
	9
	6
	9
	9
	9
	6
	9
	9
	9
	6
	9
	9
	9
	6
	9
	9
	9
	9
	9
	9
	9
	9
	9
	9
	9
	9
	9
	9
	9
	9
	9
	9
	9
	9
	9
	9
	9
