Version identifier: 22.1.0.0 | 2022-03-09 | 1a383f8ce
CPXPARAM_Threads                                 1
CPXPARAM_MIP_Strategy_VariableSelect             3
CPXPARAM_TimeLimit                               599.99556346500003
Found incumbent of value 0.000000 after 0.00 sec. (0.55 ticks)

Root node processing (before b&c):
  Real time             =    0.00 sec. (0.62 ticks)
Sequential b&c:
  Real time             =    0.00 sec. (0.00 ticks)
                          ------------
Total (root+branch&cut) =    0.00 sec. (0.62 ticks)
Version identifier: 22.1.0.0 | 2022-03-09 | 1a383f8ce
CPXPARAM_Threads                                 1
CPXPARAM_MIP_Strategy_VariableSelect             3
CPXPARAM_TimeLimit                               599.96870583899999
Tried aggregator 1 time.
MIP Presolve eliminated 17 rows and 352 columns.
MIP Presolve modified 1 coefficients.
Reduced MIP has 2459 rows, 3872 columns, and 37768 nonzeros.
Reduced MIP has 3872 binaries, 0 generals, 0 SOSs, and 0 indicators.
Presolve time = 0.03 sec. (19.39 ticks)
Probing time = 0.00 sec. (3.06 ticks)
Tried aggregator 1 time.
Detecting symmetries...
Reduced MIP has 2459 rows, 3872 columns, and 37768 nonzeros.
Reduced MIP has 3872 binaries, 0 generals, 0 SOSs, and 0 indicators.
Presolve time = 0.03 sec. (23.87 ticks)
Probing time = 0.00 sec. (3.06 ticks)
Clique table members: 1749.
MIP emphasis: balance optimality and feasibility.
MIP search method: dynamic search.
Parallel mode: none, using 1 thread.
Root relaxation solution time = 0.05 sec. (36.27 ticks)

        Nodes                                         Cuts/
   Node  Left     Objective  IInf  Best Integer    Best Bound    ItCnt     Gap

      0     0        0.0000   244                      0.0000      786         
*     0+    0                            0.0000        0.0000             0.00%
      0     0        cutoff              0.0000        0.0000      786    0.00%
Elapsed time = 0.36 sec. (244.69 ticks, tree = 0.01 MB, solutions = 1)

Root node processing (before b&c):
  Real time             =    0.36 sec. (244.82 ticks)
Sequential b&c:
  Real time             =    0.00 sec. (0.00 ticks)
                          ------------
Total (root+branch&cut) =    0.36 sec. (244.82 ticks)
Version identifier: 22.1.0.0 | 2022-03-09 | 1a383f8ce
CPXPARAM_Threads                                 1
CPXPARAM_MIP_Strategy_VariableSelect             3
CPXPARAM_TimeLimit                               599.58074127400005
Tried aggregator 1 time.
MIP Presolve eliminated 17 rows and 364 columns.
MIP Presolve modified 1 coefficients.
Reduced MIP has 2543 rows, 4004 columns, and 39064 nonzeros.
Reduced MIP has 4004 binaries, 0 generals, 0 SOSs, and 0 indicators.
Presolve time = 0.02 sec. (20.04 ticks)
Probing time = 0.00 sec. (3.10 ticks)
Tried aggregator 1 time.
Detecting symmetries...
Reduced MIP has 2543 rows, 4004 columns, and 39064 nonzeros.
Reduced MIP has 4004 binaries, 0 generals, 0 SOSs, and 0 indicators.
Presolve time = 0.03 sec. (24.68 ticks)
Probing time = 0.00 sec. (3.10 ticks)
Clique table members: 1809.
MIP emphasis: balance optimality and feasibility.
MIP search method: dynamic search.
Parallel mode: none, using 1 thread.
Root relaxation solution time = 0.05 sec. (39.86 ticks)

        Nodes                                         Cuts/
   Node  Left     Objective  IInf  Best Integer    Best Bound    ItCnt     Gap

      0     0        0.0000   181                      0.0000      859         
*     0+    0                            0.0000        0.0000             0.00%
      0     0        cutoff              0.0000        0.0000      859    0.00%
Elapsed time = 0.22 sec. (180.59 ticks, tree = 0.01 MB, solutions = 1)

Root node processing (before b&c):
  Real time             =    0.22 sec. (180.73 ticks)
Sequential b&c:
  Real time             =    0.00 sec. (0.00 ticks)
                          ------------
Total (root+branch&cut) =    0.22 sec. (180.73 ticks)
Version identifier: 22.1.0.0 | 2022-03-09 | 1a383f8ce
CPXPARAM_Threads                                 1
CPXPARAM_MIP_Strategy_VariableSelect             3
CPXPARAM_TimeLimit                               599.33117204600001
Tried aggregator 1 time.
MIP Presolve eliminated 17 rows and 370 columns.
MIP Presolve modified 1 coefficients.
Reduced MIP has 2585 rows, 4070 columns, and 39712 nonzeros.
Reduced MIP has 4070 binaries, 0 generals, 0 SOSs, and 0 indicators.
Presolve time = 0.03 sec. (20.38 ticks)
Probing time = 0.00 sec. (3.11 ticks)
Tried aggregator 1 time.
Detecting symmetries...
Reduced MIP has 2585 rows, 4070 columns, and 39712 nonzeros.
Reduced MIP has 4070 binaries, 0 generals, 0 SOSs, and 0 indicators.
Presolve time = 0.03 sec. (25.08 ticks)
Probing time = 0.00 sec. (3.11 ticks)
Clique table members: 1839.
MIP emphasis: balance optimality and feasibility.
MIP search method: dynamic search.
Parallel mode: none, using 1 thread.
Root relaxation solution time = 0.04 sec. (37.67 ticks)

        Nodes                                         Cuts/
   Node  Left     Objective  IInf  Best Integer    Best Bound    ItCnt     Gap

      0     0        0.0000   144                      0.0000      748         
*     0+    0                            0.0000        0.0000             0.00%
      0     0        cutoff              0.0000        0.0000      748    0.00%
Elapsed time = 0.22 sec. (176.45 ticks, tree = 0.01 MB, solutions = 1)

Root node processing (before b&c):
  Real time             =    0.22 sec. (176.59 ticks)
Sequential b&c:
  Real time             =    0.00 sec. (0.00 ticks)
                          ------------
Total (root+branch&cut) =    0.22 sec. (176.59 ticks)
Version identifier: 22.1.0.0 | 2022-03-09 | 1a383f8ce
CPXPARAM_Threads                                 1
CPXPARAM_MIP_Strategy_VariableSelect             3
CPXPARAM_TimeLimit                               599.08482124800003
Tried aggregator 1 time.
MIP Presolve eliminated 17 rows and 373 columns.
MIP Presolve modified 1 coefficients.
Reduced MIP has 2606 rows, 4103 columns, and 40036 nonzeros.
Reduced MIP has 4103 binaries, 0 generals, 0 SOSs, and 0 indicators.
Presolve time = 0.03 sec. (20.53 ticks)
Probing time = 0.00 sec. (3.11 ticks)
Tried aggregator 1 time.
Detecting symmetries...
Reduced MIP has 2606 rows, 4103 columns, and 40036 nonzeros.
Reduced MIP has 4103 binaries, 0 generals, 0 SOSs, and 0 indicators.
Presolve time = 0.03 sec. (25.27 ticks)
Probing time = 0.00 sec. (3.11 ticks)
Clique table members: 1854.
MIP emphasis: balance optimality and feasibility.
MIP search method: dynamic search.
Parallel mode: none, using 1 thread.
Root relaxation solution time = 0.05 sec. (45.49 ticks)

        Nodes                                         Cuts/
   Node  Left     Objective  IInf  Best Integer    Best Bound    ItCnt     Gap

      0     0        0.0000   170                      0.0000      954         
*     0+    0                            0.0000        0.0000             0.00%
      0     0        cutoff              0.0000        0.0000      954    0.00%
Elapsed time = 0.32 sec. (272.29 ticks, tree = 0.01 MB, solutions = 1)

Root node processing (before b&c):
  Real time             =    0.32 sec. (272.43 ticks)
Sequential b&c:
  Real time             =    0.00 sec. (0.00 ticks)
                          ------------
Total (root+branch&cut) =    0.32 sec. (272.43 ticks)
Version identifier: 22.1.0.0 | 2022-03-09 | 1a383f8ce
CPXPARAM_Threads                                 1
CPXPARAM_MIP_Strategy_VariableSelect             3
CPXPARAM_TimeLimit                               598.74046311400002
Tried aggregator 1 time.
MIP Presolve eliminated 17 rows and 374 columns.
MIP Presolve modified 1 coefficients.
Reduced MIP has 2613 rows, 4114 columns, and 40144 nonzeros.
Reduced MIP has 4114 binaries, 0 generals, 0 SOSs, and 0 indicators.
Presolve time = 0.03 sec. (20.60 ticks)
Probing time = 0.00 sec. (3.12 ticks)
Tried aggregator 1 time.
Detecting symmetries...
Reduced MIP has 2613 rows, 4114 columns, and 40144 nonzeros.
Reduced MIP has 4114 binaries, 0 generals, 0 SOSs, and 0 indicators.
Presolve time = 0.03 sec. (25.36 ticks)
Probing time = 0.00 sec. (3.12 ticks)
Clique table members: 1859.
MIP emphasis: balance optimality and feasibility.
MIP search method: dynamic search.
Parallel mode: none, using 1 thread.
Root relaxation solution time = 0.04 sec. (37.22 ticks)

        Nodes                                         Cuts/
   Node  Left     Objective  IInf  Best Integer    Best Bound    ItCnt     Gap

      0     0        0.0000   237                      0.0000      788         
*     0+    0                            0.0000        0.0000             0.00%
      0     0        cutoff              0.0000        0.0000      788    0.00%
Elapsed time = 0.35 sec. (294.06 ticks, tree = 0.01 MB, solutions = 1)

Root node processing (before b&c):
  Real time             =    0.36 sec. (294.20 ticks)
Sequential b&c:
  Real time             =    0.00 sec. (0.00 ticks)
                          ------------
Total (root+branch&cut) =    0.36 sec. (294.20 ticks)
Version identifier: 22.1.0.0 | 2022-03-09 | 1a383f8ce
CPXPARAM_Threads                                 1
CPXPARAM_MIP_Strategy_VariableSelect             3
CPXPARAM_TimeLimit                               598.35969269600002
Tried aggregator 1 time.
MIP Presolve eliminated 17 rows and 375 columns.
MIP Presolve modified 1 coefficients.
Reduced MIP has 2620 rows, 4125 columns, and 40252 nonzeros.
Reduced MIP has 4125 binaries, 0 generals, 0 SOSs, and 0 indicators.
Presolve time = 0.02 sec. (20.64 ticks)
Probing time = 0.00 sec. (3.12 ticks)
Tried aggregator 1 time.
Detecting symmetries...
Reduced MIP has 2620 rows, 4125 columns, and 40252 nonzeros.
Reduced MIP has 4125 binaries, 0 generals, 0 SOSs, and 0 indicators.
Presolve time = 0.03 sec. (25.42 ticks)
Probing time = 0.00 sec. (3.12 ticks)
Clique table members: 1864.
MIP emphasis: balance optimality and feasibility.
MIP search method: dynamic search.
Parallel mode: none, using 1 thread.
Root relaxation solution time = 0.04 sec. (36.85 ticks)

        Nodes                                         Cuts/
   Node  Left     Objective  IInf  Best Integer    Best Bound    ItCnt     Gap

      0     0        0.0000    82                      0.0000      733         
*     0+    0                            0.0000        0.0000             0.00%
      0     0        cutoff              0.0000        0.0000      733    0.00%
Elapsed time = 0.21 sec. (173.97 ticks, tree = 0.01 MB, solutions = 1)

Root node processing (before b&c):
  Real time             =    0.21 sec. (174.11 ticks)
Sequential b&c:
  Real time             =    0.00 sec. (0.00 ticks)
                          ------------
Total (root+branch&cut) =    0.21 sec. (174.11 ticks)
Primal:	375
Dual:	375
Status:	Optimal
Time:	1.87208
Sequence:
	9
	4
	9
	7
	9
	9
	4
	1
	9
	1
	9
	9
	7
	9
	1
	9
	5
	9
	7
	9
	9
	9
	4
	9
	3
	9
	4
	5
	9
	9
	5
	9
	4
	9
	7
	9
	9
	9
	5
	9
	4
	5
	9
	5
	9
	9
	9
	9
	9
	5
	9
	7
	9
	1
	9
	9
	1
	9
	1
	9
	9
	5
	9
	9
	7
	9
	4
	4
	9
	9
	4
	4
	9
	4
	7
	9
	1
	9
	5
	9
	5
	9
	5
	9
	5
	9
	7
	9
	5
	9
	1
	9
	9
	7
	4
	9
	1
	9
	4
	9
	4
	2
	5
	9
	7
	4
	10
	4
	1
	0
	3
	9
	1
	4
	9
	5
	9
	11
	9
	4
	9
	1
	0
	7
	4
	1
	4
	1
	4
	7
	9
	6
	2
	4
	1
	4
	2
	7
	4
	1
	4
	9
	1
	2
	1
	4
	4
	1
	9
	4
	9
	4
	5
	2
	5
	9
	5
	4
	9
	1
	0
	4
	1
	9
	7
	9
	1
	4
	4
	1
	9
	7
	0
	1
	4
	4
	1
	2
	7
	4
	1
	4
	1
	4
	6
	9
	1
	4
	7
	2
	5
	4
	1
	4
	1
	4
	2
	7
	4
	10
	9
	4
	6
	9
	7
	2
	1
	4
	5
	0
	10
	4
	4
	1
	0
	4
	4
	1
	9
	7
	4
	0
	5
	4
	9
	4
	2
	5
	9
	4
	1
	4
	11
	4
	9
	1
	4
	2
	5
	9
	5
	2
	5
	4
	2
	6
	4
	1
	4
	5
	9
	5
	4
	2
	7
	4
	2
	10
	4
	6
	2
	5
	9
	7
	9
	5
	0
	5
	9
	7
	4
	9
	10
	4
	9
	1
	2
	1
	4
	7
	2
	9
	5
	4
	1
	9
	1
	9
	1
	4
	5
	9
	7
	9
	5
	4
	2
	5
	4
	9
	4
	10
	9
	10
	2
	7
	4
	1
	2
	10
	4
	11
	0
	5
	9
	10
	4
	6
	9
	4
	5
	0
	4
	1
	4
	9
	10
	0
	5
	4
	1
	4
	9
	5
	4
	9
	4
	3
	2
	1
	4
	1
	9
	4
	1
	4
	4
	1
	4
	1
	4
	1
	4
	4
	9
	7
	9
	4
	5
	0
	5
	4
	2
	7
	4
	1
	0
	1
	9
	5
	9
	10
	4
	5
	2
