Version identifier: 22.1.1.0 | 2022-11-28 | 9160aff4d
CPXPARAM_Threads                                 1
CPXPARAM_MIP_Strategy_VariableSelect             3
CPXPARAM_TimeLimit                               599.99995264500001
Found incumbent of value 0.000000 after 0.00 sec. (0.00 ticks)

Root node processing (before b&c):
  Real time             =    0.00 sec. (0.00 ticks)
Sequential b&c:
  Real time             =    0.00 sec. (0.00 ticks)
                          ------------
Total (root+branch&cut) =    0.00 sec. (0.00 ticks)
Version identifier: 22.1.1.0 | 2022-11-28 | 9160aff4d
CPXPARAM_Threads                                 1
CPXPARAM_MIP_Strategy_VariableSelect             3
CPXPARAM_TimeLimit                               599.998785043
Found incumbent of value 0.000000 after 0.00 sec. (0.00 ticks)

Root node processing (before b&c):
  Real time             =    0.00 sec. (0.00 ticks)
Sequential b&c:
  Real time             =    0.00 sec. (0.00 ticks)
                          ------------
Total (root+branch&cut) =    0.00 sec. (0.00 ticks)
Version identifier: 22.1.1.0 | 2022-11-28 | 9160aff4d
CPXPARAM_Threads                                 1
CPXPARAM_MIP_Strategy_VariableSelect             3
CPXPARAM_TimeLimit                               599.99818590500001
Found incumbent of value 0.000000 after 0.00 sec. (0.01 ticks)

Root node processing (before b&c):
  Real time             =    0.00 sec. (0.01 ticks)
Sequential b&c:
  Real time             =    0.00 sec. (0.00 ticks)
                          ------------
Total (root+branch&cut) =    0.00 sec. (0.01 ticks)
Version identifier: 22.1.1.0 | 2022-11-28 | 9160aff4d
CPXPARAM_Threads                                 1
CPXPARAM_MIP_Strategy_VariableSelect             3
CPXPARAM_TimeLimit                               599.99765709099995
Found incumbent of value 0.000000 after 0.00 sec. (0.01 ticks)

Root node processing (before b&c):
  Real time             =    0.00 sec. (0.01 ticks)
Sequential b&c:
  Real time             =    0.00 sec. (0.00 ticks)
                          ------------
Total (root+branch&cut) =    0.00 sec. (0.01 ticks)
Version identifier: 22.1.1.0 | 2022-11-28 | 9160aff4d
CPXPARAM_Threads                                 1
CPXPARAM_MIP_Strategy_VariableSelect             3
CPXPARAM_TimeLimit                               599.99710034500004
Found incumbent of value 0.000000 after 0.00 sec. (0.01 ticks)

Root node processing (before b&c):
  Real time             =    0.00 sec. (0.01 ticks)
Sequential b&c:
  Real time             =    0.00 sec. (0.00 ticks)
                          ------------
Total (root+branch&cut) =    0.00 sec. (0.01 ticks)
Version identifier: 22.1.1.0 | 2022-11-28 | 9160aff4d
CPXPARAM_Threads                                 1
CPXPARAM_MIP_Strategy_VariableSelect             3
CPXPARAM_TimeLimit                               599.99646991300006
Found incumbent of value 0.000000 after 0.00 sec. (0.01 ticks)

Root node processing (before b&c):
  Real time             =    0.00 sec. (0.01 ticks)
Sequential b&c:
  Real time             =    0.00 sec. (0.00 ticks)
                          ------------
Total (root+branch&cut) =    0.00 sec. (0.01 ticks)
Version identifier: 22.1.1.0 | 2022-11-28 | 9160aff4d
CPXPARAM_Threads                                 1
CPXPARAM_MIP_Strategy_VariableSelect             3
CPXPARAM_TimeLimit                               599.99580241900003
Found incumbent of value 0.000000 after 0.00 sec. (0.01 ticks)

Root node processing (before b&c):
  Real time             =    0.00 sec. (0.01 ticks)
Sequential b&c:
  Real time             =    0.00 sec. (0.00 ticks)
                          ------------
Total (root+branch&cut) =    0.00 sec. (0.01 ticks)
Version identifier: 22.1.1.0 | 2022-11-28 | 9160aff4d
CPXPARAM_Threads                                 1
CPXPARAM_MIP_Strategy_VariableSelect             3
CPXPARAM_TimeLimit                               599.99512424700004
Found incumbent of value 0.000000 after 0.00 sec. (0.01 ticks)

Root node processing (before b&c):
  Real time             =    0.00 sec. (0.01 ticks)
Sequential b&c:
  Real time             =    0.00 sec. (0.00 ticks)
                          ------------
Total (root+branch&cut) =    0.00 sec. (0.01 ticks)
Version identifier: 22.1.1.0 | 2022-11-28 | 9160aff4d
CPXPARAM_Threads                                 1
CPXPARAM_MIP_Strategy_VariableSelect             3
CPXPARAM_TimeLimit                               599.99441630599995
Found incumbent of value 0.000000 after 0.00 sec. (0.01 ticks)

Root node processing (before b&c):
  Real time             =    0.00 sec. (0.01 ticks)
Sequential b&c:
  Real time             =    0.00 sec. (0.00 ticks)
                          ------------
Total (root+branch&cut) =    0.00 sec. (0.01 ticks)
Version identifier: 22.1.1.0 | 2022-11-28 | 9160aff4d
CPXPARAM_Threads                                 1
CPXPARAM_MIP_Strategy_VariableSelect             3
CPXPARAM_TimeLimit                               599.99370124300003
Found incumbent of value 0.000000 after 0.00 sec. (0.01 ticks)

Root node processing (before b&c):
  Real time             =    0.00 sec. (0.02 ticks)
Sequential b&c:
  Real time             =    0.00 sec. (0.00 ticks)
                          ------------
Total (root+branch&cut) =    0.00 sec. (0.02 ticks)
Version identifier: 22.1.1.0 | 2022-11-28 | 9160aff4d
CPXPARAM_Threads                                 1
CPXPARAM_MIP_Strategy_VariableSelect             3
CPXPARAM_TimeLimit                               599.99289525400002
Found incumbent of value 0.000000 after 0.00 sec. (0.02 ticks)

Root node processing (before b&c):
  Real time             =    0.00 sec. (0.02 ticks)
Sequential b&c:
  Real time             =    0.00 sec. (0.00 ticks)
                          ------------
Total (root+branch&cut) =    0.00 sec. (0.02 ticks)
Version identifier: 22.1.1.0 | 2022-11-28 | 9160aff4d
CPXPARAM_Threads                                 1
CPXPARAM_MIP_Strategy_VariableSelect             3
CPXPARAM_TimeLimit                               599.99205739900003
Found incumbent of value 0.000000 after 0.00 sec. (0.02 ticks)

Root node processing (before b&c):
  Real time             =    0.00 sec. (0.02 ticks)
Sequential b&c:
  Real time             =    0.00 sec. (0.00 ticks)
                          ------------
Total (root+branch&cut) =    0.00 sec. (0.02 ticks)
Version identifier: 22.1.1.0 | 2022-11-28 | 9160aff4d
CPXPARAM_Threads                                 1
CPXPARAM_MIP_Strategy_VariableSelect             3
CPXPARAM_TimeLimit                               599.99125208999999
Found incumbent of value 0.000000 after 0.00 sec. (0.02 ticks)

Root node processing (before b&c):
  Real time             =    0.00 sec. (0.02 ticks)
Sequential b&c:
  Real time             =    0.00 sec. (0.00 ticks)
                          ------------
Total (root+branch&cut) =    0.00 sec. (0.02 ticks)
Version identifier: 22.1.1.0 | 2022-11-28 | 9160aff4d
CPXPARAM_Threads                                 1
CPXPARAM_MIP_Strategy_VariableSelect             3
CPXPARAM_TimeLimit                               599.99043177900001
Found incumbent of value 0.000000 after 0.00 sec. (0.02 ticks)

Root node processing (before b&c):
  Real time             =    0.00 sec. (0.02 ticks)
Sequential b&c:
  Real time             =    0.00 sec. (0.00 ticks)
                          ------------
Total (root+branch&cut) =    0.00 sec. (0.02 ticks)
Version identifier: 22.1.1.0 | 2022-11-28 | 9160aff4d
CPXPARAM_Threads                                 1
CPXPARAM_MIP_Strategy_VariableSelect             3
CPXPARAM_TimeLimit                               599.98955739799999
Found incumbent of value 0.000000 after 0.00 sec. (0.02 ticks)

Root node processing (before b&c):
  Real time             =    0.00 sec. (0.02 ticks)
Sequential b&c:
  Real time             =    0.00 sec. (0.00 ticks)
                          ------------
Total (root+branch&cut) =    0.00 sec. (0.02 ticks)
Version identifier: 22.1.1.0 | 2022-11-28 | 9160aff4d
CPXPARAM_Threads                                 1
CPXPARAM_MIP_Strategy_VariableSelect             3
CPXPARAM_TimeLimit                               599.98866905099999
Found incumbent of value 0.000000 after 0.00 sec. (0.02 ticks)

Root node processing (before b&c):
  Real time             =    0.00 sec. (0.02 ticks)
Sequential b&c:
  Real time             =    0.00 sec. (0.00 ticks)
                          ------------
Total (root+branch&cut) =    0.00 sec. (0.02 ticks)
Version identifier: 22.1.1.0 | 2022-11-28 | 9160aff4d
CPXPARAM_Threads                                 1
CPXPARAM_MIP_Strategy_VariableSelect             3
CPXPARAM_TimeLimit                               599.98771510899996
Found incumbent of value 0.000000 after 0.00 sec. (0.02 ticks)

Root node processing (before b&c):
  Real time             =    0.00 sec. (0.03 ticks)
Sequential b&c:
  Real time             =    0.00 sec. (0.00 ticks)
                          ------------
Total (root+branch&cut) =    0.00 sec. (0.03 ticks)
Version identifier: 22.1.1.0 | 2022-11-28 | 9160aff4d
CPXPARAM_Threads                                 1
CPXPARAM_MIP_Strategy_VariableSelect             3
CPXPARAM_TimeLimit                               599.98675064700001
Found incumbent of value 0.000000 after 0.00 sec. (0.02 ticks)

Root node processing (before b&c):
  Real time             =    0.00 sec. (0.03 ticks)
Sequential b&c:
  Real time             =    0.00 sec. (0.00 ticks)
                          ------------
Total (root+branch&cut) =    0.00 sec. (0.03 ticks)
Version identifier: 22.1.1.0 | 2022-11-28 | 9160aff4d
CPXPARAM_Threads                                 1
CPXPARAM_MIP_Strategy_VariableSelect             3
CPXPARAM_TimeLimit                               599.98570919999997
Found incumbent of value 0.000000 after 0.00 sec. (0.02 ticks)

Root node processing (before b&c):
  Real time             =    0.00 sec. (0.03 ticks)
Sequential b&c:
  Real time             =    0.00 sec. (0.00 ticks)
                          ------------
Total (root+branch&cut) =    0.00 sec. (0.03 ticks)
Version identifier: 22.1.1.0 | 2022-11-28 | 9160aff4d
CPXPARAM_Threads                                 1
CPXPARAM_MIP_Strategy_VariableSelect             3
CPXPARAM_TimeLimit                               599.98463386000003
Found incumbent of value 0.000000 after 0.00 sec. (0.03 ticks)

Root node processing (before b&c):
  Real time             =    0.00 sec. (0.03 ticks)
Sequential b&c:
  Real time             =    0.00 sec. (0.00 ticks)
                          ------------
Total (root+branch&cut) =    0.00 sec. (0.03 ticks)
Version identifier: 22.1.1.0 | 2022-11-28 | 9160aff4d
CPXPARAM_Threads                                 1
CPXPARAM_MIP_Strategy_VariableSelect             3
CPXPARAM_TimeLimit                               599.98351494999997
Found incumbent of value 0.000000 after 0.00 sec. (0.03 ticks)

Root node processing (before b&c):
  Real time             =    0.00 sec. (0.03 ticks)
Sequential b&c:
  Real time             =    0.00 sec. (0.00 ticks)
                          ------------
Total (root+branch&cut) =    0.00 sec. (0.03 ticks)
Version identifier: 22.1.1.0 | 2022-11-28 | 9160aff4d
CPXPARAM_Threads                                 1
CPXPARAM_MIP_Strategy_VariableSelect             3
CPXPARAM_TimeLimit                               599.98232462399994
Found incumbent of value 0.000000 after 0.00 sec. (0.03 ticks)

Root node processing (before b&c):
  Real time             =    0.00 sec. (0.03 ticks)
Sequential b&c:
  Real time             =    0.00 sec. (0.00 ticks)
                          ------------
Total (root+branch&cut) =    0.00 sec. (0.03 ticks)
Version identifier: 22.1.1.0 | 2022-11-28 | 9160aff4d
CPXPARAM_Threads                                 1
CPXPARAM_MIP_Strategy_VariableSelect             3
CPXPARAM_TimeLimit                               599.98109584600002
Found incumbent of value 0.000000 after 0.00 sec. (0.03 ticks)

Root node processing (before b&c):
  Real time             =    0.00 sec. (0.03 ticks)
Sequential b&c:
  Real time             =    0.00 sec. (0.00 ticks)
                          ------------
Total (root+branch&cut) =    0.00 sec. (0.03 ticks)
Version identifier: 22.1.1.0 | 2022-11-28 | 9160aff4d
CPXPARAM_Threads                                 1
CPXPARAM_MIP_Strategy_VariableSelect             3
CPXPARAM_TimeLimit                               599.97984714300003
Found incumbent of value 0.000000 after 0.00 sec. (0.03 ticks)

Root node processing (before b&c):
  Real time             =    0.00 sec. (0.04 ticks)
Sequential b&c:
  Real time             =    0.00 sec. (0.00 ticks)
                          ------------
Total (root+branch&cut) =    0.00 sec. (0.04 ticks)
Version identifier: 22.1.1.0 | 2022-11-28 | 9160aff4d
CPXPARAM_Threads                                 1
CPXPARAM_MIP_Strategy_VariableSelect             3
CPXPARAM_TimeLimit                               599.97857937000003
Found incumbent of value 0.000000 after 0.00 sec. (0.03 ticks)

Root node processing (before b&c):
  Real time             =    0.00 sec. (0.04 ticks)
Sequential b&c:
  Real time             =    0.00 sec. (0.00 ticks)
                          ------------
Total (root+branch&cut) =    0.00 sec. (0.04 ticks)
Version identifier: 22.1.1.0 | 2022-11-28 | 9160aff4d
CPXPARAM_Threads                                 1
CPXPARAM_MIP_Strategy_VariableSelect             3
CPXPARAM_TimeLimit                               599.97727682300001
Found incumbent of value 0.000000 after 0.00 sec. (0.03 ticks)

Root node processing (before b&c):
  Real time             =    0.00 sec. (0.04 ticks)
Sequential b&c:
  Real time             =    0.00 sec. (0.00 ticks)
                          ------------
Total (root+branch&cut) =    0.00 sec. (0.04 ticks)
Version identifier: 22.1.1.0 | 2022-11-28 | 9160aff4d
CPXPARAM_Threads                                 1
CPXPARAM_MIP_Strategy_VariableSelect             3
CPXPARAM_TimeLimit                               599.975946002
Found incumbent of value 0.000000 after 0.00 sec. (0.03 ticks)

Root node processing (before b&c):
  Real time             =    0.00 sec. (0.04 ticks)
Sequential b&c:
  Real time             =    0.00 sec. (0.00 ticks)
                          ------------
Total (root+branch&cut) =    0.00 sec. (0.04 ticks)
Version identifier: 22.1.1.0 | 2022-11-28 | 9160aff4d
CPXPARAM_Threads                                 1
CPXPARAM_MIP_Strategy_VariableSelect             3
CPXPARAM_TimeLimit                               599.97456191599997
Found incumbent of value 0.000000 after 0.00 sec. (0.04 ticks)

Root node processing (before b&c):
  Real time             =    0.00 sec. (0.04 ticks)
Sequential b&c:
  Real time             =    0.00 sec. (0.00 ticks)
                          ------------
Total (root+branch&cut) =    0.00 sec. (0.04 ticks)
Version identifier: 22.1.1.0 | 2022-11-28 | 9160aff4d
CPXPARAM_Threads                                 1
CPXPARAM_MIP_Strategy_VariableSelect             3
CPXPARAM_TimeLimit                               599.97314385499999
Found incumbent of value 0.000000 after 0.00 sec. (0.04 ticks)

Root node processing (before b&c):
  Real time             =    0.00 sec. (0.04 ticks)
Sequential b&c:
  Real time             =    0.00 sec. (0.00 ticks)
                          ------------
Total (root+branch&cut) =    0.00 sec. (0.04 ticks)
Version identifier: 22.1.1.0 | 2022-11-28 | 9160aff4d
CPXPARAM_Threads                                 1
CPXPARAM_MIP_Strategy_VariableSelect             3
CPXPARAM_TimeLimit                               599.97168618800004
Found incumbent of value 0.000000 after 0.00 sec. (0.04 ticks)

Root node processing (before b&c):
  Real time             =    0.00 sec. (0.04 ticks)
Sequential b&c:
  Real time             =    0.00 sec. (0.00 ticks)
                          ------------
Total (root+branch&cut) =    0.00 sec. (0.04 ticks)
Version identifier: 22.1.1.0 | 2022-11-28 | 9160aff4d
CPXPARAM_Threads                                 1
CPXPARAM_MIP_Strategy_VariableSelect             3
CPXPARAM_TimeLimit                               599.97017027899994
Found incumbent of value 0.000000 after 0.00 sec. (0.04 ticks)

Root node processing (before b&c):
  Real time             =    0.00 sec. (0.05 ticks)
Sequential b&c:
  Real time             =    0.00 sec. (0.00 ticks)
                          ------------
Total (root+branch&cut) =    0.00 sec. (0.05 ticks)
Version identifier: 22.1.1.0 | 2022-11-28 | 9160aff4d
CPXPARAM_Threads                                 1
CPXPARAM_MIP_Strategy_VariableSelect             3
CPXPARAM_TimeLimit                               599.96864390099995
Found incumbent of value 0.000000 after 0.00 sec. (0.04 ticks)

Root node processing (before b&c):
  Real time             =    0.00 sec. (0.05 ticks)
Sequential b&c:
  Real time             =    0.00 sec. (0.00 ticks)
                          ------------
Total (root+branch&cut) =    0.00 sec. (0.05 ticks)
Version identifier: 22.1.1.0 | 2022-11-28 | 9160aff4d
CPXPARAM_Threads                                 1
CPXPARAM_MIP_Strategy_VariableSelect             3
CPXPARAM_TimeLimit                               599.96721384900002
Found incumbent of value 0.000000 after 0.00 sec. (0.04 ticks)

Root node processing (before b&c):
  Real time             =    0.00 sec. (0.05 ticks)
Sequential b&c:
  Real time             =    0.00 sec. (0.00 ticks)
                          ------------
Total (root+branch&cut) =    0.00 sec. (0.05 ticks)
Version identifier: 22.1.1.0 | 2022-11-28 | 9160aff4d
CPXPARAM_Threads                                 1
CPXPARAM_MIP_Strategy_VariableSelect             3
CPXPARAM_TimeLimit                               599.96577614800003
Found incumbent of value 0.000000 after 0.00 sec. (0.04 ticks)

Root node processing (before b&c):
  Real time             =    0.00 sec. (0.05 ticks)
Sequential b&c:
  Real time             =    0.00 sec. (0.00 ticks)
                          ------------
Total (root+branch&cut) =    0.00 sec. (0.05 ticks)
Version identifier: 22.1.1.0 | 2022-11-28 | 9160aff4d
CPXPARAM_Threads                                 1
CPXPARAM_MIP_Strategy_VariableSelect             3
CPXPARAM_TimeLimit                               599.964330389
Found incumbent of value 0.000000 after 0.00 sec. (0.04 ticks)

Root node processing (before b&c):
  Real time             =    0.00 sec. (0.05 ticks)
Sequential b&c:
  Real time             =    0.00 sec. (0.00 ticks)
                          ------------
Total (root+branch&cut) =    0.00 sec. (0.05 ticks)
Version identifier: 22.1.1.0 | 2022-11-28 | 9160aff4d
CPXPARAM_Threads                                 1
CPXPARAM_MIP_Strategy_VariableSelect             3
CPXPARAM_TimeLimit                               599.96278241699997
Found incumbent of value 0.000000 after 0.00 sec. (0.05 ticks)

Root node processing (before b&c):
  Real time             =    0.00 sec. (0.05 ticks)
Sequential b&c:
  Real time             =    0.00 sec. (0.00 ticks)
                          ------------
Total (root+branch&cut) =    0.00 sec. (0.05 ticks)
Version identifier: 22.1.1.0 | 2022-11-28 | 9160aff4d
CPXPARAM_Threads                                 1
CPXPARAM_MIP_Strategy_VariableSelect             3
CPXPARAM_TimeLimit                               599.96124757799998
Found incumbent of value 0.000000 after 0.00 sec. (0.05 ticks)

Root node processing (before b&c):
  Real time             =    0.00 sec. (0.05 ticks)
Sequential b&c:
  Real time             =    0.00 sec. (0.00 ticks)
                          ------------
Total (root+branch&cut) =    0.00 sec. (0.05 ticks)
Version identifier: 22.1.1.0 | 2022-11-28 | 9160aff4d
CPXPARAM_Threads                                 1
CPXPARAM_MIP_Strategy_VariableSelect             3
CPXPARAM_TimeLimit                               599.95972216200005
Found incumbent of value 0.000000 after 0.00 sec. (0.05 ticks)

Root node processing (before b&c):
  Real time             =    0.00 sec. (0.06 ticks)
Sequential b&c:
  Real time             =    0.00 sec. (0.00 ticks)
                          ------------
Total (root+branch&cut) =    0.00 sec. (0.06 ticks)
Version identifier: 22.1.1.0 | 2022-11-28 | 9160aff4d
CPXPARAM_Threads                                 1
CPXPARAM_MIP_Strategy_VariableSelect             3
CPXPARAM_TimeLimit                               599.95811705100004
Found incumbent of value 0.000000 after 0.00 sec. (0.05 ticks)

Root node processing (before b&c):
  Real time             =    0.00 sec. (0.06 ticks)
Sequential b&c:
  Real time             =    0.00 sec. (0.00 ticks)
                          ------------
Total (root+branch&cut) =    0.00 sec. (0.06 ticks)
Version identifier: 22.1.1.0 | 2022-11-28 | 9160aff4d
CPXPARAM_Threads                                 1
CPXPARAM_MIP_Strategy_VariableSelect             3
CPXPARAM_TimeLimit                               599.95650392499999
Found incumbent of value 0.000000 after 0.00 sec. (0.05 ticks)

Root node processing (before b&c):
  Real time             =    0.00 sec. (0.06 ticks)
Sequential b&c:
  Real time             =    0.00 sec. (0.00 ticks)
                          ------------
Total (root+branch&cut) =    0.00 sec. (0.06 ticks)
Version identifier: 22.1.1.0 | 2022-11-28 | 9160aff4d
CPXPARAM_Threads                                 1
CPXPARAM_MIP_Strategy_VariableSelect             3
CPXPARAM_TimeLimit                               599.95487521699999
Found incumbent of value 0.000000 after 0.00 sec. (0.05 ticks)

Root node processing (before b&c):
  Real time             =    0.00 sec. (0.06 ticks)
Sequential b&c:
  Real time             =    0.00 sec. (0.00 ticks)
                          ------------
Total (root+branch&cut) =    0.00 sec. (0.06 ticks)
Version identifier: 22.1.1.0 | 2022-11-28 | 9160aff4d
CPXPARAM_Threads                                 1
CPXPARAM_MIP_Strategy_VariableSelect             3
CPXPARAM_TimeLimit                               599.95315529499999
Found incumbent of value 0.000000 after 0.00 sec. (0.05 ticks)

Root node processing (before b&c):
  Real time             =    0.00 sec. (0.06 ticks)
Sequential b&c:
  Real time             =    0.00 sec. (0.00 ticks)
                          ------------
Total (root+branch&cut) =    0.00 sec. (0.06 ticks)
Version identifier: 22.1.1.0 | 2022-11-28 | 9160aff4d
CPXPARAM_Threads                                 1
CPXPARAM_MIP_Strategy_VariableSelect             3
CPXPARAM_TimeLimit                               599.95140651199995
Found incumbent of value 0.000000 after 0.00 sec. (0.05 ticks)

Root node processing (before b&c):
  Real time             =    0.00 sec. (0.06 ticks)
Sequential b&c:
  Real time             =    0.00 sec. (0.00 ticks)
                          ------------
Total (root+branch&cut) =    0.00 sec. (0.06 ticks)
Version identifier: 22.1.1.0 | 2022-11-28 | 9160aff4d
CPXPARAM_Threads                                 1
CPXPARAM_MIP_Strategy_VariableSelect             3
CPXPARAM_TimeLimit                               599.94944505900003
Found incumbent of value 0.000000 after 0.00 sec. (0.06 ticks)

Root node processing (before b&c):
  Real time             =    0.00 sec. (0.06 ticks)
Sequential b&c:
  Real time             =    0.00 sec. (0.00 ticks)
                          ------------
Total (root+branch&cut) =    0.00 sec. (0.06 ticks)
Version identifier: 22.1.1.0 | 2022-11-28 | 9160aff4d
CPXPARAM_Threads                                 1
CPXPARAM_MIP_Strategy_VariableSelect             3
CPXPARAM_TimeLimit                               599.94747314999995
Found incumbent of value 0.000000 after 0.00 sec. (0.06 ticks)

Root node processing (before b&c):
  Real time             =    0.00 sec. (0.07 ticks)
Sequential b&c:
  Real time             =    0.00 sec. (0.00 ticks)
                          ------------
Total (root+branch&cut) =    0.00 sec. (0.07 ticks)
Version identifier: 22.1.1.0 | 2022-11-28 | 9160aff4d
CPXPARAM_Threads                                 1
CPXPARAM_MIP_Strategy_VariableSelect             3
CPXPARAM_TimeLimit                               599.94543650499998
Found incumbent of value 0.000000 after 0.00 sec. (0.06 ticks)

Root node processing (before b&c):
  Real time             =    0.00 sec. (0.07 ticks)
Sequential b&c:
  Real time             =    0.00 sec. (0.00 ticks)
                          ------------
Total (root+branch&cut) =    0.00 sec. (0.07 ticks)
Version identifier: 22.1.1.0 | 2022-11-28 | 9160aff4d
CPXPARAM_Threads                                 1
CPXPARAM_MIP_Strategy_VariableSelect             3
CPXPARAM_TimeLimit                               599.94340390499997
Found incumbent of value 0.000000 after 0.00 sec. (0.06 ticks)

Root node processing (before b&c):
  Real time             =    0.00 sec. (0.07 ticks)
Sequential b&c:
  Real time             =    0.00 sec. (0.00 ticks)
                          ------------
Total (root+branch&cut) =    0.00 sec. (0.07 ticks)
Version identifier: 22.1.1.0 | 2022-11-28 | 9160aff4d
CPXPARAM_Threads                                 1
CPXPARAM_MIP_Strategy_VariableSelect             3
CPXPARAM_TimeLimit                               599.94135027899995
Found incumbent of value 0.000000 after 0.00 sec. (0.06 ticks)

Root node processing (before b&c):
  Real time             =    0.00 sec. (0.07 ticks)
Sequential b&c:
  Real time             =    0.00 sec. (0.00 ticks)
                          ------------
Total (root+branch&cut) =    0.00 sec. (0.07 ticks)
Version identifier: 22.1.1.0 | 2022-11-28 | 9160aff4d
CPXPARAM_Threads                                 1
CPXPARAM_MIP_Strategy_VariableSelect             3
CPXPARAM_TimeLimit                               599.93927535399996
Found incumbent of value 0.000000 after 0.00 sec. (0.06 ticks)

Root node processing (before b&c):
  Real time             =    0.00 sec. (0.07 ticks)
Sequential b&c:
  Real time             =    0.00 sec. (0.00 ticks)
                          ------------
Total (root+branch&cut) =    0.00 sec. (0.07 ticks)
Version identifier: 22.1.1.0 | 2022-11-28 | 9160aff4d
CPXPARAM_Threads                                 1
CPXPARAM_MIP_Strategy_VariableSelect             3
CPXPARAM_TimeLimit                               599.93715526699998
Found incumbent of value 0.000000 after 0.00 sec. (0.06 ticks)

Root node processing (before b&c):
  Real time             =    0.00 sec. (0.07 ticks)
Sequential b&c:
  Real time             =    0.00 sec. (0.00 ticks)
                          ------------
Total (root+branch&cut) =    0.00 sec. (0.07 ticks)
Version identifier: 22.1.1.0 | 2022-11-28 | 9160aff4d
CPXPARAM_Threads                                 1
CPXPARAM_MIP_Strategy_VariableSelect             3
CPXPARAM_TimeLimit                               599.93496266800003
Found incumbent of value 0.000000 after 0.00 sec. (0.06 ticks)

Root node processing (before b&c):
  Real time             =    0.00 sec. (0.07 ticks)
Sequential b&c:
  Real time             =    0.00 sec. (0.00 ticks)
                          ------------
Total (root+branch&cut) =    0.00 sec. (0.07 ticks)
Version identifier: 22.1.1.0 | 2022-11-28 | 9160aff4d
CPXPARAM_Threads                                 1
CPXPARAM_MIP_Strategy_VariableSelect             3
CPXPARAM_TimeLimit                               599.93272327
Found incumbent of value 0.000000 after 0.00 sec. (0.07 ticks)

Root node processing (before b&c):
  Real time             =    0.00 sec. (0.08 ticks)
Sequential b&c:
  Real time             =    0.00 sec. (0.00 ticks)
                          ------------
Total (root+branch&cut) =    0.00 sec. (0.08 ticks)
Version identifier: 22.1.1.0 | 2022-11-28 | 9160aff4d
CPXPARAM_Threads                                 1
CPXPARAM_MIP_Strategy_VariableSelect             3
CPXPARAM_TimeLimit                               599.93047177000005
Found incumbent of value 0.000000 after 0.00 sec. (0.07 ticks)

Root node processing (before b&c):
  Real time             =    0.00 sec. (0.08 ticks)
Sequential b&c:
  Real time             =    0.00 sec. (0.00 ticks)
                          ------------
Total (root+branch&cut) =    0.00 sec. (0.08 ticks)
Version identifier: 22.1.1.0 | 2022-11-28 | 9160aff4d
CPXPARAM_Threads                                 1
CPXPARAM_MIP_Strategy_VariableSelect             3
CPXPARAM_TimeLimit                               599.928182128
Found incumbent of value 0.000000 after 0.00 sec. (0.07 ticks)

Root node processing (before b&c):
  Real time             =    0.00 sec. (0.08 ticks)
Sequential b&c:
  Real time             =    0.00 sec. (0.00 ticks)
                          ------------
Total (root+branch&cut) =    0.00 sec. (0.08 ticks)
Version identifier: 22.1.1.0 | 2022-11-28 | 9160aff4d
CPXPARAM_Threads                                 1
CPXPARAM_MIP_Strategy_VariableSelect             3
CPXPARAM_TimeLimit                               599.92589454899996
Found incumbent of value 0.000000 after 0.00 sec. (0.07 ticks)

Root node processing (before b&c):
  Real time             =    0.00 sec. (0.08 ticks)
Sequential b&c:
  Real time             =    0.00 sec. (0.00 ticks)
                          ------------
Total (root+branch&cut) =    0.00 sec. (0.08 ticks)
Version identifier: 22.1.1.0 | 2022-11-28 | 9160aff4d
CPXPARAM_Threads                                 1
CPXPARAM_MIP_Strategy_VariableSelect             3
CPXPARAM_TimeLimit                               599.92358157800004
Found incumbent of value 0.000000 after 0.00 sec. (0.07 ticks)

Root node processing (before b&c):
  Real time             =    0.00 sec. (0.08 ticks)
Sequential b&c:
  Real time             =    0.00 sec. (0.00 ticks)
                          ------------
Total (root+branch&cut) =    0.00 sec. (0.08 ticks)
Version identifier: 22.1.1.0 | 2022-11-28 | 9160aff4d
CPXPARAM_Threads                                 1
CPXPARAM_MIP_Strategy_VariableSelect             3
CPXPARAM_TimeLimit                               599.92133012199997
Found incumbent of value 0.000000 after 0.00 sec. (0.07 ticks)

Root node processing (before b&c):
  Real time             =    0.00 sec. (0.08 ticks)
Sequential b&c:
  Real time             =    0.00 sec. (0.00 ticks)
                          ------------
Total (root+branch&cut) =    0.00 sec. (0.08 ticks)
Version identifier: 22.1.1.0 | 2022-11-28 | 9160aff4d
CPXPARAM_Threads                                 1
CPXPARAM_MIP_Strategy_VariableSelect             3
CPXPARAM_TimeLimit                               599.91909863299998
Found incumbent of value 0.000000 after 0.00 sec. (0.07 ticks)

Root node processing (before b&c):
  Real time             =    0.00 sec. (0.08 ticks)
Sequential b&c:
  Real time             =    0.00 sec. (0.00 ticks)
                          ------------
Total (root+branch&cut) =    0.00 sec. (0.08 ticks)
Version identifier: 22.1.1.0 | 2022-11-28 | 9160aff4d
CPXPARAM_Threads                                 1
CPXPARAM_MIP_Strategy_VariableSelect             3
CPXPARAM_TimeLimit                               599.91678597299995
Found incumbent of value 0.000000 after 0.00 sec. (0.07 ticks)

Root node processing (before b&c):
  Real time             =    0.00 sec. (0.09 ticks)
Sequential b&c:
  Real time             =    0.00 sec. (0.00 ticks)
                          ------------
Total (root+branch&cut) =    0.00 sec. (0.09 ticks)
Version identifier: 22.1.1.0 | 2022-11-28 | 9160aff4d
CPXPARAM_Threads                                 1
CPXPARAM_MIP_Strategy_VariableSelect             3
CPXPARAM_TimeLimit                               599.91444270299996
Found incumbent of value 0.000000 after 0.00 sec. (0.08 ticks)

Root node processing (before b&c):
  Real time             =    0.00 sec. (0.09 ticks)
Sequential b&c:
  Real time             =    0.00 sec. (0.00 ticks)
                          ------------
Total (root+branch&cut) =    0.00 sec. (0.09 ticks)
Version identifier: 22.1.1.0 | 2022-11-28 | 9160aff4d
CPXPARAM_Threads                                 1
CPXPARAM_MIP_Strategy_VariableSelect             3
CPXPARAM_TimeLimit                               599.91199249299996
Found incumbent of value 0.000000 after 0.00 sec. (0.08 ticks)

Root node processing (before b&c):
  Real time             =    0.00 sec. (0.09 ticks)
Sequential b&c:
  Real time             =    0.00 sec. (0.00 ticks)
                          ------------
Total (root+branch&cut) =    0.00 sec. (0.09 ticks)
Version identifier: 22.1.1.0 | 2022-11-28 | 9160aff4d
CPXPARAM_Threads                                 1
CPXPARAM_MIP_Strategy_VariableSelect             3
CPXPARAM_TimeLimit                               599.90954567599999
Found incumbent of value 0.000000 after 0.00 sec. (0.08 ticks)

Root node processing (before b&c):
  Real time             =    0.00 sec. (0.09 ticks)
Sequential b&c:
  Real time             =    0.00 sec. (0.00 ticks)
                          ------------
Total (root+branch&cut) =    0.00 sec. (0.09 ticks)
Version identifier: 22.1.1.0 | 2022-11-28 | 9160aff4d
CPXPARAM_Threads                                 1
CPXPARAM_MIP_Strategy_VariableSelect             3
CPXPARAM_TimeLimit                               599.90715539300004
Found incumbent of value 0.000000 after 0.00 sec. (0.08 ticks)

Root node processing (before b&c):
  Real time             =    0.00 sec. (0.09 ticks)
Sequential b&c:
  Real time             =    0.00 sec. (0.00 ticks)
                          ------------
Total (root+branch&cut) =    0.00 sec. (0.09 ticks)
Version identifier: 22.1.1.0 | 2022-11-28 | 9160aff4d
CPXPARAM_Threads                                 1
CPXPARAM_MIP_Strategy_VariableSelect             3
CPXPARAM_TimeLimit                               599.90472542400005
Found incumbent of value 0.000000 after 0.00 sec. (0.08 ticks)

Root node processing (before b&c):
  Real time             =    0.00 sec. (0.09 ticks)
Sequential b&c:
  Real time             =    0.00 sec. (0.00 ticks)
                          ------------
Total (root+branch&cut) =    0.00 sec. (0.09 ticks)
Version identifier: 22.1.1.0 | 2022-11-28 | 9160aff4d
CPXPARAM_Threads                                 1
CPXPARAM_MIP_Strategy_VariableSelect             3
CPXPARAM_TimeLimit                               599.90227339700004
Found incumbent of value 0.000000 after 0.00 sec. (0.08 ticks)

Root node processing (before b&c):
  Real time             =    0.00 sec. (0.09 ticks)
Sequential b&c:
  Real time             =    0.00 sec. (0.00 ticks)
                          ------------
Total (root+branch&cut) =    0.00 sec. (0.09 ticks)
Version identifier: 22.1.1.0 | 2022-11-28 | 9160aff4d
CPXPARAM_Threads                                 1
CPXPARAM_MIP_Strategy_VariableSelect             3
CPXPARAM_TimeLimit                               599.899811677
Found incumbent of value 0.000000 after 0.00 sec. (0.08 ticks)

Root node processing (before b&c):
  Real time             =    0.00 sec. (0.10 ticks)
Sequential b&c:
  Real time             =    0.00 sec. (0.00 ticks)
                          ------------
Total (root+branch&cut) =    0.00 sec. (0.10 ticks)
Version identifier: 22.1.1.0 | 2022-11-28 | 9160aff4d
CPXPARAM_Threads                                 1
CPXPARAM_MIP_Strategy_VariableSelect             3
CPXPARAM_TimeLimit                               599.89724925200005
Found incumbent of value 0.000000 after 0.00 sec. (0.08 ticks)

Root node processing (before b&c):
  Real time             =    0.00 sec. (0.10 ticks)
Sequential b&c:
  Real time             =    0.00 sec. (0.00 ticks)
                          ------------
Total (root+branch&cut) =    0.00 sec. (0.10 ticks)
Version identifier: 22.1.1.0 | 2022-11-28 | 9160aff4d
CPXPARAM_Threads                                 1
CPXPARAM_MIP_Strategy_VariableSelect             3
CPXPARAM_TimeLimit                               599.89460659199995
Found incumbent of value 0.000000 after 0.00 sec. (0.08 ticks)

Root node processing (before b&c):
  Real time             =    0.00 sec. (0.10 ticks)
Sequential b&c:
  Real time             =    0.00 sec. (0.00 ticks)
                          ------------
Total (root+branch&cut) =    0.00 sec. (0.10 ticks)
Version identifier: 22.1.1.0 | 2022-11-28 | 9160aff4d
CPXPARAM_Threads                                 1
CPXPARAM_MIP_Strategy_VariableSelect             3
CPXPARAM_TimeLimit                               599.89202605499997
Found incumbent of value 0.000000 after 0.00 sec. (0.09 ticks)

Root node processing (before b&c):
  Real time             =    0.00 sec. (0.10 ticks)
Sequential b&c:
  Real time             =    0.00 sec. (0.00 ticks)
                          ------------
Total (root+branch&cut) =    0.00 sec. (0.10 ticks)
Version identifier: 22.1.1.0 | 2022-11-28 | 9160aff4d
CPXPARAM_Threads                                 1
CPXPARAM_MIP_Strategy_VariableSelect             3
CPXPARAM_TimeLimit                               599.88934554399998
Found incumbent of value 0.000000 after 0.00 sec. (0.09 ticks)

Root node processing (before b&c):
  Real time             =    0.00 sec. (0.10 ticks)
Sequential b&c:
  Real time             =    0.00 sec. (0.00 ticks)
                          ------------
Total (root+branch&cut) =    0.00 sec. (0.10 ticks)
Version identifier: 22.1.1.0 | 2022-11-28 | 9160aff4d
CPXPARAM_Threads                                 1
CPXPARAM_MIP_Strategy_VariableSelect             3
CPXPARAM_TimeLimit                               599.88660929000002
Found incumbent of value 0.000000 after 0.00 sec. (0.09 ticks)

Root node processing (before b&c):
  Real time             =    0.00 sec. (0.10 ticks)
Sequential b&c:
  Real time             =    0.00 sec. (0.00 ticks)
                          ------------
Total (root+branch&cut) =    0.00 sec. (0.10 ticks)
Version identifier: 22.1.1.0 | 2022-11-28 | 9160aff4d
CPXPARAM_Threads                                 1
CPXPARAM_MIP_Strategy_VariableSelect             3
CPXPARAM_TimeLimit                               599.88393434299996
Found incumbent of value 0.000000 after 0.00 sec. (0.09 ticks)

Root node processing (before b&c):
  Real time             =    0.00 sec. (0.10 ticks)
Sequential b&c:
  Real time             =    0.00 sec. (0.00 ticks)
                          ------------
Total (root+branch&cut) =    0.00 sec. (0.10 ticks)
Version identifier: 22.1.1.0 | 2022-11-28 | 9160aff4d
CPXPARAM_Threads                                 1
CPXPARAM_MIP_Strategy_VariableSelect             3
CPXPARAM_TimeLimit                               599.88109198500001
Found incumbent of value 0.000000 after 0.00 sec. (0.09 ticks)

Root node processing (before b&c):
  Real time             =    0.00 sec. (0.11 ticks)
Sequential b&c:
  Real time             =    0.00 sec. (0.00 ticks)
                          ------------
Total (root+branch&cut) =    0.00 sec. (0.11 ticks)
Version identifier: 22.1.1.0 | 2022-11-28 | 9160aff4d
CPXPARAM_Threads                                 1
CPXPARAM_MIP_Strategy_VariableSelect             3
CPXPARAM_TimeLimit                               599.878088144
Found incumbent of value 0.000000 after 0.00 sec. (0.10 ticks)

Root node processing (before b&c):
  Real time             =    0.00 sec. (0.12 ticks)
Sequential b&c:
  Real time             =    0.00 sec. (0.00 ticks)
                          ------------
Total (root+branch&cut) =    0.00 sec. (0.12 ticks)
Version identifier: 22.1.1.0 | 2022-11-28 | 9160aff4d
CPXPARAM_Threads                                 1
CPXPARAM_MIP_Strategy_VariableSelect             3
CPXPARAM_TimeLimit                               599.87456632299995
Found incumbent of value 0.000000 after 0.00 sec. (0.12 ticks)

Root node processing (before b&c):
  Real time             =    0.00 sec. (0.14 ticks)
Sequential b&c:
  Real time             =    0.00 sec. (0.00 ticks)
                          ------------
Total (root+branch&cut) =    0.00 sec. (0.14 ticks)
Version identifier: 22.1.1.0 | 2022-11-28 | 9160aff4d
CPXPARAM_Threads                                 1
CPXPARAM_MIP_Strategy_VariableSelect             3
CPXPARAM_TimeLimit                               599.86980754000001
Found incumbent of value 0.000000 after 0.00 sec. (0.12 ticks)

Root node processing (before b&c):
  Real time             =    0.00 sec. (0.14 ticks)
Sequential b&c:
  Real time             =    0.00 sec. (0.00 ticks)
                          ------------
Total (root+branch&cut) =    0.00 sec. (0.14 ticks)
Version identifier: 22.1.1.0 | 2022-11-28 | 9160aff4d
CPXPARAM_Threads                                 1
CPXPARAM_MIP_Strategy_VariableSelect             3
CPXPARAM_TimeLimit                               599.86484120499995
Found incumbent of value 0.000000 after 0.00 sec. (0.12 ticks)

Root node processing (before b&c):
  Real time             =    0.00 sec. (0.14 ticks)
Sequential b&c:
  Real time             =    0.00 sec. (0.00 ticks)
                          ------------
Total (root+branch&cut) =    0.00 sec. (0.14 ticks)
Version identifier: 22.1.1.0 | 2022-11-28 | 9160aff4d
CPXPARAM_Threads                                 1
CPXPARAM_MIP_Strategy_VariableSelect             3
CPXPARAM_TimeLimit                               599.85977379200006
Found incumbent of value 0.000000 after 0.00 sec. (0.12 ticks)

Root node processing (before b&c):
  Real time             =    0.00 sec. (0.14 ticks)
Sequential b&c:
  Real time             =    0.00 sec. (0.00 ticks)
                          ------------
Total (root+branch&cut) =    0.00 sec. (0.14 ticks)
Version identifier: 22.1.1.0 | 2022-11-28 | 9160aff4d
CPXPARAM_Threads                                 1
CPXPARAM_MIP_Strategy_VariableSelect             3
CPXPARAM_TimeLimit                               599.856150146
Found incumbent of value 0.000000 after 0.00 sec. (0.13 ticks)

Root node processing (before b&c):
  Real time             =    0.00 sec. (0.14 ticks)
Sequential b&c:
  Real time             =    0.00 sec. (0.00 ticks)
                          ------------
Total (root+branch&cut) =    0.00 sec. (0.14 ticks)
Version identifier: 22.1.1.0 | 2022-11-28 | 9160aff4d
CPXPARAM_Threads                                 1
CPXPARAM_MIP_Strategy_VariableSelect             3
CPXPARAM_TimeLimit                               599.85249242500004
Found incumbent of value 0.000000 after 0.00 sec. (0.13 ticks)

Root node processing (before b&c):
  Real time             =    0.00 sec. (0.14 ticks)
Sequential b&c:
  Real time             =    0.00 sec. (0.00 ticks)
                          ------------
Total (root+branch&cut) =    0.00 sec. (0.14 ticks)
Version identifier: 22.1.1.0 | 2022-11-28 | 9160aff4d
CPXPARAM_Threads                                 1
CPXPARAM_MIP_Strategy_VariableSelect             3
CPXPARAM_TimeLimit                               599.84926813000004
Found incumbent of value 0.000000 after 0.00 sec. (0.13 ticks)

Root node processing (before b&c):
  Real time             =    0.00 sec. (0.15 ticks)
Sequential b&c:
  Real time             =    0.00 sec. (0.00 ticks)
                          ------------
Total (root+branch&cut) =    0.00 sec. (0.15 ticks)
Version identifier: 22.1.1.0 | 2022-11-28 | 9160aff4d
CPXPARAM_Threads                                 1
CPXPARAM_MIP_Strategy_VariableSelect             3
CPXPARAM_TimeLimit                               599.84603895500004
Found incumbent of value 0.000000 after 0.00 sec. (0.13 ticks)

Root node processing (before b&c):
  Real time             =    0.00 sec. (0.15 ticks)
Sequential b&c:
  Real time             =    0.00 sec. (0.00 ticks)
                          ------------
Total (root+branch&cut) =    0.00 sec. (0.15 ticks)
Version identifier: 22.1.1.0 | 2022-11-28 | 9160aff4d
CPXPARAM_Threads                                 1
CPXPARAM_MIP_Strategy_VariableSelect             3
CPXPARAM_TimeLimit                               599.84282030700001
Found incumbent of value 0.000000 after 0.00 sec. (0.13 ticks)

Root node processing (before b&c):
  Real time             =    0.00 sec. (0.15 ticks)
Sequential b&c:
  Real time             =    0.00 sec. (0.00 ticks)
                          ------------
Total (root+branch&cut) =    0.00 sec. (0.15 ticks)
Version identifier: 22.1.1.0 | 2022-11-28 | 9160aff4d
CPXPARAM_Threads                                 1
CPXPARAM_MIP_Strategy_VariableSelect             3
CPXPARAM_TimeLimit                               599.83947535499999
Found incumbent of value 0.000000 after 0.00 sec. (0.13 ticks)

Root node processing (before b&c):
  Real time             =    0.00 sec. (0.15 ticks)
Sequential b&c:
  Real time             =    0.00 sec. (0.00 ticks)
                          ------------
Total (root+branch&cut) =    0.00 sec. (0.15 ticks)
Version identifier: 22.1.1.0 | 2022-11-28 | 9160aff4d
CPXPARAM_Threads                                 1
CPXPARAM_MIP_Strategy_VariableSelect             3
CPXPARAM_TimeLimit                               599.83620008299999
Found incumbent of value 0.000000 after 0.00 sec. (0.13 ticks)

Root node processing (before b&c):
  Real time             =    0.00 sec. (0.15 ticks)
Sequential b&c:
  Real time             =    0.00 sec. (0.00 ticks)
                          ------------
Total (root+branch&cut) =    0.00 sec. (0.15 ticks)
Version identifier: 22.1.1.0 | 2022-11-28 | 9160aff4d
CPXPARAM_Threads                                 1
CPXPARAM_MIP_Strategy_VariableSelect             3
CPXPARAM_TimeLimit                               599.83278079499996
Found incumbent of value 0.000000 after 0.00 sec. (0.14 ticks)

Root node processing (before b&c):
  Real time             =    0.00 sec. (0.15 ticks)
Sequential b&c:
  Real time             =    0.00 sec. (0.00 ticks)
                          ------------
Total (root+branch&cut) =    0.00 sec. (0.15 ticks)
Version identifier: 22.1.1.0 | 2022-11-28 | 9160aff4d
CPXPARAM_Threads                                 1
CPXPARAM_MIP_Strategy_VariableSelect             3
CPXPARAM_TimeLimit                               599.82939403600005
Found incumbent of value 0.000000 after 0.00 sec. (0.14 ticks)

Root node processing (before b&c):
  Real time             =    0.00 sec. (0.16 ticks)
Sequential b&c:
  Real time             =    0.00 sec. (0.00 ticks)
                          ------------
Total (root+branch&cut) =    0.00 sec. (0.16 ticks)
Version identifier: 22.1.1.0 | 2022-11-28 | 9160aff4d
CPXPARAM_Threads                                 1
CPXPARAM_MIP_Strategy_VariableSelect             3
CPXPARAM_TimeLimit                               599.82608393700002
Found incumbent of value 0.000000 after 0.00 sec. (0.14 ticks)

Root node processing (before b&c):
  Real time             =    0.00 sec. (0.16 ticks)
Sequential b&c:
  Real time             =    0.00 sec. (0.00 ticks)
                          ------------
Total (root+branch&cut) =    0.00 sec. (0.16 ticks)
Version identifier: 22.1.1.0 | 2022-11-28 | 9160aff4d
CPXPARAM_Threads                                 1
CPXPARAM_MIP_Strategy_VariableSelect             3
CPXPARAM_TimeLimit                               599.82229754599996
Found incumbent of value 0.000000 after 0.00 sec. (0.14 ticks)

Root node processing (before b&c):
  Real time             =    0.00 sec. (0.16 ticks)
Sequential b&c:
  Real time             =    0.00 sec. (0.00 ticks)
                          ------------
Total (root+branch&cut) =    0.00 sec. (0.16 ticks)
Version identifier: 22.1.1.0 | 2022-11-28 | 9160aff4d
CPXPARAM_Threads                                 1
CPXPARAM_MIP_Strategy_VariableSelect             3
CPXPARAM_TimeLimit                               599.81829440399997
Found incumbent of value 0.000000 after 0.00 sec. (0.14 ticks)

Root node processing (before b&c):
  Real time             =    0.00 sec. (0.16 ticks)
Sequential b&c:
  Real time             =    0.00 sec. (0.00 ticks)
                          ------------
Total (root+branch&cut) =    0.00 sec. (0.16 ticks)
Version identifier: 22.1.1.0 | 2022-11-28 | 9160aff4d
CPXPARAM_Threads                                 1
CPXPARAM_MIP_Strategy_VariableSelect             3
CPXPARAM_TimeLimit                               599.81470849100003
Found incumbent of value 0.000000 after 0.00 sec. (0.14 ticks)

Root node processing (before b&c):
  Real time             =    0.00 sec. (0.16 ticks)
Sequential b&c:
  Real time             =    0.00 sec. (0.00 ticks)
                          ------------
Total (root+branch&cut) =    0.00 sec. (0.16 ticks)
Version identifier: 22.1.1.0 | 2022-11-28 | 9160aff4d
CPXPARAM_Threads                                 1
CPXPARAM_MIP_Strategy_VariableSelect             3
CPXPARAM_TimeLimit                               599.81083457399995
Found incumbent of value 0.000000 after 0.00 sec. (0.15 ticks)

Root node processing (before b&c):
  Real time             =    0.00 sec. (0.16 ticks)
Sequential b&c:
  Real time             =    0.00 sec. (0.00 ticks)
                          ------------
Total (root+branch&cut) =    0.00 sec. (0.16 ticks)
Version identifier: 22.1.1.0 | 2022-11-28 | 9160aff4d
CPXPARAM_Threads                                 1
CPXPARAM_MIP_Strategy_VariableSelect             3
CPXPARAM_TimeLimit                               599.80739574500001
Found incumbent of value 0.000000 after 0.00 sec. (0.15 ticks)

Root node processing (before b&c):
  Real time             =    0.00 sec. (0.17 ticks)
Sequential b&c:
  Real time             =    0.00 sec. (0.00 ticks)
                          ------------
Total (root+branch&cut) =    0.00 sec. (0.17 ticks)
Version identifier: 22.1.1.0 | 2022-11-28 | 9160aff4d
CPXPARAM_Threads                                 1
CPXPARAM_MIP_Strategy_VariableSelect             3
CPXPARAM_TimeLimit                               599.80398837300004
Found incumbent of value 0.000000 after 0.00 sec. (0.15 ticks)

Root node processing (before b&c):
  Real time             =    0.00 sec. (0.17 ticks)
Sequential b&c:
  Real time             =    0.00 sec. (0.00 ticks)
                          ------------
Total (root+branch&cut) =    0.00 sec. (0.17 ticks)
Version identifier: 22.1.1.0 | 2022-11-28 | 9160aff4d
CPXPARAM_Threads                                 1
CPXPARAM_MIP_Strategy_VariableSelect             3
CPXPARAM_TimeLimit                               599.80049972500001
Found incumbent of value 0.000000 after 0.00 sec. (0.15 ticks)

Root node processing (before b&c):
  Real time             =    0.00 sec. (0.17 ticks)
Sequential b&c:
  Real time             =    0.00 sec. (0.00 ticks)
                          ------------
Total (root+branch&cut) =    0.00 sec. (0.17 ticks)
Version identifier: 22.1.1.0 | 2022-11-28 | 9160aff4d
CPXPARAM_Threads                                 1
CPXPARAM_MIP_Strategy_VariableSelect             3
CPXPARAM_TimeLimit                               599.79663657799995
Found incumbent of value 0.000000 after 0.00 sec. (0.15 ticks)

Root node processing (before b&c):
  Real time             =    0.00 sec. (0.17 ticks)
Sequential b&c:
  Real time             =    0.00 sec. (0.00 ticks)
                          ------------
Total (root+branch&cut) =    0.00 sec. (0.17 ticks)
Version identifier: 22.1.1.0 | 2022-11-28 | 9160aff4d
CPXPARAM_Threads                                 1
CPXPARAM_MIP_Strategy_VariableSelect             3
CPXPARAM_TimeLimit                               599.79269152999996
Found incumbent of value 0.000000 after 0.00 sec. (0.15 ticks)

Root node processing (before b&c):
  Real time             =    0.00 sec. (0.17 ticks)
Sequential b&c:
  Real time             =    0.00 sec. (0.00 ticks)
                          ------------
Total (root+branch&cut) =    0.00 sec. (0.17 ticks)
Version identifier: 22.1.1.0 | 2022-11-28 | 9160aff4d
CPXPARAM_Threads                                 1
CPXPARAM_MIP_Strategy_VariableSelect             3
CPXPARAM_TimeLimit                               599.78879350600005
Found incumbent of value 0.000000 after 0.00 sec. (0.15 ticks)

Root node processing (before b&c):
  Real time             =    0.00 sec. (0.18 ticks)
Sequential b&c:
  Real time             =    0.00 sec. (0.00 ticks)
                          ------------
Total (root+branch&cut) =    0.00 sec. (0.18 ticks)
Version identifier: 22.1.1.0 | 2022-11-28 | 9160aff4d
CPXPARAM_Threads                                 1
CPXPARAM_MIP_Strategy_VariableSelect             3
CPXPARAM_TimeLimit                               599.78488398000002
Found incumbent of value 0.000000 after 0.00 sec. (0.16 ticks)

Root node processing (before b&c):
  Real time             =    0.00 sec. (0.18 ticks)
Sequential b&c:
  Real time             =    0.00 sec. (0.00 ticks)
                          ------------
Total (root+branch&cut) =    0.00 sec. (0.18 ticks)
Version identifier: 22.1.1.0 | 2022-11-28 | 9160aff4d
CPXPARAM_Threads                                 1
CPXPARAM_MIP_Strategy_VariableSelect             3
CPXPARAM_TimeLimit                               599.78079055499995
Found incumbent of value 0.000000 after 0.00 sec. (0.16 ticks)

Root node processing (before b&c):
  Real time             =    0.00 sec. (0.18 ticks)
Sequential b&c:
  Real time             =    0.00 sec. (0.00 ticks)
                          ------------
Total (root+branch&cut) =    0.00 sec. (0.18 ticks)
Version identifier: 22.1.1.0 | 2022-11-28 | 9160aff4d
CPXPARAM_Threads                                 1
CPXPARAM_MIP_Strategy_VariableSelect             3
CPXPARAM_TimeLimit                               599.77668336700003
Found incumbent of value 0.000000 after 0.00 sec. (0.16 ticks)

Root node processing (before b&c):
  Real time             =    0.00 sec. (0.18 ticks)
Sequential b&c:
  Real time             =    0.00 sec. (0.00 ticks)
                          ------------
Total (root+branch&cut) =    0.00 sec. (0.18 ticks)
Version identifier: 22.1.1.0 | 2022-11-28 | 9160aff4d
CPXPARAM_Threads                                 1
CPXPARAM_MIP_Strategy_VariableSelect             3
CPXPARAM_TimeLimit                               599.77253259600002
Found incumbent of value 0.000000 after 0.00 sec. (0.16 ticks)

Root node processing (before b&c):
  Real time             =    0.00 sec. (0.18 ticks)
Sequential b&c:
  Real time             =    0.00 sec. (0.00 ticks)
                          ------------
Total (root+branch&cut) =    0.00 sec. (0.18 ticks)
Version identifier: 22.1.1.0 | 2022-11-28 | 9160aff4d
CPXPARAM_Threads                                 1
CPXPARAM_MIP_Strategy_VariableSelect             3
CPXPARAM_TimeLimit                               599.76866718199994
Found incumbent of value 0.000000 after 0.00 sec. (0.16 ticks)

Root node processing (before b&c):
  Real time             =    0.00 sec. (0.18 ticks)
Sequential b&c:
  Real time             =    0.00 sec. (0.00 ticks)
                          ------------
Total (root+branch&cut) =    0.00 sec. (0.18 ticks)
Version identifier: 22.1.1.0 | 2022-11-28 | 9160aff4d
CPXPARAM_Threads                                 1
CPXPARAM_MIP_Strategy_VariableSelect             3
CPXPARAM_TimeLimit                               599.76495006599998
Found incumbent of value 0.000000 after 0.00 sec. (0.16 ticks)

Root node processing (before b&c):
  Real time             =    0.00 sec. (0.19 ticks)
Sequential b&c:
  Real time             =    0.00 sec. (0.00 ticks)
                          ------------
Total (root+branch&cut) =    0.00 sec. (0.19 ticks)
Version identifier: 22.1.1.0 | 2022-11-28 | 9160aff4d
CPXPARAM_Threads                                 1
CPXPARAM_MIP_Strategy_VariableSelect             3
CPXPARAM_TimeLimit                               599.76115811
Found incumbent of value 0.000000 after 0.00 sec. (0.16 ticks)

Root node processing (before b&c):
  Real time             =    0.00 sec. (0.19 ticks)
Sequential b&c:
  Real time             =    0.00 sec. (0.00 ticks)
                          ------------
Total (root+branch&cut) =    0.00 sec. (0.19 ticks)
Version identifier: 22.1.1.0 | 2022-11-28 | 9160aff4d
CPXPARAM_Threads                                 1
CPXPARAM_MIP_Strategy_VariableSelect             3
CPXPARAM_TimeLimit                               599.75738669500004
Found incumbent of value 0.000000 after 0.00 sec. (0.17 ticks)

Root node processing (before b&c):
  Real time             =    0.00 sec. (0.19 ticks)
Sequential b&c:
  Real time             =    0.00 sec. (0.00 ticks)
                          ------------
Total (root+branch&cut) =    0.00 sec. (0.19 ticks)
Version identifier: 22.1.1.0 | 2022-11-28 | 9160aff4d
CPXPARAM_Threads                                 1
CPXPARAM_MIP_Strategy_VariableSelect             3
CPXPARAM_TimeLimit                               599.753592551
Found incumbent of value 0.000000 after 0.00 sec. (0.17 ticks)

Root node processing (before b&c):
  Real time             =    0.00 sec. (0.19 ticks)
Sequential b&c:
  Real time             =    0.00 sec. (0.00 ticks)
                          ------------
Total (root+branch&cut) =    0.00 sec. (0.19 ticks)
Version identifier: 22.1.1.0 | 2022-11-28 | 9160aff4d
CPXPARAM_Threads                                 1
CPXPARAM_MIP_Strategy_VariableSelect             3
CPXPARAM_TimeLimit                               599.74988301600001
Found incumbent of value 0.000000 after 0.00 sec. (0.17 ticks)

Root node processing (before b&c):
  Real time             =    0.00 sec. (0.19 ticks)
Sequential b&c:
  Real time             =    0.00 sec. (0.00 ticks)
                          ------------
Total (root+branch&cut) =    0.00 sec. (0.19 ticks)
Version identifier: 22.1.1.0 | 2022-11-28 | 9160aff4d
CPXPARAM_Threads                                 1
CPXPARAM_MIP_Strategy_VariableSelect             3
CPXPARAM_TimeLimit                               599.74612872
Found incumbent of value 0.000000 after 0.00 sec. (0.17 ticks)

Root node processing (before b&c):
  Real time             =    0.00 sec. (0.19 ticks)
Sequential b&c:
  Real time             =    0.00 sec. (0.00 ticks)
                          ------------
Total (root+branch&cut) =    0.00 sec. (0.19 ticks)
Version identifier: 22.1.1.0 | 2022-11-28 | 9160aff4d
CPXPARAM_Threads                                 1
CPXPARAM_MIP_Strategy_VariableSelect             3
CPXPARAM_TimeLimit                               599.74235248499997
Found incumbent of value 0.000000 after 0.00 sec. (0.17 ticks)

Root node processing (before b&c):
  Real time             =    0.00 sec. (0.20 ticks)
Sequential b&c:
  Real time             =    0.00 sec. (0.00 ticks)
                          ------------
Total (root+branch&cut) =    0.00 sec. (0.20 ticks)
Version identifier: 22.1.1.0 | 2022-11-28 | 9160aff4d
CPXPARAM_Threads                                 1
CPXPARAM_MIP_Strategy_VariableSelect             3
CPXPARAM_TimeLimit                               599.73853220700005
Found incumbent of value 0.000000 after 0.00 sec. (0.17 ticks)

Root node processing (before b&c):
  Real time             =    0.00 sec. (0.20 ticks)
Sequential b&c:
  Real time             =    0.00 sec. (0.00 ticks)
                          ------------
Total (root+branch&cut) =    0.00 sec. (0.20 ticks)
Version identifier: 22.1.1.0 | 2022-11-28 | 9160aff4d
CPXPARAM_Threads                                 1
CPXPARAM_MIP_Strategy_VariableSelect             3
CPXPARAM_TimeLimit                               599.73470955300002
Found incumbent of value 0.000000 after 0.00 sec. (0.18 ticks)

Root node processing (before b&c):
  Real time             =    0.00 sec. (0.20 ticks)
Sequential b&c:
  Real time             =    0.00 sec. (0.00 ticks)
                          ------------
Total (root+branch&cut) =    0.00 sec. (0.20 ticks)
Version identifier: 22.1.1.0 | 2022-11-28 | 9160aff4d
CPXPARAM_Threads                                 1
CPXPARAM_MIP_Strategy_VariableSelect             3
CPXPARAM_TimeLimit                               599.73086106300002
Found incumbent of value 0.000000 after 0.00 sec. (0.18 ticks)

Root node processing (before b&c):
  Real time             =    0.00 sec. (0.20 ticks)
Sequential b&c:
  Real time             =    0.00 sec. (0.00 ticks)
                          ------------
Total (root+branch&cut) =    0.00 sec. (0.20 ticks)
Version identifier: 22.1.1.0 | 2022-11-28 | 9160aff4d
CPXPARAM_Threads                                 1
CPXPARAM_MIP_Strategy_VariableSelect             3
CPXPARAM_TimeLimit                               599.72700611499999
Found incumbent of value 0.000000 after 0.00 sec. (0.18 ticks)

Root node processing (before b&c):
  Real time             =    0.00 sec. (0.20 ticks)
Sequential b&c:
  Real time             =    0.00 sec. (0.00 ticks)
                          ------------
Total (root+branch&cut) =    0.00 sec. (0.20 ticks)
Version identifier: 22.1.1.0 | 2022-11-28 | 9160aff4d
CPXPARAM_Threads                                 1
CPXPARAM_MIP_Strategy_VariableSelect             3
CPXPARAM_TimeLimit                               599.72178828999995
Found incumbent of value 0.000000 after 0.00 sec. (0.18 ticks)

Root node processing (before b&c):
  Real time             =    0.00 sec. (0.20 ticks)
Sequential b&c:
  Real time             =    0.00 sec. (0.00 ticks)
                          ------------
Total (root+branch&cut) =    0.00 sec. (0.20 ticks)
Version identifier: 22.1.1.0 | 2022-11-28 | 9160aff4d
CPXPARAM_Threads                                 1
CPXPARAM_MIP_Strategy_VariableSelect             3
CPXPARAM_TimeLimit                               599.71192441000005
Found incumbent of value 0.000000 after 0.00 sec. (0.18 ticks)

Root node processing (before b&c):
  Real time             =    0.00 sec. (0.21 ticks)
Sequential b&c:
  Real time             =    0.00 sec. (0.00 ticks)
                          ------------
Total (root+branch&cut) =    0.00 sec. (0.21 ticks)
Version identifier: 22.1.1.0 | 2022-11-28 | 9160aff4d
CPXPARAM_Threads                                 1
CPXPARAM_MIP_Strategy_VariableSelect             3
CPXPARAM_TimeLimit                               599.70266247799998
Found incumbent of value 0.000000 after 0.00 sec. (0.18 ticks)

Root node processing (before b&c):
  Real time             =    0.00 sec. (0.21 ticks)
Sequential b&c:
  Real time             =    0.00 sec. (0.00 ticks)
                          ------------
Total (root+branch&cut) =    0.00 sec. (0.21 ticks)
Version identifier: 22.1.1.0 | 2022-11-28 | 9160aff4d
CPXPARAM_Threads                                 1
CPXPARAM_MIP_Strategy_VariableSelect             3
CPXPARAM_TimeLimit                               599.69346046500004
Found incumbent of value 0.000000 after 0.00 sec. (0.18 ticks)

Root node processing (before b&c):
  Real time             =    0.00 sec. (0.21 ticks)
Sequential b&c:
  Real time             =    0.00 sec. (0.00 ticks)
                          ------------
Total (root+branch&cut) =    0.00 sec. (0.21 ticks)
Version identifier: 22.1.1.0 | 2022-11-28 | 9160aff4d
CPXPARAM_Threads                                 1
CPXPARAM_MIP_Strategy_VariableSelect             3
CPXPARAM_TimeLimit                               599.68420196099999
Found incumbent of value 0.000000 after 0.00 sec. (0.19 ticks)

Root node processing (before b&c):
  Real time             =    0.00 sec. (0.21 ticks)
Sequential b&c:
  Real time             =    0.00 sec. (0.00 ticks)
                          ------------
Total (root+branch&cut) =    0.00 sec. (0.21 ticks)
Version identifier: 22.1.1.0 | 2022-11-28 | 9160aff4d
CPXPARAM_Threads                                 1
CPXPARAM_MIP_Strategy_VariableSelect             3
CPXPARAM_TimeLimit                               599.67485210200005
Found incumbent of value 0.000000 after 0.00 sec. (0.19 ticks)

Root node processing (before b&c):
  Real time             =    0.00 sec. (0.21 ticks)
Sequential b&c:
  Real time             =    0.00 sec. (0.00 ticks)
                          ------------
Total (root+branch&cut) =    0.00 sec. (0.21 ticks)
Version identifier: 22.1.1.0 | 2022-11-28 | 9160aff4d
CPXPARAM_Threads                                 1
CPXPARAM_MIP_Strategy_VariableSelect             3
CPXPARAM_TimeLimit                               599.665310353
Found incumbent of value 0.000000 after 0.00 sec. (0.19 ticks)

Root node processing (before b&c):
  Real time             =    0.00 sec. (0.21 ticks)
Sequential b&c:
  Real time             =    0.00 sec. (0.00 ticks)
                          ------------
Total (root+branch&cut) =    0.00 sec. (0.21 ticks)
Version identifier: 22.1.1.0 | 2022-11-28 | 9160aff4d
CPXPARAM_Threads                                 1
CPXPARAM_MIP_Strategy_VariableSelect             3
CPXPARAM_TimeLimit                               599.65579256000001
Found incumbent of value 0.000000 after 0.00 sec. (0.19 ticks)

Root node processing (before b&c):
  Real time             =    0.00 sec. (0.22 ticks)
Sequential b&c:
  Real time             =    0.00 sec. (0.00 ticks)
                          ------------
Total (root+branch&cut) =    0.00 sec. (0.22 ticks)
Version identifier: 22.1.1.0 | 2022-11-28 | 9160aff4d
CPXPARAM_Threads                                 1
CPXPARAM_MIP_Strategy_VariableSelect             3
CPXPARAM_TimeLimit                               599.64620882099996
Found incumbent of value 0.000000 after 0.00 sec. (0.19 ticks)

Root node processing (before b&c):
  Real time             =    0.00 sec. (0.22 ticks)
Sequential b&c:
  Real time             =    0.00 sec. (0.00 ticks)
                          ------------
Total (root+branch&cut) =    0.00 sec. (0.22 ticks)
Version identifier: 22.1.1.0 | 2022-11-28 | 9160aff4d
CPXPARAM_Threads                                 1
CPXPARAM_MIP_Strategy_VariableSelect             3
CPXPARAM_TimeLimit                               599.63658688199996
Found incumbent of value 0.000000 after 0.00 sec. (0.19 ticks)

Root node processing (before b&c):
  Real time             =    0.00 sec. (0.22 ticks)
Sequential b&c:
  Real time             =    0.00 sec. (0.00 ticks)
                          ------------
Total (root+branch&cut) =    0.00 sec. (0.22 ticks)
Version identifier: 22.1.1.0 | 2022-11-28 | 9160aff4d
CPXPARAM_Threads                                 1
CPXPARAM_MIP_Strategy_VariableSelect             3
CPXPARAM_TimeLimit                               599.62688049200005
Found incumbent of value 0.000000 after 0.00 sec. (0.19 ticks)

Root node processing (before b&c):
  Real time             =    0.00 sec. (0.22 ticks)
Sequential b&c:
  Real time             =    0.00 sec. (0.00 ticks)
                          ------------
Total (root+branch&cut) =    0.00 sec. (0.22 ticks)
Version identifier: 22.1.1.0 | 2022-11-28 | 9160aff4d
CPXPARAM_Threads                                 1
CPXPARAM_MIP_Strategy_VariableSelect             3
CPXPARAM_TimeLimit                               599.61709522399997
Found incumbent of value 0.000000 after 0.00 sec. (0.20 ticks)

Root node processing (before b&c):
  Real time             =    0.00 sec. (0.22 ticks)
Sequential b&c:
  Real time             =    0.00 sec. (0.00 ticks)
                          ------------
Total (root+branch&cut) =    0.00 sec. (0.22 ticks)
Version identifier: 22.1.1.0 | 2022-11-28 | 9160aff4d
CPXPARAM_Threads                                 1
CPXPARAM_MIP_Strategy_VariableSelect             3
CPXPARAM_TimeLimit                               599.60720420899997
Found incumbent of value 0.000000 after 0.00 sec. (0.20 ticks)

Root node processing (before b&c):
  Real time             =    0.00 sec. (0.22 ticks)
Sequential b&c:
  Real time             =    0.00 sec. (0.00 ticks)
                          ------------
Total (root+branch&cut) =    0.00 sec. (0.22 ticks)
Version identifier: 22.1.1.0 | 2022-11-28 | 9160aff4d
CPXPARAM_Threads                                 1
CPXPARAM_MIP_Strategy_VariableSelect             3
CPXPARAM_TimeLimit                               599.59723601400003
Found incumbent of value 0.000000 after 0.00 sec. (0.20 ticks)

Root node processing (before b&c):
  Real time             =    0.00 sec. (0.23 ticks)
Sequential b&c:
  Real time             =    0.00 sec. (0.00 ticks)
                          ------------
Total (root+branch&cut) =    0.00 sec. (0.23 ticks)
Version identifier: 22.1.1.0 | 2022-11-28 | 9160aff4d
CPXPARAM_Threads                                 1
CPXPARAM_MIP_Strategy_VariableSelect             3
CPXPARAM_TimeLimit                               599.58721315699995
Found incumbent of value 0.000000 after 0.00 sec. (0.20 ticks)

Root node processing (before b&c):
  Real time             =    0.00 sec. (0.23 ticks)
Sequential b&c:
  Real time             =    0.00 sec. (0.00 ticks)
                          ------------
Total (root+branch&cut) =    0.00 sec. (0.23 ticks)
Version identifier: 22.1.1.0 | 2022-11-28 | 9160aff4d
CPXPARAM_Threads                                 1
CPXPARAM_MIP_Strategy_VariableSelect             3
CPXPARAM_TimeLimit                               599.57711011499998
Found incumbent of value 0.000000 after 0.00 sec. (0.20 ticks)

Root node processing (before b&c):
  Real time             =    0.00 sec. (0.23 ticks)
Sequential b&c:
  Real time             =    0.00 sec. (0.00 ticks)
                          ------------
Total (root+branch&cut) =    0.00 sec. (0.23 ticks)
Version identifier: 22.1.1.0 | 2022-11-28 | 9160aff4d
CPXPARAM_Threads                                 1
CPXPARAM_MIP_Strategy_VariableSelect             3
CPXPARAM_TimeLimit                               599.56698155900006
Found incumbent of value 0.000000 after 0.00 sec. (0.20 ticks)

Root node processing (before b&c):
  Real time             =    0.00 sec. (0.23 ticks)
Sequential b&c:
  Real time             =    0.00 sec. (0.00 ticks)
                          ------------
Total (root+branch&cut) =    0.00 sec. (0.23 ticks)
Version identifier: 22.1.1.0 | 2022-11-28 | 9160aff4d
CPXPARAM_Threads                                 1
CPXPARAM_MIP_Strategy_VariableSelect             3
CPXPARAM_TimeLimit                               599.55677314800005
Found incumbent of value 0.000000 after 0.00 sec. (0.20 ticks)

Root node processing (before b&c):
  Real time             =    0.00 sec. (0.23 ticks)
Sequential b&c:
  Real time             =    0.00 sec. (0.00 ticks)
                          ------------
Total (root+branch&cut) =    0.00 sec. (0.23 ticks)
Version identifier: 22.1.1.0 | 2022-11-28 | 9160aff4d
CPXPARAM_Threads                                 1
CPXPARAM_MIP_Strategy_VariableSelect             3
CPXPARAM_TimeLimit                               599.54649490099996
Found incumbent of value 0.000000 after 0.00 sec. (0.21 ticks)

Root node processing (before b&c):
  Real time             =    0.00 sec. (0.23 ticks)
Sequential b&c:
  Real time             =    0.00 sec. (0.00 ticks)
                          ------------
Total (root+branch&cut) =    0.00 sec. (0.23 ticks)
Version identifier: 22.1.1.0 | 2022-11-28 | 9160aff4d
CPXPARAM_Threads                                 1
CPXPARAM_MIP_Strategy_VariableSelect             3
CPXPARAM_TimeLimit                               599.53599491199998
Found incumbent of value 0.000000 after 0.00 sec. (0.21 ticks)

Root node processing (before b&c):
  Real time             =    0.00 sec. (0.24 ticks)
Sequential b&c:
  Real time             =    0.00 sec. (0.00 ticks)
                          ------------
Total (root+branch&cut) =    0.00 sec. (0.24 ticks)
Version identifier: 22.1.1.0 | 2022-11-28 | 9160aff4d
CPXPARAM_Threads                                 1
CPXPARAM_MIP_Strategy_VariableSelect             3
CPXPARAM_TimeLimit                               599.52512500399996
Found incumbent of value 0.000000 after 0.00 sec. (0.21 ticks)

Root node processing (before b&c):
  Real time             =    0.00 sec. (0.24 ticks)
Sequential b&c:
  Real time             =    0.00 sec. (0.00 ticks)
                          ------------
Total (root+branch&cut) =    0.00 sec. (0.24 ticks)
Version identifier: 22.1.1.0 | 2022-11-28 | 9160aff4d
CPXPARAM_Threads                                 1
CPXPARAM_MIP_Strategy_VariableSelect             3
CPXPARAM_TimeLimit                               599.51415787999997
Found incumbent of value 0.000000 after 0.00 sec. (0.21 ticks)

Root node processing (before b&c):
  Real time             =    0.00 sec. (0.24 ticks)
Sequential b&c:
  Real time             =    0.00 sec. (0.00 ticks)
                          ------------
Total (root+branch&cut) =    0.00 sec. (0.24 ticks)
Version identifier: 22.1.1.0 | 2022-11-28 | 9160aff4d
CPXPARAM_Threads                                 1
CPXPARAM_MIP_Strategy_VariableSelect             3
CPXPARAM_TimeLimit                               599.503087671
Found incumbent of value 0.000000 after 0.00 sec. (0.21 ticks)

Root node processing (before b&c):
  Real time             =    0.00 sec. (0.24 ticks)
Sequential b&c:
  Real time             =    0.00 sec. (0.00 ticks)
                          ------------
Total (root+branch&cut) =    0.00 sec. (0.24 ticks)
Version identifier: 22.1.1.0 | 2022-11-28 | 9160aff4d
CPXPARAM_Threads                                 1
CPXPARAM_MIP_Strategy_VariableSelect             3
CPXPARAM_TimeLimit                               599.49184585199998
Found incumbent of value 0.000000 after 0.00 sec. (0.21 ticks)

Root node processing (before b&c):
  Real time             =    0.00 sec. (0.24 ticks)
Sequential b&c:
  Real time             =    0.00 sec. (0.00 ticks)
                          ------------
Total (root+branch&cut) =    0.00 sec. (0.24 ticks)
Version identifier: 22.1.1.0 | 2022-11-28 | 9160aff4d
CPXPARAM_Threads                                 1
CPXPARAM_MIP_Strategy_VariableSelect             3
CPXPARAM_TimeLimit                               599.48065502099996
Found incumbent of value 0.000000 after 0.00 sec. (0.21 ticks)

Root node processing (before b&c):
  Real time             =    0.00 sec. (0.24 ticks)
Sequential b&c:
  Real time             =    0.00 sec. (0.00 ticks)
                          ------------
Total (root+branch&cut) =    0.00 sec. (0.24 ticks)
Version identifier: 22.1.1.0 | 2022-11-28 | 9160aff4d
CPXPARAM_Threads                                 1
CPXPARAM_MIP_Strategy_VariableSelect             3
CPXPARAM_TimeLimit                               599.46934014800001
Found incumbent of value 0.000000 after 0.00 sec. (0.22 ticks)

Root node processing (before b&c):
  Real time             =    0.00 sec. (0.25 ticks)
Sequential b&c:
  Real time             =    0.00 sec. (0.00 ticks)
                          ------------
Total (root+branch&cut) =    0.00 sec. (0.25 ticks)
Version identifier: 22.1.1.0 | 2022-11-28 | 9160aff4d
CPXPARAM_Threads                                 1
CPXPARAM_MIP_Strategy_VariableSelect             3
CPXPARAM_TimeLimit                               599.45066648700003
Found incumbent of value 0.000000 after 0.00 sec. (0.22 ticks)

Root node processing (before b&c):
  Real time             =    0.00 sec. (0.25 ticks)
Sequential b&c:
  Real time             =    0.00 sec. (0.00 ticks)
                          ------------
Total (root+branch&cut) =    0.00 sec. (0.25 ticks)
Version identifier: 22.1.1.0 | 2022-11-28 | 9160aff4d
CPXPARAM_Threads                                 1
CPXPARAM_MIP_Strategy_VariableSelect             3
CPXPARAM_TimeLimit                               599.431319852
Found incumbent of value 0.000000 after 0.00 sec. (0.22 ticks)

Root node processing (before b&c):
  Real time             =    0.00 sec. (0.25 ticks)
Sequential b&c:
  Real time             =    0.00 sec. (0.00 ticks)
                          ------------
Total (root+branch&cut) =    0.00 sec. (0.25 ticks)
Version identifier: 22.1.1.0 | 2022-11-28 | 9160aff4d
CPXPARAM_Threads                                 1
CPXPARAM_MIP_Strategy_VariableSelect             3
CPXPARAM_TimeLimit                               599.41772236999998
Found incumbent of value 0.000000 after 0.00 sec. (0.22 ticks)

Root node processing (before b&c):
  Real time             =    0.00 sec. (0.25 ticks)
Sequential b&c:
  Real time             =    0.00 sec. (0.00 ticks)
                          ------------
Total (root+branch&cut) =    0.00 sec. (0.25 ticks)
Version identifier: 22.1.1.0 | 2022-11-28 | 9160aff4d
CPXPARAM_Threads                                 1
CPXPARAM_MIP_Strategy_VariableSelect             3
CPXPARAM_TimeLimit                               599.40604333199997
Found incumbent of value 0.000000 after 0.00 sec. (0.22 ticks)

Root node processing (before b&c):
  Real time             =    0.00 sec. (0.25 ticks)
Sequential b&c:
  Real time             =    0.00 sec. (0.00 ticks)
                          ------------
Total (root+branch&cut) =    0.00 sec. (0.25 ticks)
Version identifier: 22.1.1.0 | 2022-11-28 | 9160aff4d
CPXPARAM_Threads                                 1
CPXPARAM_MIP_Strategy_VariableSelect             3
CPXPARAM_TimeLimit                               599.39419243299994
Found incumbent of value 0.000000 after 0.00 sec. (0.22 ticks)

Root node processing (before b&c):
  Real time             =    0.00 sec. (0.25 ticks)
Sequential b&c:
  Real time             =    0.00 sec. (0.00 ticks)
                          ------------
Total (root+branch&cut) =    0.00 sec. (0.25 ticks)
Version identifier: 22.1.1.0 | 2022-11-28 | 9160aff4d
CPXPARAM_Threads                                 1
CPXPARAM_MIP_Strategy_VariableSelect             3
CPXPARAM_TimeLimit                               599.38222328699999
Found incumbent of value 0.000000 after 0.00 sec. (0.23 ticks)

Root node processing (before b&c):
  Real time             =    0.00 sec. (0.26 ticks)
Sequential b&c:
  Real time             =    0.00 sec. (0.00 ticks)
                          ------------
Total (root+branch&cut) =    0.00 sec. (0.26 ticks)
Version identifier: 22.1.1.0 | 2022-11-28 | 9160aff4d
CPXPARAM_Threads                                 1
CPXPARAM_MIP_Strategy_VariableSelect             3
CPXPARAM_TimeLimit                               599.36953532400003
Found incumbent of value 0.000000 after 0.00 sec. (0.23 ticks)

Root node processing (before b&c):
  Real time             =    0.00 sec. (0.26 ticks)
Sequential b&c:
  Real time             =    0.00 sec. (0.00 ticks)
                          ------------
Total (root+branch&cut) =    0.00 sec. (0.26 ticks)
Version identifier: 22.1.1.0 | 2022-11-28 | 9160aff4d
CPXPARAM_Threads                                 1
CPXPARAM_MIP_Strategy_VariableSelect             3
CPXPARAM_TimeLimit                               599.35401448200003
Found incumbent of value 0.000000 after 0.00 sec. (0.23 ticks)

Root node processing (before b&c):
  Real time             =    0.00 sec. (0.26 ticks)
Sequential b&c:
  Real time             =    0.00 sec. (0.00 ticks)
                          ------------
Total (root+branch&cut) =    0.00 sec. (0.26 ticks)
Version identifier: 22.1.1.0 | 2022-11-28 | 9160aff4d
CPXPARAM_Threads                                 1
CPXPARAM_MIP_Strategy_VariableSelect             3
CPXPARAM_TimeLimit                               599.34159829700002
Found incumbent of value 0.000000 after 0.00 sec. (0.23 ticks)

Root node processing (before b&c):
  Real time             =    0.00 sec. (0.26 ticks)
Sequential b&c:
  Real time             =    0.00 sec. (0.00 ticks)
                          ------------
Total (root+branch&cut) =    0.00 sec. (0.26 ticks)
Version identifier: 22.1.1.0 | 2022-11-28 | 9160aff4d
CPXPARAM_Threads                                 1
CPXPARAM_MIP_Strategy_VariableSelect             3
CPXPARAM_TimeLimit                               599.32953581300001
Found incumbent of value 0.000000 after 0.00 sec. (0.23 ticks)

Root node processing (before b&c):
  Real time             =    0.00 sec. (0.26 ticks)
Sequential b&c:
  Real time             =    0.00 sec. (0.00 ticks)
                          ------------
Total (root+branch&cut) =    0.00 sec. (0.26 ticks)
Version identifier: 22.1.1.0 | 2022-11-28 | 9160aff4d
CPXPARAM_Threads                                 1
CPXPARAM_MIP_Strategy_VariableSelect             3
CPXPARAM_TimeLimit                               599.31750987199996
Found incumbent of value 0.000000 after 0.00 sec. (0.23 ticks)

Root node processing (before b&c):
  Real time             =    0.00 sec. (0.26 ticks)
Sequential b&c:
  Real time             =    0.00 sec. (0.00 ticks)
                          ------------
Total (root+branch&cut) =    0.00 sec. (0.26 ticks)
Version identifier: 22.1.1.0 | 2022-11-28 | 9160aff4d
CPXPARAM_Threads                                 1
CPXPARAM_MIP_Strategy_VariableSelect             3
CPXPARAM_TimeLimit                               599.30527201999996
Found incumbent of value 0.000000 after 0.00 sec. (0.23 ticks)

Root node processing (before b&c):
  Real time             =    0.00 sec. (0.27 ticks)
Sequential b&c:
  Real time             =    0.00 sec. (0.00 ticks)
                          ------------
Total (root+branch&cut) =    0.00 sec. (0.27 ticks)
Version identifier: 22.1.1.0 | 2022-11-28 | 9160aff4d
CPXPARAM_Threads                                 1
CPXPARAM_MIP_Strategy_VariableSelect             3
CPXPARAM_TimeLimit                               599.29290739500004
Found incumbent of value 0.000000 after 0.00 sec. (0.24 ticks)

Root node processing (before b&c):
  Real time             =    0.00 sec. (0.27 ticks)
Sequential b&c:
  Real time             =    0.00 sec. (0.00 ticks)
                          ------------
Total (root+branch&cut) =    0.00 sec. (0.27 ticks)
Version identifier: 22.1.1.0 | 2022-11-28 | 9160aff4d
CPXPARAM_Threads                                 1
CPXPARAM_MIP_Strategy_VariableSelect             3
CPXPARAM_TimeLimit                               599.28045006299999
Found incumbent of value 0.000000 after 0.00 sec. (0.24 ticks)

Root node processing (before b&c):
  Real time             =    0.00 sec. (0.27 ticks)
Sequential b&c:
  Real time             =    0.00 sec. (0.00 ticks)
                          ------------
Total (root+branch&cut) =    0.00 sec. (0.27 ticks)
Version identifier: 22.1.1.0 | 2022-11-28 | 9160aff4d
CPXPARAM_Threads                                 1
CPXPARAM_MIP_Strategy_VariableSelect             3
CPXPARAM_TimeLimit                               599.26753068400001
Found incumbent of value 0.000000 after 0.00 sec. (0.24 ticks)

Root node processing (before b&c):
  Real time             =    0.00 sec. (0.27 ticks)
Sequential b&c:
  Real time             =    0.00 sec. (0.00 ticks)
                          ------------
Total (root+branch&cut) =    0.00 sec. (0.27 ticks)
Version identifier: 22.1.1.0 | 2022-11-28 | 9160aff4d
CPXPARAM_Threads                                 1
CPXPARAM_MIP_Strategy_VariableSelect             3
CPXPARAM_TimeLimit                               599.25487649199999
Found incumbent of value 0.000000 after 0.00 sec. (0.24 ticks)

Root node processing (before b&c):
  Real time             =    0.00 sec. (0.27 ticks)
Sequential b&c:
  Real time             =    0.00 sec. (0.00 ticks)
                          ------------
Total (root+branch&cut) =    0.00 sec. (0.27 ticks)
Version identifier: 22.1.1.0 | 2022-11-28 | 9160aff4d
CPXPARAM_Threads                                 1
CPXPARAM_MIP_Strategy_VariableSelect             3
CPXPARAM_TimeLimit                               599.24230064400001
Found incumbent of value 0.000000 after 0.00 sec. (0.24 ticks)

Root node processing (before b&c):
  Real time             =    0.00 sec. (0.27 ticks)
Sequential b&c:
  Real time             =    0.00 sec. (0.00 ticks)
                          ------------
Total (root+branch&cut) =    0.00 sec. (0.27 ticks)
Version identifier: 22.1.1.0 | 2022-11-28 | 9160aff4d
CPXPARAM_Threads                                 1
CPXPARAM_MIP_Strategy_VariableSelect             3
CPXPARAM_TimeLimit                               599.22969919900004
Found incumbent of value 0.000000 after 0.00 sec. (0.24 ticks)

Root node processing (before b&c):
  Real time             =    0.00 sec. (0.28 ticks)
Sequential b&c:
  Real time             =    0.00 sec. (0.00 ticks)
                          ------------
Total (root+branch&cut) =    0.00 sec. (0.28 ticks)
Version identifier: 22.1.1.0 | 2022-11-28 | 9160aff4d
CPXPARAM_Threads                                 1
CPXPARAM_MIP_Strategy_VariableSelect             3
CPXPARAM_TimeLimit                               599.21645046000003
Found incumbent of value 0.000000 after 0.00 sec. (0.24 ticks)

Root node processing (before b&c):
  Real time             =    0.00 sec. (0.28 ticks)
Sequential b&c:
  Real time             =    0.00 sec. (0.00 ticks)
                          ------------
Total (root+branch&cut) =    0.00 sec. (0.28 ticks)
Version identifier: 22.1.1.0 | 2022-11-28 | 9160aff4d
CPXPARAM_Threads                                 1
CPXPARAM_MIP_Strategy_VariableSelect             3
CPXPARAM_TimeLimit                               599.20367557199995
Found incumbent of value 0.000000 after 0.00 sec. (0.25 ticks)

Root node processing (before b&c):
  Real time             =    0.00 sec. (0.28 ticks)
Sequential b&c:
  Real time             =    0.00 sec. (0.00 ticks)
                          ------------
Total (root+branch&cut) =    0.00 sec. (0.28 ticks)
Version identifier: 22.1.1.0 | 2022-11-28 | 9160aff4d
CPXPARAM_Threads                                 1
CPXPARAM_MIP_Strategy_VariableSelect             3
CPXPARAM_TimeLimit                               599.19078396199995
Found incumbent of value 0.000000 after 0.00 sec. (0.25 ticks)

Root node processing (before b&c):
  Real time             =    0.00 sec. (0.29 ticks)
Sequential b&c:
  Real time             =    0.00 sec. (0.00 ticks)
                          ------------
Total (root+branch&cut) =    0.00 sec. (0.29 ticks)
Version identifier: 22.1.1.0 | 2022-11-28 | 9160aff4d
CPXPARAM_Threads                                 1
CPXPARAM_MIP_Strategy_VariableSelect             3
CPXPARAM_TimeLimit                               599.17774913599999
Found incumbent of value 0.000000 after 0.00 sec. (0.25 ticks)

Root node processing (before b&c):
  Real time             =    0.00 sec. (0.29 ticks)
Sequential b&c:
  Real time             =    0.00 sec. (0.00 ticks)
                          ------------
Total (root+branch&cut) =    0.00 sec. (0.29 ticks)
Version identifier: 22.1.1.0 | 2022-11-28 | 9160aff4d
CPXPARAM_Threads                                 1
CPXPARAM_MIP_Strategy_VariableSelect             3
CPXPARAM_TimeLimit                               599.16483733500002
Found incumbent of value 0.000000 after 0.00 sec. (0.26 ticks)

Root node processing (before b&c):
  Real time             =    0.00 sec. (0.29 ticks)
Sequential b&c:
  Real time             =    0.00 sec. (0.00 ticks)
                          ------------
Total (root+branch&cut) =    0.00 sec. (0.29 ticks)
Version identifier: 22.1.1.0 | 2022-11-28 | 9160aff4d
CPXPARAM_Threads                                 1
CPXPARAM_MIP_Strategy_VariableSelect             3
CPXPARAM_TimeLimit                               599.151710579
Tried aggregator 1 time.
MIP Presolve eliminated 20 rows and 825 columns.
MIP Presolve modified 1 coefficients.
Reduced MIP has 982 rows, 1155 columns, and 9114 nonzeros.
Reduced MIP has 1155 binaries, 0 generals, 0 SOSs, and 0 indicators.
Presolve time = 0.01 sec. (5.54 ticks)
Probing time = 0.00 sec. (2.24 ticks)
Tried aggregator 1 time.
Detecting symmetries...
Reduced MIP has 982 rows, 1155 columns, and 9114 nonzeros.
Reduced MIP has 1155 binaries, 0 generals, 0 SOSs, and 0 indicators.
Presolve time = 0.01 sec. (5.84 ticks)
Probing time = 0.00 sec. (2.24 ticks)
Clique table members: 650.
MIP emphasis: balance optimality and feasibility.
MIP search method: dynamic search.
Parallel mode: none, using 1 thread.
Root relaxation solution time = 0.01 sec. (5.74 ticks)

        Nodes                                         Cuts/
   Node  Left     Objective  IInf  Best Integer    Best Bound    ItCnt     Gap

      0     0    infeasible                                        205         

Root node processing (before b&c):
  Real time             =    0.09 sec. (54.07 ticks)
Sequential b&c:
  Real time             =    0.00 sec. (0.00 ticks)
                          ------------
Total (root+branch&cut) =    0.09 sec. (54.07 ticks)
Primal:	164
Dual:	164
Status:	Optimal
Time:	0.946591
Sequence:
	0
	1
	4
	0
	1
	4
	0
	1
	4
	0
	1
	4
	0
	1
	4
	0
	1
	4
	0
	1
	4
	0
	1
	4
	0
	1
	4
	0
	1
	4
	0
	1
	4
	0
	1
	4
	0
	1
	1
	4
	1
	1
	1
	4
	1
	1
	1
	4
	1
	1
	1
	4
	1
	1
	1
	4
	1
	1
	1
	4
	1
	1
	1
	4
	1
	1
	1
	4
	1
	1
	1
	4
	1
	4
	6
	9
	7
	9
	6
	9
	9
	9
	6
	7
	9
	9
	6
	9
	9
	7
	6
	9
	9
	9
	6
	7
	9
	9
	6
	9
	9
	7
	6
	9
	9
	9
	6
	7
	9
	9
	6
	9
	9
	7
	6
	9
	9
	9
	9
	7
	9
	9
	9
	9
	9
	7
	9
	9
	9
	9
	9
	7
	9
	9
	9
	9
	9
	7
	9
	9
	9
	9
	9
	7
	9
	9
	9
	9
	9
	7
	9
	9
	9
	9
	9
	9
	9
	9
	9
	9
	9
	10
	10
	10
