Version identifier: 22.1.0.0 | 2022-03-09 | 1a383f8ce
CPXPARAM_Threads                                 1
CPXPARAM_MIP_Strategy_VariableSelect             3
CPXPARAM_TimeLimit                               599.57066723800006
Tried aggregator 1 time.
MIP Presolve eliminated 19 rows and 600 columns.
MIP Presolve modified 1 coefficients.
Reduced MIP has 1393 rows, 1800 columns, and 15246 nonzeros.
Reduced MIP has 1800 binaries, 0 generals, 0 SOSs, and 0 indicators.
Presolve time = 0.01 sec. (8.76 ticks)
Probing time = 0.00 sec. (2.58 ticks)
Tried aggregator 1 time.
Detecting symmetries...
Reduced MIP has 1393 rows, 1800 columns, and 15246 nonzeros.
Reduced MIP has 1800 binaries, 0 generals, 0 SOSs, and 0 indicators.
Presolve time = 0.01 sec. (9.75 ticks)
Probing time = 0.00 sec. (2.58 ticks)
Clique table members: 990.
MIP emphasis: balance optimality and feasibility.
MIP search method: dynamic search.
Parallel mode: none, using 1 thread.
Root relaxation solution time = 0.02 sec. (14.54 ticks)

        Nodes                                         Cuts/
   Node  Left     Objective  IInf  Best Integer    Best Bound    ItCnt     Gap

      0     0    infeasible                                        511         

Root node processing (before b&c):
  Real time             =    0.09 sec. (78.83 ticks)
Sequential b&c:
  Real time             =    0.00 sec. (0.00 ticks)
                          ------------
Total (root+branch&cut) =    0.09 sec. (78.83 ticks)
Version identifier: 22.1.0.0 | 2022-03-09 | 1a383f8ce
CPXPARAM_Threads                                 1
CPXPARAM_MIP_Strategy_VariableSelect             3
CPXPARAM_TimeLimit                               599.46255553200001
Tried aggregator 1 time.
MIP Presolve eliminated 19 rows and 570 columns.
MIP Presolve modified 1 coefficients.
Reduced MIP has 1323 rows, 1710 columns, and 14476 nonzeros.
Reduced MIP has 1710 binaries, 0 generals, 0 SOSs, and 0 indicators.
Presolve time = 0.01 sec. (8.33 ticks)
Probing time = 0.00 sec. (2.58 ticks)
Tried aggregator 1 time.
Detecting symmetries...
Reduced MIP has 1323 rows, 1710 columns, and 14476 nonzeros.
Reduced MIP has 1710 binaries, 0 generals, 0 SOSs, and 0 indicators.
Presolve time = 0.01 sec. (9.26 ticks)
Probing time = 0.00 sec. (2.58 ticks)
Clique table members: 940.
MIP emphasis: balance optimality and feasibility.
MIP search method: dynamic search.
Parallel mode: none, using 1 thread.
Root relaxation solution time = 0.02 sec. (18.03 ticks)

        Nodes                                         Cuts/
   Node  Left     Objective  IInf  Best Integer    Best Bound    ItCnt     Gap

      0     0    infeasible                                        608         

Root node processing (before b&c):
  Real time             =    0.09 sec. (80.08 ticks)
Sequential b&c:
  Real time             =    0.00 sec. (0.00 ticks)
                          ------------
Total (root+branch&cut) =    0.09 sec. (80.08 ticks)
Version identifier: 22.1.0.0 | 2022-03-09 | 1a383f8ce
CPXPARAM_Threads                                 1
CPXPARAM_MIP_Strategy_VariableSelect             3
CPXPARAM_TimeLimit                               599.35768454900006
Tried aggregator 1 time.
MIP Presolve eliminated 19 rows and 555 columns.
MIP Presolve modified 1 coefficients.
Reduced MIP has 1288 rows, 1665 columns, and 14091 nonzeros.
Reduced MIP has 1665 binaries, 0 generals, 0 SOSs, and 0 indicators.
Presolve time = 0.01 sec. (8.12 ticks)
Probing time = 0.00 sec. (2.56 ticks)
Tried aggregator 1 time.
Detecting symmetries...
Reduced MIP has 1288 rows, 1665 columns, and 14091 nonzeros.
Reduced MIP has 1665 binaries, 0 generals, 0 SOSs, and 0 indicators.
Presolve time = 0.01 sec. (9.02 ticks)
Probing time = 0.00 sec. (2.56 ticks)
Clique table members: 915.
MIP emphasis: balance optimality and feasibility.
MIP search method: dynamic search.
Parallel mode: none, using 1 thread.
Root relaxation solution time = 0.02 sec. (20.62 ticks)

        Nodes                                         Cuts/
   Node  Left     Objective  IInf  Best Integer    Best Bound    ItCnt     Gap

      0     0    infeasible                                        633         

Root node processing (before b&c):
  Real time             =    0.09 sec. (81.67 ticks)
Sequential b&c:
  Real time             =    0.00 sec. (0.00 ticks)
                          ------------
Total (root+branch&cut) =    0.09 sec. (81.67 ticks)
Version identifier: 22.1.0.0 | 2022-03-09 | 1a383f8ce
CPXPARAM_Threads                                 1
CPXPARAM_MIP_Strategy_VariableSelect             3
CPXPARAM_TimeLimit                               599.25158536000004
Tried aggregator 1 time.
MIP Presolve eliminated 19 rows and 549 columns.
MIP Presolve modified 1 coefficients.
Reduced MIP has 1274 rows, 1647 columns, and 13937 nonzeros.
Reduced MIP has 1647 binaries, 0 generals, 0 SOSs, and 0 indicators.
Presolve time = 0.01 sec. (8.03 ticks)
Probing time = 0.00 sec. (2.56 ticks)
Tried aggregator 1 time.
Detecting symmetries...
Reduced MIP has 1274 rows, 1647 columns, and 13937 nonzeros.
Reduced MIP has 1647 binaries, 0 generals, 0 SOSs, and 0 indicators.
Presolve time = 0.01 sec. (8.92 ticks)
Probing time = 0.00 sec. (2.56 ticks)
Clique table members: 905.
MIP emphasis: balance optimality and feasibility.
MIP search method: dynamic search.
Parallel mode: none, using 1 thread.
Root relaxation solution time = 0.02 sec. (22.01 ticks)

        Nodes                                         Cuts/
   Node  Left     Objective  IInf  Best Integer    Best Bound    ItCnt     Gap

      0     0    infeasible                                        622         

Root node processing (before b&c):
  Real time             =    0.09 sec. (82.25 ticks)
Sequential b&c:
  Real time             =    0.00 sec. (0.00 ticks)
                          ------------
Total (root+branch&cut) =    0.09 sec. (82.25 ticks)
Version identifier: 22.1.0.0 | 2022-03-09 | 1a383f8ce
CPXPARAM_Threads                                 1
CPXPARAM_MIP_Strategy_VariableSelect             3
CPXPARAM_TimeLimit                               599.14536868100004
Tried aggregator 1 time.
MIP Presolve eliminated 19 rows and 546 columns.
MIP Presolve modified 1 coefficients.
Reduced MIP has 1267 rows, 1638 columns, and 13860 nonzeros.
Reduced MIP has 1638 binaries, 0 generals, 0 SOSs, and 0 indicators.
Presolve time = 0.01 sec. (7.99 ticks)
Probing time = 0.00 sec. (2.57 ticks)
Tried aggregator 1 time.
Detecting symmetries...
Reduced MIP has 1267 rows, 1638 columns, and 13860 nonzeros.
Reduced MIP has 1638 binaries, 0 generals, 0 SOSs, and 0 indicators.
Presolve time = 0.01 sec. (8.88 ticks)
Probing time = 0.00 sec. (2.57 ticks)
Clique table members: 900.
MIP emphasis: balance optimality and feasibility.
MIP search method: dynamic search.
Parallel mode: none, using 1 thread.
Root relaxation solution time = 0.02 sec. (15.00 ticks)

        Nodes                                         Cuts/
   Node  Left     Objective  IInf  Best Integer    Best Bound    ItCnt     Gap

      0     0    infeasible                                        521         

Root node processing (before b&c):
  Real time             =    0.09 sec. (75.45 ticks)
Sequential b&c:
  Real time             =    0.00 sec. (0.00 ticks)
                          ------------
Total (root+branch&cut) =    0.09 sec. (75.45 ticks)
Primal:	181
Dual:	181
Status:	Optimal
Time:	0.523023
Sequence:
	0
