Version identifier: 22.1.1.0 | 2022-11-28 | 9160aff4d
CPXPARAM_Threads                                 1
CPXPARAM_MIP_Strategy_VariableSelect             3
CPXPARAM_TimeLimit                               599.99883895200003
Found incumbent of value 0.000000 after 0.00 sec. (0.13 ticks)

Root node processing (before b&c):
  Real time             =    0.00 sec. (0.15 ticks)
Sequential b&c:
  Real time             =    0.00 sec. (0.00 ticks)
                          ------------
Total (root+branch&cut) =    0.00 sec. (0.15 ticks)
Version identifier: 22.1.1.0 | 2022-11-28 | 9160aff4d
CPXPARAM_Threads                                 1
CPXPARAM_MIP_Strategy_VariableSelect             3
CPXPARAM_TimeLimit                               599.99024770400001
Found incumbent of value 0.000000 after 0.00 sec. (0.19 ticks)

Root node processing (before b&c):
  Real time             =    0.00 sec. (0.22 ticks)
Sequential b&c:
  Real time             =    0.00 sec. (0.00 ticks)
                          ------------
Total (root+branch&cut) =    0.00 sec. (0.22 ticks)
Version identifier: 22.1.1.0 | 2022-11-28 | 9160aff4d
CPXPARAM_Threads                                 1
CPXPARAM_MIP_Strategy_VariableSelect             3
CPXPARAM_TimeLimit                               599.97985459799997
Found incumbent of value 0.000000 after 0.00 sec. (0.22 ticks)

Root node processing (before b&c):
  Real time             =    0.00 sec. (0.25 ticks)
Sequential b&c:
  Real time             =    0.00 sec. (0.00 ticks)
                          ------------
Total (root+branch&cut) =    0.00 sec. (0.25 ticks)
Version identifier: 22.1.1.0 | 2022-11-28 | 9160aff4d
CPXPARAM_Threads                                 1
CPXPARAM_MIP_Strategy_VariableSelect             3
CPXPARAM_TimeLimit                               599.968538835
Found incumbent of value 0.000000 after 0.00 sec. (0.24 ticks)

Root node processing (before b&c):
  Real time             =    0.00 sec. (0.27 ticks)
Sequential b&c:
  Real time             =    0.00 sec. (0.00 ticks)
                          ------------
Total (root+branch&cut) =    0.00 sec. (0.27 ticks)
Version identifier: 22.1.1.0 | 2022-11-28 | 9160aff4d
CPXPARAM_Threads                                 1
CPXPARAM_MIP_Strategy_VariableSelect             3
CPXPARAM_TimeLimit                               599.956684279
Found incumbent of value 0.000000 after 0.00 sec. (0.24 ticks)

Root node processing (before b&c):
  Real time             =    0.00 sec. (0.28 ticks)
Sequential b&c:
  Real time             =    0.00 sec. (0.00 ticks)
                          ------------
Total (root+branch&cut) =    0.00 sec. (0.28 ticks)
Version identifier: 22.1.1.0 | 2022-11-28 | 9160aff4d
CPXPARAM_Threads                                 1
CPXPARAM_MIP_Strategy_VariableSelect             3
CPXPARAM_TimeLimit                               599.94431604399995
Found incumbent of value 0.000000 after 0.00 sec. (0.25 ticks)

Root node processing (before b&c):
  Real time             =    0.00 sec. (0.29 ticks)
Sequential b&c:
  Real time             =    0.00 sec. (0.00 ticks)
                          ------------
Total (root+branch&cut) =    0.00 sec. (0.29 ticks)
Version identifier: 22.1.1.0 | 2022-11-28 | 9160aff4d
CPXPARAM_Threads                                 1
CPXPARAM_MIP_Strategy_VariableSelect             3
CPXPARAM_TimeLimit                               599.93143103800003
Found incumbent of value 0.000000 after 0.00 sec. (0.25 ticks)

Root node processing (before b&c):
  Real time             =    0.00 sec. (0.29 ticks)
Sequential b&c:
  Real time             =    0.00 sec. (0.00 ticks)
                          ------------
Total (root+branch&cut) =    0.00 sec. (0.29 ticks)
Version identifier: 22.1.1.0 | 2022-11-28 | 9160aff4d
CPXPARAM_Threads                                 1
CPXPARAM_MIP_Strategy_VariableSelect             3
CPXPARAM_TimeLimit                               599.91848279999999
Found incumbent of value 0.000000 after 0.00 sec. (0.26 ticks)

Root node processing (before b&c):
  Real time             =    0.00 sec. (0.29 ticks)
Sequential b&c:
  Real time             =    0.00 sec. (0.00 ticks)
                          ------------
Total (root+branch&cut) =    0.00 sec. (0.29 ticks)
Primal:	164
Dual:	164
Status:	Optimal
Time:	0.0924842
Sequence:
	0
	1
	4
	0
	1
	4
	0
	1
	4
	0
	1
	4
	0
	1
	4
	0
	1
	4
	0
	1
	4
	0
	1
	4
	0
	1
	4
	0
	1
	4
	0
	1
	4
	0
	1
	4
	0
	1
	1
	4
	1
	1
	1
	4
	1
	1
	1
	4
	1
	1
	1
	4
	1
	1
	1
	4
	1
	1
	1
	4
	1
	1
	1
	4
	1
	1
	1
	4
	1
	1
	1
	4
	1
	4
	6
	9
	7
	9
	6
	9
	9
	9
	6
	7
	9
	9
	6
	9
	9
	7
	6
	9
	9
	9
	6
	7
	9
	9
	6
	9
	9
	7
	6
	9
	9
	9
	6
	7
	9
	9
	6
	9
	9
	7
	6
	9
	9
	9
	9
	7
	9
	9
	9
	9
	9
	7
	9
	9
	9
	9
	9
	7
	9
	9
	9
	9
	9
	7
	9
	9
	9
	9
	9
	7
	9
	9
	9
	9
	9
	7
	9
	9
	9
	9
	9
	9
	9
	9
	9
	9
	9
	10
	10
	10
