Version identifier: 22.1.0.0 | 2022-03-09 | 1a383f8ce
CPXPARAM_Threads                                 1
CPXPARAM_MIP_Strategy_VariableSelect             3
CPXPARAM_TimeLimit                               599.99523858199996
Found incumbent of value 0.000000 after 0.00 sec. (0.64 ticks)

Root node processing (before b&c):
  Real time             =    0.00 sec. (0.72 ticks)
Sequential b&c:
  Real time             =    0.00 sec. (0.00 ticks)
                          ------------
Total (root+branch&cut) =    0.00 sec. (0.72 ticks)
Version identifier: 22.1.0.0 | 2022-03-09 | 1a383f8ce
CPXPARAM_Threads                                 1
CPXPARAM_MIP_Strategy_VariableSelect             3
CPXPARAM_TimeLimit                               599.96181206300002
Found incumbent of value 0.000000 after 0.00 sec. (0.94 ticks)

Root node processing (before b&c):
  Real time             =    0.00 sec. (1.06 ticks)
Sequential b&c:
  Real time             =    0.00 sec. (0.00 ticks)
                          ------------
Total (root+branch&cut) =    0.00 sec. (1.06 ticks)
Version identifier: 22.1.0.0 | 2022-03-09 | 1a383f8ce
CPXPARAM_Threads                                 1
CPXPARAM_MIP_Strategy_VariableSelect             3
CPXPARAM_TimeLimit                               599.91584973700003
Found incumbent of value 0.000000 after 0.00 sec. (1.09 ticks)

Root node processing (before b&c):
  Real time             =    0.00 sec. (1.23 ticks)
Sequential b&c:
  Real time             =    0.00 sec. (0.00 ticks)
                          ------------
Total (root+branch&cut) =    0.00 sec. (1.23 ticks)
Version identifier: 22.1.0.0 | 2022-03-09 | 1a383f8ce
CPXPARAM_Threads                                 1
CPXPARAM_MIP_Strategy_VariableSelect             3
CPXPARAM_TimeLimit                               599.86418607200005
Found incumbent of value 0.000000 after 0.00 sec. (1.17 ticks)

Root node processing (before b&c):
  Real time             =    0.00 sec. (1.32 ticks)
Sequential b&c:
  Real time             =    0.00 sec. (0.00 ticks)
                          ------------
Total (root+branch&cut) =    0.00 sec. (1.32 ticks)
Version identifier: 22.1.0.0 | 2022-03-09 | 1a383f8ce
CPXPARAM_Threads                                 1
CPXPARAM_MIP_Strategy_VariableSelect             3
CPXPARAM_TimeLimit                               599.80662472500001
Found incumbent of value 0.000000 after 0.00 sec. (1.21 ticks)

Root node processing (before b&c):
  Real time             =    0.00 sec. (1.36 ticks)
Sequential b&c:
  Real time             =    0.00 sec. (0.00 ticks)
                          ------------
Total (root+branch&cut) =    0.00 sec. (1.36 ticks)
Version identifier: 22.1.0.0 | 2022-03-09 | 1a383f8ce
CPXPARAM_Threads                                 1
CPXPARAM_MIP_Strategy_VariableSelect             3
CPXPARAM_TimeLimit                               599.74816663800004
Found incumbent of value 0.000000 after 0.00 sec. (1.23 ticks)

Root node processing (before b&c):
  Real time             =    0.00 sec. (1.38 ticks)
Sequential b&c:
  Real time             =    0.00 sec. (0.00 ticks)
                          ------------
Total (root+branch&cut) =    0.00 sec. (1.38 ticks)
Version identifier: 22.1.0.0 | 2022-03-09 | 1a383f8ce
CPXPARAM_Threads                                 1
CPXPARAM_MIP_Strategy_VariableSelect             3
CPXPARAM_TimeLimit                               599.68780505500001
Found incumbent of value 0.000000 after 0.00 sec. (1.24 ticks)

Root node processing (before b&c):
  Real time             =    0.00 sec. (1.39 ticks)
Sequential b&c:
  Real time             =    0.00 sec. (0.00 ticks)
                          ------------
Total (root+branch&cut) =    0.00 sec. (1.39 ticks)
Version identifier: 22.1.0.0 | 2022-03-09 | 1a383f8ce
CPXPARAM_Threads                                 1
CPXPARAM_MIP_Strategy_VariableSelect             3
CPXPARAM_TimeLimit                               599.62829607100002
Found incumbent of value 0.000000 after 0.00 sec. (1.24 ticks)

Root node processing (before b&c):
  Real time             =    0.00 sec. (1.40 ticks)
Sequential b&c:
  Real time             =    0.00 sec. (0.00 ticks)
                          ------------
Total (root+branch&cut) =    0.00 sec. (1.40 ticks)
Version identifier: 22.1.0.0 | 2022-03-09 | 1a383f8ce
CPXPARAM_Threads                                 1
CPXPARAM_MIP_Strategy_VariableSelect             3
CPXPARAM_TimeLimit                               599.56823738699995
Found incumbent of value 0.000000 after 0.00 sec. (1.24 ticks)

Root node processing (before b&c):
  Real time             =    0.00 sec. (1.40 ticks)
Sequential b&c:
  Real time             =    0.00 sec. (0.00 ticks)
                          ------------
Total (root+branch&cut) =    0.00 sec. (1.40 ticks)
Version identifier: 22.1.0.0 | 2022-03-09 | 1a383f8ce
CPXPARAM_Threads                                 1
CPXPARAM_MIP_Strategy_VariableSelect             3
CPXPARAM_TimeLimit                               599.50838088800003
Found incumbent of value 0.000000 after 0.00 sec. (1.24 ticks)

Root node processing (before b&c):
  Real time             =    0.00 sec. (1.40 ticks)
Sequential b&c:
  Real time             =    0.00 sec. (0.00 ticks)
                          ------------
Total (root+branch&cut) =    0.00 sec. (1.40 ticks)
Primal:	749
Dual:	749
Status:	Optimal
Time:	0.54235
Sequence:
	0
	1
	4
	0
	1
	4
	0
	1
	4
	0
	1
	4
	0
	1
	4
	0
	1
	4
	0
	1
	4
	0
	1
	4
	0
	1
	4
	0
	1
	4
	0
	1
	4
	0
	1
	4
	0
	1
	4
	0
	1
	4
	0
	1
	4
	0
	1
	4
	0
	1
	4
	0
	3
	4
	0
	4
	4
	0
	4
	4
	0
	4
	4
	0
	4
	4
	0
	4
	4
	0
	4
	4
	0
	4
	4
	0
	4
	4
	0
	4
	4
	0
	4
	4
	0
	4
	4
	0
	4
	4
	0
	4
	4
	0
	4
	4
	0
	4
	4
	0
	4
	4
	0
	4
	4
	0
	4
	4
	0
	4
	4
	0
	4
	4
	0
	4
	4
	0
	4
	4
	0
	4
	4
	0
	4
	4
	0
	4
	4
	0
	4
	4
	0
	4
	4
	0
	4
	4
	0
	4
	4
	0
	4
	4
	0
	4
	4
	0
	4
	4
	0
	4
	4
	0
	4
	4
	0
	4
	4
	0
	4
	4
	0
	4
	4
	0
	4
	4
	0
	4
	4
	0
	4
	4
	0
	4
	4
	0
	4
	4
	0
	4
	4
	0
	4
	5
	0
	5
	9
	0
	5
	9
	0
	5
	9
	0
	5
	9
	0
	5
	9
	0
	5
	9
	0
	5
	9
	0
	5
	9
	0
	5
	9
	0
	5
	9
	0
	5
	9
	0
	5
	9
	0
	5
	9
	0
	5
	9
	0
	5
	9
	0
	5
	9
	0
	5
	9
	0
	5
	9
	0
	5
	9
	0
	5
	9
	0
	5
	9
	0
	5
	9
	0
	5
	9
	0
	5
	9
	0
	5
	9
	0
	5
	9
	0
	5
	9
	0
	5
	9
	0
	5
	9
	0
	5
	9
	0
	5
	9
	0
	5
	9
	0
	5
	9
	0
	5
	9
	0
	5
	9
	0
	5
	9
	0
	5
	9
	0
	5
	9
	0
	5
	9
	0
	5
	9
	0
	5
	9
	0
	5
	9
	0
	5
	9
	0
	5
	9
	0
	5
	9
	0
	5
	9
	0
	5
	9
	0
	5
	9
	0
	5
	9
	0
	5
	9
	0
	5
	9
	0
	5
	9
	0
	5
	9
	0
	5
	9
	0
	5
	9
	0
	5
	9
	0
	5
	9
	0
	5
	9
	0
	5
	9
	0
	5
	9
	0
	5
	9
	0
	5
	9
	0
	5
	9
	0
	5
	9
	0
	5
	9
	0
	5
	9
	0
	5
	9
	0
	5
	9
	0
	5
	9
	0
	5
	9
	0
	5
	9
	0
	5
	9
	0
	9
	9
	0
	9
	9
	0
	9
	9
	0
	9
	9
	0
	9
	9
	0
	9
	9
	0
	9
	9
	0
	9
	9
	0
	9
	9
	0
	9
	9
	0
	9
	9
	0
	9
	9
	0
	9
	9
	0
	9
	9
	0
	9
	9
	0
	9
	9
	0
	9
	9
	0
	9
	9
	0
	9
	9
	0
	9
	9
	0
	9
	9
	0
	9
	9
	0
	9
	9
	0
	9
	9
	0
	9
	9
	0
	9
	9
	0
	9
	9
	0
	9
	9
	0
	9
	9
	0
	9
	9
	0
	9
	9
	0
	9
	9
	0
	9
	9
	0
	9
	9
	0
	9
	9
	0
	9
	9
	0
	9
	9
	0
	9
	9
	0
	9
	9
	0
	9
	9
	0
	9
	9
	0
	9
	9
	0
	9
	9
	0
	9
	9
	0
	9
	9
	0
	9
	9
	0
	9
	9
	0
	9
	9
	0
	9
	9
	0
	9
	9
	0
	9
	9
	0
	9
	9
	0
	9
	9
	0
	9
	9
	0
	9
	9
	0
	9
	9
	0
	9
	9
	0
	9
	9
	0
	9
	9
	0
	9
	9
	0
	9
	9
	0
	9
	9
	0
	9
	9
	0
	9
	9
	0
	9
	9
	0
	9
	9
	0
	9
	9
	0
	9
	9
	0
	9
	9
	0
	9
	9
	0
	9
	9
	0
	9
	9
	0
	9
	9
	0
	9
	9
	0
	9
	9
	0
	9
	9
	0
	9
	9
	0
	9
	9
	0
	9
	9
	0
	9
	9
	0
	9
	9
	0
	9
	9
	0
	9
	9
	0
	9
	9
	0
	9
	9
	0
	9
	9
	0
	9
	9
	0
	9
	9
	0
	9
	9
	0
	9
	9
	0
	9
	9
	0
	9
	9
	0
	9
	9
	0
	9
	9
	0
	9
	9
	0
	9
	9
	0
	9
	9
	0
	9
	9
	0
	9
	9
	8
	9
	9
	9
	9
	9
	9
	9
	9
	9
	9
	9
	9
	9
	9
	9
	9
	9
	9
	9
	9
	9
	9
	9
	9
	9
	9
	9
	9
	9
	9
	9
	9
	9
	9
	9
	9
	9
	9
	9
	9
	9
	9
	9
	9
	9
	9
	9
	9
	9
