Version identifier: 22.1.0.0 | 2022-03-09 | 1a383f8ce
CPXPARAM_Threads                                 1
CPXPARAM_MIP_Strategy_VariableSelect             3
CPXPARAM_TimeLimit                               599.99752750200003
Found incumbent of value 0.000000 after 0.00 sec. (0.33 ticks)

Root node processing (before b&c):
  Real time             =    0.00 sec. (0.37 ticks)
Sequential b&c:
  Real time             =    0.00 sec. (0.00 ticks)
                          ------------
Total (root+branch&cut) =    0.00 sec. (0.37 ticks)
Version identifier: 22.1.0.0 | 2022-03-09 | 1a383f8ce
CPXPARAM_Threads                                 1
CPXPARAM_MIP_Strategy_VariableSelect             3
CPXPARAM_TimeLimit                               599.98062061899998
Found incumbent of value 0.000000 after 0.00 sec. (0.49 ticks)

Root node processing (before b&c):
  Real time             =    0.00 sec. (0.55 ticks)
Sequential b&c:
  Real time             =    0.00 sec. (0.00 ticks)
                          ------------
Total (root+branch&cut) =    0.00 sec. (0.55 ticks)
Version identifier: 22.1.0.0 | 2022-03-09 | 1a383f8ce
CPXPARAM_Threads                                 1
CPXPARAM_MIP_Strategy_VariableSelect             3
CPXPARAM_TimeLimit                               599.95794870199995
Found incumbent of value 0.000000 after 0.00 sec. (0.57 ticks)

Root node processing (before b&c):
  Real time             =    0.00 sec. (0.64 ticks)
Sequential b&c:
  Real time             =    0.00 sec. (0.00 ticks)
                          ------------
Total (root+branch&cut) =    0.00 sec. (0.64 ticks)
Version identifier: 22.1.0.0 | 2022-03-09 | 1a383f8ce
CPXPARAM_Threads                                 1
CPXPARAM_MIP_Strategy_VariableSelect             3
CPXPARAM_TimeLimit                               599.93211242200005
Found incumbent of value 0.000000 after 0.00 sec. (0.61 ticks)

Root node processing (before b&c):
  Real time             =    0.00 sec. (0.69 ticks)
Sequential b&c:
  Real time             =    0.00 sec. (0.00 ticks)
                          ------------
Total (root+branch&cut) =    0.00 sec. (0.69 ticks)
Version identifier: 22.1.0.0 | 2022-03-09 | 1a383f8ce
CPXPARAM_Threads                                 1
CPXPARAM_MIP_Strategy_VariableSelect             3
CPXPARAM_TimeLimit                               599.90525407899997
Found incumbent of value 0.000000 after 0.00 sec. (0.63 ticks)

Root node processing (before b&c):
  Real time             =    0.00 sec. (0.71 ticks)
Sequential b&c:
  Real time             =    0.00 sec. (0.00 ticks)
                          ------------
Total (root+branch&cut) =    0.00 sec. (0.71 ticks)
Version identifier: 22.1.0.0 | 2022-03-09 | 1a383f8ce
CPXPARAM_Threads                                 1
CPXPARAM_MIP_Strategy_VariableSelect             3
CPXPARAM_TimeLimit                               599.87759136399995
Found incumbent of value 0.000000 after 0.00 sec. (0.64 ticks)

Root node processing (before b&c):
  Real time             =    0.00 sec. (0.72 ticks)
Sequential b&c:
  Real time             =    0.00 sec. (0.00 ticks)
                          ------------
Total (root+branch&cut) =    0.00 sec. (0.72 ticks)
Version identifier: 22.1.0.0 | 2022-03-09 | 1a383f8ce
CPXPARAM_Threads                                 1
CPXPARAM_MIP_Strategy_VariableSelect             3
CPXPARAM_TimeLimit                               599.84915608899996
Found incumbent of value 0.000000 after 0.00 sec. (0.64 ticks)

Root node processing (before b&c):
  Real time             =    0.00 sec. (0.73 ticks)
Sequential b&c:
  Real time             =    0.00 sec. (0.00 ticks)
                          ------------
Total (root+branch&cut) =    0.00 sec. (0.73 ticks)
Version identifier: 22.1.0.0 | 2022-03-09 | 1a383f8ce
CPXPARAM_Threads                                 1
CPXPARAM_MIP_Strategy_VariableSelect             3
CPXPARAM_TimeLimit                               599.82100180299994
Found incumbent of value 0.000000 after 0.00 sec. (0.65 ticks)

Root node processing (before b&c):
  Real time             =    0.00 sec. (0.73 ticks)
Sequential b&c:
  Real time             =    0.00 sec. (0.00 ticks)
                          ------------
Total (root+branch&cut) =    0.00 sec. (0.73 ticks)
Version identifier: 22.1.0.0 | 2022-03-09 | 1a383f8ce
CPXPARAM_Threads                                 1
CPXPARAM_MIP_Strategy_VariableSelect             3
CPXPARAM_TimeLimit                               599.79216620800003
Found incumbent of value 0.000000 after 0.00 sec. (0.65 ticks)

Root node processing (before b&c):
  Real time             =    0.00 sec. (0.73 ticks)
Sequential b&c:
  Real time             =    0.00 sec. (0.00 ticks)
                          ------------
Total (root+branch&cut) =    0.00 sec. (0.73 ticks)
Primal:	387
Dual:	387
Status:	Optimal
Time:	0.232458
Sequence:
	0
	1
	4
	0
	1
	4
	0
	1
	4
	0
	1
	4
	0
	1
	4
	0
	1
	4
	0
	1
	4
	0
	1
	4
	0
	1
	4
	0
	1
	4
	0
	1
	4
	0
	1
	4
	0
	3
	4
	0
	4
	4
	0
	4
	4
	0
	4
	4
	0
	4
	4
	0
	4
	4
	0
	4
	4
	0
	4
	4
	0
	4
	4
	0
	4
	4
	0
	4
	4
	0
	4
	4
	0
	4
	4
	0
	4
	4
	0
	4
	4
	0
	4
	4
	0
	4
	4
	0
	4
	4
	0
	4
	4
	0
	4
	4
	0
	4
	4
	0
	4
	4
	0
	4
	4
	0
	4
	4
	0
	4
	4
	0
	4
	4
	0
	4
	4
	0
	4
	4
	0
	4
	4
	0
	4
	4
	0
	4
	4
	0
	4
	4
	0
	4
	4
	0
	4
	4
	0
	4
	4
	0
	5
	9
	0
	5
	9
	0
	5
	9
	0
	5
	9
	0
	5
	9
	0
	5
	9
	0
	5
	9
	0
	5
	9
	0
	5
	9
	0
	5
	9
	0
	5
	9
	0
	5
	9
	0
	5
	9
	0
	5
	9
	0
	5
	9
	0
	5
	9
	0
	5
	9
	0
	5
	9
	0
	5
	9
	0
	5
	9
	0
	5
	9
	0
	5
	9
	0
	5
	9
	0
	5
	9
	0
	5
	9
	0
	5
	9
	0
	5
	9
	0
	5
	9
	0
	5
	9
	0
	5
	9
	0
	5
	9
	0
	5
	9
	0
	5
	9
	0
	5
	9
	0
	5
	9
	0
	5
	9
	0
	6
	9
	0
	9
	6
	0
	9
	9
	0
	6
	9
	0
	9
	6
	0
	9
	9
	0
	6
	9
	0
	9
	6
	0
	9
	9
	0
	6
	9
	0
	9
	6
	0
	9
	9
	0
	6
	9
	0
	9
	6
	0
	9
	9
	0
	6
	9
	0
	9
	6
	0
	9
	9
	0
	6
	9
	0
	9
	6
	0
	9
	9
	0
	6
	9
	0
	9
	6
	0
	9
	9
	0
	6
	9
	2
	9
	6
	9
	9
	9
	6
	9
	9
	9
	6
	9
	9
	9
	6
	9
	9
	9
	6
	9
	9
	9
	6
	9
	9
	9
	6
	9
	9
	9
	6
	9
	9
	9
	6
	9
	9
	9
	6
	9
	9
	9
	6
	9
	9
	9
	6
	9
	9
	9
	6
	9
	9
	9
	6
	9
	9
	9
	6
	9
	9
	9
	9
