Version identifier: 22.1.0.0 | 2022-03-09 | 1a383f8ce
CPXPARAM_Threads                                 1
CPXPARAM_MIP_Strategy_VariableSelect             3
CPXPARAM_TimeLimit                               599.99772582499997
Found incumbent of value 0.000000 after 0.00 sec. (0.32 ticks)

Root node processing (before b&c):
  Real time             =    0.00 sec. (0.36 ticks)
Sequential b&c:
  Real time             =    0.00 sec. (0.00 ticks)
                          ------------
Total (root+branch&cut) =    0.00 sec. (0.36 ticks)
Version identifier: 22.1.0.0 | 2022-03-09 | 1a383f8ce
CPXPARAM_Threads                                 1
CPXPARAM_MIP_Strategy_VariableSelect             3
CPXPARAM_TimeLimit                               599.98160948500004
Found incumbent of value 0.000000 after 0.00 sec. (0.48 ticks)

Root node processing (before b&c):
  Real time             =    0.00 sec. (0.54 ticks)
Sequential b&c:
  Real time             =    0.00 sec. (0.00 ticks)
                          ------------
Total (root+branch&cut) =    0.00 sec. (0.54 ticks)
Version identifier: 22.1.0.0 | 2022-03-09 | 1a383f8ce
CPXPARAM_Threads                                 1
CPXPARAM_MIP_Strategy_VariableSelect             3
CPXPARAM_TimeLimit                               599.95980479900004
Found incumbent of value 0.000000 after 0.00 sec. (0.56 ticks)

Root node processing (before b&c):
  Real time             =    0.00 sec. (0.63 ticks)
Sequential b&c:
  Real time             =    0.00 sec. (0.00 ticks)
                          ------------
Total (root+branch&cut) =    0.00 sec. (0.63 ticks)
Version identifier: 22.1.0.0 | 2022-03-09 | 1a383f8ce
CPXPARAM_Threads                                 1
CPXPARAM_MIP_Strategy_VariableSelect             3
CPXPARAM_TimeLimit                               599.93511468600002
Tried aggregator 1 time.
MIP Presolve eliminated 18 rows and 1059 columns.
MIP Presolve modified 3 coefficients.
Reduced MIP has 2465 rows, 3177 columns, and 27033 nonzeros.
Reduced MIP has 3177 binaries, 0 generals, 0 SOSs, and 0 indicators.
Presolve time = 0.02 sec. (16.26 ticks)
Probing time = 0.00 sec. (2.80 ticks)
Tried aggregator 1 time.
Detecting symmetries...
Reduced MIP has 2465 rows, 3177 columns, and 27033 nonzeros.
Reduced MIP has 3177 binaries, 0 generals, 0 SOSs, and 0 indicators.
Presolve time = 0.02 sec. (15.88 ticks)
Probing time = 0.00 sec. (2.80 ticks)
Clique table members: 1755.
MIP emphasis: balance optimality and feasibility.
MIP search method: dynamic search.
Parallel mode: none, using 1 thread.
Root relaxation solution time = 0.03 sec. (26.60 ticks)

        Nodes                                         Cuts/
   Node  Left     Objective  IInf  Best Integer    Best Bound    ItCnt     Gap

      0     0        0.0000   174                      0.0000      634         
*     0+    0                            0.0000        0.0000             0.00%
      0     0        cutoff              0.0000        0.0000      634    0.00%
Elapsed time = 0.23 sec. (182.19 ticks, tree = 0.01 MB, solutions = 1)

Root node processing (before b&c):
  Real time             =    0.23 sec. (182.32 ticks)
Sequential b&c:
  Real time             =    0.00 sec. (0.00 ticks)
                          ------------
Total (root+branch&cut) =    0.23 sec. (182.32 ticks)
Version identifier: 22.1.0.0 | 2022-03-09 | 1a383f8ce
CPXPARAM_Threads                                 1
CPXPARAM_MIP_Strategy_VariableSelect             3
CPXPARAM_TimeLimit                               599.68258436199994
Tried aggregator 1 time.
MIP Presolve eliminated 18 rows and 1095 columns.
MIP Presolve modified 3 coefficients.
Reduced MIP has 2549 rows, 3285 columns, and 27957 nonzeros.
Reduced MIP has 3285 binaries, 0 generals, 0 SOSs, and 0 indicators.
Presolve time = 0.02 sec. (16.80 ticks)
Probing time = 0.00 sec. (2.82 ticks)
Tried aggregator 1 time.
Detecting symmetries...
Reduced MIP has 2549 rows, 3285 columns, and 27957 nonzeros.
Reduced MIP has 3285 binaries, 0 generals, 0 SOSs, and 0 indicators.
Presolve time = 0.02 sec. (16.41 ticks)
Probing time = 0.00 sec. (2.82 ticks)
Clique table members: 1815.
MIP emphasis: balance optimality and feasibility.
MIP search method: dynamic search.
Parallel mode: none, using 1 thread.
Root relaxation solution time = 0.03 sec. (28.80 ticks)

        Nodes                                         Cuts/
   Node  Left     Objective  IInf  Best Integer    Best Bound    ItCnt     Gap

      0     0        0.0000   190                      0.0000      714         
*     0+    0                            0.0000        0.0000             0.00%
      0     0        cutoff              0.0000        0.0000      714    0.00%
Elapsed time = 0.22 sec. (177.67 ticks, tree = 0.01 MB, solutions = 1)

Root node processing (before b&c):
  Real time             =    0.22 sec. (177.81 ticks)
Sequential b&c:
  Real time             =    0.00 sec. (0.00 ticks)
                          ------------
Total (root+branch&cut) =    0.22 sec. (177.81 ticks)
Version identifier: 22.1.0.0 | 2022-03-09 | 1a383f8ce
CPXPARAM_Threads                                 1
CPXPARAM_MIP_Strategy_VariableSelect             3
CPXPARAM_TimeLimit                               599.43170786099995
Tried aggregator 1 time.
MIP Presolve eliminated 18 rows and 1113 columns.
MIP Presolve modified 3 coefficients.
Reduced MIP has 2591 rows, 3339 columns, and 28419 nonzeros.
Reduced MIP has 3339 binaries, 0 generals, 0 SOSs, and 0 indicators.
Presolve time = 0.02 sec. (17.07 ticks)
Probing time = 0.00 sec. (2.83 ticks)
Tried aggregator 1 time.
Detecting symmetries...
Reduced MIP has 2591 rows, 3339 columns, and 28419 nonzeros.
Reduced MIP has 3339 binaries, 0 generals, 0 SOSs, and 0 indicators.
Presolve time = 0.02 sec. (16.68 ticks)
Probing time = 0.00 sec. (2.83 ticks)
Clique table members: 1845.
MIP emphasis: balance optimality and feasibility.
MIP search method: dynamic search.
Parallel mode: none, using 1 thread.
Root relaxation solution time = 0.03 sec. (29.92 ticks)

        Nodes                                         Cuts/
   Node  Left     Objective  IInf  Best Integer    Best Bound    ItCnt     Gap

      0     0        0.0000   223                      0.0000      708         
*     0+    0                            0.0000        0.0000             0.00%
      0     0        cutoff              0.0000        0.0000      708    0.00%
Elapsed time = 0.27 sec. (214.82 ticks, tree = 0.01 MB, solutions = 1)

Root node processing (before b&c):
  Real time             =    0.27 sec. (214.95 ticks)
Sequential b&c:
  Real time             =    0.00 sec. (0.00 ticks)
                          ------------
Total (root+branch&cut) =    0.27 sec. (214.95 ticks)
Version identifier: 22.1.0.0 | 2022-03-09 | 1a383f8ce
CPXPARAM_Threads                                 1
CPXPARAM_MIP_Strategy_VariableSelect             3
CPXPARAM_TimeLimit                               599.13850590599998
Tried aggregator 1 time.
MIP Presolve eliminated 18 rows and 1122 columns.
MIP Presolve modified 3 coefficients.
Reduced MIP has 2612 rows, 3366 columns, and 28650 nonzeros.
Reduced MIP has 3366 binaries, 0 generals, 0 SOSs, and 0 indicators.
Presolve time = 0.02 sec. (17.22 ticks)
Probing time = 0.00 sec. (2.84 ticks)
Tried aggregator 1 time.
Detecting symmetries...
Reduced MIP has 2612 rows, 3366 columns, and 28650 nonzeros.
Reduced MIP has 3366 binaries, 0 generals, 0 SOSs, and 0 indicators.
Presolve time = 0.02 sec. (16.83 ticks)
Probing time = 0.00 sec. (2.84 ticks)
Clique table members: 1860.
MIP emphasis: balance optimality and feasibility.
MIP search method: dynamic search.
Parallel mode: none, using 1 thread.
Root relaxation solution time = 0.04 sec. (32.02 ticks)

        Nodes                                         Cuts/
   Node  Left     Objective  IInf  Best Integer    Best Bound    ItCnt     Gap

      0     0        0.0000   125                      0.0000      735         
*     0+    0                            0.0000        0.0000             0.00%
      0     0        cutoff              0.0000        0.0000      735    0.00%
Elapsed time = 0.31 sec. (234.63 ticks, tree = 0.01 MB, solutions = 1)

Root node processing (before b&c):
  Real time             =    0.31 sec. (234.77 ticks)
Sequential b&c:
  Real time             =    0.00 sec. (0.00 ticks)
                          ------------
Total (root+branch&cut) =    0.31 sec. (234.77 ticks)
Version identifier: 22.1.0.0 | 2022-03-09 | 1a383f8ce
CPXPARAM_Threads                                 1
CPXPARAM_MIP_Strategy_VariableSelect             3
CPXPARAM_TimeLimit                               598.79784169499999
Tried aggregator 1 time.
MIP Presolve eliminated 18 rows and 1125 columns.
MIP Presolve modified 3 coefficients.
Reduced MIP has 2619 rows, 3375 columns, and 28727 nonzeros.
Reduced MIP has 3375 binaries, 0 generals, 0 SOSs, and 0 indicators.
Presolve time = 0.02 sec. (17.26 ticks)
Probing time = 0.00 sec. (2.84 ticks)
Tried aggregator 1 time.
Detecting symmetries...
Reduced MIP has 2619 rows, 3375 columns, and 28727 nonzeros.
Reduced MIP has 3375 binaries, 0 generals, 0 SOSs, and 0 indicators.
Presolve time = 0.02 sec. (16.86 ticks)
Probing time = 0.00 sec. (2.84 ticks)
Clique table members: 1865.
MIP emphasis: balance optimality and feasibility.
MIP search method: dynamic search.
Parallel mode: none, using 1 thread.
Root relaxation solution time = 0.04 sec. (36.88 ticks)

        Nodes                                         Cuts/
   Node  Left     Objective  IInf  Best Integer    Best Bound    ItCnt     Gap

      0     0        0.0000   327                      0.0000      815         
*     0+    0                            0.0000        0.0000             0.00%
      0     0        cutoff              0.0000        0.0000      815    0.00%
Elapsed time = 0.37 sec. (273.99 ticks, tree = 0.01 MB, solutions = 1)

Root node processing (before b&c):
  Real time             =    0.37 sec. (274.13 ticks)
Sequential b&c:
  Real time             =    0.00 sec. (0.00 ticks)
                          ------------
Total (root+branch&cut) =    0.37 sec. (274.13 ticks)
Version identifier: 22.1.0.0 | 2022-03-09 | 1a383f8ce
CPXPARAM_Threads                                 1
CPXPARAM_MIP_Strategy_VariableSelect             3
CPXPARAM_TimeLimit                               598.400065423
Tried aggregator 1 time.
MIP Presolve eliminated 18 rows and 1128 columns.
MIP Presolve modified 3 coefficients.
Reduced MIP has 2626 rows, 3384 columns, and 28804 nonzeros.
Reduced MIP has 3384 binaries, 0 generals, 0 SOSs, and 0 indicators.
Presolve time = 0.02 sec. (17.31 ticks)
Probing time = 0.00 sec. (2.84 ticks)
Tried aggregator 1 time.
Detecting symmetries...
Reduced MIP has 2626 rows, 3384 columns, and 28804 nonzeros.
Reduced MIP has 3384 binaries, 0 generals, 0 SOSs, and 0 indicators.
Presolve time = 0.02 sec. (16.91 ticks)
Probing time = 0.00 sec. (2.84 ticks)
Clique table members: 1870.
MIP emphasis: balance optimality and feasibility.
MIP search method: dynamic search.
Parallel mode: none, using 1 thread.
Root relaxation solution time = 0.04 sec. (38.84 ticks)

        Nodes                                         Cuts/
   Node  Left     Objective  IInf  Best Integer    Best Bound    ItCnt     Gap

      0     0        0.0000   210                      0.0000      846         
*     0+    0                            0.0000        0.0000             0.00%
      0     0        cutoff              0.0000        0.0000      846    0.00%
Elapsed time = 0.30 sec. (246.21 ticks, tree = 0.01 MB, solutions = 1)

Root node processing (before b&c):
  Real time             =    0.30 sec. (246.35 ticks)
Sequential b&c:
  Real time             =    0.00 sec. (0.00 ticks)
                          ------------
Total (root+branch&cut) =    0.30 sec. (246.35 ticks)
Primal:	376
Dual:	376
Status:	Optimal
Time:	1.91927
Sequence:
	1
	9
	9
	1
	9
	1
	9
	1
	9
	1
	9
	9
	5
	9
	1
	9
	6
	9
	9
	9
	6
	9
	5
	9
	9
	1
	9
	1
	9
	5
	9
	5
	9
	5
	9
	5
	9
	5
	9
	5
	9
	9
	6
	9
	1
	9
	5
	9
	9
	1
	9
	6
	9
	1
	9
	5
	9
	5
	9
	1
	9
	1
	9
	9
	5
	9
	1
	9
	1
	9
	1
	9
	1
	9
	5
	9
	5
	9
	5
	9
	1
	9
	10
	9
	6
	9
	1
	9
	5
	9
	1
	9
	9
	1
	9
	9
	1
	9
	5
	9
	9
	5
	4
	1
	4
	1
	4
	1
	0
	1
	4
	5
	9
	9
	1
	0
	5
	9
	0
	5
	4
	1
	0
	6
	4
	1
	0
	1
	9
	5
	0
	5
	4
	1
	0
	1
	9
	5
	0
	1
	9
	0
	1
	4
	1
	9
	1
	9
	5
	9
	5
	0
	5
	9
	6
	4
	10
	0
	5
	9
	5
	9
	5
	0
	10
	4
	1
	9
	5
	9
	0
	1
	4
	1
	0
	3
	9
	1
	0
	6
	4
	9
	5
	9
	5
	0
	1
	4
	9
	5
	9
	5
	0
	1
	9
	5
	0
	1
	4
	10
	4
	5
	9
	1
	0
	6
	4
	3
	4
	5
	0
	5
	4
	1
	4
	1
	0
	1
	9
	5
	9
	10
	4
	1
	0
	1
	9
	5
	0
	5
	4
	3
	2
	5
	9
	5
	0
	9
	5
	0
	5
	9
	5
	0
	5
	9
	5
	0
	5
	4
	9
	10
	4
	0
	9
	5
	9
	5
	0
	3
	4
	5
	9
	5
	0
	6
	9
	4
	0
	6
	9
	0
	5
	9
	3
	4
	5
	0
	5
	9
	5
	0
	5
	9
	1
	9
	1
	0
	1
	9
	5
	0
	10
	9
	1
	0
	5
	4
	0
	1
	9
	5
	0
	1
	9
	6
	0
	1
	9
	5
	0
	9
	5
	0
	5
	9
	5
	0
	5
	9
	1
	0
	1
	9
	0
	1
	4
	1
	4
	0
	1
	4
	1
	4
	5
	0
	5
	4
	0
	1
	4
	1
	0
	4
	1
	0
	5
	4
	1
	9
	1
	0
	5
	9
	4
	1
	0
	6
	9
	1
	0
	5
	4
	1
	9
	5
	9
	1
	0
	5
	4
	10
	0
	6
	9
	10
