Version identifier: 22.1.1.0 | 2022-11-28 | 9160aff4d
CPXPARAM_Threads                                 1
CPXPARAM_MIP_Strategy_VariableSelect             3
CPXPARAM_TimeLimit                               599.99912998699995
Found incumbent of value 0.000000 after 0.00 sec. (0.24 ticks)

Root node processing (before b&c):
  Real time             =    0.00 sec. (0.27 ticks)
Sequential b&c:
  Real time             =    0.00 sec. (0.00 ticks)
                          ------------
Total (root+branch&cut) =    0.00 sec. (0.27 ticks)
Version identifier: 22.1.1.0 | 2022-11-28 | 9160aff4d
CPXPARAM_Threads                                 1
CPXPARAM_MIP_Strategy_VariableSelect             3
CPXPARAM_TimeLimit                               599.99198881400002
Found incumbent of value 0.000000 after 0.00 sec. (0.35 ticks)

Root node processing (before b&c):
  Real time             =    0.00 sec. (0.40 ticks)
Sequential b&c:
  Real time             =    0.00 sec. (0.00 ticks)
                          ------------
Total (root+branch&cut) =    0.00 sec. (0.40 ticks)
Version identifier: 22.1.1.0 | 2022-11-28 | 9160aff4d
CPXPARAM_Threads                                 1
CPXPARAM_MIP_Strategy_VariableSelect             3
CPXPARAM_TimeLimit                               599.98293346800006
Found incumbent of value 0.000000 after 0.00 sec. (0.40 ticks)

Root node processing (before b&c):
  Real time             =    0.00 sec. (0.46 ticks)
Sequential b&c:
  Real time             =    0.00 sec. (0.00 ticks)
                          ------------
Total (root+branch&cut) =    0.00 sec. (0.46 ticks)
Version identifier: 22.1.1.0 | 2022-11-28 | 9160aff4d
CPXPARAM_Threads                                 1
CPXPARAM_MIP_Strategy_VariableSelect             3
CPXPARAM_TimeLimit                               599.97194783400005
Tried aggregator 1 time.
MIP Presolve eliminated 296 rows and 1128 columns.
Reduced MIP has 1408 rows, 2256 columns, and 16248 nonzeros.
Reduced MIP has 2256 binaries, 0 generals, 0 SOSs, and 0 indicators.
Presolve time = 0.01 sec. (8.92 ticks)
Found incumbent of value 0.000000 after 0.02 sec. (27.90 ticks)

Root node processing (before b&c):
  Real time             =    0.03 sec. (28.02 ticks)
Sequential b&c:
  Real time             =    0.00 sec. (0.00 ticks)
                          ------------
Total (root+branch&cut) =    0.03 sec. (28.02 ticks)
Version identifier: 22.1.1.0 | 2022-11-28 | 9160aff4d
CPXPARAM_Threads                                 1
CPXPARAM_MIP_Strategy_VariableSelect             3
CPXPARAM_TimeLimit                               599.93594562199996
Tried aggregator 1 time.
MIP Presolve eliminated 305 rows and 1164 columns.
Reduced MIP has 1453 rows, 2328 columns, and 16770 nonzeros.
Reduced MIP has 2328 binaries, 0 generals, 0 SOSs, and 0 indicators.
Presolve time = 0.01 sec. (9.20 ticks)
Found incumbent of value 0.000000 after 0.02 sec. (26.94 ticks)

Root node processing (before b&c):
  Real time             =    0.02 sec. (27.07 ticks)
Sequential b&c:
  Real time             =    0.00 sec. (0.00 ticks)
                          ------------
Total (root+branch&cut) =    0.02 sec. (27.07 ticks)
Version identifier: 22.1.1.0 | 2022-11-28 | 9160aff4d
CPXPARAM_Threads                                 1
CPXPARAM_MIP_Strategy_VariableSelect             3
CPXPARAM_TimeLimit                               599.90269905399998
Tried aggregator 1 time.
MIP Presolve eliminated 310 rows and 1184 columns.
Reduced MIP has 1478 rows, 2368 columns, and 17060 nonzeros.
Reduced MIP has 2368 binaries, 0 generals, 0 SOSs, and 0 indicators.
Presolve time = 0.01 sec. (9.35 ticks)
Found incumbent of value 0.000000 after 0.02 sec. (29.98 ticks)

Root node processing (before b&c):
  Real time             =    0.02 sec. (30.11 ticks)
Sequential b&c:
  Real time             =    0.00 sec. (0.00 ticks)
                          ------------
Total (root+branch&cut) =    0.02 sec. (30.11 ticks)
Version identifier: 22.1.1.0 | 2022-11-28 | 9160aff4d
CPXPARAM_Threads                                 1
CPXPARAM_MIP_Strategy_VariableSelect             3
CPXPARAM_TimeLimit                               599.86691373999997
Tried aggregator 1 time.
MIP Presolve eliminated 312 rows and 1192 columns.
Reduced MIP has 1488 rows, 2384 columns, and 17176 nonzeros.
Reduced MIP has 2384 binaries, 0 generals, 0 SOSs, and 0 indicators.
Presolve time = 0.01 sec. (9.41 ticks)
Found incumbent of value 0.000000 after 0.02 sec. (27.78 ticks)

Root node processing (before b&c):
  Real time             =    0.02 sec. (27.92 ticks)
Sequential b&c:
  Real time             =    0.00 sec. (0.00 ticks)
                          ------------
Total (root+branch&cut) =    0.02 sec. (27.92 ticks)
Version identifier: 22.1.1.0 | 2022-11-28 | 9160aff4d
CPXPARAM_Threads                                 1
CPXPARAM_MIP_Strategy_VariableSelect             3
CPXPARAM_TimeLimit                               599.83154748499999
Tried aggregator 1 time.
MIP Presolve eliminated 313 rows and 1196 columns.
Reduced MIP has 1493 rows, 2392 columns, and 17234 nonzeros.
Reduced MIP has 2392 binaries, 0 generals, 0 SOSs, and 0 indicators.
Presolve time = 0.01 sec. (9.44 ticks)
Found incumbent of value 0.000000 after 0.03 sec. (29.10 ticks)

Root node processing (before b&c):
  Real time             =    0.03 sec. (29.23 ticks)
Sequential b&c:
  Real time             =    0.00 sec. (0.00 ticks)
                          ------------
Total (root+branch&cut) =    0.03 sec. (29.23 ticks)
Version identifier: 22.1.1.0 | 2022-11-28 | 9160aff4d
CPXPARAM_Threads                                 1
CPXPARAM_MIP_Strategy_VariableSelect             3
CPXPARAM_TimeLimit                               599.79371327199999
Tried aggregator 1 time.
MIP Presolve eliminated 314 rows and 1200 columns.
Reduced MIP has 1498 rows, 2400 columns, and 17292 nonzeros.
Reduced MIP has 2400 binaries, 0 generals, 0 SOSs, and 0 indicators.
Presolve time = 0.01 sec. (9.48 ticks)
Found incumbent of value 0.000000 after 0.02 sec. (29.09 ticks)

Root node processing (before b&c):
  Real time             =    0.02 sec. (29.23 ticks)
Sequential b&c:
  Real time             =    0.00 sec. (0.00 ticks)
                          ------------
Total (root+branch&cut) =    0.02 sec. (29.23 ticks)
Primal:	300
Dual:	300
Status:	Optimal
Time:	0.239831
Sequence:
	4
	9
	9
	1
	5
	9
	5
	4
	0
	4
	1
	4
	0
	9
	6
	1
	9
	0
	1
	5
	4
	9
	0
	10
	9
	4
	9
	1
	10
	0
	9
	4
	1
	4
	4
	9
	4
	9
	1
	4
	4
	0
	4
	10
	1
	9
	4
	0
	9
	4
	9
	9
	1
	4
	4
	9
	9
	4
	9
	1
	5
	4
	1
	4
	0
	6
	4
	1
	9
	4
	1
	4
	4
	10
	4
	0
	9
	4
	1
	4
	1
	4
	9
	4
	4
	10
	4
	1
	9
	4
	4
	1
	0
	9
	1
	1
	1
	9
	9
	1
	9
	1
	4
	9
	0
	9
	4
	4
	9
	4
	4
	9
	5
	0
	9
	9
	10
	4
	9
	4
	9
	4
	8
	9
	10
	9
	4
	9
	9
	9
	9
	10
	4
	4
	1
	4
	9
	0
	9
	4
	1
	9
	6
	4
	9
	9
	1
	9
	9
	9
	9
	0
	4
	4
	9
	9
	0
	4
	10
	9
	4
	1
	10
	9
	4
	4
	9
	4
	4
	9
	4
	4
	9
	1
	0
	10
	4
	9
	4
	10
	1
	0
	4
	9
	0
	4
	9
	9
	1
	0
	4
	9
	1
	9
	0
	4
	9
	4
	10
	9
	1
	10
	4
	9
	1
	9
	4
	4
	10
	9
	0
	9
	10
	0
	10
	9
	9
	10
	4
	9
	1
	5
	6
	9
	4
	10
	4
	0
	4
	10
	9
	4
	4
	9
	4
	4
	1
	0
	9
	4
	4
	9
	4
	10
	0
	4
	4
	9
	0
	6
	4
	0
	9
	4
	10
	4
	9
	4
	4
	10
	9
	1
	0
	4
	6
	1
	9
	10
	5
	0
	4
	4
	9
	4
	1
	0
	9
	9
	1
	9
	4
	9
	1
	9
	9
	9
	9
	1
	5
	9
	0
	9
	1
	10
	9
	0
	4
	10
	9
	9
