Version identifier: 22.1.1.0 | 2022-11-28 | 9160aff4d
CPXPARAM_Threads                                 1
CPXPARAM_MIP_Strategy_VariableSelect             3
CPXPARAM_TimeLimit                               599.99886670299998
Found incumbent of value 0.000000 after 0.00 sec. (0.30 ticks)

Root node processing (before b&c):
  Real time             =    0.00 sec. (0.35 ticks)
Sequential b&c:
  Real time             =    0.00 sec. (0.00 ticks)
                          ------------
Total (root+branch&cut) =    0.00 sec. (0.35 ticks)
Version identifier: 22.1.1.0 | 2022-11-28 | 9160aff4d
CPXPARAM_Threads                                 1
CPXPARAM_MIP_Strategy_VariableSelect             3
CPXPARAM_TimeLimit                               599.99074588600001
Found incumbent of value 0.000000 after 0.00 sec. (0.45 ticks)

Root node processing (before b&c):
  Real time             =    0.00 sec. (0.51 ticks)
Sequential b&c:
  Real time             =    0.00 sec. (0.00 ticks)
                          ------------
Total (root+branch&cut) =    0.00 sec. (0.51 ticks)
Version identifier: 22.1.1.0 | 2022-11-28 | 9160aff4d
CPXPARAM_Threads                                 1
CPXPARAM_MIP_Strategy_VariableSelect             3
CPXPARAM_TimeLimit                               599.98039875999996
Found incumbent of value 0.000000 after 0.00 sec. (0.52 ticks)

Root node processing (before b&c):
  Real time             =    0.00 sec. (0.59 ticks)
Sequential b&c:
  Real time             =    0.00 sec. (0.00 ticks)
                          ------------
Total (root+branch&cut) =    0.00 sec. (0.59 ticks)
Version identifier: 22.1.1.0 | 2022-11-28 | 9160aff4d
CPXPARAM_Threads                                 1
CPXPARAM_MIP_Strategy_VariableSelect             3
CPXPARAM_TimeLimit                               599.96861041199998
Found incumbent of value 0.000000 after 0.00 sec. (0.55 ticks)

Root node processing (before b&c):
  Real time             =    0.00 sec. (0.63 ticks)
Sequential b&c:
  Real time             =    0.00 sec. (0.00 ticks)
                          ------------
Total (root+branch&cut) =    0.00 sec. (0.63 ticks)
Version identifier: 22.1.1.0 | 2022-11-28 | 9160aff4d
CPXPARAM_Threads                                 1
CPXPARAM_MIP_Strategy_VariableSelect             3
CPXPARAM_TimeLimit                               599.95603872599997
Tried aggregator 1 time.
MIP Presolve eliminated 18 rows and 1128 columns.
Reduced MIP has 2250 rows, 3384 columns, and 27644 nonzeros.
Reduced MIP has 3384 binaries, 0 generals, 0 SOSs, and 0 indicators.
Presolve time = 0.01 sec. (22.44 ticks)
Found incumbent of value 0.000000 after 0.04 sec. (58.31 ticks)

Root node processing (before b&c):
  Real time             =    0.04 sec. (58.48 ticks)
Sequential b&c:
  Real time             =    0.00 sec. (0.00 ticks)
                          ------------
Total (root+branch&cut) =    0.04 sec. (58.48 ticks)
Version identifier: 22.1.1.0 | 2022-11-28 | 9160aff4d
CPXPARAM_Threads                                 1
CPXPARAM_MIP_Strategy_VariableSelect             3
CPXPARAM_TimeLimit                               599.90263291799999
Tried aggregator 1 time.
MIP Presolve eliminated 18 rows and 1146 columns.
Reduced MIP has 2286 rows, 3438 columns, and 28088 nonzeros.
Reduced MIP has 3438 binaries, 0 generals, 0 SOSs, and 0 indicators.
Presolve time = 0.01 sec. (22.92 ticks)
Found incumbent of value 0.000000 after 0.04 sec. (61.24 ticks)

Root node processing (before b&c):
  Real time             =    0.04 sec. (61.41 ticks)
Sequential b&c:
  Real time             =    0.00 sec. (0.00 ticks)
                          ------------
Total (root+branch&cut) =    0.04 sec. (61.41 ticks)
Version identifier: 22.1.1.0 | 2022-11-28 | 9160aff4d
CPXPARAM_Threads                                 1
CPXPARAM_MIP_Strategy_VariableSelect             3
CPXPARAM_TimeLimit                               599.84597656599999
Tried aggregator 1 time.
MIP Presolve eliminated 18 rows and 1155 columns.
Reduced MIP has 2304 rows, 3465 columns, and 28310 nonzeros.
Reduced MIP has 3465 binaries, 0 generals, 0 SOSs, and 0 indicators.
Presolve time = 0.01 sec. (23.15 ticks)
Found incumbent of value 0.000000 after 0.04 sec. (60.60 ticks)

Root node processing (before b&c):
  Real time             =    0.04 sec. (60.78 ticks)
Sequential b&c:
  Real time             =    0.00 sec. (0.00 ticks)
                          ------------
Total (root+branch&cut) =    0.04 sec. (60.78 ticks)
Version identifier: 22.1.1.0 | 2022-11-28 | 9160aff4d
CPXPARAM_Threads                                 1
CPXPARAM_MIP_Strategy_VariableSelect             3
CPXPARAM_TimeLimit                               599.79237211099996
Tried aggregator 1 time.
MIP Presolve eliminated 18 rows and 1161 columns.
Reduced MIP has 2316 rows, 3483 columns, and 28458 nonzeros.
Reduced MIP has 3483 binaries, 0 generals, 0 SOSs, and 0 indicators.
Presolve time = 0.02 sec. (23.32 ticks)
Found incumbent of value 0.000000 after 0.04 sec. (60.89 ticks)

Root node processing (before b&c):
  Real time             =    0.04 sec. (61.06 ticks)
Sequential b&c:
  Real time             =    0.00 sec. (0.00 ticks)
                          ------------
Total (root+branch&cut) =    0.04 sec. (61.06 ticks)
Version identifier: 22.1.1.0 | 2022-11-28 | 9160aff4d
CPXPARAM_Threads                                 1
CPXPARAM_MIP_Strategy_VariableSelect             3
CPXPARAM_TimeLimit                               599.73659748600005
Tried aggregator 1 time.
MIP Presolve eliminated 18 rows and 1164 columns.
Reduced MIP has 2322 rows, 3492 columns, and 28532 nonzeros.
Reduced MIP has 3492 binaries, 0 generals, 0 SOSs, and 0 indicators.
Presolve time = 0.02 sec. (23.40 ticks)
Found incumbent of value 0.000000 after 0.04 sec. (61.41 ticks)

Root node processing (before b&c):
  Real time             =    0.04 sec. (61.59 ticks)
Sequential b&c:
  Real time             =    0.00 sec. (0.00 ticks)
                          ------------
Total (root+branch&cut) =    0.04 sec. (61.59 ticks)
Primal:	388
Dual:	388
Status:	Optimal
Time:	0.317874
Sequence:
	10
	1
	0
	9
	9
	4
	0
	1
	9
	4
	9
	4
	9
	4
	9
	1
	9
	6
	5
	0
	9
	5
	5
	9
	5
	5
	9
	0
	9
	9
	5
	5
	9
	1
	9
	9
	0
	4
	4
	9
	9
	9
	4
	9
	5
	10
	9
	9
	9
	9
	9
	9
	4
	5
	9
	4
	0
	5
	9
	5
	9
	0
	4
	4
	9
	4
	5
	9
	10
	0
	9
	9
	5
	9
	9
	5
	1
	9
	4
	9
	9
	4
	4
	9
	4
	4
	9
	0
	9
	9
	9
	9
	4
	5
	3
	9
	9
	0
	9
	4
	9
	4
	9
	9
	0
	6
	4
	0
	9
	9
	9
	0
	9
	9
	9
	4
	9
	9
	0
	9
	4
	9
	5
	10
	4
	0
	9
	10
	5
	5
	9
	9
	9
	4
	5
	9
	0
	9
	5
	5
	9
	1
	4
	9
	0
	9
	5
	0
	9
	9
	4
	5
	9
	9
	9
	5
	9
	5
	5
	9
	0
	5
	6
	9
	5
	0
	1
	9
	9
	4
	9
	5
	0
	5
	9
	5
	0
	5
	9
	0
	4
	10
	5
	9
	9
	4
	10
	4
	5
	9
	9
	0
	4
	10
	9
	5
	9
	4
	9
	5
	9
	1
	5
	5
	9
	0
	9
	5
	9
	1
	9
	9
	9
	9
	5
	5
	0
	9
	4
	9
	0
	5
	5
	9
	5
	5
	0
	9
	5
	9
	0
	5
	5
	9
	9
	0
	9
	5
	9
	9
	9
	0
	9
	10
	4
	0
	9
	9
	0
	4
	9
	5
	1
	9
	5
	5
	9
	9
	5
	9
	9
	9
	5
	4
	0
	10
	9
	1
	9
	5
	9
	9
	1
	5
	5
	9
	9
	10
	9
	1
	9
	9
	0
	9
	9
	9
	10
	5
	10
	9
	9
	5
	0
	5
	9
	0
	9
	5
	4
	9
	9
	5
	9
	5
	4
	0
	9
	4
	9
	5
	0
	9
	9
	5
	9
	11
	5
	9
	4
	5
	9
	4
	9
	0
	4
	4
	10
	9
	9
	0
	9
	4
	9
	0
	5
	4
	0
	5
	9
	4
	5
	9
	5
	4
	9
	9
	9
	10
	5
	9
	0
	9
	9
	5
	9
	0
	5
	9
	9
	5
	4
	9
	0
	9
	9
	0
	9
	9
	5
	5
	9
	9
	5
	9
	1
	0
	5
	9
	5
	9
	4
	5
	9
	9
	5
	5
	9
	10
