Version identifier: 22.1.0.0 | 2022-03-09 | 1a383f8ce
CPXPARAM_Threads                                 1
CPXPARAM_MIP_Strategy_VariableSelect             3
CPXPARAM_TimeLimit                               599.99550246900003
Found incumbent of value 0.000000 after 0.00 sec. (0.35 ticks)

Root node processing (before b&c):
  Real time             =    0.00 sec. (0.39 ticks)
Sequential b&c:
  Real time             =    0.00 sec. (0.00 ticks)
                          ------------
Total (root+branch&cut) =    0.00 sec. (0.39 ticks)
Version identifier: 22.1.0.0 | 2022-03-09 | 1a383f8ce
CPXPARAM_Threads                                 1
CPXPARAM_MIP_Strategy_VariableSelect             3
CPXPARAM_TimeLimit                               599.96655502900001
Found incumbent of value 0.000000 after 0.00 sec. (0.51 ticks)

Root node processing (before b&c):
  Real time             =    0.00 sec. (0.58 ticks)
Sequential b&c:
  Real time             =    0.00 sec. (0.00 ticks)
                          ------------
Total (root+branch&cut) =    0.00 sec. (0.58 ticks)
Version identifier: 22.1.0.0 | 2022-03-09 | 1a383f8ce
CPXPARAM_Threads                                 1
CPXPARAM_MIP_Strategy_VariableSelect             3
CPXPARAM_TimeLimit                               599.93393527700005
Tried aggregator 1 time.
MIP Presolve eliminated 17 rows and 712 columns.
MIP Presolve modified 4 coefficients.
Reduced MIP has 2487 rows, 3560 columns, and 33268 nonzeros.
Reduced MIP has 3560 binaries, 0 generals, 0 SOSs, and 0 indicators.
Presolve time = 0.03 sec. (19.22 ticks)
Probing time = 0.00 sec. (2.91 ticks)
Tried aggregator 1 time.
Detecting symmetries...
Reduced MIP has 2487 rows, 3560 columns, and 33268 nonzeros.
Reduced MIP has 3560 binaries, 0 generals, 0 SOSs, and 0 indicators.
Presolve time = 0.03 sec. (19.28 ticks)
Probing time = 0.00 sec. (2.91 ticks)
Clique table members: 1769.
MIP emphasis: balance optimality and feasibility.
MIP search method: dynamic search.
Parallel mode: none, using 1 thread.
Root relaxation solution time = 0.05 sec. (36.14 ticks)

        Nodes                                         Cuts/
   Node  Left     Objective  IInf  Best Integer    Best Bound    ItCnt     Gap

      0     0        0.0000   293                      0.0000      765         
*     0+    0                            0.0000        0.0000             0.00%
      0     0        cutoff              0.0000        0.0000      765    0.00%
Elapsed time = 0.36 sec. (239.70 ticks, tree = 0.01 MB, solutions = 1)

Root node processing (before b&c):
  Real time             =    0.36 sec. (239.83 ticks)
Sequential b&c:
  Real time             =    0.00 sec. (0.00 ticks)
                          ------------
Total (root+branch&cut) =    0.36 sec. (239.83 ticks)
Version identifier: 22.1.0.0 | 2022-03-09 | 1a383f8ce
CPXPARAM_Threads                                 1
CPXPARAM_MIP_Strategy_VariableSelect             3
CPXPARAM_TimeLimit                               599.54337476399996
Tried aggregator 1 time.
MIP Presolve eliminated 17 rows and 762 columns.
MIP Presolve modified 3 coefficients.
Reduced MIP has 2662 rows, 3810 columns, and 35618 nonzeros.
Reduced MIP has 3810 binaries, 0 generals, 0 SOSs, and 0 indicators.
Presolve time = 0.03 sec. (20.49 ticks)
Probing time = 0.00 sec. (2.97 ticks)
Tried aggregator 1 time.
Detecting symmetries...
Reduced MIP has 2662 rows, 3810 columns, and 35618 nonzeros.
Reduced MIP has 3810 binaries, 0 generals, 0 SOSs, and 0 indicators.
Presolve time = 0.03 sec. (20.60 ticks)
Probing time = 0.00 sec. (2.97 ticks)
Clique table members: 1894.
MIP emphasis: balance optimality and feasibility.
MIP search method: dynamic search.
Parallel mode: none, using 1 thread.
Root relaxation solution time = 0.06 sec. (48.09 ticks)

        Nodes                                         Cuts/
   Node  Left     Objective  IInf  Best Integer    Best Bound    ItCnt     Gap

      0     0        0.0000   245                      0.0000      950         
*     0+    0                            0.0000        0.0000             0.00%
      0     0        cutoff              0.0000        0.0000      950    0.00%
Elapsed time = 0.40 sec. (314.62 ticks, tree = 0.01 MB, solutions = 1)

Root node processing (before b&c):
  Real time             =    0.41 sec. (314.76 ticks)
Sequential b&c:
  Real time             =    0.00 sec. (0.00 ticks)
                          ------------
Total (root+branch&cut) =    0.41 sec. (314.76 ticks)
Version identifier: 22.1.0.0 | 2022-03-09 | 1a383f8ce
CPXPARAM_Threads                                 1
CPXPARAM_MIP_Strategy_VariableSelect             3
CPXPARAM_TimeLimit                               599.10696649199997
Tried aggregator 1 time.
MIP Presolve eliminated 17 rows and 788 columns.
MIP Presolve modified 3 coefficients.
Reduced MIP has 2753 rows, 3940 columns, and 36840 nonzeros.
Reduced MIP has 3940 binaries, 0 generals, 0 SOSs, and 0 indicators.
Presolve time = 0.03 sec. (21.18 ticks)
Probing time = 0.00 sec. (2.99 ticks)
Tried aggregator 1 time.
Detecting symmetries...
Reduced MIP has 2753 rows, 3940 columns, and 36840 nonzeros.
Reduced MIP has 3940 binaries, 0 generals, 0 SOSs, and 0 indicators.
Presolve time = 0.03 sec. (21.30 ticks)
Probing time = 0.00 sec. (2.99 ticks)
Clique table members: 1959.
MIP emphasis: balance optimality and feasibility.
MIP search method: dynamic search.
Parallel mode: none, using 1 thread.
Root relaxation solution time = 0.10 sec. (77.75 ticks)

        Nodes                                         Cuts/
   Node  Left     Objective  IInf  Best Integer    Best Bound    ItCnt     Gap

      0     0        0.0000   481                      0.0000     1251         
*     0+    0                            0.0000        0.0000             0.00%
      0     0        cutoff              0.0000        0.0000     1251    0.00%
Elapsed time = 0.60 sec. (447.91 ticks, tree = 0.01 MB, solutions = 1)

Root node processing (before b&c):
  Real time             =    0.60 sec. (448.06 ticks)
Sequential b&c:
  Real time             =    0.00 sec. (0.00 ticks)
                          ------------
Total (root+branch&cut) =    0.60 sec. (448.06 ticks)
Version identifier: 22.1.0.0 | 2022-03-09 | 1a383f8ce
CPXPARAM_Threads                                 1
CPXPARAM_MIP_Strategy_VariableSelect             3
CPXPARAM_TimeLimit                               598.47973706100004
Tried aggregator 1 time.
MIP Presolve eliminated 17 rows and 800 columns.
MIP Presolve modified 3 coefficients.
Reduced MIP has 2795 rows, 4000 columns, and 37404 nonzeros.
Reduced MIP has 4000 binaries, 0 generals, 0 SOSs, and 0 indicators.
Presolve time = 0.03 sec. (21.50 ticks)
Probing time = 0.00 sec. (3.00 ticks)
Tried aggregator 1 time.
Detecting symmetries...
Reduced MIP has 2795 rows, 4000 columns, and 37404 nonzeros.
Reduced MIP has 4000 binaries, 0 generals, 0 SOSs, and 0 indicators.
Presolve time = 0.03 sec. (21.62 ticks)
Probing time = 0.00 sec. (3.00 ticks)
Clique table members: 1989.
MIP emphasis: balance optimality and feasibility.
MIP search method: dynamic search.
Parallel mode: none, using 1 thread.
Root relaxation solution time = 0.12 sec. (92.83 ticks)

        Nodes                                         Cuts/
   Node  Left     Objective  IInf  Best Integer    Best Bound    ItCnt     Gap

      0     0        0.0000   685                      0.0000     1416         
*     0+    0                            0.0000        0.0000             0.00%
      0     0        cutoff              0.0000        0.0000     1416    0.00%
Elapsed time = 0.73 sec. (518.93 ticks, tree = 0.01 MB, solutions = 1)

Root node processing (before b&c):
  Real time             =    0.73 sec. (519.08 ticks)
Sequential b&c:
  Real time             =    0.00 sec. (0.00 ticks)
                          ------------
Total (root+branch&cut) =    0.73 sec. (519.08 ticks)
Version identifier: 22.1.0.0 | 2022-03-09 | 1a383f8ce
CPXPARAM_Threads                                 1
CPXPARAM_MIP_Strategy_VariableSelect             3
CPXPARAM_TimeLimit                               597.72190823999995
Tried aggregator 1 time.
MIP Presolve eliminated 17 rows and 806 columns.
MIP Presolve modified 3 coefficients.
Reduced MIP has 2816 rows, 4030 columns, and 37686 nonzeros.
Reduced MIP has 4030 binaries, 0 generals, 0 SOSs, and 0 indicators.
Presolve time = 0.03 sec. (21.65 ticks)
Probing time = 0.00 sec. (3.01 ticks)
Tried aggregator 1 time.
Detecting symmetries...
Reduced MIP has 2816 rows, 4030 columns, and 37686 nonzeros.
Reduced MIP has 4030 binaries, 0 generals, 0 SOSs, and 0 indicators.
Presolve time = 0.03 sec. (21.77 ticks)
Probing time = 0.00 sec. (3.01 ticks)
Clique table members: 2004.
MIP emphasis: balance optimality and feasibility.
MIP search method: dynamic search.
Parallel mode: none, using 1 thread.
Root relaxation solution time = 0.17 sec. (134.49 ticks)

        Nodes                                         Cuts/
   Node  Left     Objective  IInf  Best Integer    Best Bound    ItCnt     Gap

      0     0        0.0000   708                      0.0000     1714         
*     0+    0                            0.0000        0.0000             0.00%
      0     0        cutoff              0.0000        0.0000     1714    0.00%
Elapsed time = 0.77 sec. (588.24 ticks, tree = 0.01 MB, solutions = 1)

Root node processing (before b&c):
  Real time             =    0.77 sec. (588.39 ticks)
Sequential b&c:
  Real time             =    0.00 sec. (0.00 ticks)
                          ------------
Total (root+branch&cut) =    0.77 sec. (588.39 ticks)
Version identifier: 22.1.0.0 | 2022-03-09 | 1a383f8ce
CPXPARAM_Threads                                 1
CPXPARAM_MIP_Strategy_VariableSelect             3
CPXPARAM_TimeLimit                               596.92150119400003
Tried aggregator 1 time.
MIP Presolve eliminated 17 rows and 810 columns.
MIP Presolve modified 3 coefficients.
Reduced MIP has 2830 rows, 4050 columns, and 37874 nonzeros.
Reduced MIP has 4050 binaries, 0 generals, 0 SOSs, and 0 indicators.
Presolve time = 0.03 sec. (21.76 ticks)
Probing time = 0.00 sec. (3.01 ticks)
Tried aggregator 1 time.
Detecting symmetries...
Reduced MIP has 2830 rows, 4050 columns, and 37874 nonzeros.
Reduced MIP has 4050 binaries, 0 generals, 0 SOSs, and 0 indicators.
Presolve time = 0.03 sec. (21.89 ticks)
Probing time = 0.00 sec. (3.01 ticks)
Clique table members: 2014.
MIP emphasis: balance optimality and feasibility.
MIP search method: dynamic search.
Parallel mode: none, using 1 thread.
Root relaxation solution time = 0.20 sec. (174.02 ticks)

        Nodes                                         Cuts/
   Node  Left     Objective  IInf  Best Integer    Best Bound    ItCnt     Gap

      0     0        0.0000  1014                      0.0000     1839         
*     0+    0                            0.0000        0.0000             0.00%
      0     0        cutoff              0.0000        0.0000     1839    0.00%
Elapsed time = 1.14 sec. (864.19 ticks, tree = 0.01 MB, solutions = 1)

Root node processing (before b&c):
  Real time             =    1.14 sec. (864.34 ticks)
Sequential b&c:
  Real time             =    0.00 sec. (0.00 ticks)
                          ------------
Total (root+branch&cut) =    1.14 sec. (864.34 ticks)
Version identifier: 22.1.0.0 | 2022-03-09 | 1a383f8ce
CPXPARAM_Threads                                 1
CPXPARAM_MIP_Strategy_VariableSelect             3
CPXPARAM_TimeLimit                               595.75124862099995
Tried aggregator 1 time.
MIP Presolve eliminated 17 rows and 812 columns.
MIP Presolve modified 3 coefficients.
Reduced MIP has 2837 rows, 4060 columns, and 37968 nonzeros.
Reduced MIP has 4060 binaries, 0 generals, 0 SOSs, and 0 indicators.
Presolve time = 0.03 sec. (21.82 ticks)
Probing time = 0.00 sec. (3.02 ticks)
Tried aggregator 1 time.
Detecting symmetries...
Reduced MIP has 2837 rows, 4060 columns, and 37968 nonzeros.
Reduced MIP has 4060 binaries, 0 generals, 0 SOSs, and 0 indicators.
Presolve time = 0.02 sec. (21.94 ticks)
Probing time = 0.00 sec. (3.02 ticks)
Clique table members: 2019.
MIP emphasis: balance optimality and feasibility.
MIP search method: dynamic search.
Parallel mode: none, using 1 thread.
Root relaxation solution time = 0.32 sec. (276.70 ticks)

        Nodes                                         Cuts/
   Node  Left     Objective  IInf  Best Integer    Best Bound    ItCnt     Gap

      0     0        0.0000   740                      0.0000     2303         
*     0+    0                            0.0000        0.0000             0.00%
      0     0        cutoff              0.0000        0.0000     2303    0.00%
Elapsed time = 1.09 sec. (830.59 ticks, tree = 0.01 MB, solutions = 1)

Root node processing (before b&c):
  Real time             =    1.09 sec. (830.74 ticks)
Sequential b&c:
  Real time             =    0.00 sec. (0.00 ticks)
                          ------------
Total (root+branch&cut) =    1.09 sec. (830.74 ticks)
Primal:	406
Dual:	406
Status:	Optimal
Time:	5.35979
Sequence:
	11
	9
	1
	9
	5
	9
	11
	4
	6
	0
	5
	9
	7
	9
	5
	9
	1
	9
	7
	9
	5
	9
	5
	4
	11
	9
	5
	9
	5
	9
	7
	9
	5
	9
	6
	9
	7
	9
	5
	9
	5
	9
	7
	9
	9
	5
	9
	4
	7
	9
	6
	9
	5
	9
	7
	9
	5
	9
	5
	9
	7
	9
	6
	9
	5
	9
	11
	9
	5
	9
	5
	9
	1
	9
	7
	9
	1
	9
	1
	9
	7
	9
	5
	9
	5
	9
	7
	9
	5
	9
	5
	9
	7
	9
	5
	9
	5
	9
	7
	9
	5
	4
	10
	9
	7
	9
	6
	0
	5
	9
	7
	9
	1
	9
	6
	4
	11
	4
	5
	9
	5
	9
	7
	9
	6
	4
	10
	4
	11
	4
	5
	9
	1
	4
	7
	9
	1
	0
	5
	9
	7
	0
	1
	9
	1
	0
	7
	4
	1
	4
	5
	9
	7
	0
	5
	4
	1
	0
	7
	9
	5
	4
	1
	0
	7
	9
	1
	0
	6
	9
	7
	4
	1
	9
	5
	0
	7
	9
	1
	9
	5
	0
	7
	9
	5
	9
	1
	4
	11
	4
	5
	0
	1
	4
	7
	9
	5
	4
	1
	0
	4
	7
	0
	1
	9
	5
	0
	7
	4
	1
	0
	5
	9
	7
	4
	1
	9
	1
	4
	11
	9
	6
	0
	5
	9
	7
	0
	5
	4
	1
	9
	7
	9
	5
	0
	10
	4
	7
	9
	5
	9
	5
	9
	7
	9
	5
	9
	5
	4
	11
	4
	1
	4
	5
	9
	7
	0
	5
	9
	5
	0
	7
	4
	2
	4
	5
	9
	7
	0
	6
	9
	5
	0
	7
	9
	1
	4
	1
	9
	7
	9
	5
	4
	1
	2
	11
	4
	5
	0
	9
	9
	7
	9
	5
	0
	5
	4
	11
	0
	5
	9
	1
	9
	11
	4
	5
	0
	6
	9
	7
	9
	10
	4
	1
	4
	7
	9
	5
	9
	1
	4
	7
	9
	5
	9
	1
	4
	7
	0
	9
	5
	2
	9
	7
	9
	6
	9
	5
	0
	7
	9
	4
	5
	9
	9
	7
	0
	1
	9
	0
	9
	7
	9
	5
	9
	5
	9
	7
	9
	5
	9
	5
	9
	7
	9
	1
	9
	1
	2
	11
	4
	5
	9
	5
	9
	7
	0
	5
	9
	1
	4
	7
	0
	6
	4
	1
	4
	7
	9
	5
	9
	5
	9
	11
	0
	6
	9
	5
	0
	7
	9
	6
	4
	1
	0
	11
