Version identifier: 22.1.1.0 | 2022-11-28 | 9160aff4d
CPXPARAM_Threads                                 1
CPXPARAM_MIP_Strategy_VariableSelect             3
CPXPARAM_TimeLimit                               599.99750134199996
Found incumbent of value 0.000000 after 0.00 sec. (0.28 ticks)

Root node processing (before b&c):
  Real time             =    0.00 sec. (0.32 ticks)
Sequential b&c:
  Real time             =    0.00 sec. (0.00 ticks)
                          ------------
Total (root+branch&cut) =    0.00 sec. (0.32 ticks)
Version identifier: 22.1.1.0 | 2022-11-28 | 9160aff4d
CPXPARAM_Threads                                 1
CPXPARAM_MIP_Strategy_VariableSelect             3
CPXPARAM_TimeLimit                               599.98003627100002
Found incumbent of value 0.000000 after 0.00 sec. (0.42 ticks)

Root node processing (before b&c):
  Real time             =    0.00 sec. (0.48 ticks)
Sequential b&c:
  Real time             =    0.00 sec. (0.00 ticks)
                          ------------
Total (root+branch&cut) =    0.00 sec. (0.48 ticks)
Version identifier: 22.1.1.0 | 2022-11-28 | 9160aff4d
CPXPARAM_Threads                                 1
CPXPARAM_MIP_Strategy_VariableSelect             3
CPXPARAM_TimeLimit                               599.95800027799999
Found incumbent of value 0.000000 after 0.00 sec. (0.49 ticks)

Root node processing (before b&c):
  Real time             =    0.00 sec. (0.56 ticks)
Sequential b&c:
  Real time             =    0.00 sec. (0.00 ticks)
                          ------------
Total (root+branch&cut) =    0.00 sec. (0.56 ticks)
Version identifier: 22.1.1.0 | 2022-11-28 | 9160aff4d
CPXPARAM_Threads                                 1
CPXPARAM_MIP_Strategy_VariableSelect             3
CPXPARAM_TimeLimit                               599.93237529700002
Found incumbent of value 0.000000 after 0.00 sec. (0.52 ticks)

Root node processing (before b&c):
  Real time             =    0.00 sec. (0.60 ticks)
Sequential b&c:
  Real time             =    0.00 sec. (0.00 ticks)
                          ------------
Total (root+branch&cut) =    0.00 sec. (0.60 ticks)
Version identifier: 22.1.1.0 | 2022-11-28 | 9160aff4d
CPXPARAM_Threads                                 1
CPXPARAM_MIP_Strategy_VariableSelect             3
CPXPARAM_TimeLimit                               599.90523625200001
Tried aggregator 1 time.
MIP Presolve eliminated 17 rows and 708 columns.
Reduced MIP has 2119 rows, 3540 columns, and 28836 nonzeros.
Reduced MIP has 3540 binaries, 0 generals, 0 SOSs, and 0 indicators.
Presolve time = 0.03 sec. (20.32 ticks)
Found incumbent of value 0.000000 after 0.09 sec. (54.72 ticks)

Root node processing (before b&c):
  Real time             =    0.09 sec. (54.88 ticks)
Sequential b&c:
  Real time             =    0.00 sec. (0.00 ticks)
                          ------------
Total (root+branch&cut) =    0.09 sec. (54.88 ticks)
Version identifier: 22.1.1.0 | 2022-11-28 | 9160aff4d
CPXPARAM_Threads                                 1
CPXPARAM_MIP_Strategy_VariableSelect             3
CPXPARAM_TimeLimit                               599.78487645600001
Tried aggregator 1 time.
MIP Presolve eliminated 17 rows and 720 columns.
Reduced MIP has 2155 rows, 3600 columns, and 29328 nonzeros.
Reduced MIP has 3600 binaries, 0 generals, 0 SOSs, and 0 indicators.
Presolve time = 0.03 sec. (20.75 ticks)
Found incumbent of value 0.000000 after 0.10 sec. (57.35 ticks)

Root node processing (before b&c):
  Real time             =    0.10 sec. (57.52 ticks)
Sequential b&c:
  Real time             =    0.00 sec. (0.00 ticks)
                          ------------
Total (root+branch&cut) =    0.10 sec. (57.52 ticks)
Version identifier: 22.1.1.0 | 2022-11-28 | 9160aff4d
CPXPARAM_Threads                                 1
CPXPARAM_MIP_Strategy_VariableSelect             3
CPXPARAM_TimeLimit                               599.66139889700003
Tried aggregator 1 time.
MIP Presolve eliminated 17 rows and 726 columns.
Reduced MIP has 2173 rows, 3630 columns, and 29574 nonzeros.
Reduced MIP has 3630 binaries, 0 generals, 0 SOSs, and 0 indicators.
Presolve time = 0.03 sec. (20.97 ticks)
Found incumbent of value 0.000000 after 0.10 sec. (60.45 ticks)

Root node processing (before b&c):
  Real time             =    0.11 sec. (60.62 ticks)
Sequential b&c:
  Real time             =    0.00 sec. (0.00 ticks)
                          ------------
Total (root+branch&cut) =    0.11 sec. (60.62 ticks)
Version identifier: 22.1.1.0 | 2022-11-28 | 9160aff4d
CPXPARAM_Threads                                 1
CPXPARAM_MIP_Strategy_VariableSelect             3
CPXPARAM_TimeLimit                               599.52961108600005
Tried aggregator 1 time.
MIP Presolve eliminated 17 rows and 728 columns.
Reduced MIP has 2179 rows, 3640 columns, and 29656 nonzeros.
Reduced MIP has 3640 binaries, 0 generals, 0 SOSs, and 0 indicators.
Presolve time = 0.03 sec. (21.03 ticks)
Probing time = 0.01 sec. (4.90 ticks)
Tried aggregator 1 time.
Detecting symmetries...
Reduced MIP has 2179 rows, 3640 columns, and 29656 nonzeros.
Reduced MIP has 3640 binaries, 0 generals, 0 SOSs, and 0 indicators.
Presolve time = 0.03 sec. (23.60 ticks)
Probing time = 0.01 sec. (4.90 ticks)
Clique table members: 1447.
MIP emphasis: balance optimality and feasibility.
MIP search method: dynamic search.
Parallel mode: none, using 1 thread.
Root relaxation solution time = 0.03 sec. (25.53 ticks)

        Nodes                                         Cuts/
   Node  Left     Objective  IInf  Best Integer    Best Bound    ItCnt     Gap

      0     0        0.0000    68                      0.0000      612         
*     0+    0                            0.0000        0.0000             0.00%
      0     0        cutoff              0.0000        0.0000      612    0.00%
Elapsed time = 0.29 sec. (187.50 ticks, tree = 0.01 MB, solutions = 1)

Root node processing (before b&c):
  Real time             =    0.29 sec. (187.63 ticks)
Sequential b&c:
  Real time             =    0.00 sec. (0.00 ticks)
                          ------------
Total (root+branch&cut) =    0.29 sec. (187.63 ticks)
Version identifier: 22.1.1.0 | 2022-11-28 | 9160aff4d
CPXPARAM_Threads                                 1
CPXPARAM_MIP_Strategy_VariableSelect             3
CPXPARAM_TimeLimit                               599.21143053000003
Tried aggregator 1 time.
MIP Presolve eliminated 17 rows and 730 columns.
Reduced MIP has 2185 rows, 3650 columns, and 29738 nonzeros.
Reduced MIP has 3650 binaries, 0 generals, 0 SOSs, and 0 indicators.
Presolve time = 0.03 sec. (21.11 ticks)
Probing time = 0.01 sec. (4.91 ticks)
Tried aggregator 1 time.
Detecting symmetries...
Reduced MIP has 2185 rows, 3650 columns, and 29738 nonzeros.
Reduced MIP has 3650 binaries, 0 generals, 0 SOSs, and 0 indicators.
Presolve time = 0.03 sec. (23.68 ticks)
Probing time = 0.01 sec. (4.91 ticks)
Clique table members: 1451.
MIP emphasis: balance optimality and feasibility.
MIP search method: dynamic search.
Parallel mode: none, using 1 thread.
Root relaxation solution time = 0.03 sec. (26.27 ticks)

        Nodes                                         Cuts/
   Node  Left     Objective  IInf  Best Integer    Best Bound    ItCnt     Gap

      0     0        0.0000   103                      0.0000      617         
*     0+    0                            0.0000        0.0000             0.00%
      0     0        cutoff              0.0000        0.0000      617    0.00%
Elapsed time = 0.35 sec. (208.04 ticks, tree = 0.01 MB, solutions = 1)

Root node processing (before b&c):
  Real time             =    0.35 sec. (208.18 ticks)
Sequential b&c:
  Real time             =    0.00 sec. (0.00 ticks)
                          ------------
Total (root+branch&cut) =    0.35 sec. (208.18 ticks)
Primal:	365
Dual:	365
Status:	Optimal
Time:	1.16697
Sequence:
	5
	9
	7
	9
	9
	9
	9
	1
	7
	9
	9
	5
	9
	9
	1
	5
	9
	9
	9
	9
	9
	9
	5
	7
	9
	9
	9
	9
	9
	9
	9
	9
	9
	9
	9
	9
	9
	9
	9
	7
	9
	9
	9
	9
	9
	9
	9
	9
	9
	1
	9
	9
	9
	1
	9
	9
	5
	9
	1
	9
	9
	1
	9
	9
	9
	9
	1
	9
	9
	9
	9
	9
	9
	9
	9
	1
	9
	7
	9
	9
	1
	5
	9
	5
	9
	9
	9
	9
	9
	5
	5
	9
	9
	9
	7
	9
	1
	9
	9
	9
	7
	5
	0
	4
	5
	0
	4
	1
	1
	1
	9
	7
	1
	4
	1
	1
	0
	9
	5
	9
	5
	1
	5
	9
	5
	1
	7
	9
	5
	0
	4
	5
	0
	9
	1
	1
	1
	9
	6
	10
	9
	7
	1
	4
	1
	6
	9
	1
	7
	4
	0
	9
	6
	9
	1
	5
	1
	4
	7
	1
	5
	9
	1
	1
	7
	4
	1
	1
	9
	1
	5
	9
	1
	5
	5
	9
	7
	1
	1
	4
	1
	9
	6
	7
	9
	1
	1
	10
	9
	7
	9
	5
	1
	4
	5
	0
	4
	7
	1
	5
	9
	0
	5
	1
	4
	0
	5
	7
	9
	6
	5
	9
	1
	5
	9
	7
	0
	1
	9
	1
	1
	4
	6
	1
	7
	2
	5
	1
	5
	9
	5
	7
	1
	9
	5
	1
	6
	9
	7
	5
	9
	4
	1
	5
	9
	7
	4
	1
	5
	1
	4
	7
	9
	4
	0
	6
	5
	9
	5
	0
	6
	4
	0
	5
	7
	9
	1
	5
	1
	9
	5
	5
	9
	5
	7
	1
	4
	1
	5
	6
	2
	7
	5
	9
	5
	4
	9
	6
	1
	5
	2
	5
	5
	10
	9
	1
	7
	0
	9
	4
	1
	5
	1
	4
	9
	5
	2
	5
	6
	9
	5
	7
	1
	4
	1
	5
	9
	0
	7
	5
	9
	1
	1
	1
	9
	1
	5
	5
	9
	10
	4
	1
	7
	5
	9
	5
	0
	10
	9
	7
	5
	1
	4
	0
	1
	5
	4
	9
	3
	4
	1
	1
	1
	9
	7
	1
	5
	9
	5
	1
	5
	4
	1
	7
	4
