Version identifier: 22.1.1.0 | 2022-11-28 | 9160aff4d
CPXPARAM_Threads                                 1
CPXPARAM_MIP_Strategy_VariableSelect             3
CPXPARAM_TimeLimit                               599.99908848600001
Found incumbent of value 0.000000 after 0.00 sec. (0.23 ticks)

Root node processing (before b&c):
  Real time             =    0.00 sec. (0.26 ticks)
Sequential b&c:
  Real time             =    0.00 sec. (0.00 ticks)
                          ------------
Total (root+branch&cut) =    0.00 sec. (0.26 ticks)
Version identifier: 22.1.1.0 | 2022-11-28 | 9160aff4d
CPXPARAM_Threads                                 1
CPXPARAM_MIP_Strategy_VariableSelect             3
CPXPARAM_TimeLimit                               599.99211218799996
Found incumbent of value 0.000000 after 0.00 sec. (0.34 ticks)

Root node processing (before b&c):
  Real time             =    0.00 sec. (0.39 ticks)
Sequential b&c:
  Real time             =    0.00 sec. (0.00 ticks)
                          ------------
Total (root+branch&cut) =    0.00 sec. (0.39 ticks)
Version identifier: 22.1.1.0 | 2022-11-28 | 9160aff4d
CPXPARAM_Threads                                 1
CPXPARAM_MIP_Strategy_VariableSelect             3
CPXPARAM_TimeLimit                               599.98264425699995
Found incumbent of value 0.000000 after 0.00 sec. (0.40 ticks)

Root node processing (before b&c):
  Real time             =    0.00 sec. (0.45 ticks)
Sequential b&c:
  Real time             =    0.00 sec. (0.00 ticks)
                          ------------
Total (root+branch&cut) =    0.00 sec. (0.45 ticks)
Version identifier: 22.1.1.0 | 2022-11-28 | 9160aff4d
CPXPARAM_Threads                                 1
CPXPARAM_MIP_Strategy_VariableSelect             3
CPXPARAM_TimeLimit                               599.97036271299999
Found incumbent of value 0.000000 after 0.00 sec. (0.43 ticks)

Root node processing (before b&c):
  Real time             =    0.00 sec. (0.48 ticks)
Sequential b&c:
  Real time             =    0.00 sec. (0.00 ticks)
                          ------------
Total (root+branch&cut) =    0.00 sec. (0.48 ticks)
Version identifier: 22.1.1.0 | 2022-11-28 | 9160aff4d
CPXPARAM_Threads                                 1
CPXPARAM_MIP_Strategy_VariableSelect             3
CPXPARAM_TimeLimit                               599.95628551300001
Found incumbent of value 0.000000 after 0.00 sec. (0.44 ticks)

Root node processing (before b&c):
  Real time             =    0.00 sec. (0.50 ticks)
Sequential b&c:
  Real time             =    0.00 sec. (0.00 ticks)
                          ------------
Total (root+branch&cut) =    0.00 sec. (0.50 ticks)
Version identifier: 22.1.1.0 | 2022-11-28 | 9160aff4d
CPXPARAM_Threads                                 1
CPXPARAM_MIP_Strategy_VariableSelect             3
CPXPARAM_TimeLimit                               599.94302129699997
Found incumbent of value 0.000000 after 0.00 sec. (0.45 ticks)

Root node processing (before b&c):
  Real time             =    0.00 sec. (0.51 ticks)
Sequential b&c:
  Real time             =    0.00 sec. (0.00 ticks)
                          ------------
Total (root+branch&cut) =    0.00 sec. (0.51 ticks)
Version identifier: 22.1.1.0 | 2022-11-28 | 9160aff4d
CPXPARAM_Threads                                 1
CPXPARAM_MIP_Strategy_VariableSelect             3
CPXPARAM_TimeLimit                               599.93068363400005
Found incumbent of value 0.000000 after 0.00 sec. (0.46 ticks)

Root node processing (before b&c):
  Real time             =    0.00 sec. (0.52 ticks)
Sequential b&c:
  Real time             =    0.00 sec. (0.00 ticks)
                          ------------
Total (root+branch&cut) =    0.00 sec. (0.52 ticks)
Version identifier: 22.1.1.0 | 2022-11-28 | 9160aff4d
CPXPARAM_Threads                                 1
CPXPARAM_MIP_Strategy_VariableSelect             3
CPXPARAM_TimeLimit                               599.91879407199997
Tried aggregator 1 time.
MIP Presolve eliminated 315 rows and 900 columns.
Reduced MIP has 1497 rows, 2700 columns, and 21432 nonzeros.
Reduced MIP has 2700 binaries, 0 generals, 0 SOSs, and 0 indicators.
Presolve time = 0.01 sec. (11.42 ticks)
Found incumbent of value 0.000000 after 0.03 sec. (33.70 ticks)

Root node processing (before b&c):
  Real time             =    0.03 sec. (33.84 ticks)
Sequential b&c:
  Real time             =    0.00 sec. (0.00 ticks)
                          ------------
Total (root+branch&cut) =    0.03 sec. (33.84 ticks)
Version identifier: 22.1.1.0 | 2022-11-28 | 9160aff4d
CPXPARAM_Threads                                 1
CPXPARAM_MIP_Strategy_VariableSelect             3
CPXPARAM_TimeLimit                               599.87848797200002
Tried aggregator 1 time.
MIP Presolve eliminated 316 rows and 903 columns.
Reduced MIP has 1502 rows, 2709 columns, and 21504 nonzeros.
Reduced MIP has 2709 binaries, 0 generals, 0 SOSs, and 0 indicators.
Presolve time = 0.01 sec. (11.45 ticks)
Found incumbent of value 0.000000 after 0.03 sec. (34.20 ticks)

Root node processing (before b&c):
  Real time             =    0.03 sec. (34.34 ticks)
Sequential b&c:
  Real time             =    0.00 sec. (0.00 ticks)
                          ------------
Total (root+branch&cut) =    0.03 sec. (34.34 ticks)
Primal:	301
Dual:	301
Status:	Optimal
Time:	0.159825
Sequence:
	9
	1
	9
	7
	9
	9
	9
	9
	4
	5
	9
	8
	9
	5
	9
	9
	1
	9
	3
	9
	9
	9
	9
	4
	1
	9
	7
	9
	4
	9
	9
	9
	9
	7
	9
	0
	9
	9
	4
	9
	9
	9
	4
	7
	1
	0
	9
	5
	4
	9
	9
	4
	7
	1
	9
	5
	1
	4
	5
	9
	5
	4
	9
	0
	4
	5
	0
	7
	9
	9
	4
	9
	9
	7
	9
	4
	9
	0
	5
	9
	7
	9
	9
	1
	9
	1
	7
	8
	1
	4
	9
	9
	7
	9
	9
	9
	9
	1
	5
	5
	9
	7
	9
	9
	4
	9
	5
	7
	0
	4
	9
	9
	9
	10
	9
	7
	9
	4
	9
	10
	5
	9
	9
	7
	9
	1
	0
	4
	9
	7
	1
	9
	5
	9
	9
	9
	9
	9
	9
	7
	9
	9
	9
	5
	9
	9
	4
	9
	7
	4
	9
	0
	9
	1
	9
	9
	7
	9
	9
	1
	0
	9
	7
	4
	9
	0
	9
	9
	7
	9
	9
	4
	5
	9
	4
	9
	9
	9
	7
	9
	9
	9
	9
	9
	9
	4
	7
	9
	9
	8
	9
	9
	3
	9
	9
	1
	1
	1
	9
	9
	7
	4
	9
	9
	9
	1
	9
	1
	9
	9
	9
	4
	9
	9
	1
	7
	9
	9
	0
	9
	9
	5
	4
	1
	7
	5
	9
	9
	9
	9
	4
	0
	9
	7
	9
	9
	9
	0
	9
	4
	5
	1
	4
	9
	9
	1
	9
	9
	7
	9
	9
	4
	5
	9
	4
	1
	9
	9
	5
	4
	1
	9
	5
	9
	4
	9
	5
	7
	9
	9
	9
	9
	4
	5
	1
	1
	4
	1
	7
	1
	9
	5
	9
	9
	9
	7
	9
	9
	9
	9
	4
	3
	9
	9
	5
	1
	9
	9
	9
	9
	7
