Version identifier: 22.1.1.0 | 2022-11-28 | 9160aff4d
CPXPARAM_Threads                                 1
CPXPARAM_MIP_Strategy_VariableSelect             3
CPXPARAM_TimeLimit                               599.99958297600006
Found incumbent of value 0.000000 after 0.00 sec. (0.08 ticks)

Root node processing (before b&c):
  Real time             =    0.00 sec. (0.10 ticks)
Sequential b&c:
  Real time             =    0.00 sec. (0.00 ticks)
                          ------------
Total (root+branch&cut) =    0.00 sec. (0.10 ticks)
Version identifier: 22.1.1.0 | 2022-11-28 | 9160aff4d
CPXPARAM_Threads                                 1
CPXPARAM_MIP_Strategy_VariableSelect             3
CPXPARAM_TimeLimit                               599.99618109599999
Found incumbent of value 0.000000 after 0.00 sec. (0.15 ticks)

Root node processing (before b&c):
  Real time             =    0.00 sec. (0.17 ticks)
Sequential b&c:
  Real time             =    0.00 sec. (0.00 ticks)
                          ------------
Total (root+branch&cut) =    0.00 sec. (0.17 ticks)
Version identifier: 22.1.1.0 | 2022-11-28 | 9160aff4d
CPXPARAM_Threads                                 1
CPXPARAM_MIP_Strategy_VariableSelect             3
CPXPARAM_TimeLimit                               599.99212614199996
Found incumbent of value 0.000000 after 0.00 sec. (0.17 ticks)

Root node processing (before b&c):
  Real time             =    0.00 sec. (0.20 ticks)
Sequential b&c:
  Real time             =    0.00 sec. (0.00 ticks)
                          ------------
Total (root+branch&cut) =    0.00 sec. (0.20 ticks)
Version identifier: 22.1.1.0 | 2022-11-28 | 9160aff4d
CPXPARAM_Threads                                 1
CPXPARAM_MIP_Strategy_VariableSelect             3
CPXPARAM_TimeLimit                               599.987666934
Found incumbent of value 0.000000 after 0.00 sec. (0.18 ticks)

Root node processing (before b&c):
  Real time             =    0.00 sec. (0.21 ticks)
Sequential b&c:
  Real time             =    0.00 sec. (0.00 ticks)
                          ------------
Total (root+branch&cut) =    0.00 sec. (0.21 ticks)
Version identifier: 22.1.1.0 | 2022-11-28 | 9160aff4d
CPXPARAM_Threads                                 1
CPXPARAM_MIP_Strategy_VariableSelect             3
CPXPARAM_TimeLimit                               599.98300577999998
Found incumbent of value 0.000000 after 0.00 sec. (0.19 ticks)

Root node processing (before b&c):
  Real time             =    0.00 sec. (0.22 ticks)
Sequential b&c:
  Real time             =    0.00 sec. (0.00 ticks)
                          ------------
Total (root+branch&cut) =    0.00 sec. (0.22 ticks)
Version identifier: 22.1.1.0 | 2022-11-28 | 9160aff4d
CPXPARAM_Threads                                 1
CPXPARAM_MIP_Strategy_VariableSelect             3
CPXPARAM_TimeLimit                               599.97812909300001
Found incumbent of value 0.000000 after 0.00 sec. (0.19 ticks)

Root node processing (before b&c):
  Real time             =    0.00 sec. (0.22 ticks)
Sequential b&c:
  Real time             =    0.00 sec. (0.00 ticks)
                          ------------
Total (root+branch&cut) =    0.00 sec. (0.22 ticks)
Version identifier: 22.1.1.0 | 2022-11-28 | 9160aff4d
CPXPARAM_Threads                                 1
CPXPARAM_MIP_Strategy_VariableSelect             3
CPXPARAM_TimeLimit                               599.97328377099996
Found incumbent of value 0.000000 after 0.00 sec. (0.19 ticks)

Root node processing (before b&c):
  Real time             =    0.00 sec. (0.22 ticks)
Sequential b&c:
  Real time             =    0.00 sec. (0.00 ticks)
                          ------------
Total (root+branch&cut) =    0.00 sec. (0.22 ticks)
Primal:	128
Dual:	128
Status:	Optimal
Time:	0.0308371
Sequence:
	0
	1
	4
	0
	1
	4
	0
	1
	1
	2
	1
	1
	1
	2
	1
	1
	1
	2
	1
	1
	1
	2
	1
	4
	2
	4
	4
	2
	4
	4
	2
	4
	4
	2
	4
	4
	2
	4
	4
	2
	4
	4
	2
	4
	4
	2
	4
	4
	2
	4
	4
	2
	4
	4
	2
	4
	4
	2
	4
	4
	2
	4
	5
	2
	5
	5
	2
	5
	5
	2
	5
	5
	2
	5
	5
	2
	5
	5
	2
	5
	5
	2
	5
	5
	9
	5
	5
	9
	5
	5
	9
	5
	5
	9
	5
	5
	9
	5
	9
	9
	9
	9
	9
	9
	9
	9
	9
	9
	9
	9
	9
	9
	9
	9
	9
	9
	9
	9
	9
	9
	9
	9
	9
	9
	9
	9
	9
	9
