Version identifier: 22.1.0.0 | 2022-03-09 | 1a383f8ce
CPXPARAM_Threads                                 1
CPXPARAM_MIP_Strategy_VariableSelect             3
CPXPARAM_TimeLimit                               599.99974917899999
1 of 1 MIP starts provided solutions.
MIP start 'm1' defined initial solution with objective 372.0000.
Tried aggregator 2 times.
MIP Presolve eliminated 784 rows and 1861 columns.
MIP Presolve added 36 rows and 9 columns.
MIP Presolve modified 26 coefficients.
Aggregator did 9 substitutions.
Reduced MIP has 1860 rows, 2976 columns, and 88435 nonzeros.
Reduced MIP has 2976 binaries, 0 generals, 0 SOSs, and 0 indicators.
Presolve time = 0.10 sec. (174.09 ticks)
Probing time = 0.01 sec. (13.20 ticks)
Tried aggregator 1 time.
Detecting symmetries...
MIP Presolve modified 7 coefficients.
Reduced MIP has 1860 rows, 2976 columns, and 88538 nonzeros.
Reduced MIP has 2976 binaries, 0 generals, 0 SOSs, and 0 indicators.
Presolve time = 0.07 sec. (128.98 ticks)
Probing time = 0.01 sec. (13.21 ticks)
Clique table members: 1114.
MIP emphasis: balance optimality and feasibility.
MIP search method: dynamic search.
Parallel mode: none, using 1 thread.
Root relaxation solution time = 0.01 sec. (11.14 ticks)

        Nodes                                         Cuts/
   Node  Left     Objective  IInf  Best Integer    Best Bound    ItCnt     Gap

*     0+    0                          372.0000    69378.0000              --- 
      0     0        cutoff            372.0000                      8     --- 

Root node processing (before b&c):
  Real time             =    0.26 sec. (412.79 ticks)
Sequential b&c:
  Real time             =    0.00 sec. (0.00 ticks)
                          ------------
Total (root+branch&cut) =    0.26 sec. (412.79 ticks)
Primal:	372
Dual:	372
Status:	Optimal
Time:	0.31
Sequence:
	9
	1
	0
	10
	4
	10
	8
	4
	1
	9
	0
	1
	9
	10
	8
	5
	9
	5
	9
	4
	4
	0
	9
	10
	8
	4
	1
	8
	5
	9
	10
	9
	0
	4
	9
	0
	4
	5
	9
	10
	0
	10
	4
	10
	0
	9
	5
	9
	10
	9
	5
	0
	10
	9
	0
	5
	4
	0
	1
	4
	4
	1
	0
	4
	1
	9
	4
	10
	4
	5
	9
	1
	9
	1
	4
	0
	4
	5
	9
	0
	10
	4
	4
	1
	0
	1
	9
	9
	0
	4
	9
	9
	4
	4
	1
	9
	1
	4
	1
	9
	4
	4
	1
	9
	0
	5
	9
	1
	9
	0
	5
	4
	0
	4
	9
	1
	9
	9
	4
	4
	1
	4
	1
	0
	4
	9
	0
	4
	4
	9
	9
	0
	5
	9
	5
	4
	0
	5
	9
	1
	0
	9
	5
	4
	0
	4
	4
	1
	4
	1
	9
	1
	4
	1
	0
	4
	1
	0
	9
	9
	1
	9
	1
	9
	1
	9
	5
	9
	9
	9
	1
	9
	9
	5
	9
	1
	9
	5
	9
	9
	9
	9
	9
	1
	9
	5
	9
	5
	9
	1
	9
	5
	9
	1
	9
	1
	9
	1
	9
	1
	9
	5
	9
	5
	9
	5
	9
	1
	9
	5
	9
	5
	9
	5
	9
	1
	9
	1
	9
	5
	9
	5
	9
	5
	9
	5
	9
	5
	9
	5
	9
	5
	9
	1
	9
	1
	9
	5
	9
	5
	9
	5
	9
	1
	9
	5
	9
	5
	9
	5
	9
	5
	9
	5
	9
	1
	9
	5
	9
	5
	9
	9
	1
	9
	5
	9
	5
	9
	9
	5
	9
	9
	9
	9
	5
	9
	9
	1
	9
	9
	1
	9
	9
	5
	9
	1
	9
	5
	9
	9
	5
	9
	5
	9
	5
	9
	9
	1
	9
	9
	9
	1
	9
	5
	9
	5
	9
	1
	9
	9
	1
	9
	9
	9
	5
	9
	9
	5
	9
	9
	1
	9
	5
	9
	5
	9
	5
	9
	5
	9
	1
	9
	1
	9
	9
	1
	9
	9
	5
	9
	1
	9
	5
	9
	5
	9
	9
	1
	9
	5
	9
	9
	5
	9
	9
	9
	5
	9
	5
	9
	9
	9
	5
	9
	5
	9
	5
	9
	9
	5
	9
	5
