Version identifier: 22.1.0.0 | 2022-03-09 | 1a383f8ce
CPXPARAM_Threads                                 1
CPXPARAM_MIP_Strategy_VariableSelect             3
CPXPARAM_TimeLimit                               599.57298443699995
1 of 1 MIP starts provided solutions.
MIP start 'm1' defined initial solution with objective 181.0000.
Tried aggregator 2 times.
MIP Presolve eliminated 44 rows and 674 columns.
MIP Presolve added 32 rows and 8 columns.
MIP Presolve modified 61 coefficients.
Aggregator did 8 substitutions.
Reduced MIP has 1519 rows, 2161 columns, and 40549 nonzeros.
Reduced MIP has 2161 binaries, 0 generals, 0 SOSs, and 0 indicators.
Presolve time = 0.08 sec. (85.00 ticks)
Probing time = 0.01 sec. (9.56 ticks)
Tried aggregator 1 time.
Detecting symmetries...
MIP Presolve modified 11 coefficients.
Reduced MIP has 1519 rows, 2161 columns, and 40726 nonzeros.
Reduced MIP has 2161 binaries, 0 generals, 0 SOSs, and 0 indicators.
Presolve time = 0.04 sec. (59.60 ticks)
Probing time = 0.01 sec. (9.57 ticks)
Clique table members: 1080.
MIP emphasis: balance optimality and feasibility.
MIP search method: dynamic search.
Parallel mode: none, using 1 thread.
Root relaxation solution time = 0.04 sec. (44.92 ticks)

        Nodes                                         Cuts/
   Node  Left     Objective  IInf  Best Integer    Best Bound    ItCnt     Gap

*     0+    0                          181.0000    19900.0000              --- 
      0     0      189.9503   305      181.0000      189.9503      881    4.94%
      0     0      182.0479   263      181.0000      Fract: 1     1061    0.58%
      0     0        cutoff            181.0000                   1062     --- 
Elapsed time = 0.44 sec. (419.10 ticks, tree = 0.01 MB, solutions = 1)

Gomory fractional cuts applied:  1

Root node processing (before b&c):
  Real time             =    0.44 sec. (419.32 ticks)
Sequential b&c:
  Real time             =    0.00 sec. (0.00 ticks)
                          ------------
Total (root+branch&cut) =    0.44 sec. (419.32 ticks)
Primal:	181
Dual:	181
Status:	Optimal
Time:	0.47
Sequence:
	11
	9
	1
	4
	1
	9
	1
	4
	5
	0
	11
	9
	1
	4
	1
	2
	6
	9
	11
	9
	1
	2
	1
	9
	5
	4
	1
	2
	1
	9
	1
	4
	10
	0
	6
	4
	1
	2
	1
	4
	1
	4
	1
	0
	5
	4
	1
	0
	5
	9
	1
	9
	1
	9
	11
	9
	1
	0
	6
	4
	1
	9
	1
	0
	6
	4
	11
	0
	5
	4
	1
	9
	5
	9
	1
	0
	11
	9
	1
	0
	1
	9
	5
	9
	5
	9
	1
	0
	6
	9
	5
	9
	5
	9
	5
	9
	1
	9
	6
	9
	5
	9
	5
	9
	1
	9
	6
	9
	5
	9
	1
	9
	5
	9
	5
	9
	6
	9
	5
	9
	1
	9
	5
	9
	5
	9
	1
	9
	6
	9
	5
	9
	5
	9
	1
	9
	5
	9
	5
	9
	6
	9
	1
	9
	5
	9
	1
	9
	5
	9
	1
	9
	6
	9
	1
	9
	5
	9
	1
	9
	6
	9
	5
	9
	1
	9
	5
	9
	6
	9
	1
	9
	1
	9
	6
	9
	1
	9
	1
	9
	5
