Version identifier: 22.1.0.0 | 2022-03-09 | 1a383f8ce
CPXPARAM_Threads                                 1
CPXPARAM_MIP_Strategy_VariableSelect             3
CPXPARAM_TimeLimit                               600
Tried aggregator 1 time.
MIP Presolve eliminated 3 rows and 432 columns.
Reduced MIP has 1017 rows, 3024 columns, and 12740 nonzeros.
Reduced MIP has 2306 binaries, 718 generals, 0 SOSs, and 0 indicators.
Presolve time = 0.01 sec. (6.02 ticks)
Found incumbent of value 7.5104877e+74 after 0.02 sec. (15.17 ticks)
Probing time = 0.00 sec. (2.66 ticks)
Cover probing fixed 0 vars, tightened 1 bounds.
Tried aggregator 1 time.
Detecting symmetries...
Reduced MIP has 1017 rows, 3024 columns, and 12740 nonzeros.
Reduced MIP has 2307 binaries, 717 generals, 0 SOSs, and 0 indicators.
Presolve time = 0.01 sec. (7.89 ticks)
Probing time = 0.00 sec. (2.66 ticks)
Clique table members: 216.
MIP emphasis: balance optimality and feasibility.
MIP search method: dynamic search.
Parallel mode: none, using 1 thread.
Root relaxation solution time = 0.02 sec. (12.38 ticks)

        Nodes                                         Cuts/
   Node  Left     Objective  IInf  Best Integer    Best Bound    ItCnt     Gap

*     0+    0                       7.51049e+74        0.0000           100.00%
      0     0        0.0000   227   7.51049e+74        0.0000      346  100.00%
*     0+    0                            0.0000        0.0000             0.00%
      0     0        cutoff              0.0000        0.0000      346    0.00%
Elapsed time = 0.12 sec. (90.00 ticks, tree = 0.01 MB, solutions = 2)

Root node processing (before b&c):
  Real time             =    0.12 sec. (90.13 ticks)
Sequential b&c:
  Real time             =    0.00 sec. (0.00 ticks)
                          ------------
Total (root+branch&cut) =    0.12 sec. (90.13 ticks)
Violation-free sequence bound:	144
Unscheduled:	0
Status:	Optimal
Time:	0.13
Sequence:
	6
	2
	9
	4
	6
	9
	5
	9
	6
	9
	4
	9
	6
	4
	9
	9
	4
	6
	9
	4
	9
	6
	9
	9
	4
	6
	9
	4
	9
	6
	4
	9
	9
	9
	9
	9
	9
	6
	9
	9
	9
	9
	9
	9
	9
	9
	6
	9
	9
	9
	11
	9
	9
	6
	9
	2
	9
	6
	2
	9
	9
	9
	11
	0
	1
	4
	6
	0
	1
	4
	6
	0
	5
	9
	11
	9
	6
	9
	4
	9
	9
	9
	6
	4
	1
	8
	6
	9
	4
	9
	6
	2
	11
	9
	2
	9
	9
	2
	6
	9
	5
	4
	9
	11
	9
	1
	9
	4
	6
	2
	5
	9
	9
	6
	2
	4
	5
	9
	6
	4
	11
	0
	6
	9
	8
	9
	9
	9
	2
	9
	6
	9
	11
	9
	6
	4
	9
	9
	6
	9
	4
	5
	2
	6
Violation-free sequence:
	6
	2
	9
	4
	6
	9
	5
	9
	6
	9
	4
	9
	6
	4
	9
	9
	4
	6
	9
	4
	9
	6
	9
	9
	4
	6
	9
	4
	9
	6
	4
	9
	9
	9
	9
	9
	9
	6
	9
	9
	9
	9
	9
	9
	9
	9
	6
	9
	9
	9
	11
	9
	9
	6
	9
	2
	9
	6
	2
	9
	9
	9
	11
	0
	1
	4
	6
	0
	1
	4
	6
	0
	5
	9
	11
	9
	6
	9
	4
	9
	9
	9
	6
	4
	1
	8
	6
	9
	4
	9
	6
	2
	11
	9
	2
	9
	9
	2
	6
	9
	5
	4
	9
	11
	9
	1
	9
	4
	6
	2
	5
	9
	9
	6
	2
	4
	5
	9
	6
	4
	11
	0
	6
	9
	8
	9
	9
	9
	2
	9
	6
	9
	11
	9
	6
	4
	9
	9
	6
	9
	4
	5
	2
	6
