Version identifier: 22.1.0.0 | 2022-03-09 | 1a383f8ce
CPXPARAM_Threads                                 1
CPXPARAM_MIP_Strategy_VariableSelect             3
CPXPARAM_TimeLimit                               600
Tried aggregator 1 time.
MIP Presolve eliminated 223 rows and 1100 columns.
Reduced MIP has 1329 rows, 4180 columns, and 19495 nonzeros.
Reduced MIP has 3300 binaries, 880 generals, 0 SOSs, and 0 indicators.
Presolve time = 0.01 sec. (9.31 ticks)
Found incumbent of value 6.7849821e+74 after 0.03 sec. (22.87 ticks)
Probing fixed 0 vars, tightened 2 bounds.
Probing time = 0.01 sec. (3.96 ticks)
Tried aggregator 1 time.
Detecting symmetries...
Reduced MIP has 1329 rows, 4180 columns, and 19495 nonzeros.
Reduced MIP has 3301 binaries, 879 generals, 0 SOSs, and 0 indicators.
Presolve time = 0.01 sec. (12.59 ticks)
Probing time = 0.00 sec. (2.95 ticks)
Cover probing fixed 0 vars, tightened 1 bounds.
Clique table members: 252.
MIP emphasis: balance optimality and feasibility.
MIP search method: dynamic search.
Parallel mode: none, using 1 thread.
Root relaxation solution time = 0.03 sec. (19.92 ticks)

        Nodes                                         Cuts/
   Node  Left     Objective  IInf  Best Integer    Best Bound    ItCnt     Gap

*     0+    0                       6.78498e+74        0.0000           100.00%
      0     0        0.0000   267   6.78498e+74        0.0000      670  100.00%
*     0+    0                            0.0000        0.0000             0.00%
      0     0        cutoff              0.0000        0.0000      670    0.00%
Elapsed time = 0.19 sec. (138.03 ticks, tree = 0.01 MB, solutions = 2)

Root node processing (before b&c):
  Real time             =    0.19 sec. (138.22 ticks)
Sequential b&c:
  Real time             =    0.00 sec. (0.00 ticks)
                          ------------
Total (root+branch&cut) =    0.19 sec. (138.22 ticks)
Violation-free sequence bound:	220
Unscheduled:	0
Status:	Optimal
Time:	0.2
Sequence:
	9
	9
	4
	9
	9
	9
	9
	9
	4
	4
	9
	4
	4
	9
	4
	9
	4
	4
	9
	4
	9
	5
	9
	4
	4
	9
	7
	9
	1
	9
	9
	9
	7
	9
	9
	1
	9
	9
	1
	9
	7
	9
	5
	9
	9
	9
	5
	9
	9
	9
	9
	9
	9
	9
	9
	9
	9
	1
	9
	9
	9
	9
	9
	9
	7
	9
	9
	9
	9
	9
	9
	9
	7
	4
	1
	4
	9
	5
	2
	5
	9
	7
	0
	5
	9
	5
	4
	1
	4
	5
	0
	9
	7
	4
	1
	4
	4
	1
	4
	1
	4
	4
	1
	2
	1
	9
	1
	9
	1
	9
	3
	9
	4
	1
	4
	2
	5
	4
	9
	5
	0
	7
	4
	0
	1
	9
	5
	4
	3
	9
	5
	8
	9
	1
	4
	3
	4
	5
	9
	5
	0
	7
	4
	1
	8
	5
	9
	4
	1
	4
	1
	4
	9
	7
	8
	1
	4
	8
	1
	9
	1
	4
	7
	0
	5
	9
	5
	0
	3
	9
	1
	9
	5
	4
	1
	9
	0
	1
	4
	1
	4
	7
	0
	5
	9
	5
	0
	7
	9
	1
	9
	9
	1
	0
	5
	9
	7
	4
	1
	4
	5
	9
	9
	7
	9
	5
	4
	1
	4
	1
	4
	1
	8
	7
	9
	5
	0
	4
	4
	3
Violation-free sequence:
	9
	9
	4
	9
	9
	9
	9
	9
	4
	4
	9
	4
	4
	9
	4
	9
	4
	4
	9
	4
	9
	5
	9
	4
	4
	9
	7
	9
	1
	9
	9
	9
	7
	9
	9
	1
	9
	9
	1
	9
	7
	9
	5
	9
	9
	9
	5
	9
	9
	9
	9
	9
	9
	9
	9
	9
	9
	1
	9
	9
	9
	9
	9
	9
	7
	9
	9
	9
	9
	9
	9
	9
	7
	4
	1
	4
	9
	5
	2
	5
	9
	7
	0
	5
	9
	5
	4
	1
	4
	5
	0
	9
	7
	4
	1
	4
	4
	1
	4
	1
	4
	4
	1
	2
	1
	9
	1
	9
	1
	9
	3
	9
	4
	1
	4
	2
	5
	4
	9
	5
	0
	7
	4
	0
	1
	9
	5
	4
	3
	9
	5
	8
	9
	1
	4
	3
	4
	5
	9
	5
	0
	7
	4
	1
	8
	5
	9
	4
	1
	4
	1
	4
	9
	7
	8
	1
	4
	8
	1
	9
	1
	4
	7
	0
	5
	9
	5
	0
	3
	9
	1
	9
	5
	4
	1
	9
	0
	1
	4
	1
	4
	7
	0
	5
	9
	5
	0
	7
	9
	1
	9
	9
	1
	0
	5
	9
	7
	4
	1
	4
	5
	9
	9
	7
	9
	5
	4
	1
	4
	1
	4
	1
	8
	7
	9
	5
	0
	4
	4
	3
