Version identifier: 22.1.0.0 | 2022-03-09 | 1a383f8ce
CPXPARAM_Threads                                 1
CPXPARAM_MIP_Strategy_VariableSelect             3
CPXPARAM_TimeLimit                               599.99995979599998
1 of 1 MIP starts provided solutions.
MIP start 'm1' defined initial solution with objective 300.0000.
Tried aggregator 1 time.
MIP Presolve eliminated 420 rows and 1612 columns.
MIP Presolve modified 137 coefficients.
Reduced MIP has 2414 rows, 3627 columns, and 106448 nonzeros.
Reduced MIP has 3627 binaries, 0 generals, 0 SOSs, and 0 indicators.
Presolve time = 0.11 sec. (206.46 ticks)
Probing time = 0.01 sec. (14.10 ticks)
Tried aggregator 1 time.
Detecting symmetries...
MIP Presolve modified 9 coefficients.
Reduced MIP has 2414 rows, 3627 columns, and 106559 nonzeros.
Reduced MIP has 3627 binaries, 0 generals, 0 SOSs, and 0 indicators.
Presolve time = 0.08 sec. (157.70 ticks)
Probing time = 0.01 sec. (14.11 ticks)
Clique table members: 1707.
MIP emphasis: balance optimality and feasibility.
MIP search method: dynamic search.
Parallel mode: none, using 1 thread.
Root relaxation solution time = 0.06 sec. (91.53 ticks)

        Nodes                                         Cuts/
   Node  Left     Objective  IInf  Best Integer    Best Bound    ItCnt     Gap

*     0+    0                          300.0000    81406.0000              --- 
      0     0      403.0000    28      300.0000      403.0000      812   34.33%
*     0+    0                          403.0000      403.0000             0.00%
      0     0        cutoff            403.0000      403.0000      812    0.00%
Elapsed time = 0.40 sec. (613.67 ticks, tree = 0.01 MB, solutions = 2)

Root node processing (before b&c):
  Real time             =    0.40 sec. (614.20 ticks)
Sequential b&c:
  Real time             =    0.00 sec. (0.00 ticks)
                          ------------
Total (root+branch&cut) =    0.40 sec. (614.20 ticks)
Primal:	403
Dual:	403
Status:	Optimal
Time:	0.43
Sequence:
	0
	3
	9
	1
	0
	5
	9
	5
	9
	5
	0
	5
	9
	9
	9
	5
	9
	5
	0
	5
	9
	5
	0
	9
	5
	9
	3
	0
	9
	9
	9
	9
	4
	9
	4
	1
	9
	1
	9
	9
	9
	5
	8
	9
	4
	4
	9
	1
	9
	9
	4
	4
	9
	9
	8
	9
	1
	0
	9
	5
	9
	9
	9
	9
	9
	1
	9
	1
	9
	9
	9
	5
	0
	9
	9
	9
	9
	4
	9
	1
	9
	1
	9
	9
	1
	9
	1
	9
	1
	0
	9
	9
	9
	9
	1
	9
	1
	4
	1
	0
	1
	4
	1
	0
	4
	1
	4
	0
	4
	9
	5
	0
	4
	4
	0
	5
	9
	5
	0
	3
	4
	4
	9
	5
	4
	0
	4
	9
	4
	0
	1
	4
	1
	4
	4
	1
	4
	0
	5
	4
	0
	1
	4
	5
	9
	4
	1
	4
	5
	9
	4
	1
	0
	9
	9
	9
	9
	9
	0
	1
	9
	9
	0
	5
	9
	9
	1
	0
	1
	9
	0
	9
	1
	9
	1
	0
	5
	4
	1
	9
	9
	1
	0
	1
	4
	1
	0
	9
	1
	0
	5
	9
	1
	0
	1
	9
	1
	9
	9
	0
	1
	9
	9
	4
	5
	0
	1
	9
	9
	1
	9
	9
	9
	1
	9
	9
	5
	0
	5
	9
	9
	9
	9
	9
	9
	9
	1
	9
	9
	9
	0
	9
	9
	9
	5
	4
	9
	5
	9
	9
	1
	9
	9
	0
	1
	4
	9
	9
	9
	2
	9
	9
	1
	0
	9
	9
	0
	9
	9
	2
	4
	5
	9
	0
	4
	5
	9
	5
	4
	1
	0
	5
	9
	5
	2
	9
	5
	0
	9
	1
	0
	5
	9
	3
	0
	4
	4
	0
	9
	9
	9
	5
	4
	3
	0
	9
	4
	4
	1
	4
	0
	4
	9
	4
	4
	3
	9
	9
	5
	9
	9
	9
	4
	1
	4
	9
	9
	5
	0
	5
	9
	5
	4
	9
	5
	9
	9
	5
	9
	9
	0
	9
	1
	0
	9
	1
	9
	9
	0
	9
	9
	9
	5
	9
	9
	9
	0
	1
	4
	4
	1
	9
	4
	4
	9
	4
	4
	1
	4
	0
	4
	4
	9
	4
	4
	1
	4
	4
	9
	4
	9
	4
	4
	9
	4
	9
	4
	9
	4
	4
	9
	4
	4
	1
	4
	1
	4
	4
	1
	4
	1
	4
	1
	0
	9
	4
	3
	9
	9
	0
	4
	1
	9
