Version identifier: 22.1.0.0 | 2022-03-09 | 1a383f8ce
CPXPARAM_Threads                                 1
CPXPARAM_MIP_Strategy_VariableSelect             3
CPXPARAM_TimeLimit                               599.99994910700002
1 of 1 MIP starts provided solutions.
MIP start 'm1' defined initial solution with objective 336.0000.
Tried aggregator 1 time.
MIP Presolve eliminated 19 rows and 1143 columns.
MIP Presolve modified 153 coefficients.
Reduced MIP has 2661 rows, 3810 columns, and 106702 nonzeros.
Reduced MIP has 3810 binaries, 0 generals, 0 SOSs, and 0 indicators.
Presolve time = 0.13 sec. (207.90 ticks)
Probing time = 0.02 sec. (15.79 ticks)
Tried aggregator 1 time.
Detecting symmetries...
MIP Presolve modified 11 coefficients.
Reduced MIP has 2661 rows, 3810 columns, and 106833 nonzeros.
Reduced MIP has 3810 binaries, 0 generals, 0 SOSs, and 0 indicators.
Presolve time = 0.09 sec. (159.96 ticks)
Probing time = 0.02 sec. (15.80 ticks)
Clique table members: 2031.
MIP emphasis: balance optimality and feasibility.
MIP search method: dynamic search.
Parallel mode: none, using 1 thread.
Root relaxation solution time = 0.04 sec. (57.67 ticks)

        Nodes                                         Cuts/
   Node  Left     Objective  IInf  Best Integer    Best Bound    ItCnt     Gap

*     0+    0                          336.0000    72771.0000              --- 
      0     0      381.0000    62      336.0000      381.0000      638   13.39%
*     0+    0                          381.0000      381.0000             0.00%
      0     0        cutoff            381.0000      381.0000      638    0.00%
Elapsed time = 0.48 sec. (676.85 ticks, tree = 0.01 MB, solutions = 2)

Root node processing (before b&c):
  Real time             =    0.48 sec. (677.38 ticks)
Sequential b&c:
  Real time             =    0.00 sec. (0.00 ticks)
                          ------------
Total (root+branch&cut) =    0.48 sec. (677.38 ticks)
Primal:	381
Dual:	381
Status:	Optimal
Time:	0.51
Sequence:
	4
	9
	4
	10
	4
	4
	9
	4
	9
	4
	10
	4
	10
	9
	10
	9
	10
	9
	9
	10
	9
	6
	0
	1
	4
	4
	9
	4
	10
	4
	10
	4
	9
	4
	10
	4
	9
	4
	4
	10
	4
	4
	9
	4
	9
	4
	9
	9
	9
	10
	4
	9
	10
	9
	9
	1
	0
	1
	4
	10
	0
	7
	9
	10
	9
	9
	9
	10
	9
	10
	9
	9
	3
	9
	9
	9
	9
	9
	10
	4
	4
	9
	4
	9
	4
	4
	9
	4
	4
	9
	4
	9
	4
	10
	4
	10
	4
	1
	4
	0
	4
	10
	9
	4
	0
	4
	6
	0
	1
	4
	4
	10
	0
	6
	4
	10
	4
	10
	4
	10
	9
	4
	4
	9
	0
	7
	4
	0
	4
	4
	0
	4
	4
	10
	4
	0
	4
	7
	0
	5
	4
	10
	0
	4
	9
	4
	10
	4
	10
	4
	4
	10
	4
	10
	4
	4
	9
	4
	4
	1
	4
	4
	10
	4
	9
	4
	0
	4
	4
	10
	4
	4
	9
	4
	4
	10
	4
	10
	4
	4
	9
	4
	4
	9
	4
	4
	1
	4
	4
	10
	4
	9
	4
	7
	9
	0
	9
	10
	9
	10
	9
	1
	4
	9
	9
	4
	9
	4
	4
	9
	1
	4
	4
	0
	4
	9
	9
	10
	9
	9
	9
	9
	9
	9
	9
	9
	9
	1
	9
	9
	9
	9
	9
	9
	9
	4
	9
	9
	10
	0
	9
	1
	9
	6
	9
	1
	4
	1
	4
	1
	9
	6
	0
	10
	9
	10
	9
	7
	9
	9
	0
	1
	9
	0
	9
	7
	0
	1
	9
	0
	9
	9
	10
	9
	9
	10
	4
	10
	0
	10
	9
	9
	9
	9
	10
	9
	9
	4
	9
	9
	4
	4
	1
	4
	9
	9
	9
	9
	4
	10
	4
	4
	9
	9
	1
	9
	10
	4
	4
	10
	9
	9
	10
	9
	9
	4
	4
	9
	9
	1
	9
	1
	4
	1
	4
	1
	0
	1
	9
	1
	9
	1
	9
	9
	1
	9
	7
	0
	9
	6
	9
	1
	4
	9
	7
	9
	1
	0
	1
	9
	9
	10
	4
	4
	9
	9
	1
	4
	1
	9
	1
	4
	9
	1
	4
	9
	4
	9
	6
	4
	10
	9
	4
	10
	4
	9
	9
	9
	6
	4
	3
