Version identifier: 22.1.0.0 | 2022-03-09 | 1a383f8ce
CPXPARAM_Threads                                 1
CPXPARAM_MIP_Strategy_VariableSelect             3
CPXPARAM_TimeLimit                               599.99994405100006
1 of 1 MIP starts provided solutions.
MIP start 'm1' defined initial solution with objective 292.0000.
Tried aggregator 1 time.
MIP Presolve eliminated 350 rows and 1340 columns.
MIP Presolve modified 149 coefficients.
Reduced MIP has 2008 rows, 3015 columns, and 77497 nonzeros.
Reduced MIP has 3015 binaries, 0 generals, 0 SOSs, and 0 indicators.
Presolve time = 0.10 sec. (157.19 ticks)
Probing time = 0.01 sec. (12.70 ticks)
Tried aggregator 1 time.
Detecting symmetries...
MIP Presolve modified 9 coefficients.
Reduced MIP has 2008 rows, 3015 columns, and 77620 nonzeros.
Reduced MIP has 3015 binaries, 0 generals, 0 SOSs, and 0 indicators.
Presolve time = 0.07 sec. (116.98 ticks)
Probing time = 0.01 sec. (12.71 ticks)
Clique table members: 1445.
MIP emphasis: balance optimality and feasibility.
MIP search method: dynamic search.
Parallel mode: none, using 1 thread.
Root relaxation solution time = 0.04 sec. (47.82 ticks)

        Nodes                                         Cuts/
   Node  Left     Objective  IInf  Best Integer    Best Bound    ItCnt     Gap

*     0+    0                          292.0000    56280.0000              --- 
*     0     0      integral     0      335.0000      335.0000      566    0.00%
Elapsed time = 0.29 sec. (399.00 ticks, tree = 0.00 MB, solutions = 2)

Root node processing (before b&c):
  Real time             =    0.29 sec. (399.41 ticks)
Sequential b&c:
  Real time             =    0.00 sec. (0.00 ticks)
                          ------------
Total (root+branch&cut) =    0.29 sec. (399.41 ticks)
Primal:	335
Dual:	335
Status:	Optimal
Time:	0.32
Sequence:
	0
	4
	4
	9
	4
	4
	9
	4
	9
	4
	4
	0
	4
	9
	10
	4
	9
	4
	4
	9
	4
	4
	1
	4
	4
	9
	4
	4
	9
	4
	4
	9
	4
	4
	1
	4
	9
	4
	4
	1
	4
	4
	9
	9
	9
	10
	9
	9
	9
	9
	9
	9
	9
	4
	9
	9
	6
	9
	9
	9
	9
	9
	9
	9
	6
	4
	9
	4
	4
	1
	4
	6
	2
	4
	10
	9
	10
	9
	6
	4
	10
	9
	9
	9
	1
	4
	0
	4
	1
	0
	4
	10
	4
	4
	0
	1
	4
	10
	0
	1
	4
	10
	0
	4
	4
	1
	4
	0
	9
	1
	4
	1
	4
	2
	1
	4
	5
	0
	1
	4
	4
	0
	1
	4
	0
	4
	9
	4
	2
	4
	4
	1
	4
	4
	10
	4
	4
	9
	4
	9
	4
	4
	10
	4
	4
	10
	4
	1
	4
	9
	4
	4
	9
	4
	1
	4
	4
	10
	4
	4
	9
	4
	4
	9
	1
	4
	4
	9
	9
	1
	4
	0
	9
	9
	9
	1
	9
	9
	5
	9
	6
	9
	9
	9
	1
	9
	9
	9
	6
	9
	0
	9
	9
	0
	4
	9
	0
	9
	9
	0
	1
	9
	0
	1
	9
	0
	9
	10
	0
	10
	9
	10
	0
	10
	9
	5
	0
	4
	10
	0
	4
	10
	0
	4
	6
	0
	1
	4
	4
	0
	1
	9
	0
	9
	4
	4
	0
	1
	4
	1
	4
	1
	0
	1
	4
	1
	4
	4
	1
	0
	1
	4
	4
	10
	4
	4
	1
	4
	1
	4
	1
	4
	1
	4
	1
	4
	1
	4
	1
	4
	1
	4
	1
	4
	1
	4
	4
	9
	4
	4
	9
	4
	9
	4
	4
	9
	9
	4
	4
	9
	4
	4
	9
	4
	4
	9
	4
	1
	4
	9
	1
	9
	9
	9
	10
	9
	4
	9
	9
	9
	9
	10
	9
	9
	4
	0
	9
	1
	0
	9
	9
	9
	0
	4
	9
	6
	9
	1
	9
	9
	1
	4
	1
	4
	10
