Version identifier: 22.1.0.0 | 2022-03-09 | 1a383f8ce
CPXPARAM_Threads                                 1
CPXPARAM_MIP_Strategy_VariableSelect             3
CPXPARAM_TimeLimit                               599.99995148400001
1 of 1 MIP starts provided solutions.
MIP start 'm1' defined initial solution with objective 254.0000.
Tried aggregator 1 time.
MIP Presolve eliminated 19 rows and 987 columns.
MIP Presolve modified 162 coefficients.
Reduced MIP has 2297 rows, 3290 columns, and 79719 nonzeros.
Reduced MIP has 3290 binaries, 0 generals, 0 SOSs, and 0 indicators.
Presolve time = 0.08 sec. (163.14 ticks)
Probing time = 0.01 sec. (12.84 ticks)
Tried aggregator 1 time.
Detecting symmetries...
MIP Presolve modified 11 coefficients.
Reduced MIP has 2297 rows, 3290 columns, and 79858 nonzeros.
Reduced MIP has 3290 binaries, 0 generals, 0 SOSs, and 0 indicators.
Presolve time = 0.06 sec. (121.91 ticks)
Probing time = 0.01 sec. (12.84 ticks)
Clique table members: 1742.
MIP emphasis: balance optimality and feasibility.
MIP search method: dynamic search.
Parallel mode: none, using 1 thread.
Root relaxation solution time = 0.04 sec. (54.75 ticks)

        Nodes                                         Cuts/
   Node  Left     Objective  IInf  Best Integer    Best Bound    ItCnt     Gap

*     0+    0                          254.0000    54285.0000              --- 
      0     0      329.0000   129      254.0000      329.0000      680   29.53%
*     0+    0                          329.0000      329.0000             0.00%
      0     0        cutoff            329.0000      329.0000      680    0.00%
Elapsed time = 0.40 sec. (580.37 ticks, tree = 0.01 MB, solutions = 2)

Root node processing (before b&c):
  Real time             =    0.40 sec. (580.79 ticks)
Sequential b&c:
  Real time             =    0.00 sec. (0.00 ticks)
                          ------------
Total (root+branch&cut) =    0.40 sec. (580.79 ticks)
Primal:	329
Dual:	329
Status:	Optimal
Time:	0.43
Sequence:
	5
	0
	1
	4
	0
	9
	11
	9
	6
	9
	0
	9
	9
	9
	9
	9
	11
	9
	0
	4
	9
	9
	6
	2
	4
	9
	0
	4
	4
	9
	0
	11
	9
	1
	4
	9
	1
	0
	9
	6
	0
	4
	9
	1
	4
	9
	6
	2
	9
	9
	9
	9
	9
	9
	9
	9
	1
	0
	5
	9
	4
	9
	9
	9
	0
	9
	9
	9
	2
	9
	9
	9
	0
	4
	5
	0
	4
	5
	0
	5
	9
	5
	0
	1
	4
	0
	4
	4
	9
	0
	4
	4
	1
	0
	4
	9
	6
	0
	4
	4
	11
	4
	0
	4
	1
	4
	2
	6
	4
	1
	0
	4
	4
	11
	4
	0
	1
	4
	0
	6
	4
	0
	11
	4
	4
	0
	4
	1
	4
	0
	4
	9
	0
	11
	9
	5
	2
	4
	9
	11
	4
	4
	0
	1
	4
	1
	9
	0
	4
	9
	0
	9
	9
	0
	9
	4
	0
	9
	9
	0
	9
	4
	0
	4
	1
	0
	9
	1
	0
	9
	4
	9
	0
	1
	9
	9
	9
	0
	1
	9
	0
	9
	6
	4
	9
	0
	6
	9
	0
	9
	1
	0
	9
	6
	0
	5
	9
	11
	9
	6
	0
	5
	9
	0
	11
	4
	9
	6
	0
	4
	5
	0
	4
	5
	0
	4
	1
	0
	4
	5
	0
	5
	9
	5
	9
	6
	0
	1
	4
	4
	1
	4
	0
	1
	4
	9
	4
	4
	0
	9
	6
	9
	0
	4
	6
	0
	4
	9
	6
	9
	11
	4
	8
	9
	9
	4
	9
	4
	4
	0
	4
	9
	4
	4
	9
	4
	4
	9
	4
	4
	9
	4
	4
	0
	4
	4
	9
	9
	9
	4
	4
	9
	4
	4
	0
	4
	9
	4
	9
	9
	4
	9
	9
	0
	9
	9
	1
	9
	0
	9
	9
	0
	6
	9
	4
	0
	9
	1
	0
	1
	9
	0
	1
	9
	1
	9
	1
	0
	4
	5
	9
	5
	9
	5
	0
	4
	5
	0
	4
