Version identifier: 22.1.0.0 | 2022-03-09 | 1a383f8ce
CPXPARAM_Threads                                 1
CPXPARAM_MIP_Strategy_VariableSelect             3
CPXPARAM_TimeLimit                               599.99995855899999
1 of 1 MIP starts provided solutions.
MIP start 'm1' defined initial solution with objective 103.0000.
Tried aggregator 1 time.
MIP Presolve eliminated 321 rows and 465 columns.
MIP Presolve modified 50 coefficients.
Reduced MIP has 777 rows, 1550 columns, and 22894 nonzeros.
Reduced MIP has 1550 binaries, 0 generals, 0 SOSs, and 0 indicators.
Presolve time = 0.03 sec. (40.52 ticks)
Probing time = 0.01 sec. (7.56 ticks)
Tried aggregator 1 time.
Detecting symmetries...
MIP Presolve modified 8 coefficients.
Reduced MIP has 777 rows, 1550 columns, and 23094 nonzeros.
Reduced MIP has 1550 binaries, 0 generals, 0 SOSs, and 0 indicators.
Presolve time = 0.02 sec. (29.12 ticks)
Probing time = 0.01 sec. (7.58 ticks)
Clique table members: 542.
MIP emphasis: balance optimality and feasibility.
MIP search method: dynamic search.
Parallel mode: none, using 1 thread.
Root relaxation solution time = 0.03 sec. (35.05 ticks)

        Nodes                                         Cuts/
   Node  Left     Objective  IInf  Best Integer    Best Bound    ItCnt     Gap

*     0+    0                          103.0000    12090.0000              --- 
      0     0      155.0000    54      103.0000      155.0000      621   50.49%
*     0+    0                          155.0000      155.0000             0.00%
      0     0        cutoff            155.0000      155.0000      621    0.00%
Elapsed time = 0.17 sec. (162.85 ticks, tree = 0.01 MB, solutions = 2)

Root node processing (before b&c):
  Real time             =    0.17 sec. (163.01 ticks)
Sequential b&c:
  Real time             =    0.00 sec. (0.00 ticks)
                          ------------
Total (root+branch&cut) =    0.17 sec. (163.01 ticks)
Primal:	155
Dual:	155
Status:	Optimal
Time:	0.18
Sequence:
	0
	4
	5
	0
	5
	9
	5
	0
	5
	9
	5
	0
	9
	5
	0
	5
	9
	0
	5
	9
	0
	1
	9
	0
	5
	9
	2
	9
	5
	0
	5
	9
	0
	5
	9
	5
	0
	5
	9
	8
	1
	9
	0
	9
	5
	0
	5
	9
	0
	1
	9
	0
	4
	1
	0
	1
	4
	5
	0
	9
	9
	0
	9
	9
	0
	1
	9
	9
	5
	0
	9
	5
	0
	9
	9
	9
	0
	9
	9
	9
	0
	9
	1
	0
	5
	9
	0
	9
	9
	0
	9
	1
	0
	9
	9
	0
	5
	9
	0
	6
	9
	0
	9
	3
	0
	9
	5
	0
	5
	9
	5
	0
	9
	1
	0
	5
	9
	0
	1
	9
	1
	0
	9
	5
	9
	5
	0
	4
	5
	0
	5
	9
	5
	0
	9
	5
	0
	9
	5
	0
	1
	9
	0
	9
	5
	0
	1
	9
	1
	2
	1
	4
	5
	0
	9
