Version identifier: 22.1.0.0 | 2022-03-09 | 1a383f8ce
CPXPARAM_Threads                                 1
CPXPARAM_MIP_Strategy_VariableSelect             3
CPXPARAM_TimeLimit                               599.99996332199999
1 of 1 MIP starts provided solutions.
MIP start 'm1' defined initial solution with objective 324.0000.
Tried aggregator 1 time.
MIP Presolve eliminated 21 rows and 1855 columns.
MIP Presolve modified 151 coefficients.
Reduced MIP has 2589 rows, 2968 columns, and 92826 nonzeros.
Reduced MIP has 2968 binaries, 0 generals, 0 SOSs, and 0 indicators.
Presolve time = 0.11 sec. (184.51 ticks)
Probing time = 0.01 sec. (13.48 ticks)
Tried aggregator 1 time.
Detecting symmetries...
MIP Presolve modified 10 coefficients.
Reduced MIP has 2589 rows, 2968 columns, and 92941 nonzeros.
Reduced MIP has 2968 binaries, 0 generals, 0 SOSs, and 0 indicators.
Presolve time = 0.08 sec. (137.81 ticks)
Probing time = 0.01 sec. (13.48 ticks)
Clique table members: 1948.
MIP emphasis: balance optimality and feasibility.
MIP search method: dynamic search.
Parallel mode: none, using 1 thread.
Root relaxation solution time = 0.05 sec. (61.74 ticks)

        Nodes                                         Cuts/
   Node  Left     Objective  IInf  Best Integer    Best Bound    ItCnt     Gap

*     0+    0                          324.0000    69006.0000              --- 
      0     0      371.0000    28      324.0000      371.0000      544   14.51%
*     0+    0                          371.0000      371.0000             0.00%
      0     0        cutoff            371.0000      371.0000      544    0.00%
Elapsed time = 0.38 sec. (520.93 ticks, tree = 0.01 MB, solutions = 2)

Root node processing (before b&c):
  Real time             =    0.38 sec. (521.41 ticks)
Sequential b&c:
  Real time             =    0.00 sec. (0.00 ticks)
                          ------------
Total (root+branch&cut) =    0.38 sec. (521.41 ticks)
Primal:	371
Dual:	371
Status:	Optimal
Time:	0.41
Sequence:
	9
	0
	9
	9
	5
	9
	9
	1
	9
	9
	9
	11
	9
	9
	9
	4
	9
	5
	9
	5
	9
	5
	9
	5
	4
	9
	5
	4
	0
	4
	9
	4
	9
	9
	4
	9
	9
	4
	4
	9
	9
	9
	9
	9
	9
	9
	9
	9
	9
	9
	9
	9
	4
	9
	9
	1
	9
	9
	11
	4
	4
	9
	9
	9
	9
	4
	9
	9
	9
	11
	9
	9
	9
	0
	9
	9
	11
	9
	4
	9
	9
	9
	9
	1
	9
	9
	4
	9
	9
	9
	4
	6
	9
	4
	4
	0
	4
	9
	0
	9
	4
	0
	9
	4
	0
	4
	4
	0
	9
	9
	0
	9
	9
	11
	9
	0
	9
	9
	1
	0
	9
	1
	4
	9
	9
	4
	9
	0
	4
	5
	9
	0
	9
	9
	0
	9
	5
	9
	9
	0
	6
	9
	4
	9
	6
	9
	4
	9
	4
	6
	9
	5
	4
	9
	4
	4
	0
	4
	4
	9
	4
	4
	9
	4
	4
	0
	4
	9
	5
	9
	4
	0
	4
	9
	4
	4
	9
	4
	4
	1
	4
	9
	4
	4
	9
	4
	4
	9
	1
	4
	4
	9
	4
	9
	5
	4
	9
	4
	4
	0
	5
	9
	9
	9
	9
	9
	9
	9
	9
	9
	0
	4
	6
	0
	9
	9
	9
	9
	9
	0
	4
	4
	9
	4
	9
	4
	9
	4
	9
	4
	4
	0
	4
	4
	0
	4
	4
	0
	9
	11
	9
	0
	4
	5
	9
	9
	0
	1
	9
	0
	9
	4
	9
	4
	0
	5
	4
	0
	4
	9
	9
	0
	4
	9
	0
	4
	9
	0
	9
	6
	9
	9
	4
	0
	4
	4
	0
	4
	4
	0
	6
	4
	0
	9
	5
	9
	9
	9
	9
	4
	4
	9
	5
	9
	4
	5
	0
	4
	11
	4
	4
	9
	4
	0
	4
	4
	9
	9
	9
	5
	9
	5
	9
	9
	6
	9
	0
	9
	9
	9
	9
	9
	9
	9
	9
	9
	9
	9
	9
	9
	9
	6
	4
	0
	4
	4
	9
	9
	9
	9
	9
	9
	9
	9
	9
	9
	9
	0
	9
	9
	0
	4
	1
	4
	9
	4
	9
	4
	9
	4
	4
	9
	5
	4
	11
	4
	4
	0
	9
	6
	4
