Version identifier: 22.1.0.0 | 2022-03-09 | 1a383f8ce
CPXPARAM_Threads                                 1
CPXPARAM_MIP_Strategy_VariableSelect             3
CPXPARAM_TimeLimit                               599.99995734799995
1 of 1 MIP starts provided solutions.
MIP start 'm1' defined initial solution with objective 263.0000.
Tried aggregator 1 time.
MIP Presolve eliminated 18 rows and 752 columns.
MIP Presolve modified 151 coefficients.
Reduced MIP has 2627 rows, 4136 columns, and 105114 nonzeros.
Reduced MIP has 4136 binaries, 0 generals, 0 SOSs, and 0 indicators.
Presolve time = 0.12 sec. (204.34 ticks)
Probing time = 0.02 sec. (15.51 ticks)
Tried aggregator 1 time.
Detecting symmetries...
MIP Presolve modified 11 coefficients.
Reduced MIP has 2627 rows, 4136 columns, and 105245 nonzeros.
Reduced MIP has 4136 binaries, 0 generals, 0 SOSs, and 0 indicators.
Presolve time = 0.09 sec. (158.14 ticks)
Probing time = 0.02 sec. (15.52 ticks)
Clique table members: 2005.
MIP emphasis: balance optimality and feasibility.
MIP search method: dynamic search.
Parallel mode: none, using 1 thread.
Root relaxation solution time = 0.06 sec. (80.16 ticks)

        Nodes                                         Cuts/
   Node  Left     Objective  IInf  Best Integer    Best Bound    ItCnt     Gap

*     0+    0                          263.0000    70876.0000              --- 
      0     0      376.0000    44      263.0000      376.0000      691   42.97%
*     0+    0                          376.0000      376.0000             0.00%
      0     0        cutoff            376.0000      376.0000      691    0.00%
Elapsed time = 0.39 sec. (555.15 ticks, tree = 0.01 MB, solutions = 2)

Root node processing (before b&c):
  Real time             =    0.39 sec. (555.68 ticks)
Sequential b&c:
  Real time             =    0.00 sec. (0.00 ticks)
                          ------------
Total (root+branch&cut) =    0.39 sec. (555.68 ticks)
Primal:	376
Dual:	376
Status:	Optimal
Time:	0.42
Sequence:
	0
	4
	6
	9
	2
	9
	9
	5
	9
	0
	6
	9
	1
	9
	4
	6
	9
	10
	0
	9
	9
	6
	9
	9
	9
	6
	4
	9
	9
	6
	9
	9
	9
	6
	9
	9
	9
	6
	9
	9
	9
	6
	9
	9
	9
	6
	9
	1
	9
	9
	9
	6
	9
	9
	9
	6
	9
	9
	9
	6
	9
	9
	2
	6
	9
	5
	9
	6
	9
	9
	9
	6
	9
	9
	9
	9
	9
	6
	9
	9
	9
	6
	9
	9
	9
	9
	9
	4
	9
	9
	6
	9
	9
	9
	6
	4
	9
	4
	6
	0
	4
	5
	9
	0
	4
	9
	6
	0
	4
	4
	9
	4
	0
	4
	4
	0
	4
	11
	4
	1
	4
	4
	1
	4
	5
	2
	5
	9
	4
	4
	11
	4
	0
	6
	4
	0
	4
	9
	11
	9
	1
	9
	9
	6
	9
	5
	9
	5
	9
	10
	9
	10
	9
	9
	9
	6
	9
	0
	10
	9
	10
	9
	1
	9
	1
	0
	1
	9
	5
	0
	9
	6
	9
	9
	0
	6
	9
	4
	9
	9
	9
	9
	9
	1
	4
	4
	9
	6
	0
	4
	9
	9
	9
	9
	9
	4
	9
	4
	4
	9
	4
	9
	4
	9
	4
	9
	9
	9
	9
	9
	9
	4
	9
	9
	1
	9
	0
	9
	6
	9
	0
	10
	4
	0
	6
	9
	9
	9
	6
	9
	9
	0
	6
	9
	1
	0
	9
	6
	0
	1
	9
	6
	0
	1
	9
	6
	0
	1
	9
	2
	6
	9
	1
	0
	10
	9
	6
	0
	10
	9
	5
	0
	6
	9
	5
	9
	10
	9
	0
	5
	9
	5
	4
	0
	4
	9
	4
	5
	9
	6
	9
	4
	9
	4
	9
	6
	9
	5
	4
	9
	6
	9
	5
	9
	9
	6
	9
	5
	9
	4
	9
	6
	9
	9
	9
	5
	9
	5
	9
	5
	9
	5
	0
	5
	9
	5
	9
	5
	4
	9
	5
	9
	9
	9
	6
	9
	9
	9
	9
	9
	9
	9
	6
	9
	9
	5
	9
	9
	6
	9
	5
	9
	11
	9
	9
	9
	10
	9
	6
	9
	5
	9
	5
	9
	6
	9
	5
	0
	3
	4
	5
	9
	5
	9
	9
	6
	9
	9
	11
	0
	9
	5
	0
	4
	6
	9
