Version identifier: 22.1.0.0 | 2022-03-09 | 1a383f8ce
CPXPARAM_Threads                                 1
CPXPARAM_MIP_Strategy_VariableSelect             3
CPXPARAM_TimeLimit                               599.99992189099999
1 of 1 MIP starts provided solutions.
MIP start 'm1' defined initial solution with objective 159.0000.
Tried aggregator 1 time.
MIP Presolve eliminated 18 rows and 430 columns.
MIP Presolve modified 212 coefficients.
Reduced MIP has 1500 rows, 2365 columns, and 43691 nonzeros.
Reduced MIP has 2365 binaries, 0 generals, 0 SOSs, and 0 indicators.
Presolve time = 0.07 sec. (91.79 ticks)
Probing time = 0.01 sec. (10.28 ticks)
Tried aggregator 1 time.
Detecting symmetries...
MIP Presolve modified 12 coefficients.
Reduced MIP has 1500 rows, 2365 columns, and 43892 nonzeros.
Reduced MIP has 2365 binaries, 0 generals, 0 SOSs, and 0 indicators.
Presolve time = 0.04 sec. (62.15 ticks)
Probing time = 0.01 sec. (10.30 ticks)
Clique table members: 1097.
MIP emphasis: balance optimality and feasibility.
MIP search method: dynamic search.
Parallel mode: none, using 1 thread.
Root relaxation solution time = 0.03 sec. (29.79 ticks)

        Nodes                                         Cuts/
   Node  Left     Objective  IInf  Best Integer    Best Bound    ItCnt     Gap

*     0+    0                          159.0000    23220.0000              --- 
*     0     0      integral     0      215.0000      215.0000      515    0.00%
Elapsed time = 0.19 sec. (227.26 ticks, tree = 0.00 MB, solutions = 2)

Root node processing (before b&c):
  Real time             =    0.19 sec. (227.51 ticks)
Sequential b&c:
  Real time             =    0.00 sec. (0.00 ticks)
                          ------------
Total (root+branch&cut) =    0.19 sec. (227.51 ticks)
Primal:	215
Dual:	215
Status:	Optimal
Time:	0.2
Sequence:
	1
	0
	4
	6
	9
	9
	11
	9
	9
	5
	9
	9
	9
	7
	9
	9
	2
	1
	9
	1
	9
	9
	10
	9
	7
	9
	1
	4
	5
	9
	9
	10
	9
	9
	1
	2
	7
	9
	2
	1
	4
	5
	9
	5
	0
	5
	9
	7
	9
	5
	9
	9
	5
	9
	1
	4
	1
	4
	0
	7
	4
	0
	5
	4
	1
	4
	7
	0
	4
	5
	9
	6
	0
	7
	4
	1
	4
	0
	1
	9
	1
	4
	2
	11
	4
	5
	9
	5
	9
	7
	9
	5
	9
	6
	4
	10
	4
	4
	0
	7
	9
	5
	4
	9
	4
	7
	2
	9
	10
	9
	2
	9
	4
	10
	9
	2
	1
	9
	7
	2
	1
	9
	9
	1
	9
	9
	7
	9
	9
	4
	6
	9
	9
	9
	7
	9
	5
	9
	0
	9
	1
	0
	4
	11
	0
	4
	1
	4
	1
	0
	7
	4
	1
	9
	9
	2
	9
	4
	2
	9
	5
	9
	9
	2
	9
	9
	2
	9
	7
	9
	4
	9
	5
	9
	2
	7
	9
	9
	9
	9
	9
	5
	9
	4
	4
	1
	4
	4
	9
	9
	4
	4
	1
	4
	4
	9
	7
	4
	10
	4
	10
	4
	4
	9
	5
	2
	4
	4
	1
	4
	5
	9
	4
	4
	0
