Version identifier: 22.1.0.0 | 2022-03-09 | 1a383f8ce
CPXPARAM_Threads                                 1
CPXPARAM_MIP_Strategy_VariableSelect             3
CPXPARAM_TimeLimit                               599.99798426300003
Found incumbent of value 0.000000 after 0.00 sec. (0.33 ticks)

Root node processing (before b&c):
  Real time             =    0.00 sec. (0.37 ticks)
Sequential b&c:
  Real time             =    0.00 sec. (0.00 ticks)
                          ------------
Total (root+branch&cut) =    0.00 sec. (0.37 ticks)
Version identifier: 22.1.0.0 | 2022-03-09 | 1a383f8ce
CPXPARAM_Threads                                 1
CPXPARAM_MIP_Strategy_VariableSelect             3
CPXPARAM_TimeLimit                               599.98372458300003
Found incumbent of value 0.000000 after 0.00 sec. (0.49 ticks)

Root node processing (before b&c):
  Real time             =    0.00 sec. (0.55 ticks)
Sequential b&c:
  Real time             =    0.00 sec. (0.00 ticks)
                          ------------
Total (root+branch&cut) =    0.00 sec. (0.55 ticks)
Version identifier: 22.1.0.0 | 2022-03-09 | 1a383f8ce
CPXPARAM_Threads                                 1
CPXPARAM_MIP_Strategy_VariableSelect             3
CPXPARAM_TimeLimit                               599.96523837200004
Found incumbent of value 0.000000 after 0.00 sec. (0.57 ticks)

Root node processing (before b&c):
  Real time             =    0.00 sec. (0.64 ticks)
Sequential b&c:
  Real time             =    0.00 sec. (0.00 ticks)
                          ------------
Total (root+branch&cut) =    0.00 sec. (0.64 ticks)
Version identifier: 22.1.0.0 | 2022-03-09 | 1a383f8ce
CPXPARAM_Threads                                 1
CPXPARAM_MIP_Strategy_VariableSelect             3
CPXPARAM_TimeLimit                               599.94381948900002
Found incumbent of value 0.000000 after 0.00 sec. (0.60 ticks)

Root node processing (before b&c):
  Real time             =    0.00 sec. (0.68 ticks)
Sequential b&c:
  Real time             =    0.00 sec. (0.00 ticks)
                          ------------
Total (root+branch&cut) =    0.00 sec. (0.68 ticks)
Version identifier: 22.1.0.0 | 2022-03-09 | 1a383f8ce
CPXPARAM_Threads                                 1
CPXPARAM_MIP_Strategy_VariableSelect             3
CPXPARAM_TimeLimit                               599.92164498499994
Found incumbent of value 0.000000 after 0.00 sec. (0.62 ticks)

Root node processing (before b&c):
  Real time             =    0.00 sec. (0.70 ticks)
Sequential b&c:
  Real time             =    0.00 sec. (0.00 ticks)
                          ------------
Total (root+branch&cut) =    0.00 sec. (0.70 ticks)
Version identifier: 22.1.0.0 | 2022-03-09 | 1a383f8ce
CPXPARAM_Threads                                 1
CPXPARAM_MIP_Strategy_VariableSelect             3
CPXPARAM_TimeLimit                               599.89862673200003
Found incumbent of value 0.000000 after 0.00 sec. (0.63 ticks)

Root node processing (before b&c):
  Real time             =    0.00 sec. (0.71 ticks)
Sequential b&c:
  Real time             =    0.00 sec. (0.00 ticks)
                          ------------
Total (root+branch&cut) =    0.00 sec. (0.71 ticks)
Version identifier: 22.1.0.0 | 2022-03-09 | 1a383f8ce
CPXPARAM_Threads                                 1
CPXPARAM_MIP_Strategy_VariableSelect             3
CPXPARAM_TimeLimit                               599.87487379000004
Found incumbent of value 0.000000 after 0.00 sec. (0.70 ticks)

Root node processing (before b&c):
  Real time             =    0.00 sec. (0.78 ticks)
Sequential b&c:
  Real time             =    0.00 sec. (0.00 ticks)
                          ------------
Total (root+branch&cut) =    0.00 sec. (0.78 ticks)
Version identifier: 22.1.0.0 | 2022-03-09 | 1a383f8ce
CPXPARAM_Threads                                 1
CPXPARAM_MIP_Strategy_VariableSelect             3
CPXPARAM_TimeLimit                               599.85132915300005
Tried aggregator 1 time.
MIP Presolve eliminated 400 rows and 1532 columns.
Reduced MIP has 2293 rows, 3064 columns, and 25892 nonzeros.
Reduced MIP has 3064 binaries, 0 generals, 0 SOSs, and 0 indicators.
Presolve time = 0.02 sec. (15.15 ticks)
Found incumbent of value 0.000000 after 0.06 sec. (44.49 ticks)

Root node processing (before b&c):
  Real time             =    0.06 sec. (44.66 ticks)
Sequential b&c:
  Real time             =    0.00 sec. (0.00 ticks)
                          ------------
Total (root+branch&cut) =    0.06 sec. (44.66 ticks)
Version identifier: 22.1.0.0 | 2022-03-09 | 1a383f8ce
CPXPARAM_Threads                                 1
CPXPARAM_MIP_Strategy_VariableSelect             3
CPXPARAM_TimeLimit                               599.76972362599997
Tried aggregator 1 time.
MIP Presolve eliminated 401 rows and 1536 columns.
Reduced MIP has 2299 rows, 3072 columns, and 25960 nonzeros.
Reduced MIP has 3072 binaries, 0 generals, 0 SOSs, and 0 indicators.
Presolve time = 0.02 sec. (15.20 ticks)
Found incumbent of value 0.000000 after 0.06 sec. (44.31 ticks)

Root node processing (before b&c):
  Real time             =    0.06 sec. (44.47 ticks)
Sequential b&c:
  Real time             =    0.00 sec. (0.00 ticks)
                          ------------
Total (root+branch&cut) =    0.06 sec. (44.47 ticks)
Primal:	384
Dual:	384
Status:	Optimal
Time:	0.307183
Sequence:
	9
	4
	1
	9
	9
	11
	9
	5
	2
	4
	9
	4
	5
	2
	5
	9
	2
	4
	9
	5
	9
	1
	0
	4
	1
	0
	11
	4
	9
	4
	0
	9
	9
	1
	4
	4
	0
	9
	9
	4
	1
	9
	5
	9
	9
	5
	9
	4
	0
	5
	9
	0
	4
	4
	9
	1
	0
	9
	9
	9
	1
	2
	4
	9
	1
	9
	4
	0
	4
	9
	9
	4
	9
	5
	2
	1
	9
	4
	5
	9
	9
	4
	4
	9
	0
	9
	9
	5
	4
	1
	9
	9
	9
	0
	9
	4
	5
	9
	4
	9
	1
	9
	2
	4
	9
	4
	1
	9
	4
	4
	9
	0
	5
	9
	4
	1
	0
	9
	5
	9
	9
	9
	1
	9
	0
	4
	5
	0
	9
	9
	4
	5
	0
	5
	9
	3
	0
	1
	4
	5
	9
	5
	9
	9
	4
	4
	9
	9
	5
	0
	4
	9
	5
	4
	9
	4
	9
	5
	9
	1
	9
	0
	1
	4
	5
	0
	1
	9
	5
	9
	1
	0
	5
	4
	9
	0
	4
	1
	9
	0
	9
	1
	4
	4
	2
	4
	5
	9
	9
	4
	9
	1
	2
	1
	4
	5
	9
	4
	5
	0
	4
	1
	9
	5
	9
	9
	5
	9
	1
	0
	9
	5
	9
	0
	4
	4
	9
	9
	4
	9
	5
	9
	9
	2
	9
	1
	0
	5
	9
	1
	9
	9
	1
	0
	9
	9
	9
	4
	4
	9
	1
	4
	0
	4
	1
	4
	4
	1
	9
	1
	9
	4
	4
	1
	0
	5
	4
	9
	5
	9
	4
	4
	9
	4
	4
	0
	4
	9
	1
	9
	4
	2
	4
	9
	2
	9
	9
	1
	4
	9
	9
	5
	4
	0
	4
	9
	9
	4
	0
	5
	9
	1
	0
	9
	3
	4
	9
	5
	2
	9
	1
	9
	4
	4
	1
	9
	0
	9
	5
	9
	9
	4
	0
	9
	9
	2
	5
	4
	9
	1
	9
	4
	5
	9
	9
	5
	9
	5
	0
	4
	4
	1
	9
	1
	0
	9
	5
	0
	4
	9
	4
	9
	5
	0
	9
	9
	5
	9
	5
	9
	5
	9
	4
	2
	5
	4
	9
	9
	5
	9
	1
	9
	0
	11
	4
	9
	4
	4
	2
	5
	9
	5
	4
	1
	0
	4
	9
	0
	9
	4
	0
	1
	9
	5
