Version identifier: 22.1.0.0 | 2022-03-09 | 1a383f8ce
CPXPARAM_Threads                                 1
CPXPARAM_MIP_Strategy_VariableSelect             3
CPXPARAM_TimeLimit                               599.99758457600001
Found incumbent of value 0.000000 after 0.00 sec. (0.35 ticks)

Root node processing (before b&c):
  Real time             =    0.00 sec. (0.39 ticks)
Sequential b&c:
  Real time             =    0.00 sec. (0.00 ticks)
                          ------------
Total (root+branch&cut) =    0.00 sec. (0.39 ticks)
Version identifier: 22.1.0.0 | 2022-03-09 | 1a383f8ce
CPXPARAM_Threads                                 1
CPXPARAM_MIP_Strategy_VariableSelect             3
CPXPARAM_TimeLimit                               599.98147507099998
Found incumbent of value 0.000000 after 0.00 sec. (0.52 ticks)

Root node processing (before b&c):
  Real time             =    0.00 sec. (0.58 ticks)
Sequential b&c:
  Real time             =    0.00 sec. (0.00 ticks)
                          ------------
Total (root+branch&cut) =    0.00 sec. (0.58 ticks)
Version identifier: 22.1.0.0 | 2022-03-09 | 1a383f8ce
CPXPARAM_Threads                                 1
CPXPARAM_MIP_Strategy_VariableSelect             3
CPXPARAM_TimeLimit                               599.960783354
Tried aggregator 1 time.
MIP Presolve eliminated 18 rows and 716 columns.
Reduced MIP has 2500 rows, 3580 columns, and 32380 nonzeros.
Reduced MIP has 3580 binaries, 0 generals, 0 SOSs, and 0 indicators.
Presolve time = 0.03 sec. (23.23 ticks)
Found incumbent of value 0.000000 after 0.07 sec. (61.01 ticks)

Root node processing (before b&c):
  Real time             =    0.07 sec. (61.18 ticks)
Sequential b&c:
  Real time             =    0.00 sec. (0.00 ticks)
                          ------------
Total (root+branch&cut) =    0.07 sec. (61.18 ticks)
Version identifier: 22.1.0.0 | 2022-03-09 | 1a383f8ce
CPXPARAM_Threads                                 1
CPXPARAM_MIP_Strategy_VariableSelect             3
CPXPARAM_TimeLimit                               599.86247404699998
Tried aggregator 1 time.
MIP Presolve eliminated 18 rows and 766 columns.
Reduced MIP has 2675 rows, 3830 columns, and 34655 nonzeros.
Reduced MIP has 3830 binaries, 0 generals, 0 SOSs, and 0 indicators.
Presolve time = 0.03 sec. (25.23 ticks)
Probing time = 0.00 sec. (5.04 ticks)
Tried aggregator 1 time.
Detecting symmetries...
Reduced MIP has 2675 rows, 3830 columns, and 34655 nonzeros.
Reduced MIP has 3830 binaries, 0 generals, 0 SOSs, and 0 indicators.
Presolve time = 0.03 sec. (28.16 ticks)
Probing time = 0.00 sec. (5.04 ticks)
Clique table members: 1905.
MIP emphasis: balance optimality and feasibility.
MIP search method: dynamic search.
Parallel mode: none, using 1 thread.
Root relaxation solution time = 0.03 sec. (32.20 ticks)

        Nodes                                         Cuts/
   Node  Left     Objective  IInf  Best Integer    Best Bound    ItCnt     Gap

      0     0        0.0000   172                      0.0000      680         
*     0+    0                            0.0000        0.0000             0.00%
      0     0        cutoff              0.0000        0.0000      680    0.00%
Elapsed time = 0.27 sec. (228.28 ticks, tree = 0.01 MB, solutions = 1)

Root node processing (before b&c):
  Real time             =    0.27 sec. (228.42 ticks)
Sequential b&c:
  Real time             =    0.00 sec. (0.00 ticks)
                          ------------
Total (root+branch&cut) =    0.27 sec. (228.42 ticks)
Version identifier: 22.1.0.0 | 2022-03-09 | 1a383f8ce
CPXPARAM_Threads                                 1
CPXPARAM_MIP_Strategy_VariableSelect             3
CPXPARAM_TimeLimit                               599.56725283699996
Tried aggregator 1 time.
MIP Presolve eliminated 18 rows and 792 columns.
Reduced MIP has 2766 rows, 3960 columns, and 35838 nonzeros.
Reduced MIP has 3960 binaries, 0 generals, 0 SOSs, and 0 indicators.
Presolve time = 0.03 sec. (26.30 ticks)
Probing time = 0.00 sec. (5.10 ticks)
Tried aggregator 1 time.
Detecting symmetries...
Reduced MIP has 2766 rows, 3960 columns, and 35838 nonzeros.
Reduced MIP has 3960 binaries, 0 generals, 0 SOSs, and 0 indicators.
Presolve time = 0.03 sec. (29.33 ticks)
Probing time = 0.01 sec. (5.10 ticks)
Clique table members: 1970.
MIP emphasis: balance optimality and feasibility.
MIP search method: dynamic search.
Parallel mode: none, using 1 thread.
Root relaxation solution time = 0.04 sec. (37.75 ticks)

        Nodes                                         Cuts/
   Node  Left     Objective  IInf  Best Integer    Best Bound    ItCnt     Gap

      0     0        0.0000   266                      0.0000      815         
*     0+    0                            0.0000        0.0000             0.00%
      0     0        cutoff              0.0000        0.0000      815    0.00%
Elapsed time = 0.33 sec. (297.91 ticks, tree = 0.01 MB, solutions = 1)

Root node processing (before b&c):
  Real time             =    0.33 sec. (298.06 ticks)
Sequential b&c:
  Real time             =    0.00 sec. (0.00 ticks)
                          ------------
Total (root+branch&cut) =    0.33 sec. (298.06 ticks)
Version identifier: 22.1.0.0 | 2022-03-09 | 1a383f8ce
CPXPARAM_Threads                                 1
CPXPARAM_MIP_Strategy_VariableSelect             3
CPXPARAM_TimeLimit                               599.21056662599995
Tried aggregator 1 time.
MIP Presolve eliminated 18 rows and 804 columns.
Reduced MIP has 2808 rows, 4020 columns, and 36384 nonzeros.
Reduced MIP has 4020 binaries, 0 generals, 0 SOSs, and 0 indicators.
Presolve time = 0.03 sec. (26.80 ticks)
Probing time = 0.01 sec. (5.18 ticks)
Tried aggregator 1 time.
Detecting symmetries...
Reduced MIP has 2808 rows, 4020 columns, and 36384 nonzeros.
Reduced MIP has 4020 binaries, 0 generals, 0 SOSs, and 0 indicators.
Presolve time = 0.03 sec. (29.88 ticks)
Probing time = 0.01 sec. (5.18 ticks)
Clique table members: 2000.
MIP emphasis: balance optimality and feasibility.
MIP search method: dynamic search.
Parallel mode: none, using 1 thread.
Root relaxation solution time = 0.04 sec. (38.96 ticks)

        Nodes                                         Cuts/
   Node  Left     Objective  IInf  Best Integer    Best Bound    ItCnt     Gap

      0     0        0.0000   209                      0.0000      805         
*     0+    0                            0.0000        0.0000             0.00%
      0     0        cutoff              0.0000        0.0000      805    0.00%
Elapsed time = 0.32 sec. (293.47 ticks, tree = 0.01 MB, solutions = 1)

Root node processing (before b&c):
  Real time             =    0.32 sec. (293.62 ticks)
Sequential b&c:
  Real time             =    0.00 sec. (0.00 ticks)
                          ------------
Total (root+branch&cut) =    0.32 sec. (293.62 ticks)
Version identifier: 22.1.0.0 | 2022-03-09 | 1a383f8ce
CPXPARAM_Threads                                 1
CPXPARAM_MIP_Strategy_VariableSelect             3
CPXPARAM_TimeLimit                               598.86595989
Tried aggregator 1 time.
MIP Presolve eliminated 18 rows and 810 columns.
Reduced MIP has 2829 rows, 4050 columns, and 36657 nonzeros.
Reduced MIP has 4050 binaries, 0 generals, 0 SOSs, and 0 indicators.
Presolve time = 0.03 sec. (27.03 ticks)
Probing time = 0.00 sec. (5.17 ticks)
Tried aggregator 1 time.
Detecting symmetries...
Reduced MIP has 2829 rows, 4050 columns, and 36657 nonzeros.
Reduced MIP has 4050 binaries, 0 generals, 0 SOSs, and 0 indicators.
Presolve time = 0.03 sec. (30.14 ticks)
Probing time = 0.01 sec. (5.17 ticks)
Clique table members: 2015.
MIP emphasis: balance optimality and feasibility.
MIP search method: dynamic search.
Parallel mode: none, using 1 thread.
Root relaxation solution time = 0.04 sec. (40.71 ticks)

        Nodes                                         Cuts/
   Node  Left     Objective  IInf  Best Integer    Best Bound    ItCnt     Gap

      0     0        0.0000   343                      0.0000      864         
*     0+    0                            0.0000        0.0000             0.00%
      0     0        cutoff              0.0000        0.0000      864    0.00%
Elapsed time = 0.40 sec. (317.39 ticks, tree = 0.01 MB, solutions = 1)

Root node processing (before b&c):
  Real time             =    0.40 sec. (317.54 ticks)
Sequential b&c:
  Real time             =    0.00 sec. (0.00 ticks)
                          ------------
Total (root+branch&cut) =    0.40 sec. (317.54 ticks)
Version identifier: 22.1.0.0 | 2022-03-09 | 1a383f8ce
CPXPARAM_Threads                                 1
CPXPARAM_MIP_Strategy_VariableSelect             3
CPXPARAM_TimeLimit                               598.44233175199997
Tried aggregator 1 time.
MIP Presolve eliminated 18 rows and 814 columns.
Reduced MIP has 2843 rows, 4070 columns, and 36839 nonzeros.
Reduced MIP has 4070 binaries, 0 generals, 0 SOSs, and 0 indicators.
Presolve time = 0.03 sec. (27.20 ticks)
Probing time = 0.01 sec. (5.19 ticks)
Tried aggregator 1 time.
Detecting symmetries...
Reduced MIP has 2843 rows, 4070 columns, and 36839 nonzeros.
Reduced MIP has 4070 binaries, 0 generals, 0 SOSs, and 0 indicators.
Presolve time = 0.03 sec. (30.32 ticks)
Probing time = 0.01 sec. (5.19 ticks)
Clique table members: 2025.
MIP emphasis: balance optimality and feasibility.
MIP search method: dynamic search.
Parallel mode: none, using 1 thread.
Root relaxation solution time = 0.05 sec. (42.10 ticks)

        Nodes                                         Cuts/
   Node  Left     Objective  IInf  Best Integer    Best Bound    ItCnt     Gap

      0     0        0.0000   270                      0.0000      877         
*     0+    0                            0.0000        0.0000             0.00%
      0     0        cutoff              0.0000        0.0000      877    0.00%
Elapsed time = 0.39 sec. (352.88 ticks, tree = 0.01 MB, solutions = 1)

Root node processing (before b&c):
  Real time             =    0.39 sec. (353.04 ticks)
Sequential b&c:
  Real time             =    0.00 sec. (0.00 ticks)
                          ------------
Total (root+branch&cut) =    0.39 sec. (353.04 ticks)
Version identifier: 22.1.0.0 | 2022-03-09 | 1a383f8ce
CPXPARAM_Threads                                 1
CPXPARAM_MIP_Strategy_VariableSelect             3
CPXPARAM_TimeLimit                               598.02068872899997
Tried aggregator 1 time.
MIP Presolve eliminated 18 rows and 816 columns.
Reduced MIP has 2850 rows, 4080 columns, and 36930 nonzeros.
Reduced MIP has 4080 binaries, 0 generals, 0 SOSs, and 0 indicators.
Presolve time = 0.03 sec. (27.29 ticks)
Probing time = 0.01 sec. (5.20 ticks)
Tried aggregator 1 time.
Detecting symmetries...
Reduced MIP has 2850 rows, 4080 columns, and 36930 nonzeros.
Reduced MIP has 4080 binaries, 0 generals, 0 SOSs, and 0 indicators.
Presolve time = 0.03 sec. (30.42 ticks)
Probing time = 0.01 sec. (5.20 ticks)
Clique table members: 2030.
MIP emphasis: balance optimality and feasibility.
MIP search method: dynamic search.
Parallel mode: none, using 1 thread.
Root relaxation solution time = 0.04 sec. (38.56 ticks)

        Nodes                                         Cuts/
   Node  Left     Objective  IInf  Best Integer    Best Bound    ItCnt     Gap

      0     0        0.0000   291                      0.0000      880         
*     0+    0                            0.0000        0.0000             0.00%
      0     0        cutoff              0.0000        0.0000      880    0.00%
Elapsed time = 0.39 sec. (354.32 ticks, tree = 0.01 MB, solutions = 1)

Root node processing (before b&c):
  Real time             =    0.39 sec. (354.47 ticks)
Sequential b&c:
  Real time             =    0.00 sec. (0.00 ticks)
                          ------------
Total (root+branch&cut) =    0.39 sec. (354.47 ticks)
Primal:	408
Dual:	408
Status:	Optimal
Time:	2.39272
Sequence:
	9
	5
	9
	10
	9
	6
	9
	1
	9
	9
	6
	9
	5
	9
	1
	9
	9
	6
	9
	5
	9
	6
	9
	9
	9
	9
	9
	6
	9
	9
	9
	9
	9
	6
	9
	9
	9
	10
	9
	9
	6
	9
	9
	9
	9
	6
	9
	9
	9
	1
	9
	6
	9
	9
	5
	9
	5
	9
	1
	9
	9
	1
	9
	9
	6
	9
	1
	9
	6
	9
	9
	5
	9
	6
	9
	1
	9
	9
	1
	9
	6
	9
	5
	9
	6
	9
	5
	9
	0
	6
	9
	5
	9
	6
	9
	5
	9
	6
	9
	5
	9
	5
	4
	0
	4
	6
	0
	9
	1
	0
	5
	9
	1
	4
	5
	9
	5
	4
	10
	9
	6
	4
	9
	10
	4
	1
	4
	1
	0
	4
	6
	9
	10
	4
	4
	2
	6
	4
	10
	9
	10
	0
	6
	4
	1
	0
	1
	4
	6
	0
	5
	9
	6
	4
	9
	5
	4
	9
	6
	4
	10
	9
	0
	6
	4
	1
	9
	1
	0
	6
	4
	9
	9
	6
	4
	10
	0
	1
	4
	6
	0
	5
	9
	6
	4
	1
	9
	6
	0
	9
	5
	0
	6
	4
	0
	5
	4
	1
	4
	5
	9
	6
	0
	1
	4
	6
	9
	11
	9
	6
	0
	10
	9
	6
	0
	10
	9
	4
	5
	9
	1
	4
	6
	0
	5
	9
	9
	6
	9
	11
	4
	6
	9
	5
	9
	6
	0
	5
	4
	11
	0
	10
	9
	6
	4
	9
	10
	4
	6
	0
	10
	4
	6
	9
	11
	9
	5
	9
	4
	6
	9
	5
	9
	2
	5
	9
	6
	0
	9
	4
	6
	2
	4
	5
	0
	1
	4
	6
	9
	5
	9
	0
	10
	4
	0
	5
	4
	11
	9
	5
	0
	6
	4
	9
	1
	9
	6
	9
	2
	5
	9
	5
	4
	1
	0
	6
	4
	1
	0
	6
	9
	0
	5
	9
	4
	9
	3
	4
	6
	0
	1
	4
	1
	0
	6
	9
	4
	5
	0
	6
	9
	11
	4
	6
	0
	9
	10
	4
	6
	0
	4
	1
	0
	5
	9
	5
	9
	6
	9
	5
	0
	1
	9
	6
	4
	1
	4
	10
	4
	5
	0
	6
	9
	11
	4
	6
	9
	4
	0
	6
	4
	11
	0
	6
	9
	5
	0
	6
	4
	1
	9
	6
	0
	9
	5
	4
	1
	0
	6
	9
	1
	4
	6
	9
	5
	9
	5
	0
	6
	9
	0
	9
	5
	0
	6
	9
	1
	9
