Version identifier: 22.1.0.0 | 2022-03-09 | 1a383f8ce
CPXPARAM_Threads                                 1
CPXPARAM_MIP_Strategy_VariableSelect             3
CPXPARAM_TimeLimit                               600
Tried aggregator 1 time.
MIP Presolve eliminated 13 rows and 1520 columns.
Reduced MIP has 2659 rows, 3041 columns, and 28374 nonzeros.
Reduced MIP has 3040 binaries, 0 generals, 0 SOSs, and 0 indicators.
Presolve time = 0.02 sec. (11.91 ticks)
Found incumbent of value 7.000000 after 0.04 sec. (30.67 ticks)
Probing time = 0.00 sec. (2.84 ticks)
Tried aggregator 1 time.
Detecting symmetries...
Reduced MIP has 2659 rows, 3041 columns, and 28374 nonzeros.
Reduced MIP has 3040 binaries, 0 generals, 0 SOSs, and 0 indicators.
Presolve time = 0.01 sec. (12.36 ticks)
Probing time = 0.00 sec. (2.84 ticks)
Clique table members: 380.
MIP emphasis: balance optimality and feasibility.
MIP search method: dynamic search.
Parallel mode: none, using 1 thread.
Root relaxation solution time = 0.05 sec. (33.50 ticks)

        Nodes                                         Cuts/
   Node  Left     Objective  IInf  Best Integer    Best Bound    ItCnt     Gap

*     0+    0                            7.0000        0.0000           100.00%
      0     0        0.0000   374        7.0000        0.0000      956  100.00%
*     0+    0                            0.0000        0.0000             0.00%
      0     0        cutoff              0.0000        0.0000      956    0.00%
Elapsed time = 0.24 sec. (195.58 ticks, tree = 0.01 MB, solutions = 2)

Root node processing (before b&c):
  Real time             =    0.24 sec. (195.75 ticks)
Sequential b&c:
  Real time             =    0.00 sec. (0.00 ticks)
                          ------------
Total (root+branch&cut) =    0.24 sec. (195.75 ticks)
Primal:	0
Dual:	0
Status:	Optimal
Time:	0.25
Sequence:
	6
	4
	9
	4
	4
	9
	4
	9
	4
	9
	9
	4
	4
	9
	9
	4
	9
	9
	9
	0
	9
	9
	1
	9
	9
	9
	4
	9
	5
	4
	9
	9
	9
	9
	9
	9
	9
	9
	9
	9
	9
	9
	9
	9
	2
	9
	6
	9
	9
	9
	6
	9
	9
	9
	6
	9
	5
	9
	9
	9
	6
	9
	2
	9
	6
	9
	9
	9
	6
	9
	9
	9
	9
	6
	9
	5
	9
	6
	9
	9
	9
	6
	9
	9
	0
	6
	4
	1
	9
	6
	0
	4
	1
	0
	6
	9
	5
	0
	6
	9
	5
	0
	6
	9
	4
	0
	1
	9
	1
	0
	9
	5
	0
	5
	4
	0
	6
	4
	9
	11
	0
	5
	9
	6
	2
	4
	1
	0
	9
	6
	0
	5
	9
	5
	0
	6
	9
	11
	0
	4
	5
	0
	6
	4
	0
	11
	4
	6
	0
	4
	5
	9
	0
	5
	9
	5
	0
	1
	9
	0
	1
	4
	5
	0
	6
	4
	9
	0
	6
	9
	5
	0
	9
	6
	0
	1
	4
	1
	4
	0
	1
	4
	0
	6
	9
	1
	0
	5
	9
	5
	0
	9
	1
	4
	5
	0
	5
	4
	0
	1
	4
	11
	4
	6
	0
	4
	1
	0
	5
	9
	6
	0
	5
	9
	6
	9
	5
	0
	6
	4
	1
	0
	5
	9
	6
	0
	1
	9
	4
	6
	0
	4
	4
	1
	0
	5
	9
	6
	0
	5
	4
	1
	4
	6
	0
	4
	1
	0
	6
	9
	5
	0
	6
	9
	9
	5
	0
	9
	5
	2
	4
	6
	0
	5
	4
	1
	0
	11
	9
	6
	4
	0
	1
	4
	6
	0
	5
	9
	0
	6
	4
	0
	4
	11
	4
	6
	0
	5
	9
	6
	2
	4
	11
	4
	6
	0
	9
	1
	2
	6
	4
	2
	4
	6
	9
	0
	4
	4
	0
	5
	9
	2
	1
	4
	5
	0
	4
	6
	0
	1
	9
	4
	1
	0
	6
	4
	9
	0
	6
	4
	0
	4
	5
	2
	6
	4
	0
	9
	6
	0
	9
	9
	6
	4
	9
	4
	0
	6
	4
	1
	0
	6
	9
	4
	0
	4
	6
	0
	4
	5
	0
	4
	5
	0
	4
	6
	2
	4
	11
	4
	6
	9
	5
	2
	1
	4
	6
	9
	4
	1
