Version identifier: 22.1.0.0 | 2022-03-09 | 1a383f8ce
CPXPARAM_Threads                                 1
CPXPARAM_MIP_Strategy_VariableSelect             3
CPXPARAM_TimeLimit                               600
Tried aggregator 1 time.
MIP Presolve eliminated 13 rows and 1600 columns.
Reduced MIP has 2799 rows, 3201 columns, and 29874 nonzeros.
Reduced MIP has 3200 binaries, 0 generals, 0 SOSs, and 0 indicators.
Presolve time = 0.02 sec. (12.53 ticks)
Found incumbent of value 7.000000 after 0.04 sec. (31.30 ticks)
Probing time = 0.00 sec. (2.88 ticks)
Tried aggregator 1 time.
Detecting symmetries...
Reduced MIP has 2799 rows, 3201 columns, and 29874 nonzeros.
Reduced MIP has 3200 binaries, 0 generals, 0 SOSs, and 0 indicators.
Presolve time = 0.02 sec. (13.00 ticks)
Probing time = 0.00 sec. (2.88 ticks)
Clique table members: 400.
MIP emphasis: balance optimality and feasibility.
MIP search method: dynamic search.
Parallel mode: none, using 1 thread.
Root relaxation solution time = 0.03 sec. (22.39 ticks)

        Nodes                                         Cuts/
   Node  Left     Objective  IInf  Best Integer    Best Bound    ItCnt     Gap

*     0+    0                            7.0000        0.0000           100.00%
      0     0        0.0000   256        7.0000        0.0000      710  100.00%
*     0+    0                            1.0000        0.0000           100.00%
*     0+    0                            0.0000        0.0000             0.00%
      0     0        cutoff              0.0000        0.0000      710    0.00%
Elapsed time = 0.23 sec. (184.52 ticks, tree = 0.01 MB, solutions = 3)

Root node processing (before b&c):
  Real time             =    0.23 sec. (184.73 ticks)
Sequential b&c:
  Real time             =    0.00 sec. (0.00 ticks)
                          ------------
Total (root+branch&cut) =    0.23 sec. (184.73 ticks)
Primal:	0
Dual:	0
Status:	Optimal
Time:	0.25
Sequence:
	2
	9
	9
	9
	0
	9
	9
	4
	9
	9
	9
	9
	9
	9
	9
	9
	9
	9
	9
	4
	9
	9
	9
	9
	9
	9
	2
	9
	9
	9
	9
	9
	9
	9
	9
	9
	9
	0
	9
	9
	9
	9
	2
	9
	9
	9
	9
	9
	9
	9
	9
	2
	9
	9
	9
	1
	9
	0
	9
	9
	9
	9
	9
	0
	9
	9
	2
	5
	9
	5
	9
	9
	9
	9
	9
	9
	9
	9
	9
	9
	2
	9
	9
	9
	9
	0
	9
	9
	9
	9
	0
	9
	9
	0
	9
	9
	0
	9
	9
	0
	5
	4
	0
	4
	4
	0
	1
	4
	1
	0
	5
	9
	0
	4
	1
	0
	5
	4
	0
	6
	4
	1
	2
	4
	9
	5
	2
	5
	4
	2
	9
	5
	0
	9
	5
	0
	4
	6
	0
	9
	5
	4
	9
	1
	0
	6
	4
	2
	1
	4
	2
	11
	9
	5
	0
	6
	9
	4
	4
	0
	1
	4
	5
	0
	9
	1
	9
	1
	2
	4
	6
	0
	9
	5
	2
	9
	5
	2
	5
	4
	1
	4
	9
	0
	5
	9
	4
	0
	5
	4
	9
	0
	6
	9
	5
	4
	0
	6
	4
	0
	4
	5
	0
	4
	5
	0
	1
	4
	5
	0
	5
	4
	2
	1
	4
	11
	0
	5
	9
	6
	2
	5
	4
	0
	1
	9
	0
	9
	5
	2
	5
	9
	1
	4
	0
	9
	11
	0
	5
	9
	2
	1
	4
	1
	2
	1
	4
	5
	0
	4
	6
	9
	5
	2
	11
	4
	0
	4
	1
	2
	4
	1
	4
	5
	0
	4
	1
	0
	4
	6
	9
	4
	2
	4
	6
	9
	0
	1
	9
	4
	11
	2
	1
	4
	4
	1
	0
	4
	11
	2
	9
	6
	0
	1
	9
	0
	1
	9
	6
	0
	5
	4
	2
	9
	5
	0
	4
	11
	9
	0
	4
	4
	0
	4
	11
	0
	1
	9
	9
	1
	2
	4
	4
	0
	6
	4
	0
	4
	4
	0
	5
	9
	2
	4
	1
	0
	4
	9
	4
	0
	5
	4
	9
	5
	0
	4
	4
	11
	4
	0
	6
	9
	2
	4
	6
	0
	5
	4
	1
	2
	1
	4
	5
	0
	11
	4
	2
	5
	4
	0
	5
	9
	2
	5
	4
	2
	1
	9
	0
	11
	4
	0
	5
	4
	2
	6
	4
	2
	1
	9
	6
	0
	5
	4
	1
	2
	6
	9
	0
	5
