Version identifier: 22.1.0.0 | 2022-03-09 | 1a383f8ce
CPXPARAM_Threads                                 1
CPXPARAM_MIP_Strategy_VariableSelect             3
CPXPARAM_TimeLimit                               600
Found incumbent of value 1.000000 after 0.00 sec. (0.20 ticks)
Tried aggregator 1 time.
MIP Presolve eliminated 218 rows and 721 columns.
Reduced MIP has 515 rows, 516 columns, and 3969 nonzeros.
Reduced MIP has 515 binaries, 0 generals, 0 SOSs, and 0 indicators.
Presolve time = 0.00 sec. (2.93 ticks)
Probing time = 0.00 sec. (3.24 ticks)
Tried aggregator 1 time.
Detecting symmetries...
Reduced MIP has 515 rows, 516 columns, and 3969 nonzeros.
Reduced MIP has 515 binaries, 0 generals, 0 SOSs, and 0 indicators.
Presolve time = 0.00 sec. (2.43 ticks)
Probing time = 0.00 sec. (3.24 ticks)
Clique table members: 105.
MIP emphasis: balance optimality and feasibility.
MIP search method: dynamic search.
Parallel mode: none, using 1 thread.
Root relaxation solution time = 0.00 sec. (1.96 ticks)

        Nodes                                         Cuts/
   Node  Left     Objective  IInf  Best Integer    Best Bound    ItCnt     Gap

*     0+    0                            1.0000        0.0000           100.00%
      0     0        0.0000    24        1.0000        0.0000      155  100.00%
*     0+    0                            0.0000        0.0000             0.00%
      0     0        cutoff              0.0000        0.0000      155    0.00%
Elapsed time = 0.03 sec. (21.33 ticks, tree = 0.01 MB, solutions = 2)

Root node processing (before b&c):
  Real time             =    0.03 sec. (21.37 ticks)
Sequential b&c:
  Real time             =    0.00 sec. (0.00 ticks)
                          ------------
Total (root+branch&cut) =    0.03 sec. (21.37 ticks)
Primal:	0
Dual:	0
Status:	Optimal
Time:	0.03
Sequence:
	4
	9
	4
	9
	4
	9
	4
	9
	4
	4
	9
	4
	9
	4
	4
	9
	9
	4
	9
	9
	9
	9
	9
	9
	9
	9
	9
	9
	9
	9
	9
	9
	0
	4
	4
	0
	9
	9
	9
	4
	0
	5
	9
	0
	9
	9
	9
	0
	4
	4
	0
	9
	4
	0
	4
	4
	0
	4
	4
	0
	9
	9
	4
	9
	0
	4
	9
	0
	9
	4
	9
	0
	9
	1
	4
	4
	0
	4
	4
	9
	4
	9
	0
	9
	9
	4
	4
	0
	9
	9
	9
	9
	4
	0
	9
	9
	0
	9
	4
	4
	9
	0
	4
