Version identifier: 22.1.0.0 | 2022-03-09 | 1a383f8ce
CPXPARAM_Threads                                 1
CPXPARAM_MIP_Strategy_VariableSelect             3
CPXPARAM_TimeLimit                               600
Tried aggregator 1 time.
MIP Presolve eliminated 312 rows and 903 columns.
MIP Presolve modified 1 coefficients.
Reduced MIP has 1807 rows, 2710 columns, and 26033 nonzeros.
Reduced MIP has 2709 binaries, 0 generals, 0 SOSs, and 0 indicators.
Presolve time = 0.01 sec. (10.53 ticks)
Found incumbent of value 11.000000 after 0.04 sec. (26.28 ticks)
Probing time = 0.00 sec. (2.71 ticks)
Tried aggregator 1 time.
Detecting symmetries...
Reduced MIP has 1807 rows, 2710 columns, and 26033 nonzeros.
Reduced MIP has 2709 binaries, 0 generals, 0 SOSs, and 0 indicators.
Presolve time = 0.01 sec. (11.14 ticks)
Probing time = 0.00 sec. (2.71 ticks)
Clique table members: 301.
MIP emphasis: balance optimality and feasibility.
MIP search method: dynamic search.
Parallel mode: none, using 1 thread.
Root relaxation solution time = 0.03 sec. (20.48 ticks)

        Nodes                                         Cuts/
   Node  Left     Objective  IInf  Best Integer    Best Bound    ItCnt     Gap

*     0+    0                           11.0000        0.0000           100.00%
      0     0        0.0000   100       11.0000        0.0000      718  100.00%
*     0+    0                            1.0000        0.0000           100.00%
*     0+    0                            0.0000        0.0000             0.00%
      0     0        cutoff              0.0000        0.0000      718    0.00%
Elapsed time = 0.16 sec. (117.84 ticks, tree = 0.01 MB, solutions = 3)

Root node processing (before b&c):
  Real time             =    0.16 sec. (118.00 ticks)
Sequential b&c:
  Real time             =    0.00 sec. (0.00 ticks)
                          ------------
Total (root+branch&cut) =    0.16 sec. (118.00 ticks)
Primal:	0
Dual:	0
Status:	Optimal
Time:	0.15
Sequence:
	7
	9
	9
	9
	9
	9
	9
	7
	9
	9
	9
	9
	9
	9
	9
	9
	9
	9
	7
	9
	9
	9
	9
	9
	9
	9
	9
	7
	9
	9
	9
	9
	9
	7
	9
	9
	9
	9
	9
	9
	9
	9
	9
	9
	9
	9
	9
	9
	7
	9
	9
	9
	9
	9
	9
	9
	9
	9
	9
	9
	9
	5
	9
	9
	9
	9
	7
	9
	9
	9
	9
	9
	9
	9
	9
	9
	9
	9
	9
	9
	9
	9
	9
	9
	9
	9
	9
	7
	9
	5
	9
	9
	9
	9
	9
	3
	9
	9
	9
	9
	1
	4
	4
	1
	4
	7
	9
	1
	4
	1
	0
	7
	4
	10
	9
	1
	4
	9
	7
	9
	4
	9
	5
	4
	9
	1
	0
	4
	5
	9
	9
	4
	7
	9
	1
	4
	9
	0
	7
	9
	5
	9
	5
	9
	5
	4
	9
	7
	0
	1
	4
	9
	4
	9
	7
	4
	1
	9
	1
	9
	5
	9
	5
	9
	7
	4
	1
	0
	1
	4
	1
	4
	7
	9
	4
	1
	9
	0
	1
	4
	1
	8
	9
	4
	5
	9
	4
	7
	9
	9
	1
	4
	5
	9
	7
	4
	1
	9
	10
	4
	5
	9
	5
	8
	9
	7
	4
	1
	4
	1
	4
	7
	9
	4
	5
	0
	9
	3
	4
	5
	0
	5
	9
	7
	9
	1
	9
	5
	0
	7
	9
	9
	9
	5
	9
	4
	1
	4
	5
	9
	9
	9
	7
	9
	1
	9
	9
	1
	9
	5
	0
	7
	9
	9
	9
	8
	9
	7
	9
	1
	9
	4
	1
	9
	9
	7
	9
	1
	0
	9
	1
	9
	7
	9
	5
	4
	9
	9
	7
	0
	5
	4
	9
	0
	7
	9
	1
	9
	5
	9
	9
	3
	9
	5
	9
	5
	9
	1
	4
	7
	9
