Version identifier: 22.1.0.0 | 2022-03-09 | 1a383f8ce
CPXPARAM_Threads                                 1
CPXPARAM_MIP_Strategy_VariableSelect             3
CPXPARAM_TimeLimit                               599.99667606800006
Found incumbent of value 0.000000 after 0.00 sec. (0.47 ticks)

Root node processing (before b&c):
  Real time             =    0.00 sec. (0.54 ticks)
Sequential b&c:
  Real time             =    0.00 sec. (0.00 ticks)
                          ------------
Total (root+branch&cut) =    0.00 sec. (0.54 ticks)
Version identifier: 22.1.0.0 | 2022-03-09 | 1a383f8ce
CPXPARAM_Threads                                 1
CPXPARAM_MIP_Strategy_VariableSelect             3
CPXPARAM_TimeLimit                               599.97603228900005
Found incumbent of value 0.000000 after 0.00 sec. (0.50 ticks)

Root node processing (before b&c):
  Real time             =    0.00 sec. (0.57 ticks)
Sequential b&c:
  Real time             =    0.00 sec. (0.00 ticks)
                          ------------
Total (root+branch&cut) =    0.00 sec. (0.57 ticks)
Version identifier: 22.1.0.0 | 2022-03-09 | 1a383f8ce
CPXPARAM_Threads                                 1
CPXPARAM_MIP_Strategy_VariableSelect             3
CPXPARAM_TimeLimit                               599.95631824500003
Tried aggregator 1 time.
MIP Presolve eliminated 17 rows and 311 columns.
MIP Presolve modified 1 coefficients.
Reduced MIP has 2172 rows, 3421 columns, and 30579 nonzeros.
Reduced MIP has 3421 binaries, 0 generals, 0 SOSs, and 0 indicators.
Presolve time = 0.02 sec. (16.30 ticks)
Found incumbent of value 0.000000 after 0.06 sec. (45.96 ticks)

Root node processing (before b&c):
  Real time             =    0.06 sec. (46.10 ticks)
Sequential b&c:
  Real time             =    0.00 sec. (0.00 ticks)
                          ------------
Total (root+branch&cut) =    0.06 sec. (46.10 ticks)
Version identifier: 22.1.0.0 | 2022-03-09 | 1a383f8ce
CPXPARAM_Threads                                 1
CPXPARAM_MIP_Strategy_VariableSelect             3
CPXPARAM_TimeLimit                               599.87344663700003
Tried aggregator 1 time.
MIP Presolve eliminated 17 rows and 315 columns.
MIP Presolve modified 1 coefficients.
Reduced MIP has 2200 rows, 3465 columns, and 30975 nonzeros.
Reduced MIP has 3465 binaries, 0 generals, 0 SOSs, and 0 indicators.
Presolve time = 0.02 sec. (16.51 ticks)
Probing time = 0.00 sec. (4.67 ticks)
Tried aggregator 1 time.
Detecting symmetries...
Reduced MIP has 2200 rows, 3465 columns, and 30975 nonzeros.
Reduced MIP has 3465 binaries, 0 generals, 0 SOSs, and 0 indicators.
Presolve time = 0.02 sec. (19.43 ticks)
Probing time = 0.00 sec. (4.67 ticks)
Clique table members: 1566.
MIP emphasis: balance optimality and feasibility.
MIP search method: dynamic search.
Parallel mode: none, using 1 thread.
Root relaxation solution time = 0.02 sec. (23.40 ticks)

        Nodes                                         Cuts/
   Node  Left     Objective  IInf  Best Integer    Best Bound    ItCnt     Gap

      0     0        0.0000    87                      0.0000      492         
*     0+    0                            0.0000        0.0000             0.00%
      0     0        cutoff              0.0000        0.0000      492    0.00%
Elapsed time = 0.16 sec. (133.99 ticks, tree = 0.01 MB, solutions = 1)

Root node processing (before b&c):
  Real time             =    0.16 sec. (134.11 ticks)
Sequential b&c:
  Real time             =    0.00 sec. (0.00 ticks)
                          ------------
Total (root+branch&cut) =    0.16 sec. (134.11 ticks)
Version identifier: 22.1.0.0 | 2022-03-09 | 1a383f8ce
CPXPARAM_Threads                                 1
CPXPARAM_MIP_Strategy_VariableSelect             3
CPXPARAM_TimeLimit                               599.69324685399999
Tried aggregator 1 time.
MIP Presolve eliminated 17 rows and 317 columns.
MIP Presolve modified 1 coefficients.
Reduced MIP has 2214 rows, 3487 columns, and 31173 nonzeros.
Reduced MIP has 3487 binaries, 0 generals, 0 SOSs, and 0 indicators.
Presolve time = 0.02 sec. (16.61 ticks)
Found incumbent of value 0.000000 after 0.07 sec. (50.19 ticks)

Root node processing (before b&c):
  Real time             =    0.07 sec. (50.34 ticks)
Sequential b&c:
  Real time             =    0.00 sec. (0.00 ticks)
                          ------------
Total (root+branch&cut) =    0.07 sec. (50.34 ticks)
Version identifier: 22.1.0.0 | 2022-03-09 | 1a383f8ce
CPXPARAM_Threads                                 1
CPXPARAM_MIP_Strategy_VariableSelect             3
CPXPARAM_TimeLimit                               599.60323709399995
Tried aggregator 1 time.
MIP Presolve eliminated 17 rows and 318 columns.
MIP Presolve modified 1 coefficients.
Reduced MIP has 2221 rows, 3498 columns, and 31272 nonzeros.
Reduced MIP has 3498 binaries, 0 generals, 0 SOSs, and 0 indicators.
Presolve time = 0.02 sec. (16.67 ticks)
Probing time = 0.00 sec. (4.68 ticks)
Tried aggregator 1 time.
Detecting symmetries...
Reduced MIP has 2221 rows, 3498 columns, and 31272 nonzeros.
Reduced MIP has 3498 binaries, 0 generals, 0 SOSs, and 0 indicators.
Presolve time = 0.02 sec. (19.62 ticks)
Probing time = 0.00 sec. (4.68 ticks)
Clique table members: 1581.
MIP emphasis: balance optimality and feasibility.
MIP search method: dynamic search.
Parallel mode: none, using 1 thread.
Root relaxation solution time = 0.02 sec. (20.70 ticks)

        Nodes                                         Cuts/
   Node  Left     Objective  IInf  Best Integer    Best Bound    ItCnt     Gap

      0     0        0.0000    85                      0.0000      433         
*     0+    0                            0.0000        0.0000             0.00%
      0     0        cutoff              0.0000        0.0000      433    0.00%
Elapsed time = 0.21 sec. (179.31 ticks, tree = 0.01 MB, solutions = 1)

Root node processing (before b&c):
  Real time             =    0.21 sec. (179.43 ticks)
Sequential b&c:
  Real time             =    0.00 sec. (0.00 ticks)
                          ------------
Total (root+branch&cut) =    0.21 sec. (179.43 ticks)
Version identifier: 22.1.0.0 | 2022-03-09 | 1a383f8ce
CPXPARAM_Threads                                 1
CPXPARAM_MIP_Strategy_VariableSelect             3
CPXPARAM_TimeLimit                               599.37583848899999
Tried aggregator 1 time.
MIP Presolve eliminated 17 rows and 319 columns.
MIP Presolve modified 1 coefficients.
Reduced MIP has 2228 rows, 3509 columns, and 31371 nonzeros.
Reduced MIP has 3509 binaries, 0 generals, 0 SOSs, and 0 indicators.
Presolve time = 0.02 sec. (16.71 ticks)
Probing time = 0.00 sec. (4.69 ticks)
Tried aggregator 1 time.
Detecting symmetries...
Reduced MIP has 2228 rows, 3509 columns, and 31371 nonzeros.
Reduced MIP has 3509 binaries, 0 generals, 0 SOSs, and 0 indicators.
Presolve time = 0.02 sec. (19.66 ticks)
Probing time = 0.00 sec. (4.69 ticks)
Clique table members: 1586.
MIP emphasis: balance optimality and feasibility.
MIP search method: dynamic search.
Parallel mode: none, using 1 thread.
Root relaxation solution time = 0.02 sec. (23.29 ticks)

        Nodes                                         Cuts/
   Node  Left     Objective  IInf  Best Integer    Best Bound    ItCnt     Gap

      0     0        0.0000   173                      0.0000      475         
*     0+    0                            0.0000        0.0000             0.00%
      0     0        cutoff              0.0000        0.0000      475    0.00%
Elapsed time = 0.18 sec. (146.21 ticks, tree = 0.01 MB, solutions = 1)

Root node processing (before b&c):
  Real time             =    0.18 sec. (146.32 ticks)
Sequential b&c:
  Real time             =    0.00 sec. (0.00 ticks)
                          ------------
Total (root+branch&cut) =    0.18 sec. (146.32 ticks)
Primal:	319
Dual:	319
Status:	Optimal
Time:	0.817234
Sequence:
	9
	9
	4
	9
	9
	9
	9
	9
	9
	0
	9
	9
	9
	9
	9
	9
	9
	0
	9
	9
	6
	9
	9
	0
	9
	9
	4
	9
	9
	9
	9
	9
	9
	9
	9
	9
	9
	9
	9
	9
	9
	9
	9
	4
	9
	9
	6
	9
	4
	9
	9
	9
	9
	4
	9
	4
	0
	9
	9
	6
	9
	9
	9
	4
	4
	9
	9
	4
	9
	4
	4
	9
	9
	9
	9
	4
	9
	9
	4
	9
	1
	9
	9
	4
	9
	9
	9
	9
	9
	9
	9
	6
	9
	9
	9
	9
	9
	9
	9
	4
	9
	4
	0
	4
	10
	9
	0
	4
	1
	0
	4
	4
	0
	6
	9
	0
	4
	9
	6
	0
	4
	1
	4
	6
	0
	1
	9
	0
	6
	4
	2
	4
	4
	0
	1
	4
	6
	0
	10
	9
	0
	6
	9
	0
	1
	4
	4
	0
	1
	4
	0
	4
	9
	0
	6
	4
	10
	0
	9
	1
	0
	6
	4
	0
	10
	9
	8
	1
	9
	4
	6
	0
	4
	1
	0
	4
	9
	0
	10
	4
	4
	0
	9
	1
	9
	1
	0
	6
	4
	10
	4
	10
	9
	0
	4
	6
	0
	4
	1
	2
	4
	4
	0
	1
	9
	0
	9
	11
	4
	0
	4
	10
	0
	1
	9
	4
	0
	9
	6
	4
	1
	4
	9
	1
	0
	6
	9
	4
	0
	4
	1
	0
	4
	6
	0
	4
	10
	0
	4
	4
	0
	4
	1
	0
	4
	6
	0
	1
	4
	6
	0
	4
	3
	0
	9
	6
	0
	4
	10
	0
	9
	6
	4
	0
	4
	5
	0
	5
	4
	0
	6
	9
	0
	9
	6
	4
	0
	9
	6
	9
	0
	4
	4
	0
	9
	5
	0
	4
	1
	9
	0
	4
	4
	0
	1
	9
	9
	6
	0
	4
	1
	4
	1
	4
	0
	6
	9
	10
	0
	9
	3
	0
	9
	4
	4
	0
	9
	4
	0
