Version identifier: 22.1.0.0 | 2022-03-09 | 1a383f8ce
CPXPARAM_Threads                                 1
CPXPARAM_MIP_Strategy_VariableSelect             3
CPXPARAM_TimeLimit                               599.99630124299995
Tried aggregator 1 time.
MIP Presolve eliminated 329 rows and 315 columns.
MIP Presolve modified 1 coefficients.
Reduced MIP has 1888 rows, 3465 columns, and 32524 nonzeros.
Reduced MIP has 3465 binaries, 0 generals, 0 SOSs, and 0 indicators.
Presolve time = 0.02 sec. (19.61 ticks)
Found incumbent of value 0.000000 after 0.07 sec. (49.23 ticks)

Root node processing (before b&c):
  Real time             =    0.07 sec. (49.37 ticks)
Sequential b&c:
  Real time             =    0.00 sec. (0.00 ticks)
                          ------------
Total (root+branch&cut) =    0.07 sec. (49.37 ticks)
Version identifier: 22.1.0.0 | 2022-03-09 | 1a383f8ce
CPXPARAM_Threads                                 1
CPXPARAM_MIP_Strategy_VariableSelect             3
CPXPARAM_TimeLimit                               599.907078673
Tried aggregator 1 time.
MIP Presolve eliminated 358 rows and 344 columns.
MIP Presolve modified 1 coefficients.
Reduced MIP has 2062 rows, 3784 columns, and 35540 nonzeros.
Reduced MIP has 3784 binaries, 0 generals, 0 SOSs, and 0 indicators.
Presolve time = 0.03 sec. (21.44 ticks)
Probing time = 0.00 sec. (3.04 ticks)
Tried aggregator 1 time.
Detecting symmetries...
Reduced MIP has 2062 rows, 3784 columns, and 35540 nonzeros.
Reduced MIP has 3784 binaries, 0 generals, 0 SOSs, and 0 indicators.
Presolve time = 0.02 sec. (21.55 ticks)
Probing time = 0.00 sec. (3.04 ticks)
Clique table members: 1369.
MIP emphasis: balance optimality and feasibility.
MIP search method: dynamic search.
Parallel mode: none, using 1 thread.
Root relaxation solution time = 0.03 sec. (26.11 ticks)

        Nodes                                         Cuts/
   Node  Left     Objective  IInf  Best Integer    Best Bound    ItCnt     Gap

      0     0        0.0000   135                      0.0000      505         
*     0+    0                            0.0000        0.0000             0.00%
      0     0        cutoff              0.0000        0.0000      505    0.00%
Elapsed time = 0.19 sec. (153.64 ticks, tree = 0.01 MB, solutions = 1)

Root node processing (before b&c):
  Real time             =    0.19 sec. (153.76 ticks)
Sequential b&c:
  Real time             =    0.00 sec. (0.00 ticks)
                          ------------
Total (root+branch&cut) =    0.19 sec. (153.76 ticks)
Version identifier: 22.1.0.0 | 2022-03-09 | 1a383f8ce
CPXPARAM_Threads                                 1
CPXPARAM_MIP_Strategy_VariableSelect             3
CPXPARAM_TimeLimit                               599.69052153099994
Tried aggregator 1 time.
MIP Presolve eliminated 372 rows and 358 columns.
MIP Presolve modified 1 coefficients.
Reduced MIP has 2146 rows, 3938 columns, and 36996 nonzeros.
Reduced MIP has 3938 binaries, 0 generals, 0 SOSs, and 0 indicators.
Presolve time = 0.03 sec. (22.30 ticks)
Probing time = 0.00 sec. (3.07 ticks)
Tried aggregator 1 time.
Detecting symmetries...
Reduced MIP has 2146 rows, 3938 columns, and 36996 nonzeros.
Reduced MIP has 3938 binaries, 0 generals, 0 SOSs, and 0 indicators.
Presolve time = 0.03 sec. (22.41 ticks)
Probing time = 0.00 sec. (3.07 ticks)
Clique table members: 1425.
MIP emphasis: balance optimality and feasibility.
MIP search method: dynamic search.
Parallel mode: none, using 1 thread.
Root relaxation solution time = 0.04 sec. (36.01 ticks)

        Nodes                                         Cuts/
   Node  Left     Objective  IInf  Best Integer    Best Bound    ItCnt     Gap

      0     0        0.0000   226                      0.0000      695         
*     0+    0                            0.0000        0.0000             0.00%
      0     0        cutoff              0.0000        0.0000      695    0.00%
Elapsed time = 0.34 sec. (280.52 ticks, tree = 0.01 MB, solutions = 1)

Root node processing (before b&c):
  Real time             =    0.34 sec. (280.66 ticks)
Sequential b&c:
  Real time             =    0.00 sec. (0.00 ticks)
                          ------------
Total (root+branch&cut) =    0.34 sec. (280.66 ticks)
Version identifier: 22.1.0.0 | 2022-03-09 | 1a383f8ce
CPXPARAM_Threads                                 1
CPXPARAM_MIP_Strategy_VariableSelect             3
CPXPARAM_TimeLimit                               599.33006426500003
Tried aggregator 1 time.
MIP Presolve eliminated 379 rows and 365 columns.
MIP Presolve modified 1 coefficients.
Reduced MIP has 2188 rows, 4015 columns, and 37724 nonzeros.
Reduced MIP has 4015 binaries, 0 generals, 0 SOSs, and 0 indicators.
Presolve time = 0.03 sec. (22.73 ticks)
Probing time = 0.00 sec. (3.08 ticks)
Tried aggregator 1 time.
Detecting symmetries...
Reduced MIP has 2188 rows, 4015 columns, and 37724 nonzeros.
Reduced MIP has 4015 binaries, 0 generals, 0 SOSs, and 0 indicators.
Presolve time = 0.03 sec. (22.84 ticks)
Probing time = 0.00 sec. (3.08 ticks)
Clique table members: 1453.
MIP emphasis: balance optimality and feasibility.
MIP search method: dynamic search.
Parallel mode: none, using 1 thread.
Root relaxation solution time = 0.09 sec. (77.87 ticks)

        Nodes                                         Cuts/
   Node  Left     Objective  IInf  Best Integer    Best Bound    ItCnt     Gap

      0     0        0.0000   483                      0.0000     1090         
*     0+    0                            0.0000        0.0000             0.00%
      0     0        cutoff              0.0000        0.0000     1090    0.00%
Elapsed time = 0.75 sec. (572.96 ticks, tree = 0.01 MB, solutions = 1)

Root node processing (before b&c):
  Real time             =    0.75 sec. (573.10 ticks)
Sequential b&c:
  Real time             =    0.00 sec. (0.00 ticks)
                          ------------
Total (root+branch&cut) =    0.75 sec. (573.10 ticks)
Version identifier: 22.1.0.0 | 2022-03-09 | 1a383f8ce
CPXPARAM_Threads                                 1
CPXPARAM_MIP_Strategy_VariableSelect             3
CPXPARAM_TimeLimit                               598.55033670299997
Tried aggregator 1 time.
MIP Presolve eliminated 383 rows and 369 columns.
MIP Presolve modified 1 coefficients.
Reduced MIP has 2212 rows, 4059 columns, and 38140 nonzeros.
Reduced MIP has 4059 binaries, 0 generals, 0 SOSs, and 0 indicators.
Presolve time = 0.03 sec. (22.98 ticks)
Probing time = 0.00 sec. (3.09 ticks)
Tried aggregator 1 time.
Detecting symmetries...
Reduced MIP has 2212 rows, 4059 columns, and 38140 nonzeros.
Reduced MIP has 4059 binaries, 0 generals, 0 SOSs, and 0 indicators.
Presolve time = 0.03 sec. (23.09 ticks)
Probing time = 0.00 sec. (3.09 ticks)
Clique table members: 1469.
MIP emphasis: balance optimality and feasibility.
MIP search method: dynamic search.
Parallel mode: none, using 1 thread.
Root relaxation solution time = 0.23 sec. (213.49 ticks)

        Nodes                                         Cuts/
   Node  Left     Objective  IInf  Best Integer    Best Bound    ItCnt     Gap

      0     0        0.0000   453                      0.0000     1922         
*     0+    0                            0.0000        0.0000             0.00%
      0     0        cutoff              0.0000        0.0000     1922    0.00%
Elapsed time = 0.71 sec. (550.20 ticks, tree = 0.01 MB, solutions = 1)

Root node processing (before b&c):
  Real time             =    0.71 sec. (550.34 ticks)
Sequential b&c:
  Real time             =    0.00 sec. (0.00 ticks)
                          ------------
Total (root+branch&cut) =    0.71 sec. (550.34 ticks)
Version identifier: 22.1.0.0 | 2022-03-09 | 1a383f8ce
CPXPARAM_Threads                                 1
CPXPARAM_MIP_Strategy_VariableSelect             3
CPXPARAM_TimeLimit                               597.81026405499995
Tried aggregator 1 time.
MIP Presolve eliminated 385 rows and 371 columns.
MIP Presolve modified 1 coefficients.
Reduced MIP has 2224 rows, 4081 columns, and 38348 nonzeros.
Reduced MIP has 4081 binaries, 0 generals, 0 SOSs, and 0 indicators.
Presolve time = 0.03 sec. (23.11 ticks)
Probing time = 0.00 sec. (3.10 ticks)
Tried aggregator 1 time.
Detecting symmetries...
Reduced MIP has 2224 rows, 4081 columns, and 38348 nonzeros.
Reduced MIP has 4081 binaries, 0 generals, 0 SOSs, and 0 indicators.
Presolve time = 0.03 sec. (23.22 ticks)
Probing time = 0.00 sec. (3.10 ticks)
Clique table members: 1477.
MIP emphasis: balance optimality and feasibility.
MIP search method: dynamic search.
Parallel mode: none, using 1 thread.
Root relaxation solution time = 0.15 sec. (128.24 ticks)

        Nodes                                         Cuts/
   Node  Left     Objective  IInf  Best Integer    Best Bound    ItCnt     Gap

      0     0    infeasible                                       1479         

Root node processing (before b&c):
  Real time             =    0.30 sec. (249.07 ticks)
Sequential b&c:
  Real time             =    0.00 sec. (0.00 ticks)
                          ------------
Total (root+branch&cut) =    0.30 sec. (249.07 ticks)
Version identifier: 22.1.0.0 | 2022-03-09 | 1a383f8ce
CPXPARAM_Threads                                 1
CPXPARAM_MIP_Strategy_VariableSelect             3
CPXPARAM_TimeLimit                               597.48158063300002
Tried aggregator 1 time.
MIP Presolve eliminated 384 rows and 370 columns.
MIP Presolve modified 1 coefficients.
Reduced MIP has 2218 rows, 4070 columns, and 38244 nonzeros.
Reduced MIP has 4070 binaries, 0 generals, 0 SOSs, and 0 indicators.
Presolve time = 0.03 sec. (23.06 ticks)
Probing time = 0.00 sec. (3.10 ticks)
Tried aggregator 1 time.
Detecting symmetries...
Reduced MIP has 2218 rows, 4070 columns, and 38244 nonzeros.
Reduced MIP has 4070 binaries, 0 generals, 0 SOSs, and 0 indicators.
Presolve time = 0.03 sec. (23.16 ticks)
Probing time = 0.00 sec. (3.10 ticks)
Clique table members: 1473.
MIP emphasis: balance optimality and feasibility.
MIP search method: dynamic search.
Parallel mode: none, using 1 thread.
Root relaxation solution time = 0.15 sec. (129.88 ticks)

        Nodes                                         Cuts/
   Node  Left     Objective  IInf  Best Integer    Best Bound    ItCnt     Gap

      0     0    infeasible                                       1516         

Root node processing (before b&c):
  Real time             =    0.30 sec. (248.59 ticks)
Sequential b&c:
  Real time             =    0.00 sec. (0.00 ticks)
                          ------------
Total (root+branch&cut) =    0.30 sec. (248.59 ticks)
Primal:	369
Dual:	369
Status:	Optimal
Time:	2.84189
Sequence:
	0
	1
	4
	0
	1
	4
	0
	5
	9
	0
	10
	4
	0
	10
	4
	0
	5
	9
	0
	10
	4
	0
	10
	4
	0
	5
	9
	0
	10
	4
	0
	10
	4
	0
	5
	9
	0
	10
	4
	0
	10
	4
	0
	5
	9
	0
	10
	4
	0
	10
	4
	0
	5
	9
	0
	10
	4
	0
	10
	4
	0
	9
	4
	0
	4
	9
	0
	4
	4
	0
	9
	4
	0
	4
	9
	0
	4
	4
	0
	9
	4
	0
	4
	9
	0
	4
	4
	0
	9
	4
	0
	4
	9
	0
	4
	4
	0
	9
	4
	0
	4
	9
	0
	4
	4
	0
	9
	4
	0
	4
	9
	4
	4
	9
	4
	4
	9
	4
	4
	9
	4
	4
	9
	4
	4
	9
	4
	4
	9
	4
	4
	9
	4
	4
	9
	4
	4
	9
	4
	4
	9
	4
	4
	9
	4
	4
	9
	4
	4
	9
	4
	4
	9
	4
	4
	9
	4
	4
	9
	4
	4
	9
	4
	4
	9
	4
	4
	9
	4
	4
	9
	4
	4
	9
	4
	4
	9
	4
	4
	9
	4
	4
	9
	4
	4
	9
	4
	4
	9
	4
	4
	9
	9
	9
	9
	9
	9
	9
	9
	9
	9
	9
	9
	9
	9
	9
	9
	9
	9
	9
	9
	9
	9
	9
	9
	9
	9
	9
	9
	9
	9
	9
	9
	9
	9
	9
	9
	9
	9
	9
	9
	9
	9
	9
	9
	9
	9
	9
	9
	9
	9
	9
	9
	9
	9
	9
	9
	9
	9
	9
	9
	9
	9
	9
	9
	9
	9
