Version identifier: 22.1.0.0 | 2022-03-09 | 1a383f8ce
CPXPARAM_Threads                                 1
CPXPARAM_MIP_Strategy_VariableSelect             3
CPXPARAM_TimeLimit                               599.99587955200002
Found incumbent of value 0.000000 after 0.00 sec. (0.58 ticks)

Root node processing (before b&c):
  Real time             =    0.00 sec. (0.66 ticks)
Sequential b&c:
  Real time             =    0.00 sec. (0.00 ticks)
                          ------------
Total (root+branch&cut) =    0.00 sec. (0.66 ticks)
Version identifier: 22.1.0.0 | 2022-03-09 | 1a383f8ce
CPXPARAM_Threads                                 1
CPXPARAM_MIP_Strategy_VariableSelect             3
CPXPARAM_TimeLimit                               599.97031958599996
Tried aggregator 1 time.
MIP Presolve eliminated 381 rows and 732 columns.
Reduced MIP has 2193 rows, 3660 columns, and 33822 nonzeros.
Reduced MIP has 3660 binaries, 0 generals, 0 SOSs, and 0 indicators.
Presolve time = 0.02 sec. (17.96 ticks)
Found incumbent of value 0.000000 after 0.08 sec. (53.28 ticks)

Root node processing (before b&c):
  Real time             =    0.08 sec. (53.44 ticks)
Sequential b&c:
  Real time             =    0.00 sec. (0.00 ticks)
                          ------------
Total (root+branch&cut) =    0.08 sec. (53.44 ticks)
Version identifier: 22.1.0.0 | 2022-03-09 | 1a383f8ce
CPXPARAM_Threads                                 1
CPXPARAM_MIP_Strategy_VariableSelect             3
CPXPARAM_TimeLimit                               599.87046329099996
Tried aggregator 1 time.
MIP Presolve eliminated 387 rows and 744 columns.
Reduced MIP has 2229 rows, 3720 columns, and 34380 nonzeros.
Reduced MIP has 3720 binaries, 0 generals, 0 SOSs, and 0 indicators.
Presolve time = 0.02 sec. (18.25 ticks)
Probing time = 0.00 sec. (2.99 ticks)
Tried aggregator 1 time.
Detecting symmetries...
Reduced MIP has 2229 rows, 3720 columns, and 34380 nonzeros.
Reduced MIP has 3720 binaries, 0 generals, 0 SOSs, and 0 indicators.
Presolve time = 0.02 sec. (21.32 ticks)
Probing time = 0.00 sec. (2.99 ticks)
Clique table members: 1480.
MIP emphasis: balance optimality and feasibility.
MIP search method: dynamic search.
Parallel mode: none, using 1 thread.
Root relaxation solution time = 0.03 sec. (24.81 ticks)

        Nodes                                         Cuts/
   Node  Left     Objective  IInf  Best Integer    Best Bound    ItCnt     Gap

      0     0        0.0000    35                      0.0000      487         
*     0+    0                            0.0000        0.0000             0.00%
      0     0        cutoff              0.0000        0.0000      487    0.00%
Elapsed time = 0.17 sec. (137.44 ticks, tree = 0.01 MB, solutions = 1)

Root node processing (before b&c):
  Real time             =    0.17 sec. (137.58 ticks)
Sequential b&c:
  Real time             =    0.00 sec. (0.00 ticks)
                          ------------
Total (root+branch&cut) =    0.17 sec. (137.58 ticks)
Version identifier: 22.1.0.0 | 2022-03-09 | 1a383f8ce
CPXPARAM_Threads                                 1
CPXPARAM_MIP_Strategy_VariableSelect             3
CPXPARAM_TimeLimit                               599.67575558500005
Tried aggregator 1 time.
MIP Presolve eliminated 390 rows and 750 columns.
Reduced MIP has 2247 rows, 3750 columns, and 34659 nonzeros.
Reduced MIP has 3750 binaries, 0 generals, 0 SOSs, and 0 indicators.
Presolve time = 0.02 sec. (18.38 ticks)
Probing time = 0.00 sec. (2.99 ticks)
Tried aggregator 1 time.
Detecting symmetries...
Reduced MIP has 2247 rows, 3750 columns, and 34659 nonzeros.
Reduced MIP has 3750 binaries, 0 generals, 0 SOSs, and 0 indicators.
Presolve time = 0.02 sec. (21.48 ticks)
Probing time = 0.00 sec. (2.99 ticks)
Clique table members: 1492.
MIP emphasis: balance optimality and feasibility.
MIP search method: dynamic search.
Parallel mode: none, using 1 thread.
Root relaxation solution time = 0.03 sec. (27.78 ticks)

        Nodes                                         Cuts/
   Node  Left     Objective  IInf  Best Integer    Best Bound    ItCnt     Gap

      0     0        0.0000   111                      0.0000      560         
*     0+    0                            0.0000        0.0000             0.00%
      0     0        cutoff              0.0000        0.0000      560    0.00%
Elapsed time = 0.18 sec. (141.78 ticks, tree = 0.01 MB, solutions = 1)

Root node processing (before b&c):
  Real time             =    0.18 sec. (141.92 ticks)
Sequential b&c:
  Real time             =    0.00 sec. (0.00 ticks)
                          ------------
Total (root+branch&cut) =    0.18 sec. (141.92 ticks)
Version identifier: 22.1.0.0 | 2022-03-09 | 1a383f8ce
CPXPARAM_Threads                                 1
CPXPARAM_MIP_Strategy_VariableSelect             3
CPXPARAM_TimeLimit                               599.47450494400005
Tried aggregator 1 time.
MIP Presolve eliminated 391 rows and 752 columns.
Reduced MIP has 2253 rows, 3760 columns, and 34752 nonzeros.
Reduced MIP has 3760 binaries, 0 generals, 0 SOSs, and 0 indicators.
Presolve time = 0.02 sec. (18.43 ticks)
Probing time = 0.00 sec. (3.00 ticks)
Tried aggregator 1 time.
Detecting symmetries...
Reduced MIP has 2253 rows, 3760 columns, and 34752 nonzeros.
Reduced MIP has 3760 binaries, 0 generals, 0 SOSs, and 0 indicators.
Presolve time = 0.02 sec. (21.54 ticks)
Probing time = 0.00 sec. (3.00 ticks)
Clique table members: 1496.
MIP emphasis: balance optimality and feasibility.
MIP search method: dynamic search.
Parallel mode: none, using 1 thread.
Root relaxation solution time = 0.03 sec. (24.49 ticks)

        Nodes                                         Cuts/
   Node  Left     Objective  IInf  Best Integer    Best Bound    ItCnt     Gap

      0     0        0.0000    70                      0.0000      471         
*     0+    0                            0.0000        0.0000             0.00%
      0     0        cutoff              0.0000        0.0000      471    0.00%
Elapsed time = 0.17 sec. (136.83 ticks, tree = 0.01 MB, solutions = 1)

Root node processing (before b&c):
  Real time             =    0.17 sec. (136.97 ticks)
Sequential b&c:
  Real time             =    0.00 sec. (0.00 ticks)
                          ------------
Total (root+branch&cut) =    0.17 sec. (136.97 ticks)
Version identifier: 22.1.0.0 | 2022-03-09 | 1a383f8ce
CPXPARAM_Threads                                 1
CPXPARAM_MIP_Strategy_VariableSelect             3
CPXPARAM_TimeLimit                               599.28104410599997
Tried aggregator 1 time.
MIP Presolve eliminated 392 rows and 754 columns.
Reduced MIP has 2259 rows, 3770 columns, and 34845 nonzeros.
Reduced MIP has 3770 binaries, 0 generals, 0 SOSs, and 0 indicators.
Presolve time = 0.02 sec. (18.48 ticks)
Probing time = 0.00 sec. (3.00 ticks)
Tried aggregator 1 time.
Detecting symmetries...
Reduced MIP has 2259 rows, 3770 columns, and 34845 nonzeros.
Reduced MIP has 3770 binaries, 0 generals, 0 SOSs, and 0 indicators.
Presolve time = 0.02 sec. (21.59 ticks)
Probing time = 0.00 sec. (3.00 ticks)
Clique table members: 1500.
MIP emphasis: balance optimality and feasibility.
MIP search method: dynamic search.
Parallel mode: none, using 1 thread.
Root relaxation solution time = 0.03 sec. (27.28 ticks)

        Nodes                                         Cuts/
   Node  Left     Objective  IInf  Best Integer    Best Bound    ItCnt     Gap

      0     0        0.0000    91                      0.0000      525         
*     0+    0                            0.0000        0.0000             0.00%
      0     0        cutoff              0.0000        0.0000      525    0.00%
Elapsed time = 0.25 sec. (201.98 ticks, tree = 0.01 MB, solutions = 1)

Root node processing (before b&c):
  Real time             =    0.25 sec. (202.12 ticks)
Sequential b&c:
  Real time             =    0.00 sec. (0.00 ticks)
                          ------------
Total (root+branch&cut) =    0.25 sec. (202.12 ticks)
Primal:	377
Dual:	377
Status:	Optimal
Time:	0.987425
Sequence:
	4
	4
	2
	9
	9
	9
	9
	9
	9
	0
	9
	9
	9
	9
	9
	9
	4
	0
	9
	9
	4
	9
	9
	0
	9
	9
	4
	9
	9
	9
	9
	9
	9
	9
	4
	9
	4
	9
	9
	9
	9
	9
	9
	9
	2
	9
	9
	9
	9
	9
	9
	9
	9
	9
	9
	4
	0
	9
	4
	9
	4
	4
	9
	9
	4
	4
	9
	4
	9
	9
	9
	9
	9
	9
	9
	9
	9
	9
	9
	9
	9
	9
	9
	9
	9
	9
	9
	9
	4
	9
	9
	9
	4
	9
	4
	9
	9
	9
	9
	4
	9
	4
	0
	3
	9
	0
	9
	4
	4
	0
	9
	9
	0
	4
	3
	4
	0
	4
	4
	0
	4
	4
	9
	9
	0
	4
	9
	4
	0
	4
	11
	0
	4
	5
	9
	0
	9
	11
	0
	9
	4
	0
	4
	4
	0
	4
	5
	9
	0
	7
	4
	0
	4
	9
	0
	4
	9
	4
	4
	0
	4
	4
	0
	9
	11
	4
	1
	0
	4
	4
	9
	0
	1
	4
	0
	4
	7
	9
	5
	4
	0
	4
	4
	0
	4
	4
	0
	4
	9
	4
	0
	9
	4
	9
	0
	4
	9
	4
	0
	7
	4
	0
	9
	9
	0
	4
	4
	3
	0
	4
	4
	0
	9
	9
	4
	0
	4
	4
	11
	4
	9
	0
	4
	5
	0
	4
	9
	4
	0
	3
	4
	9
	9
	0
	9
	7
	0
	4
	5
	0
	4
	10
	4
	0
	9
	7
	4
	1
	0
	4
	9
	0
	4
	9
	10
	0
	4
	4
	0
	5
	9
	4
	0
	4
	4
	0
	9
	4
	11
	0
	9
	4
	4
	9
	0
	7
	4
	9
	0
	5
	4
	0
	10
	9
	0
	4
	9
	9
	0
	11
	4
	0
	4
	9
	4
	0
	9
	4
	0
	4
	7
	9
	9
	0
	4
	10
	0
	7
	9
	0
	4
	10
	0
	4
	4
	0
	11
	9
	4
	4
	0
	4
	1
	0
	11
	4
	4
	0
	4
	4
	0
	3
	4
	0
	4
	10
	2
	4
	7
	0
	4
	1
	0
	10
	4
	0
	4
	9
	4
	0
	11
	4
	0
	5
	9
	0
	7
	9
	9
	4
	2
	9
	3
	0
	4
	1
	0
	1
	9
	0
	9
	4
	0
	9
	4
	4
	0
