Version identifier: 22.1.0.0 | 2022-03-09 | 1a383f8ce
CPXPARAM_Threads                                 1
CPXPARAM_MIP_Strategy_VariableSelect             3
CPXPARAM_TimeLimit                               599.99678052599995
Found incumbent of value 0.000000 after 0.00 sec. (0.45 ticks)

Root node processing (before b&c):
  Real time             =    0.00 sec. (0.51 ticks)
Sequential b&c:
  Real time             =    0.00 sec. (0.00 ticks)
                          ------------
Total (root+branch&cut) =    0.00 sec. (0.51 ticks)
Version identifier: 22.1.0.0 | 2022-03-09 | 1a383f8ce
CPXPARAM_Threads                                 1
CPXPARAM_MIP_Strategy_VariableSelect             3
CPXPARAM_TimeLimit                               599.97651379000001
Tried aggregator 1 time.
MIP Presolve eliminated 18 rows and 588 columns.
MIP Presolve modified 1 coefficients.
Reduced MIP has 2052 rows, 2940 columns, and 27432 nonzeros.
Reduced MIP has 2940 binaries, 0 generals, 0 SOSs, and 0 indicators.
Presolve time = 0.02 sec. (14.92 ticks)
Probing time = 0.00 sec. (2.78 ticks)
Tried aggregator 1 time.
Detecting symmetries...
Reduced MIP has 2052 rows, 2940 columns, and 27432 nonzeros.
Reduced MIP has 2940 binaries, 0 generals, 0 SOSs, and 0 indicators.
Presolve time = 0.02 sec. (17.24 ticks)
Probing time = 0.00 sec. (2.78 ticks)
Clique table members: 1459.
MIP emphasis: balance optimality and feasibility.
MIP search method: dynamic search.
Parallel mode: none, using 1 thread.
Root relaxation solution time = 0.05 sec. (38.54 ticks)

        Nodes                                         Cuts/
   Node  Left     Objective  IInf  Best Integer    Best Bound    ItCnt     Gap

      0     0    infeasible                                        962         

Root node processing (before b&c):
  Real time             =    0.17 sec. (131.85 ticks)
Sequential b&c:
  Real time             =    0.00 sec. (0.00 ticks)
                          ------------
Total (root+branch&cut) =    0.17 sec. (131.85 ticks)
Version identifier: 22.1.0.0 | 2022-03-09 | 1a383f8ce
CPXPARAM_Threads                                 1
CPXPARAM_MIP_Strategy_VariableSelect             3
CPXPARAM_TimeLimit                               599.79174688900002
Tried aggregator 1 time.
MIP Presolve eliminated 18 rows and 564 columns.
MIP Presolve modified 1 coefficients.
Reduced MIP has 1968 rows, 2820 columns, and 26304 nonzeros.
Reduced MIP has 2820 binaries, 0 generals, 0 SOSs, and 0 indicators.
Presolve time = 0.02 sec. (14.32 ticks)
Probing time = 0.00 sec. (2.75 ticks)
Tried aggregator 1 time.
Detecting symmetries...
Reduced MIP has 1968 rows, 2820 columns, and 26304 nonzeros.
Reduced MIP has 2820 binaries, 0 generals, 0 SOSs, and 0 indicators.
Presolve time = 0.02 sec. (16.55 ticks)
Probing time = 0.00 sec. (2.75 ticks)
Clique table members: 1399.
MIP emphasis: balance optimality and feasibility.
MIP search method: dynamic search.
Parallel mode: none, using 1 thread.
Root relaxation solution time = 0.05 sec. (43.31 ticks)

        Nodes                                         Cuts/
   Node  Left     Objective  IInf  Best Integer    Best Bound    ItCnt     Gap

      0     0    infeasible                                       1076         

Root node processing (before b&c):
  Real time             =    0.16 sec. (134.03 ticks)
Sequential b&c:
  Real time             =    0.00 sec. (0.00 ticks)
                          ------------
Total (root+branch&cut) =    0.16 sec. (134.03 ticks)
Version identifier: 22.1.0.0 | 2022-03-09 | 1a383f8ce
CPXPARAM_Threads                                 1
CPXPARAM_MIP_Strategy_VariableSelect             3
CPXPARAM_TimeLimit                               599.60989139900005
Tried aggregator 1 time.
MIP Presolve eliminated 18 rows and 552 columns.
MIP Presolve modified 1 coefficients.
Reduced MIP has 1926 rows, 2760 columns, and 25740 nonzeros.
Reduced MIP has 2760 binaries, 0 generals, 0 SOSs, and 0 indicators.
Presolve time = 0.02 sec. (14.02 ticks)
Probing time = 0.00 sec. (2.74 ticks)
Tried aggregator 1 time.
Detecting symmetries...
Reduced MIP has 1926 rows, 2760 columns, and 25740 nonzeros.
Reduced MIP has 2760 binaries, 0 generals, 0 SOSs, and 0 indicators.
Presolve time = 0.02 sec. (16.19 ticks)
Probing time = 0.00 sec. (2.74 ticks)
Clique table members: 1369.
MIP emphasis: balance optimality and feasibility.
MIP search method: dynamic search.
Parallel mode: none, using 1 thread.
Root relaxation solution time = 0.04 sec. (36.55 ticks)

        Nodes                                         Cuts/
   Node  Left     Objective  IInf  Best Integer    Best Bound    ItCnt     Gap

      0     0        0.0000   429                      0.0000      915         
*     0+    0                            0.0000        0.0000             0.00%
      0     0        cutoff              0.0000        0.0000      915    0.00%
Elapsed time = 0.28 sec. (228.95 ticks, tree = 0.01 MB, solutions = 1)

Root node processing (before b&c):
  Real time             =    0.28 sec. (229.05 ticks)
Sequential b&c:
  Real time             =    0.00 sec. (0.00 ticks)
                          ------------
Total (root+branch&cut) =    0.28 sec. (229.05 ticks)
Version identifier: 22.1.0.0 | 2022-03-09 | 1a383f8ce
CPXPARAM_Threads                                 1
CPXPARAM_MIP_Strategy_VariableSelect             3
CPXPARAM_TimeLimit                               599.31484150100005
Tried aggregator 1 time.
MIP Presolve eliminated 18 rows and 558 columns.
MIP Presolve modified 1 coefficients.
Reduced MIP has 1947 rows, 2790 columns, and 26022 nonzeros.
Reduced MIP has 2790 binaries, 0 generals, 0 SOSs, and 0 indicators.
Presolve time = 0.02 sec. (14.17 ticks)
Probing time = 0.00 sec. (2.75 ticks)
Tried aggregator 1 time.
Detecting symmetries...
Reduced MIP has 1947 rows, 2790 columns, and 26022 nonzeros.
Reduced MIP has 2790 binaries, 0 generals, 0 SOSs, and 0 indicators.
Presolve time = 0.02 sec. (16.36 ticks)
Probing time = 0.00 sec. (2.75 ticks)
Clique table members: 1384.
MIP emphasis: balance optimality and feasibility.
MIP search method: dynamic search.
Parallel mode: none, using 1 thread.
Root relaxation solution time = 0.06 sec. (49.39 ticks)

        Nodes                                         Cuts/
   Node  Left     Objective  IInf  Best Integer    Best Bound    ItCnt     Gap

      0     0        0.0000   603                      0.0000     1061         
*     0+    0                            0.0000        0.0000             0.00%
      0     0        cutoff              0.0000        0.0000     1061    0.00%
Elapsed time = 0.32 sec. (244.19 ticks, tree = 0.01 MB, solutions = 1)

Root node processing (before b&c):
  Real time             =    0.32 sec. (244.30 ticks)
Sequential b&c:
  Real time             =    0.00 sec. (0.00 ticks)
                          ------------
Total (root+branch&cut) =    0.32 sec. (244.30 ticks)
Version identifier: 22.1.0.0 | 2022-03-09 | 1a383f8ce
CPXPARAM_Threads                                 1
CPXPARAM_MIP_Strategy_VariableSelect             3
CPXPARAM_TimeLimit                               598.97671755800002
Tried aggregator 1 time.
MIP Presolve eliminated 18 rows and 560 columns.
MIP Presolve modified 1 coefficients.
Reduced MIP has 1954 rows, 2800 columns, and 26116 nonzeros.
Reduced MIP has 2800 binaries, 0 generals, 0 SOSs, and 0 indicators.
Presolve time = 0.02 sec. (14.22 ticks)
Probing time = 0.00 sec. (2.75 ticks)
Tried aggregator 1 time.
Detecting symmetries...
Reduced MIP has 1954 rows, 2800 columns, and 26116 nonzeros.
Reduced MIP has 2800 binaries, 0 generals, 0 SOSs, and 0 indicators.
Presolve time = 0.02 sec. (16.42 ticks)
Probing time = 0.00 sec. (2.75 ticks)
Clique table members: 1389.
MIP emphasis: balance optimality and feasibility.
MIP search method: dynamic search.
Parallel mode: none, using 1 thread.
Root relaxation solution time = 0.06 sec. (50.27 ticks)

        Nodes                                         Cuts/
   Node  Left     Objective  IInf  Best Integer    Best Bound    ItCnt     Gap

      0     0        0.0000   580                      0.0000     1024         
*     0+    0                            0.0000        0.0000             0.00%
      0     0        cutoff              0.0000        0.0000     1024    0.00%
Elapsed time = 0.31 sec. (251.33 ticks, tree = 0.01 MB, solutions = 1)

Root node processing (before b&c):
  Real time             =    0.31 sec. (251.44 ticks)
Sequential b&c:
  Real time             =    0.00 sec. (0.00 ticks)
                          ------------
Total (root+branch&cut) =    0.31 sec. (251.44 ticks)
Version identifier: 22.1.0.0 | 2022-03-09 | 1a383f8ce
CPXPARAM_Threads                                 1
CPXPARAM_MIP_Strategy_VariableSelect             3
CPXPARAM_TimeLimit                               598.64917022500003
Tried aggregator 1 time.
MIP Presolve eliminated 18 rows and 562 columns.
MIP Presolve modified 1 coefficients.
Reduced MIP has 1961 rows, 2810 columns, and 26210 nonzeros.
Reduced MIP has 2810 binaries, 0 generals, 0 SOSs, and 0 indicators.
Presolve time = 0.02 sec. (14.27 ticks)
Probing time = 0.00 sec. (2.75 ticks)
Tried aggregator 1 time.
Detecting symmetries...
Reduced MIP has 1961 rows, 2810 columns, and 26210 nonzeros.
Reduced MIP has 2810 binaries, 0 generals, 0 SOSs, and 0 indicators.
Presolve time = 0.02 sec. (16.48 ticks)
Probing time = 0.00 sec. (2.75 ticks)
Clique table members: 1394.
MIP emphasis: balance optimality and feasibility.
MIP search method: dynamic search.
Parallel mode: none, using 1 thread.
Root relaxation solution time = 0.06 sec. (54.53 ticks)

        Nodes                                         Cuts/
   Node  Left     Objective  IInf  Best Integer    Best Bound    ItCnt     Gap

*     0     0      integral     0        0.0000        0.0000     1163    0.00%
Elapsed time = 0.17 sec. (144.21 ticks, tree = 0.00 MB, solutions = 1)

Root node processing (before b&c):
  Real time             =    0.17 sec. (144.31 ticks)
Sequential b&c:
  Real time             =    0.00 sec. (0.00 ticks)
                          ------------
Total (root+branch&cut) =    0.17 sec. (144.31 ticks)
Primal:	281
Dual:	281
Status:	Optimal
Time:	1.54099
Sequence:
	1
	9
	1
	9
	5
	2
	5
	9
	1
	4
	5
	9
	5
	9
	1
	9
	1
	4
	5
	9
	7
	9
	5
	9
	6
	9
	5
	9
	5
	9
	7
	4
	1
	9
	1
	9
	7
	9
	5
	9
	6
	9
	5
	9
	1
	9
	5
	9
	5
	9
	1
	9
	5
	9
	7
	9
	1
	9
	1
	9
	6
	9
	5
	9
	6
	9
	1
	9
	6
	9
	5
	9
	6
	9
	7
	9
	1
	9
	5
	9
	1
	9
	11
	9
	5
	9
	5
	9
	5
	9
	1
	9
	7
	9
	5
	9
	5
	9
	5
	9
	5
	9
	5
	9
	1
	9
	6
	4
	1
	4
	7
	9
	5
	0
	6
	9
	5
	4
	1
	4
	6
	9
	7
	9
	6
	2
	1
	4
	7
	9
	5
	9
	6
	9
	1
	9
	7
	9
	5
	9
	5
	9
	1
	2
	1
	9
	1
	4
	1
	4
	5
	9
	6
	4
	11
	4
	5
	9
	6
	9
	11
	9
	1
	9
	6
	4
	1
	9
	5
	9
	5
	9
	1
	4
	1
	4
	7
	9
	5
	4
	1
	4
	7
	0
	5
	9
	1
	4
	5
	9
	7
	9
	5
	9
	5
	9
	6
	4
	1
	4
	7
	9
	6
	9
	5
	9
	1
	4
	6
	9
	7
	0
	6
	4
	10
	4
	6
	9
	7
	4
	1
	4
	5
	9
	5
	2
	6
	9
	7
	9
	1
	9
	1
	9
	6
	9
	7
	9
	6
	4
	1
	4
	5
	9
	5
	9
	7
	2
	5
	4
	1
	4
	7
	9
	10
	9
	6
	4
	11
	4
	5
	9
	5
	9
	5
	9
	1
	4
	7
	9
	5
	9
	1
	4
	5
	9
	5
	9
	6
	9
	7
