Version identifier: 22.1.0.0 | 2022-03-09 | 1a383f8ce
CPXPARAM_Threads                                 1
CPXPARAM_MIP_Strategy_VariableSelect             3
CPXPARAM_TimeLimit                               599.99767402800001
Found incumbent of value 0.000000 after 0.00 sec. (0.32 ticks)

Root node processing (before b&c):
  Real time             =    0.00 sec. (0.36 ticks)
Sequential b&c:
  Real time             =    0.00 sec. (0.00 ticks)
                          ------------
Total (root+branch&cut) =    0.00 sec. (0.36 ticks)
Version identifier: 22.1.0.0 | 2022-03-09 | 1a383f8ce
CPXPARAM_Threads                                 1
CPXPARAM_MIP_Strategy_VariableSelect             3
CPXPARAM_TimeLimit                               599.98304482399999
Tried aggregator 1 time.
MIP Presolve eliminated 618 rows and 812 columns.
MIP Presolve modified 7 coefficients.
Reduced MIP has 815 rows, 1624 columns, and 7879 nonzeros.
Reduced MIP has 1624 binaries, 0 generals, 0 SOSs, and 0 indicators.
Presolve time = 0.01 sec. (7.30 ticks)
Found incumbent of value 0.000000 after 0.02 sec. (16.23 ticks)

Root node processing (before b&c):
  Real time             =    0.03 sec. (16.32 ticks)
Sequential b&c:
  Real time             =    0.00 sec. (0.00 ticks)
                          ------------
Total (root+branch&cut) =    0.03 sec. (16.32 ticks)
Version identifier: 22.1.0.0 | 2022-03-09 | 1a383f8ce
CPXPARAM_Threads                                 1
CPXPARAM_MIP_Strategy_VariableSelect             3
CPXPARAM_TimeLimit                               599.944350429
Tried aggregator 1 time.
MIP Presolve eliminated 630 rows and 828 columns.
MIP Presolve modified 7 coefficients.
Reduced MIP has 831 rows, 1656 columns, and 8035 nonzeros.
Reduced MIP has 1656 binaries, 0 generals, 0 SOSs, and 0 indicators.
Presolve time = 0.01 sec. (7.43 ticks)
Found incumbent of value 0.000000 after 0.03 sec. (17.43 ticks)

Root node processing (before b&c):
  Real time             =    0.03 sec. (17.52 ticks)
Sequential b&c:
  Real time             =    0.00 sec. (0.00 ticks)
                          ------------
Total (root+branch&cut) =    0.03 sec. (17.52 ticks)
Version identifier: 22.1.0.0 | 2022-03-09 | 1a383f8ce
CPXPARAM_Threads                                 1
CPXPARAM_MIP_Strategy_VariableSelect             3
CPXPARAM_TimeLimit                               599.90354482299995
Tried aggregator 1 time.
MIP Presolve eliminated 636 rows and 836 columns.
MIP Presolve modified 7 coefficients.
Reduced MIP has 839 rows, 1672 columns, and 8113 nonzeros.
Reduced MIP has 1672 binaries, 0 generals, 0 SOSs, and 0 indicators.
Presolve time = 0.01 sec. (7.50 ticks)
Found incumbent of value 0.000000 after 0.03 sec. (16.95 ticks)

Root node processing (before b&c):
  Real time             =    0.03 sec. (17.04 ticks)
Sequential b&c:
  Real time             =    0.00 sec. (0.00 ticks)
                          ------------
Total (root+branch&cut) =    0.03 sec. (17.04 ticks)
Version identifier: 22.1.0.0 | 2022-03-09 | 1a383f8ce
CPXPARAM_Threads                                 1
CPXPARAM_MIP_Strategy_VariableSelect             3
CPXPARAM_TimeLimit                               599.86459367700002
Tried aggregator 1 time.
MIP Presolve eliminated 639 rows and 840 columns.
MIP Presolve modified 7 coefficients.
Reduced MIP has 843 rows, 1680 columns, and 8152 nonzeros.
Reduced MIP has 1680 binaries, 0 generals, 0 SOSs, and 0 indicators.
Presolve time = 0.01 sec. (7.54 ticks)
Found incumbent of value 0.000000 after 0.03 sec. (18.25 ticks)

Root node processing (before b&c):
  Real time             =    0.03 sec. (18.34 ticks)
Sequential b&c:
  Real time             =    0.00 sec. (0.00 ticks)
                          ------------
Total (root+branch&cut) =    0.03 sec. (18.34 ticks)
Version identifier: 22.1.0.0 | 2022-03-09 | 1a383f8ce
CPXPARAM_Threads                                 1
CPXPARAM_MIP_Strategy_VariableSelect             3
CPXPARAM_TimeLimit                               599.82267352500003
Tried aggregator 1 time.
MIP Presolve eliminated 642 rows and 844 columns.
MIP Presolve modified 7 coefficients.
Reduced MIP has 847 rows, 1688 columns, and 8191 nonzeros.
Reduced MIP has 1688 binaries, 0 generals, 0 SOSs, and 0 indicators.
Presolve time = 0.01 sec. (7.56 ticks)
Found incumbent of value 0.000000 after 0.03 sec. (17.14 ticks)

Root node processing (before b&c):
  Real time             =    0.03 sec. (17.23 ticks)
Sequential b&c:
  Real time             =    0.00 sec. (0.00 ticks)
                          ------------
Total (root+branch&cut) =    0.03 sec. (17.23 ticks)
Primal:	211
Dual:	211
Status:	Optimal
Time:	0.21441
Sequence:
	2
	5
	4
	1
	2
	1
	4
	8
	9
	9
	5
	9
	10
	2
	4
	9
	9
	9
	8
	10
	9
	9
	9
	9
	8
	9
	9
	10
	2
	9
	5
	9
	9
	9
	2
	9
	1
	9
	2
	9
	1
	2
	9
	4
	2
	9
	10
	9
	2
	9
	5
	8
	9
	4
	1
	2
	9
	10
	4
	2
	9
	9
	1
	9
	8
	4
	10
	2
	9
	4
	8
	9
	9
	4
	9
	9
	2
	9
	5
	9
	4
	2
	9
	9
	9
	9
	5
	2
	5
	9
	1
	8
	5
	9
	9
	5
	2
	9
	10
	2
	9
	9
	2
	9
	5
	9
	4
	9
	9
	2
	1
	9
	2
	4
	9
	9
	10
	2
	9
	5
	2
	9
	9
	2
	5
	4
	9
	2
	4
	9
	1
	2
	4
	4
	9
	9
	5
	9
	1
	2
	4
	1
	9
	2
	10
	9
	2
	9
	9
	5
	2
	9
	4
	5
	2
	9
	9
	8
	9
	9
	5
	2
	9
	1
	9
	2
	3
	9
	9
	4
	9
	9
	9
	4
	5
	9
	8
	10
	9
	2
	9
	9
	2
	10
	9
	9
	2
	9
	5
	8
	9
	9
	9
	8
	9
	9
	5
	9
	4
	4
	2
	9
	9
	10
	8
	4
	1
	2
	9
	9
	2
