Version identifier: 22.1.0.0 | 2022-03-09 | 1a383f8ce
CPXPARAM_Threads                                 1
CPXPARAM_MIP_Strategy_VariableSelect             3
CPXPARAM_TimeLimit                               599.99774576200002
Found incumbent of value 0.000000 after 0.00 sec. (0.31 ticks)

Root node processing (before b&c):
  Real time             =    0.00 sec. (0.35 ticks)
Sequential b&c:
  Real time             =    0.00 sec. (0.00 ticks)
                          ------------
Total (root+branch&cut) =    0.00 sec. (0.35 ticks)
Version identifier: 22.1.0.0 | 2022-03-09 | 1a383f8ce
CPXPARAM_Threads                                 1
CPXPARAM_MIP_Strategy_VariableSelect             3
CPXPARAM_TimeLimit                               599.98205982800005
Found incumbent of value 0.000000 after 0.00 sec. (0.34 ticks)

Root node processing (before b&c):
  Real time             =    0.00 sec. (0.39 ticks)
Sequential b&c:
  Real time             =    0.00 sec. (0.00 ticks)
                          ------------
Total (root+branch&cut) =    0.00 sec. (0.39 ticks)
Version identifier: 22.1.0.0 | 2022-03-09 | 1a383f8ce
CPXPARAM_Threads                                 1
CPXPARAM_MIP_Strategy_VariableSelect             3
CPXPARAM_TimeLimit                               599.96701670799996
Found incumbent of value 0.000000 after 0.00 sec. (0.36 ticks)

Root node processing (before b&c):
  Real time             =    0.00 sec. (0.40 ticks)
Sequential b&c:
  Real time             =    0.00 sec. (0.00 ticks)
                          ------------
Total (root+branch&cut) =    0.00 sec. (0.40 ticks)
Version identifier: 22.1.0.0 | 2022-03-09 | 1a383f8ce
CPXPARAM_Threads                                 1
CPXPARAM_MIP_Strategy_VariableSelect             3
CPXPARAM_TimeLimit                               599.95154234899996
Found incumbent of value 0.000000 after 0.00 sec. (0.37 ticks)

Root node processing (before b&c):
  Real time             =    0.00 sec. (0.41 ticks)
Sequential b&c:
  Real time             =    0.00 sec. (0.00 ticks)
                          ------------
Total (root+branch&cut) =    0.00 sec. (0.41 ticks)
Version identifier: 22.1.0.0 | 2022-03-09 | 1a383f8ce
CPXPARAM_Threads                                 1
CPXPARAM_MIP_Strategy_VariableSelect             3
CPXPARAM_TimeLimit                               599.93520190599997
Found incumbent of value 0.000000 after 0.00 sec. (0.37 ticks)

Root node processing (before b&c):
  Real time             =    0.00 sec. (0.42 ticks)
Sequential b&c:
  Real time             =    0.00 sec. (0.00 ticks)
                          ------------
Total (root+branch&cut) =    0.00 sec. (0.42 ticks)
Version identifier: 22.1.0.0 | 2022-03-09 | 1a383f8ce
CPXPARAM_Threads                                 1
CPXPARAM_MIP_Strategy_VariableSelect             3
CPXPARAM_TimeLimit                               599.91913403599995
Found incumbent of value 0.000000 after 0.00 sec. (0.37 ticks)

Root node processing (before b&c):
  Real time             =    0.00 sec. (0.42 ticks)
Sequential b&c:
  Real time             =    0.00 sec. (0.00 ticks)
                          ------------
Total (root+branch&cut) =    0.00 sec. (0.42 ticks)
Version identifier: 22.1.0.0 | 2022-03-09 | 1a383f8ce
CPXPARAM_Threads                                 1
CPXPARAM_MIP_Strategy_VariableSelect             3
CPXPARAM_TimeLimit                               599.90322141800004
Found incumbent of value 0.000000 after 0.00 sec. (0.37 ticks)

Root node processing (before b&c):
  Real time             =    0.00 sec. (0.42 ticks)
Sequential b&c:
  Real time             =    0.00 sec. (0.00 ticks)
                          ------------
Total (root+branch&cut) =    0.00 sec. (0.42 ticks)
Primal:	225
Dual:	225
Status:	Optimal
Time:	0.11019
Sequence:
	0
	1
	4
	0
	1
	4
	0
	1
	4
	0
	1
	4
	0
	1
	4
	0
	1
	4
	0
	1
	4
	0
	1
	4
	0
	1
	4
	0
	1
	4
	0
	1
	4
	0
	1
	4
	0
	1
	4
	0
	1
	4
	0
	1
	4
	0
	1
	4
	0
	1
	4
	0
	1
	4
	0
	4
	4
	0
	4
	4
	0
	4
	4
	0
	4
	4
	0
	4
	4
	0
	4
	4
	0
	4
	4
	0
	4
	4
	0
	4
	4
	0
	4
	4
	0
	4
	4
	0
	4
	4
	0
	4
	4
	0
	4
	4
	0
	4
	4
	0
	4
	4
	0
	4
	4
	0
	4
	4
	0
	4
	4
	0
	4
	4
	0
	4
	4
	0
	4
	4
	0
	4
	4
	0
	4
	4
	0
	4
	5
	0
	5
	9
	0
	5
	9
	5
	9
	5
	9
	5
	9
	5
	9
	5
	9
	5
	9
	5
	9
	9
	9
	9
	9
	9
	9
	9
	9
	9
	9
	9
	9
	9
	9
	9
	9
	9
	9
	9
	9
	9
	9
	9
	9
	9
	9
	9
	9
	9
	9
	9
	9
	9
	9
	9
	9
	9
	9
	9
	9
	9
	9
	9
	9
	9
	9
	9
	9
	9
	9
	9
	9
	9
	9
	9
	9
	9
	9
	9
	9
	9
	9
	9
	9
	9
	9
	9
	9
	9
	9
	9
	9
	9
	9
	9
	9
