Version identifier: 22.1.0.0 | 2022-03-09 | 1a383f8ce
CPXPARAM_Threads                                 1
CPXPARAM_MIP_Strategy_VariableSelect             3
CPXPARAM_TimeLimit                               599.99680313399995
Found incumbent of value 0.000000 after 0.00 sec. (0.50 ticks)

Root node processing (before b&c):
  Real time             =    0.00 sec. (0.56 ticks)
Sequential b&c:
  Real time             =    0.00 sec. (0.00 ticks)
                          ------------
Total (root+branch&cut) =    0.00 sec. (0.56 ticks)
Version identifier: 22.1.0.0 | 2022-03-09 | 1a383f8ce
CPXPARAM_Threads                                 1
CPXPARAM_MIP_Strategy_VariableSelect             3
CPXPARAM_TimeLimit                               599.97576585599995
Tried aggregator 1 time.
MIP Presolve eliminated 18 rows and 1020 columns.
MIP Presolve modified 4 coefficients.
Reduced MIP has 2374 rows, 3060 columns, and 30070 nonzeros.
Reduced MIP has 3060 binaries, 0 generals, 0 SOSs, and 0 indicators.
Presolve time = 0.02 sec. (17.69 ticks)
Found incumbent of value 0.000000 after 0.06 sec. (46.50 ticks)

Root node processing (before b&c):
  Real time             =    0.06 sec. (46.65 ticks)
Sequential b&c:
  Real time             =    0.00 sec. (0.00 ticks)
                          ------------
Total (root+branch&cut) =    0.06 sec. (46.65 ticks)
Version identifier: 22.1.0.0 | 2022-03-09 | 1a383f8ce
CPXPARAM_Threads                                 1
CPXPARAM_MIP_Strategy_VariableSelect             3
CPXPARAM_TimeLimit                               599.89223570000001
Tried aggregator 1 time.
MIP Presolve eliminated 18 rows and 1083 columns.
MIP Presolve modified 3 coefficients.
Reduced MIP has 2521 rows, 3249 columns, and 31939 nonzeros.
Reduced MIP has 3249 binaries, 0 generals, 0 SOSs, and 0 indicators.
Presolve time = 0.02 sec. (18.72 ticks)
Found incumbent of value 0.000000 after 0.07 sec. (50.50 ticks)

Root node processing (before b&c):
  Real time             =    0.07 sec. (50.66 ticks)
Sequential b&c:
  Real time             =    0.00 sec. (0.00 ticks)
                          ------------
Total (root+branch&cut) =    0.07 sec. (50.66 ticks)
Version identifier: 22.1.0.0 | 2022-03-09 | 1a383f8ce
CPXPARAM_Threads                                 1
CPXPARAM_MIP_Strategy_VariableSelect             3
CPXPARAM_TimeLimit                               599.80227608999996
Tried aggregator 1 time.
MIP Presolve eliminated 18 rows and 1113 columns.
MIP Presolve modified 3 coefficients.
Reduced MIP has 2591 rows, 3339 columns, and 32829 nonzeros.
Reduced MIP has 3339 binaries, 0 generals, 0 SOSs, and 0 indicators.
Presolve time = 0.02 sec. (19.23 ticks)
Found incumbent of value 0.000000 after 0.07 sec. (53.64 ticks)

Root node processing (before b&c):
  Real time             =    0.07 sec. (53.81 ticks)
Sequential b&c:
  Real time             =    0.00 sec. (0.00 ticks)
                          ------------
Total (root+branch&cut) =    0.07 sec. (53.81 ticks)
Version identifier: 22.1.0.0 | 2022-03-09 | 1a383f8ce
CPXPARAM_Threads                                 1
CPXPARAM_MIP_Strategy_VariableSelect             3
CPXPARAM_TimeLimit                               599.70748774499998
Tried aggregator 1 time.
MIP Presolve eliminated 18 rows and 1128 columns.
MIP Presolve modified 3 coefficients.
Reduced MIP has 2626 rows, 3384 columns, and 33274 nonzeros.
Reduced MIP has 3384 binaries, 0 generals, 0 SOSs, and 0 indicators.
Presolve time = 0.02 sec. (19.49 ticks)
Found incumbent of value 0.000000 after 0.07 sec. (52.37 ticks)

Root node processing (before b&c):
  Real time             =    0.07 sec. (52.54 ticks)
Sequential b&c:
  Real time             =    0.00 sec. (0.00 ticks)
                          ------------
Total (root+branch&cut) =    0.07 sec. (52.54 ticks)
Version identifier: 22.1.0.0 | 2022-03-09 | 1a383f8ce
CPXPARAM_Threads                                 1
CPXPARAM_MIP_Strategy_VariableSelect             3
CPXPARAM_TimeLimit                               599.61274142900004
Tried aggregator 1 time.
MIP Presolve eliminated 18 rows and 1137 columns.
MIP Presolve modified 3 coefficients.
Reduced MIP has 2647 rows, 3411 columns, and 33541 nonzeros.
Reduced MIP has 3411 binaries, 0 generals, 0 SOSs, and 0 indicators.
Presolve time = 0.02 sec. (19.64 ticks)
Found incumbent of value 0.000000 after 0.07 sec. (52.17 ticks)

Root node processing (before b&c):
  Real time             =    0.07 sec. (52.34 ticks)
Sequential b&c:
  Real time             =    0.00 sec. (0.00 ticks)
                          ------------
Total (root+branch&cut) =    0.07 sec. (52.34 ticks)
Version identifier: 22.1.0.0 | 2022-03-09 | 1a383f8ce
CPXPARAM_Threads                                 1
CPXPARAM_MIP_Strategy_VariableSelect             3
CPXPARAM_TimeLimit                               599.52123893400005
Tried aggregator 1 time.
MIP Presolve eliminated 18 rows and 1140 columns.
MIP Presolve modified 3 coefficients.
Reduced MIP has 2654 rows, 3420 columns, and 33630 nonzeros.
Reduced MIP has 3420 binaries, 0 generals, 0 SOSs, and 0 indicators.
Presolve time = 0.02 sec. (19.69 ticks)
Found incumbent of value 0.000000 after 0.07 sec. (57.03 ticks)

Root node processing (before b&c):
  Real time             =    0.07 sec. (57.20 ticks)
Sequential b&c:
  Real time             =    0.00 sec. (0.00 ticks)
                          ------------
Total (root+branch&cut) =    0.07 sec. (57.20 ticks)
Version identifier: 22.1.0.0 | 2022-03-09 | 1a383f8ce
CPXPARAM_Threads                                 1
CPXPARAM_MIP_Strategy_VariableSelect             3
CPXPARAM_TimeLimit                               599.42335842099999
Tried aggregator 1 time.
MIP Presolve eliminated 18 rows and 1143 columns.
MIP Presolve modified 3 coefficients.
Reduced MIP has 2661 rows, 3429 columns, and 33719 nonzeros.
Reduced MIP has 3429 binaries, 0 generals, 0 SOSs, and 0 indicators.
Presolve time = 0.02 sec. (19.74 ticks)
Found incumbent of value 0.000000 after 0.07 sec. (52.13 ticks)

Root node processing (before b&c):
  Real time             =    0.07 sec. (52.30 ticks)
Sequential b&c:
  Real time             =    0.00 sec. (0.00 ticks)
                          ------------
Total (root+branch&cut) =    0.07 sec. (52.30 ticks)
Primal:	381
Dual:	381
Status:	Optimal
Time:	0.66385
Sequence:
	10
	4
	10
	4
	1
	9
	9
	10
	4
	0
	7
	9
	10
	9
	4
	10
	9
	1
	4
	4
	10
	4
	10
	9
	10
	4
	10
	9
	0
	9
	4
	9
	10
	0
	9
	4
	9
	10
	9
	0
	4
	9
	10
	0
	4
	9
	10
	4
	9
	9
	9
	1
	4
	9
	9
	9
	9
	1
	4
	9
	9
	1
	9
	1
	4
	1
	4
	9
	6
	9
	4
	4
	9
	4
	9
	4
	9
	10
	4
	10
	9
	9
	1
	4
	9
	4
	4
	10
	9
	4
	4
	0
	4
	1
	0
	6
	4
	9
	1
	9
	9
	10
	9
	4
	0
	9
	4
	10
	0
	4
	10
	4
	1
	4
	10
	9
	3
	9
	4
	9
	9
	6
	0
	4
	4
	1
	4
	1
	9
	4
	4
	9
	9
	0
	10
	9
	1
	0
	9
	1
	4
	1
	9
	9
	9
	4
	4
	9
	4
	4
	1
	4
	7
	9
	9
	4
	9
	9
	4
	7
	9
	4
	9
	4
	6
	9
	4
	10
	9
	0
	9
	9
	9
	1
	9
	10
	4
	7
	9
	4
	9
	4
	10
	4
	10
	4
	9
	1
	9
	1
	0
	10
	4
	9
	7
	9
	4
	9
	1
	4
	4
	9
	10
	4
	10
	4
	1
	4
	4
	9
	7
	4
	10
	4
	4
	10
	4
	4
	10
	4
	4
	9
	9
	1
	0
	4
	1
	9
	9
	10
	4
	3
	9
	4
	4
	9
	1
	4
	0
	7
	9
	9
	10
	9
	4
	4
	10
	4
	10
	4
	4
	10
	9
	10
	9
	9
	10
	0
	4
	9
	9
	4
	10
	9
	1
	0
	10
	9
	10
	9
	9
	9
	7
	9
	4
	9
	1
	4
	4
	0
	4
	1
	4
	9
	4
	9
	4
	0
	4
	10
	0
	4
	9
	9
	9
	4
	9
	9
	9
	9
	9
	9
	5
	9
	10
	9
	9
	9
	9
	6
	4
	9
	4
	9
	4
	4
	10
	0
	9
	6
	4
	10
	9
	10
	9
	1
	4
	1
	0
	9
	10
	4
	10
	4
	4
	9
	4
	1
	4
	9
	4
	0
	9
	4
	4
	9
	10
	4
	9
	10
	9
	4
	4
	9
	4
	1
	9
	10
	4
	9
	4
	6
	9
	1
	4
	4
	9
	9
	6
	9
	0
	9
	4
	10
	9
	4
	0
	4
	10
	9
	9
