Version identifier: 22.1.0.0 | 2022-03-09 | 1a383f8ce
CPXPARAM_Threads                                 1
CPXPARAM_MIP_Strategy_VariableSelect             3
CPXPARAM_TimeLimit                               599.99404803499999
Found incumbent of value 0.000000 after 0.00 sec. (0.43 ticks)

Root node processing (before b&c):
  Real time             =    0.00 sec. (0.48 ticks)
Sequential b&c:
  Real time             =    0.00 sec. (0.00 ticks)
                          ------------
Total (root+branch&cut) =    0.00 sec. (0.48 ticks)
Version identifier: 22.1.0.0 | 2022-03-09 | 1a383f8ce
CPXPARAM_Threads                                 1
CPXPARAM_MIP_Strategy_VariableSelect             3
CPXPARAM_TimeLimit                               599.95997531800003
Found incumbent of value 0.000000 after 0.00 sec. (0.53 ticks)

Root node processing (before b&c):
  Real time             =    0.00 sec. (0.60 ticks)
Sequential b&c:
  Real time             =    0.00 sec. (0.00 ticks)
                          ------------
Total (root+branch&cut) =    0.00 sec. (0.60 ticks)
Version identifier: 22.1.0.0 | 2022-03-09 | 1a383f8ce
CPXPARAM_Threads                                 1
CPXPARAM_MIP_Strategy_VariableSelect             3
CPXPARAM_TimeLimit                               599.92739800499999
Found incumbent of value 0.000000 after 0.00 sec. (0.58 ticks)

Root node processing (before b&c):
  Real time             =    0.00 sec. (0.66 ticks)
Sequential b&c:
  Real time             =    0.00 sec. (0.00 ticks)
                          ------------
Total (root+branch&cut) =    0.00 sec. (0.66 ticks)
Version identifier: 22.1.0.0 | 2022-03-09 | 1a383f8ce
CPXPARAM_Threads                                 1
CPXPARAM_MIP_Strategy_VariableSelect             3
CPXPARAM_TimeLimit                               599.89675518499996
Tried aggregator 1 time.
MIP Presolve eliminated 18 rows and 1086 columns.
MIP Presolve modified 3 coefficients.
Reduced MIP has 2528 rows, 3258 columns, and 29868 nonzeros.
Reduced MIP has 3258 binaries, 0 generals, 0 SOSs, and 0 indicators.
Presolve time = 0.03 sec. (17.89 ticks)
Probing time = 0.00 sec. (2.86 ticks)
Tried aggregator 1 time.
Detecting symmetries...
Reduced MIP has 2528 rows, 3258 columns, and 29868 nonzeros.
Reduced MIP has 3258 binaries, 0 generals, 0 SOSs, and 0 indicators.
Presolve time = 0.02 sec. (17.66 ticks)
Probing time = 0.00 sec. (2.86 ticks)
Clique table members: 1799.
MIP emphasis: balance optimality and feasibility.
MIP search method: dynamic search.
Parallel mode: none, using 1 thread.
Root relaxation solution time = 0.04 sec. (30.46 ticks)

        Nodes                                         Cuts/
   Node  Left     Objective  IInf  Best Integer    Best Bound    ItCnt     Gap

      0     0        0.0000   211                      0.0000      675         
*     0+    0                            0.0000        0.0000             0.00%
      0     0        cutoff              0.0000        0.0000      675    0.00%
Elapsed time = 0.37 sec. (236.72 ticks, tree = 0.01 MB, solutions = 1)

Root node processing (before b&c):
  Real time             =    0.37 sec. (236.85 ticks)
Sequential b&c:
  Real time             =    0.00 sec. (0.00 ticks)
                          ------------
Total (root+branch&cut) =    0.37 sec. (236.85 ticks)
Version identifier: 22.1.0.0 | 2022-03-09 | 1a383f8ce
CPXPARAM_Threads                                 1
CPXPARAM_MIP_Strategy_VariableSelect             3
CPXPARAM_TimeLimit                               599.501995577
Tried aggregator 1 time.
MIP Presolve eliminated 18 rows and 1110 columns.
MIP Presolve modified 3 coefficients.
Reduced MIP has 2584 rows, 3330 columns, and 30532 nonzeros.
Reduced MIP has 3330 binaries, 0 generals, 0 SOSs, and 0 indicators.
Presolve time = 0.03 sec. (18.27 ticks)
Probing time = 0.00 sec. (2.88 ticks)
Tried aggregator 1 time.
Detecting symmetries...
Reduced MIP has 2584 rows, 3330 columns, and 30532 nonzeros.
Reduced MIP has 3330 binaries, 0 generals, 0 SOSs, and 0 indicators.
Presolve time = 0.02 sec. (18.04 ticks)
Probing time = 0.00 sec. (2.88 ticks)
Clique table members: 1839.
MIP emphasis: balance optimality and feasibility.
MIP search method: dynamic search.
Parallel mode: none, using 1 thread.
Root relaxation solution time = 0.04 sec. (36.00 ticks)

        Nodes                                         Cuts/
   Node  Left     Objective  IInf  Best Integer    Best Bound    ItCnt     Gap

      0     0        0.0000   330                      0.0000      804         
*     0+    0                            0.0000        0.0000             0.00%
      0     0        cutoff              0.0000        0.0000      804    0.00%
Elapsed time = 0.31 sec. (231.23 ticks, tree = 0.01 MB, solutions = 1)

Root node processing (before b&c):
  Real time             =    0.31 sec. (231.37 ticks)
Sequential b&c:
  Real time             =    0.00 sec. (0.00 ticks)
                          ------------
Total (root+branch&cut) =    0.31 sec. (231.37 ticks)
Version identifier: 22.1.0.0 | 2022-03-09 | 1a383f8ce
CPXPARAM_Threads                                 1
CPXPARAM_MIP_Strategy_VariableSelect             3
CPXPARAM_TimeLimit                               599.16555316699998
Tried aggregator 1 time.
MIP Presolve eliminated 18 rows and 1122 columns.
MIP Presolve modified 3 coefficients.
Reduced MIP has 2612 rows, 3366 columns, and 30864 nonzeros.
Reduced MIP has 3366 binaries, 0 generals, 0 SOSs, and 0 indicators.
Presolve time = 0.02 sec. (18.47 ticks)
Probing time = 0.00 sec. (2.89 ticks)
Tried aggregator 1 time.
Detecting symmetries...
Reduced MIP has 2612 rows, 3366 columns, and 30864 nonzeros.
Reduced MIP has 3366 binaries, 0 generals, 0 SOSs, and 0 indicators.
Presolve time = 0.02 sec. (18.24 ticks)
Probing time = 0.00 sec. (2.89 ticks)
Clique table members: 1859.
MIP emphasis: balance optimality and feasibility.
MIP search method: dynamic search.
Parallel mode: none, using 1 thread.
Root relaxation solution time = 0.05 sec. (40.83 ticks)

        Nodes                                         Cuts/
   Node  Left     Objective  IInf  Best Integer    Best Bound    ItCnt     Gap

      0     0        0.0000   354                      0.0000      824         
*     0+    0                            0.0000        0.0000             0.00%
      0     0        cutoff              0.0000        0.0000      824    0.00%
Elapsed time = 0.30 sec. (245.05 ticks, tree = 0.01 MB, solutions = 1)

Root node processing (before b&c):
  Real time             =    0.30 sec. (245.18 ticks)
Sequential b&c:
  Real time             =    0.00 sec. (0.00 ticks)
                          ------------
Total (root+branch&cut) =    0.30 sec. (245.18 ticks)
Version identifier: 22.1.0.0 | 2022-03-09 | 1a383f8ce
CPXPARAM_Threads                                 1
CPXPARAM_MIP_Strategy_VariableSelect             3
CPXPARAM_TimeLimit                               598.83990599599997
Tried aggregator 1 time.
MIP Presolve eliminated 18 rows and 1128 columns.
MIP Presolve modified 3 coefficients.
Reduced MIP has 2626 rows, 3384 columns, and 31030 nonzeros.
Reduced MIP has 3384 binaries, 0 generals, 0 SOSs, and 0 indicators.
Presolve time = 0.02 sec. (18.55 ticks)
Probing time = 0.00 sec. (2.90 ticks)
Tried aggregator 1 time.
Detecting symmetries...
Reduced MIP has 2626 rows, 3384 columns, and 31030 nonzeros.
Reduced MIP has 3384 binaries, 0 generals, 0 SOSs, and 0 indicators.
Presolve time = 0.02 sec. (18.33 ticks)
Probing time = 0.00 sec. (2.90 ticks)
Clique table members: 1869.
MIP emphasis: balance optimality and feasibility.
MIP search method: dynamic search.
Parallel mode: none, using 1 thread.
Root relaxation solution time = 0.04 sec. (36.53 ticks)

        Nodes                                         Cuts/
   Node  Left     Objective  IInf  Best Integer    Best Bound    ItCnt     Gap

      0     0        0.0000   172                      0.0000      733         
*     0+    0                            0.0000        0.0000             0.00%
      0     0        cutoff              0.0000        0.0000      733    0.00%
Elapsed time = 0.33 sec. (262.97 ticks, tree = 0.01 MB, solutions = 1)

Root node processing (before b&c):
  Real time             =    0.33 sec. (263.11 ticks)
Sequential b&c:
  Real time             =    0.00 sec. (0.00 ticks)
                          ------------
Total (root+branch&cut) =    0.33 sec. (263.11 ticks)
Version identifier: 22.1.0.0 | 2022-03-09 | 1a383f8ce
CPXPARAM_Threads                                 1
CPXPARAM_MIP_Strategy_VariableSelect             3
CPXPARAM_TimeLimit                               598.48527839099995
Tried aggregator 1 time.
MIP Presolve eliminated 18 rows and 1131 columns.
MIP Presolve modified 3 coefficients.
Reduced MIP has 2633 rows, 3393 columns, and 31113 nonzeros.
Reduced MIP has 3393 binaries, 0 generals, 0 SOSs, and 0 indicators.
Presolve time = 0.02 sec. (18.60 ticks)
Probing time = 0.00 sec. (2.90 ticks)
Tried aggregator 1 time.
Detecting symmetries...
Reduced MIP has 2633 rows, 3393 columns, and 31113 nonzeros.
Reduced MIP has 3393 binaries, 0 generals, 0 SOSs, and 0 indicators.
Presolve time = 0.02 sec. (18.38 ticks)
Probing time = 0.00 sec. (2.90 ticks)
Clique table members: 1874.
MIP emphasis: balance optimality and feasibility.
MIP search method: dynamic search.
Parallel mode: none, using 1 thread.
Root relaxation solution time = 0.04 sec. (34.17 ticks)

        Nodes                                         Cuts/
   Node  Left     Objective  IInf  Best Integer    Best Bound    ItCnt     Gap

      0     0        0.0000   246                      0.0000      756         
*     0+    0                            0.0000        0.0000             0.00%
      0     0        cutoff              0.0000        0.0000      756    0.00%
Elapsed time = 0.27 sec. (228.82 ticks, tree = 0.01 MB, solutions = 1)

Root node processing (before b&c):
  Real time             =    0.27 sec. (228.96 ticks)
Sequential b&c:
  Real time             =    0.00 sec. (0.00 ticks)
                          ------------
Total (root+branch&cut) =    0.27 sec. (228.96 ticks)
Primal:	377
Dual:	377
Status:	Optimal
Time:	1.80962
Sequence:
	6
	9
	9
	0
	9
	9
	2
	9
	5
	0
	9
	6
	9
	9
	9
	6
	9
	0
	5
	9
	9
	9
	9
	0
	9
	9
	0
	9
	9
	9
	6
	9
	9
	5
	9
	5
	0
	6
	9
	9
	9
	9
	5
	9
	2
	9
	6
	9
	9
	1
	9
	9
	9
	5
	9
	0
	5
	9
	1
	9
	9
	9
	6
	9
	9
	9
	1
	9
	6
	9
	5
	0
	5
	9
	6
	9
	9
	9
	6
	9
	1
	9
	9
	9
	9
	9
	9
	9
	9
	2
	9
	6
	0
	9
	9
	2
	9
	6
	0
	9
	9
	6
	0
	9
	11
	0
	9
	5
	0
	1
	9
	6
	0
	4
	1
	9
	2
	4
	6
	0
	5
	4
	9
	6
	0
	5
	9
	5
	0
	9
	5
	0
	4
	5
	0
	6
	9
	0
	3
	9
	6
	2
	1
	4
	1
	0
	5
	9
	0
	6
	9
	4
	0
	9
	5
	9
	0
	4
	5
	0
	4
	4
	1
	0
	5
	9
	1
	0
	4
	1
	9
	0
	3
	4
	0
	9
	6
	0
	11
	4
	5
	9
	5
	0
	4
	5
	0
	5
	9
	11
	0
	5
	4
	0
	6
	4
	0
	4
	1
	0
	6
	4
	1
	9
	0
	3
	4
	5
	0
	4
	5
	0
	9
	1
	4
	0
	4
	1
	0
	4
	1
	0
	4
	5
	0
	5
	9
	4
	6
	0
	5
	9
	11
	0
	9
	6
	0
	4
	5
	0
	4
	5
	0
	5
	9
	0
	4
	1
	0
	6
	9
	0
	4
	5
	0
	3
	9
	5
	0
	5
	9
	0
	5
	4
	9
	0
	9
	6
	2
	11
	9
	5
	0
	9
	5
	2
	5
	9
	0
	5
	9
	0
	5
	9
	1
	0
	5
	9
	0
	1
	4
	0
	5
	9
	1
	0
	9
	5
	0
	4
	6
	9
	5
	0
	11
	9
	0
	6
	9
	2
	4
	6
	0
	4
	1
	0
	1
	9
	0
	6
	9
	1
	0
	4
	6
	9
	5
	0
	6
	9
	4
	1
	4
	0
	4
	6
	9
	5
	0
	1
	4
	1
	0
	9
	6
	0
	1
	9
	5
	0
	1
	4
	6
	0
	9
	1
	0
	5
	9
	6
	2
	5
	9
	5
	0
	1
	4
	1
	0
	9
	1
	0
	6
	9
	5
	0
	5
