Version identifier: 22.1.0.0 | 2022-03-09 | 1a383f8ce
CPXPARAM_Threads                                 1
CPXPARAM_MIP_Strategy_VariableSelect             3
CPXPARAM_TimeLimit                               599.99731291800003
Found incumbent of value 0.000000 after 0.00 sec. (0.38 ticks)

Root node processing (before b&c):
  Real time             =    0.00 sec. (0.43 ticks)
Sequential b&c:
  Real time             =    0.00 sec. (0.00 ticks)
                          ------------
Total (root+branch&cut) =    0.00 sec. (0.43 ticks)
Version identifier: 22.1.0.0 | 2022-03-09 | 1a383f8ce
CPXPARAM_Threads                                 1
CPXPARAM_MIP_Strategy_VariableSelect             3
CPXPARAM_TimeLimit                               599.98064168899998
Found incumbent of value 0.000000 after 0.00 sec. (0.46 ticks)

Root node processing (before b&c):
  Real time             =    0.00 sec. (0.52 ticks)
Sequential b&c:
  Real time             =    0.00 sec. (0.00 ticks)
                          ------------
Total (root+branch&cut) =    0.00 sec. (0.52 ticks)
Version identifier: 22.1.0.0 | 2022-03-09 | 1a383f8ce
CPXPARAM_Threads                                 1
CPXPARAM_MIP_Strategy_VariableSelect             3
CPXPARAM_TimeLimit                               599.96248464200005
Found incumbent of value 0.000000 after 0.00 sec. (0.50 ticks)

Root node processing (before b&c):
  Real time             =    0.00 sec. (0.56 ticks)
Sequential b&c:
  Real time             =    0.00 sec. (0.00 ticks)
                          ------------
Total (root+branch&cut) =    0.00 sec. (0.56 ticks)
Version identifier: 22.1.0.0 | 2022-03-09 | 1a383f8ce
CPXPARAM_Threads                                 1
CPXPARAM_MIP_Strategy_VariableSelect             3
CPXPARAM_TimeLimit                               599.94329849400003
Found incumbent of value 0.000000 after 0.00 sec. (0.52 ticks)

Root node processing (before b&c):
  Real time             =    0.00 sec. (0.59 ticks)
Sequential b&c:
  Real time             =    0.00 sec. (0.00 ticks)
                          ------------
Total (root+branch&cut) =    0.00 sec. (0.59 ticks)
Version identifier: 22.1.0.0 | 2022-03-09 | 1a383f8ce
CPXPARAM_Threads                                 1
CPXPARAM_MIP_Strategy_VariableSelect             3
CPXPARAM_TimeLimit                               599.92328987999997
Found incumbent of value 0.000000 after 0.00 sec. (0.53 ticks)

Root node processing (before b&c):
  Real time             =    0.00 sec. (0.60 ticks)
Sequential b&c:
  Real time             =    0.00 sec. (0.00 ticks)
                          ------------
Total (root+branch&cut) =    0.00 sec. (0.60 ticks)
Version identifier: 22.1.0.0 | 2022-03-09 | 1a383f8ce
CPXPARAM_Threads                                 1
CPXPARAM_MIP_Strategy_VariableSelect             3
CPXPARAM_TimeLimit                               599.90273740600003
Found incumbent of value 0.000000 after 0.00 sec. (0.54 ticks)

Root node processing (before b&c):
  Real time             =    0.00 sec. (0.60 ticks)
Sequential b&c:
  Real time             =    0.00 sec. (0.00 ticks)
                          ------------
Total (root+branch&cut) =    0.00 sec. (0.60 ticks)
Version identifier: 22.1.0.0 | 2022-03-09 | 1a383f8ce
CPXPARAM_Threads                                 1
CPXPARAM_MIP_Strategy_VariableSelect             3
CPXPARAM_TimeLimit                               599.88205391899999
Found incumbent of value 0.000000 after 0.00 sec. (0.54 ticks)

Root node processing (before b&c):
  Real time             =    0.00 sec. (0.61 ticks)
Sequential b&c:
  Real time             =    0.00 sec. (0.00 ticks)
                          ------------
Total (root+branch&cut) =    0.00 sec. (0.61 ticks)
Version identifier: 22.1.0.0 | 2022-03-09 | 1a383f8ce
CPXPARAM_Threads                                 1
CPXPARAM_MIP_Strategy_VariableSelect             3
CPXPARAM_TimeLimit                               599.86100588199997
Found incumbent of value 0.000000 after 0.00 sec. (0.60 ticks)

Root node processing (before b&c):
  Real time             =    0.00 sec. (0.67 ticks)
Sequential b&c:
  Real time             =    0.00 sec. (0.00 ticks)
                          ------------
Total (root+branch&cut) =    0.00 sec. (0.67 ticks)
Primal:	325
Dual:	325
Status:	Optimal
Time:	0.157234
Sequence:
	0
	1
	4
	0
	1
	4
	0
	1
	4
	0
	1
	4
	0
	1
	4
	0
	1
	4
	0
	1
	4
	0
	1
	4
	0
	1
	4
	0
	1
	4
	0
	1
	4
	0
	1
	4
	0
	1
	4
	0
	1
	4
	0
	1
	4
	0
	1
	4
	0
	1
	9
	0
	1
	9
	0
	1
	9
	0
	1
	9
	0
	1
	9
	0
	1
	9
	0
	1
	9
	0
	1
	9
	0
	1
	9
	0
	1
	9
	0
	1
	9
	0
	1
	9
	0
	1
	9
	0
	1
	9
	0
	1
	9
	0
	1
	9
	0
	1
	9
	0
	1
	9
	0
	1
	9
	0
	1
	9
	0
	1
	9
	0
	1
	9
	0
	1
	9
	0
	1
	9
	0
	1
	9
	0
	1
	9
	0
	1
	9
	0
	1
	9
	0
	3
	9
	0
	5
	9
	0
	5
	9
	0
	5
	9
	0
	5
	9
	0
	5
	9
	0
	5
	9
	0
	5
	9
	0
	5
	9
	0
	5
	9
	0
	5
	9
	0
	5
	9
	0
	5
	9
	0
	5
	9
	0
	5
	9
	0
	5
	9
	0
	5
	9
	2
	5
	9
	2
	5
	9
	2
	5
	9
	5
	9
	5
	9
	5
	9
	5
	9
	5
	9
	5
	9
	5
	9
	5
	9
	5
	9
	5
	9
	5
	9
	5
	9
	5
	9
	5
	9
	5
	9
	5
	9
	5
	9
	5
	9
	5
	9
	5
	9
	5
	9
	5
	9
	5
	9
	5
	9
	5
	9
	5
	9
	5
	9
	6
	9
	7
	9
	6
	8
	9
	9
	6
	9
	7
	9
	6
	8
	9
	9
	6
	9
	7
	9
	6
	8
	9
	9
	6
	9
	7
	9
	6
	8
	9
	9
	6
	9
	7
	9
	6
	8
	9
	9
	6
	9
	7
	9
	6
	8
	9
	9
	6
	9
	7
	9
	6
	9
	9
	9
	6
	9
	7
	9
	6
	9
	9
	9
	7
	9
	9
	9
	9
	9
	9
	9
	9
	9
	9
	9
	9
	9
	11
