Version identifier: 22.1.1.0 | 2022-11-28 | 9160aff4d
CPXPARAM_Threads                                 1
CPXPARAM_MIP_Strategy_VariableSelect             3
CPXPARAM_TimeLimit                               599.99913701000003
Found incumbent of value 0.000000 after 0.00 sec. (0.23 ticks)

Root node processing (before b&c):
  Real time             =    0.00 sec. (0.26 ticks)
Sequential b&c:
  Real time             =    0.00 sec. (0.00 ticks)
                          ------------
Total (root+branch&cut) =    0.00 sec. (0.26 ticks)
Version identifier: 22.1.1.0 | 2022-11-28 | 9160aff4d
CPXPARAM_Threads                                 1
CPXPARAM_MIP_Strategy_VariableSelect             3
CPXPARAM_TimeLimit                               599.99234443499995
Found incumbent of value 0.000000 after 0.00 sec. (0.29 ticks)

Root node processing (before b&c):
  Real time             =    0.00 sec. (0.32 ticks)
Sequential b&c:
  Real time             =    0.00 sec. (0.00 ticks)
                          ------------
Total (root+branch&cut) =    0.00 sec. (0.32 ticks)
Version identifier: 22.1.1.0 | 2022-11-28 | 9160aff4d
CPXPARAM_Threads                                 1
CPXPARAM_MIP_Strategy_VariableSelect             3
CPXPARAM_TimeLimit                               599.98442514700002
Found incumbent of value 0.000000 after 0.00 sec. (0.32 ticks)

Root node processing (before b&c):
  Real time             =    0.00 sec. (0.36 ticks)
Sequential b&c:
  Real time             =    0.00 sec. (0.00 ticks)
                          ------------
Total (root+branch&cut) =    0.00 sec. (0.36 ticks)
Version identifier: 22.1.1.0 | 2022-11-28 | 9160aff4d
CPXPARAM_Threads                                 1
CPXPARAM_MIP_Strategy_VariableSelect             3
CPXPARAM_TimeLimit                               599.97657739399995
Tried aggregator 1 time.
MIP Presolve eliminated 20 rows and 1070 columns.
MIP Presolve modified 1 coefficients.
Reduced MIP has 1276 rows, 1498 columns, and 11858 nonzeros.
Reduced MIP has 1498 binaries, 0 generals, 0 SOSs, and 0 indicators.
Presolve time = 0.01 sec. (7.13 ticks)
Found incumbent of value 0.000000 after 0.02 sec. (19.93 ticks)

Root node processing (before b&c):
  Real time             =    0.02 sec. (20.02 ticks)
Sequential b&c:
  Real time             =    0.00 sec. (0.00 ticks)
                          ------------
Total (root+branch&cut) =    0.02 sec. (20.02 ticks)
Version identifier: 22.1.1.0 | 2022-11-28 | 9160aff4d
CPXPARAM_Threads                                 1
CPXPARAM_MIP_Strategy_VariableSelect             3
CPXPARAM_TimeLimit                               599.95222969899999
Tried aggregator 1 time.
MIP Presolve eliminated 20 rows and 1095 columns.
MIP Presolve modified 1 coefficients.
Reduced MIP has 1306 rows, 1533 columns, and 12138 nonzeros.
Reduced MIP has 1533 binaries, 0 generals, 0 SOSs, and 0 indicators.
Presolve time = 0.01 sec. (7.30 ticks)
Found incumbent of value 0.000000 after 0.02 sec. (20.17 ticks)

Root node processing (before b&c):
  Real time             =    0.02 sec. (20.26 ticks)
Sequential b&c:
  Real time             =    0.00 sec. (0.00 ticks)
                          ------------
Total (root+branch&cut) =    0.02 sec. (20.26 ticks)
Version identifier: 22.1.1.0 | 2022-11-28 | 9160aff4d
CPXPARAM_Threads                                 1
CPXPARAM_MIP_Strategy_VariableSelect             3
CPXPARAM_TimeLimit                               599.92812207400004
Tried aggregator 1 time.
MIP Presolve eliminated 20 rows and 1105 columns.
MIP Presolve modified 1 coefficients.
Reduced MIP has 1318 rows, 1547 columns, and 12250 nonzeros.
Reduced MIP has 1547 binaries, 0 generals, 0 SOSs, and 0 indicators.
Presolve time = 0.01 sec. (7.36 ticks)
Found incumbent of value 0.000000 after 0.02 sec. (20.54 ticks)

Root node processing (before b&c):
  Real time             =    0.02 sec. (20.64 ticks)
Sequential b&c:
  Real time             =    0.00 sec. (0.00 ticks)
                          ------------
Total (root+branch&cut) =    0.02 sec. (20.64 ticks)
Version identifier: 22.1.1.0 | 2022-11-28 | 9160aff4d
CPXPARAM_Threads                                 1
CPXPARAM_MIP_Strategy_VariableSelect             3
CPXPARAM_TimeLimit                               599.90359276000004
Tried aggregator 1 time.
MIP Presolve eliminated 20 rows and 1110 columns.
MIP Presolve modified 1 coefficients.
Reduced MIP has 1324 rows, 1554 columns, and 12306 nonzeros.
Reduced MIP has 1554 binaries, 0 generals, 0 SOSs, and 0 indicators.
Presolve time = 0.01 sec. (7.39 ticks)
Found incumbent of value 0.000000 after 0.02 sec. (20.00 ticks)

Root node processing (before b&c):
  Real time             =    0.02 sec. (20.10 ticks)
Sequential b&c:
  Real time             =    0.00 sec. (0.00 ticks)
                          ------------
Total (root+branch&cut) =    0.02 sec. (20.10 ticks)
Version identifier: 22.1.1.0 | 2022-11-28 | 9160aff4d
CPXPARAM_Threads                                 1
CPXPARAM_MIP_Strategy_VariableSelect             3
CPXPARAM_TimeLimit                               599.87936763799996
Tried aggregator 1 time.
MIP Presolve eliminated 20 rows and 1115 columns.
MIP Presolve modified 1 coefficients.
Reduced MIP has 1330 rows, 1561 columns, and 12362 nonzeros.
Reduced MIP has 1561 binaries, 0 generals, 0 SOSs, and 0 indicators.
Presolve time = 0.01 sec. (7.42 ticks)
Found incumbent of value 0.000000 after 0.02 sec. (20.21 ticks)

Root node processing (before b&c):
  Real time             =    0.02 sec. (20.30 ticks)
Sequential b&c:
  Real time             =    0.00 sec. (0.00 ticks)
                          ------------
Total (root+branch&cut) =    0.02 sec. (20.30 ticks)
Primal:	223
Dual:	223
Status:	Optimal
Time:	0.145804
Sequence:
	9
	9
	9
	4
	1
	10
	9
	9
	7
	4
	9
	1
	0
	10
	9
	10
	10
	9
	6
	1
	4
	9
	4
	4
	9
	0
	4
	7
	0
	4
	1
	6
	0
	9
	10
	9
	0
	7
	9
	0
	9
	9
	1
	9
	9
	1
	4
	1
	4
	4
	0
	4
	9
	1
	1
	10
	4
	9
	4
	6
	1
	10
	9
	6
	0
	4
	1
	6
	1
	4
	1
	4
	9
	9
	6
	9
	4
	1
	1
	7
	4
	1
	4
	0
	1
	4
	9
	9
	1
	10
	0
	9
	6
	7
	0
	9
	4
	0
	9
	9
	0
	9
	6
	9
	1
	9
	7
	9
	6
	0
	4
	9
	9
	0
	10
	9
	10
	4
	0
	4
	9
	7
	10
	9
	9
	4
	6
	9
	0
	4
	6
	9
	4
	1
	1
	10
	9
	0
	9
	4
	7
	1
	9
	6
	4
	9
	0
	9
	9
	0
	4
	6
	9
	9
	4
	10
	9
	9
	6
	7
	9
	4
	0
	10
	9
	9
	1
	0
	7
	4
	9
	0
	4
	9
	9
	6
	0
	9
	7
	9
	9
	0
	6
	9
	9
	0
	4
	9
	6
	0
	10
	4
	6
	0
	10
	9
	7
	4
	9
	4
	0
	9
	9
	9
	10
	9
	4
	0
	4
	4
	0
	10
	4
	4
	9
	10
	4
	9
	9
	9
	4
	7
	10
