Version identifier: 22.1.0.0 | 2022-03-09 | 1a383f8ce
CPXPARAM_Threads                                 1
CPXPARAM_MIP_Strategy_VariableSelect             3
CPXPARAM_TimeLimit                               599.99854396800004
Found incumbent of value 0.000000 after 0.00 sec. (0.19 ticks)

Root node processing (before b&c):
  Real time             =    0.00 sec. (0.21 ticks)
Sequential b&c:
  Real time             =    0.00 sec. (0.00 ticks)
                          ------------
Total (root+branch&cut) =    0.00 sec. (0.21 ticks)
Version identifier: 22.1.0.0 | 2022-03-09 | 1a383f8ce
CPXPARAM_Threads                                 1
CPXPARAM_MIP_Strategy_VariableSelect             3
CPXPARAM_TimeLimit                               599.98833945399997
Found incumbent of value 0.000000 after 0.00 sec. (0.22 ticks)

Root node processing (before b&c):
  Real time             =    0.00 sec. (0.25 ticks)
Sequential b&c:
  Real time             =    0.00 sec. (0.00 ticks)
                          ------------
Total (root+branch&cut) =    0.00 sec. (0.25 ticks)
Version identifier: 22.1.0.0 | 2022-03-09 | 1a383f8ce
CPXPARAM_Threads                                 1
CPXPARAM_MIP_Strategy_VariableSelect             3
CPXPARAM_TimeLimit                               599.97836432999998
Found incumbent of value 0.000000 after 0.00 sec. (0.24 ticks)

Root node processing (before b&c):
  Real time             =    0.00 sec. (0.27 ticks)
Sequential b&c:
  Real time             =    0.00 sec. (0.00 ticks)
                          ------------
Total (root+branch&cut) =    0.00 sec. (0.27 ticks)
Version identifier: 22.1.0.0 | 2022-03-09 | 1a383f8ce
CPXPARAM_Threads                                 1
CPXPARAM_MIP_Strategy_VariableSelect             3
CPXPARAM_TimeLimit                               599.96749615700003
Tried aggregator 1 time.
MIP Presolve eliminated 168 rows and 906 columns.
MIP Presolve modified 1 coefficients.
Reduced MIP has 901 rows, 906 columns, and 7460 nonzeros.
Reduced MIP has 906 binaries, 0 generals, 0 SOSs, and 0 indicators.
Presolve time = 0.01 sec. (4.89 ticks)
Probing time = 0.00 sec. (1.94 ticks)
Tried aggregator 1 time.
Detecting symmetries...
Reduced MIP has 901 rows, 906 columns, and 7460 nonzeros.
Reduced MIP has 906 binaries, 0 generals, 0 SOSs, and 0 indicators.
Presolve time = 0.01 sec. (4.81 ticks)
Probing time = 0.00 sec. (1.94 ticks)
Clique table members: 598.
MIP emphasis: balance optimality and feasibility.
MIP search method: dynamic search.
Parallel mode: none, using 1 thread.
Root relaxation solution time = 0.01 sec. (5.95 ticks)

        Nodes                                         Cuts/
   Node  Left     Objective  IInf  Best Integer    Best Bound    ItCnt     Gap

      0     0        0.0000    94                      0.0000      240         
*     0+    0                            0.0000        0.0000             0.00%
      0     0        cutoff              0.0000        0.0000      240    0.00%
Elapsed time = 0.10 sec. (76.66 ticks, tree = 0.01 MB, solutions = 1)

Root node processing (before b&c):
  Real time             =    0.10 sec. (76.72 ticks)
Sequential b&c:
  Real time             =    0.00 sec. (0.00 ticks)
                          ------------
Total (root+branch&cut) =    0.10 sec. (76.72 ticks)
Version identifier: 22.1.0.0 | 2022-03-09 | 1a383f8ce
CPXPARAM_Threads                                 1
CPXPARAM_MIP_Strategy_VariableSelect             3
CPXPARAM_TimeLimit                               599.85274374799997
Tried aggregator 1 time.
MIP Presolve eliminated 171 rows and 924 columns.
MIP Presolve modified 1 coefficients.
Reduced MIP has 919 rows, 924 columns, and 7610 nonzeros.
Reduced MIP has 924 binaries, 0 generals, 0 SOSs, and 0 indicators.
Presolve time = 0.01 sec. (4.98 ticks)
Probing time = 0.00 sec. (1.98 ticks)
Tried aggregator 1 time.
Detecting symmetries...
Reduced MIP has 919 rows, 924 columns, and 7610 nonzeros.
Reduced MIP has 924 binaries, 0 generals, 0 SOSs, and 0 indicators.
Presolve time = 0.01 sec. (4.91 ticks)
Probing time = 0.00 sec. (1.98 ticks)
Clique table members: 610.
MIP emphasis: balance optimality and feasibility.
MIP search method: dynamic search.
Parallel mode: none, using 1 thread.
Root relaxation solution time = 0.01 sec. (5.83 ticks)

        Nodes                                         Cuts/
   Node  Left     Objective  IInf  Best Integer    Best Bound    ItCnt     Gap

      0     0        0.0000    83                      0.0000      249         
*     0+    0                            0.0000        0.0000             0.00%
      0     0        cutoff              0.0000        0.0000      249    0.00%
Elapsed time = 0.09 sec. (69.22 ticks, tree = 0.01 MB, solutions = 1)

Root node processing (before b&c):
  Real time             =    0.09 sec. (69.28 ticks)
Sequential b&c:
  Real time             =    0.00 sec. (0.00 ticks)
                          ------------
Total (root+branch&cut) =    0.09 sec. (69.28 ticks)
Version identifier: 22.1.0.0 | 2022-03-09 | 1a383f8ce
CPXPARAM_Threads                                 1
CPXPARAM_MIP_Strategy_VariableSelect             3
CPXPARAM_TimeLimit                               599.74997512799996
Tried aggregator 1 time.
MIP Presolve eliminated 172 rows and 930 columns.
MIP Presolve modified 1 coefficients.
Reduced MIP has 925 rows, 930 columns, and 7660 nonzeros.
Reduced MIP has 930 binaries, 0 generals, 0 SOSs, and 0 indicators.
Presolve time = 0.01 sec. (5.01 ticks)
Probing time = 0.00 sec. (1.99 ticks)
Tried aggregator 1 time.
Detecting symmetries...
Reduced MIP has 925 rows, 930 columns, and 7660 nonzeros.
Reduced MIP has 930 binaries, 0 generals, 0 SOSs, and 0 indicators.
Presolve time = 0.01 sec. (4.93 ticks)
Probing time = 0.00 sec. (1.99 ticks)
Clique table members: 614.
MIP emphasis: balance optimality and feasibility.
MIP search method: dynamic search.
Parallel mode: none, using 1 thread.
Root relaxation solution time = 0.01 sec. (6.12 ticks)

        Nodes                                         Cuts/
   Node  Left     Objective  IInf  Best Integer    Best Bound    ItCnt     Gap

      0     0        0.0000    30                      0.0000      255         
*     0+    0                            0.0000        0.0000             0.00%
      0     0        cutoff              0.0000        0.0000      255    0.00%
Elapsed time = 0.08 sec. (63.91 ticks, tree = 0.01 MB, solutions = 1)

Root node processing (before b&c):
  Real time             =    0.08 sec. (63.97 ticks)
Sequential b&c:
  Real time             =    0.00 sec. (0.00 ticks)
                          ------------
Total (root+branch&cut) =    0.08 sec. (63.97 ticks)
Version identifier: 22.1.0.0 | 2022-03-09 | 1a383f8ce
CPXPARAM_Threads                                 1
CPXPARAM_MIP_Strategy_VariableSelect             3
CPXPARAM_TimeLimit                               599.66086139000004
Tried aggregator 1 time.
MIP Presolve eliminated 173 rows and 936 columns.
MIP Presolve modified 1 coefficients.
Reduced MIP has 931 rows, 936 columns, and 7710 nonzeros.
Reduced MIP has 936 binaries, 0 generals, 0 SOSs, and 0 indicators.
Presolve time = 0.01 sec. (5.05 ticks)
Probing time = 0.00 sec. (2.01 ticks)
Tried aggregator 1 time.
Detecting symmetries...
Reduced MIP has 931 rows, 936 columns, and 7710 nonzeros.
Reduced MIP has 936 binaries, 0 generals, 0 SOSs, and 0 indicators.
Presolve time = 0.01 sec. (4.97 ticks)
Probing time = 0.00 sec. (2.01 ticks)
Clique table members: 618.
MIP emphasis: balance optimality and feasibility.
MIP search method: dynamic search.
Parallel mode: none, using 1 thread.
Root relaxation solution time = 0.01 sec. (6.14 ticks)

        Nodes                                         Cuts/
   Node  Left     Objective  IInf  Best Integer    Best Bound    ItCnt     Gap

      0     0        0.0000    66                      0.0000      262         
*     0+    0                            0.0000        0.0000             0.00%
      0     0        cutoff              0.0000        0.0000      262    0.00%
Elapsed time = 0.08 sec. (65.95 ticks, tree = 0.01 MB, solutions = 1)

Root node processing (before b&c):
  Real time             =    0.08 sec. (66.01 ticks)
Sequential b&c:
  Real time             =    0.00 sec. (0.00 ticks)
                          ------------
Total (root+branch&cut) =    0.08 sec. (66.01 ticks)
Primal:	156
Dual:	156
Status:	Optimal
Time:	0.430535
Sequence:
	9
	9
	9
	6
	9
	1
	9
	6
	9
	9
	9
	9
	9
	9
	6
	9
	9
	9
	9
	9
	6
	9
	9
	9
	6
	9
	9
	9
	6
	9
	9
	9
	5
	9
	6
	9
	9
	9
	6
	9
	9
	9
	6
	9
	9
	9
	9
	9
	6
	9
	9
	0
	1
	4
	0
	6
	9
	9
	9
	4
	5
	0
	6
	4
	1
	9
	4
	9
	6
	0
	5
	4
	1
	0
	4
	6
	9
	1
	9
	5
	0
	6
	9
	5
	0
	9
	4
	0
	6
	9
	5
	0
	4
	6
	0
	1
	9
	6
	9
	1
	9
	6
	0
	5
	9
	5
	0
	6
	9
	1
	0
	1
	9
	6
	4
	0
	1
	4
	1
	9
	0
	6
	9
	1
	4
	6
	0
	5
	9
	6
	9
	1
	9
	0
	6
	9
	1
	4
	6
	0
	1
	4
	9
	4
	5
	0
	9
	6
	9
	9
	5
	9
	9
	1
	0
	6
