Version identifier: 22.1.0.0 | 2022-03-09 | 1a383f8ce
CPXPARAM_Threads                                 1
CPXPARAM_MIP_Strategy_VariableSelect             3
CPXPARAM_TimeLimit                               599.99465575199997
Found incumbent of value 0.000000 after 0.00 sec. (0.40 ticks)

Root node processing (before b&c):
  Real time             =    0.00 sec. (0.45 ticks)
Sequential b&c:
  Real time             =    0.00 sec. (0.00 ticks)
                          ------------
Total (root+branch&cut) =    0.00 sec. (0.45 ticks)
Version identifier: 22.1.0.0 | 2022-03-09 | 1a383f8ce
CPXPARAM_Threads                                 1
CPXPARAM_MIP_Strategy_VariableSelect             3
CPXPARAM_TimeLimit                               599.96320056100001
Found incumbent of value 0.000000 after 0.00 sec. (0.48 ticks)

Root node processing (before b&c):
  Real time             =    0.00 sec. (0.54 ticks)
Sequential b&c:
  Real time             =    0.00 sec. (0.00 ticks)
                          ------------
Total (root+branch&cut) =    0.00 sec. (0.54 ticks)
Version identifier: 22.1.0.0 | 2022-03-09 | 1a383f8ce
CPXPARAM_Threads                                 1
CPXPARAM_MIP_Strategy_VariableSelect             3
CPXPARAM_TimeLimit                               599.93356776799999
Found incumbent of value 0.000000 after 0.00 sec. (0.51 ticks)

Root node processing (before b&c):
  Real time             =    0.00 sec. (0.58 ticks)
Sequential b&c:
  Real time             =    0.00 sec. (0.00 ticks)
                          ------------
Total (root+branch&cut) =    0.00 sec. (0.58 ticks)
Version identifier: 22.1.0.0 | 2022-03-09 | 1a383f8ce
CPXPARAM_Threads                                 1
CPXPARAM_MIP_Strategy_VariableSelect             3
CPXPARAM_TimeLimit                               599.90593201499996
Found incumbent of value 0.000000 after 0.00 sec. (0.53 ticks)

Root node processing (before b&c):
  Real time             =    0.00 sec. (0.60 ticks)
Sequential b&c:
  Real time             =    0.00 sec. (0.00 ticks)
                          ------------
Total (root+branch&cut) =    0.00 sec. (0.60 ticks)
Version identifier: 22.1.0.0 | 2022-03-09 | 1a383f8ce
CPXPARAM_Threads                                 1
CPXPARAM_MIP_Strategy_VariableSelect             3
CPXPARAM_TimeLimit                               599.88035423199995
Found incumbent of value 0.000000 after 0.00 sec. (0.54 ticks)

Root node processing (before b&c):
  Real time             =    0.00 sec. (0.61 ticks)
Sequential b&c:
  Real time             =    0.00 sec. (0.00 ticks)
                          ------------
Total (root+branch&cut) =    0.00 sec. (0.61 ticks)
Version identifier: 22.1.0.0 | 2022-03-09 | 1a383f8ce
CPXPARAM_Threads                                 1
CPXPARAM_MIP_Strategy_VariableSelect             3
CPXPARAM_TimeLimit                               599.85634448099995
Found incumbent of value 0.000000 after 0.00 sec. (0.55 ticks)

Root node processing (before b&c):
  Real time             =    0.00 sec. (0.62 ticks)
Sequential b&c:
  Real time             =    0.00 sec. (0.00 ticks)
                          ------------
Total (root+branch&cut) =    0.00 sec. (0.62 ticks)
Version identifier: 22.1.0.0 | 2022-03-09 | 1a383f8ce
CPXPARAM_Threads                                 1
CPXPARAM_MIP_Strategy_VariableSelect             3
CPXPARAM_TimeLimit                               599.83187528400003
Found incumbent of value 0.000000 after 0.00 sec. (0.55 ticks)

Root node processing (before b&c):
  Real time             =    0.00 sec. (0.62 ticks)
Sequential b&c:
  Real time             =    0.00 sec. (0.00 ticks)
                          ------------
Total (root+branch&cut) =    0.00 sec. (0.62 ticks)
Version identifier: 22.1.0.0 | 2022-03-09 | 1a383f8ce
CPXPARAM_Threads                                 1
CPXPARAM_MIP_Strategy_VariableSelect             3
CPXPARAM_TimeLimit                               599.80682302599996
Found incumbent of value 0.000000 after 0.00 sec. (0.55 ticks)

Root node processing (before b&c):
  Real time             =    0.00 sec. (0.62 ticks)
Sequential b&c:
  Real time             =    0.00 sec. (0.00 ticks)
                          ------------
Total (root+branch&cut) =    0.00 sec. (0.62 ticks)
Primal:	331
Dual:	331
Status:	Optimal
Time:	0.214549
Sequence:
	0
	1
	4
	0
	1
	4
	0
	1
	4
	0
	1
	4
	0
	1
	4
	0
	1
	4
	0
	1
	4
	0
	1
	4
	0
	1
	4
	0
	1
	4
	0
	1
	4
	0
	1
	4
	0
	1
	4
	0
	1
	4
	0
	1
	4
	0
	1
	4
	0
	1
	4
	0
	1
	4
	0
	3
	4
	0
	4
	4
	0
	3
	4
	0
	4
	4
	0
	3
	4
	0
	4
	4
	0
	3
	4
	0
	4
	4
	0
	3
	4
	0
	4
	4
	0
	3
	4
	0
	4
	4
	0
	3
	4
	0
	4
	4
	0
	3
	4
	0
	4
	4
	0
	3
	4
	0
	4
	4
	0
	3
	4
	0
	4
	4
	0
	3
	4
	0
	4
	4
	0
	3
	4
	0
	4
	4
	0
	3
	4
	0
	4
	4
	0
	3
	4
	0
	4
	4
	0
	3
	4
	0
	4
	4
	0
	3
	4
	0
	4
	4
	0
	3
	4
	0
	4
	4
	0
	3
	4
	4
	9
	4
	4
	3
	4
	4
	9
	4
	4
	9
	4
	4
	9
	4
	4
	9
	4
	4
	9
	4
	4
	9
	4
	5
	9
	5
	9
	5
	9
	5
	9
	5
	9
	5
	9
	5
	9
	5
	9
	5
	9
	5
	9
	5
	9
	5
	9
	6
	9
	9
	9
	6
	9
	9
	9
	6
	9
	9
	9
	6
	9
	9
	9
	6
	9
	9
	9
	6
	9
	9
	9
	6
	9
	9
	9
	6
	9
	9
	9
	6
	9
	9
	9
	6
	9
	9
	9
	6
	9
	9
	9
	6
	9
	9
	9
	6
	9
	9
	9
	6
	9
	9
	9
	6
	9
	9
	9
	6
	9
	9
	9
	6
	9
	9
	9
	6
	9
	9
	9
	6
	9
	9
	9
	6
	9
	9
	9
	6
	9
	9
	9
	6
	9
	9
	9
	6
	9
	9
	9
	6
	9
	9
	9
	6
	9
	9
	9
	6
	9
	9
	9
	9
	9
	9
	9
	9
	9
	9
	9
	9
	9
	9
	9
	9
	9
	9
	9
	9
	9
	9
	9
