Version identifier: 22.1.0.0 | 2022-03-09 | 1a383f8ce
CPXPARAM_Threads                                 1
CPXPARAM_MIP_Strategy_VariableSelect             3
CPXPARAM_TimeLimit                               599.99883247900004
Found incumbent of value 0.000000 after 0.00 sec. (0.18 ticks)

Root node processing (before b&c):
  Real time             =    0.00 sec. (0.20 ticks)
Sequential b&c:
  Real time             =    0.00 sec. (0.00 ticks)
                          ------------
Total (root+branch&cut) =    0.00 sec. (0.20 ticks)
Version identifier: 22.1.0.0 | 2022-03-09 | 1a383f8ce
CPXPARAM_Threads                                 1
CPXPARAM_MIP_Strategy_VariableSelect             3
CPXPARAM_TimeLimit                               599.99084646799997
Found incumbent of value 0.000000 after 0.00 sec. (0.22 ticks)

Root node processing (before b&c):
  Real time             =    0.00 sec. (0.25 ticks)
Sequential b&c:
  Real time             =    0.00 sec. (0.00 ticks)
                          ------------
Total (root+branch&cut) =    0.00 sec. (0.25 ticks)
Version identifier: 22.1.0.0 | 2022-03-09 | 1a383f8ce
CPXPARAM_Threads                                 1
CPXPARAM_MIP_Strategy_VariableSelect             3
CPXPARAM_TimeLimit                               599.982247755
Found incumbent of value 0.000000 after 0.00 sec. (0.24 ticks)

Root node processing (before b&c):
  Real time             =    0.00 sec. (0.27 ticks)
Sequential b&c:
  Real time             =    0.00 sec. (0.00 ticks)
                          ------------
Total (root+branch&cut) =    0.00 sec. (0.27 ticks)
Version identifier: 22.1.0.0 | 2022-03-09 | 1a383f8ce
CPXPARAM_Threads                                 1
CPXPARAM_MIP_Strategy_VariableSelect             3
CPXPARAM_TimeLimit                               599.97251426800005
Found incumbent of value 0.000000 after 0.00 sec. (0.25 ticks)

Root node processing (before b&c):
  Real time             =    0.00 sec. (0.28 ticks)
Sequential b&c:
  Real time             =    0.00 sec. (0.00 ticks)
                          ------------
Total (root+branch&cut) =    0.00 sec. (0.28 ticks)
Version identifier: 22.1.0.0 | 2022-03-09 | 1a383f8ce
CPXPARAM_Threads                                 1
CPXPARAM_MIP_Strategy_VariableSelect             3
CPXPARAM_TimeLimit                               599.96255048900002
Found incumbent of value 0.000000 after 0.00 sec. (0.26 ticks)

Root node processing (before b&c):
  Real time             =    0.00 sec. (0.29 ticks)
Sequential b&c:
  Real time             =    0.00 sec. (0.00 ticks)
                          ------------
Total (root+branch&cut) =    0.00 sec. (0.29 ticks)
Version identifier: 22.1.0.0 | 2022-03-09 | 1a383f8ce
CPXPARAM_Threads                                 1
CPXPARAM_MIP_Strategy_VariableSelect             3
CPXPARAM_TimeLimit                               599.95244169499995
Found incumbent of value 0.000000 after 0.00 sec. (0.26 ticks)

Root node processing (before b&c):
  Real time             =    0.00 sec. (0.29 ticks)
Sequential b&c:
  Real time             =    0.00 sec. (0.00 ticks)
                          ------------
Total (root+branch&cut) =    0.00 sec. (0.29 ticks)
Version identifier: 22.1.0.0 | 2022-03-09 | 1a383f8ce
CPXPARAM_Threads                                 1
CPXPARAM_MIP_Strategy_VariableSelect             3
CPXPARAM_TimeLimit                               599.94218188100001
Found incumbent of value 0.000000 after 0.00 sec. (0.26 ticks)

Root node processing (before b&c):
  Real time             =    0.00 sec. (0.29 ticks)
Sequential b&c:
  Real time             =    0.00 sec. (0.00 ticks)
                          ------------
Total (root+branch&cut) =    0.00 sec. (0.29 ticks)
Primal:	155
Dual:	155
Status:	Optimal
Time:	0.0665332
Sequence:
	0
	1
	4
	0
	1
	4
	0
	1
	4
	0
	1
	4
	0
	1
	4
	0
	1
	9
	0
	1
	9
	0
	1
	9
	0
	1
	9
	0
	1
	9
	0
	1
	9
	0
	1
	9
	0
	1
	9
	0
	1
	9
	0
	1
	9
	0
	3
	9
	0
	5
	9
	0
	5
	9
	0
	5
	9
	0
	5
	9
	0
	5
	9
	0
	5
	9
	0
	5
	9
	0
	5
	9
	0
	5
	9
	0
	5
	9
	0
	5
	9
	0
	5
	9
	0
	5
	9
	0
	5
	9
	0
	5
	9
	0
	5
	9
	0
	5
	9
	0
	5
	9
	0
	5
	9
	0
	5
	9
	0
	5
	9
	0
	5
	9
	0
	5
	9
	0
	5
	9
	0
	5
	9
	0
	5
	9
	0
	5
	9
	0
	5
	9
	2
	5
	9
	2
	5
	9
	5
	9
	5
	9
	5
	9
	5
	9
	6
	8
	9
	9
	9
	9
	9
	9
	9
