Version identifier: 22.1.0.0 | 2022-03-09 | 1a383f8ce
CPXPARAM_Threads                                 1
CPXPARAM_MIP_Strategy_VariableSelect             3
CPXPARAM_TimeLimit                               599.99770093799998
Found incumbent of value 0.000000 after 0.00 sec. (0.36 ticks)

Root node processing (before b&c):
  Real time             =    0.00 sec. (0.40 ticks)
Sequential b&c:
  Real time             =    0.00 sec. (0.00 ticks)
                          ------------
Total (root+branch&cut) =    0.00 sec. (0.40 ticks)
Version identifier: 22.1.0.0 | 2022-03-09 | 1a383f8ce
CPXPARAM_Threads                                 1
CPXPARAM_MIP_Strategy_VariableSelect             3
CPXPARAM_TimeLimit                               599.98226277100002
Found incumbent of value 0.000000 after 0.00 sec. (0.43 ticks)

Root node processing (before b&c):
  Real time             =    0.00 sec. (0.49 ticks)
Sequential b&c:
  Real time             =    0.00 sec. (0.00 ticks)
                          ------------
Total (root+branch&cut) =    0.00 sec. (0.49 ticks)
Version identifier: 22.1.0.0 | 2022-03-09 | 1a383f8ce
CPXPARAM_Threads                                 1
CPXPARAM_MIP_Strategy_VariableSelect             3
CPXPARAM_TimeLimit                               599.96533625100005
Found incumbent of value 0.000000 after 0.00 sec. (0.47 ticks)

Root node processing (before b&c):
  Real time             =    0.00 sec. (0.53 ticks)
Sequential b&c:
  Real time             =    0.00 sec. (0.00 ticks)
                          ------------
Total (root+branch&cut) =    0.00 sec. (0.53 ticks)
Version identifier: 22.1.0.0 | 2022-03-09 | 1a383f8ce
CPXPARAM_Threads                                 1
CPXPARAM_MIP_Strategy_VariableSelect             3
CPXPARAM_TimeLimit                               599.94683399899998
Tried aggregator 1 time.
MIP Presolve eliminated 17 rows and 295 columns.
MIP Presolve modified 1 coefficients.
Reduced MIP has 2060 rows, 3245 columns, and 28995 nonzeros.
Reduced MIP has 3245 binaries, 0 generals, 0 SOSs, and 0 indicators.
Presolve time = 0.02 sec. (15.47 ticks)
Found incumbent of value 0.000000 after 0.07 sec. (46.22 ticks)

Root node processing (before b&c):
  Real time             =    0.07 sec. (46.36 ticks)
Sequential b&c:
  Real time             =    0.00 sec. (0.00 ticks)
                          ------------
Total (root+branch&cut) =    0.07 sec. (46.36 ticks)
Version identifier: 22.1.0.0 | 2022-03-09 | 1a383f8ce
CPXPARAM_Threads                                 1
CPXPARAM_MIP_Strategy_VariableSelect             3
CPXPARAM_TimeLimit                               599.86247387200001
Tried aggregator 1 time.
MIP Presolve eliminated 17 rows and 301 columns.
MIP Presolve modified 1 coefficients.
Reduced MIP has 2102 rows, 3311 columns, and 29589 nonzeros.
Reduced MIP has 3311 binaries, 0 generals, 0 SOSs, and 0 indicators.
Presolve time = 0.02 sec. (15.78 ticks)
Found incumbent of value 0.000000 after 0.07 sec. (48.79 ticks)

Root node processing (before b&c):
  Real time             =    0.07 sec. (48.93 ticks)
Sequential b&c:
  Real time             =    0.00 sec. (0.00 ticks)
                          ------------
Total (root+branch&cut) =    0.07 sec. (48.93 ticks)
Version identifier: 22.1.0.0 | 2022-03-09 | 1a383f8ce
CPXPARAM_Threads                                 1
CPXPARAM_MIP_Strategy_VariableSelect             3
CPXPARAM_TimeLimit                               599.77461047199995
Tried aggregator 1 time.
MIP Presolve eliminated 17 rows and 304 columns.
MIP Presolve modified 1 coefficients.
Reduced MIP has 2123 rows, 3344 columns, and 29886 nonzeros.
Reduced MIP has 3344 binaries, 0 generals, 0 SOSs, and 0 indicators.
Presolve time = 0.02 sec. (15.94 ticks)
Probing time = 0.00 sec. (4.60 ticks)
Tried aggregator 1 time.
Detecting symmetries...
Reduced MIP has 2123 rows, 3344 columns, and 29886 nonzeros.
Reduced MIP has 3344 binaries, 0 generals, 0 SOSs, and 0 indicators.
Presolve time = 0.02 sec. (18.75 ticks)
Probing time = 0.00 sec. (4.60 ticks)
Clique table members: 1511.
MIP emphasis: balance optimality and feasibility.
MIP search method: dynamic search.
Parallel mode: none, using 1 thread.
Root relaxation solution time = 0.03 sec. (24.07 ticks)

        Nodes                                         Cuts/
   Node  Left     Objective  IInf  Best Integer    Best Bound    ItCnt     Gap

      0     0        0.0000   118                      0.0000      531         
*     0+    0                            0.0000        0.0000             0.00%
      0     0        cutoff              0.0000        0.0000      531    0.00%
Elapsed time = 0.25 sec. (193.45 ticks, tree = 0.01 MB, solutions = 1)

Root node processing (before b&c):
  Real time             =    0.25 sec. (193.56 ticks)
Sequential b&c:
  Real time             =    0.00 sec. (0.00 ticks)
                          ------------
Total (root+branch&cut) =    0.25 sec. (193.56 ticks)
Version identifier: 22.1.0.0 | 2022-03-09 | 1a383f8ce
CPXPARAM_Threads                                 1
CPXPARAM_MIP_Strategy_VariableSelect             3
CPXPARAM_TimeLimit                               599.50825231600004
Tried aggregator 1 time.
MIP Presolve eliminated 17 rows and 306 columns.
MIP Presolve modified 1 coefficients.
Reduced MIP has 2137 rows, 3366 columns, and 30084 nonzeros.
Reduced MIP has 3366 binaries, 0 generals, 0 SOSs, and 0 indicators.
Presolve time = 0.02 sec. (16.06 ticks)
Probing time = 0.00 sec. (4.59 ticks)
Tried aggregator 1 time.
Detecting symmetries...
Reduced MIP has 2137 rows, 3366 columns, and 30084 nonzeros.
Reduced MIP has 3366 binaries, 0 generals, 0 SOSs, and 0 indicators.
Presolve time = 0.02 sec. (18.88 ticks)
Probing time = 0.00 sec. (4.59 ticks)
Clique table members: 1521.
MIP emphasis: balance optimality and feasibility.
MIP search method: dynamic search.
Parallel mode: none, using 1 thread.
Root relaxation solution time = 0.03 sec. (31.59 ticks)

        Nodes                                         Cuts/
   Node  Left     Objective  IInf  Best Integer    Best Bound    ItCnt     Gap

      0     0        0.0000   213                      0.0000      630         
*     0+    0                            0.0000        0.0000             0.00%
      0     0        cutoff              0.0000        0.0000      630    0.00%
Elapsed time = 0.31 sec. (254.91 ticks, tree = 0.01 MB, solutions = 1)

Root node processing (before b&c):
  Real time             =    0.31 sec. (255.02 ticks)
Sequential b&c:
  Real time             =    0.00 sec. (0.00 ticks)
                          ------------
Total (root+branch&cut) =    0.31 sec. (255.02 ticks)
Version identifier: 22.1.0.0 | 2022-03-09 | 1a383f8ce
CPXPARAM_Threads                                 1
CPXPARAM_MIP_Strategy_VariableSelect             3
CPXPARAM_TimeLimit                               599.17706707900004
Tried aggregator 1 time.
MIP Presolve eliminated 17 rows and 307 columns.
MIP Presolve modified 1 coefficients.
Reduced MIP has 2144 rows, 3377 columns, and 30183 nonzeros.
Reduced MIP has 3377 binaries, 0 generals, 0 SOSs, and 0 indicators.
Presolve time = 0.02 sec. (16.09 ticks)
Probing time = 0.00 sec. (4.60 ticks)
Tried aggregator 1 time.
Detecting symmetries...
Reduced MIP has 2144 rows, 3377 columns, and 30183 nonzeros.
Reduced MIP has 3377 binaries, 0 generals, 0 SOSs, and 0 indicators.
Presolve time = 0.02 sec. (18.92 ticks)
Probing time = 0.00 sec. (4.60 ticks)
Clique table members: 1526.
MIP emphasis: balance optimality and feasibility.
MIP search method: dynamic search.
Parallel mode: none, using 1 thread.
Root relaxation solution time = 0.02 sec. (20.78 ticks)

        Nodes                                         Cuts/
   Node  Left     Objective  IInf  Best Integer    Best Bound    ItCnt     Gap

      0     0        0.0000   164                      0.0000      466         
*     0+    0                            0.0000        0.0000             0.00%
      0     0        cutoff              0.0000        0.0000      466    0.00%
Elapsed time = 0.22 sec. (183.41 ticks, tree = 0.01 MB, solutions = 1)

Root node processing (before b&c):
  Real time             =    0.22 sec. (183.52 ticks)
Sequential b&c:
  Real time             =    0.00 sec. (0.00 ticks)
                          ------------
Total (root+branch&cut) =    0.22 sec. (183.52 ticks)
Primal:	307
Dual:	307
Status:	Optimal
Time:	1.05758
Sequence:
	6
	9
	5
	9
	6
	9
	2
	9
	6
	9
	5
	9
	9
	9
	9
	6
	9
	9
	9
	9
	5
	9
	9
	9
	9
	9
	6
	9
	9
	9
	9
	9
	5
	9
	9
	9
	9
	9
	4
	9
	9
	9
	9
	5
	9
	6
	9
	5
	9
	1
	9
	9
	9
	1
	9
	9
	1
	9
	1
	9
	9
	1
	4
	9
	5
	9
	1
	9
	6
	9
	9
	9
	9
	9
	6
	9
	9
	9
	9
	9
	6
	9
	9
	9
	9
	9
	9
	9
	6
	9
	1
	9
	9
	9
	9
	6
	9
	9
	9
	6
	4
	0
	4
	4
	3
	4
	6
	0
	9
	5
	0
	4
	9
	5
	4
	0
	4
	5
	0
	6
	4
	1
	9
	3
	0
	1
	4
	1
	9
	0
	9
	6
	0
	5
	9
	4
	1
	9
	6
	0
	5
	9
	1
	4
	1
	2
	4
	1
	9
	5
	9
	6
	4
	10
	0
	5
	9
	4
	6
	0
	3
	4
	1
	0
	10
	9
	1
	4
	6
	2
	5
	4
	9
	6
	0
	9
	1
	0
	6
	9
	5
	9
	4
	6
	0
	4
	1
	4
	6
	9
	0
	9
	4
	5
	0
	5
	4
	0
	6
	9
	2
	9
	6
	0
	3
	4
	0
	6
	4
	0
	4
	6
	2
	5
	9
	0
	4
	1
	0
	9
	9
	6
	0
	1
	9
	1
	4
	6
	9
	10
	4
	0
	6
	9
	0
	10
	9
	5
	8
	9
	5
	0
	9
	5
	4
	10
	4
	1
	0
	1
	4
	0
	6
	9
	5
	4
	0
	4
	10
	0
	6
	4
	3
	4
	0
	6
	9
	0
	4
	9
	6
	4
	0
	1
	4
	1
	9
	1
	0
	11
	4
	6
	0
	9
	1
	0
	5
	4
	9
	1
	9
	0
	6
	4
	1
	9
	0
	6
	4
	0
	1
	9
	5
	0
	4
	6
	0
