Version identifier: 22.1.1.0 | 2022-11-28 | 9160aff4d
CPXPARAM_Threads                                 1
CPXPARAM_MIP_Strategy_VariableSelect             3
CPXPARAM_TimeLimit                               599.997539254
Found incumbent of value 0.000000 after 0.00 sec. (0.25 ticks)

Root node processing (before b&c):
  Real time             =    0.00 sec. (0.29 ticks)
Sequential b&c:
  Real time             =    0.00 sec. (0.00 ticks)
                          ------------
Total (root+branch&cut) =    0.00 sec. (0.29 ticks)
Version identifier: 22.1.1.0 | 2022-11-28 | 9160aff4d
CPXPARAM_Threads                                 1
CPXPARAM_MIP_Strategy_VariableSelect             3
CPXPARAM_TimeLimit                               599.98176910400002
Found incumbent of value 0.000000 after 0.00 sec. (0.30 ticks)

Root node processing (before b&c):
  Real time             =    0.00 sec. (0.34 ticks)
Sequential b&c:
  Real time             =    0.00 sec. (0.00 ticks)
                          ------------
Total (root+branch&cut) =    0.00 sec. (0.34 ticks)
Version identifier: 22.1.1.0 | 2022-11-28 | 9160aff4d
CPXPARAM_Threads                                 1
CPXPARAM_MIP_Strategy_VariableSelect             3
CPXPARAM_TimeLimit                               599.96478584800002
Tried aggregator 1 time.
MIP Presolve eliminated 17 rows and 428 columns.
MIP Presolve modified 1 coefficients.
Reduced MIP has 1279 rows, 2140 columns, and 16720 nonzeros.
Reduced MIP has 2140 binaries, 0 generals, 0 SOSs, and 0 indicators.
Presolve time = 0.02 sec. (8.85 ticks)
Found incumbent of value 0.000000 after 0.05 sec. (26.02 ticks)

Root node processing (before b&c):
  Real time             =    0.06 sec. (26.12 ticks)
Sequential b&c:
  Real time             =    0.00 sec. (0.00 ticks)
                          ------------
Total (root+branch&cut) =    0.06 sec. (26.12 ticks)
Version identifier: 22.1.1.0 | 2022-11-28 | 9160aff4d
CPXPARAM_Threads                                 1
CPXPARAM_MIP_Strategy_VariableSelect             3
CPXPARAM_TimeLimit                               599.88358032400004
Tried aggregator 1 time.
MIP Presolve eliminated 17 rows and 444 columns.
MIP Presolve modified 1 coefficients.
Reduced MIP has 1327 rows, 2220 columns, and 17352 nonzeros.
Reduced MIP has 2220 binaries, 0 generals, 0 SOSs, and 0 indicators.
Presolve time = 0.02 sec. (9.17 ticks)
Found incumbent of value 0.000000 after 0.05 sec. (29.28 ticks)

Root node processing (before b&c):
  Real time             =    0.05 sec. (29.39 ticks)
Sequential b&c:
  Real time             =    0.00 sec. (0.00 ticks)
                          ------------
Total (root+branch&cut) =    0.05 sec. (29.39 ticks)
Version identifier: 22.1.1.0 | 2022-11-28 | 9160aff4d
CPXPARAM_Threads                                 1
CPXPARAM_MIP_Strategy_VariableSelect             3
CPXPARAM_TimeLimit                               599.81189887100004
Tried aggregator 1 time.
MIP Presolve eliminated 17 rows and 452 columns.
MIP Presolve modified 1 coefficients.
Reduced MIP has 1351 rows, 2260 columns, and 17668 nonzeros.
Reduced MIP has 2260 binaries, 0 generals, 0 SOSs, and 0 indicators.
Presolve time = 0.02 sec. (9.33 ticks)
Probing time = 0.00 sec. (2.50 ticks)
Tried aggregator 1 time.
Detecting symmetries...
Reduced MIP has 1351 rows, 2260 columns, and 17668 nonzeros.
Reduced MIP has 2260 binaries, 0 generals, 0 SOSs, and 0 indicators.
Presolve time = 0.02 sec. (10.78 ticks)
Probing time = 0.00 sec. (2.50 ticks)
Clique table members: 894.
MIP emphasis: balance optimality and feasibility.
MIP search method: dynamic search.
Parallel mode: none, using 1 thread.
Root relaxation solution time = 0.02 sec. (13.75 ticks)

        Nodes                                         Cuts/
   Node  Left     Objective  IInf  Best Integer    Best Bound    ItCnt     Gap

      0     0        0.0000    62                      0.0000      387         
*     0+    0                            0.0000        0.0000             0.00%
      0     0        cutoff              0.0000        0.0000      387    0.00%
Elapsed time = 0.15 sec. (92.81 ticks, tree = 0.01 MB, solutions = 1)

Root node processing (before b&c):
  Real time             =    0.15 sec. (92.90 ticks)
Sequential b&c:
  Real time             =    0.00 sec. (0.00 ticks)
                          ------------
Total (root+branch&cut) =    0.15 sec. (92.90 ticks)
Version identifier: 22.1.1.0 | 2022-11-28 | 9160aff4d
CPXPARAM_Threads                                 1
CPXPARAM_MIP_Strategy_VariableSelect             3
CPXPARAM_TimeLimit                               599.63910456099995
Tried aggregator 1 time.
MIP Presolve eliminated 17 rows and 456 columns.
MIP Presolve modified 1 coefficients.
Reduced MIP has 1363 rows, 2280 columns, and 17826 nonzeros.
Reduced MIP has 2280 binaries, 0 generals, 0 SOSs, and 0 indicators.
Presolve time = 0.02 sec. (9.42 ticks)
Probing time = 0.00 sec. (2.51 ticks)
Tried aggregator 1 time.
Detecting symmetries...
Reduced MIP has 1363 rows, 2280 columns, and 17826 nonzeros.
Reduced MIP has 2280 binaries, 0 generals, 0 SOSs, and 0 indicators.
Presolve time = 0.02 sec. (10.88 ticks)
Probing time = 0.00 sec. (2.51 ticks)
Clique table members: 902.
MIP emphasis: balance optimality and feasibility.
MIP search method: dynamic search.
Parallel mode: none, using 1 thread.
Root relaxation solution time = 0.02 sec. (14.80 ticks)

        Nodes                                         Cuts/
   Node  Left     Objective  IInf  Best Integer    Best Bound    ItCnt     Gap

      0     0        0.0000    80                      0.0000      422         
*     0+    0                            0.0000        0.0000             0.00%
      0     0        cutoff              0.0000        0.0000      422    0.00%
Elapsed time = 0.15 sec. (93.19 ticks, tree = 0.01 MB, solutions = 1)

Root node processing (before b&c):
  Real time             =    0.15 sec. (93.27 ticks)
Sequential b&c:
  Real time             =    0.00 sec. (0.00 ticks)
                          ------------
Total (root+branch&cut) =    0.15 sec. (93.27 ticks)
Version identifier: 22.1.1.0 | 2022-11-28 | 9160aff4d
CPXPARAM_Threads                                 1
CPXPARAM_MIP_Strategy_VariableSelect             3
CPXPARAM_TimeLimit                               599.46369664199995
Tried aggregator 1 time.
MIP Presolve eliminated 17 rows and 458 columns.
MIP Presolve modified 1 coefficients.
Reduced MIP has 1369 rows, 2290 columns, and 17905 nonzeros.
Reduced MIP has 2290 binaries, 0 generals, 0 SOSs, and 0 indicators.
Presolve time = 0.02 sec. (9.45 ticks)
Probing time = 0.00 sec. (2.51 ticks)
Tried aggregator 1 time.
Detecting symmetries...
Reduced MIP has 1369 rows, 2290 columns, and 17905 nonzeros.
Reduced MIP has 2290 binaries, 0 generals, 0 SOSs, and 0 indicators.
Presolve time = 0.02 sec. (10.91 ticks)
Probing time = 0.00 sec. (2.51 ticks)
Clique table members: 906.
MIP emphasis: balance optimality and feasibility.
MIP search method: dynamic search.
Parallel mode: none, using 1 thread.
Root relaxation solution time = 0.03 sec. (18.88 ticks)

        Nodes                                         Cuts/
   Node  Left     Objective  IInf  Best Integer    Best Bound    ItCnt     Gap

      0     0        0.0000   162                      0.0000      480         
*     0+    0                            0.0000        0.0000             0.00%
      0     0        cutoff              0.0000        0.0000      480    0.00%
Elapsed time = 0.17 sec. (99.15 ticks, tree = 0.01 MB, solutions = 1)

Root node processing (before b&c):
  Real time             =    0.17 sec. (99.23 ticks)
Sequential b&c:
  Real time             =    0.00 sec. (0.00 ticks)
                          ------------
Total (root+branch&cut) =    0.17 sec. (99.23 ticks)
Primal:	229
Dual:	229
Status:	Optimal
Time:	0.721857
Sequence:
	9
	9
	6
	9
	9
	9
	6
	9
	9
	9
	9
	9
	6
	9
	9
	9
	9
	9
	9
	9
	6
	9
	9
	9
	6
	9
	4
	9
	9
	9
	9
	4
	9
	6
	9
	9
	9
	6
	9
	9
	9
	6
	9
	9
	9
	9
	6
	9
	9
	9
	4
	9
	9
	6
	9
	9
	9
	6
	9
	9
	9
	9
	9
	6
	9
	9
	9
	9
	9
	6
	9
	9
	9
	9
	6
	9
	9
	9
	9
	9
	6
	9
	9
	9
	9
	6
	9
	4
	9
	9
	9
	9
	9
	6
	9
	9
	9
	9
	9
	6
	9
	0
	5
	6
	9
	5
	5
	9
	6
	11
	9
	5
	2
	4
	6
	9
	5
	0
	6
	4
	0
	5
	9
	0
	5
	9
	6
	11
	0
	4
	9
	6
	4
	0
	11
	4
	0
	6
	9
	10
	5
	9
	1
	6
	1
	4
	4
	1
	4
	6
	9
	4
	9
	4
	6
	3
	0
	9
	4
	6
	0
	11
	4
	6
	10
	4
	1
	4
	6
	1
	4
	5
	11
	6
	2
	4
	5
	0
	6
	9
	11
	9
	4
	6
	10
	1
	9
	3
	9
	4
	9
	6
	5
	2
	1
	9
	6
	5
	9
	11
	6
	4
	9
	5
	0
	4
	11
	4
	6
	9
	5
	0
	4
	6
	0
	4
	11
	6
	0
	4
	1
	0
	4
	6
	0
	5
	4
	11
	6
