Version identifier: 22.1.1.0 | 2022-11-28 | 9160aff4d
CPXPARAM_Threads                                 1
CPXPARAM_MIP_Strategy_VariableSelect             3
CPXPARAM_TimeLimit                               599.99921495599995
Found incumbent of value 0.000000 after 0.00 sec. (0.21 ticks)

Root node processing (before b&c):
  Real time             =    0.00 sec. (0.24 ticks)
Sequential b&c:
  Real time             =    0.00 sec. (0.00 ticks)
                          ------------
Total (root+branch&cut) =    0.00 sec. (0.24 ticks)
Version identifier: 22.1.1.0 | 2022-11-28 | 9160aff4d
CPXPARAM_Threads                                 1
CPXPARAM_MIP_Strategy_VariableSelect             3
CPXPARAM_TimeLimit                               599.99267454200003
Found incumbent of value 0.000000 after 0.00 sec. (0.26 ticks)

Root node processing (before b&c):
  Real time             =    0.00 sec. (0.30 ticks)
Sequential b&c:
  Real time             =    0.00 sec. (0.00 ticks)
                          ------------
Total (root+branch&cut) =    0.00 sec. (0.30 ticks)
Version identifier: 22.1.1.0 | 2022-11-28 | 9160aff4d
CPXPARAM_Threads                                 1
CPXPARAM_MIP_Strategy_VariableSelect             3
CPXPARAM_TimeLimit                               599.98178645899998
Tried aggregator 1 time.
MIP Presolve eliminated 204 rows and 380 columns.
MIP Presolve modified 1 coefficients.
Reduced MIP has 948 rows, 1900 columns, and 15186 nonzeros.
Reduced MIP has 1900 binaries, 0 generals, 0 SOSs, and 0 indicators.
Presolve time = 0.01 sec. (9.98 ticks)
Probing time = 0.00 sec. (3.71 ticks)
Tried aggregator 1 time.
Detecting symmetries...
Reduced MIP has 948 rows, 1900 columns, and 15186 nonzeros.
Reduced MIP has 1900 binaries, 0 generals, 0 SOSs, and 0 indicators.
Presolve time = 0.01 sec. (11.16 ticks)
Probing time = 0.00 sec. (3.71 ticks)
Clique table members: 565.
MIP emphasis: balance optimality and feasibility.
MIP search method: dynamic search.
Parallel mode: none, using 1 thread.
Root relaxation solution time = 0.01 sec. (15.10 ticks)

        Nodes                                         Cuts/
   Node  Left     Objective  IInf  Best Integer    Best Bound    ItCnt     Gap

      0     0        0.0000   152                      0.0000      449         
*     0+    0                            0.0000        0.0000             0.00%
      0     0        cutoff              0.0000        0.0000      449    0.00%
Elapsed time = 0.07 sec. (94.68 ticks, tree = 0.01 MB, solutions = 1)

Root node processing (before b&c):
  Real time             =    0.07 sec. (94.74 ticks)
Sequential b&c:
  Real time             =    0.00 sec. (0.00 ticks)
                          ------------
Total (root+branch&cut) =    0.07 sec. (94.74 ticks)
Version identifier: 22.1.1.0 | 2022-11-28 | 9160aff4d
CPXPARAM_Threads                                 1
CPXPARAM_MIP_Strategy_VariableSelect             3
CPXPARAM_TimeLimit                               599.90876004799998
Tried aggregator 1 time.
MIP Presolve eliminated 213 rows and 398 columns.
MIP Presolve modified 1 coefficients.
Reduced MIP has 993 rows, 1990 columns, and 15915 nonzeros.
Reduced MIP has 1990 binaries, 0 generals, 0 SOSs, and 0 indicators.
Presolve time = 0.01 sec. (10.51 ticks)
Probing time = 0.00 sec. (3.78 ticks)
Tried aggregator 1 time.
Detecting symmetries...
Reduced MIP has 993 rows, 1990 columns, and 15915 nonzeros.
Reduced MIP has 1990 binaries, 0 generals, 0 SOSs, and 0 indicators.
Presolve time = 0.01 sec. (11.74 ticks)
Probing time = 0.00 sec. (3.78 ticks)
Clique table members: 592.
MIP emphasis: balance optimality and feasibility.
MIP search method: dynamic search.
Parallel mode: none, using 1 thread.
Root relaxation solution time = 0.01 sec. (14.09 ticks)

        Nodes                                         Cuts/
   Node  Left     Objective  IInf  Best Integer    Best Bound    ItCnt     Gap

      0     0        0.0000    79                      0.0000      412         
*     0+    0                            0.0000        0.0000             0.00%
      0     0        cutoff              0.0000        0.0000      412    0.00%
Elapsed time = 0.10 sec. (120.89 ticks, tree = 0.01 MB, solutions = 1)

Root node processing (before b&c):
  Real time             =    0.10 sec. (120.96 ticks)
Sequential b&c:
  Real time             =    0.00 sec. (0.00 ticks)
                          ------------
Total (root+branch&cut) =    0.10 sec. (120.96 ticks)
Version identifier: 22.1.1.0 | 2022-11-28 | 9160aff4d
CPXPARAM_Threads                                 1
CPXPARAM_MIP_Strategy_VariableSelect             3
CPXPARAM_TimeLimit                               599.80333732700001
Tried aggregator 1 time.
MIP Presolve eliminated 218 rows and 408 columns.
MIP Presolve modified 1 coefficients.
Reduced MIP has 1018 rows, 2040 columns, and 16320 nonzeros.
Reduced MIP has 2040 binaries, 0 generals, 0 SOSs, and 0 indicators.
Presolve time = 0.01 sec. (10.81 ticks)
Probing time = 0.00 sec. (3.81 ticks)
Tried aggregator 1 time.
Detecting symmetries...
Reduced MIP has 1018 rows, 2040 columns, and 16320 nonzeros.
Reduced MIP has 2040 binaries, 0 generals, 0 SOSs, and 0 indicators.
Presolve time = 0.01 sec. (12.08 ticks)
Probing time = 0.00 sec. (3.81 ticks)
Clique table members: 607.
MIP emphasis: balance optimality and feasibility.
MIP search method: dynamic search.
Parallel mode: none, using 1 thread.
Root relaxation solution time = 0.01 sec. (19.93 ticks)

        Nodes                                         Cuts/
   Node  Left     Objective  IInf  Best Integer    Best Bound    ItCnt     Gap

      0     0        0.0000   148                      0.0000      514         
*     0+    0                            0.0000        0.0000             0.00%
      0     0        cutoff              0.0000        0.0000      514    0.00%
Elapsed time = 0.07 sec. (103.56 ticks, tree = 0.01 MB, solutions = 1)

Root node processing (before b&c):
  Real time             =    0.07 sec. (103.63 ticks)
Sequential b&c:
  Real time             =    0.00 sec. (0.00 ticks)
                          ------------
Total (root+branch&cut) =    0.07 sec. (103.63 ticks)
Version identifier: 22.1.1.0 | 2022-11-28 | 9160aff4d
CPXPARAM_Threads                                 1
CPXPARAM_MIP_Strategy_VariableSelect             3
CPXPARAM_TimeLimit                               599.72555685999998
Tried aggregator 1 time.
MIP Presolve eliminated 220 rows and 412 columns.
MIP Presolve modified 1 coefficients.
Reduced MIP has 1028 rows, 2060 columns, and 16482 nonzeros.
Reduced MIP has 2060 binaries, 0 generals, 0 SOSs, and 0 indicators.
Presolve time = 0.01 sec. (10.93 ticks)
Probing time = 0.00 sec. (3.84 ticks)
Tried aggregator 1 time.
Detecting symmetries...
Reduced MIP has 1028 rows, 2060 columns, and 16482 nonzeros.
Reduced MIP has 2060 binaries, 0 generals, 0 SOSs, and 0 indicators.
Presolve time = 0.01 sec. (12.22 ticks)
Probing time = 0.00 sec. (3.84 ticks)
Clique table members: 613.
MIP emphasis: balance optimality and feasibility.
MIP search method: dynamic search.
Parallel mode: none, using 1 thread.
Root relaxation solution time = 0.02 sec. (26.00 ticks)

        Nodes                                         Cuts/
   Node  Left     Objective  IInf  Best Integer    Best Bound    ItCnt     Gap

      0     0        0.0000   161                      0.0000      586         
*     0+    0                            0.0000        0.0000             0.00%
      0     0        cutoff              0.0000        0.0000      586    0.00%
Elapsed time = 0.11 sec. (158.92 ticks, tree = 0.01 MB, solutions = 1)

Root node processing (before b&c):
  Real time             =    0.11 sec. (158.99 ticks)
Sequential b&c:
  Real time             =    0.00 sec. (0.00 ticks)
                          ------------
Total (root+branch&cut) =    0.11 sec. (158.99 ticks)
Version identifier: 22.1.1.0 | 2022-11-28 | 9160aff4d
CPXPARAM_Threads                                 1
CPXPARAM_MIP_Strategy_VariableSelect             3
CPXPARAM_TimeLimit                               599.60879799600002
Tried aggregator 1 time.
MIP Presolve eliminated 221 rows and 414 columns.
MIP Presolve modified 1 coefficients.
Reduced MIP has 1033 rows, 2070 columns, and 16563 nonzeros.
Reduced MIP has 2070 binaries, 0 generals, 0 SOSs, and 0 indicators.
Presolve time = 0.01 sec. (10.98 ticks)
Probing time = 0.00 sec. (3.83 ticks)
Tried aggregator 1 time.
Detecting symmetries...
Reduced MIP has 1033 rows, 2070 columns, and 16563 nonzeros.
Reduced MIP has 2070 binaries, 0 generals, 0 SOSs, and 0 indicators.
Presolve time = 0.01 sec. (12.28 ticks)
Probing time = 0.00 sec. (3.83 ticks)
Clique table members: 616.
MIP emphasis: balance optimality and feasibility.
MIP search method: dynamic search.
Parallel mode: none, using 1 thread.
Root relaxation solution time = 0.01 sec. (22.63 ticks)

        Nodes                                         Cuts/
   Node  Left     Objective  IInf  Best Integer    Best Bound    ItCnt     Gap

      0     0        0.0000    95                      0.0000      571         
*     0+    0                            0.0000        0.0000             0.00%
      0     0        cutoff              0.0000        0.0000      571    0.00%
Elapsed time = 0.10 sec. (137.96 ticks, tree = 0.01 MB, solutions = 1)

Root node processing (before b&c):
  Real time             =    0.10 sec. (138.03 ticks)
Sequential b&c:
  Real time             =    0.00 sec. (0.00 ticks)
                          ------------
Total (root+branch&cut) =    0.10 sec. (138.03 ticks)
Version identifier: 22.1.1.0 | 2022-11-28 | 9160aff4d
CPXPARAM_Threads                                 1
CPXPARAM_MIP_Strategy_VariableSelect             3
CPXPARAM_TimeLimit                               599.50473436000004
Tried aggregator 1 time.
MIP Presolve eliminated 222 rows and 416 columns.
MIP Presolve modified 1 coefficients.
Reduced MIP has 1038 rows, 2080 columns, and 16644 nonzeros.
Reduced MIP has 2080 binaries, 0 generals, 0 SOSs, and 0 indicators.
Presolve time = 0.01 sec. (11.04 ticks)
Probing time = 0.00 sec. (3.85 ticks)
Tried aggregator 1 time.
Detecting symmetries...
Reduced MIP has 1038 rows, 2080 columns, and 16644 nonzeros.
Reduced MIP has 2080 binaries, 0 generals, 0 SOSs, and 0 indicators.
Presolve time = 0.01 sec. (12.35 ticks)
Probing time = 0.00 sec. (3.85 ticks)
Clique table members: 619.
MIP emphasis: balance optimality and feasibility.
MIP search method: dynamic search.
Parallel mode: none, using 1 thread.
Root relaxation solution time = 0.02 sec. (26.99 ticks)

        Nodes                                         Cuts/
   Node  Left     Objective  IInf  Best Integer    Best Bound    ItCnt     Gap

      0     0        0.0000   209                      0.0000      621         
*     0+    0                            0.0000        0.0000             0.00%
      0     0        cutoff              0.0000        0.0000      621    0.00%
Elapsed time = 0.16 sec. (196.46 ticks, tree = 0.01 MB, solutions = 1)

Root node processing (before b&c):
  Real time             =    0.16 sec. (196.53 ticks)
Sequential b&c:
  Real time             =    0.00 sec. (0.00 ticks)
                          ------------
Total (root+branch&cut) =    0.16 sec. (196.53 ticks)
Primal:	208
Dual:	208
Status:	Optimal
Time:	0.656939
Sequence:
	2
	4
	9
	2
	7
	10
	2
	9
	9
	2
	7
	9
	2
	5
	9
	2
	5
	7
	9
	2
	9
	9
	4
	0
	9
	7
	0
	9
	9
	9
	2
	7
	5
	9
	4
	5
	2
	7
	9
	9
	9
	9
	9
	10
	9
	7
	2
	9
	5
	9
	2
	9
	7
	2
	9
	9
	2
	9
	9
	11
	9
	5
	5
	2
	9
	7
	4
	9
	2
	5
	5
	9
	7
	5
	9
	5
	4
	0
	7
	4
	2
	5
	5
	2
	7
	10
	4
	0
	4
	5
	0
	7
	4
	0
	5
	4
	0
	7
	9
	0
	4
	5
	0
	11
	4
	5
	0
	4
	5
	10
	2
	4
	7
	0
	4
	5
	9
	0
	7
	10
	9
	2
	5
	10
	7
	2
	5
	4
	10
	0
	4
	7
	0
	4
	5
	0
	4
	7
	0
	4
	5
	0
	9
	7
	0
	5
	9
	0
	4
	7
	0
	4
	5
	2
	9
	5
	7
	0
	4
	5
	1
	9
	0
	7
	10
	2
	10
	5
	0
	4
	7
	0
	5
	4
	9
	0
	10
	5
	2
	3
	4
	0
	4
	5
	2
	7
	10
	0
	4
	5
	0
	7
	4
	0
	9
	4
	5
	0
	4
	7
	2
	10
	4
	10
	0
	9
	7
	2
