Version identifier: 22.1.1.0 | 2022-11-28 | 9160aff4d
CPXPARAM_Threads                                 1
CPXPARAM_MIP_Strategy_VariableSelect             3
CPXPARAM_TimeLimit                               599.99829847599995
Found incumbent of value 0.000000 after 0.00 sec. (0.33 ticks)

Root node processing (before b&c):
  Real time             =    0.00 sec. (0.37 ticks)
Sequential b&c:
  Real time             =    0.00 sec. (0.00 ticks)
                          ------------
Total (root+branch&cut) =    0.00 sec. (0.37 ticks)
Version identifier: 22.1.1.0 | 2022-11-28 | 9160aff4d
CPXPARAM_Threads                                 1
CPXPARAM_MIP_Strategy_VariableSelect             3
CPXPARAM_TimeLimit                               599.98921145099996
Found incumbent of value 0.000000 after 0.00 sec. (0.40 ticks)

Root node processing (before b&c):
  Real time             =    0.00 sec. (0.46 ticks)
Sequential b&c:
  Real time             =    0.00 sec. (0.00 ticks)
                          ------------
Total (root+branch&cut) =    0.00 sec. (0.46 ticks)
Version identifier: 22.1.1.0 | 2022-11-28 | 9160aff4d
CPXPARAM_Threads                                 1
CPXPARAM_MIP_Strategy_VariableSelect             3
CPXPARAM_TimeLimit                               599.97991433899995
Found incumbent of value 0.000000 after 0.00 sec. (0.44 ticks)

Root node processing (before b&c):
  Real time             =    0.00 sec. (0.51 ticks)
Sequential b&c:
  Real time             =    0.00 sec. (0.00 ticks)
                          ------------
Total (root+branch&cut) =    0.00 sec. (0.51 ticks)
Version identifier: 22.1.1.0 | 2022-11-28 | 9160aff4d
CPXPARAM_Threads                                 1
CPXPARAM_MIP_Strategy_VariableSelect             3
CPXPARAM_TimeLimit                               599.969070526
Tried aggregator 1 time.
MIP Presolve eliminated 17 rows and 608 columns.
Reduced MIP has 1819 rows, 3040 columns, and 24736 nonzeros.
Reduced MIP has 3040 binaries, 0 generals, 0 SOSs, and 0 indicators.
Presolve time = 0.01 sec. (12.85 ticks)
Found incumbent of value 0.000000 after 0.03 sec. (38.46 ticks)

Root node processing (before b&c):
  Real time             =    0.03 sec. (38.60 ticks)
Sequential b&c:
  Real time             =    0.00 sec. (0.00 ticks)
                          ------------
Total (root+branch&cut) =    0.03 sec. (38.60 ticks)
Version identifier: 22.1.1.0 | 2022-11-28 | 9160aff4d
CPXPARAM_Threads                                 1
CPXPARAM_MIP_Strategy_VariableSelect             3
CPXPARAM_TimeLimit                               599.92731301599997
Tried aggregator 1 time.
MIP Presolve eliminated 17 rows and 622 columns.
Reduced MIP has 1861 rows, 3110 columns, and 25310 nonzeros.
Reduced MIP has 3110 binaries, 0 generals, 0 SOSs, and 0 indicators.
Presolve time = 0.01 sec. (13.14 ticks)
Probing time = 0.00 sec. (2.76 ticks)
Tried aggregator 1 time.
Detecting symmetries...
Reduced MIP has 1861 rows, 3110 columns, and 25310 nonzeros.
Reduced MIP has 3110 binaries, 0 generals, 0 SOSs, and 0 indicators.
Presolve time = 0.01 sec. (15.32 ticks)
Probing time = 0.00 sec. (2.76 ticks)
Clique table members: 1234.
MIP emphasis: balance optimality and feasibility.
MIP search method: dynamic search.
Parallel mode: none, using 1 thread.
Root relaxation solution time = 0.02 sec. (26.28 ticks)

        Nodes                                         Cuts/
   Node  Left     Objective  IInf  Best Integer    Best Bound    ItCnt     Gap

      0     0        0.0000    47                      0.0000      642         
*     0+    0                            0.0000        0.0000             0.00%
      0     0        cutoff              0.0000        0.0000      642    0.00%
Elapsed time = 0.09 sec. (125.10 ticks, tree = 0.01 MB, solutions = 1)

Root node processing (before b&c):
  Real time             =    0.09 sec. (125.21 ticks)
Sequential b&c:
  Real time             =    0.00 sec. (0.00 ticks)
                          ------------
Total (root+branch&cut) =    0.09 sec. (125.21 ticks)
Version identifier: 22.1.1.0 | 2022-11-28 | 9160aff4d
CPXPARAM_Threads                                 1
CPXPARAM_MIP_Strategy_VariableSelect             3
CPXPARAM_TimeLimit                               599.82629039000005
Tried aggregator 1 time.
MIP Presolve eliminated 17 rows and 628 columns.
Reduced MIP has 1879 rows, 3140 columns, and 25556 nonzeros.
Reduced MIP has 3140 binaries, 0 generals, 0 SOSs, and 0 indicators.
Presolve time = 0.01 sec. (13.27 ticks)
Probing time = 0.00 sec. (2.77 ticks)
Tried aggregator 1 time.
Detecting symmetries...
Reduced MIP has 1879 rows, 3140 columns, and 25556 nonzeros.
Reduced MIP has 3140 binaries, 0 generals, 0 SOSs, and 0 indicators.
Presolve time = 0.01 sec. (15.47 ticks)
Probing time = 0.00 sec. (2.77 ticks)
Clique table members: 1246.
MIP emphasis: balance optimality and feasibility.
MIP search method: dynamic search.
Parallel mode: none, using 1 thread.
Root relaxation solution time = 0.01 sec. (21.90 ticks)

        Nodes                                         Cuts/
   Node  Left     Objective  IInf  Best Integer    Best Bound    ItCnt     Gap

      0     0        0.0000    56                      0.0000      574         
*     0+    0                            0.0000        0.0000             0.00%
      0     0        cutoff              0.0000        0.0000      574    0.00%
Elapsed time = 0.10 sec. (146.86 ticks, tree = 0.01 MB, solutions = 1)

Root node processing (before b&c):
  Real time             =    0.10 sec. (146.97 ticks)
Sequential b&c:
  Real time             =    0.00 sec. (0.00 ticks)
                          ------------
Total (root+branch&cut) =    0.10 sec. (146.97 ticks)
Version identifier: 22.1.1.0 | 2022-11-28 | 9160aff4d
CPXPARAM_Threads                                 1
CPXPARAM_MIP_Strategy_VariableSelect             3
CPXPARAM_TimeLimit                               599.71370430499996
Tried aggregator 1 time.
MIP Presolve eliminated 17 rows and 632 columns.
Reduced MIP has 1891 rows, 3160 columns, and 25720 nonzeros.
Reduced MIP has 3160 binaries, 0 generals, 0 SOSs, and 0 indicators.
Presolve time = 0.01 sec. (13.35 ticks)
Probing time = 0.00 sec. (2.77 ticks)
Tried aggregator 1 time.
Detecting symmetries...
Reduced MIP has 1891 rows, 3160 columns, and 25720 nonzeros.
Reduced MIP has 3160 binaries, 0 generals, 0 SOSs, and 0 indicators.
Presolve time = 0.01 sec. (15.56 ticks)
Probing time = 0.00 sec. (2.77 ticks)
Clique table members: 1254.
MIP emphasis: balance optimality and feasibility.
MIP search method: dynamic search.
Parallel mode: none, using 1 thread.
Root relaxation solution time = 0.02 sec. (28.30 ticks)

        Nodes                                         Cuts/
   Node  Left     Objective  IInf  Best Integer    Best Bound    ItCnt     Gap

      0     0        0.0000    86                      0.0000      668         
*     0+    0                            0.0000        0.0000             0.00%
      0     0        cutoff              0.0000        0.0000      668    0.00%
Elapsed time = 0.10 sec. (127.94 ticks, tree = 0.01 MB, solutions = 1)

Root node processing (before b&c):
  Real time             =    0.10 sec. (128.05 ticks)
Sequential b&c:
  Real time             =    0.00 sec. (0.00 ticks)
                          ------------
Total (root+branch&cut) =    0.10 sec. (128.05 ticks)
Version identifier: 22.1.1.0 | 2022-11-28 | 9160aff4d
CPXPARAM_Threads                                 1
CPXPARAM_MIP_Strategy_VariableSelect             3
CPXPARAM_TimeLimit                               599.60390063600005
Tried aggregator 1 time.
MIP Presolve eliminated 17 rows and 634 columns.
Reduced MIP has 1897 rows, 3170 columns, and 25802 nonzeros.
Reduced MIP has 3170 binaries, 0 generals, 0 SOSs, and 0 indicators.
Presolve time = 0.01 sec. (13.39 ticks)
Probing time = 0.00 sec. (2.77 ticks)
Tried aggregator 1 time.
Detecting symmetries...
Reduced MIP has 1897 rows, 3170 columns, and 25802 nonzeros.
Reduced MIP has 3170 binaries, 0 generals, 0 SOSs, and 0 indicators.
Presolve time = 0.01 sec. (15.61 ticks)
Probing time = 0.00 sec. (2.77 ticks)
Clique table members: 1258.
MIP emphasis: balance optimality and feasibility.
MIP search method: dynamic search.
Parallel mode: none, using 1 thread.
Root relaxation solution time = 0.02 sec. (27.81 ticks)

        Nodes                                         Cuts/
   Node  Left     Objective  IInf  Best Integer    Best Bound    ItCnt     Gap

      0     0        0.0000   113                      0.0000      666         
*     0+    0                            0.0000        0.0000             0.00%
      0     0        cutoff              0.0000        0.0000      666    0.00%
Elapsed time = 0.12 sec. (164.67 ticks, tree = 0.01 MB, solutions = 1)

Root node processing (before b&c):
  Real time             =    0.12 sec. (164.79 ticks)
Sequential b&c:
  Real time             =    0.00 sec. (0.00 ticks)
                          ------------
Total (root+branch&cut) =    0.12 sec. (164.79 ticks)
Primal:	317
Dual:	317
Status:	Optimal
Time:	0.528995
Sequence:
	9
	9
	9
	6
	5
	9
	7
	1
	5
	9
	5
	4
	9
	9
	1
	9
	9
	7
	9
	5
	9
	9
	9
	9
	6
	9
	9
	9
	9
	9
	7
	9
	5
	9
	9
	9
	9
	4
	7
	9
	6
	9
	9
	9
	9
	4
	9
	9
	7
	1
	6
	9
	4
	1
	5
	9
	7
	9
	6
	5
	9
	1
	9
	9
	9
	9
	7
	5
	9
	5
	5
	9
	6
	5
	9
	5
	1
	6
	9
	4
	1
	5
	6
	9
	5
	9
	5
	9
	7
	5
	1
	9
	9
	9
	9
	9
	9
	5
	9
	9
	6
	7
	9
	4
	1
	5
	4
	1
	7
	6
	9
	10
	1
	5
	9
	6
	5
	9
	7
	9
	9
	1
	5
	1
	4
	1
	5
	5
	9
	9
	6
	7
	9
	4
	1
	5
	5
	9
	7
	9
	6
	5
	1
	4
	1
	7
	9
	1
	1
	2
	9
	5
	9
	7
	1
	5
	9
	5
	9
	1
	9
	7
	1
	9
	9
	1
	1
	4
	5
	1
	4
	7
	1
	1
	9
	5
	6
	1
	4
	5
	9
	5
	7
	1
	4
	1
	1
	4
	4
	2
	5
	6
	1
	4
	1
	7
	9
	6
	1
	9
	5
	4
	11
	6
	4
	9
	5
	9
	0
	7
	6
	2
	1
	1
	5
	9
	5
	1
	9
	11
	1
	5
	4
	1
	5
	1
	4
	5
	9
	5
	1
	7
	9
	9
	4
	5
	9
	7
	5
	2
	5
	5
	1
	9
	5
	5
	9
	1
	6
	1
	4
	5
	11
	5
	4
	10
	4
	5
	9
	6
	9
	7
	9
	4
	0
	4
	1
	7
	5
	9
	5
	6
	9
	7
	5
	1
	9
	1
	5
	9
	7
	6
	1
	4
	1
	5
	1
	4
	1
	1
	9
	5
	11
	6
	4
	1
	5
	5
	2
	7
	1
	5
	9
	9
	4
	5
	1
	4
	0
	5
	6
	9
	9
	1
	1
	7
	4
