Version identifier: 22.1.1.0 | 2022-11-28 | 9160aff4d
CPXPARAM_Threads                                 1
CPXPARAM_MIP_Strategy_VariableSelect             3
CPXPARAM_TimeLimit                               599.99922556399997
Found incumbent of value 0.000000 after 0.00 sec. (0.20 ticks)

Root node processing (before b&c):
  Real time             =    0.00 sec. (0.23 ticks)
Sequential b&c:
  Real time             =    0.00 sec. (0.00 ticks)
                          ------------
Total (root+branch&cut) =    0.00 sec. (0.23 ticks)
Version identifier: 22.1.1.0 | 2022-11-28 | 9160aff4d
CPXPARAM_Threads                                 1
CPXPARAM_MIP_Strategy_VariableSelect             3
CPXPARAM_TimeLimit                               599.99353121399997
Found incumbent of value 0.000000 after 0.00 sec. (0.26 ticks)

Root node processing (before b&c):
  Real time             =    0.00 sec. (0.30 ticks)
Sequential b&c:
  Real time             =    0.00 sec. (0.00 ticks)
                          ------------
Total (root+branch&cut) =    0.00 sec. (0.30 ticks)
Version identifier: 22.1.1.0 | 2022-11-28 | 9160aff4d
CPXPARAM_Threads                                 1
CPXPARAM_MIP_Strategy_VariableSelect             3
CPXPARAM_TimeLimit                               599.98735933299997
Tried aggregator 1 time.
MIP Presolve eliminated 17 rows and 384 columns.
MIP Presolve modified 1 coefficients.
Reduced MIP has 1147 rows, 1920 columns, and 15552 nonzeros.
Reduced MIP has 1920 binaries, 0 generals, 0 SOSs, and 0 indicators.
Presolve time = 0.01 sec. (9.89 ticks)
Found incumbent of value 0.000000 after 0.02 sec. (27.79 ticks)

Root node processing (before b&c):
  Real time             =    0.02 sec. (27.88 ticks)
Sequential b&c:
  Real time             =    0.00 sec. (0.00 ticks)
                          ------------
Total (root+branch&cut) =    0.02 sec. (27.88 ticks)
Version identifier: 22.1.1.0 | 2022-11-28 | 9160aff4d
CPXPARAM_Threads                                 1
CPXPARAM_MIP_Strategy_VariableSelect             3
CPXPARAM_TimeLimit                               599.95868085999996
Tried aggregator 1 time.
MIP Presolve eliminated 17 rows and 404 columns.
MIP Presolve modified 1 coefficients.
Reduced MIP has 1207 rows, 2020 columns, and 16372 nonzeros.
Reduced MIP has 2020 binaries, 0 generals, 0 SOSs, and 0 indicators.
Presolve time = 0.01 sec. (10.48 ticks)
Found incumbent of value 0.000000 after 0.02 sec. (28.90 ticks)

Root node processing (before b&c):
  Real time             =    0.02 sec. (28.99 ticks)
Sequential b&c:
  Real time             =    0.00 sec. (0.00 ticks)
                          ------------
Total (root+branch&cut) =    0.02 sec. (28.99 ticks)
Version identifier: 22.1.1.0 | 2022-11-28 | 9160aff4d
CPXPARAM_Threads                                 1
CPXPARAM_MIP_Strategy_VariableSelect             3
CPXPARAM_TimeLimit                               599.92994809200002
Tried aggregator 1 time.
MIP Presolve eliminated 17 rows and 414 columns.
MIP Presolve modified 1 coefficients.
Reduced MIP has 1237 rows, 2070 columns, and 16782 nonzeros.
Reduced MIP has 2070 binaries, 0 generals, 0 SOSs, and 0 indicators.
Presolve time = 0.01 sec. (10.78 ticks)
Found incumbent of value 0.000000 after 0.02 sec. (30.17 ticks)

Root node processing (before b&c):
  Real time             =    0.02 sec. (30.26 ticks)
Sequential b&c:
  Real time             =    0.00 sec. (0.00 ticks)
                          ------------
Total (root+branch&cut) =    0.02 sec. (30.26 ticks)
Version identifier: 22.1.1.0 | 2022-11-28 | 9160aff4d
CPXPARAM_Threads                                 1
CPXPARAM_MIP_Strategy_VariableSelect             3
CPXPARAM_TimeLimit                               599.89978988200005
Tried aggregator 1 time.
MIP Presolve eliminated 17 rows and 418 columns.
MIP Presolve modified 1 coefficients.
Reduced MIP has 1249 rows, 2090 columns, and 16946 nonzeros.
Reduced MIP has 2090 binaries, 0 generals, 0 SOSs, and 0 indicators.
Presolve time = 0.01 sec. (10.89 ticks)
Probing time = 0.00 sec. (4.17 ticks)
Tried aggregator 1 time.
Detecting symmetries...
Reduced MIP has 1249 rows, 2090 columns, and 16946 nonzeros.
Reduced MIP has 2090 binaries, 0 generals, 0 SOSs, and 0 indicators.
Presolve time = 0.01 sec. (12.28 ticks)
Probing time = 0.00 sec. (4.17 ticks)
Clique table members: 827.
MIP emphasis: balance optimality and feasibility.
MIP search method: dynamic search.
Parallel mode: none, using 1 thread.
Root relaxation solution time = 0.01 sec. (11.26 ticks)

        Nodes                                         Cuts/
   Node  Left     Objective  IInf  Best Integer    Best Bound    ItCnt     Gap

      0     0        0.0000    39                      0.0000      312         
*     0+    0                            0.0000        0.0000             0.00%
      0     0        cutoff              0.0000        0.0000      312    0.00%
Elapsed time = 0.07 sec. (94.30 ticks, tree = 0.01 MB, solutions = 1)

Root node processing (before b&c):
  Real time             =    0.07 sec. (94.38 ticks)
Sequential b&c:
  Real time             =    0.00 sec. (0.00 ticks)
                          ------------
Total (root+branch&cut) =    0.07 sec. (94.38 ticks)
Version identifier: 22.1.1.0 | 2022-11-28 | 9160aff4d
CPXPARAM_Threads                                 1
CPXPARAM_MIP_Strategy_VariableSelect             3
CPXPARAM_TimeLimit                               599.82701348199998
Tried aggregator 1 time.
MIP Presolve eliminated 17 rows and 420 columns.
MIP Presolve modified 1 coefficients.
Reduced MIP has 1255 rows, 2100 columns, and 17028 nonzeros.
Reduced MIP has 2100 binaries, 0 generals, 0 SOSs, and 0 indicators.
Presolve time = 0.01 sec. (10.96 ticks)
Probing time = 0.00 sec. (4.19 ticks)
Tried aggregator 1 time.
Detecting symmetries...
Reduced MIP has 1255 rows, 2100 columns, and 17028 nonzeros.
Reduced MIP has 2100 binaries, 0 generals, 0 SOSs, and 0 indicators.
Presolve time = 0.01 sec. (12.35 ticks)
Probing time = 0.00 sec. (4.19 ticks)
Clique table members: 831.
MIP emphasis: balance optimality and feasibility.
MIP search method: dynamic search.
Parallel mode: none, using 1 thread.
Root relaxation solution time = 0.01 sec. (11.58 ticks)

        Nodes                                         Cuts/
   Node  Left     Objective  IInf  Best Integer    Best Bound    ItCnt     Gap

      0     0        0.0000    42                      0.0000      321         
*     0+    0                            0.0000        0.0000             0.00%
      0     0        cutoff              0.0000        0.0000      321    0.00%
Elapsed time = 0.06 sec. (91.52 ticks, tree = 0.01 MB, solutions = 1)

Root node processing (before b&c):
  Real time             =    0.06 sec. (91.60 ticks)
Sequential b&c:
  Real time             =    0.00 sec. (0.00 ticks)
                          ------------
Total (root+branch&cut) =    0.06 sec. (91.60 ticks)
Version identifier: 22.1.1.0 | 2022-11-28 | 9160aff4d
CPXPARAM_Threads                                 1
CPXPARAM_MIP_Strategy_VariableSelect             3
CPXPARAM_TimeLimit                               599.75873139600003
Tried aggregator 1 time.
MIP Presolve eliminated 17 rows and 422 columns.
MIP Presolve modified 1 coefficients.
Reduced MIP has 1261 rows, 2110 columns, and 17110 nonzeros.
Reduced MIP has 2110 binaries, 0 generals, 0 SOSs, and 0 indicators.
Presolve time = 0.01 sec. (11.01 ticks)
Probing time = 0.00 sec. (4.18 ticks)
Tried aggregator 1 time.
Detecting symmetries...
Reduced MIP has 1261 rows, 2110 columns, and 17110 nonzeros.
Reduced MIP has 2110 binaries, 0 generals, 0 SOSs, and 0 indicators.
Presolve time = 0.01 sec. (12.41 ticks)
Probing time = 0.00 sec. (4.18 ticks)
Clique table members: 835.
MIP emphasis: balance optimality and feasibility.
MIP search method: dynamic search.
Parallel mode: none, using 1 thread.
Root relaxation solution time = 0.01 sec. (11.39 ticks)

        Nodes                                         Cuts/
   Node  Left     Objective  IInf  Best Integer    Best Bound    ItCnt     Gap

      0     0        0.0000    83                      0.0000      320         
*     0+    0                            0.0000        0.0000             0.00%
      0     0        cutoff              0.0000        0.0000      320    0.00%
Elapsed time = 0.06 sec. (95.61 ticks, tree = 0.01 MB, solutions = 1)

Root node processing (before b&c):
  Real time             =    0.06 sec. (95.69 ticks)
Sequential b&c:
  Real time             =    0.00 sec. (0.00 ticks)
                          ------------
Total (root+branch&cut) =    0.06 sec. (95.69 ticks)
Primal:	211
Dual:	211
Status:	Optimal
Time:	0.312141
Sequence:
	1
	4
	1
	4
	4
	9
	2
	6
	9
	0
	4
	9
	6
	4
	10
	9
	9
	9
	9
	4
	6
	9
	9
	4
	1
	6
	5
	9
	4
	4
	9
	9
	4
	9
	6
	4
	9
	9
	9
	9
	9
	6
	9
	9
	9
	6
	9
	5
	9
	5
	9
	9
	9
	4
	4
	9
	4
	9
	9
	4
	9
	6
	4
	9
	9
	9
	9
	4
	9
	9
	9
	9
	9
	4
	4
	9
	9
	6
	1
	5
	4
	9
	6
	4
	0
	10
	9
	4
	0
	5
	9
	0
	4
	1
	6
	4
	0
	4
	1
	10
	4
	0
	10
	4
	0
	11
	4
	6
	0
	5
	4
	0
	6
	10
	4
	4
	0
	6
	4
	0
	4
	7
	0
	6
	4
	1
	4
	0
	6
	1
	9
	5
	0
	6
	9
	4
	0
	4
	1
	2
	6
	9
	1
	4
	6
	0
	4
	10
	0
	6
	4
	1
	4
	0
	6
	4
	0
	5
	11
	4
	4
	1
	0
	4
	1
	4
	11
	6
	4
	0
	5
	4
	10
	6
	10
	4
	1
	0
	4
	1
	4
	10
	9
	1
	6
	11
	4
	4
	0
	1
	6
	4
	10
	5
	6
	2
	5
	4
	0
	5
	4
	0
	1
	9
	0
	6
	4
	0
	4
	6
	1
