Version identifier: 22.1.1.0 | 2022-11-28 | 9160aff4d
CPXPARAM_Threads                                 1
CPXPARAM_MIP_Strategy_VariableSelect             3
CPXPARAM_TimeLimit                               599.99840625800005
Found incumbent of value 0.000000 after 0.00 sec. (0.42 ticks)

Root node processing (before b&c):
  Real time             =    0.00 sec. (0.47 ticks)
Sequential b&c:
  Real time             =    0.00 sec. (0.00 ticks)
                          ------------
Total (root+branch&cut) =    0.00 sec. (0.47 ticks)
Version identifier: 22.1.1.0 | 2022-11-28 | 9160aff4d
CPXPARAM_Threads                                 1
CPXPARAM_MIP_Strategy_VariableSelect             3
CPXPARAM_TimeLimit                               599.98641590700004
Found incumbent of value 0.000000 after 0.00 sec. (0.52 ticks)

Root node processing (before b&c):
  Real time             =    0.00 sec. (0.59 ticks)
Sequential b&c:
  Real time             =    0.00 sec. (0.00 ticks)
                          ------------
Total (root+branch&cut) =    0.00 sec. (0.59 ticks)
Version identifier: 22.1.1.0 | 2022-11-28 | 9160aff4d
CPXPARAM_Threads                                 1
CPXPARAM_MIP_Strategy_VariableSelect             3
CPXPARAM_TimeLimit                               599.971917975
Tried aggregator 1 time.
MIP Presolve eliminated 17 rows and 748 columns.
Reduced MIP has 2239 rows, 3740 columns, and 29360 nonzeros.
Reduced MIP has 3740 binaries, 0 generals, 0 SOSs, and 0 indicators.
Presolve time = 0.01 sec. (21.32 ticks)
Found incumbent of value 0.000000 after 0.04 sec. (59.10 ticks)

Root node processing (before b&c):
  Real time             =    0.04 sec. (59.28 ticks)
Sequential b&c:
  Real time             =    0.00 sec. (0.00 ticks)
                          ------------
Total (root+branch&cut) =    0.04 sec. (59.28 ticks)
Version identifier: 22.1.1.0 | 2022-11-28 | 9160aff4d
CPXPARAM_Threads                                 1
CPXPARAM_MIP_Strategy_VariableSelect             3
CPXPARAM_TimeLimit                               599.915582642
Tried aggregator 1 time.
MIP Presolve eliminated 17 rows and 782 columns.
Reduced MIP has 2341 rows, 3910 columns, and 30703 nonzeros.
Reduced MIP has 3910 binaries, 0 generals, 0 SOSs, and 0 indicators.
Presolve time = 0.01 sec. (22.54 ticks)
Probing time = 0.00 sec. (5.08 ticks)
Tried aggregator 1 time.
Detecting symmetries...
Reduced MIP has 2341 rows, 3910 columns, and 30703 nonzeros.
Reduced MIP has 3910 binaries, 0 generals, 0 SOSs, and 0 indicators.
Presolve time = 0.02 sec. (25.11 ticks)
Probing time = 0.00 sec. (5.08 ticks)
Clique table members: 1555.
MIP emphasis: balance optimality and feasibility.
MIP search method: dynamic search.
Parallel mode: none, using 1 thread.
Root relaxation solution time = 0.01 sec. (25.76 ticks)

        Nodes                                         Cuts/
   Node  Left     Objective  IInf  Best Integer    Best Bound    ItCnt     Gap

      0     0        0.0000   102                      0.0000      580         
*     0+    0                            0.0000        0.0000             0.00%
      0     0        cutoff              0.0000        0.0000      580    0.00%
Elapsed time = 0.16 sec. (225.42 ticks, tree = 0.01 MB, solutions = 1)

Root node processing (before b&c):
  Real time             =    0.16 sec. (225.56 ticks)
Sequential b&c:
  Real time             =    0.00 sec. (0.00 ticks)
                          ------------
Total (root+branch&cut) =    0.16 sec. (225.56 ticks)
Version identifier: 22.1.1.0 | 2022-11-28 | 9160aff4d
CPXPARAM_Threads                                 1
CPXPARAM_MIP_Strategy_VariableSelect             3
CPXPARAM_TimeLimit                               599.73912602400003
Tried aggregator 1 time.
MIP Presolve eliminated 17 rows and 800 columns.
Reduced MIP has 2395 rows, 4000 columns, and 31414 nonzeros.
Reduced MIP has 4000 binaries, 0 generals, 0 SOSs, and 0 indicators.
Presolve time = 0.02 sec. (23.20 ticks)
Probing time = 0.00 sec. (5.10 ticks)
Tried aggregator 1 time.
Detecting symmetries...
Reduced MIP has 2395 rows, 4000 columns, and 31414 nonzeros.
Reduced MIP has 4000 binaries, 0 generals, 0 SOSs, and 0 indicators.
Presolve time = 0.01 sec. (25.84 ticks)
Probing time = 0.00 sec. (5.10 ticks)
Clique table members: 1591.
MIP emphasis: balance optimality and feasibility.
MIP search method: dynamic search.
Parallel mode: none, using 1 thread.
Root relaxation solution time = 0.02 sec. (27.79 ticks)

        Nodes                                         Cuts/
   Node  Left     Objective  IInf  Best Integer    Best Bound    ItCnt     Gap

      0     0        0.0000    78                      0.0000      595         
*     0+    0                            0.0000        0.0000             0.00%
      0     0        cutoff              0.0000        0.0000      595    0.00%
Elapsed time = 0.16 sec. (232.47 ticks, tree = 0.01 MB, solutions = 1)

Root node processing (before b&c):
  Real time             =    0.16 sec. (232.62 ticks)
Sequential b&c:
  Real time             =    0.00 sec. (0.00 ticks)
                          ------------
Total (root+branch&cut) =    0.16 sec. (232.62 ticks)
Version identifier: 22.1.1.0 | 2022-11-28 | 9160aff4d
CPXPARAM_Threads                                 1
CPXPARAM_MIP_Strategy_VariableSelect             3
CPXPARAM_TimeLimit                               599.56435833800003
Tried aggregator 1 time.
MIP Presolve eliminated 17 rows and 808 columns.
Reduced MIP has 2419 rows, 4040 columns, and 31730 nonzeros.
Reduced MIP has 4040 binaries, 0 generals, 0 SOSs, and 0 indicators.
Presolve time = 0.02 sec. (23.51 ticks)
Probing time = 0.00 sec. (5.15 ticks)
Tried aggregator 1 time.
Detecting symmetries...
Reduced MIP has 2419 rows, 4040 columns, and 31730 nonzeros.
Reduced MIP has 4040 binaries, 0 generals, 0 SOSs, and 0 indicators.
Presolve time = 0.02 sec. (26.17 ticks)
Probing time = 0.00 sec. (5.15 ticks)
Clique table members: 1607.
MIP emphasis: balance optimality and feasibility.
MIP search method: dynamic search.
Parallel mode: none, using 1 thread.
Root relaxation solution time = 0.02 sec. (30.81 ticks)

        Nodes                                         Cuts/
   Node  Left     Objective  IInf  Best Integer    Best Bound    ItCnt     Gap

      0     0        0.0000    65                      0.0000      678         
*     0+    0                            0.0000        0.0000             0.00%
      0     0        cutoff              0.0000        0.0000      678    0.00%
Elapsed time = 0.12 sec. (174.80 ticks, tree = 0.01 MB, solutions = 1)

Root node processing (before b&c):
  Real time             =    0.12 sec. (174.95 ticks)
Sequential b&c:
  Real time             =    0.00 sec. (0.00 ticks)
                          ------------
Total (root+branch&cut) =    0.12 sec. (174.95 ticks)
Version identifier: 22.1.1.0 | 2022-11-28 | 9160aff4d
CPXPARAM_Threads                                 1
CPXPARAM_MIP_Strategy_VariableSelect             3
CPXPARAM_TimeLimit                               599.43029797500003
Tried aggregator 1 time.
MIP Presolve eliminated 17 rows and 812 columns.
Reduced MIP has 2431 rows, 4060 columns, and 31888 nonzeros.
Reduced MIP has 4060 binaries, 0 generals, 0 SOSs, and 0 indicators.
Presolve time = 0.02 sec. (23.64 ticks)
Probing time = 0.00 sec. (5.18 ticks)
Tried aggregator 1 time.
Detecting symmetries...
Reduced MIP has 2431 rows, 4060 columns, and 31888 nonzeros.
Reduced MIP has 4060 binaries, 0 generals, 0 SOSs, and 0 indicators.
Presolve time = 0.02 sec. (26.33 ticks)
Probing time = 0.00 sec. (5.18 ticks)
Clique table members: 1615.
MIP emphasis: balance optimality and feasibility.
MIP search method: dynamic search.
Parallel mode: none, using 1 thread.
Root relaxation solution time = 0.02 sec. (32.03 ticks)

        Nodes                                         Cuts/
   Node  Left     Objective  IInf  Best Integer    Best Bound    ItCnt     Gap

      0     0        0.0000    38                      0.0000      660         
*     0+    0                            0.0000        0.0000             0.00%
      0     0        cutoff              0.0000        0.0000      660    0.00%
Elapsed time = 0.16 sec. (240.88 ticks, tree = 0.01 MB, solutions = 1)

Root node processing (before b&c):
  Real time             =    0.16 sec. (241.03 ticks)
Sequential b&c:
  Real time             =    0.00 sec. (0.00 ticks)
                          ------------
Total (root+branch&cut) =    0.16 sec. (241.03 ticks)
Version identifier: 22.1.1.0 | 2022-11-28 | 9160aff4d
CPXPARAM_Threads                                 1
CPXPARAM_MIP_Strategy_VariableSelect             3
CPXPARAM_TimeLimit                               599.25595176700006
Tried aggregator 1 time.
MIP Presolve eliminated 17 rows and 814 columns.
Reduced MIP has 2437 rows, 4070 columns, and 31967 nonzeros.
Reduced MIP has 4070 binaries, 0 generals, 0 SOSs, and 0 indicators.
Presolve time = 0.02 sec. (23.73 ticks)
Probing time = 0.00 sec. (5.19 ticks)
Tried aggregator 1 time.
Detecting symmetries...
Reduced MIP has 2437 rows, 4070 columns, and 31967 nonzeros.
Reduced MIP has 4070 binaries, 0 generals, 0 SOSs, and 0 indicators.
Presolve time = 0.02 sec. (26.41 ticks)
Probing time = 0.00 sec. (5.19 ticks)
Clique table members: 1619.
MIP emphasis: balance optimality and feasibility.
MIP search method: dynamic search.
Parallel mode: none, using 1 thread.
Root relaxation solution time = 0.02 sec. (31.09 ticks)

        Nodes                                         Cuts/
   Node  Left     Objective  IInf  Best Integer    Best Bound    ItCnt     Gap

      0     0        0.0000   200                      0.0000      665         
*     0+    0                            0.0000        0.0000             0.00%
      0     0        cutoff              0.0000        0.0000      665    0.00%
Elapsed time = 0.17 sec. (231.74 ticks, tree = 0.01 MB, solutions = 1)

Root node processing (before b&c):
  Real time             =    0.17 sec. (231.89 ticks)
Sequential b&c:
  Real time             =    0.00 sec. (0.00 ticks)
                          ------------
Total (root+branch&cut) =    0.17 sec. (231.89 ticks)
Version identifier: 22.1.1.0 | 2022-11-28 | 9160aff4d
CPXPARAM_Threads                                 1
CPXPARAM_MIP_Strategy_VariableSelect             3
CPXPARAM_TimeLimit                               599.07081894199996
Tried aggregator 1 time.
MIP Presolve eliminated 17 rows and 816 columns.
Reduced MIP has 2443 rows, 4080 columns, and 32046 nonzeros.
Reduced MIP has 4080 binaries, 0 generals, 0 SOSs, and 0 indicators.
Presolve time = 0.02 sec. (23.80 ticks)
Probing time = 0.01 sec. (5.16 ticks)
Tried aggregator 1 time.
Detecting symmetries...
Reduced MIP has 2443 rows, 4080 columns, and 32046 nonzeros.
Reduced MIP has 4080 binaries, 0 generals, 0 SOSs, and 0 indicators.
Presolve time = 0.03 sec. (26.50 ticks)
Probing time = 0.01 sec. (5.16 ticks)
Clique table members: 1623.
MIP emphasis: balance optimality and feasibility.
MIP search method: dynamic search.
Parallel mode: none, using 1 thread.
Root relaxation solution time = 0.05 sec. (33.08 ticks)

        Nodes                                         Cuts/
   Node  Left     Objective  IInf  Best Integer    Best Bound    ItCnt     Gap

      0     0        0.0000   176                      0.0000      687         
*     0+    0                            0.0000        0.0000             0.00%
      0     0        cutoff              0.0000        0.0000      687    0.00%
Elapsed time = 0.23 sec. (179.84 ticks, tree = 0.01 MB, solutions = 1)

Root node processing (before b&c):
  Real time             =    0.23 sec. (179.99 ticks)
Sequential b&c:
  Real time             =    0.00 sec. (0.00 ticks)
                          ------------
Total (root+branch&cut) =    0.23 sec. (179.99 ticks)
Primal:	408
Dual:	408
Status:	Optimal
Time:	1.17635
Sequence:
	9
	5
	9
	9
	9
	9
	9
	6
	9
	5
	9
	9
	9
	9
	9
	9
	9
	6
	9
	5
	9
	6
	5
	9
	9
	9
	9
	6
	9
	9
	9
	9
	9
	6
	9
	9
	9
	9
	9
	9
	6
	9
	9
	9
	9
	6
	9
	9
	9
	9
	6
	9
	9
	9
	5
	9
	9
	9
	9
	9
	9
	5
	9
	9
	6
	9
	9
	9
	4
	9
	9
	9
	9
	6
	9
	9
	9
	9
	9
	9
	6
	9
	9
	9
	6
	9
	9
	9
	9
	6
	9
	9
	9
	6
	10
	9
	9
	6
	9
	5
	9
	5
	4
	0
	4
	6
	0
	1
	9
	6
	5
	10
	4
	0
	5
	9
	4
	4
	0
	9
	6
	4
	9
	0
	6
	1
	4
	0
	10
	4
	6
	9
	10
	5
	4
	2
	6
	10
	5
	9
	10
	0
	1
	4
	1
	6
	1
	4
	1
	4
	5
	10
	6
	4
	9
	5
	4
	9
	6
	4
	0
	9
	1
	6
	4
	1
	1
	1
	4
	6
	0
	4
	9
	6
	4
	9
	0
	1
	4
	6
	0
	5
	9
	6
	4
	1
	1
	4
	9
	6
	11
	0
	9
	6
	0
	9
	5
	6
	1
	4
	0
	4
	10
	1
	4
	0
	5
	11
	9
	6
	10
	4
	2
	6
	5
	9
	0
	1
	6
	9
	1
	4
	6
	1
	5
	9
	9
	6
	11
	0
	4
	6
	9
	5
	9
	4
	4
	0
	6
	4
	0
	10
	9
	6
	4
	9
	0
	4
	3
	1
	6
	4
	0
	9
	4
	6
	0
	11
	4
	0
	6
	5
	9
	0
	5
	10
	9
	10
	6
	4
	0
	5
	11
	4
	6
	9
	0
	1
	9
	6
	11
	0
	9
	5
	6
	0
	4
	11
	9
	5
	10
	6
	4
	0
	1
	9
	6
	10
	2
	5
	1
	5
	4
	9
	0
	6
	5
	9
	5
	6
	0
	4
	5
	0
	4
	5
	0
	4
	6
	0
	1
	9
	1
	1
	6
	9
	4
	5
	0
	5
	9
	5
	9
	5
	6
	9
	0
	4
	6
	0
	4
	1
	6
	5
	9
	5
	0
	6
	9
	5
	1
	1
	9
	6
	4
	1
	0
	6
	4
	0
	4
	6
	9
	5
	11
	6
	2
	1
	5
	4
	1
	6
	9
	0
	5
	5
	9
	6
	10
	1
	9
	6
	0
	9
	5
	4
	1
	6
	9
	10
	0
	6
	4
	10
	0
	9
	5
	0
	6
	4
	0
	9
	5
	1
	4
	9
	4
	6
