Version identifier: 22.1.1.0 | 2022-11-28 | 9160aff4d
CPXPARAM_Threads                                 1
CPXPARAM_MIP_Strategy_VariableSelect             3
CPXPARAM_TimeLimit                               599.99851908999995
Found incumbent of value 0.000000 after 0.00 sec. (0.39 ticks)

Root node processing (before b&c):
  Real time             =    0.00 sec. (0.45 ticks)
Sequential b&c:
  Real time             =    0.00 sec. (0.00 ticks)
                          ------------
Total (root+branch&cut) =    0.00 sec. (0.45 ticks)
Version identifier: 22.1.1.0 | 2022-11-28 | 9160aff4d
CPXPARAM_Threads                                 1
CPXPARAM_MIP_Strategy_VariableSelect             3
CPXPARAM_TimeLimit                               599.98750846400003
Found incumbent of value 0.000000 after 0.00 sec. (0.49 ticks)

Root node processing (before b&c):
  Real time             =    0.00 sec. (0.56 ticks)
Sequential b&c:
  Real time             =    0.00 sec. (0.00 ticks)
                          ------------
Total (root+branch&cut) =    0.00 sec. (0.56 ticks)
Version identifier: 22.1.1.0 | 2022-11-28 | 9160aff4d
CPXPARAM_Threads                                 1
CPXPARAM_MIP_Strategy_VariableSelect             3
CPXPARAM_TimeLimit                               599.97358463800003
Tried aggregator 1 time.
MIP Presolve eliminated 369 rows and 710 columns.
Reduced MIP has 1773 rows, 3550 columns, and 28551 nonzeros.
Reduced MIP has 3550 binaries, 0 generals, 0 SOSs, and 0 indicators.
Presolve time = 0.01 sec. (20.29 ticks)
Found incumbent of value 0.000000 after 0.04 sec. (55.08 ticks)

Root node processing (before b&c):
  Real time             =    0.04 sec. (55.24 ticks)
Sequential b&c:
  Real time             =    0.00 sec. (0.00 ticks)
                          ------------
Total (root+branch&cut) =    0.04 sec. (55.24 ticks)
Version identifier: 22.1.1.0 | 2022-11-28 | 9160aff4d
CPXPARAM_Threads                                 1
CPXPARAM_MIP_Strategy_VariableSelect             3
CPXPARAM_TimeLimit                               599.92069999099999
Tried aggregator 1 time.
MIP Presolve eliminated 385 rows and 742 columns.
Reduced MIP has 1853 rows, 3710 columns, and 29847 nonzeros.
Reduced MIP has 3710 binaries, 0 generals, 0 SOSs, and 0 indicators.
Presolve time = 0.01 sec. (21.45 ticks)
Probing time = 0.00 sec. (4.99 ticks)
Tried aggregator 1 time.
Detecting symmetries...
Reduced MIP has 1853 rows, 3710 columns, and 29847 nonzeros.
Reduced MIP has 3710 binaries, 0 generals, 0 SOSs, and 0 indicators.
Presolve time = 0.01 sec. (23.94 ticks)
Probing time = 0.00 sec. (4.99 ticks)
Clique table members: 1107.
MIP emphasis: balance optimality and feasibility.
MIP search method: dynamic search.
Parallel mode: none, using 1 thread.
Root relaxation solution time = 0.02 sec. (29.40 ticks)

        Nodes                                         Cuts/
   Node  Left     Objective  IInf  Best Integer    Best Bound    ItCnt     Gap

      0     0        0.0000   125                      0.0000      617         
*     0+    0                            0.0000        0.0000             0.00%
      0     0        cutoff              0.0000        0.0000      617    0.00%
Elapsed time = 0.10 sec. (152.38 ticks, tree = 0.01 MB, solutions = 1)

Root node processing (before b&c):
  Real time             =    0.10 sec. (152.51 ticks)
Sequential b&c:
  Real time             =    0.00 sec. (0.00 ticks)
                          ------------
Total (root+branch&cut) =    0.10 sec. (152.51 ticks)
Version identifier: 22.1.1.0 | 2022-11-28 | 9160aff4d
CPXPARAM_Threads                                 1
CPXPARAM_MIP_Strategy_VariableSelect             3
CPXPARAM_TimeLimit                               599.80436712400001
Tried aggregator 1 time.
MIP Presolve eliminated 393 rows and 758 columns.
Reduced MIP has 1893 rows, 3790 columns, and 30495 nonzeros.
Reduced MIP has 3790 binaries, 0 generals, 0 SOSs, and 0 indicators.
Presolve time = 0.01 sec. (22.02 ticks)
Probing time = 0.00 sec. (5.04 ticks)
Tried aggregator 1 time.
Detecting symmetries...
Reduced MIP has 1893 rows, 3790 columns, and 30495 nonzeros.
Reduced MIP has 3790 binaries, 0 generals, 0 SOSs, and 0 indicators.
Presolve time = 0.01 sec. (24.57 ticks)
Probing time = 0.00 sec. (5.04 ticks)
Clique table members: 1131.
MIP emphasis: balance optimality and feasibility.
MIP search method: dynamic search.
Parallel mode: none, using 1 thread.
Root relaxation solution time = 0.03 sec. (43.80 ticks)

        Nodes                                         Cuts/
   Node  Left     Objective  IInf  Best Integer    Best Bound    ItCnt     Gap

      0     0        0.0000   127                      0.0000      808         
*     0+    0                            0.0000        0.0000             0.00%
      0     0        cutoff              0.0000        0.0000      808    0.00%
Elapsed time = 0.23 sec. (284.41 ticks, tree = 0.01 MB, solutions = 1)

Root node processing (before b&c):
  Real time             =    0.23 sec. (284.55 ticks)
Sequential b&c:
  Real time             =    0.00 sec. (0.00 ticks)
                          ------------
Total (root+branch&cut) =    0.23 sec. (284.55 ticks)
Version identifier: 22.1.1.0 | 2022-11-28 | 9160aff4d
CPXPARAM_Threads                                 1
CPXPARAM_MIP_Strategy_VariableSelect             3
CPXPARAM_TimeLimit                               599.56434477699997
Tried aggregator 1 time.
MIP Presolve eliminated 397 rows and 766 columns.
Reduced MIP has 1913 rows, 3830 columns, and 30819 nonzeros.
Reduced MIP has 3830 binaries, 0 generals, 0 SOSs, and 0 indicators.
Presolve time = 0.01 sec. (22.32 ticks)
Probing time = 0.00 sec. (5.05 ticks)
Tried aggregator 1 time.
Detecting symmetries...
Reduced MIP has 1913 rows, 3830 columns, and 30819 nonzeros.
Reduced MIP has 3830 binaries, 0 generals, 0 SOSs, and 0 indicators.
Presolve time = 0.01 sec. (24.90 ticks)
Probing time = 0.00 sec. (5.05 ticks)
Clique table members: 1143.
MIP emphasis: balance optimality and feasibility.
MIP search method: dynamic search.
Parallel mode: none, using 1 thread.
Root relaxation solution time = 0.03 sec. (51.28 ticks)

        Nodes                                         Cuts/
   Node  Left     Objective  IInf  Best Integer    Best Bound    ItCnt     Gap

      0     0        0.0000   253                      0.0000      873         
*     0+    0                            0.0000        0.0000             0.00%
      0     0        cutoff              0.0000        0.0000      873    0.00%
Elapsed time = 0.14 sec. (198.89 ticks, tree = 0.01 MB, solutions = 1)

Root node processing (before b&c):
  Real time             =    0.14 sec. (199.03 ticks)
Sequential b&c:
  Real time             =    0.00 sec. (0.00 ticks)
                          ------------
Total (root+branch&cut) =    0.14 sec. (199.03 ticks)
Version identifier: 22.1.1.0 | 2022-11-28 | 9160aff4d
CPXPARAM_Threads                                 1
CPXPARAM_MIP_Strategy_VariableSelect             3
CPXPARAM_TimeLimit                               599.41259495700001
Tried aggregator 1 time.
MIP Presolve eliminated 399 rows and 770 columns.
Reduced MIP has 1923 rows, 3850 columns, and 30981 nonzeros.
Reduced MIP has 3850 binaries, 0 generals, 0 SOSs, and 0 indicators.
Presolve time = 0.01 sec. (22.46 ticks)
Probing time = 0.00 sec. (5.07 ticks)
Tried aggregator 1 time.
Detecting symmetries...
Reduced MIP has 1923 rows, 3850 columns, and 30981 nonzeros.
Reduced MIP has 3850 binaries, 0 generals, 0 SOSs, and 0 indicators.
Presolve time = 0.01 sec. (25.05 ticks)
Probing time = 0.00 sec. (5.07 ticks)
Clique table members: 1149.
MIP emphasis: balance optimality and feasibility.
MIP search method: dynamic search.
Parallel mode: none, using 1 thread.
Root relaxation solution time = 0.04 sec. (61.14 ticks)

        Nodes                                         Cuts/
   Node  Left     Objective  IInf  Best Integer    Best Bound    ItCnt     Gap

      0     0        0.0000   280                      0.0000     1031         
*     0+    0                            0.0000        0.0000             0.00%
      0     0        cutoff              0.0000        0.0000     1031    0.00%
Elapsed time = 0.25 sec. (346.81 ticks, tree = 0.01 MB, solutions = 1)

Root node processing (before b&c):
  Real time             =    0.25 sec. (346.95 ticks)
Sequential b&c:
  Real time             =    0.00 sec. (0.00 ticks)
                          ------------
Total (root+branch&cut) =    0.25 sec. (346.95 ticks)
Version identifier: 22.1.1.0 | 2022-11-28 | 9160aff4d
CPXPARAM_Threads                                 1
CPXPARAM_MIP_Strategy_VariableSelect             3
CPXPARAM_TimeLimit                               599.15094241700001
Tried aggregator 1 time.
MIP Presolve eliminated 400 rows and 772 columns.
Reduced MIP has 1928 rows, 3860 columns, and 31062 nonzeros.
Reduced MIP has 3860 binaries, 0 generals, 0 SOSs, and 0 indicators.
Presolve time = 0.01 sec. (22.55 ticks)
Probing time = 0.00 sec. (5.08 ticks)
Tried aggregator 1 time.
Detecting symmetries...
Reduced MIP has 1928 rows, 3860 columns, and 31062 nonzeros.
Reduced MIP has 3860 binaries, 0 generals, 0 SOSs, and 0 indicators.
Presolve time = 0.01 sec. (25.15 ticks)
Probing time = 0.00 sec. (5.08 ticks)
Clique table members: 1152.
MIP emphasis: balance optimality and feasibility.
MIP search method: dynamic search.
Parallel mode: none, using 1 thread.
Root relaxation solution time = 0.04 sec. (59.98 ticks)

        Nodes                                         Cuts/
   Node  Left     Objective  IInf  Best Integer    Best Bound    ItCnt     Gap

      0     0        0.0000   196                      0.0000     1060         
*     0+    0                            0.0000        0.0000             0.00%
      0     0        cutoff              0.0000        0.0000     1060    0.00%
Elapsed time = 0.14 sec. (204.26 ticks, tree = 0.01 MB, solutions = 1)

Root node processing (before b&c):
  Real time             =    0.14 sec. (204.40 ticks)
Sequential b&c:
  Real time             =    0.00 sec. (0.00 ticks)
                          ------------
Total (root+branch&cut) =    0.14 sec. (204.40 ticks)
Version identifier: 22.1.1.0 | 2022-11-28 | 9160aff4d
CPXPARAM_Threads                                 1
CPXPARAM_MIP_Strategy_VariableSelect             3
CPXPARAM_TimeLimit                               598.99658140600002
Tried aggregator 1 time.
MIP Presolve eliminated 401 rows and 774 columns.
Reduced MIP has 1933 rows, 3870 columns, and 31143 nonzeros.
Reduced MIP has 3870 binaries, 0 generals, 0 SOSs, and 0 indicators.
Presolve time = 0.01 sec. (22.62 ticks)
Probing time = 0.00 sec. (5.09 ticks)
Tried aggregator 1 time.
Detecting symmetries...
Reduced MIP has 1933 rows, 3870 columns, and 31143 nonzeros.
Reduced MIP has 3870 binaries, 0 generals, 0 SOSs, and 0 indicators.
Presolve time = 0.01 sec. (25.23 ticks)
Probing time = 0.00 sec. (5.09 ticks)
Clique table members: 1155.
MIP emphasis: balance optimality and feasibility.
MIP search method: dynamic search.
Parallel mode: none, using 1 thread.
Root relaxation solution time = 0.05 sec. (79.21 ticks)

        Nodes                                         Cuts/
   Node  Left     Objective  IInf  Best Integer    Best Bound    ItCnt     Gap

      0     0        0.0000   413                      0.0000     1190         
*     0+    0                            0.0000        0.0000             0.00%
      0     0        cutoff              0.0000        0.0000     1190    0.00%
Elapsed time = 0.36 sec. (464.47 ticks, tree = 0.01 MB, solutions = 1)

Root node processing (before b&c):
  Real time             =    0.36 sec. (464.61 ticks)
Sequential b&c:
  Real time             =    0.00 sec. (0.00 ticks)
                          ------------
Total (root+branch&cut) =    0.36 sec. (464.61 ticks)
Primal:	387
Dual:	387
Status:	Optimal
Time:	1.37752
Sequence:
	7
	9
	5
	9
	4
	9
	7
	9
	9
	9
	9
	9
	7
	5
	9
	4
	9
	4
	7
	9
	9
	9
	9
	9
	7
	4
	9
	9
	4
	9
	7
	4
	9
	9
	4
	4
	11
	4
	9
	9
	9
	9
	7
	9
	9
	9
	9
	4
	7
	9
	9
	9
	9
	9
	7
	9
	9
	9
	4
	9
	7
	9
	4
	9
	4
	9
	11
	5
	9
	4
	9
	4
	7
	9
	9
	9
	9
	4
	7
	9
	9
	9
	9
	4
	7
	9
	9
	4
	9
	9
	7
	4
	9
	5
	9
	4
	7
	9
	9
	4
	9
	10
	7
	9
	5
	4
	2
	1
	5
	4
	9
	7
	0
	4
	10
	4
	2
	7
	5
	10
	2
	1
	5
	0
	4
	7
	0
	1
	9
	4
	4
	2
	7
	9
	1
	0
	9
	5
	11
	4
	5
	2
	1
	4
	7
	0
	4
	4
	0
	4
	7
	0
	9
	9
	4
	0
	7
	4
	2
	4
	9
	2
	4
	11
	0
	4
	9
	4
	0
	7
	5
	2
	1
	4
	0
	7
	4
	2
	1
	4
	4
	11
	5
	5
	2
	5
	1
	7
	9
	4
	5
	0
	4
	11
	5
	4
	0
	4
	4
	11
	4
	5
	0
	5
	9
	7
	9
	4
	5
	0
	4
	10
	11
	5
	2
	10
	4
	9
	7
	5
	9
	0
	4
	9
	7
	2
	9
	4
	9
	2
	7
	5
	2
	4
	4
	10
	7
	9
	5
	5
	2
	4
	1
	7
	2
	9
	5
	4
	2
	7
	4
	10
	5
	4
	0
	7
	4
	9
	2
	4
	1
	7
	4
	0
	4
	5
	2
	7
	1
	4
	5
	2
	5
	7
	9
	5
	0
	1
	4
	3
	4
	10
	2
	4
	10
	7
	1
	9
	4
	0
	5
	4
	2
	7
	5
	1
	2
	9
	9
	4
	7
	9
	4
	9
	4
	0
	7
	4
	9
	4
	4
	0
	7
	9
	4
	9
	0
	4
	7
	2
	1
	4
	1
	2
	5
	11
	2
	10
	4
	4
	0
	7
	9
	5
	9
	0
	4
	7
	0
	4
	5
	1
	2
	7
	1
	5
	4
	0
	5
	7
	2
	4
	5
	0
	4
	7
	0
	10
	9
	0
	9
	11
	4
	5
	0
	1
	4
	7
	9
	4
	1
	9
	0
	7
	5
	2
	4
	4
	0
	7
	4
	9
	4
	5
	9
	5
	7
