Version identifier: 22.1.0.0 | 2022-03-09 | 1a383f8ce
CPXPARAM_Threads                                 1
CPXPARAM_MIP_Strategy_VariableSelect             3
CPXPARAM_TimeLimit                               599.99409746699996
Found incumbent of value 0.000000 after 0.00 sec. (0.39 ticks)

Root node processing (before b&c):
  Real time             =    0.00 sec. (0.44 ticks)
Sequential b&c:
  Real time             =    0.00 sec. (0.00 ticks)
                          ------------
Total (root+branch&cut) =    0.00 sec. (0.44 ticks)
Version identifier: 22.1.0.0 | 2022-03-09 | 1a383f8ce
CPXPARAM_Threads                                 1
CPXPARAM_MIP_Strategy_VariableSelect             3
CPXPARAM_TimeLimit                               599.958312804
Found incumbent of value 0.000000 after 0.00 sec. (0.42 ticks)

Root node processing (before b&c):
  Real time             =    0.00 sec. (0.48 ticks)
Sequential b&c:
  Real time             =    0.00 sec. (0.00 ticks)
                          ------------
Total (root+branch&cut) =    0.00 sec. (0.48 ticks)
Version identifier: 22.1.0.0 | 2022-03-09 | 1a383f8ce
CPXPARAM_Threads                                 1
CPXPARAM_MIP_Strategy_VariableSelect             3
CPXPARAM_TimeLimit                               599.92706132700005
Found incumbent of value 0.000000 after 0.00 sec. (0.44 ticks)

Root node processing (before b&c):
  Real time             =    0.00 sec. (0.50 ticks)
Sequential b&c:
  Real time             =    0.00 sec. (0.00 ticks)
                          ------------
Total (root+branch&cut) =    0.00 sec. (0.50 ticks)
Version identifier: 22.1.0.0 | 2022-03-09 | 1a383f8ce
CPXPARAM_Threads                                 1
CPXPARAM_MIP_Strategy_VariableSelect             3
CPXPARAM_TimeLimit                               599.89965929599998
Tried aggregator 1 time.
MIP Presolve eliminated 289 rows and 548 columns.
MIP Presolve modified 1 coefficients.
Reduced MIP has 1641 rows, 2740 columns, and 22838 nonzeros.
Reduced MIP has 2740 binaries, 0 generals, 0 SOSs, and 0 indicators.
Presolve time = 0.02 sec. (12.45 ticks)
Found incumbent of value 0.000000 after 0.05 sec. (34.88 ticks)

Root node processing (before b&c):
  Real time             =    0.05 sec. (35.01 ticks)
Sequential b&c:
  Real time             =    0.00 sec. (0.00 ticks)
                          ------------
Total (root+branch&cut) =    0.05 sec. (35.01 ticks)
Version identifier: 22.1.0.0 | 2022-03-09 | 1a383f8ce
CPXPARAM_Threads                                 1
CPXPARAM_MIP_Strategy_VariableSelect             3
CPXPARAM_TimeLimit                               599.82492995099994
Tried aggregator 1 time.
MIP Presolve eliminated 291 rows and 552 columns.
MIP Presolve modified 1 coefficients.
Reduced MIP has 1653 rows, 2760 columns, and 23006 nonzeros.
Reduced MIP has 2760 binaries, 0 generals, 0 SOSs, and 0 indicators.
Presolve time = 0.02 sec. (12.54 ticks)
Found incumbent of value 0.000000 after 0.05 sec. (37.61 ticks)

Root node processing (before b&c):
  Real time             =    0.06 sec. (37.74 ticks)
Sequential b&c:
  Real time             =    0.00 sec. (0.00 ticks)
                          ------------
Total (root+branch&cut) =    0.06 sec. (37.74 ticks)
Version identifier: 22.1.0.0 | 2022-03-09 | 1a383f8ce
CPXPARAM_Threads                                 1
CPXPARAM_MIP_Strategy_VariableSelect             3
CPXPARAM_TimeLimit                               599.74792127299997
Tried aggregator 1 time.
MIP Presolve eliminated 292 rows and 554 columns.
MIP Presolve modified 1 coefficients.
Reduced MIP has 1659 rows, 2770 columns, and 23090 nonzeros.
Reduced MIP has 2770 binaries, 0 generals, 0 SOSs, and 0 indicators.
Presolve time = 0.02 sec. (12.57 ticks)
Found incumbent of value 0.000000 after 0.05 sec. (36.05 ticks)

Root node processing (before b&c):
  Real time             =    0.05 sec. (36.18 ticks)
Sequential b&c:
  Real time             =    0.00 sec. (0.00 ticks)
                          ------------
Total (root+branch&cut) =    0.05 sec. (36.18 ticks)
Version identifier: 22.1.0.0 | 2022-03-09 | 1a383f8ce
CPXPARAM_Threads                                 1
CPXPARAM_MIP_Strategy_VariableSelect             3
CPXPARAM_TimeLimit                               599.67245298600005
Tried aggregator 1 time.
MIP Presolve eliminated 293 rows and 556 columns.
MIP Presolve modified 1 coefficients.
Reduced MIP has 1665 rows, 2780 columns, and 23174 nonzeros.
Reduced MIP has 2780 binaries, 0 generals, 0 SOSs, and 0 indicators.
Presolve time = 0.02 sec. (12.63 ticks)
Found incumbent of value 0.000000 after 0.05 sec. (35.20 ticks)

Root node processing (before b&c):
  Real time             =    0.05 sec. (35.33 ticks)
Sequential b&c:
  Real time             =    0.00 sec. (0.00 ticks)
                          ------------
Total (root+branch&cut) =    0.05 sec. (35.33 ticks)
Primal:	278
Dual:	278
Status:	Optimal
Time:	0.398739
Sequence:
	1
	4
	9
	3
	9
	9
	2
	9
	9
	9
	3
	2
	9
	1
	4
	9
	9
	5
	2
	9
	9
	9
	9
	9
	9
	9
	9
	0
	4
	9
	4
	1
	4
	9
	9
	9
	0
	10
	9
	0
	1
	4
	9
	0
	9
	5
	2
	9
	4
	1
	9
	11
	0
	9
	9
	1
	0
	9
	9
	2
	1
	9
	9
	4
	9
	0
	9
	3
	0
	9
	9
	9
	9
	0
	1
	4
	2
	4
	9
	2
	9
	9
	9
	9
	9
	9
	4
	1
	2
	9
	5
	4
	2
	9
	9
	9
	9
	9
	9
	4
	4
	9
	9
	9
	1
	0
	4
	1
	9
	9
	9
	1
	9
	1
	9
	9
	10
	8
	4
	9
	9
	4
	0
	1
	9
	9
	9
	9
	9
	9
	0
	9
	9
	4
	9
	2
	9
	9
	2
	4
	9
	0
	9
	9
	1
	9
	10
	9
	9
	4
	0
	9
	10
	4
	3
	9
	9
	9
	0
	9
	4
	9
	10
	8
	9
	9
	9
	9
	9
	10
	9
	9
	9
	2
	9
	9
	1
	2
	9
	9
	9
	2
	9
	9
	9
	1
	0
	9
	9
	5
	0
	9
	9
	4
	4
	2
	4
	9
	9
	9
	4
	9
	9
	9
	8
	5
	9
	9
	9
	4
	9
	2
	9
	9
	4
	0
	9
	9
	1
	0
	9
	4
	1
	9
	0
	1
	9
	4
	9
	0
	9
	4
	9
	1
	4
	9
	9
	0
	9
	9
	4
	9
	9
	9
	9
	9
	9
	1
	8
	9
	9
	9
	9
	9
	9
	9
	9
	9
	4
	8
	9
	9
	9
	5
	9
	1
	9
	9
	9
	9
	0
	9
	9
	9
	11
	9
	0
	1
