Version identifier: 22.1.0.0 | 2022-03-09 | 1a383f8ce
CPXPARAM_Threads                                 1
CPXPARAM_MIP_Strategy_VariableSelect             3
CPXPARAM_TimeLimit                               599.99998802100004
1 of 1 MIP starts provided solutions.
MIP start 'm1' defined initial solution with objective 98.0000.
Tried aggregator 1 time.
MIP Presolve eliminated 386 rows and 1119 columns.
MIP Presolve modified 3 coefficients.
Reduced MIP has 2609 rows, 3357 columns, and 33065 nonzeros.
Reduced MIP has 3357 binaries, 0 generals, 0 SOSs, and 0 indicators.
Presolve time = 0.02 sec. (19.59 ticks)
Probing time = 0.00 sec. (3.32 ticks)
Tried aggregator 1 time.
Detecting symmetries...
MIP Presolve eliminated 1 rows and 0 columns.
Reduced MIP has 2608 rows, 3357 columns, and 33057 nonzeros.
Reduced MIP has 3357 binaries, 0 generals, 0 SOSs, and 0 indicators.
Presolve time = 0.02 sec. (19.20 ticks)
Probing time = 0.00 sec. (3.32 ticks)
Clique table members: 1487.
MIP emphasis: balance optimality and feasibility.
MIP search method: dynamic search.
Parallel mode: none, using 1 thread.
Root relaxation solution time = 0.07 sec. (56.89 ticks)

        Nodes                                         Cuts/
   Node  Left     Objective  IInf  Best Integer    Best Bound    ItCnt     Gap

*     0+    0                           98.0000     3357.0000              --- 
      0     0      373.0000   188       98.0000      373.0000     1463  280.61%
*     0+    0                          373.0000      373.0000             0.00%
      0     0        cutoff            373.0000      373.0000     1463    0.00%
Elapsed time = 0.22 sec. (182.01 ticks, tree = 0.01 MB, solutions = 2)

Root node processing (before b&c):
  Real time             =    0.22 sec. (182.19 ticks)
Sequential b&c:
  Real time             =    0.00 sec. (0.00 ticks)
                          ------------
Total (root+branch&cut) =    0.22 sec. (182.19 ticks)
Primal:	373
Dual:	373
Status:	Optimal
Time:	0.24
Sequence:
	5
	0
	6
	4
	10
	0
	5
	9
	10
	0
	9
	10
	0
	10
	9
	9
	10
	0
	9
	6
	0
	4
	9
	0
	9
	6
	0
	10
	9
	1
	0
	9
	10
	0
	10
	9
	10
	0
	10
	4
	0
	6
	4
	0
	10
	4
	0
	6
	4
	0
	4
	6
	0
	4
	10
	0
	4
	5
	0
	9
	9
	0
	4
	1
	0
	9
	5
	0
	6
	4
	0
	9
	9
	10
	0
	9
	10
	0
	1
	9
	9
	0
	9
	10
	0
	4
	4
	0
	9
	9
	0
	9
	9
	0
	9
	4
	9
	0
	9
	9
	1
	9
	6
	0
	9
	1
	4
	9
	0
	4
	9
	4
	0
	9
	5
	0
	4
	9
	2
	6
	4
	0
	1
	9
	0
	4
	10
	0
	6
	4
	0
	9
	4
	0
	4
	10
	8
	5
	9
	10
	0
	9
	9
	10
	0
	5
	9
	0
	9
	6
	0
	1
	4
	6
	0
	10
	9
	0
	9
	6
	0
	4
	9
	5
	0
	4
	6
	0
	9
	4
	9
	0
	6
	9
	1
	0
	9
	9
	9
	0
	9
	9
	0
	9
	6
	0
	5
	9
	0
	9
	9
	0
	9
	9
	10
	0
	5
	9
	0
	6
	9
	9
	0
	6
	9
	10
	0
	9
	1
	0
	1
	9
	0
	4
	1
	0
	9
	1
	0
	9
	5
	0
	9
	4
	0
	6
	4
	0
	5
	4
	0
	9
	6
	8
	9
	5
	0
	9
	5
	4
	0
	5
	9
	9
	5
	0
	6
	9
	0
	4
	10
	0
	4
	6
	0
	5
	4
	0
	4
	4
	0
	4
	4
	0
	9
	6
	0
	4
	4
	0
	4
	6
	0
	9
	10
	0
	6
	9
	0
	5
	9
	0
	9
	9
	0
	9
	6
	0
	4
	1
	0
	10
	4
	9
	1
	0
	4
	1
	4
	1
	0
	6
	4
	1
	0
	1
	9
	1
	0
	1
	9
	1
	0
	1
	4
	1
	0
	1
	9
	0
	10
	9
	0
	9
	6
	0
	5
	9
	0
	4
	1
	0
	1
	4
	0
	1
	9
	1
	0
	4
	1
	0
	9
	10
	4
	0
	9
	10
	0
	6
	9
	0
	9
	6
	0
	10
	9
	0
	9
	9
	0
	5
	9
	0
	9
	6
	0
	5
	4
	0
	10
	9
	0
