Version identifier: 22.1.1.0 | 2022-11-28 | 9160aff4d
CPXPARAM_Threads                                 1
CPXPARAM_MIP_Strategy_VariableSelect             3
CPXPARAM_TimeLimit                               599.99998067700005
1 of 1 MIP starts provided solutions.
MIP start 'm1' defined initial solution with objective 208.0000.
Tried aggregator 1 time.
MIP Presolve eliminated 421 rows and 2030 columns.
Reduced MIP has 2432 rows, 2842 columns, and 25474 nonzeros.
Reduced MIP has 2842 binaries, 0 generals, 0 SOSs, and 0 indicators.
Presolve time = 0.01 sec. (14.89 ticks)
Probing time = 0.00 sec. (2.68 ticks)
Tried aggregator 1 time.
Detecting symmetries...
Reduced MIP has 2432 rows, 2842 columns, and 25474 nonzeros.
Reduced MIP has 2842 binaries, 0 generals, 0 SOSs, and 0 indicators.
Presolve time = 0.01 sec. (14.27 ticks)
Probing time = 0.00 sec. (2.68 ticks)
Clique table members: 1213.
MIP emphasis: balance optimality and feasibility.
MIP search method: dynamic search.
Parallel mode: none, using 1 thread.
Root relaxation solution time = 0.01 sec. (23.30 ticks)

        Nodes                                         Cuts/
   Node  Left     Objective  IInf  Best Integer    Best Bound    ItCnt     Gap

*     0+    0                          208.0000     2842.0000              --- 
      0     0      406.0000    26      208.0000      406.0000      871   95.19%
*     0+    0                          406.0000      406.0000             0.00%
      0     0        cutoff            406.0000      406.0000      871    0.00%
Elapsed time = 0.06 sec. (76.73 ticks, tree = 0.01 MB, solutions = 2)

Root node processing (before b&c):
  Real time             =    0.06 sec. (76.92 ticks)
Sequential b&c:
  Real time             =    0.00 sec. (0.00 ticks)
                          ------------
Total (root+branch&cut) =    0.06 sec. (76.92 ticks)
Primal:	406
Dual:	406
Status:	Optimal
Time:	0.07
Sequence:
	0
	4
	1
	5
	0
	4
	5
	0
	4
	5
	1
	5
	4
	1
	9
	9
	9
	9
	0
	9
	9
	9
	9
	9
	9
	9
	9
	9
	9
	9
	9
	9
	9
	9
	9
	9
	0
	9
	6
	0
	9
	1
	0
	6
	9
	0
	9
	1
	6
	9
	9
	4
	1
	4
	1
	9
	0
	9
	9
	9
	9
	9
	9
	9
	9
	9
	9
	9
	9
	9
	9
	9
	0
	9
	9
	9
	9
	9
	9
	9
	9
	9
	0
	9
	9
	9
	9
	9
	9
	0
	9
	9
	4
	9
	9
	0
	4
	1
	5
	6
	9
	9
	4
	4
	0
	9
	1
	4
	0
	5
	9
	4
	0
	9
	5
	9
	0
	9
	4
	4
	0
	9
	9
	9
	0
	5
	1
	9
	0
	1
	4
	0
	4
	5
	0
	4
	6
	0
	1
	4
	4
	0
	9
	4
	4
	0
	4
	4
	0
	4
	9
	2
	4
	9
	9
	2
	4
	1
	0
	4
	5
	0
	9
	9
	9
	0
	9
	9
	9
	9
	9
	9
	9
	9
	9
	9
	9
	9
	9
	9
	0
	9
	1
	0
	9
	1
	0
	9
	9
	0
	9
	9
	0
	9
	9
	9
	0
	1
	9
	1
	0
	9
	9
	0
	5
	1
	2
	9
	5
	0
	9
	4
	0
	9
	4
	0
	1
	1
	9
	0
	1
	1
	9
	1
	1
	4
	0
	6
	1
	4
	4
	0
	9
	1
	0
	6
	4
	0
	9
	9
	9
	2
	9
	1
	1
	4
	0
	4
	1
	4
	4
	1
	0
	4
	4
	9
	0
	4
	1
	1
	0
	4
	1
	0
	1
	4
	0
	4
	1
	1
	6
	9
	9
	4
	0
	9
	9
	1
	0
	5
	9
	0
	1
	9
	0
	9
	4
	4
	9
	0
	4
	1
	4
	0
	9
	1
	9
	9
	0
	9
	4
	4
	9
	4
	9
	2
	4
	9
	4
	4
	9
	0
	4
	4
	1
	1
	4
	4
	1
	1
	4
	1
	1
	9
	9
	4
	4
	1
	4
	4
	0
	1
	1
	9
	4
	9
	4
	4
	0
	4
	4
	1
	4
	0
	9
	9
	0
	9
	1
	0
	1
	9
	9
	9
	0
	4
	9
	9
	0
	9
	4
	9
	1
	0
	9
	4
	0
	9
	4
	0
	1
	9
	9
	0
	9
	9
	0
	1
	9
	1
	0
	4
	4
	0
	1
	9
	1
	0
	6
	9
	1
	1
	9
	1
	1
	9
	1
	5
	0
	4
	9
	0
	4
	5
	1
	0
