Version identifier: 22.1.0.0 | 2022-03-09 | 1a383f8ce
CPXPARAM_Threads                                 1
CPXPARAM_MIP_Strategy_VariableSelect             3
CPXPARAM_TimeLimit                               599.99996168899997
1 of 1 MIP starts provided solutions.
MIP start 'm1' defined initial solution with objective 249.0000.
Tried aggregator 1 time.
MIP Presolve eliminated 404 rows and 1560 columns.
MIP Presolve modified 3 coefficients.
Reduced MIP has 2727 rows, 3120 columns, and 30690 nonzeros.
Reduced MIP has 3120 binaries, 0 generals, 0 SOSs, and 0 indicators.
Presolve time = 0.03 sec. (18.76 ticks)
Probing time = 0.00 sec. (3.24 ticks)
Tried aggregator 1 time.
Detecting symmetries...
Reduced MIP has 2727 rows, 3120 columns, and 30690 nonzeros.
Reduced MIP has 3120 binaries, 0 generals, 0 SOSs, and 0 indicators.
Presolve time = 0.02 sec. (17.28 ticks)
Probing time = 0.00 sec. (3.24 ticks)
Clique table members: 1556.
MIP emphasis: balance optimality and feasibility.
MIP search method: dynamic search.
Parallel mode: none, using 1 thread.
Root relaxation solution time = 0.03 sec. (20.92 ticks)

        Nodes                                         Cuts/
   Node  Left     Objective  IInf  Best Integer    Best Bound    ItCnt     Gap

*     0+    0                          249.0000     3120.0000              --- 
      0     0      390.0000    18      249.0000      390.0000      749   56.63%
*     0+    0                          390.0000      390.0000             0.00%
      0     0        cutoff            390.0000      390.0000      749    0.00%
Elapsed time = 0.13 sec. (99.02 ticks, tree = 0.01 MB, solutions = 2)

Root node processing (before b&c):
  Real time             =    0.13 sec. (99.21 ticks)
Sequential b&c:
  Real time             =    0.00 sec. (0.00 ticks)
                          ------------
Total (root+branch&cut) =    0.13 sec. (99.21 ticks)
Primal:	390
Dual:	390
Status:	Optimal
Time:	0.14
Sequence:
	5
	9
	9
	9
	9
	9
	9
	9
	9
	9
	9
	9
	9
	9
	9
	9
	9
	9
	9
	9
	9
	9
	9
	9
	9
	9
	9
	9
	9
	9
	9
	9
	9
	9
	9
	9
	9
	9
	9
	9
	9
	9
	9
	9
	9
	9
	9
	9
	9
	1
	4
	1
	9
	1
	4
	4
	0
	5
	9
	4
	1
	4
	9
	4
	4
	0
	4
	5
	9
	9
	9
	9
	9
	9
	9
	9
	9
	9
	9
	9
	9
	9
	9
	9
	9
	9
	9
	9
	9
	9
	9
	9
	1
	9
	1
	9
	9
	9
	9
	9
	0
	9
	9
	9
	9
	6
	0
	4
	1
	0
	1
	4
	4
	1
	0
	1
	9
	9
	0
	9
	4
	4
	0
	1
	4
	0
	4
	1
	4
	1
	9
	5
	0
	4
	4
	0
	4
	5
	9
	4
	0
	4
	5
	0
	4
	4
	9
	4
	5
	9
	9
	1
	9
	1
	9
	5
	0
	9
	1
	4
	4
	9
	4
	4
	9
	5
	9
	9
	5
	9
	1
	0
	9
	9
	4
	9
	9
	4
	4
	9
	4
	4
	9
	4
	4
	9
	4
	9
	4
	9
	4
	4
	9
	4
	4
	1
	9
	9
	1
	9
	4
	1
	0
	4
	9
	4
	1
	4
	0
	4
	9
	9
	9
	9
	9
	9
	9
	9
	9
	9
	9
	9
	9
	9
	9
	9
	9
	9
	9
	9
	9
	9
	9
	0
	9
	9
	4
	4
	9
	9
	9
	9
	9
	0
	4
	1
	0
	4
	5
	0
	1
	4
	4
	1
	4
	0
	5
	9
	5
	4
	0
	4
	5
	0
	5
	4
	1
	0
	6
	4
	0
	4
	9
	0
	4
	4
	0
	4
	1
	9
	1
	9
	4
	0
	4
	4
	9
	4
	4
	1
	0
	4
	4
	1
	4
	4
	0
	4
	6
	0
	4
	4
	1
	4
	4
	9
	5
	4
	1
	4
	4
	9
	4
	4
	1
	4
	4
	1
	4
	1
	4
	4
	9
	1
	9
	4
	4
	0
	4
	4
	9
	4
	4
	1
	4
	1
	9
	9
	4
	0
	4
	4
	1
	4
	0
	6
	4
	9
	9
	4
	2
	4
	9
	1
	4
	1
	9
	0
	5
	9
	4
	4
	0
	9
	4
	0
	4
	1
	9
	10
	4
	5
	9
	4
	9
	1
	0
	5
	4
	0
	1
	4
	0
	1
	9
	0
	5
	9
	5
	4
