Version identifier: 22.1.1.0 | 2022-11-28 | 9160aff4d
CPXPARAM_Threads                                 1
CPXPARAM_MIP_Strategy_VariableSelect             3
CPXPARAM_TimeLimit                               599.99997582499998
1 of 1 MIP starts provided solutions.
MIP start 'm1' defined initial solution with objective 92.0000.
Tried aggregator 1 time.
MIP Presolve eliminated 19 rows and 856 columns.
MIP Presolve modified 4 coefficients.
Reduced MIP has 1490 rows, 1712 columns, and 16330 nonzeros.
Reduced MIP has 1712 binaries, 0 generals, 0 SOSs, and 0 indicators.
Presolve time = 0.02 sec. (10.05 ticks)
Probing time = 0.00 sec. (2.43 ticks)
Tried aggregator 1 time.
Detecting symmetries...
Reduced MIP has 1490 rows, 1712 columns, and 16330 nonzeros.
Reduced MIP has 1712 binaries, 0 generals, 0 SOSs, and 0 indicators.
Presolve time = 0.02 sec. (9.49 ticks)
Probing time = 0.00 sec. (2.43 ticks)
Clique table members: 846.
MIP emphasis: balance optimality and feasibility.
MIP search method: dynamic search.
Parallel mode: none, using 1 thread.
Root relaxation solution time = 0.03 sec. (19.53 ticks)

        Nodes                                         Cuts/
   Node  Left     Objective  IInf  Best Integer    Best Bound    ItCnt     Gap

*     0+    0                           92.0000     1712.0000              --- 
      0     0      214.0000    16       92.0000      214.0000      671  132.61%
*     0+    0                          214.0000      214.0000             0.00%
      0     0        cutoff            214.0000      214.0000      671    0.00%
Elapsed time = 0.09 sec. (52.90 ticks, tree = 0.01 MB, solutions = 2)

Root node processing (before b&c):
  Real time             =    0.09 sec. (53.00 ticks)
Sequential b&c:
  Real time             =    0.00 sec. (0.00 ticks)
                          ------------
Total (root+branch&cut) =    0.09 sec. (53.00 ticks)
Primal:	214
Dual:	214
Status:	Optimal
Time:	0.1
Sequence:
	4
	9
	9
	2
	9
	4
	2
	4
	4
	0
	4
	9
	2
	9
	9
	2
	4
	5
	9
	4
	9
	6
	5
	0
	9
	5
	5
	2
	5
	5
	1
	2
	9
	4
	0
	9
	9
	2
	11
	5
	1
	2
	9
	1
	0
	9
	9
	9
	9
	9
	9
	9
	9
	2
	4
	9
	0
	4
	9
	9
	2
	4
	9
	4
	2
	4
	11
	4
	0
	9
	9
	0
	11
	5
	9
	9
	2
	4
	4
	2
	9
	11
	9
	2
	4
	9
	4
	9
	9
	2
	9
	9
	2
	9
	1
	0
	1
	9
	2
	9
	9
	9
	11
	9
	4
	4
	2
	5
	9
	2
	4
	4
	2
	4
	5
	2
	4
	5
	2
	4
	1
	2
	6
	5
	2
	5
	5
	0
	9
	4
	4
	11
	2
	4
	4
	0
	4
	4
	0
	5
	9
	0
	5
	5
	2
	5
	5
	9
	4
	2
	4
	1
	2
	1
	1
	5
	2
	5
	5
	9
	0
	5
	5
	2
	9
	11
	2
	9
	9
	4
	0
	4
	11
	5
	2
	4
	4
	0
	4
	4
	0
	9
	9
	0
	9
	9
	0
	9
	9
	0
	4
	1
	0
	4
	5
	0
	4
	5
	2
	5
	5
	0
	4
	5
	2
	5
	5
	2
	5
	9
	0
	5
	4
	2
