Version identifier: 22.1.0.0 | 2022-03-09 | 1a383f8ce
CPXPARAM_Threads                                 1
CPXPARAM_MIP_Strategy_VariableSelect             3
CPXPARAM_TimeLimit                               599.99998657399999
1 of 1 MIP starts provided solutions.
MIP start 'm1' defined initial solution with objective 142.0000.
Tried aggregator 1 time.
MIP Presolve eliminated 19 rows and 1576 columns.
MIP Presolve modified 4 coefficients.
Reduced MIP has 3144 rows, 3152 columns, and 33340 nonzeros.
Reduced MIP has 3152 binaries, 0 generals, 0 SOSs, and 0 indicators.
Presolve time = 0.03 sec. (20.57 ticks)
Probing time = 0.00 sec. (2.79 ticks)
Tried aggregator 1 time.
Detecting symmetries...
Reduced MIP has 3144 rows, 3152 columns, and 33340 nonzeros.
Reduced MIP has 3152 binaries, 0 generals, 0 SOSs, and 0 indicators.
Presolve time = 0.02 sec. (19.60 ticks)
Probing time = 0.00 sec. (2.79 ticks)
Clique table members: 1959.
MIP emphasis: balance optimality and feasibility.
MIP search method: dynamic search.
Parallel mode: none, using 1 thread.
Root relaxation solution time = 0.07 sec. (52.07 ticks)

        Nodes                                         Cuts/
   Node  Left     Objective  IInf  Best Integer    Best Bound    ItCnt     Gap

*     0+    0                          142.0000     3152.0000              --- 
      0     0      394.0000   189      142.0000      394.0000     1303  177.46%
*     0+    0                          394.0000      394.0000             0.00%
      0     0        cutoff            394.0000      394.0000     1303    0.00%
Elapsed time = 0.29 sec. (247.68 ticks, tree = 0.01 MB, solutions = 2)

Root node processing (before b&c):
  Real time             =    0.29 sec. (247.86 ticks)
Sequential b&c:
  Real time             =    0.00 sec. (0.00 ticks)
                          ------------
Total (root+branch&cut) =    0.29 sec. (247.86 ticks)
Primal:	394
Dual:	394
Status:	Optimal
Time:	0.32
Sequence:
	9
	6
	4
	9
	9
	9
	9
	9
	6
	0
	3
	9
	6
	9
	9
	9
	6
	9
	9
	9
	6
	9
	9
	9
	9
	9
	9
	9
	9
	9
	9
	9
	9
	9
	9
	9
	9
	9
	9
	9
	9
	9
	9
	9
	9
	9
	9
	9
	9
	1
	9
	9
	9
	9
	5
	0
	9
	6
	0
	4
	9
	1
	9
	5
	9
	5
	4
	0
	6
	9
	1
	0
	9
	5
	0
	5
	9
	9
	5
	0
	5
	4
	9
	4
	5
	9
	9
	5
	0
	5
	9
	5
	0
	4
	6
	0
	1
	9
	5
	9
	6
	4
	1
	4
	6
	0
	1
	4
	6
	0
	4
	1
	0
	4
	6
	0
	4
	4
	0
	4
	4
	0
	6
	4
	0
	4
	9
	5
	0
	4
	4
	1
	4
	1
	4
	9
	4
	4
	1
	4
	6
	0
	1
	9
	0
	6
	4
	0
	1
	9
	5
	9
	1
	9
	1
	9
	1
	9
	9
	9
	5
	9
	5
	9
	1
	9
	9
	4
	6
	9
	1
	9
	6
	0
	9
	4
	1
	0
	6
	9
	5
	0
	9
	4
	0
	1
	9
	9
	6
	9
	9
	0
	9
	9
	0
	9
	9
	6
	4
	1
	0
	9
	6
	0
	9
	9
	6
	9
	1
	4
	6
	0
	1
	4
	6
	0
	4
	5
	2
	6
	9
	1
	0
	4
	6
	0
	5
	4
	0
	9
	6
	9
	5
	2
	6
	9
	5
	9
	5
	0
	6
	9
	5
	9
	6
	4
	1
	0
	6
	4
	9
	0
	6
	4
	1
	0
	6
	9
	5
	4
	0
	6
	9
	5
	0
	6
	4
	0
	4
	6
	0
	5
	4
	0
	4
	1
	0
	4
	3
	4
	6
	0
	4
	4
	0
	9
	9
	0
	9
	9
	0
	5
	9
	6
	9
	9
	9
	9
	9
	1
	9
	9
	9
	9
	9
	9
	0
	9
	9
	9
	0
	9
	6
	4
	1
	0
	5
	4
	1
	4
	1
	0
	9
	6
	0
	5
	4
	1
	4
	9
	9
	9
	5
	9
	5
	0
	5
	9
	0
	9
	6
	0
	9
	4
	6
	0
	5
	9
	0
	5
	9
	6
	9
	3
	9
	5
	9
	6
	9
	5
	0
	1
	4
	5
	0
	5
	4
	0
	6
	9
	5
	2
	5
	9
	0
	5
	4
	0
	1
	9
	0
	5
	4
	0
	4
	5
	9
	6
	0
	9
	5
	0
	6
	4
