Version identifier: 22.1.0.0 | 2022-03-09 | 1a383f8ce
CPXPARAM_Threads                                 1
CPXPARAM_MIP_Strategy_VariableSelect             3
CPXPARAM_TimeLimit                               599.99998661999996
1 of 1 MIP starts provided solutions.
MIP start 'm1' defined initial solution with objective 110.0000.
Tried aggregator 1 time.
MIP Presolve eliminated 18 rows and 1128 columns.
MIP Presolve modified 4 coefficients.
Reduced MIP has 3001 rows, 3384 columns, and 35554 nonzeros.
Reduced MIP has 3384 binaries, 0 generals, 0 SOSs, and 0 indicators.
Presolve time = 0.03 sec. (21.16 ticks)
Probing time = 0.00 sec. (2.87 ticks)
Tried aggregator 1 time.
Detecting symmetries...
Reduced MIP has 3001 rows, 3384 columns, and 35554 nonzeros.
Reduced MIP has 3384 binaries, 0 generals, 0 SOSs, and 0 indicators.
Presolve time = 0.03 sec. (20.67 ticks)
Probing time = 0.00 sec. (2.87 ticks)
Clique table members: 1870.
MIP emphasis: balance optimality and feasibility.
MIP search method: dynamic search.
Parallel mode: none, using 1 thread.
Root relaxation solution time = 0.08 sec. (56.26 ticks)

        Nodes                                         Cuts/
   Node  Left     Objective  IInf  Best Integer    Best Bound    ItCnt     Gap

*     0+    0                          110.0000     3384.0000              --- 
      0     0      376.0000   241      110.0000      376.0000     1398  241.82%
*     0+    0                          376.0000      376.0000             0.00%
      0     0        cutoff            376.0000      376.0000     1398    0.00%
Elapsed time = 0.31 sec. (246.99 ticks, tree = 0.01 MB, solutions = 2)

Root node processing (before b&c):
  Real time             =    0.31 sec. (247.17 ticks)
Sequential b&c:
  Real time             =    0.00 sec. (0.00 ticks)
                          ------------
Total (root+branch&cut) =    0.31 sec. (247.17 ticks)
Primal:	376
Dual:	376
Status:	Optimal
Time:	0.32
Sequence:
	0
	6
	4
	10
	9
	9
	6
	9
	5
	2
	6
	9
	5
	9
	1
	0
	4
	5
	0
	5
	9
	5
	0
	6
	9
	1
	9
	6
	9
	10
	9
	5
	9
	6
	9
	1
	9
	0
	5
	9
	6
	9
	3
	9
	1
	0
	9
	6
	4
	3
	4
	9
	5
	9
	5
	4
	9
	5
	0
	4
	5
	0
	1
	9
	1
	9
	0
	5
	4
	1
	9
	5
	0
	5
	9
	5
	0
	9
	5
	0
	5
	9
	5
	9
	5
	9
	5
	9
	1
	4
	5
	9
	9
	5
	4
	1
	9
	3
	9
	9
	1
	0
	10
	9
	5
	9
	5
	9
	5
	9
	5
	0
	1
	9
	5
	0
	1
	9
	4
	1
	9
	1
	9
	6
	9
	5
	9
	5
	9
	5
	9
	5
	0
	5
	4
	0
	1
	9
	5
	0
	5
	9
	5
	9
	5
	9
	9
	5
	9
	1
	9
	5
	9
	1
	9
	9
	5
	9
	3
	9
	1
	9
	5
	9
	5
	9
	1
	0
	9
	1
	0
	1
	9
	10
	0
	9
	1
	9
	6
	9
	1
	9
	9
	1
	9
	1
	9
	1
	4
	1
	9
	5
	9
	9
	5
	4
	0
	6
	4
	1
	9
	4
	5
	0
	5
	9
	5
	9
	6
	9
	1
	0
	5
	9
	5
	0
	1
	9
	10
	9
	5
	0
	5
	9
	5
	0
	1
	9
	0
	5
	9
	5
	4
	1
	4
	1
	9
	10
	0
	1
	4
	1
	0
	5
	4
	10
	4
	5
	9
	5
	4
	1
	0
	9
	4
	5
	0
	5
	4
	1
	0
	5
	4
	1
	0
	1
	4
	1
	0
	1
	4
	1
	0
	5
	9
	6
	0
	1
	4
	1
	0
	1
	4
	5
	0
	1
	4
	1
	0
	1
	9
	1
	9
	1
	9
	5
	4
	1
	4
	5
	0
	6
	9
	0
	4
	1
	9
	10
	9
	1
	9
	5
	9
	1
	4
	0
	5
	4
	1
	0
	5
	9
	5
	9
	5
	0
	1
	9
	0
	1
	4
	10
	0
	1
	9
	1
	9
	5
	0
	5
	9
	1
	0
	1
	9
	1
	0
	1
	9
	1
	0
	5
	9
	1
	9
	1
	4
	1
	0
	1
	9
	1
	0
	1
	9
	5
	4
	9
	3
	0
	4
	5
	0
	5
	9
	1
