Version identifier: 22.1.0.0 | 2022-03-09 | 1a383f8ce
CPXPARAM_Threads                                 1
CPXPARAM_MIP_Strategy_VariableSelect             3
CPXPARAM_TimeLimit                               599.99998700100002
1 of 1 MIP starts provided solutions.
MIP start 'm1' defined initial solution with objective 72.0000.
Tried aggregator 1 time.
MIP Presolve eliminated 181 rows and 830 columns.
MIP Presolve modified 4 coefficients.
Reduced MIP has 1158 rows, 1162 columns, and 11350 nonzeros.
Reduced MIP has 1162 binaries, 0 generals, 0 SOSs, and 0 indicators.
Presolve time = 0.02 sec. (7.55 ticks)
Probing time = 0.00 sec. (2.27 ticks)
Tried aggregator 1 time.
Detecting symmetries...
Reduced MIP has 1158 rows, 1162 columns, and 11350 nonzeros.
Reduced MIP has 1162 binaries, 0 generals, 0 SOSs, and 0 indicators.
Presolve time = 0.01 sec. (6.68 ticks)
Probing time = 0.00 sec. (2.27 ticks)
Clique table members: 658.
MIP emphasis: balance optimality and feasibility.
MIP search method: dynamic search.
Parallel mode: none, using 1 thread.
Root relaxation solution time = 0.01 sec. (9.15 ticks)

        Nodes                                         Cuts/
   Node  Left     Objective  IInf  Best Integer    Best Bound    ItCnt     Gap

*     0+    0                           72.0000     1162.0000              --- 
      0     0      166.0000    22       72.0000      166.0000      460  130.56%
*     0+    0                          166.0000      166.0000             0.00%
      0     0        cutoff            166.0000      166.0000      460    0.00%
Elapsed time = 0.08 sec. (40.58 ticks, tree = 0.01 MB, solutions = 2)

Root node processing (before b&c):
  Real time             =    0.08 sec. (40.65 ticks)
Sequential b&c:
  Real time             =    0.00 sec. (0.00 ticks)
                          ------------
Total (root+branch&cut) =    0.08 sec. (40.65 ticks)
Primal:	166
Dual:	166
Status:	Optimal
Time:	0.1
Sequence:
	0
	9
	9
	6
	9
	9
	9
	6
	9
	9
	9
	9
	9
	9
	9
	6
	9
	9
	9
	0
	9
	9
	9
	9
	6
	0
	9
	9
	0
	9
	6
	9
	9
	9
	9
	9
	9
	6
	0
	9
	9
	9
	0
	6
	9
	0
	4
	9
	0
	9
	6
	4
	1
	0
	5
	9
	0
	9
	6
	0
	9
	9
	0
	6
	9
	5
	0
	9
	6
	9
	0
	9
	9
	0
	9
	9
	0
	9
	6
	0
	9
	9
	0
	9
	9
	9
	9
	0
	9
	4
	0
	9
	4
	0
	4
	9
	0
	4
	4
	0
	5
	9
	5
	0
	6
	4
	1
	2
	6
	9
	0
	5
	4
	2
	9
	5
	4
	1
	4
	4
	0
	4
	9
	0
	6
	4
	0
	4
	4
	0
	5
	9
	5
	0
	1
	9
	9
	0
	1
	4
	0
	9
	4
	0
	5
	4
	0
	6
	4
	9
	4
	2
	4
	4
	0
	4
	4
	2
	4
	9
	4
	2
	6
	9
	9
	5
