Version identifier: 22.1.1.0 | 2022-11-28 | 9160aff4d
CPXPARAM_Threads                                 1
CPXPARAM_MIP_Strategy_VariableSelect             3
CPXPARAM_TimeLimit                               599.99999205799998
1 of 1 MIP starts provided solutions.
MIP start 'm1' defined initial solution with objective 125.0000.
Tried aggregator 1 time.
MIP Presolve eliminated 16 rows and 375 columns.
MIP Presolve modified 1 coefficients.
Reduced MIP has 2620 rows, 4125 columns, and 43244 nonzeros.
Reduced MIP has 4125 binaries, 0 generals, 0 SOSs, and 0 indicators.
Presolve time = 0.02 sec. (21.64 ticks)
Probing time = 0.00 sec. (3.19 ticks)
Tried aggregator 1 time.
Detecting symmetries...
Reduced MIP has 2620 rows, 4125 columns, and 43244 nonzeros.
Reduced MIP has 4125 binaries, 0 generals, 0 SOSs, and 0 indicators.
Presolve time = 0.02 sec. (24.71 ticks)
Probing time = 0.00 sec. (3.19 ticks)
Clique table members: 1490.
MIP emphasis: balance optimality and feasibility.
MIP search method: dynamic search.
Parallel mode: none, using 1 thread.
Root relaxation solution time = 0.03 sec. (42.45 ticks)

        Nodes                                         Cuts/
   Node  Left     Objective  IInf  Best Integer    Best Bound    ItCnt     Gap

*     0+    0                          125.0000     4125.0000              --- 
      0     0      375.0000    72      125.0000      375.0000     1002  200.00%
*     0+    0                          375.0000      375.0000             0.00%
      0     0        cutoff            375.0000      375.0000     1002    0.00%
Elapsed time = 0.16 sec. (233.47 ticks, tree = 0.01 MB, solutions = 2)

Root node processing (before b&c):
  Real time             =    0.16 sec. (233.65 ticks)
Sequential b&c:
  Real time             =    0.00 sec. (0.00 ticks)
                          ------------
Total (root+branch&cut) =    0.16 sec. (233.65 ticks)
Primal:	375
Dual:	375
Status:	Optimal
Time:	0.17
Sequence:
	1
	9
	7
	5
	9
	6
	9
	10
	9
	9
	9
	3
	9
	4
	1
	10
	10
	9
	5
	9
	7
	9
	1
	1
	9
	9
	7
	1
	1
	9
	9
	9
	9
	10
	9
	2
	7
	4
	9
	10
	4
	9
	2
	6
	11
	5
	2
	9
	5
	1
	4
	1
	7
	4
	9
	5
	4
	9
	9
	10
	1
	2
	7
	4
	9
	4
	5
	2
	9
	7
	4
	9
	1
	1
	4
	5
	9
	5
	5
	9
	7
	9
	4
	5
	1
	5
	4
	9
	5
	5
	9
	5
	5
	1
	9
	5
	9
	4
	1
	4
	1
	7
	4
	1
	1
	4
	9
	1
	7
	4
	1
	9
	1
	4
	5
	9
	4
	2
	4
	9
	9
	4
	7
	1
	2
	4
	5
	2
	7
	4
	1
	4
	9
	4
	4
	2
	11
	4
	4
	2
	9
	4
	7
	9
	9
	4
	4
	9
	5
	4
	9
	7
	4
	9
	4
	4
	9
	4
	9
	4
	4
	9
	5
	4
	1
	9
	9
	4
	4
	9
	4
	1
	4
	4
	1
	4
	9
	4
	9
	4
	9
	4
	9
	4
	4
	9
	4
	2
	7
	10
	4
	4
	9
	1
	4
	5
	1
	6
	9
	5
	0
	7
	4
	9
	4
	4
	2
	9
	5
	5
	9
	5
	5
	9
	2
	5
	5
	0
	9
	4
	7
	1
	4
	0
	4
	4
	0
	4
	6
	1
	4
	5
	9
	0
	7
	5
	2
	1
	5
	9
	0
	7
	9
	5
	0
	4
	1
	4
	9
	3
	5
	0
	4
	4
	9
	5
	7
	1
	9
	1
	1
	0
	9
	1
	10
	10
	9
	1
	1
	2
	1
	1
	1
	2
	1
	1
	1
	4
	4
	2
	3
	4
	2
	4
	4
	10
	5
	11
	4
	9
	4
	10
	1
	1
	4
	9
	9
	9
	9
	9
	9
	9
	4
	9
	4
	7
	0
	4
	4
	2
	4
	4
	9
	4
	9
	7
	9
	2
	9
	5
	0
	7
	9
	4
	4
	9
	4
	6
	2
	1
	7
	9
	5
	0
	4
	9
	9
	5
	4
	9
	9
	7
	4
	9
	9
	4
	9
	7
	2
	9
	9
	1
	0
	5
	9
	7
	2
	4
	4
	9
	5
	5
	2
	7
	5
	9
	6
	4
	1
	1
	9
	1
	9
	1
	1
