Version identifier: 22.1.1.0 | 2022-11-28 | 9160aff4d
CPXPARAM_Threads                                 1
CPXPARAM_MIP_Strategy_VariableSelect             3
CPXPARAM_TimeLimit                               599.99999389000004
1 of 1 MIP starts provided solutions.
MIP start 'm1' defined initial solution with objective 102.0000.
Tried aggregator 1 time.
MIP Presolve eliminated 17 rows and 708 columns.
MIP Presolve modified 1 coefficients.
Reduced MIP has 2472 rows, 3540 columns, and 38338 nonzeros.
Reduced MIP has 3540 binaries, 0 generals, 0 SOSs, and 0 indicators.
Presolve time = 0.01 sec. (19.48 ticks)
Probing time = 0.00 sec. (3.05 ticks)
Tried aggregator 1 time.
Detecting symmetries...
Reduced MIP has 2472 rows, 3540 columns, and 38338 nonzeros.
Reduced MIP has 3540 binaries, 0 generals, 0 SOSs, and 0 indicators.
Presolve time = 0.02 sec. (21.68 ticks)
Probing time = 0.00 sec. (3.05 ticks)
Clique table members: 1406.
MIP emphasis: balance optimality and feasibility.
MIP search method: dynamic search.
Parallel mode: none, using 1 thread.
Root relaxation solution time = 0.02 sec. (33.69 ticks)

        Nodes                                         Cuts/
   Node  Left     Objective  IInf  Best Integer    Best Bound    ItCnt     Gap

*     0+    0                          102.0000     3540.0000              --- 
      0     0      354.0000    36      102.0000      354.0000      969  247.06%
*     0+    0                          354.0000      354.0000             0.00%
      0     0        cutoff            354.0000      354.0000      969    0.00%
Elapsed time = 0.09 sec. (127.21 ticks, tree = 0.01 MB, solutions = 2)

Root node processing (before b&c):
  Real time             =    0.09 sec. (127.38 ticks)
Sequential b&c:
  Real time             =    0.00 sec. (0.00 ticks)
                          ------------
Total (root+branch&cut) =    0.09 sec. (127.38 ticks)
Primal:	354
Dual:	354
Status:	Optimal
Time:	0.1
Sequence:
	5
	5
	1
	9
	7
	4
	9
	4
	9
	9
	0
	7
	10
	9
	5
	4
	9
	7
	0
	4
	9
	9
	9
	9
	9
	7
	9
	9
	9
	9
	9
	9
	9
	9
	9
	9
	9
	9
	9
	9
	9
	9
	4
	9
	5
	9
	3
	9
	9
	9
	9
	9
	9
	3
	9
	9
	9
	9
	9
	5
	1
	9
	4
	4
	10
	7
	4
	1
	10
	5
	4
	9
	9
	1
	9
	3
	10
	5
	4
	0
	4
	9
	4
	4
	10
	4
	4
	3
	9
	0
	1
	9
	5
	0
	6
	9
	5
	0
	1
	4
	10
	1
	1
	9
	1
	1
	9
	7
	9
	1
	1
	9
	9
	1
	9
	1
	0
	4
	4
	10
	9
	0
	7
	4
	9
	6
	0
	4
	1
	1
	9
	4
	0
	4
	9
	7
	4
	9
	4
	4
	1
	4
	7
	9
	5
	5
	1
	9
	6
	7
	9
	0
	5
	9
	5
	1
	9
	1
	1
	1
	9
	5
	1
	9
	1
	1
	6
	4
	11
	4
	4
	9
	1
	0
	9
	6
	1
	5
	4
	1
	6
	9
	0
	7
	4
	1
	4
	4
	0
	1
	7
	9
	4
	0
	1
	5
	9
	6
	1
	0
	9
	4
	7
	0
	6
	9
	4
	0
	4
	5
	0
	9
	5
	5
	9
	5
	5
	0
	4
	1
	5
	9
	0
	7
	4
	0
	5
	5
	9
	0
	7
	5
	9
	5
	0
	9
	5
	0
	5
	9
	7
	0
	5
	9
	5
	0
	5
	9
	5
	5
	11
	9
	1
	4
	0
	4
	4
	1
	1
	1
	4
	0
	9
	1
	1
	9
	1
	1
	9
	9
	1
	5
	9
	1
	9
	5
	5
	3
	4
	9
	5
	1
	1
	4
	9
	1
	1
	1
	4
	7
	1
	9
	4
	4
	9
	9
	1
	7
	4
	0
	4
	9
	4
	1
	4
	4
	1
	4
	9
	4
	4
	9
	9
	5
	1
	5
	4
	1
	5
	5
	9
	4
	5
	1
	4
	4
	1
	4
	4
	9
	1
	4
	4
	0
	4
	6
	9
	4
	4
	1
	4
	4
	9
	0
	4
	4
	1
	6
	4
	1
	4
	0
	4
	7
