Version identifier: 22.1.1.0 | 2022-11-28 | 9160aff4d
CPXPARAM_Threads                                 1
CPXPARAM_MIP_Strategy_VariableSelect             3
CPXPARAM_TimeLimit                               599.99996776
1 of 1 MIP starts provided solutions.
MIP start 'm1' defined initial solution with objective 216.0000.
Tried aggregator 1 time.
MIP Presolve eliminated 340 rows and 1296 columns.
Reduced MIP has 1939 rows, 2592 columns, and 25430 nonzeros.
Reduced MIP has 2592 binaries, 0 generals, 0 SOSs, and 0 indicators.
Presolve time = 0.03 sec. (14.42 ticks)
Probing time = 0.00 sec. (2.72 ticks)
Tried aggregator 1 time.
Detecting symmetries...
Reduced MIP has 1939 rows, 2592 columns, and 25430 nonzeros.
Reduced MIP has 2592 binaries, 0 generals, 0 SOSs, and 0 indicators.
Presolve time = 0.02 sec. (14.58 ticks)
Probing time = 0.00 sec. (2.72 ticks)
Clique table members: 966.
MIP emphasis: balance optimality and feasibility.
MIP search method: dynamic search.
Parallel mode: none, using 1 thread.
Root relaxation solution time = 0.03 sec. (21.24 ticks)

        Nodes                                         Cuts/
   Node  Left     Objective  IInf  Best Integer    Best Bound    ItCnt     Gap

*     0+    0                          216.0000     2592.0000              --- 
*     0     0      integral     0      324.0000      324.0000      752    0.00%
Elapsed time = 0.11 sec. (65.54 ticks, tree = 0.00 MB, solutions = 2)

Root node processing (before b&c):
  Real time             =    0.11 sec. (65.69 ticks)
Sequential b&c:
  Real time             =    0.00 sec. (0.00 ticks)
                          ------------
Total (root+branch&cut) =    0.11 sec. (65.69 ticks)
Primal:	324
Dual:	324
Status:	Optimal
Time:	0.13
Sequence:
	0
	9
	9
	9
	9
	9
	9
	9
	9
	9
	9
	9
	9
	4
	9
	9
	9
	5
	4
	9
	4
	9
	5
	4
	9
	9
	9
	4
	9
	4
	4
	9
	9
	9
	9
	9
	9
	9
	9
	9
	9
	9
	9
	9
	9
	9
	9
	9
	9
	9
	9
	9
	9
	9
	9
	9
	9
	9
	9
	9
	9
	9
	9
	9
	9
	9
	9
	9
	9
	9
	9
	9
	9
	9
	9
	9
	9
	9
	9
	9
	9
	0
	9
	9
	0
	9
	9
	0
	9
	1
	0
	9
	9
	0
	9
	9
	0
	3
	4
	0
	9
	9
	0
	1
	9
	9
	1
	9
	9
	0
	9
	9
	0
	9
	9
	1
	0
	9
	9
	9
	0
	9
	9
	9
	9
	9
	9
	9
	4
	4
	1
	1
	5
	9
	9
	9
	9
	9
	1
	9
	4
	4
	0
	9
	9
	9
	0
	9
	9
	0
	9
	9
	9
	9
	9
	9
	9
	0
	9
	9
	9
	9
	0
	9
	9
	9
	4
	9
	4
	9
	0
	9
	1
	0
	9
	4
	4
	3
	0
	4
	9
	9
	0
	3
	1
	9
	9
	0
	5
	9
	3
	1
	0
	4
	9
	9
	4
	3
	0
	4
	4
	0
	1
	1
	4
	0
	5
	4
	0
	5
	4
	3
	9
	0
	4
	4
	0
	4
	5
	0
	3
	9
	0
	1
	1
	4
	7
	0
	1
	4
	0
	4
	3
	1
	0
	9
	9
	9
	9
	3
	0
	4
	9
	9
	9
	3
	9
	9
	9
	9
	9
	9
	9
	9
	9
	0
	9
	4
	0
	9
	4
	9
	0
	9
	9
	9
	0
	9
	9
	9
	9
	9
	9
	9
	9
	9
	9
	9
	9
	9
	9
	9
	9
	9
	0
	9
	9
	3
	0
	9
	9
	9
	0
	5
	9
	9
	0
	9
	3
	0
	9
	9
	0
	9
	4
	0
	3
	5
	4
	2
	9
	9
	3
	0
	1
	4
	0
	1
	9
	0
	7
	9
	1
	0
