Version identifier: 22.1.1.0 | 2022-11-28 | 9160aff4d
CPXPARAM_Threads                                 1
CPXPARAM_MIP_Strategy_VariableSelect             3
CPXPARAM_TimeLimit                               599.99995824099994
1 of 1 MIP starts provided solutions.
MIP start 'm1' defined initial solution with objective 256.0000.
Tried aggregator 1 time.
MIP Presolve eliminated 333 rows and 1268 columns.
Reduced MIP has 1897 rows, 2536 columns, and 25804 nonzeros.
Reduced MIP has 2536 binaries, 0 generals, 0 SOSs, and 0 indicators.
Presolve time = 0.03 sec. (14.63 ticks)
Probing time = 0.01 sec. (5.28 ticks)
Tried aggregator 1 time.
Detecting symmetries...
Reduced MIP has 1897 rows, 2536 columns, and 25804 nonzeros.
Reduced MIP has 2536 binaries, 0 generals, 0 SOSs, and 0 indicators.
Presolve time = 0.02 sec. (15.25 ticks)
Probing time = 0.01 sec. (5.28 ticks)
Clique table members: 945.
MIP emphasis: balance optimality and feasibility.
MIP search method: dynamic search.
Parallel mode: none, using 1 thread.
Root relaxation solution time = 0.02 sec. (16.21 ticks)

        Nodes                                         Cuts/
   Node  Left     Objective  IInf  Best Integer    Best Bound    ItCnt     Gap

*     0+    0                          256.0000     2536.0000           890.62%
      0     0      317.0000    28      256.0000      317.0000      666   23.83%
*     0+    0                          317.0000      317.0000             0.00%
      0     0        cutoff            317.0000      317.0000      666    0.00%
Elapsed time = 0.15 sec. (91.18 ticks, tree = 0.01 MB, solutions = 2)

Root node processing (before b&c):
  Real time             =    0.15 sec. (91.33 ticks)
Sequential b&c:
  Real time             =    0.00 sec. (0.00 ticks)
                          ------------
Total (root+branch&cut) =    0.15 sec. (91.33 ticks)
Primal:	317
Dual:	317
Status:	Optimal
Time:	0.16
Sequence:
	9
	2
	4
	4
	9
	4
	9
	4
	4
	9
	4
	4
	9
	4
	4
	9
	4
	4
	9
	4
	4
	9
	9
	4
	9
	9
	9
	4
	4
	9
	4
	9
	4
	9
	4
	4
	9
	4
	4
	9
	4
	4
	9
	4
	1
	4
	4
	2
	1
	4
	4
	9
	9
	7
	9
	2
	9
	4
	9
	9
	4
	4
	9
	9
	4
	9
	4
	4
	9
	9
	4
	2
	4
	4
	2
	9
	9
	2
	9
	1
	1
	4
	1
	1
	0
	9
	1
	1
	1
	4
	2
	4
	9
	9
	2
	11
	4
	2
	4
	1
	0
	9
	9
	4
	9
	4
	0
	1
	9
	3
	1
	0
	9
	9
	2
	1
	9
	0
	4
	9
	4
	2
	9
	1
	9
	2
	9
	4
	1
	2
	1
	4
	2
	4
	4
	1
	4
	1
	1
	2
	1
	1
	11
	4
	9
	9
	9
	4
	4
	11
	9
	4
	4
	9
	9
	4
	4
	9
	9
	9
	9
	9
	9
	0
	4
	9
	2
	3
	9
	2
	9
	9
	9
	9
	9
	4
	9
	9
	9
	9
	9
	9
	9
	9
	9
	4
	4
	0
	4
	9
	4
	4
	3
	4
	0
	1
	9
	0
	9
	4
	0
	4
	11
	4
	4
	0
	4
	4
	0
	4
	4
	9
	0
	4
	4
	0
	4
	4
	9
	0
	4
	1
	1
	4
	9
	4
	1
	4
	4
	9
	9
	4
	9
	9
	9
	9
	2
	9
	4
	0
	4
	4
	9
	4
	4
	9
	4
	9
	2
	4
	9
	9
	4
	2
	4
	1
	9
	4
	4
	0
	4
	1
	4
	1
	9
	4
	9
	9
	9
	9
	9
	9
	4
	3
	9
	4
	9
	9
	9
	2
	9
	4
	4
	0
	4
	4
	2
	4
	9
	2
	9
	4
	2
	1
	4
	4
	2
	4
	4
	0
	4
	4
	2
	4
	4
	0
	4
	4
	9
	4
	0
	4
	4
	9
	2
	4
	4
