Version identifier: 22.1.0.0 | 2022-03-09 | 1a383f8ce
CPXPARAM_Threads                                 1
CPXPARAM_MIP_Strategy_VariableSelect             3
CPXPARAM_TimeLimit                               599.99998544599998
1 of 1 MIP starts provided solutions.
MIP start 'm1' defined initial solution with objective 57.0000.
Tried aggregator 1 time.
MIP Presolve eliminated 270 rows and 768 columns.
Reduced MIP has 765 rows, 768 columns, and 6580 nonzeros.
Reduced MIP has 768 binaries, 0 generals, 0 SOSs, and 0 indicators.
Presolve time = 0.01 sec. (4.47 ticks)
Probing time = 0.00 sec. (2.22 ticks)
Tried aggregator 1 time.
Detecting symmetries...
Reduced MIP has 765 rows, 768 columns, and 6580 nonzeros.
Reduced MIP has 768 binaries, 0 generals, 0 SOSs, and 0 indicators.
Presolve time = 0.00 sec. (3.89 ticks)
Probing time = 0.00 sec. (2.22 ticks)
Clique table members: 381.
MIP emphasis: balance optimality and feasibility.
MIP search method: dynamic search.
Parallel mode: none, using 1 thread.
Root relaxation solution time = 0.01 sec. (5.47 ticks)

        Nodes                                         Cuts/
   Node  Left     Objective  IInf  Best Integer    Best Bound    ItCnt     Gap

*     0+    0                           57.0000      768.0000              --- 
*     0     0      integral     0      128.0000      128.0000      330    0.00%
Elapsed time = 0.03 sec. (21.26 ticks, tree = 0.00 MB, solutions = 2)

Root node processing (before b&c):
  Real time             =    0.03 sec. (21.32 ticks)
Sequential b&c:
  Real time             =    0.00 sec. (0.00 ticks)
                          ------------
Total (root+branch&cut) =    0.03 sec. (21.32 ticks)
Primal:	128
Dual:	128
Status:	Optimal
Time:	0.04
Sequence:
	5
	9
	9
	5
	0
	5
	9
	5
	9
	9
	5
	9
	5
	9
	2
	5
	9
	2
	4
	5
	2
	4
	5
	9
	4
	4
	9
	5
	9
	4
	5
	2
	1
	9
	2
	1
	9
	9
	9
	1
	9
	1
	0
	1
	9
	1
	9
	1
	4
	5
	9
	9
	9
	2
	9
	9
	2
	9
	9
	2
	9
	9
	9
	2
	5
	4
	9
	2
	9
	4
	5
	2
	9
	5
	4
	2
	9
	5
	2
	1
	4
	5
	0
	5
	4
	2
	4
	1
	4
	1
	4
	5
	2
	5
	4
	2
	5
	9
	2
	4
	4
	2
	5
	9
	2
	9
	5
	2
	4
	5
	2
	4
	4
	2
	4
	1
	4
	4
	1
	4
	1
	4
	2
	4
	4
	1
	4
	2
