Version identifier: 22.1.1.0 | 2022-11-28 | 9160aff4d
CPXPARAM_Threads                                 1
CPXPARAM_MIP_Strategy_VariableSelect             3
CPXPARAM_TimeLimit                               599.99998443599998
1 of 1 MIP starts provided solutions.
MIP start 'm1' defined initial solution with objective 121.0000.
Tried aggregator 1 time.
MIP Presolve eliminated 365 rows and 1056 columns.
Reduced MIP has 878 rows, 1056 columns, and 8376 nonzeros.
Reduced MIP has 1056 binaries, 0 generals, 0 SOSs, and 0 indicators.
Presolve time = 0.01 sec. (5.52 ticks)
Probing time = 0.00 sec. (2.35 ticks)
Tried aggregator 1 time.
Detecting symmetries...
Reduced MIP has 878 rows, 1056 columns, and 8376 nonzeros.
Reduced MIP has 1056 binaries, 0 generals, 0 SOSs, and 0 indicators.
Presolve time = 0.00 sec. (4.80 ticks)
Probing time = 0.00 sec. (2.35 ticks)
Clique table members: 350.
MIP emphasis: balance optimality and feasibility.
MIP search method: dynamic search.
Parallel mode: none, using 1 thread.
Root relaxation solution time = 0.00 sec. (6.46 ticks)

        Nodes                                         Cuts/
   Node  Left     Objective  IInf  Best Integer    Best Bound    ItCnt     Gap

*     0+    0                          121.0000     1056.0000           772.73%
*     0     0      integral     0      176.0000      176.0000      401    0.00%
Elapsed time = 0.02 sec. (25.27 ticks, tree = 0.00 MB, solutions = 2)

Root node processing (before b&c):
  Real time             =    0.02 sec. (25.36 ticks)
Sequential b&c:
  Real time             =    0.00 sec. (0.00 ticks)
                          ------------
Total (root+branch&cut) =    0.02 sec. (25.36 ticks)
Primal:	176
Dual:	176
Status:	Optimal
Time:	0.03
Sequence:
	0
	4
	9
	2
	4
	9
	4
	9
	5
	4
	1
	5
	9
	5
	9
	4
	4
	9
	4
	4
	9
	4
	9
	0
	9
	9
	4
	9
	1
	9
	2
	5
	5
	0
	9
	4
	9
	5
	4
	9
	9
	9
	9
	2
	4
	4
	9
	9
	0
	4
	9
	9
	0
	4
	1
	0
	1
	4
	5
	2
	4
	4
	2
	4
	4
	0
	1
	9
	0
	5
	1
	2
	9
	9
	9
	4
	9
	4
	4
	9
	9
	2
	4
	4
	9
	4
	9
	4
	9
	1
	9
	0
	5
	9
	4
	4
	9
	4
	0
	4
	9
	4
	0
	9
	1
	4
	4
	0
	4
	4
	0
	4
	4
	9
	0
	4
	1
	4
	4
	9
	0
	4
	9
	1
	9
	9
	4
	9
	4
	4
	9
	4
	4
	9
	0
	4
	4
	9
	9
	2
	9
	4
	4
	0
	9
	4
	9
	9
	2
	9
	9
	4
	4
	2
	4
	9
	5
	9
	4
	4
	0
	4
	1
	1
	4
	0
	1
	4
	2
	1
	1
	9
	4
	0
	9
	9
