Version identifier: 22.1.1.0 | 2022-11-28 | 9160aff4d
CPXPARAM_Threads                                 1
CPXPARAM_MIP_Strategy_VariableSelect             3
CPXPARAM_TimeLimit                               599.99891689900005
Found incumbent of value 0.000000 after 0.00 sec. (0.29 ticks)

Root node processing (before b&c):
  Real time             =    0.00 sec. (0.33 ticks)
Sequential b&c:
  Real time             =    0.00 sec. (0.00 ticks)
                          ------------
Total (root+branch&cut) =    0.00 sec. (0.33 ticks)
Version identifier: 22.1.1.0 | 2022-11-28 | 9160aff4d
CPXPARAM_Threads                                 1
CPXPARAM_MIP_Strategy_VariableSelect             3
CPXPARAM_TimeLimit                               599.98988967299999
Found incumbent of value 0.000000 after 0.00 sec. (0.44 ticks)

Root node processing (before b&c):
  Real time             =    0.00 sec. (0.49 ticks)
Sequential b&c:
  Real time             =    0.00 sec. (0.00 ticks)
                          ------------
Total (root+branch&cut) =    0.00 sec. (0.49 ticks)
Version identifier: 22.1.1.0 | 2022-11-28 | 9160aff4d
CPXPARAM_Threads                                 1
CPXPARAM_MIP_Strategy_VariableSelect             3
CPXPARAM_TimeLimit                               599.97957017900001
Found incumbent of value 0.000000 after 0.00 sec. (0.50 ticks)

Root node processing (before b&c):
  Real time             =    0.00 sec. (0.57 ticks)
Sequential b&c:
  Real time             =    0.00 sec. (0.00 ticks)
                          ------------
Total (root+branch&cut) =    0.00 sec. (0.57 ticks)
Version identifier: 22.1.1.0 | 2022-11-28 | 9160aff4d
CPXPARAM_Threads                                 1
CPXPARAM_MIP_Strategy_VariableSelect             3
CPXPARAM_TimeLimit                               599.96784272000002
Found incumbent of value 0.000000 after 0.00 sec. (0.54 ticks)

Root node processing (before b&c):
  Real time             =    0.00 sec. (0.61 ticks)
Sequential b&c:
  Real time             =    0.00 sec. (0.00 ticks)
                          ------------
Total (root+branch&cut) =    0.00 sec. (0.61 ticks)
Version identifier: 22.1.1.0 | 2022-11-28 | 9160aff4d
CPXPARAM_Threads                                 1
CPXPARAM_MIP_Strategy_VariableSelect             3
CPXPARAM_TimeLimit                               599.95284773399999
Found incumbent of value 0.000000 after 0.00 sec. (0.55 ticks)

Root node processing (before b&c):
  Real time             =    0.00 sec. (0.63 ticks)
Sequential b&c:
  Real time             =    0.00 sec. (0.00 ticks)
                          ------------
Total (root+branch&cut) =    0.00 sec. (0.63 ticks)
Version identifier: 22.1.1.0 | 2022-11-28 | 9160aff4d
CPXPARAM_Threads                                 1
CPXPARAM_MIP_Strategy_VariableSelect             3
CPXPARAM_TimeLimit                               599.93938913199997
Found incumbent of value 0.000000 after 0.00 sec. (0.61 ticks)

Root node processing (before b&c):
  Real time             =    0.00 sec. (0.69 ticks)
Sequential b&c:
  Real time             =    0.00 sec. (0.00 ticks)
                          ------------
Total (root+branch&cut) =    0.00 sec. (0.69 ticks)
Version identifier: 22.1.1.0 | 2022-11-28 | 9160aff4d
CPXPARAM_Threads                                 1
CPXPARAM_MIP_Strategy_VariableSelect             3
CPXPARAM_TimeLimit                               599.92660791100002
Tried aggregator 1 time.
MIP Presolve eliminated 19 rows and 1484 columns.
Reduced MIP has 2219 rows, 2968 columns, and 25060 nonzeros.
Reduced MIP has 2968 binaries, 0 generals, 0 SOSs, and 0 indicators.
Presolve time = 0.01 sec. (13.81 ticks)
Found incumbent of value 0.000000 after 0.03 sec. (39.19 ticks)

Root node processing (before b&c):
  Real time             =    0.03 sec. (39.36 ticks)
Sequential b&c:
  Real time             =    0.00 sec. (0.00 ticks)
                          ------------
Total (root+branch&cut) =    0.03 sec. (39.36 ticks)
Version identifier: 22.1.1.0 | 2022-11-28 | 9160aff4d
CPXPARAM_Threads                                 1
CPXPARAM_MIP_Strategy_VariableSelect             3
CPXPARAM_TimeLimit                               599.88206416800006
Tried aggregator 1 time.
MIP Presolve eliminated 19 rows and 1488 columns.
Reduced MIP has 2225 rows, 2976 columns, and 25128 nonzeros.
Reduced MIP has 2976 binaries, 0 generals, 0 SOSs, and 0 indicators.
Presolve time = 0.01 sec. (13.85 ticks)
Found incumbent of value 0.000000 after 0.03 sec. (39.95 ticks)

Root node processing (before b&c):
  Real time             =    0.03 sec. (40.12 ticks)
Sequential b&c:
  Real time             =    0.00 sec. (0.00 ticks)
                          ------------
Total (root+branch&cut) =    0.03 sec. (40.12 ticks)
Version identifier: 22.1.1.0 | 2022-11-28 | 9160aff4d
CPXPARAM_Threads                                 1
CPXPARAM_MIP_Strategy_VariableSelect             3
CPXPARAM_TimeLimit                               599.83595448899996
Tried aggregator 1 time.
MIP Presolve eliminated 19 rows and 1492 columns.
Reduced MIP has 2231 rows, 2984 columns, and 25196 nonzeros.
Reduced MIP has 2984 binaries, 0 generals, 0 SOSs, and 0 indicators.
Presolve time = 0.01 sec. (13.87 ticks)
Probing time = 0.00 sec. (2.76 ticks)
Tried aggregator 1 time.
Detecting symmetries...
Reduced MIP has 2231 rows, 2984 columns, and 25196 nonzeros.
Reduced MIP has 2984 binaries, 0 generals, 0 SOSs, and 0 indicators.
Presolve time = 0.01 sec. (15.46 ticks)
Probing time = 0.00 sec. (2.76 ticks)
Clique table members: 1482.
MIP emphasis: balance optimality and feasibility.
MIP search method: dynamic search.
Parallel mode: none, using 1 thread.
Root relaxation solution time = 0.01 sec. (20.32 ticks)

        Nodes                                         Cuts/
   Node  Left     Objective  IInf  Best Integer    Best Bound    ItCnt     Gap

      0     0        0.0000   101                      0.0000      488         
*     0+    0                            0.0000        0.0000             0.00%
      0     0        cutoff              0.0000        0.0000      488    0.00%
Elapsed time = 0.09 sec. (117.90 ticks, tree = 0.01 MB, solutions = 1)

Root node processing (before b&c):
  Real time             =    0.09 sec. (118.04 ticks)
Sequential b&c:
  Real time             =    0.00 sec. (0.00 ticks)
                          ------------
Total (root+branch&cut) =    0.09 sec. (118.04 ticks)
Primal:	373
Dual:	373
Status:	Optimal
Time:	0.261417
Sequence:
	9
	9
	9
	9
	9
	9
	9
	9
	9
	0
	9
	9
	9
	9
	9
	9
	9
	9
	9
	9
	9
	9
	9
	0
	9
	9
	0
	9
	9
	9
	9
	9
	9
	9
	9
	9
	9
	9
	9
	9
	9
	9
	9
	9
	9
	9
	9
	9
	9
	9
	9
	9
	9
	9
	9
	9
	9
	9
	9
	9
	9
	9
	9
	9
	9
	9
	9
	9
	9
	9
	9
	9
	9
	9
	9
	9
	9
	9
	9
	9
	9
	9
	9
	9
	9
	9
	9
	9
	9
	9
	9
	9
	9
	9
	9
	9
	9
	9
	9
	9
	9
	9
	0
	4
	5
	9
	0
	1
	4
	0
	4
	5
	0
	4
	4
	0
	4
	9
	0
	5
	9
	1
	0
	6
	9
	5
	0
	1
	9
	5
	4
	0
	9
	5
	1
	0
	9
	5
	6
	9
	0
	5
	1
	4
	1
	0
	4
	11
	4
	6
	0
	9
	5
	0
	9
	5
	0
	9
	9
	1
	6
	0
	9
	11
	0
	9
	1
	9
	0
	9
	9
	0
	1
	5
	9
	0
	9
	11
	6
	0
	9
	4
	0
	9
	4
	0
	1
	5
	9
	9
	0
	5
	9
	0
	6
	4
	0
	4
	9
	9
	9
	6
	0
	1
	9
	0
	9
	5
	0
	5
	9
	0
	11
	4
	0
	4
	6
	9
	5
	0
	9
	5
	0
	1
	4
	0
	5
	9
	3
	0
	1
	9
	0
	9
	5
	0
	11
	4
	0
	6
	9
	0
	9
	9
	9
	0
	9
	1
	0
	5
	9
	0
	5
	4
	0
	9
	6
	0
	5
	4
	0
	9
	3
	4
	5
	0
	4
	4
	0
	4
	9
	0
	4
	1
	0
	4
	5
	0
	4
	3
	4
	4
	0
	9
	1
	0
	4
	6
	1
	4
	0
	4
	6
	0
	1
	9
	0
	9
	3
	0
	1
	4
	6
	9
	5
	0
	9
	11
	0
	9
	4
	0
	4
	9
	0
	9
	9
	0
	4
	4
	0
	1
	1
	9
	6
	5
	0
	4
	6
	0
	5
	4
	1
	4
	0
	5
	4
	3
	0
	9
	5
	1
	4
	0
	1
	1
	4
	0
	6
	9
	0
	1
	4
	0
	6
	1
	9
	3
	0
	5
	9
	0
	4
	5
	3
	0
	9
	1
	0
	9
	1
	4
	0
