Version identifier: 22.1.1.0 | 2022-11-28 | 9160aff4d
CPXPARAM_Threads                                 1
CPXPARAM_MIP_Strategy_VariableSelect             3
CPXPARAM_TimeLimit                               599.99889348700003
Found incumbent of value 0.000000 after 0.00 sec. (0.29 ticks)

Root node processing (before b&c):
  Real time             =    0.00 sec. (0.33 ticks)
Sequential b&c:
  Real time             =    0.00 sec. (0.00 ticks)
                          ------------
Total (root+branch&cut) =    0.00 sec. (0.33 ticks)
Version identifier: 22.1.1.0 | 2022-11-28 | 9160aff4d
CPXPARAM_Threads                                 1
CPXPARAM_MIP_Strategy_VariableSelect             3
CPXPARAM_TimeLimit                               599.99015051499998
Found incumbent of value 0.000000 after 0.00 sec. (0.42 ticks)

Root node processing (before b&c):
  Real time             =    0.00 sec. (0.48 ticks)
Sequential b&c:
  Real time             =    0.00 sec. (0.00 ticks)
                          ------------
Total (root+branch&cut) =    0.00 sec. (0.48 ticks)
Version identifier: 22.1.1.0 | 2022-11-28 | 9160aff4d
CPXPARAM_Threads                                 1
CPXPARAM_MIP_Strategy_VariableSelect             3
CPXPARAM_TimeLimit                               599.97871101199996
Found incumbent of value 0.000000 after 0.00 sec. (0.49 ticks)

Root node processing (before b&c):
  Real time             =    0.00 sec. (0.56 ticks)
Sequential b&c:
  Real time             =    0.00 sec. (0.00 ticks)
                          ------------
Total (root+branch&cut) =    0.00 sec. (0.56 ticks)
Version identifier: 22.1.1.0 | 2022-11-28 | 9160aff4d
CPXPARAM_Threads                                 1
CPXPARAM_MIP_Strategy_VariableSelect             3
CPXPARAM_TimeLimit                               599.96596277000003
Found incumbent of value 0.000000 after 0.00 sec. (0.52 ticks)

Root node processing (before b&c):
  Real time             =    0.00 sec. (0.60 ticks)
Sequential b&c:
  Real time             =    0.00 sec. (0.00 ticks)
                          ------------
Total (root+branch&cut) =    0.00 sec. (0.60 ticks)
Version identifier: 22.1.1.0 | 2022-11-28 | 9160aff4d
CPXPARAM_Threads                                 1
CPXPARAM_MIP_Strategy_VariableSelect             3
CPXPARAM_TimeLimit                               599.95249266600001
Found incumbent of value 0.000000 after 0.00 sec. (0.54 ticks)

Root node processing (before b&c):
  Real time             =    0.00 sec. (0.62 ticks)
Sequential b&c:
  Real time             =    0.00 sec. (0.00 ticks)
                          ------------
Total (root+branch&cut) =    0.00 sec. (0.62 ticks)
Version identifier: 22.1.1.0 | 2022-11-28 | 9160aff4d
CPXPARAM_Threads                                 1
CPXPARAM_MIP_Strategy_VariableSelect             3
CPXPARAM_TimeLimit                               599.93854125400003
Tried aggregator 1 time.
MIP Presolve eliminated 20 rows and 1830 columns.
Reduced MIP has 2188 rows, 2562 columns, and 20370 nonzeros.
Reduced MIP has 2562 binaries, 0 generals, 0 SOSs, and 0 indicators.
Presolve time = 0.01 sec. (11.84 ticks)
Found incumbent of value 0.000000 after 0.03 sec. (34.77 ticks)

Root node processing (before b&c):
  Real time             =    0.03 sec. (34.93 ticks)
Sequential b&c:
  Real time             =    0.00 sec. (0.00 ticks)
                          ------------
Total (root+branch&cut) =    0.03 sec. (34.93 ticks)
Version identifier: 22.1.1.0 | 2022-11-28 | 9160aff4d
CPXPARAM_Threads                                 1
CPXPARAM_MIP_Strategy_VariableSelect             3
CPXPARAM_TimeLimit                               599.89477976199998
Tried aggregator 1 time.
MIP Presolve eliminated 20 rows and 1845 columns.
Reduced MIP has 2206 rows, 2583 columns, and 20538 nonzeros.
Reduced MIP has 2583 binaries, 0 generals, 0 SOSs, and 0 indicators.
Presolve time = 0.01 sec. (11.93 ticks)
Found incumbent of value 0.000000 after 0.05 sec. (34.87 ticks)

Root node processing (before b&c):
  Real time             =    0.05 sec. (35.03 ticks)
Sequential b&c:
  Real time             =    0.00 sec. (0.00 ticks)
                          ------------
Total (root+branch&cut) =    0.05 sec. (35.03 ticks)
Version identifier: 22.1.1.0 | 2022-11-28 | 9160aff4d
CPXPARAM_Threads                                 1
CPXPARAM_MIP_Strategy_VariableSelect             3
CPXPARAM_TimeLimit                               599.82667084299999
Tried aggregator 1 time.
MIP Presolve eliminated 20 rows and 1850 columns.
Reduced MIP has 2212 rows, 2590 columns, and 20594 nonzeros.
Reduced MIP has 2590 binaries, 0 generals, 0 SOSs, and 0 indicators.
Presolve time = 0.02 sec. (11.96 ticks)
Found incumbent of value 0.000000 after 0.04 sec. (35.51 ticks)

Root node processing (before b&c):
  Real time             =    0.04 sec. (35.67 ticks)
Sequential b&c:
  Real time             =    0.00 sec. (0.00 ticks)
                          ------------
Total (root+branch&cut) =    0.04 sec. (35.67 ticks)
Version identifier: 22.1.1.0 | 2022-11-28 | 9160aff4d
CPXPARAM_Threads                                 1
CPXPARAM_MIP_Strategy_VariableSelect             3
CPXPARAM_TimeLimit                               599.76162203700005
Tried aggregator 1 time.
MIP Presolve eliminated 20 rows and 1855 columns.
Reduced MIP has 2218 rows, 2597 columns, and 20650 nonzeros.
Reduced MIP has 2597 binaries, 0 generals, 0 SOSs, and 0 indicators.
Presolve time = 0.01 sec. (11.99 ticks)
Found incumbent of value 0.000000 after 0.03 sec. (35.16 ticks)

Root node processing (before b&c):
  Real time             =    0.03 sec. (35.32 ticks)
Sequential b&c:
  Real time             =    0.00 sec. (0.00 ticks)
                          ------------
Total (root+branch&cut) =    0.03 sec. (35.32 ticks)
Primal:	371
Dual:	371
Status:	Optimal
Time:	0.279783
Sequence:
	9
	9
	4
	4
	9
	9
	5
	9
	4
	0
	9
	4
	4
	9
	0
	4
	9
	9
	5
	4
	11
	0
	4
	9
	9
	5
	9
	9
	9
	9
	5
	0
	4
	4
	9
	9
	9
	9
	9
	9
	9
	5
	4
	9
	4
	9
	9
	9
	4
	1
	9
	4
	5
	0
	9
	4
	9
	4
	4
	9
	9
	9
	9
	1
	4
	11
	4
	9
	9
	0
	9
	9
	4
	9
	9
	6
	9
	5
	4
	9
	4
	0
	5
	9
	4
	0
	9
	9
	4
	1
	9
	9
	9
	0
	5
	9
	0
	4
	9
	9
	5
	4
	9
	4
	9
	4
	9
	4
	0
	9
	9
	4
	0
	9
	1
	9
	5
	9
	6
	9
	4
	4
	0
	9
	9
	9
	0
	9
	4
	9
	9
	4
	9
	4
	9
	4
	4
	0
	4
	9
	4
	9
	9
	5
	4
	9
	0
	6
	9
	4
	9
	4
	0
	11
	9
	4
	9
	9
	4
	0
	4
	9
	4
	4
	9
	1
	9
	9
	0
	4
	9
	0
	4
	4
	9
	4
	6
	9
	9
	9
	9
	4
	11
	0
	9
	4
	9
	0
	1
	11
	9
	9
	1
	9
	9
	9
	0
	4
	9
	9
	0
	9
	9
	0
	9
	1
	9
	4
	5
	9
	4
	4
	0
	9
	5
	9
	4
	9
	5
	4
	9
	4
	4
	0
	9
	9
	9
	0
	5
	4
	9
	9
	9
	4
	4
	0
	4
	4
	0
	9
	9
	9
	9
	4
	9
	0
	9
	4
	9
	9
	9
	6
	0
	4
	9
	9
	0
	9
	9
	9
	9
	9
	6
	9
	0
	9
	4
	5
	9
	9
	4
	9
	4
	4
	9
	4
	9
	6
	9
	11
	1
	9
	0
	5
	4
	9
	4
	9
	4
	9
	4
	9
	4
	4
	9
	4
	9
	0
	6
	9
	9
	4
	6
	0
	4
	9
	9
	9
	4
	4
	9
	0
	4
	9
	9
	9
	9
	9
	0
	9
	9
	4
	9
	9
	9
	0
	6
	9
	9
	0
	9
	9
	9
	11
	9
	9
	9
	4
	9
	4
	4
	0
	4
	4
	9
	0
	9
	4
	4
	9
	4
	9
	11
	4
	5
	9
	4
	0
	9
	5
	4
	9
	9
	4
	4
	9
	9
	4
	9
	9
	4
