Version identifier: 22.1.0.0 | 2022-03-09 | 1a383f8ce
CPXPARAM_Threads                                 1
CPXPARAM_MIP_Strategy_VariableSelect             3
CPXPARAM_TimeLimit                               599.99794736000001
Found incumbent of value 0.000000 after 0.00 sec. (0.32 ticks)

Root node processing (before b&c):
  Real time             =    0.00 sec. (0.36 ticks)
Sequential b&c:
  Real time             =    0.00 sec. (0.00 ticks)
                          ------------
Total (root+branch&cut) =    0.00 sec. (0.36 ticks)
Version identifier: 22.1.0.0 | 2022-03-09 | 1a383f8ce
CPXPARAM_Threads                                 1
CPXPARAM_MIP_Strategy_VariableSelect             3
CPXPARAM_TimeLimit                               599.98433332800005
Found incumbent of value 0.000000 after 0.00 sec. (0.46 ticks)

Root node processing (before b&c):
  Real time             =    0.00 sec. (0.52 ticks)
Sequential b&c:
  Real time             =    0.00 sec. (0.00 ticks)
                          ------------
Total (root+branch&cut) =    0.00 sec. (0.52 ticks)
Version identifier: 22.1.0.0 | 2022-03-09 | 1a383f8ce
CPXPARAM_Threads                                 1
CPXPARAM_MIP_Strategy_VariableSelect             3
CPXPARAM_TimeLimit                               599.96616456599997
Found incumbent of value 0.000000 after 0.00 sec. (0.54 ticks)

Root node processing (before b&c):
  Real time             =    0.00 sec. (0.61 ticks)
Sequential b&c:
  Real time             =    0.00 sec. (0.00 ticks)
                          ------------
Total (root+branch&cut) =    0.00 sec. (0.61 ticks)
Version identifier: 22.1.0.0 | 2022-03-09 | 1a383f8ce
CPXPARAM_Threads                                 1
CPXPARAM_MIP_Strategy_VariableSelect             3
CPXPARAM_TimeLimit                               599.94521400999997
Found incumbent of value 0.000000 after 0.00 sec. (0.57 ticks)

Root node processing (before b&c):
  Real time             =    0.00 sec. (0.65 ticks)
Sequential b&c:
  Real time             =    0.00 sec. (0.00 ticks)
                          ------------
Total (root+branch&cut) =    0.00 sec. (0.65 ticks)
Version identifier: 22.1.0.0 | 2022-03-09 | 1a383f8ce
CPXPARAM_Threads                                 1
CPXPARAM_MIP_Strategy_VariableSelect             3
CPXPARAM_TimeLimit                               599.92361021099998
Found incumbent of value 0.000000 after 0.00 sec. (0.59 ticks)

Root node processing (before b&c):
  Real time             =    0.00 sec. (0.67 ticks)
Sequential b&c:
  Real time             =    0.00 sec. (0.00 ticks)
                          ------------
Total (root+branch&cut) =    0.00 sec. (0.67 ticks)
Version identifier: 22.1.0.0 | 2022-03-09 | 1a383f8ce
CPXPARAM_Threads                                 1
CPXPARAM_MIP_Strategy_VariableSelect             3
CPXPARAM_TimeLimit                               599.901014734
Found incumbent of value 0.000000 after 0.00 sec. (0.60 ticks)

Root node processing (before b&c):
  Real time             =    0.00 sec. (0.68 ticks)
Sequential b&c:
  Real time             =    0.00 sec. (0.00 ticks)
                          ------------
Total (root+branch&cut) =    0.00 sec. (0.68 ticks)
Version identifier: 22.1.0.0 | 2022-03-09 | 1a383f8ce
CPXPARAM_Threads                                 1
CPXPARAM_MIP_Strategy_VariableSelect             3
CPXPARAM_TimeLimit                               599.87780040200005
Found incumbent of value 0.000000 after 0.00 sec. (0.61 ticks)

Root node processing (before b&c):
  Real time             =    0.00 sec. (0.68 ticks)
Sequential b&c:
  Real time             =    0.00 sec. (0.00 ticks)
                          ------------
Total (root+branch&cut) =    0.00 sec. (0.68 ticks)
Version identifier: 22.1.0.0 | 2022-03-09 | 1a383f8ce
CPXPARAM_Threads                                 1
CPXPARAM_MIP_Strategy_VariableSelect             3
CPXPARAM_TimeLimit                               599.85454322400005
Found incumbent of value 0.000000 after 0.00 sec. (0.61 ticks)

Root node processing (before b&c):
  Real time             =    0.00 sec. (0.69 ticks)
Sequential b&c:
  Real time             =    0.00 sec. (0.00 ticks)
                          ------------
Total (root+branch&cut) =    0.00 sec. (0.69 ticks)
Version identifier: 22.1.0.0 | 2022-03-09 | 1a383f8ce
CPXPARAM_Threads                                 1
CPXPARAM_MIP_Strategy_VariableSelect             3
CPXPARAM_TimeLimit                               599.83121513699996
Found incumbent of value 0.000000 after 0.00 sec. (0.61 ticks)

Root node processing (before b&c):
  Real time             =    0.00 sec. (0.69 ticks)
Sequential b&c:
  Real time             =    0.00 sec. (0.00 ticks)
                          ------------
Total (root+branch&cut) =    0.00 sec. (0.69 ticks)
Primal:	370
Dual:	370
Status:	Optimal
Time:	0.188735
Sequence:
	0
	1
	4
	0
	1
	4
	0
	1
	4
	0
	1
	4
	0
	1
	4
	0
	1
	4
	0
	1
	4
	0
	1
	4
	0
	1
	4
	0
	1
	4
	0
	1
	4
	0
	1
	4
	0
	1
	4
	0
	1
	4
	0
	1
	4
	0
	1
	4
	0
	1
	4
	0
	1
	4
	0
	1
	4
	0
	1
	4
	0
	1
	4
	0
	1
	4
	0
	1
	4
	0
	1
	4
	0
	1
	4
	0
	3
	4
	0
	4
	4
	0
	3
	4
	0
	4
	4
	0
	3
	4
	0
	4
	4
	0
	3
	4
	0
	4
	4
	0
	3
	4
	0
	4
	4
	0
	3
	4
	0
	4
	4
	0
	3
	4
	0
	4
	4
	0
	3
	4
	0
	5
	9
	0
	3
	9
	0
	5
	9
	0
	3
	9
	0
	5
	9
	0
	3
	9
	0
	5
	9
	0
	3
	9
	0
	5
	9
	0
	3
	9
	0
	5
	9
	0
	3
	9
	0
	5
	9
	0
	3
	9
	0
	5
	9
	2
	5
	9
	2
	5
	9
	2
	5
	9
	2
	5
	9
	2
	5
	9
	2
	5
	9
	2
	5
	9
	2
	5
	9
	2
	6
	9
	2
	9
	6
	2
	9
	9
	2
	6
	9
	2
	9
	6
	2
	9
	9
	2
	6
	9
	2
	9
	6
	2
	9
	9
	2
	6
	9
	2
	9
	6
	2
	9
	9
	2
	6
	9
	9
	9
	9
	9
	9
	9
	9
	9
	9
	9
	9
	9
	9
	9
	9
	9
	9
	9
	9
	9
	9
	9
	9
	9
	9
	9
	9
	9
	9
	9
	9
	9
	9
	9
	9
	9
	9
	9
	9
	9
	9
	9
	9
	9
	9
	9
	9
	9
	9
	9
	9
	9
	9
	9
	9
	9
	9
	9
	9
	9
	9
	9
	9
	9
	9
	9
	9
	9
	9
	9
	9
	9
	9
	9
	9
	9
	9
	9
	9
	9
	9
	9
	9
	9
	9
	9
	9
	9
	9
	9
	9
	9
	9
	9
	9
	9
	9
	9
	9
	9
	9
	9
	9
	9
	9
	9
	9
	9
	9
	9
	9
	9
	9
	9
	9
	9
	9
	9
	9
	9
	9
	9
	9
	9
	9
	9
	9
	9
	9
	9
	9
	9
	9
	9
	9
	9
	9
	9
	9
	9
	9
	9
