Version identifier: 22.1.0.0 | 2022-03-09 | 1a383f8ce
CPXPARAM_Threads                                 1
CPXPARAM_MIP_Strategy_VariableSelect             3
CPXPARAM_TimeLimit                               599.99695594699995
Found incumbent of value 0.000000 after 0.00 sec. (0.17 ticks)

Root node processing (before b&c):
  Real time             =    0.00 sec. (0.19 ticks)
Sequential b&c:
  Real time             =    0.00 sec. (0.00 ticks)
                          ------------
Total (root+branch&cut) =    0.00 sec. (0.19 ticks)
Version identifier: 22.1.0.0 | 2022-03-09 | 1a383f8ce
CPXPARAM_Threads                                 1
CPXPARAM_MIP_Strategy_VariableSelect             3
CPXPARAM_TimeLimit                               599.97540713599994
Found incumbent of value 0.000000 after 0.00 sec. (0.32 ticks)

Root node processing (before b&c):
  Real time             =    0.00 sec. (0.36 ticks)
Sequential b&c:
  Real time             =    0.00 sec. (0.00 ticks)
                          ------------
Total (root+branch&cut) =    0.00 sec. (0.36 ticks)
Version identifier: 22.1.0.0 | 2022-03-09 | 1a383f8ce
CPXPARAM_Threads                                 1
CPXPARAM_MIP_Strategy_VariableSelect             3
CPXPARAM_TimeLimit                               599.95079168500001
Found incumbent of value 0.000000 after 0.00 sec. (0.37 ticks)

Root node processing (before b&c):
  Real time             =    0.00 sec. (0.42 ticks)
Sequential b&c:
  Real time             =    0.00 sec. (0.00 ticks)
                          ------------
Total (root+branch&cut) =    0.00 sec. (0.42 ticks)
Version identifier: 22.1.0.0 | 2022-03-09 | 1a383f8ce
CPXPARAM_Threads                                 1
CPXPARAM_MIP_Strategy_VariableSelect             3
CPXPARAM_TimeLimit                               599.92616946700002
Found incumbent of value 0.000000 after 0.00 sec. (0.39 ticks)

Root node processing (before b&c):
  Real time             =    0.00 sec. (0.44 ticks)
Sequential b&c:
  Real time             =    0.00 sec. (0.00 ticks)
                          ------------
Total (root+branch&cut) =    0.00 sec. (0.44 ticks)
Version identifier: 22.1.0.0 | 2022-03-09 | 1a383f8ce
CPXPARAM_Threads                                 1
CPXPARAM_MIP_Strategy_VariableSelect             3
CPXPARAM_TimeLimit                               599.90144968899995
Found incumbent of value 0.000000 after 0.00 sec. (0.41 ticks)

Root node processing (before b&c):
  Real time             =    0.00 sec. (0.46 ticks)
Sequential b&c:
  Real time             =    0.00 sec. (0.00 ticks)
                          ------------
Total (root+branch&cut) =    0.00 sec. (0.46 ticks)
Version identifier: 22.1.0.0 | 2022-03-09 | 1a383f8ce
CPXPARAM_Threads                                 1
CPXPARAM_MIP_Strategy_VariableSelect             3
CPXPARAM_TimeLimit                               599.87815282700001
Tried aggregator 1 time.
MIP Presolve eliminated 263 rows and 741 columns.
MIP Presolve modified 1 coefficients.
Reduced MIP has 1478 rows, 2223 columns, and 18608 nonzeros.
Reduced MIP has 2223 binaries, 0 generals, 0 SOSs, and 0 indicators.
Presolve time = 0.02 sec. (10.63 ticks)
Probing time = 0.00 sec. (2.69 ticks)
Tried aggregator 1 time.
Detecting symmetries...
Reduced MIP has 1478 rows, 2223 columns, and 18608 nonzeros.
Reduced MIP has 2223 binaries, 0 generals, 0 SOSs, and 0 indicators.
Presolve time = 0.01 sec. (11.71 ticks)
Probing time = 0.00 sec. (2.69 ticks)
Clique table members: 981.
MIP emphasis: balance optimality and feasibility.
MIP search method: dynamic search.
Parallel mode: none, using 1 thread.
Root relaxation solution time = 0.02 sec. (15.25 ticks)

        Nodes                                         Cuts/
   Node  Left     Objective  IInf  Best Integer    Best Bound    ItCnt     Gap

      0     0        0.0000    60                      0.0000      419         
*     0+    0                            0.0000        0.0000             0.00%
      0     0        cutoff              0.0000        0.0000      419    0.00%
Elapsed time = 0.11 sec. (89.62 ticks, tree = 0.01 MB, solutions = 1)

Root node processing (before b&c):
  Real time             =    0.11 sec. (89.71 ticks)
Sequential b&c:
  Real time             =    0.00 sec. (0.00 ticks)
                          ------------
Total (root+branch&cut) =    0.11 sec. (89.71 ticks)
Version identifier: 22.1.0.0 | 2022-03-09 | 1a383f8ce
CPXPARAM_Threads                                 1
CPXPARAM_MIP_Strategy_VariableSelect             3
CPXPARAM_TimeLimit                               599.74219037499995
Tried aggregator 1 time.
MIP Presolve eliminated 265 rows and 747 columns.
MIP Presolve modified 1 coefficients.
Reduced MIP has 1490 rows, 2241 columns, and 18760 nonzeros.
Reduced MIP has 2241 binaries, 0 generals, 0 SOSs, and 0 indicators.
Presolve time = 0.02 sec. (10.71 ticks)
Probing time = 0.00 sec. (2.68 ticks)
Tried aggregator 1 time.
Detecting symmetries...
Reduced MIP has 1490 rows, 2241 columns, and 18760 nonzeros.
Reduced MIP has 2241 binaries, 0 generals, 0 SOSs, and 0 indicators.
Presolve time = 0.01 sec. (11.81 ticks)
Probing time = 0.00 sec. (2.68 ticks)
Clique table members: 989.
MIP emphasis: balance optimality and feasibility.
MIP search method: dynamic search.
Parallel mode: none, using 1 thread.
Root relaxation solution time = 0.02 sec. (14.49 ticks)

        Nodes                                         Cuts/
   Node  Left     Objective  IInf  Best Integer    Best Bound    ItCnt     Gap

      0     0        0.0000    77                      0.0000      395         
*     0+    0                            0.0000        0.0000             0.00%
      0     0        cutoff              0.0000        0.0000      395    0.00%
Elapsed time = 0.13 sec. (95.37 ticks, tree = 0.01 MB, solutions = 1)

Root node processing (before b&c):
  Real time             =    0.13 sec. (95.46 ticks)
Sequential b&c:
  Real time             =    0.00 sec. (0.00 ticks)
                          ------------
Total (root+branch&cut) =    0.13 sec. (95.46 ticks)
Version identifier: 22.1.0.0 | 2022-03-09 | 1a383f8ce
CPXPARAM_Threads                                 1
CPXPARAM_MIP_Strategy_VariableSelect             3
CPXPARAM_TimeLimit                               599.59712172399998
Tried aggregator 1 time.
MIP Presolve eliminated 266 rows and 750 columns.
MIP Presolve modified 1 coefficients.
Reduced MIP has 1496 rows, 2250 columns, and 18836 nonzeros.
Reduced MIP has 2250 binaries, 0 generals, 0 SOSs, and 0 indicators.
Presolve time = 0.02 sec. (10.76 ticks)
Probing time = 0.00 sec. (2.69 ticks)
Tried aggregator 1 time.
Detecting symmetries...
Reduced MIP has 1496 rows, 2250 columns, and 18836 nonzeros.
Reduced MIP has 2250 binaries, 0 generals, 0 SOSs, and 0 indicators.
Presolve time = 0.01 sec. (11.86 ticks)
Probing time = 0.00 sec. (2.69 ticks)
Clique table members: 993.
MIP emphasis: balance optimality and feasibility.
MIP search method: dynamic search.
Parallel mode: none, using 1 thread.
Root relaxation solution time = 0.02 sec. (14.76 ticks)

        Nodes                                         Cuts/
   Node  Left     Objective  IInf  Best Integer    Best Bound    ItCnt     Gap

      0     0        0.0000    84                      0.0000      409         
*     0+    0                            0.0000        0.0000             0.00%
      0     0        cutoff              0.0000        0.0000      409    0.00%
Elapsed time = 0.13 sec. (97.08 ticks, tree = 0.01 MB, solutions = 1)

Root node processing (before b&c):
  Real time             =    0.13 sec. (97.18 ticks)
Sequential b&c:
  Real time             =    0.00 sec. (0.00 ticks)
                          ------------
Total (root+branch&cut) =    0.13 sec. (97.18 ticks)
Primal:	250
Dual:	250
Status:	Optimal
Time:	0.544145
Sequence:
	9
	9
	9
	9
	9
	9
	9
	1
	9
	0
	9
	4
	9
	9
	1
	9
	9
	0
	9
	9
	9
	5
	9
	0
	4
	9
	5
	4
	9
	9
	9
	9
	5
	9
	9
	5
	9
	9
	9
	9
	5
	9
	9
	9
	2
	9
	9
	9
	9
	1
	4
	9
	9
	4
	9
	0
	5
	9
	1
	9
	9
	1
	4
	9
	5
	9
	1
	9
	4
	4
	2
	9
	4
	2
	9
	9
	8
	9
	9
	9
	1
	9
	11
	9
	9
	4
	9
	9
	9
	9
	1
	2
	5
	9
	2
	9
	9
	9
	0
	4
	4
	0
	11
	4
	4
	0
	4
	4
	1
	4
	4
	0
	4
	5
	0
	4
	11
	2
	4
	5
	0
	1
	4
	0
	4
	1
	4
	1
	9
	5
	0
	5
	4
	0
	1
	4
	1
	0
	4
	4
	0
	4
	1
	0
	1
	4
	0
	1
	4
	0
	9
	5
	4
	3
	0
	4
	4
	0
	5
	4
	0
	1
	9
	0
	11
	9
	1
	0
	4
	1
	9
	4
	1
	0
	3
	4
	1
	4
	5
	0
	4
	9
	0
	9
	5
	0
	1
	4
	4
	11
	0
	4
	4
	0
	1
	4
	0
	1
	4
	0
	4
	11
	0
	1
	4
	0
	4
	11
	0
	4
	9
	4
	0
	3
	4
	0
	9
	1
	0
	4
	1
	4
	0
	1
	9
	0
	4
	1
	0
	9
	5
	0
	4
	4
	0
	1
	4
	0
	4
	5
	0
	4
	1
	0
	5
	4
	0
	4
	5
	0
