Version identifier: 22.1.1.0 | 2022-11-28 | 9160aff4d
CPXPARAM_Threads                                 1
CPXPARAM_MIP_Strategy_VariableSelect             3
CPXPARAM_TimeLimit                               599.99736517600002
Found incumbent of value 0.000000 after 0.00 sec. (0.29 ticks)

Root node processing (before b&c):
  Real time             =    0.00 sec. (0.33 ticks)
Sequential b&c:
  Real time             =    0.00 sec. (0.00 ticks)
                          ------------
Total (root+branch&cut) =    0.00 sec. (0.33 ticks)
Version identifier: 22.1.1.0 | 2022-11-28 | 9160aff4d
CPXPARAM_Threads                                 1
CPXPARAM_MIP_Strategy_VariableSelect             3
CPXPARAM_TimeLimit                               599.97933143099999
Found incumbent of value 0.000000 after 0.00 sec. (0.43 ticks)

Root node processing (before b&c):
  Real time             =    0.00 sec. (0.49 ticks)
Sequential b&c:
  Real time             =    0.00 sec. (0.00 ticks)
                          ------------
Total (root+branch&cut) =    0.00 sec. (0.49 ticks)
Version identifier: 22.1.1.0 | 2022-11-28 | 9160aff4d
CPXPARAM_Threads                                 1
CPXPARAM_MIP_Strategy_VariableSelect             3
CPXPARAM_TimeLimit                               599.95589133099998
Found incumbent of value 0.000000 after 0.00 sec. (0.50 ticks)

Root node processing (before b&c):
  Real time             =    0.00 sec. (0.57 ticks)
Sequential b&c:
  Real time             =    0.00 sec. (0.00 ticks)
                          ------------
Total (root+branch&cut) =    0.00 sec. (0.57 ticks)
Version identifier: 22.1.1.0 | 2022-11-28 | 9160aff4d
CPXPARAM_Threads                                 1
CPXPARAM_MIP_Strategy_VariableSelect             3
CPXPARAM_TimeLimit                               599.92915650199996
Tried aggregator 1 time.
MIP Presolve eliminated 16 rows and 352 columns.
Reduced MIP has 2108 rows, 3872 columns, and 32854 nonzeros.
Reduced MIP has 3872 binaries, 0 generals, 0 SOSs, and 0 indicators.
Presolve time = 0.03 sec. (16.11 ticks)
Found incumbent of value 0.000000 after 0.09 sec. (49.23 ticks)

Root node processing (before b&c):
  Real time             =    0.09 sec. (49.40 ticks)
Sequential b&c:
  Real time             =    0.00 sec. (0.00 ticks)
                          ------------
Total (root+branch&cut) =    0.09 sec. (49.40 ticks)
Version identifier: 22.1.1.0 | 2022-11-28 | 9160aff4d
CPXPARAM_Threads                                 1
CPXPARAM_MIP_Strategy_VariableSelect             3
CPXPARAM_TimeLimit                               599.80911509800001
Tried aggregator 1 time.
MIP Presolve eliminated 16 rows and 364 columns.
Reduced MIP has 2180 rows, 4004 columns, and 33982 nonzeros.
Reduced MIP has 4004 binaries, 0 generals, 0 SOSs, and 0 indicators.
Presolve time = 0.01 sec. (16.65 ticks)
Found incumbent of value 0.000000 after 0.04 sec. (50.29 ticks)

Root node processing (before b&c):
  Real time             =    0.04 sec. (50.46 ticks)
Sequential b&c:
  Real time             =    0.00 sec. (0.00 ticks)
                          ------------
Total (root+branch&cut) =    0.04 sec. (50.46 ticks)
Version identifier: 22.1.1.0 | 2022-11-28 | 9160aff4d
CPXPARAM_Threads                                 1
CPXPARAM_MIP_Strategy_VariableSelect             3
CPXPARAM_TimeLimit                               599.75108367099995
Tried aggregator 1 time.
MIP Presolve eliminated 16 rows and 370 columns.
Reduced MIP has 2216 rows, 4070 columns, and 34546 nonzeros.
Reduced MIP has 4070 binaries, 0 generals, 0 SOSs, and 0 indicators.
Presolve time = 0.01 sec. (16.92 ticks)
Found incumbent of value 0.000000 after 0.04 sec. (51.76 ticks)

Root node processing (before b&c):
  Real time             =    0.04 sec. (51.93 ticks)
Sequential b&c:
  Real time             =    0.00 sec. (0.00 ticks)
                          ------------
Total (root+branch&cut) =    0.04 sec. (51.93 ticks)
Version identifier: 22.1.1.0 | 2022-11-28 | 9160aff4d
CPXPARAM_Threads                                 1
CPXPARAM_MIP_Strategy_VariableSelect             3
CPXPARAM_TimeLimit                               599.69501144200001
Tried aggregator 1 time.
MIP Presolve eliminated 16 rows and 373 columns.
Reduced MIP has 2234 rows, 4103 columns, and 34828 nonzeros.
Reduced MIP has 4103 binaries, 0 generals, 0 SOSs, and 0 indicators.
Presolve time = 0.01 sec. (17.04 ticks)
Found incumbent of value 0.000000 after 0.04 sec. (52.72 ticks)

Root node processing (before b&c):
  Real time             =    0.04 sec. (52.89 ticks)
Sequential b&c:
  Real time             =    0.00 sec. (0.00 ticks)
                          ------------
Total (root+branch&cut) =    0.04 sec. (52.89 ticks)
Version identifier: 22.1.1.0 | 2022-11-28 | 9160aff4d
CPXPARAM_Threads                                 1
CPXPARAM_MIP_Strategy_VariableSelect             3
CPXPARAM_TimeLimit                               599.64047527900004
Tried aggregator 1 time.
MIP Presolve eliminated 16 rows and 374 columns.
Reduced MIP has 2240 rows, 4114 columns, and 34922 nonzeros.
Reduced MIP has 4114 binaries, 0 generals, 0 SOSs, and 0 indicators.
Presolve time = 0.01 sec. (17.10 ticks)
Probing time = 0.00 sec. (3.06 ticks)
Tried aggregator 1 time.
Detecting symmetries...
Reduced MIP has 2240 rows, 4114 columns, and 34922 nonzeros.
Reduced MIP has 4114 binaries, 0 generals, 0 SOSs, and 0 indicators.
Presolve time = 0.01 sec. (21.31 ticks)
Probing time = 0.00 sec. (3.06 ticks)
Clique table members: 1486.
MIP emphasis: balance optimality and feasibility.
MIP search method: dynamic search.
Parallel mode: none, using 1 thread.
Root relaxation solution time = 0.01 sec. (25.95 ticks)

        Nodes                                         Cuts/
   Node  Left     Objective  IInf  Best Integer    Best Bound    ItCnt     Gap

      0     0        0.0000    42                      0.0000      538         
*     0+    0                            0.0000        0.0000             0.00%
      0     0        cutoff              0.0000        0.0000      538    0.00%
Elapsed time = 0.10 sec. (147.92 ticks, tree = 0.01 MB, solutions = 1)

Root node processing (before b&c):
  Real time             =    0.10 sec. (148.06 ticks)
Sequential b&c:
  Real time             =    0.00 sec. (0.00 ticks)
                          ------------
Total (root+branch&cut) =    0.10 sec. (148.06 ticks)
Version identifier: 22.1.1.0 | 2022-11-28 | 9160aff4d
CPXPARAM_Threads                                 1
CPXPARAM_MIP_Strategy_VariableSelect             3
CPXPARAM_TimeLimit                               599.52346188900003
Tried aggregator 1 time.
MIP Presolve eliminated 16 rows and 375 columns.
Reduced MIP has 2246 rows, 4125 columns, and 35016 nonzeros.
Reduced MIP has 4125 binaries, 0 generals, 0 SOSs, and 0 indicators.
Presolve time = 0.01 sec. (17.15 ticks)
Found incumbent of value 0.000000 after 0.05 sec. (52.24 ticks)

Root node processing (before b&c):
  Real time             =    0.05 sec. (52.42 ticks)
Sequential b&c:
  Real time             =    0.00 sec. (0.00 ticks)
                          ------------
Total (root+branch&cut) =    0.05 sec. (52.42 ticks)
Primal:	375
Dual:	375
Status:	Optimal
Time:	0.535837
Sequence:
	4
	0
	9
	9
	2
	7
	4
	9
	4
	9
	4
	1
	4
	10
	1
	9
	9
	1
	9
	7
	9
	4
	9
	4
	5
	1
	0
	4
	5
	9
	9
	5
	9
	7
	1
	1
	4
	4
	9
	4
	0
	9
	4
	4
	9
	7
	1
	4
	4
	9
	4
	9
	5
	5
	9
	5
	5
	9
	5
	1
	0
	9
	9
	4
	7
	9
	1
	9
	9
	4
	4
	2
	9
	7
	9
	4
	0
	5
	4
	9
	7
	4
	9
	5
	4
	1
	2
	4
	4
	1
	7
	2
	5
	5
	9
	5
	9
	2
	1
	4
	1
	5
	1
	4
	10
	9
	1
	11
	2
	1
	9
	5
	4
	2
	9
	4
	9
	5
	1
	4
	4
	10
	4
	9
	5
	4
	3
	4
	0
	1
	1
	9
	2
	7
	1
	0
	4
	9
	4
	9
	4
	0
	4
	7
	1
	4
	5
	10
	4
	9
	7
	9
	5
	9
	9
	9
	7
	10
	1
	4
	4
	9
	4
	1
	0
	9
	4
	7
	1
	0
	9
	1
	5
	7
	2
	9
	4
	1
	9
	4
	9
	4
	3
	4
	5
	9
	5
	1
	9
	2
	3
	4
	5
	1
	1
	4
	2
	7
	4
	0
	4
	9
	4
	9
	5
	4
	9
	4
	1
	5
	9
	0
	7
	9
	6
	4
	2
	1
	9
	4
	9
	6
	2
	9
	7
	5
	9
	4
	2
	10
	5
	4
	1
	4
	4
	10
	9
	4
	4
	1
	2
	6
	9
	4
	2
	1
	5
	9
	4
	11
	5
	4
	9
	9
	10
	1
	7
	2
	9
	4
	9
	5
	9
	9
	9
	4
	11
	5
	5
	9
	4
	4
	2
	9
	1
	0
	4
	6
	9
	5
	1
	9
	10
	4
	7
	1
	9
	4
	4
	9
	1
	4
	2
	7
	1
	2
	4
	5
	9
	4
	1
	9
	9
	7
	4
	2
	5
	5
	9
	1
	1
	4
	7
	2
	9
	9
	1
	4
	9
	4
	9
	7
	9
	4
	5
	9
	1
	9
	7
	4
	10
	1
	2
	10
	1
	4
	7
	9
	9
	4
	9
	9
	5
	4
	9
	1
	1
	4
	9
	7
	1
	4
	5
	2
	5
	6
	9
	9
	4
	4
	9
	9
	6
	7
	9
	1
	5
	9
	9
	7
	1
	5
	4
	9
	4
