Version identifier: 22.1.1.0 | 2022-11-28 | 9160aff4d
CPXPARAM_Threads                                 1
CPXPARAM_MIP_Strategy_VariableSelect             3
CPXPARAM_TimeLimit                               599.99873189799996
Found incumbent of value 0.000000 after 0.00 sec. (0.32 ticks)

Root node processing (before b&c):
  Real time             =    0.00 sec. (0.36 ticks)
Sequential b&c:
  Real time             =    0.00 sec. (0.00 ticks)
                          ------------
Total (root+branch&cut) =    0.00 sec. (0.36 ticks)
Version identifier: 22.1.1.0 | 2022-11-28 | 9160aff4d
CPXPARAM_Threads                                 1
CPXPARAM_MIP_Strategy_VariableSelect             3
CPXPARAM_TimeLimit                               599.98952870100004
Found incumbent of value 0.000000 after 0.00 sec. (0.47 ticks)

Root node processing (before b&c):
  Real time             =    0.00 sec. (0.54 ticks)
Sequential b&c:
  Real time             =    0.00 sec. (0.00 ticks)
                          ------------
Total (root+branch&cut) =    0.00 sec. (0.54 ticks)
Version identifier: 22.1.1.0 | 2022-11-28 | 9160aff4d
CPXPARAM_Threads                                 1
CPXPARAM_MIP_Strategy_VariableSelect             3
CPXPARAM_TimeLimit                               599.97595837300003
Tried aggregator 1 time.
MIP Presolve eliminated 17 rows and 716 columns.
Reduced MIP has 2143 rows, 3580 columns, and 28096 nonzeros.
Reduced MIP has 3580 binaries, 0 generals, 0 SOSs, and 0 indicators.
Presolve time = 0.01 sec. (20.17 ticks)
Found incumbent of value 0.000000 after 0.04 sec. (54.16 ticks)

Root node processing (before b&c):
  Real time             =    0.04 sec. (54.32 ticks)
Sequential b&c:
  Real time             =    0.00 sec. (0.00 ticks)
                          ------------
Total (root+branch&cut) =    0.04 sec. (54.32 ticks)
Version identifier: 22.1.1.0 | 2022-11-28 | 9160aff4d
CPXPARAM_Threads                                 1
CPXPARAM_MIP_Strategy_VariableSelect             3
CPXPARAM_TimeLimit                               599.92393986599996
Tried aggregator 1 time.
MIP Presolve eliminated 17 rows and 766 columns.
Reduced MIP has 2293 rows, 3830 columns, and 30071 nonzeros.
Reduced MIP has 3830 binaries, 0 generals, 0 SOSs, and 0 indicators.
Presolve time = 0.01 sec. (21.97 ticks)
Found incumbent of value 0.000000 after 0.04 sec. (60.05 ticks)

Root node processing (before b&c):
  Real time             =    0.04 sec. (60.23 ticks)
Sequential b&c:
  Real time             =    0.00 sec. (0.00 ticks)
                          ------------
Total (root+branch&cut) =    0.04 sec. (60.23 ticks)
Version identifier: 22.1.1.0 | 2022-11-28 | 9160aff4d
CPXPARAM_Threads                                 1
CPXPARAM_MIP_Strategy_VariableSelect             3
CPXPARAM_TimeLimit                               599.86743721300002
Tried aggregator 1 time.
MIP Presolve eliminated 17 rows and 792 columns.
Reduced MIP has 2371 rows, 3960 columns, and 31098 nonzeros.
Reduced MIP has 3960 binaries, 0 generals, 0 SOSs, and 0 indicators.
Presolve time = 0.01 sec. (22.92 ticks)
Probing time = 0.00 sec. (5.10 ticks)
Tried aggregator 1 time.
Detecting symmetries...
Reduced MIP has 2371 rows, 3960 columns, and 31098 nonzeros.
Reduced MIP has 3960 binaries, 0 generals, 0 SOSs, and 0 indicators.
Presolve time = 0.01 sec. (25.53 ticks)
Probing time = 0.00 sec. (5.10 ticks)
Clique table members: 1575.
MIP emphasis: balance optimality and feasibility.
MIP search method: dynamic search.
Parallel mode: none, using 1 thread.
Root relaxation solution time = 0.02 sec. (28.10 ticks)

        Nodes                                         Cuts/
   Node  Left     Objective  IInf  Best Integer    Best Bound    ItCnt     Gap

      0     0        0.0000    76                      0.0000      574         
*     0+    0                            0.0000        0.0000             0.00%
      0     0        cutoff              0.0000        0.0000      574    0.00%
Elapsed time = 0.11 sec. (168.63 ticks, tree = 0.01 MB, solutions = 1)

Root node processing (before b&c):
  Real time             =    0.11 sec. (168.77 ticks)
Sequential b&c:
  Real time             =    0.00 sec. (0.00 ticks)
                          ------------
Total (root+branch&cut) =    0.11 sec. (168.77 ticks)
Version identifier: 22.1.1.0 | 2022-11-28 | 9160aff4d
CPXPARAM_Threads                                 1
CPXPARAM_MIP_Strategy_VariableSelect             3
CPXPARAM_TimeLimit                               599.74165933300003
Tried aggregator 1 time.
MIP Presolve eliminated 17 rows and 804 columns.
Reduced MIP has 2407 rows, 4020 columns, and 31572 nonzeros.
Reduced MIP has 4020 binaries, 0 generals, 0 SOSs, and 0 indicators.
Presolve time = 0.02 sec. (23.36 ticks)
Probing time = 0.00 sec. (5.13 ticks)
Tried aggregator 1 time.
Detecting symmetries...
Reduced MIP has 2407 rows, 4020 columns, and 31572 nonzeros.
Reduced MIP has 4020 binaries, 0 generals, 0 SOSs, and 0 indicators.
Presolve time = 0.01 sec. (26.01 ticks)
Probing time = 0.00 sec. (5.13 ticks)
Clique table members: 1599.
MIP emphasis: balance optimality and feasibility.
MIP search method: dynamic search.
Parallel mode: none, using 1 thread.
Root relaxation solution time = 0.02 sec. (28.83 ticks)

        Nodes                                         Cuts/
   Node  Left     Objective  IInf  Best Integer    Best Bound    ItCnt     Gap

      0     0        0.0000    94                      0.0000      636         
*     0+    0                            0.0000        0.0000             0.00%
      0     0        cutoff              0.0000        0.0000      636    0.00%
Elapsed time = 0.11 sec. (170.83 ticks, tree = 0.01 MB, solutions = 1)

Root node processing (before b&c):
  Real time             =    0.11 sec. (170.98 ticks)
Sequential b&c:
  Real time             =    0.00 sec. (0.00 ticks)
                          ------------
Total (root+branch&cut) =    0.11 sec. (170.98 ticks)
Version identifier: 22.1.1.0 | 2022-11-28 | 9160aff4d
CPXPARAM_Threads                                 1
CPXPARAM_MIP_Strategy_VariableSelect             3
CPXPARAM_TimeLimit                               599.61698439300005
Tried aggregator 1 time.
MIP Presolve eliminated 17 rows and 810 columns.
Reduced MIP has 2425 rows, 4050 columns, and 31809 nonzeros.
Reduced MIP has 4050 binaries, 0 generals, 0 SOSs, and 0 indicators.
Presolve time = 0.02 sec. (23.58 ticks)
Probing time = 0.00 sec. (5.16 ticks)
Tried aggregator 1 time.
Detecting symmetries...
Reduced MIP has 2425 rows, 4050 columns, and 31809 nonzeros.
Reduced MIP has 4050 binaries, 0 generals, 0 SOSs, and 0 indicators.
Presolve time = 0.01 sec. (26.25 ticks)
Probing time = 0.00 sec. (5.16 ticks)
Clique table members: 1611.
MIP emphasis: balance optimality and feasibility.
MIP search method: dynamic search.
Parallel mode: none, using 1 thread.
Root relaxation solution time = 0.02 sec. (27.57 ticks)

        Nodes                                         Cuts/
   Node  Left     Objective  IInf  Best Integer    Best Bound    ItCnt     Gap

      0     0        0.0000   122                      0.0000      604         
*     0+    0                            0.0000        0.0000             0.00%
      0     0        cutoff              0.0000        0.0000      604    0.00%
Elapsed time = 0.11 sec. (173.00 ticks, tree = 0.01 MB, solutions = 1)

Root node processing (before b&c):
  Real time             =    0.11 sec. (173.15 ticks)
Sequential b&c:
  Real time             =    0.00 sec. (0.00 ticks)
                          ------------
Total (root+branch&cut) =    0.11 sec. (173.15 ticks)
Version identifier: 22.1.1.0 | 2022-11-28 | 9160aff4d
CPXPARAM_Threads                                 1
CPXPARAM_MIP_Strategy_VariableSelect             3
CPXPARAM_TimeLimit                               599.48883600600004
Tried aggregator 1 time.
MIP Presolve eliminated 17 rows and 814 columns.
Reduced MIP has 2437 rows, 4070 columns, and 31967 nonzeros.
Reduced MIP has 4070 binaries, 0 generals, 0 SOSs, and 0 indicators.
Presolve time = 0.02 sec. (23.73 ticks)
Probing time = 0.00 sec. (5.19 ticks)
Tried aggregator 1 time.
Detecting symmetries...
Reduced MIP has 2437 rows, 4070 columns, and 31967 nonzeros.
Reduced MIP has 4070 binaries, 0 generals, 0 SOSs, and 0 indicators.
Presolve time = 0.01 sec. (26.41 ticks)
Probing time = 0.00 sec. (5.19 ticks)
Clique table members: 1619.
MIP emphasis: balance optimality and feasibility.
MIP search method: dynamic search.
Parallel mode: none, using 1 thread.
Root relaxation solution time = 0.02 sec. (31.09 ticks)

        Nodes                                         Cuts/
   Node  Left     Objective  IInf  Best Integer    Best Bound    ItCnt     Gap

      0     0        0.0000   200                      0.0000      665         
*     0+    0                            0.0000        0.0000             0.00%
      0     0        cutoff              0.0000        0.0000      665    0.00%
Elapsed time = 0.16 sec. (231.74 ticks, tree = 0.01 MB, solutions = 1)

Root node processing (before b&c):
  Real time             =    0.16 sec. (231.89 ticks)
Sequential b&c:
  Real time             =    0.00 sec. (0.00 ticks)
                          ------------
Total (root+branch&cut) =    0.16 sec. (231.89 ticks)
Version identifier: 22.1.1.0 | 2022-11-28 | 9160aff4d
CPXPARAM_Threads                                 1
CPXPARAM_MIP_Strategy_VariableSelect             3
CPXPARAM_TimeLimit                               599.30978805100006
Tried aggregator 1 time.
MIP Presolve eliminated 17 rows and 816 columns.
Reduced MIP has 2443 rows, 4080 columns, and 32046 nonzeros.
Reduced MIP has 4080 binaries, 0 generals, 0 SOSs, and 0 indicators.
Presolve time = 0.02 sec. (23.80 ticks)
Probing time = 0.00 sec. (5.16 ticks)
Tried aggregator 1 time.
Detecting symmetries...
Reduced MIP has 2443 rows, 4080 columns, and 32046 nonzeros.
Reduced MIP has 4080 binaries, 0 generals, 0 SOSs, and 0 indicators.
Presolve time = 0.01 sec. (26.50 ticks)
Probing time = 0.00 sec. (5.16 ticks)
Clique table members: 1623.
MIP emphasis: balance optimality and feasibility.
MIP search method: dynamic search.
Parallel mode: none, using 1 thread.
Root relaxation solution time = 0.02 sec. (33.08 ticks)

        Nodes                                         Cuts/
   Node  Left     Objective  IInf  Best Integer    Best Bound    ItCnt     Gap

      0     0        0.0000   176                      0.0000      687         
*     0+    0                            0.0000        0.0000             0.00%
      0     0        cutoff              0.0000        0.0000      687    0.00%
Elapsed time = 0.12 sec. (179.84 ticks, tree = 0.01 MB, solutions = 1)

Root node processing (before b&c):
  Real time             =    0.12 sec. (179.99 ticks)
Sequential b&c:
  Real time             =    0.00 sec. (0.00 ticks)
                          ------------
Total (root+branch&cut) =    0.12 sec. (179.99 ticks)
Primal:	408
Dual:	408
Status:	Optimal
Time:	0.821776
Sequence:
	9
	5
	9
	9
	9
	9
	9
	6
	9
	5
	9
	9
	9
	9
	9
	9
	9
	6
	9
	5
	9
	6
	5
	9
	9
	9
	9
	6
	9
	9
	9
	9
	9
	6
	9
	9
	9
	9
	9
	9
	6
	9
	9
	9
	9
	6
	9
	9
	9
	9
	6
	9
	9
	9
	5
	9
	9
	9
	9
	9
	9
	5
	9
	9
	6
	9
	9
	9
	4
	9
	9
	9
	9
	6
	9
	9
	9
	9
	9
	9
	6
	9
	9
	9
	6
	9
	9
	9
	9
	6
	9
	9
	9
	6
	10
	9
	9
	6
	9
	5
	9
	5
	4
	0
	4
	6
	0
	1
	9
	6
	5
	10
	4
	0
	5
	9
	4
	4
	0
	9
	6
	4
	9
	0
	6
	1
	4
	0
	10
	4
	6
	9
	10
	5
	4
	2
	6
	10
	5
	9
	10
	0
	1
	4
	1
	6
	1
	4
	1
	4
	5
	10
	6
	4
	9
	5
	4
	9
	6
	4
	0
	9
	1
	6
	4
	1
	1
	1
	4
	6
	0
	4
	9
	6
	4
	9
	0
	1
	4
	6
	0
	5
	9
	6
	4
	1
	1
	4
	9
	6
	11
	0
	9
	6
	0
	9
	5
	6
	1
	4
	0
	4
	10
	1
	4
	0
	5
	11
	9
	6
	10
	4
	2
	6
	5
	9
	0
	1
	6
	9
	1
	4
	6
	1
	5
	9
	9
	6
	11
	0
	4
	6
	9
	5
	9
	4
	4
	0
	6
	4
	0
	10
	9
	6
	4
	9
	0
	4
	3
	1
	6
	4
	0
	9
	4
	6
	0
	11
	4
	0
	6
	5
	9
	0
	5
	10
	9
	10
	6
	4
	0
	5
	11
	4
	6
	9
	0
	1
	9
	6
	11
	0
	9
	5
	6
	0
	4
	11
	9
	5
	10
	6
	4
	0
	1
	9
	6
	10
	2
	5
	1
	5
	4
	9
	0
	6
	5
	9
	5
	6
	0
	4
	5
	0
	4
	5
	0
	4
	6
	0
	1
	9
	1
	1
	6
	9
	4
	5
	0
	5
	9
	5
	9
	5
	6
	9
	0
	4
	6
	0
	4
	1
	6
	5
	9
	5
	0
	6
	9
	5
	1
	1
	9
	6
	4
	1
	0
	6
	4
	0
	4
	6
	9
	5
	11
	6
	2
	1
	5
	4
	1
	6
	9
	0
	5
	5
	9
	6
	10
	1
	9
	6
	0
	9
	5
	4
	1
	6
	9
	10
	0
	6
	4
	10
	0
	9
	5
	0
	6
	4
	0
	9
	5
	1
	4
	9
	4
	6
