Version identifier: 22.1.1.0 | 2022-11-28 | 9160aff4d
CPXPARAM_Threads                                 1
CPXPARAM_MIP_Strategy_VariableSelect             3
CPXPARAM_TimeLimit                               599.99908951999998
Found incumbent of value 0.000000 after 0.00 sec. (0.25 ticks)

Root node processing (before b&c):
  Real time             =    0.00 sec. (0.28 ticks)
Sequential b&c:
  Real time             =    0.00 sec. (0.00 ticks)
                          ------------
Total (root+branch&cut) =    0.00 sec. (0.28 ticks)
Version identifier: 22.1.1.0 | 2022-11-28 | 9160aff4d
CPXPARAM_Threads                                 1
CPXPARAM_MIP_Strategy_VariableSelect             3
CPXPARAM_TimeLimit                               599.99241690500003
Found incumbent of value 0.000000 after 0.00 sec. (0.37 ticks)

Root node processing (before b&c):
  Real time             =    0.00 sec. (0.42 ticks)
Sequential b&c:
  Real time             =    0.00 sec. (0.00 ticks)
                          ------------
Total (root+branch&cut) =    0.00 sec. (0.42 ticks)
Version identifier: 22.1.1.0 | 2022-11-28 | 9160aff4d
CPXPARAM_Threads                                 1
CPXPARAM_MIP_Strategy_VariableSelect             3
CPXPARAM_TimeLimit                               599.98415173599994
Found incumbent of value 0.000000 after 0.00 sec. (0.42 ticks)

Root node processing (before b&c):
  Real time             =    0.00 sec. (0.48 ticks)
Sequential b&c:
  Real time             =    0.00 sec. (0.00 ticks)
                          ------------
Total (root+branch&cut) =    0.00 sec. (0.48 ticks)
Version identifier: 22.1.1.0 | 2022-11-28 | 9160aff4d
CPXPARAM_Threads                                 1
CPXPARAM_MIP_Strategy_VariableSelect             3
CPXPARAM_TimeLimit                               599.97460223500002
Found incumbent of value 0.000000 after 0.00 sec. (0.45 ticks)

Root node processing (before b&c):
  Real time             =    0.00 sec. (0.51 ticks)
Sequential b&c:
  Real time             =    0.00 sec. (0.00 ticks)
                          ------------
Total (root+branch&cut) =    0.00 sec. (0.51 ticks)
Version identifier: 22.1.1.0 | 2022-11-28 | 9160aff4d
CPXPARAM_Threads                                 1
CPXPARAM_MIP_Strategy_VariableSelect             3
CPXPARAM_TimeLimit                               599.96431570899995
Found incumbent of value 0.000000 after 0.00 sec. (0.47 ticks)

Root node processing (before b&c):
  Real time             =    0.00 sec. (0.53 ticks)
Sequential b&c:
  Real time             =    0.00 sec. (0.00 ticks)
                          ------------
Total (root+branch&cut) =    0.00 sec. (0.53 ticks)
Version identifier: 22.1.1.0 | 2022-11-28 | 9160aff4d
CPXPARAM_Threads                                 1
CPXPARAM_MIP_Strategy_VariableSelect             3
CPXPARAM_TimeLimit                               599.95392647400001
Found incumbent of value 0.000000 after 0.00 sec. (0.47 ticks)

Root node processing (before b&c):
  Real time             =    0.00 sec. (0.54 ticks)
Sequential b&c:
  Real time             =    0.00 sec. (0.00 ticks)
                          ------------
Total (root+branch&cut) =    0.00 sec. (0.54 ticks)
Version identifier: 22.1.1.0 | 2022-11-28 | 9160aff4d
CPXPARAM_Threads                                 1
CPXPARAM_MIP_Strategy_VariableSelect             3
CPXPARAM_TimeLimit                               599.94314950800003
Tried aggregator 1 time.
MIP Presolve eliminated 331 rows and 1260 columns.
Reduced MIP has 1571 rows, 2520 columns, and 20616 nonzeros.
Reduced MIP has 2520 binaries, 0 generals, 0 SOSs, and 0 indicators.
Presolve time = 0.01 sec. (11.58 ticks)
Probing time = 0.00 sec. (5.11 ticks)
Tried aggregator 1 time.
Detecting symmetries...
Reduced MIP has 1571 rows, 2520 columns, and 20616 nonzeros.
Reduced MIP has 2520 binaries, 0 generals, 0 SOSs, and 0 indicators.
Presolve time = 0.01 sec. (13.05 ticks)
Probing time = 0.00 sec. (5.11 ticks)
Clique table members: 939.
MIP emphasis: balance optimality and feasibility.
MIP search method: dynamic search.
Parallel mode: none, using 1 thread.
Root relaxation solution time = 0.01 sec. (12.51 ticks)

        Nodes                                         Cuts/
   Node  Left     Objective  IInf  Best Integer    Best Bound    ItCnt     Gap

*     0     0      integral     0        0.0000        0.0000      298    0.00%
Elapsed time = 0.06 sec. (96.07 ticks, tree = 0.00 MB, solutions = 1)

Root node processing (before b&c):
  Real time             =    0.06 sec. (96.19 ticks)
Sequential b&c:
  Real time             =    0.00 sec. (0.00 ticks)
                          ------------
Total (root+branch&cut) =    0.06 sec. (96.19 ticks)
Version identifier: 22.1.1.0 | 2022-11-28 | 9160aff4d
CPXPARAM_Threads                                 1
CPXPARAM_MIP_Strategy_VariableSelect             3
CPXPARAM_TimeLimit                               599.86937731399996
Tried aggregator 1 time.
MIP Presolve eliminated 332 rows and 1264 columns.
Reduced MIP has 1576 rows, 2528 columns, and 20682 nonzeros.
Reduced MIP has 2528 binaries, 0 generals, 0 SOSs, and 0 indicators.
Presolve time = 0.01 sec. (11.61 ticks)
Probing time = 0.00 sec. (5.13 ticks)
Tried aggregator 1 time.
Detecting symmetries...
Reduced MIP has 1576 rows, 2528 columns, and 20682 nonzeros.
Reduced MIP has 2528 binaries, 0 generals, 0 SOSs, and 0 indicators.
Presolve time = 0.01 sec. (13.09 ticks)
Probing time = 0.00 sec. (5.13 ticks)
Clique table members: 942.
MIP emphasis: balance optimality and feasibility.
MIP search method: dynamic search.
Parallel mode: none, using 1 thread.
Root relaxation solution time = 0.01 sec. (13.41 ticks)

        Nodes                                         Cuts/
   Node  Left     Objective  IInf  Best Integer    Best Bound    ItCnt     Gap

*     0     0      integral     0        0.0000        0.0000      335    0.00%
Elapsed time = 0.06 sec. (97.96 ticks, tree = 0.00 MB, solutions = 1)

Root node processing (before b&c):
  Real time             =    0.06 sec. (98.08 ticks)
Sequential b&c:
  Real time             =    0.00 sec. (0.00 ticks)
                          ------------
Total (root+branch&cut) =    0.06 sec. (98.08 ticks)
Version identifier: 22.1.1.0 | 2022-11-28 | 9160aff4d
CPXPARAM_Threads                                 1
CPXPARAM_MIP_Strategy_VariableSelect             3
CPXPARAM_TimeLimit                               599.79556767500003
Tried aggregator 1 time.
MIP Presolve eliminated 333 rows and 1268 columns.
Reduced MIP has 1581 rows, 2536 columns, and 20748 nonzeros.
Reduced MIP has 2536 binaries, 0 generals, 0 SOSs, and 0 indicators.
Presolve time = 0.01 sec. (11.66 ticks)
Probing time = 0.00 sec. (5.14 ticks)
Tried aggregator 1 time.
Detecting symmetries...
Reduced MIP has 1581 rows, 2536 columns, and 20748 nonzeros.
Reduced MIP has 2536 binaries, 0 generals, 0 SOSs, and 0 indicators.
Presolve time = 0.01 sec. (13.13 ticks)
Probing time = 0.00 sec. (5.14 ticks)
Clique table members: 945.
MIP emphasis: balance optimality and feasibility.
MIP search method: dynamic search.
Parallel mode: none, using 1 thread.
Root relaxation solution time = 0.01 sec. (13.24 ticks)

        Nodes                                         Cuts/
   Node  Left     Objective  IInf  Best Integer    Best Bound    ItCnt     Gap

*     0     0      integral     0        0.0000        0.0000      336    0.00%
Elapsed time = 0.07 sec. (96.80 ticks, tree = 0.00 MB, solutions = 1)

Root node processing (before b&c):
  Real time             =    0.07 sec. (96.91 ticks)
Sequential b&c:
  Real time             =    0.00 sec. (0.00 ticks)
                          ------------
Total (root+branch&cut) =    0.07 sec. (96.91 ticks)
Primal:	317
Dual:	317
Status:	Optimal
Time:	0.285095
Sequence:
	9
	9
	9
	4
	4
	9
	9
	9
	4
	9
	4
	9
	9
	4
	9
	9
	9
	9
	9
	4
	9
	9
	9
	9
	9
	9
	9
	9
	9
	9
	9
	4
	4
	9
	9
	9
	9
	4
	9
	9
	9
	9
	9
	9
	9
	9
	9
	9
	4
	4
	9
	9
	9
	9
	4
	9
	9
	9
	4
	4
	9
	4
	2
	9
	4
	9
	9
	4
	9
	4
	4
	9
	4
	4
	9
	4
	4
	9
	9
	9
	9
	4
	9
	9
	4
	9
	4
	9
	9
	4
	4
	9
	9
	9
	9
	9
	4
	4
	9
	9
	9
	4
	11
	9
	2
	4
	4
	1
	2
	4
	9
	2
	1
	4
	4
	0
	4
	4
	9
	9
	4
	1
	4
	9
	0
	1
	4
	1
	4
	2
	11
	4
	2
	4
	4
	2
	4
	4
	2
	9
	9
	4
	1
	4
	1
	0
	9
	1
	1
	9
	2
	4
	4
	0
	4
	4
	2
	4
	4
	1
	0
	4
	4
	2
	11
	4
	4
	9
	4
	1
	9
	0
	1
	4
	11
	4
	2
	4
	4
	0
	4
	4
	9
	1
	0
	4
	1
	0
	3
	9
	4
	4
	0
	4
	1
	0
	4
	1
	4
	0
	4
	9
	2
	9
	9
	0
	4
	4
	2
	9
	9
	2
	4
	1
	4
	9
	4
	1
	4
	9
	1
	4
	2
	1
	4
	4
	3
	4
	2
	4
	1
	4
	9
	4
	9
	4
	4
	0
	4
	9
	4
	4
	1
	1
	4
	4
	9
	4
	0
	9
	4
	4
	9
	4
	4
	3
	2
	4
	9
	0
	4
	4
	9
	2
	9
	9
	0
	9
	4
	0
	4
	1
	4
	2
	4
	1
	0
	1
	4
	4
	0
	4
	7
	9
	2
	4
	9
	4
	4
	1
	2
	9
	4
	4
	1
	4
	2
	4
	4
	2
	9
	4
	4
	9
	2
	4
	9
	4
	0
	4
	9
	2
	4
	1
	3
	2
	9
