Version identifier: 22.1.0.0 | 2022-03-09 | 1a383f8ce
CPXPARAM_Threads                                 1
CPXPARAM_MIP_Strategy_VariableSelect             3
CPXPARAM_TimeLimit                               599.99561348099996
Found incumbent of value 0.000000 after 0.00 sec. (0.29 ticks)

Root node processing (before b&c):
  Real time             =    0.00 sec. (0.33 ticks)
Sequential b&c:
  Real time             =    0.00 sec. (0.00 ticks)
                          ------------
Total (root+branch&cut) =    0.00 sec. (0.33 ticks)
Version identifier: 22.1.0.0 | 2022-03-09 | 1a383f8ce
CPXPARAM_Threads                                 1
CPXPARAM_MIP_Strategy_VariableSelect             3
CPXPARAM_TimeLimit                               599.96574742500002
Found incumbent of value 0.000000 after 0.00 sec. (0.43 ticks)

Root node processing (before b&c):
  Real time             =    0.00 sec. (0.49 ticks)
Sequential b&c:
  Real time             =    0.00 sec. (0.00 ticks)
                          ------------
Total (root+branch&cut) =    0.00 sec. (0.49 ticks)
Version identifier: 22.1.0.0 | 2022-03-09 | 1a383f8ce
CPXPARAM_Threads                                 1
CPXPARAM_MIP_Strategy_VariableSelect             3
CPXPARAM_TimeLimit                               599.93228059700004
Found incumbent of value 0.000000 after 0.00 sec. (0.50 ticks)

Root node processing (before b&c):
  Real time             =    0.00 sec. (0.57 ticks)
Sequential b&c:
  Real time             =    0.00 sec. (0.00 ticks)
                          ------------
Total (root+branch&cut) =    0.00 sec. (0.57 ticks)
Version identifier: 22.1.0.0 | 2022-03-09 | 1a383f8ce
CPXPARAM_Threads                                 1
CPXPARAM_MIP_Strategy_VariableSelect             3
CPXPARAM_TimeLimit                               599.90466769299996
Tried aggregator 1 time.
MIP Presolve eliminated 345 rows and 993 columns.
Reduced MIP has 1984 rows, 2979 columns, and 23379 nonzeros.
Reduced MIP has 2979 binaries, 0 generals, 0 SOSs, and 0 indicators.
Presolve time = 0.02 sec. (12.89 ticks)
Found incumbent of value 0.000000 after 0.06 sec. (36.42 ticks)

Root node processing (before b&c):
  Real time             =    0.06 sec. (36.56 ticks)
Sequential b&c:
  Real time             =    0.00 sec. (0.00 ticks)
                          ------------
Total (root+branch&cut) =    0.06 sec. (36.56 ticks)
Version identifier: 22.1.0.0 | 2022-03-09 | 1a383f8ce
CPXPARAM_Threads                                 1
CPXPARAM_MIP_Strategy_VariableSelect             3
CPXPARAM_TimeLimit                               599.82270176999998
Tried aggregator 1 time.
MIP Presolve eliminated 356 rows and 1026 columns.
Reduced MIP has 2050 rows, 3078 columns, and 24160 nonzeros.
Reduced MIP has 3078 binaries, 0 generals, 0 SOSs, and 0 indicators.
Presolve time = 0.02 sec. (13.34 ticks)
Found incumbent of value 0.000000 after 0.06 sec. (36.88 ticks)

Root node processing (before b&c):
  Real time             =    0.06 sec. (37.04 ticks)
Sequential b&c:
  Real time             =    0.00 sec. (0.00 ticks)
                          ------------
Total (root+branch&cut) =    0.06 sec. (37.04 ticks)
Version identifier: 22.1.0.0 | 2022-03-09 | 1a383f8ce
CPXPARAM_Threads                                 1
CPXPARAM_MIP_Strategy_VariableSelect             3
CPXPARAM_TimeLimit                               599.73831325100002
Tried aggregator 1 time.
MIP Presolve eliminated 361 rows and 1041 columns.
Reduced MIP has 2080 rows, 3123 columns, and 24515 nonzeros.
Reduced MIP has 3123 binaries, 0 generals, 0 SOSs, and 0 indicators.
Presolve time = 0.02 sec. (13.52 ticks)
Found incumbent of value 0.000000 after 0.06 sec. (38.22 ticks)

Root node processing (before b&c):
  Real time             =    0.06 sec. (38.38 ticks)
Sequential b&c:
  Real time             =    0.00 sec. (0.00 ticks)
                          ------------
Total (root+branch&cut) =    0.06 sec. (38.38 ticks)
Version identifier: 22.1.0.0 | 2022-03-09 | 1a383f8ce
CPXPARAM_Threads                                 1
CPXPARAM_MIP_Strategy_VariableSelect             3
CPXPARAM_TimeLimit                               599.65230317999999
Tried aggregator 1 time.
MIP Presolve eliminated 364 rows and 1050 columns.
Reduced MIP has 2098 rows, 3150 columns, and 24728 nonzeros.
Reduced MIP has 3150 binaries, 0 generals, 0 SOSs, and 0 indicators.
Presolve time = 0.02 sec. (13.64 ticks)
Found incumbent of value 0.000000 after 0.06 sec. (38.90 ticks)

Root node processing (before b&c):
  Real time             =    0.06 sec. (39.06 ticks)
Sequential b&c:
  Real time             =    0.00 sec. (0.00 ticks)
                          ------------
Total (root+branch&cut) =    0.06 sec. (39.06 ticks)
Version identifier: 22.1.0.0 | 2022-03-09 | 1a383f8ce
CPXPARAM_Threads                                 1
CPXPARAM_MIP_Strategy_VariableSelect             3
CPXPARAM_TimeLimit                               599.56570484099996
Tried aggregator 1 time.
MIP Presolve eliminated 365 rows and 1053 columns.
Reduced MIP has 2104 rows, 3159 columns, and 24799 nonzeros.
Reduced MIP has 3159 binaries, 0 generals, 0 SOSs, and 0 indicators.
Presolve time = 0.02 sec. (13.67 ticks)
Found incumbent of value 0.000000 after 0.06 sec. (38.51 ticks)

Root node processing (before b&c):
  Real time             =    0.06 sec. (38.67 ticks)
Sequential b&c:
  Real time             =    0.00 sec. (0.00 ticks)
                          ------------
Total (root+branch&cut) =    0.06 sec. (38.67 ticks)
Version identifier: 22.1.0.0 | 2022-03-09 | 1a383f8ce
CPXPARAM_Threads                                 1
CPXPARAM_MIP_Strategy_VariableSelect             3
CPXPARAM_TimeLimit                               599.47933939999996
Tried aggregator 1 time.
MIP Presolve eliminated 366 rows and 1056 columns.
Reduced MIP has 2110 rows, 3168 columns, and 24870 nonzeros.
Reduced MIP has 3168 binaries, 0 generals, 0 SOSs, and 0 indicators.
Presolve time = 0.02 sec. (13.71 ticks)
Found incumbent of value 0.000000 after 0.06 sec. (38.13 ticks)

Root node processing (before b&c):
  Real time             =    0.06 sec. (38.29 ticks)
Sequential b&c:
  Real time             =    0.00 sec. (0.00 ticks)
                          ------------
Total (root+branch&cut) =    0.06 sec. (38.29 ticks)
Primal:	352
Dual:	352
Status:	Optimal
Time:	0.604046
Sequence:
	2
	10
	9
	10
	9
	9
	2
	5
	9
	5
	9
	4
	2
	5
	9
	9
	5
	2
	9
	9
	4
	9
	10
	2
	9
	9
	9
	4
	2
	5
	9
	2
	10
	9
	9
	1
	9
	2
	4
	5
	2
	9
	9
	10
	9
	9
	9
	4
	1
	9
	8
	9
	9
	9
	4
	9
	2
	9
	10
	0
	9
	9
	9
	2
	9
	9
	1
	2
	9
	10
	2
	9
	9
	9
	0
	9
	9
	10
	4
	2
	9
	10
	9
	9
	8
	9
	5
	9
	6
	9
	10
	9
	9
	9
	9
	6
	0
	9
	9
	9
	9
	9
	9
	9
	9
	9
	0
	1
	9
	10
	0
	10
	9
	9
	9
	2
	9
	9
	6
	9
	2
	9
	5
	2
	9
	9
	9
	9
	2
	4
	10
	0
	10
	4
	9
	1
	9
	9
	10
	9
	2
	5
	9
	10
	9
	4
	5
	0
	1
	9
	8
	9
	9
	5
	2
	9
	5
	2
	9
	9
	10
	9
	9
	9
	9
	9
	9
	9
	9
	9
	9
	4
	9
	2
	9
	9
	9
	9
	10
	2
	9
	9
	2
	9
	10
	9
	5
	9
	2
	10
	4
	9
	9
	1
	9
	4
	5
	9
	10
	9
	10
	9
	10
	2
	9
	9
	9
	2
	4
	9
	4
	9
	9
	2
	9
	9
	9
	2
	9
	9
	9
	9
	0
	9
	4
	9
	10
	9
	2
	9
	9
	9
	9
	9
	0
	9
	9
	10
	2
	9
	4
	5
	9
	9
	9
	9
	0
	9
	9
	9
	4
	9
	10
	2
	9
	9
	4
	9
	4
	4
	9
	9
	9
	1
	9
	0
	9
	9
	4
	5
	9
	9
	2
	9
	9
	9
	6
	2
	4
	9
	9
	9
	10
	0
	4
	1
	9
	1
	9
	9
	10
	9
	1
	2
	9
	4
	9
	9
	9
	1
	4
	9
	1
	2
	4
	9
	5
	9
	4
	9
	4
	9
	2
	1
	9
	1
	9
	2
	9
	9
	4
	9
	4
	4
	9
	4
	9
	9
	1
	9
	10
	9
	6
	9
	4
	9
	5
	9
	5
	0
	1
	9
	9
	9
	4
	9
	5
	4
	9
	9
	4
	2
