Version identifier: 22.1.1.0 | 2022-11-28 | 9160aff4d
CPXPARAM_Threads                                 1
CPXPARAM_MIP_Strategy_VariableSelect             3
CPXPARAM_TimeLimit                               599.99898684699997
Found incumbent of value 0.000000 after 0.00 sec. (0.21 ticks)

Root node processing (before b&c):
  Real time             =    0.00 sec. (0.25 ticks)
Sequential b&c:
  Real time             =    0.00 sec. (0.00 ticks)
                          ------------
Total (root+branch&cut) =    0.00 sec. (0.25 ticks)
Version identifier: 22.1.1.0 | 2022-11-28 | 9160aff4d
CPXPARAM_Threads                                 1
CPXPARAM_MIP_Strategy_VariableSelect             3
CPXPARAM_TimeLimit                               599.99104096099995
Found incumbent of value 0.000000 after 0.00 sec. (0.40 ticks)

Root node processing (before b&c):
  Real time             =    0.00 sec. (0.46 ticks)
Sequential b&c:
  Real time             =    0.00 sec. (0.00 ticks)
                          ------------
Total (root+branch&cut) =    0.00 sec. (0.46 ticks)
Version identifier: 22.1.1.0 | 2022-11-28 | 9160aff4d
CPXPARAM_Threads                                 1
CPXPARAM_MIP_Strategy_VariableSelect             3
CPXPARAM_TimeLimit                               599.98163601500005
Found incumbent of value 0.000000 after 0.00 sec. (0.47 ticks)

Root node processing (before b&c):
  Real time             =    0.00 sec. (0.53 ticks)
Sequential b&c:
  Real time             =    0.00 sec. (0.00 ticks)
                          ------------
Total (root+branch&cut) =    0.00 sec. (0.53 ticks)
Version identifier: 22.1.1.0 | 2022-11-28 | 9160aff4d
CPXPARAM_Threads                                 1
CPXPARAM_MIP_Strategy_VariableSelect             3
CPXPARAM_TimeLimit                               599.97091122200004
Found incumbent of value 0.000000 after 0.00 sec. (0.50 ticks)

Root node processing (before b&c):
  Real time             =    0.00 sec. (0.57 ticks)
Sequential b&c:
  Real time             =    0.00 sec. (0.00 ticks)
                          ------------
Total (root+branch&cut) =    0.00 sec. (0.57 ticks)
Version identifier: 22.1.1.0 | 2022-11-28 | 9160aff4d
CPXPARAM_Threads                                 1
CPXPARAM_MIP_Strategy_VariableSelect             3
CPXPARAM_TimeLimit                               599.95937246300002
Found incumbent of value 0.000000 after 0.00 sec. (0.52 ticks)

Root node processing (before b&c):
  Real time             =    0.00 sec. (0.59 ticks)
Sequential b&c:
  Real time             =    0.00 sec. (0.00 ticks)
                          ------------
Total (root+branch&cut) =    0.00 sec. (0.59 ticks)
Version identifier: 22.1.1.0 | 2022-11-28 | 9160aff4d
CPXPARAM_Threads                                 1
CPXPARAM_MIP_Strategy_VariableSelect             3
CPXPARAM_TimeLimit                               599.94747369499999
Found incumbent of value 0.000000 after 0.00 sec. (0.52 ticks)

Root node processing (before b&c):
  Real time             =    0.00 sec. (0.60 ticks)
Sequential b&c:
  Real time             =    0.00 sec. (0.00 ticks)
                          ------------
Total (root+branch&cut) =    0.00 sec. (0.60 ticks)
Version identifier: 22.1.1.0 | 2022-11-28 | 9160aff4d
CPXPARAM_Threads                                 1
CPXPARAM_MIP_Strategy_VariableSelect             3
CPXPARAM_TimeLimit                               599.93552850599997
Found incumbent of value 0.000000 after 0.00 sec. (0.53 ticks)

Root node processing (before b&c):
  Real time             =    0.00 sec. (0.60 ticks)
Sequential b&c:
  Real time             =    0.00 sec. (0.00 ticks)
                          ------------
Total (root+branch&cut) =    0.00 sec. (0.60 ticks)
Version identifier: 22.1.1.0 | 2022-11-28 | 9160aff4d
CPXPARAM_Threads                                 1
CPXPARAM_MIP_Strategy_VariableSelect             3
CPXPARAM_TimeLimit                               599.922966406
Found incumbent of value 0.000000 after 0.00 sec. (0.57 ticks)

Root node processing (before b&c):
  Real time             =    0.00 sec. (0.64 ticks)
Sequential b&c:
  Real time             =    0.00 sec. (0.00 ticks)
                          ------------
Total (root+branch&cut) =    0.00 sec. (0.64 ticks)
Version identifier: 22.1.1.0 | 2022-11-28 | 9160aff4d
CPXPARAM_Threads                                 1
CPXPARAM_MIP_Strategy_VariableSelect             3
CPXPARAM_TimeLimit                               599.90772488200002
Tried aggregator 1 time.
MIP Presolve eliminated 18 rows and 1056 columns.
Reduced MIP has 2106 rows, 3168 columns, and 25522 nonzeros.
Reduced MIP has 3168 binaries, 0 generals, 0 SOSs, and 0 indicators.
Presolve time = 0.01 sec. (13.78 ticks)
Found incumbent of value 0.000000 after 0.03 sec. (42.31 ticks)

Root node processing (before b&c):
  Real time             =    0.03 sec. (42.47 ticks)
Sequential b&c:
  Real time             =    0.00 sec. (0.00 ticks)
                          ------------
Total (root+branch&cut) =    0.03 sec. (42.47 ticks)
Primal:	352
Dual:	352
Status:	Optimal
Time:	0.136598
Sequence:
	4
	9
	4
	2
	9
	4
	2
	4
	9
	4
	4
	9
	2
	4
	9
	5
	4
	2
	4
	4
	9
	4
	4
	2
	9
	4
	5
	9
	2
	4
	4
	2
	9
	9
	9
	1
	9
	2
	9
	4
	2
	9
	4
	4
	9
	9
	9
	0
	1
	4
	6
	9
	2
	4
	9
	9
	2
	4
	1
	0
	4
	9
	4
	2
	9
	4
	1
	2
	4
	4
	2
	4
	9
	4
	0
	4
	9
	4
	4
	2
	9
	9
	0
	9
	6
	9
	4
	9
	5
	4
	9
	9
	9
	9
	9
	5
	0
	4
	4
	9
	9
	0
	4
	9
	9
	9
	0
	1
	9
	4
	5
	9
	4
	4
	9
	2
	4
	9
	5
	9
	2
	4
	4
	2
	9
	4
	4
	9
	2
	1
	9
	0
	4
	9
	4
	1
	4
	9
	4
	9
	2
	4
	4
	9
	9
	3
	4
	0
	1
	4
	6
	2
	4
	4
	2
	9
	4
	2
	4
	9
	0
	4
	9
	9
	4
	9
	4
	9
	9
	0
	4
	4
	9
	0
	4
	9
	0
	9
	11
	4
	4
	9
	2
	4
	4
	9
	4
	0
	9
	9
	9
	4
	9
	1
	9
	4
	0
	6
	11
	4
	2
	9
	9
	2
	9
	4
	0
	4
	4
	9
	0
	9
	4
	2
	9
	9
	4
	2
	9
	9
	9
	9
	0
	4
	9
	4
	4
	9
	0
	4
	9
	9
	4
	9
	0
	4
	9
	4
	2
	4
	9
	4
	0
	5
	9
	4
	0
	4
	9
	9
	3
	9
	4
	2
	9
	4
	9
	4
	9
	9
	4
	0
	9
	1
	4
	0
	4
	4
	2
	4
	9
	4
	2
	9
	9
	1
	5
	2
	4
	9
	9
	9
	9
	0
	4
	1
	9
	1
	4
	0
	4
	4
	1
	2
	9
	3
	9
	4
	4
	1
	9
	9
	1
	2
	9
	4
	4
	9
	4
	4
	9
	4
	2
	1
	9
	1
	9
	2
	4
	9
	9
	0
	4
	4
	9
	9
	4
	9
	1
	4
	4
	9
	5
	9
	0
	4
	4
	9
	4
	0
	1
	9
	4
	4
	3
	4
	4
	9
	9
	0
	4
	9
