Version identifier: 22.1.0.0 | 2022-03-09 | 1a383f8ce
CPXPARAM_Threads                                 1
CPXPARAM_MIP_Strategy_VariableSelect             3
CPXPARAM_TimeLimit                               599.99994819699998
1 of 1 MIP starts provided solutions.
MIP start 'm1' defined initial solution with objective 260.0000.
Tried aggregator 1 time.
MIP Presolve eliminated 367 rows and 1059 columns.
MIP Presolve modified 4 coefficients.
Reduced MIP has 2469 rows, 3177 columns, and 34454 nonzeros.
Reduced MIP has 3177 binaries, 0 generals, 0 SOSs, and 0 indicators.
Presolve time = 0.03 sec. (20.53 ticks)
Probing time = 0.00 sec. (3.16 ticks)
Tried aggregator 1 time.
Detecting symmetries...
Reduced MIP has 2469 rows, 3177 columns, and 34454 nonzeros.
Reduced MIP has 3177 binaries, 0 generals, 0 SOSs, and 0 indicators.
Presolve time = 0.02 sec. (19.72 ticks)
Probing time = 0.00 sec. (3.16 ticks)
Clique table members: 1408.
MIP emphasis: balance optimality and feasibility.
MIP search method: dynamic search.
Parallel mode: none, using 1 thread.
Root relaxation solution time = 0.04 sec. (35.11 ticks)

        Nodes                                         Cuts/
   Node  Left     Objective  IInf  Best Integer    Best Bound    ItCnt     Gap

*     0+    0                          260.0000     3177.0000              --- 
      0     0      353.0000    67      260.0000      353.0000      835   35.77%
*     0+    0                          353.0000      353.0000             0.00%
      0     0        cutoff            353.0000      353.0000      835    0.00%
Elapsed time = 0.30 sec. (277.32 ticks, tree = 0.01 MB, solutions = 2)

Root node processing (before b&c):
  Real time             =    0.30 sec. (277.49 ticks)
Sequential b&c:
  Real time             =    0.00 sec. (0.00 ticks)
                          ------------
Total (root+branch&cut) =    0.30 sec. (277.49 ticks)
Primal:	353
Dual:	353
Status:	Optimal
Time:	0.31
Sequence:
	0
	4
	10
	0
	10
	4
	10
	4
	10
	0
	10
	4
	10
	4
	10
	9
	6
	0
	10
	4
	10
	0
	9
	5
	0
	9
	1
	0
	6
	9
	0
	10
	9
	10
	4
	10
	9
	9
	4
	4
	10
	4
	10
	4
	10
	4
	9
	4
	4
	9
	4
	4
	9
	4
	4
	9
	9
	4
	9
	4
	1
	0
	1
	9
	1
	4
	1
	9
	9
	9
	1
	9
	9
	9
	9
	9
	9
	9
	9
	9
	9
	9
	0
	1
	9
	9
	9
	1
	9
	1
	9
	9
	1
	9
	1
	9
	1
	9
	1
	4
	1
	4
	4
	0
	4
	4
	9
	9
	9
	4
	4
	9
	4
	9
	6
	9
	9
	9
	6
	9
	9
	9
	1
	9
	9
	9
	9
	9
	1
	0
	5
	9
	5
	0
	5
	9
	4
	1
	4
	4
	0
	5
	9
	9
	6
	0
	1
	4
	1
	4
	0
	10
	4
	5
	0
	9
	10
	0
	1
	9
	2
	4
	10
	9
	0
	5
	9
	4
	9
	4
	4
	9
	9
	4
	4
	9
	0
	9
	5
	0
	4
	9
	4
	4
	9
	9
	0
	4
	9
	0
	9
	9
	4
	0
	9
	9
	9
	1
	9
	4
	0
	9
	1
	0
	1
	9
	10
	0
	9
	1
	8
	5
	9
	0
	5
	4
	0
	9
	4
	0
	4
	4
	10
	0
	9
	1
	0
	6
	9
	5
	0
	4
	6
	0
	1
	9
	5
	0
	4
	5
	0
	9
	6
	0
	10
	9
	6
	0
	9
	9
	1
	4
	10
	4
	0
	4
	6
	0
	4
	4
	9
	0
	4
	6
	0
	4
	1
	0
	9
	10
	0
	1
	9
	10
	0
	9
	10
	9
	0
	4
	1
	0
	10
	9
	10
	4
	4
	1
	4
	4
	10
	4
	6
	0
	4
	4
	0
	4
	4
	10
	4
	5
	0
	10
	9
	0
	5
	4
	0
	1
	4
	0
	5
	4
	0
	4
	5
	0
	9
	10
	9
	4
	9
	9
	6
	0
	1
	4
	0
	1
	9
	10
	9
	1
	0
	9
	9
	10
	4
	1
	0
	9
	4
	10
	4
	10
	0
	10
	9
	6
	4
	0
	10
