Version identifier: 22.1.0.0 | 2022-03-09 | 1a383f8ce
CPXPARAM_Threads                                 1
CPXPARAM_MIP_Strategy_VariableSelect             3
CPXPARAM_TimeLimit                               599.99994557000002
1 of 1 MIP starts provided solutions.
MIP start 'm1' defined initial solution with objective 128.0000.
Tried aggregator 1 time.
MIP Presolve eliminated 203 rows and 1122 columns.
MIP Presolve modified 4 coefficients.
Reduced MIP has 1305 rows, 1122 columns, and 12063 nonzeros.
Reduced MIP has 1122 binaries, 0 generals, 0 SOSs, and 0 indicators.
Presolve time = 0.02 sec. (8.32 ticks)
Probing time = 0.00 sec. (2.25 ticks)
Tried aggregator 1 time.
Detecting symmetries...
MIP Presolve eliminated 1 rows and 0 columns.
Reduced MIP has 1304 rows, 1122 columns, and 12059 nonzeros.
Reduced MIP has 1122 binaries, 0 generals, 0 SOSs, and 0 indicators.
Presolve time = 0.01 sec. (7.36 ticks)
Probing time = 0.00 sec. (2.25 ticks)
Clique table members: 742.
MIP emphasis: balance optimality and feasibility.
MIP search method: dynamic search.
Parallel mode: none, using 1 thread.
Root relaxation solution time = 0.04 sec. (24.52 ticks)

        Nodes                                         Cuts/
   Node  Left     Objective  IInf  Best Integer    Best Bound    ItCnt     Gap

*     0+    0                          128.0000     1122.0000           776.56%
      0     0      187.0000   229      128.0000      187.0000      815   46.09%
*     0+    0                          187.0000      187.0000             0.00%
      0     0        cutoff            187.0000      187.0000      815    0.00%
Elapsed time = 0.19 sec. (121.05 ticks, tree = 0.01 MB, solutions = 2)

Root node processing (before b&c):
  Real time             =    0.19 sec. (121.13 ticks)
Sequential b&c:
  Real time             =    0.00 sec. (0.00 ticks)
                          ------------
Total (root+branch&cut) =    0.19 sec. (121.13 ticks)
Primal:	187
Dual:	187
Status:	Optimal
Time:	0.21
Sequence:
	6
	0
	1
	9
	6
	9
	10
	4
	9
	10
	9
	9
	6
	0
	4
	1
	0
	6
	4
	1
	9
	6
	9
	1
	9
	6
	4
	1
	9
	6
	0
	1
	9
	6
	9
	1
	9
	6
	4
	1
	0
	6
	4
	1
	4
	6
	9
	9
	9
	6
	0
	4
	9
	6
	9
	4
	9
	6
	9
	9
	4
	6
	0
	9
	1
	9
	6
	4
	0
	9
	6
	4
	0
	9
	6
	9
	0
	4
	6
	0
	4
	9
	6
	9
	1
	9
	6
	4
	1
	0
	6
	4
	1
	4
	6
	9
	0
	4
	6
	9
	1
	9
	6
	4
	1
	9
	6
	9
	1
	4
	6
	9
	4
	1
	9
	6
	9
	1
	9
	6
	0
	1
	4
	1
	9
	6
	4
	9
	4
	1
	9
	6
	4
	10
	4
	1
	0
	6
	4
	1
	4
	4
	1
	0
	1
	4
	4
	1
	9
	1
	9
	6
	0
	1
	9
	6
	9
	1
	4
	1
	4
	6
	0
	1
	9
	6
	4
	1
	4
	6
	9
	1
	9
	6
	9
	9
	1
	4
	1
	9
	6
	9
	1
	0
	1
	4
	6
