Version identifier: 22.1.0.0 | 2022-03-09 | 1a383f8ce
CPXPARAM_Threads                                 1
CPXPARAM_MIP_Strategy_VariableSelect             3
CPXPARAM_TimeLimit                               599.99996649699995
1 of 1 MIP starts provided solutions.
MIP start 'm1' defined initial solution with objective 139.0000.
Tried aggregator 1 time.
MIP Presolve eliminated 17 rows and 422 columns.
MIP Presolve modified 5 coefficients.
Reduced MIP has 1683 rows, 2110 columns, and 25948 nonzeros.
Reduced MIP has 2110 binaries, 0 generals, 0 SOSs, and 0 indicators.
Presolve time = 0.02 sec. (17.04 ticks)
Probing time = 0.00 sec. (4.60 ticks)
Tried aggregator 1 time.
Detecting symmetries...
Reduced MIP has 1683 rows, 2110 columns, and 25948 nonzeros.
Reduced MIP has 2110 binaries, 0 generals, 0 SOSs, and 0 indicators.
Presolve time = 0.02 sec. (17.04 ticks)
Probing time = 0.00 sec. (4.60 ticks)
Clique table members: 1045.
MIP emphasis: balance optimality and feasibility.
MIP search method: dynamic search.
Parallel mode: none, using 1 thread.
Root relaxation solution time = 0.04 sec. (37.45 ticks)

        Nodes                                         Cuts/
   Node  Left     Objective  IInf  Best Integer    Best Bound    ItCnt     Gap

*     0+    0                          139.0000     2110.0000              --- 
      0     0      211.0000   126      139.0000      211.0000      866   51.80%
*     0+    0                          211.0000      211.0000             0.00%
      0     0        cutoff            211.0000      211.0000      866    0.00%
Elapsed time = 0.25 sec. (208.46 ticks, tree = 0.01 MB, solutions = 2)

Root node processing (before b&c):
  Real time             =    0.25 sec. (208.56 ticks)
Sequential b&c:
  Real time             =    0.00 sec. (0.00 ticks)
                          ------------
Total (root+branch&cut) =    0.25 sec. (208.56 ticks)
Primal:	211
Dual:	211
Status:	Optimal
Time:	0.26
Sequence:
	1
	4
	1
	4
	4
	1
	4
	11
	4
	9
	6
	9
	9
	10
	9
	10
	9
	10
	9
	4
	10
	0
	9
	6
	2
	5
	9
	4
	4
	0
	4
	6
	0
	10
	4
	10
	4
	6
	0
	10
	9
	6
	4
	1
	0
	6
	4
	9
	4
	6
	9
	4
	9
	6
	9
	9
	4
	4
	9
	6
	9
	9
	4
	4
	9
	6
	9
	4
	4
	9
	6
	0
	1
	9
	9
	1
	0
	5
	9
	6
	4
	1
	4
	4
	9
	4
	4
	1
	9
	5
	9
	5
	9
	5
	9
	5
	9
	5
	9
	6
	9
	9
	9
	9
	9
	9
	9
	9
	9
	9
	6
	4
	1
	2
	6
	4
	0
	10
	9
	4
	11
	0
	9
	4
	6
	0
	9
	1
	4
	5
	0
	6
	9
	1
	4
	0
	4
	6
	0
	7
	4
	9
	6
	4
	0
	5
	4
	0
	6
	4
	1
	0
	4
	4
	1
	4
	6
	0
	5
	4
	0
	6
	4
	10
	4
	6
	9
	4
	0
	6
	4
	0
	5
	4
	10
	4
	0
	6
	4
	0
	11
	9
	1
	0
	1
	9
	1
	0
	6
	4
	11
	4
	1
	4
	1
	0
	5
	4
	0
	9
	4
	4
	2
	6
	4
	1
	4
	6
	0
	4
	4
