Version identifier: 22.1.0.0 | 2022-03-09 | 1a383f8ce
CPXPARAM_Threads                                 1
CPXPARAM_MIP_Strategy_VariableSelect             3
CPXPARAM_TimeLimit                               599.99999235999996
1 of 1 MIP starts provided solutions.
MIP start 'm1' defined initial solution with objective 225.0000.
Tried aggregator 1 time.
MIP Presolve eliminated 465 rows and 1575 columns.
MIP Presolve modified 158 coefficients.
Reduced MIP has 1123 rows, 1350 columns, and 33531 nonzeros.
Reduced MIP has 1350 binaries, 0 generals, 0 SOSs, and 0 indicators.
Presolve time = 0.06 sec. (76.51 ticks)
Probing time = 0.01 sec. (8.28 ticks)
Tried aggregator 1 time.
Detecting symmetries...
MIP Presolve modified 6 coefficients.
Reduced MIP has 1123 rows, 1350 columns, and 33642 nonzeros.
Reduced MIP has 1350 binaries, 0 generals, 0 SOSs, and 0 indicators.
Presolve time = 0.04 sec. (51.27 ticks)
Probing time = 0.01 sec. (8.28 ticks)
Clique table members: 722.
MIP emphasis: balance optimality and feasibility.
MIP search method: dynamic search.
Parallel mode: none, using 1 thread.
Root relaxation solution time = 0.01 sec. (9.34 ticks)

        Nodes                                         Cuts/
   Node  Left     Objective  IInf  Best Integer    Best Bound    ItCnt     Gap

*     0+    0                          225.0000    25425.0000              --- 
      0     0        cutoff            225.0000                    236     --- 

Root node processing (before b&c):
  Real time             =    0.17 sec. (178.72 ticks)
Sequential b&c:
  Real time             =    0.00 sec. (0.00 ticks)
                          ------------
Total (root+branch&cut) =    0.17 sec. (178.72 ticks)
Primal:	225
Dual:	225
Status:	Optimal
Time:	0.2
Sequence:
	0
	5
	9
	5
	0
	4
	1
	0
	5
	9
	5
	9
	4
	0
	1
	4
	0
	5
	9
	1
	9
	4
	1
	0
	1
	4
	4
	0
	5
	9
	1
	4
	4
	9
	5
	9
	4
	5
	9
	1
	9
	5
	4
	0
	4
	4
	1
	0
	1
	9
	9
	9
	4
	1
	0
	5
	4
	9
	1
	4
	1
	0
	1
	4
	4
	0
	9
	4
	4
	9
	0
	4
	4
	1
	9
	1
	0
	9
	4
	9
	4
	9
	0
	4
	1
	9
	4
	0
	9
	9
	1
	0
	9
	9
	9
	1
	4
	0
	9
	9
	0
	9
	9
	9
	4
	9
	0
	9
	4
	9
	4
	0
	9
	9
	4
	4
	9
	9
	4
	9
	9
	0
	4
	9
	0
	4
	4
	9
	4
	0
	4
	9
	0
	4
	4
	0
	9
	4
	9
	0
	4
	4
	9
	4
	4
	9
	9
	9
	4
	0
	4
	4
	0
	9
	9
	9
	0
	9
	4
	4
	0
	4
	9
	0
	4
	9
	0
	9
	4
	9
	4
	9
	4
	9
	0
	4
	4
	9
	9
	0
	9
	4
	0
	9
	9
	9
	9
	4
	0
	4
	9
	4
	4
	0
	4
	9
	4
	4
	0
	4
	9
	9
	9
	4
	9
	0
	4
	9
	0
	9
	9
	0
	9
	9
	9
	9
	0
	9
	9
	0
	9
	9
	0
	9
	9
