Version identifier: 22.1.0.0 | 2022-03-09 | 1a383f8ce
CPXPARAM_Threads                                 1
CPXPARAM_MIP_Strategy_VariableSelect             3
CPXPARAM_TimeLimit                               598.36007628799996
1 of 1 MIP starts provided solutions.
MIP start 'm1' defined initial solution with objective 347.0000.
Tried aggregator 1 time.
MIP Presolve eliminated 21 rows and 1510 columns.
MIP Presolve modified 44 coefficients.
Reduced MIP has 2610 rows, 3352 columns, and 99990 nonzeros.
Reduced MIP has 3352 binaries, 0 generals, 0 SOSs, and 0 indicators.
Presolve time = 0.12 sec. (166.23 ticks)
Probing time = 0.02 sec. (13.72 ticks)
Tried aggregator 1 time.
Detecting symmetries...
MIP Presolve modified 10 coefficients.
Reduced MIP has 2610 rows, 3352 columns, and 100108 nonzeros.
Reduced MIP has 3352 binaries, 0 generals, 0 SOSs, and 0 indicators.
Presolve time = 0.11 sec. (147.35 ticks)
Probing time = 0.02 sec. (13.73 ticks)
Clique table members: 1859.
MIP emphasis: balance optimality and feasibility.
MIP search method: dynamic search.
Parallel mode: none, using 1 thread.
Root relaxation solution time = 0.12 sec. (116.20 ticks)

        Nodes                                         Cuts/
   Node  Left     Objective  IInf  Best Integer    Best Bound    ItCnt     Gap

*     0+    0                          347.0000    64980.0000              --- 
      0     0      353.0000   726      347.0000      353.0000     1395    1.73%
      0     0      348.0060   529      347.0000      Fract: 1     1667    0.29%
      0     0        cutoff            347.0000                   1668     --- 
Elapsed time = 1.39 sec. (1386.46 ticks, tree = 0.01 MB, solutions = 1)

Gomory fractional cuts applied:  1

Root node processing (before b&c):
  Real time             =    1.39 sec. (1386.91 ticks)
Sequential b&c:
  Real time             =    0.00 sec. (0.00 ticks)
                          ------------
Total (root+branch&cut) =    1.39 sec. (1386.91 ticks)
Primal:	347
Dual:	347
Status:	Optimal
Time:	1.43
Sequence:
	6
	9
	1
	0
	6
	9
	1
	4
	1
	9
	6
	9
	11
	0
	6
	9
	5
	0
	5
	9
	5
	9
	5
	0
	6
	9
	7
	9
	6
	9
	5
	9
	7
	9
	5
	9
	1
	0
	5
	9
	5
	0
	11
	9
	5
	0
	6
	9
	5
	9
	1
	4
	6
	9
	1
	9
	1
	0
	1
	9
	1
	0
	5
	9
	6
	9
	5
	9
	6
	9
	1
	9
	6
	9
	1
	9
	6
	9
	1
	9
	7
	9
	1
	9
	6
	9
	5
	0
	5
	9
	6
	9
	5
	0
	5
	9
	11
	9
	5
	9
	5
	9
	5
	9
	5
	9
	5
	9
	1
	9
	1
	0
	11
	4
	1
	4
	6
	9
	11
	9
	6
	9
	1
	9
	7
	9
	6
	9
	1
	9
	5
	9
	5
	9
	1
	9
	1
	4
	5
	0
	6
	4
	1
	9
	6
	9
	1
	4
	5
	9
	5
	0
	1
	9
	5
	9
	6
	9
	11
	9
	5
	9
	5
	0
	7
	9
	6
	9
	1
	9
	11
	9
	6
	0
	5
	9
	6
	4
	1
	9
	6
	9
	1
	9
	6
	9
	5
	9
	6
	9
	1
	9
	1
	9
	6
	4
	1
	9
	1
	9
	5
	9
	1
	9
	11
	9
	6
	9
	1
	9
	11
	0
	1
	9
	1
	9
	6
	9
	11
	9
	6
	4
	1
	0
	5
	9
	6
	9
	5
	9
	6
	0
	5
	9
	5
	9
	5
	9
	6
	9
	1
	9
	6
	9
	1
	9
	5
	9
	6
	9
	1
	9
	6
	9
	1
	9
	5
	9
	6
	9
	5
	9
	5
	9
	6
	9
	1
	0
	6
	9
	1
	9
	6
	9
	1
	9
	6
	9
	1
	9
	6
	9
	1
	9
	6
	0
	7
	9
	6
	9
	5
	9
	5
	9
	6
	9
	5
	9
	6
	9
	5
	9
	6
	9
	5
	9
	6
	9
	1
	9
	1
	0
	6
	4
	1
	9
	5
	9
	6
	9
	1
	4
	6
	0
	1
	4
	5
	0
	5
	9
	6
	9
	11
	9
	6
	9
	1
	0
	5
	9
	6
	9
	5
	9
	11
	9
	6
