Version identifier: 22.1.0.0 | 2022-03-09 | 1a383f8ce
CPXPARAM_Threads                                 1
CPXPARAM_MIP_Strategy_VariableSelect             3
CPXPARAM_TimeLimit                               599.999798586
1 of 1 MIP starts provided solutions.
MIP start 'm1' defined initial solution with objective 211.0000.
Tried aggregator 1 time.
MIP Presolve eliminated 18 rows and 422 columns.
MIP Presolve modified 217 coefficients.
Reduced MIP has 1472 rows, 2321 columns, and 42476 nonzeros.
Reduced MIP has 2321 binaries, 0 generals, 0 SOSs, and 0 indicators.
Presolve time = 0.06 sec. (89.68 ticks)
Probing time = 0.01 sec. (9.92 ticks)
Tried aggregator 1 time.
Detecting symmetries...
MIP Presolve modified 12 coefficients.
Reduced MIP has 1472 rows, 2321 columns, and 42680 nonzeros.
Reduced MIP has 2321 binaries, 0 generals, 0 SOSs, and 0 indicators.
Presolve time = 0.04 sec. (60.12 ticks)
Probing time = 0.01 sec. (9.93 ticks)
Clique table members: 1074.
MIP emphasis: balance optimality and feasibility.
MIP search method: dynamic search.
Parallel mode: none, using 1 thread.
Root relaxation solution time = 0.02 sec. (16.86 ticks)

        Nodes                                         Cuts/
   Node  Left     Objective  IInf  Best Integer    Best Bound    ItCnt     Gap

*     0+    0                          211.0000    22366.0000              --- 
      0     0        cutoff            211.0000                    395     --- 

Root node processing (before b&c):
  Real time             =    0.17 sec. (212.57 ticks)
Sequential b&c:
  Real time             =    0.00 sec. (0.00 ticks)
                          ------------
Total (root+branch&cut) =    0.17 sec. (212.57 ticks)
Primal:	211
Dual:	211
Status:	Optimal
Time:	0.18
Sequence:
	7
	2
	5
	4
	0
	6
	9
	4
	5
	2
	10
	9
	6
	0
	9
	4
	1
	2
	4
	4
	11
	0
	9
	6
	0
	1
	9
	6
	0
	4
	1
	4
	1
	4
	1
	4
	6
	0
	1
	4
	4
	11
	4
	6
	0
	5
	9
	10
	4
	6
	0
	1
	9
	0
	6
	4
	1
	4
	6
	9
	4
	5
	0
	11
	9
	6
	0
	5
	4
	0
	1
	4
	0
	6
	4
	10
	4
	11
	4
	5
	0
	1
	4
	4
	1
	9
	5
	9
	10
	0
	4
	6
	0
	5
	9
	9
	6
	0
	9
	1
	4
	1
	0
	6
	9
	1
	9
	0
	9
	6
	0
	4
	5
	0
	9
	6
	0
	10
	4
	10
	0
	5
	9
	10
	4
	9
	6
	4
	9
	4
	6
	9
	10
	0
	6
	9
	9
	10
	4
	9
	10
	4
	5
	9
	5
	4
	9
	1
	4
	9
	9
	1
	0
	1
	9
	0
	4
	6
	9
	9
	0
	6
	4
	9
	9
	9
	9
	4
	4
	1
	4
	4
	9
	6
	4
	9
	4
	4
	1
	4
	6
	9
	4
	4
	9
	6
	4
	9
	4
	4
	9
	6
	4
	9
	4
	4
	9
	6
	4
	9
	4
	4
	9
	4
	6
	9
	9
	4
	9
	6
	4
