Version identifier: 22.1.0.0 | 2022-03-09 | 1a383f8ce
CPXPARAM_Threads                                 1
CPXPARAM_MIP_Strategy_VariableSelect             3
CPXPARAM_TimeLimit                               599.99055813999996
Tried aggregator 1 time.
MIP Presolve eliminated 802 rows and 2364 columns.
Reduced MIP has 1968 rows, 2364 columns, and 16870 nonzeros.
Reduced MIP has 2364 binaries, 0 generals, 0 SOSs, and 0 indicators.
Presolve time = 0.03 sec. (13.56 ticks)
Probing time = 0.00 sec. (5.45 ticks)
Tried aggregator 1 time.
Detecting symmetries...
Reduced MIP has 1968 rows, 2364 columns, and 16870 nonzeros.
Reduced MIP has 2364 binaries, 0 generals, 0 SOSs, and 0 indicators.
Presolve time = 0.01 sec. (10.60 ticks)
Probing time = 0.00 sec. (5.45 ticks)
Clique table members: 1180.
MIP emphasis: balance optimality and feasibility.
MIP search method: dynamic search.
Parallel mode: none, using 1 thread.
Root relaxation solution time = 0.01 sec. (13.58 ticks)

        Nodes                                         Cuts/
   Node  Left     Objective  IInf  Best Integer    Best Bound    ItCnt     Gap

      0     0    infeasible                                        338         

Root node processing (before b&c):
  Real time             =    0.13 sec. (92.03 ticks)
Sequential b&c:
  Real time             =    0.00 sec. (0.00 ticks)
                          ------------
Total (root+branch&cut) =    0.13 sec. (92.03 ticks)
Primal:	393
Dual:	393
Status:	Optimal
Time:	0.183196
Sequence:
	0
