Version identifier: 22.1.0.0 | 2022-03-09 | 1a383f8ce
CPXPARAM_Threads                                 1
CPXPARAM_MIP_Strategy_VariableSelect             3
CPXPARAM_TimeLimit                               599.99724024
Tried aggregator 1 time.
MIP Presolve eliminated 18 rows and 408 columns.
MIP Presolve modified 1 coefficients.
Reduced MIP has 1422 rows, 2040 columns, and 18366 nonzeros.
Reduced MIP has 2040 binaries, 0 generals, 0 SOSs, and 0 indicators.
Presolve time = 0.02 sec. (12.07 ticks)
Probing time = 0.00 sec. (3.79 ticks)
Tried aggregator 1 time.
Detecting symmetries...
Reduced MIP has 1422 rows, 2040 columns, and 18366 nonzeros.
Reduced MIP has 2040 binaries, 0 generals, 0 SOSs, and 0 indicators.
Presolve time = 0.01 sec. (13.56 ticks)
Probing time = 0.00 sec. (3.79 ticks)
Clique table members: 1010.
MIP emphasis: balance optimality and feasibility.
MIP search method: dynamic search.
Parallel mode: none, using 1 thread.
Root relaxation solution time = 0.02 sec. (13.04 ticks)

        Nodes                                         Cuts/
   Node  Left     Objective  IInf  Best Integer    Best Bound    ItCnt     Gap

      0     0    infeasible                                        381         

Root node processing (before b&c):
  Real time             =    0.11 sec. (91.21 ticks)
Sequential b&c:
  Real time             =    0.00 sec. (0.00 ticks)
                          ------------
Total (root+branch&cut) =    0.11 sec. (91.21 ticks)
Primal:	203
Dual:	203
Status:	Optimal
Time:	0.126112
Sequence:
	0
