Version identifier: 22.1.0.0 | 2022-03-09 | 1a383f8ce
CPXPARAM_Threads                                 1
CPXPARAM_MIP_Strategy_VariableSelect             3
CPXPARAM_TimeLimit                               599.985854324
Tried aggregator 1 time.
MIP Presolve eliminated 1513 rows and 3750 columns.
MIP Presolve modified 7 coefficients.
Reduced MIP has 3749 rows, 5250 columns, and 38166 nonzeros.
Reduced MIP has 5250 binaries, 0 generals, 0 SOSs, and 0 indicators.
Presolve time = 0.04 sec. (25.84 ticks)
Probing time = 0.01 sec. (7.04 ticks)
Tried aggregator 1 time.
Detecting symmetries...
Reduced MIP has 3749 rows, 5250 columns, and 38166 nonzeros.
Reduced MIP has 5250 binaries, 0 generals, 0 SOSs, and 0 indicators.
Presolve time = 0.03 sec. (23.30 ticks)
Probing time = 0.01 sec. (7.04 ticks)
Clique table members: 2249.
MIP emphasis: balance optimality and feasibility.
MIP search method: dynamic search.
Parallel mode: none, using 1 thread.
Root relaxation solution time = 0.06 sec. (53.89 ticks)

        Nodes                                         Cuts/
   Node  Left     Objective  IInf  Best Integer    Best Bound    ItCnt     Gap

      0     0    infeasible                                       1081         

Root node processing (before b&c):
  Real time             =    0.26 sec. (192.52 ticks)
Sequential b&c:
  Real time             =    0.00 sec. (0.00 ticks)
                          ------------
Total (root+branch&cut) =    0.26 sec. (192.52 ticks)
Primal:	749
Dual:	749
Status:	Optimal
Time:	0.313817
Sequence:
	0
