Version identifier: 22.1.0.0 | 2022-03-09 | 1a383f8ce
CPXPARAM_Threads                                 1
CPXPARAM_MIP_Strategy_VariableSelect             3
CPXPARAM_TimeLimit                               599.99011828599998
Tried aggregator 1 time.
MIP Presolve eliminated 421 rows and 1616 columns.
Reduced MIP has 2419 rows, 3232 columns, and 24928 nonzeros.
Reduced MIP has 3232 binaries, 0 generals, 0 SOSs, and 0 indicators.
Presolve time = 0.03 sec. (14.74 ticks)
Probing time = 0.00 sec. (2.79 ticks)
Tried aggregator 1 time.
Detecting symmetries...
Reduced MIP has 2419 rows, 3232 columns, and 24928 nonzeros.
Reduced MIP has 3232 binaries, 0 generals, 0 SOSs, and 0 indicators.
Presolve time = 0.02 sec. (15.71 ticks)
Probing time = 0.00 sec. (2.79 ticks)
Clique table members: 1608.
MIP emphasis: balance optimality and feasibility.
MIP search method: dynamic search.
Parallel mode: none, using 1 thread.
Root relaxation solution time = 0.02 sec. (19.30 ticks)

        Nodes                                         Cuts/
   Node  Left     Objective  IInf  Best Integer    Best Bound    ItCnt     Gap

      0     0    infeasible                                        473         

Root node processing (before b&c):
  Real time             =    0.17 sec. (107.94 ticks)
Sequential b&c:
  Real time             =    0.00 sec. (0.00 ticks)
                          ------------
Total (root+branch&cut) =    0.17 sec. (107.94 ticks)
Primal:	403
Dual:	403
Status:	Optimal
Time:	0.2232
Sequence:
	0
