Version identifier: 22.1.0.0 | 2022-03-09 | 1a383f8ce
CPXPARAM_Threads                                 1
CPXPARAM_MIP_Strategy_VariableSelect             3
CPXPARAM_TimeLimit                               599.99708113500003
Tried aggregator 1 time.
MIP Presolve eliminated 20 rows and 1120 columns.
MIP Presolve modified 4 coefficients.
Reduced MIP has 1560 rows, 1568 columns, and 14208 nonzeros.
Reduced MIP has 1568 binaries, 0 generals, 0 SOSs, and 0 indicators.
Presolve time = 0.01 sec. (9.28 ticks)
Probing time = 0.00 sec. (2.39 ticks)
Tried aggregator 1 time.
Detecting symmetries...
Reduced MIP has 1560 rows, 1568 columns, and 14208 nonzeros.
Reduced MIP has 1568 binaries, 0 generals, 0 SOSs, and 0 indicators.
Presolve time = 0.01 sec. (8.55 ticks)
Probing time = 0.00 sec. (2.39 ticks)
Clique table members: 1109.
MIP emphasis: balance optimality and feasibility.
MIP search method: dynamic search.
Parallel mode: none, using 1 thread.
Root relaxation solution time = 0.01 sec. (11.98 ticks)

        Nodes                                         Cuts/
   Node  Left     Objective  IInf  Best Integer    Best Bound    ItCnt     Gap

      0     0    infeasible                                        359         

Root node processing (before b&c):
  Real time             =    0.09 sec. (73.37 ticks)
Sequential b&c:
  Real time             =    0.00 sec. (0.00 ticks)
                          ------------
Total (root+branch&cut) =    0.09 sec. (73.37 ticks)
Primal:	223
Dual:	223
Status:	Optimal
Time:	0.106459
Sequence:
	0
