Version identifier: 22.1.0.0 | 2022-03-09 | 1a383f8ce
CPXPARAM_Threads                                 1
CPXPARAM_MIP_Strategy_VariableSelect             3
CPXPARAM_TimeLimit                               599.99519705700004
Tried aggregator 1 time.
MIP Presolve eliminated 18 rows and 1131 columns.
MIP Presolve modified 3 coefficients.
Reduced MIP has 2633 rows, 3393 columns, and 28881 nonzeros.
Reduced MIP has 3393 binaries, 0 generals, 0 SOSs, and 0 indicators.
Presolve time = 0.02 sec. (17.35 ticks)
Probing time = 0.00 sec. (2.84 ticks)
Tried aggregator 1 time.
Detecting symmetries...
Reduced MIP has 2633 rows, 3393 columns, and 28881 nonzeros.
Reduced MIP has 3393 binaries, 0 generals, 0 SOSs, and 0 indicators.
Presolve time = 0.02 sec. (16.95 ticks)
Probing time = 0.00 sec. (2.84 ticks)
Clique table members: 1875.
MIP emphasis: balance optimality and feasibility.
MIP search method: dynamic search.
Parallel mode: none, using 1 thread.
Root relaxation solution time = 0.04 sec. (34.38 ticks)

        Nodes                                         Cuts/
   Node  Left     Objective  IInf  Best Integer    Best Bound    ItCnt     Gap

      0     0    infeasible                                        821         

Root node processing (before b&c):
  Real time             =    0.17 sec. (132.03 ticks)
Sequential b&c:
  Real time             =    0.00 sec. (0.00 ticks)
                          ------------
Total (root+branch&cut) =    0.17 sec. (132.03 ticks)
Primal:	376
Dual:	376
Status:	Optimal
Time:	0.195904
Sequence:
	0
