Version identifier: 22.1.0.0 | 2022-03-09 | 1a383f8ce
CPXPARAM_Threads                                 1
CPXPARAM_MIP_Strategy_VariableSelect             3
CPXPARAM_TimeLimit                               598.07306020199997
Tried aggregator 1 time.
MIP Presolve eliminated 19 rows and 1392 columns.
MIP Presolve modified 3 coefficients.
Reduced MIP has 2429 rows, 2784 columns, and 28012 nonzeros.
Reduced MIP has 2784 binaries, 0 generals, 0 SOSs, and 0 indicators.
Presolve time = 0.02 sec. (16.89 ticks)
Probing time = 0.00 sec. (2.81 ticks)
Tried aggregator 1 time.
Detecting symmetries...
Reduced MIP has 2429 rows, 2784 columns, and 28012 nonzeros.
Reduced MIP has 2784 binaries, 0 generals, 0 SOSs, and 0 indicators.
Presolve time = 0.02 sec. (16.30 ticks)
Probing time = 0.00 sec. (2.81 ticks)
Clique table members: 1729.
MIP emphasis: balance optimality and feasibility.
MIP search method: dynamic search.
Parallel mode: none, using 1 thread.
Root relaxation solution time = 0.07 sec. (54.92 ticks)

        Nodes                                         Cuts/
   Node  Left     Objective  IInf  Best Integer    Best Bound    ItCnt     Gap

      0     0    infeasible                                       1179         

Root node processing (before b&c):
  Real time             =    0.19 sec. (150.03 ticks)
Sequential b&c:
  Real time             =    0.00 sec. (0.00 ticks)
                          ------------
Total (root+branch&cut) =    0.19 sec. (150.03 ticks)
Primal:	347
Dual:	347
Status:	Feasible
Time:	0.220045
Sequence:
	0
