Version identifier: 22.1.0.0 | 2022-03-09 | 1a383f8ce
CPXPARAM_Threads                                 1
CPXPARAM_MIP_Strategy_VariableSelect             3
CPXPARAM_TimeLimit                               599.990044345
Tried aggregator 1 time.
MIP Presolve eliminated 17 rows and 409 columns.
MIP Presolve modified 1 coefficients.
Reduced MIP has 2858 rows, 4499 columns, and 45145 nonzeros.
Reduced MIP has 4499 binaries, 0 generals, 0 SOSs, and 0 indicators.
Presolve time = 0.04 sec. (22.81 ticks)
Probing time = 0.01 sec. (3.21 ticks)
Tried aggregator 1 time.
Detecting symmetries...
Reduced MIP has 2858 rows, 4499 columns, and 45145 nonzeros.
Reduced MIP has 4499 binaries, 0 generals, 0 SOSs, and 0 indicators.
Presolve time = 0.04 sec. (27.93 ticks)
Probing time = 0.01 sec. (3.21 ticks)
Clique table members: 2034.
MIP emphasis: balance optimality and feasibility.
MIP search method: dynamic search.
Parallel mode: none, using 1 thread.
Root relaxation solution time = 0.06 sec. (46.64 ticks)

        Nodes                                         Cuts/
   Node  Left     Objective  IInf  Best Integer    Best Bound    ItCnt     Gap

      0     0    infeasible                                        905         

Root node processing (before b&c):
  Real time             =    0.27 sec. (177.09 ticks)
Sequential b&c:
  Real time             =    0.00 sec. (0.00 ticks)
                          ------------
Total (root+branch&cut) =    0.27 sec. (177.09 ticks)
Primal:	408
Dual:	408
Status:	Optimal
Time:	0.319656
Sequence:
	0
