Version identifier: 22.1.0.0 | 2022-03-09 | 1a383f8ce
CPXPARAM_Threads                                 1
CPXPARAM_MIP_Strategy_VariableSelect             3
CPXPARAM_TimeLimit                               599.99743575100001
Tried aggregator 1 time.
MIP Presolve eliminated 120 rows and 312 columns.
MIP Presolve modified 4 coefficients.
Reduced MIP has 620 rows, 936 columns, and 8044 nonzeros.
Reduced MIP has 936 binaries, 0 generals, 0 SOSs, and 0 indicators.
Presolve time = 0.01 sec. (4.76 ticks)
Probing time = 0.00 sec. (2.28 ticks)
Tried aggregator 1 time.
Detecting symmetries...
Reduced MIP has 620 rows, 936 columns, and 8044 nonzeros.
Reduced MIP has 936 binaries, 0 generals, 0 SOSs, and 0 indicators.
Presolve time = 0.01 sec. (5.15 ticks)
Probing time = 0.00 sec. (2.28 ticks)
Clique table members: 408.
MIP emphasis: balance optimality and feasibility.
MIP search method: dynamic search.
Parallel mode: none, using 1 thread.
Root relaxation solution time = 0.01 sec. (5.41 ticks)

        Nodes                                         Cuts/
   Node  Left     Objective  IInf  Best Integer    Best Bound    ItCnt     Gap

      0     0    infeasible                                        231         

Root node processing (before b&c):
  Real time             =    0.09 sec. (50.86 ticks)
Sequential b&c:
  Real time             =    0.00 sec. (0.00 ticks)
                          ------------
Total (root+branch&cut) =    0.09 sec. (50.86 ticks)
Primal:	103
Dual:	103
Status:	Optimal
Time:	0.102913
Sequence:
	0
