Version identifier: 22.1.0.0 | 2022-03-09 | 1a383f8ce
CPXPARAM_Threads                                 1
CPXPARAM_MIP_Strategy_VariableSelect             3
CPXPARAM_TimeLimit                               598.55237525099994
Tried aggregator 1 time.
MIP Presolve eliminated 19 rows and 1328 columns.
MIP Presolve modified 3 coefficients.
Reduced MIP has 2317 rows, 2656 columns, and 23762 nonzeros.
Reduced MIP has 2656 binaries, 0 generals, 0 SOSs, and 0 indicators.
Presolve time = 0.03 sec. (14.61 ticks)
Probing time = 0.00 sec. (2.68 ticks)
Tried aggregator 1 time.
Detecting symmetries...
Reduced MIP has 2317 rows, 2656 columns, and 23762 nonzeros.
Reduced MIP has 2656 binaries, 0 generals, 0 SOSs, and 0 indicators.
Presolve time = 0.02 sec. (13.96 ticks)
Probing time = 0.00 sec. (2.68 ticks)
Clique table members: 1649.
MIP emphasis: balance optimality and feasibility.
MIP search method: dynamic search.
Parallel mode: none, using 1 thread.
Root relaxation solution time = 0.07 sec. (50.00 ticks)

        Nodes                                         Cuts/
   Node  Left     Objective  IInf  Best Integer    Best Bound    ItCnt     Gap

      0     0    infeasible                                       1126         

Root node processing (before b&c):
  Real time             =    0.20 sec. (133.90 ticks)
Sequential b&c:
  Real time             =    0.00 sec. (0.00 ticks)
                          ------------
Total (root+branch&cut) =    0.20 sec. (133.90 ticks)
Primal:	331
Dual:	331
Status:	Feasible
Time:	0.243432
Sequence:
	0
