Version identifier: 22.1.0.0 | 2022-03-09 | 1a383f8ce
CPXPARAM_Threads                                 1
CPXPARAM_MIP_Strategy_VariableSelect             3
CPXPARAM_TimeLimit                               599.98485200300001
Tried aggregator 1 time.
MIP Presolve eliminated 384 rows and 1468 columns.
Reduced MIP has 2197 rows, 2936 columns, and 23727 nonzeros.
Reduced MIP has 2936 binaries, 0 generals, 0 SOSs, and 0 indicators.
Presolve time = 0.02 sec. (13.87 ticks)
Probing time = 0.00 sec. (2.71 ticks)
Tried aggregator 1 time.
Detecting symmetries...
Reduced MIP has 2197 rows, 2936 columns, and 23727 nonzeros.
Reduced MIP has 2936 binaries, 0 generals, 0 SOSs, and 0 indicators.
Presolve time = 0.02 sec. (14.79 ticks)
Probing time = 0.00 sec. (2.71 ticks)
Clique table members: 1460.
MIP emphasis: balance optimality and feasibility.
MIP search method: dynamic search.
Parallel mode: none, using 1 thread.
Root relaxation solution time = 0.05 sec. (33.11 ticks)

        Nodes                                         Cuts/
   Node  Left     Objective  IInf  Best Integer    Best Bound    ItCnt     Gap

      0     0    infeasible                                        896         

Root node processing (before b&c):
  Real time             =    0.17 sec. (117.98 ticks)
Sequential b&c:
  Real time             =    0.00 sec. (0.00 ticks)
                          ------------
Total (root+branch&cut) =    0.17 sec. (117.98 ticks)
Primal:	366
Dual:	366
Status:	Optimal
Time:	0.200365
Sequence:
	0
