Version identifier: 22.1.0.0 | 2022-03-09 | 1a383f8ce
CPXPARAM_Threads                                 1
CPXPARAM_MIP_Strategy_VariableSelect             3
CPXPARAM_TimeLimit                               595.96634889699999
Tried aggregator 1 time.
MIP Presolve eliminated 17 rows and 802 columns.
MIP Presolve modified 3 coefficients.
Reduced MIP has 2802 rows, 4010 columns, and 37498 nonzeros.
Reduced MIP has 4010 binaries, 0 generals, 0 SOSs, and 0 indicators.
Presolve time = 0.04 sec. (21.54 ticks)
Probing time = 0.00 sec. (3.01 ticks)
Tried aggregator 1 time.
Detecting symmetries...
Reduced MIP has 2802 rows, 4010 columns, and 37498 nonzeros.
Reduced MIP has 4010 binaries, 0 generals, 0 SOSs, and 0 indicators.
Presolve time = 0.03 sec. (21.67 ticks)
Probing time = 0.00 sec. (3.01 ticks)
Clique table members: 1994.
MIP emphasis: balance optimality and feasibility.
MIP search method: dynamic search.
Parallel mode: none, using 1 thread.
Root relaxation solution time = 0.16 sec. (113.17 ticks)

        Nodes                                         Cuts/
   Node  Left     Objective  IInf  Best Integer    Best Bound    ItCnt     Gap

      0     0        0.0000   552                      0.0000     1449         
*     0+    0                            0.0000        0.0000             0.00%
      0     0        cutoff              0.0000        0.0000     1449    0.00%
Elapsed time = 0.91 sec. (601.14 ticks, tree = 0.01 MB, solutions = 1)

Root node processing (before b&c):
  Real time             =    0.91 sec. (601.29 ticks)
Sequential b&c:
  Real time             =    0.00 sec. (0.00 ticks)
                          ------------
Total (root+branch&cut) =    0.91 sec. (601.29 ticks)
Version identifier: 22.1.0.0 | 2022-03-09 | 1a383f8ce
CPXPARAM_Threads                                 1
CPXPARAM_MIP_Strategy_VariableSelect             3
CPXPARAM_TimeLimit                               595.00755065999999
Tried aggregator 1 time.
MIP Presolve eliminated 17 rows and 804 columns.
MIP Presolve modified 3 coefficients.
Reduced MIP has 2809 rows, 4020 columns, and 37592 nonzeros.
Reduced MIP has 4020 binaries, 0 generals, 0 SOSs, and 0 indicators.
Presolve time = 0.03 sec. (21.61 ticks)
Probing time = 0.00 sec. (3.01 ticks)
Tried aggregator 1 time.
Detecting symmetries...
Reduced MIP has 2809 rows, 4020 columns, and 37592 nonzeros.
Reduced MIP has 4020 binaries, 0 generals, 0 SOSs, and 0 indicators.
Presolve time = 0.03 sec. (21.74 ticks)
Probing time = 0.00 sec. (3.01 ticks)
Clique table members: 1999.
MIP emphasis: balance optimality and feasibility.
MIP search method: dynamic search.
Parallel mode: none, using 1 thread.
Root relaxation solution time = 0.14 sec. (112.51 ticks)

        Nodes                                         Cuts/
   Node  Left     Objective  IInf  Best Integer    Best Bound    ItCnt     Gap

      0     0        0.0000   729                      0.0000     1476         
*     0+    0                            0.0000        0.0000             0.00%
      0     0        cutoff              0.0000        0.0000     1476    0.00%
Elapsed time = 0.76 sec. (549.04 ticks, tree = 0.01 MB, solutions = 1)

Root node processing (before b&c):
  Real time             =    0.76 sec. (549.19 ticks)
Sequential b&c:
  Real time             =    0.00 sec. (0.00 ticks)
                          ------------
Total (root+branch&cut) =    0.76 sec. (549.19 ticks)
Version identifier: 22.1.0.0 | 2022-03-09 | 1a383f8ce
CPXPARAM_Threads                                 1
CPXPARAM_MIP_Strategy_VariableSelect             3
CPXPARAM_TimeLimit                               594.21853185800001
Tried aggregator 1 time.
MIP Presolve eliminated 17 rows and 806 columns.
MIP Presolve modified 3 coefficients.
Reduced MIP has 2816 rows, 4030 columns, and 37686 nonzeros.
Reduced MIP has 4030 binaries, 0 generals, 0 SOSs, and 0 indicators.
Presolve time = 0.03 sec. (21.65 ticks)
Probing time = 0.00 sec. (3.01 ticks)
Tried aggregator 1 time.
Detecting symmetries...
Reduced MIP has 2816 rows, 4030 columns, and 37686 nonzeros.
Reduced MIP has 4030 binaries, 0 generals, 0 SOSs, and 0 indicators.
Presolve time = 0.03 sec. (21.77 ticks)
Probing time = 0.00 sec. (3.01 ticks)
Clique table members: 2004.
MIP emphasis: balance optimality and feasibility.
MIP search method: dynamic search.
Parallel mode: none, using 1 thread.
Root relaxation solution time = 0.17 sec. (134.49 ticks)

        Nodes                                         Cuts/
   Node  Left     Objective  IInf  Best Integer    Best Bound    ItCnt     Gap

      0     0        0.0000   708                      0.0000     1714         
*     0+    0                            0.0000        0.0000             0.00%
      0     0        cutoff              0.0000        0.0000     1714    0.00%
Elapsed time = 0.78 sec. (588.24 ticks, tree = 0.01 MB, solutions = 1)

Root node processing (before b&c):
  Real time             =    0.78 sec. (588.39 ticks)
Sequential b&c:
  Real time             =    0.00 sec. (0.00 ticks)
                          ------------
Total (root+branch&cut) =    0.78 sec. (588.39 ticks)
Version identifier: 22.1.0.0 | 2022-03-09 | 1a383f8ce
CPXPARAM_Threads                                 1
CPXPARAM_MIP_Strategy_VariableSelect             3
CPXPARAM_TimeLimit                               593.41003233100002
Tried aggregator 1 time.
MIP Presolve eliminated 17 rows and 808 columns.
MIP Presolve modified 3 coefficients.
Reduced MIP has 2823 rows, 4040 columns, and 37780 nonzeros.
Reduced MIP has 4040 binaries, 0 generals, 0 SOSs, and 0 indicators.
Presolve time = 0.03 sec. (21.72 ticks)
Probing time = 0.00 sec. (3.01 ticks)
Tried aggregator 1 time.
Detecting symmetries...
Reduced MIP has 2823 rows, 4040 columns, and 37780 nonzeros.
Reduced MIP has 4040 binaries, 0 generals, 0 SOSs, and 0 indicators.
Presolve time = 0.03 sec. (21.84 ticks)
Probing time = 0.00 sec. (3.01 ticks)
Clique table members: 2009.
MIP emphasis: balance optimality and feasibility.
MIP search method: dynamic search.
Parallel mode: none, using 1 thread.
Root relaxation solution time = 0.16 sec. (132.40 ticks)

        Nodes                                         Cuts/
   Node  Left     Objective  IInf  Best Integer    Best Bound    ItCnt     Gap

      0     0        0.0000   851                      0.0000     1649         
*     0+    0                            0.0000        0.0000             0.00%
      0     0        cutoff              0.0000        0.0000     1649    0.00%
Elapsed time = 0.89 sec. (658.77 ticks, tree = 0.01 MB, solutions = 1)

Root node processing (before b&c):
  Real time             =    0.89 sec. (658.92 ticks)
Sequential b&c:
  Real time             =    0.00 sec. (0.00 ticks)
                          ------------
Total (root+branch&cut) =    0.89 sec. (658.92 ticks)
Version identifier: 22.1.0.0 | 2022-03-09 | 1a383f8ce
CPXPARAM_Threads                                 1
CPXPARAM_MIP_Strategy_VariableSelect             3
CPXPARAM_TimeLimit                               592.48857851100001
Tried aggregator 1 time.
MIP Presolve eliminated 17 rows and 810 columns.
MIP Presolve modified 3 coefficients.
Reduced MIP has 2830 rows, 4050 columns, and 37874 nonzeros.
Reduced MIP has 4050 binaries, 0 generals, 0 SOSs, and 0 indicators.
Presolve time = 0.03 sec. (21.76 ticks)
Probing time = 0.00 sec. (3.01 ticks)
Tried aggregator 1 time.
Detecting symmetries...
Reduced MIP has 2830 rows, 4050 columns, and 37874 nonzeros.
Reduced MIP has 4050 binaries, 0 generals, 0 SOSs, and 0 indicators.
Presolve time = 0.03 sec. (21.89 ticks)
Probing time = 0.00 sec. (3.01 ticks)
Clique table members: 2014.
MIP emphasis: balance optimality and feasibility.
MIP search method: dynamic search.
Parallel mode: none, using 1 thread.
Root relaxation solution time = 0.20 sec. (174.02 ticks)

        Nodes                                         Cuts/
   Node  Left     Objective  IInf  Best Integer    Best Bound    ItCnt     Gap

      0     0        0.0000  1014                      0.0000     1839         
*     0+    0                            0.0000        0.0000             0.00%
      0     0        cutoff              0.0000        0.0000     1839    0.00%
Elapsed time = 1.14 sec. (864.19 ticks, tree = 0.01 MB, solutions = 1)

Root node processing (before b&c):
  Real time             =    1.14 sec. (864.34 ticks)
Sequential b&c:
  Real time             =    0.00 sec. (0.00 ticks)
                          ------------
Total (root+branch&cut) =    1.14 sec. (864.34 ticks)
Version identifier: 22.1.0.0 | 2022-03-09 | 1a383f8ce
CPXPARAM_Threads                                 1
CPXPARAM_MIP_Strategy_VariableSelect             3
CPXPARAM_TimeLimit                               591.315122922
Tried aggregator 1 time.
MIP Presolve eliminated 17 rows and 812 columns.
MIP Presolve modified 3 coefficients.
Reduced MIP has 2837 rows, 4060 columns, and 37968 nonzeros.
Reduced MIP has 4060 binaries, 0 generals, 0 SOSs, and 0 indicators.
Presolve time = 0.03 sec. (21.82 ticks)
Probing time = 0.00 sec. (3.02 ticks)
Tried aggregator 1 time.
Detecting symmetries...
Reduced MIP has 2837 rows, 4060 columns, and 37968 nonzeros.
Reduced MIP has 4060 binaries, 0 generals, 0 SOSs, and 0 indicators.
Presolve time = 0.03 sec. (21.94 ticks)
Probing time = 0.00 sec. (3.02 ticks)
Clique table members: 2019.
MIP emphasis: balance optimality and feasibility.
MIP search method: dynamic search.
Parallel mode: none, using 1 thread.
Root relaxation solution time = 0.32 sec. (276.70 ticks)

        Nodes                                         Cuts/
   Node  Left     Objective  IInf  Best Integer    Best Bound    ItCnt     Gap

      0     0        0.0000   740                      0.0000     2303         
*     0+    0                            0.0000        0.0000             0.00%
      0     0        cutoff              0.0000        0.0000     2303    0.00%
Elapsed time = 1.09 sec. (830.59 ticks, tree = 0.01 MB, solutions = 1)

Root node processing (before b&c):
  Real time             =    1.09 sec. (830.74 ticks)
Sequential b&c:
  Real time             =    0.00 sec. (0.00 ticks)
                          ------------
Total (root+branch&cut) =    1.09 sec. (830.74 ticks)
Version identifier: 22.1.0.0 | 2022-03-09 | 1a383f8ce
CPXPARAM_Threads                                 1
CPXPARAM_MIP_Strategy_VariableSelect             3
CPXPARAM_TimeLimit                               590.19281535899995
Tried aggregator 1 time.
MIP Presolve eliminated 17 rows and 814 columns.
MIP Presolve modified 3 coefficients.
Reduced MIP has 2844 rows, 4070 columns, and 38062 nonzeros.
Reduced MIP has 4070 binaries, 0 generals, 0 SOSs, and 0 indicators.
Presolve time = 0.03 sec. (21.86 ticks)
Probing time = 0.00 sec. (3.02 ticks)
Tried aggregator 1 time.
Detecting symmetries...
Reduced MIP has 2844 rows, 4070 columns, and 38062 nonzeros.
Reduced MIP has 4070 binaries, 0 generals, 0 SOSs, and 0 indicators.
Presolve time = 0.03 sec. (21.99 ticks)
Probing time = 0.00 sec. (3.02 ticks)
Clique table members: 2024.
MIP emphasis: balance optimality and feasibility.
MIP search method: dynamic search.
Parallel mode: none, using 1 thread.
Root relaxation solution time = 0.21 sec. (169.99 ticks)

        Nodes                                         Cuts/
   Node  Left     Objective  IInf  Best Integer    Best Bound    ItCnt     Gap

      0     0    infeasible                                       1847         

Root node processing (before b&c):
  Real time             =    0.37 sec. (288.06 ticks)
Sequential b&c:
  Real time             =    0.00 sec. (0.00 ticks)
                          ------------
Total (root+branch&cut) =    0.37 sec. (288.06 ticks)
Primal:	406
Dual:	406
Status:	Optimal
Time:	6.17745
Sequence:
	11
	9
	1
	9
	5
	9
	11
	4
	6
	0
	5
	9
	7
	9
	5
	9
	1
	9
	7
	9
	5
	9
	5
	4
	11
	9
	5
	9
	5
	9
	7
	9
	5
	9
	6
	9
	7
	9
	5
	9
	5
	9
	7
	9
	9
	5
	9
	4
	7
	9
	6
	9
	5
	9
	7
	9
	5
	9
	5
	9
	7
	9
	6
	9
	5
	9
	11
	9
	5
	9
	5
	9
	1
	9
	7
	9
	1
	9
	1
	9
	7
	9
	5
	9
	5
	9
	7
	9
	5
	9
	5
	9
	7
	9
	5
	9
	5
	9
	7
	9
	5
	4
	10
	9
	7
	9
	6
	0
	5
	9
	7
	9
	1
	9
	6
	4
	11
	4
	5
	9
	5
	9
	7
	9
	6
	4
	10
	4
	11
	4
	5
	9
	1
	4
	7
	9
	1
	0
	5
	9
	7
	0
	1
	9
	1
	0
	7
	4
	1
	4
	5
	9
	7
	0
	5
	4
	1
	0
	7
	9
	5
	4
	1
	0
	7
	9
	1
	0
	6
	9
	7
	4
	1
	9
	5
	0
	7
	9
	1
	9
	5
	0
	7
	9
	5
	9
	1
	4
	11
	4
	5
	0
	1
	4
	7
	9
	5
	4
	1
	0
	4
	7
	0
	1
	9
	5
	0
	7
	4
	1
	0
	5
	9
	7
	4
	1
	9
	1
	4
	11
	9
	6
	0
	5
	9
	7
	0
	5
	4
	1
	9
	7
	9
	5
	0
	10
	4
	7
	9
	5
	9
	5
	9
	7
	9
	5
	9
	5
	4
	11
	4
	1
	4
	5
	9
	7
	0
	5
	9
	5
	0
	7
	4
	2
	4
	5
	9
	7
	0
	6
	9
	5
	0
	7
	9
	1
	4
	1
	9
	7
	9
	5
	4
	1
	2
	11
	4
	5
	0
	9
	9
	7
	9
	5
	0
	5
	4
	11
	0
	5
	9
	1
	9
	11
	4
	5
	0
	6
	9
	7
	9
	10
	4
	1
	4
	7
	9
	5
	9
	1
	4
	7
	9
	5
	9
	1
	4
	7
	0
	9
	5
	2
	9
	7
	9
	6
	9
	5
	0
	7
	9
	4
	5
	9
	9
	7
	0
	1
	9
	0
	9
	7
	9
	5
	9
	5
	9
	7
	9
	5
	9
	5
	9
	7
	9
	1
	9
	1
	2
	11
	4
	5
	9
	5
	9
	7
	0
	5
	9
	1
	4
	7
	0
	6
	4
	1
	4
	7
	9
	5
	9
	5
	9
	11
	0
	6
	9
	5
	0
	7
	9
	6
	4
	1
	0
	11
