Version identifier: 22.1.0.0 | 2022-03-09 | 1a383f8ce
CPXPARAM_Threads                                 1
CPXPARAM_MIP_Strategy_VariableSelect             3
CPXPARAM_TimeLimit                               599.99231071999998
Tried aggregator 1 time.
MIP Presolve eliminated 318 rows and 906 columns.
MIP Presolve modified 1 coefficients.
Reduced MIP has 1808 rows, 2718 columns, and 24586 nonzeros.
Reduced MIP has 2718 binaries, 0 generals, 0 SOSs, and 0 indicators.
Presolve time = 0.03 sec. (13.61 ticks)
Probing time = 0.00 sec. (2.79 ticks)
Tried aggregator 1 time.
Detecting symmetries...
Reduced MIP has 1808 rows, 2718 columns, and 24586 nonzeros.
Reduced MIP has 2718 binaries, 0 generals, 0 SOSs, and 0 indicators.
Presolve time = 0.02 sec. (15.18 ticks)
Probing time = 0.00 sec. (2.79 ticks)
Clique table members: 1200.
MIP emphasis: balance optimality and feasibility.
MIP search method: dynamic search.
Parallel mode: none, using 1 thread.
Root relaxation solution time = 0.03 sec. (19.13 ticks)

        Nodes                                         Cuts/
   Node  Left     Objective  IInf  Best Integer    Best Bound    ItCnt     Gap

      0     0    infeasible                                        535         

Root node processing (before b&c):
  Real time             =    0.16 sec. (105.69 ticks)
Sequential b&c:
  Real time             =    0.00 sec. (0.00 ticks)
                          ------------
Total (root+branch&cut) =    0.16 sec. (105.69 ticks)
Primal:	301
Dual:	301
Status:	Optimal
Time:	0.206067
Sequence:
	0
